args:  Namespace(attack='fgsm', l2=0.5, ndim=1)
lin_fgsm_1D_50_model.pt
elapsed time: 7033.183861435
mins: [[-1.19398141 -1.19398141 -1.19398141 -1.19398141 -1.19398141 -1.19398141
  -1.19398141 -1.19398141 -1.19398141 -1.19398141 -1.19398141 -1.19398141
  -1.19398141 -1.19398141 -1.19398141 -1.19398141 -1.19398141 -1.19398141
  -1.19398141 -1.19398141 -1.19398141 -1.19398141 -1.19398141 -1.19398141
  -1.19398141 -1.19398141 -1.19398141 -1.19398141 -1.19398141 -1.19398141
  -1.19398141 -1.19398141 -1.19398141 -1.19398141 -1.19398141 -1.19398141
  -1.19398141 -1.19398141 -1.19398141 -1.19398141]
 [-1.19398141 -1.19398141 -1.19398141 -1.19398141 -1.19398141 -1.19398141
  -1.19398141 -1.19398141 -1.19398141 -1.19398141 -1.19398141 -1.19398141
  -1.19398141 -1.19398141 -1.19398141 -1.19398141 -1.19398141 -1.19398141
  -1.19398141 -1.19398141 -1.19398141 -1.19398141 -1.19398141 -1.19398141
  -1.19398141 -1.19398141 -1.19398141 -1.19398141 -1.19398141 -1.19398141
  -1.19398141 -1.19398141 -1.19398141 -1.19398141 -1.19398141 -1.19398141
  -1.19398141 -1.19398141 -1.19398141 -1.19398141]
 [-1.19398141 -1.19398141 -1.19398141 -1.19398141 -1.19398141 -1.19398141
  -1.19398141 -1.19398141 -1.19398141 -1.19398141 -1.19398141 -1.19398141
  -1.19398141 -1.19398141 -1.19398141 -1.19398141 -1.19398141 -1.19398141
  -1.19398141 -1.19398141 -1.19398141 -1.19398141 -1.19398141 -1.19398141
  -1.19398141 -1.19398141 -1.19398141 -1.19398141 -1.19398141 -1.19398141
  -1.19398141 -1.19398141 -1.19398141 -1.19398141 -1.19398141 -1.19398141
  -1.19398141 -1.19398141 -1.19398141 -1.19398141]
 [-1.19398141 -1.19398141 -1.19398141 -1.19398141 -1.19398141 -1.19398141
  -1.19398141 -1.19398141 -1.19398141 -1.19398141 -1.19398141 -1.19398141
  -1.19398141 -1.19398141 -1.19398141 -1.19398141 -1.19398141 -1.19398141
  -1.19398141 -1.19398141 -1.19398141 -1.19398141 -1.19398141 -1.19398141
  -1.19398141 -1.19398141 -1.19398141 -1.19398141 -1.19398141 -1.19398141
  -1.19398141 -1.19398141 -1.19398141 -1.19398141 -1.19398141 -1.19398141
  -1.19398141 -1.19398141 -1.19398141 -1.19398141]
 [-1.19398141 -1.19398141 -1.19398141 -1.19398141 -1.19398141 -1.19398141
  -1.19398141 -1.19398141 -1.19398141 -1.19398141 -1.19398141 -1.19398141
  -1.19398141 -1.19398141 -1.19398141 -1.19398141 -1.19398141 -1.19398141
  -1.19398141 -1.19398141 -1.19398141 -1.19398141 -1.19398141 -1.19398141
  -1.19398141 -1.19398141 -1.19398141 -1.19398141 -1.19398141 -1.19398141
  -1.19398141 -1.19398141 -1.19398141 -1.19398141 -1.19398141 -1.19398141
  -1.19398141 -1.19398141 -1.19398141 -1.19398141]
 [-1.19398141 -1.19398141 -1.19398141 -1.19398141 -1.19398141 -1.19398141
  -1.19398141 -1.19398141 -1.19398141 -1.19398141 -1.19398141 -1.19398141
  -1.19398141 -1.19398141 -1.19398141 -1.19398141 -1.19398141 -1.19398141
  -1.19398141 -1.19398141 -1.19398141 -1.19398141 -1.19398141 -1.19398141
  -1.19398141 -1.19398141 -1.19398141 -1.19398141 -1.19398141 -1.19398141
  -1.19398141 -1.19398141 -1.19398141 -1.19398141 -1.19398141 -1.19398141
  -1.19398141 -1.19398141 -1.19398141 -1.19398141]
 [-1.19398141 -1.19398141 -1.19398141 -1.19398141 -1.19398141 -1.19398141
  -1.19398141 -1.19398141 -1.19398141 -1.19398141 -1.19398141 -1.19398141
  -1.19398141 -1.19398141 -1.19398141 -1.19398141 -1.19398141 -1.19398141
  -1.19398141 -1.19398141 -1.19398141 -1.19398141 -1.19398141 -1.19398141
  -1.19398141 -1.19398141 -1.19398141 -1.19398141 -1.19398141 -1.19398141
  -1.19398141 -1.19398141 -1.19398141 -1.19398141 -1.19398141 -1.19398141
  -1.19398141 -1.19398141 -1.19398141 -1.19398141]
 [-1.19398141 -1.19398141 -1.19398141 -1.19398141 -1.19398141 -1.19398141
  -1.19398141 -1.19398141 -1.19398141 -1.19398141 -1.19398141 -1.19398141
  -1.19398141 -1.19398141 -1.19398141 -1.19398141 -1.19398141 -1.19398141
  -1.19398141 -1.19398141 -1.19398141 -1.19398141 -1.19398141 -1.19398141
  -1.19398141 -1.19398141 -1.19398141 -1.19398141 -1.19398141 -1.19398141
  -1.19398141 -1.19398141 -1.19398141 -1.19398141 -1.19398141 -1.19398141
  -1.19398141 -1.19398141 -1.19398141 -1.19398141]
 [-1.19398141 -1.19398141 -1.19398141 -1.19398141 -1.19398141 -1.19398141
  -1.19398141 -1.19398141 -1.19398141 -1.19398141 -1.19398141 -1.19398141
  -1.19398141 -1.19398141 -1.19398141 -1.19398141 -1.19398141 -1.19398141
  -1.19398141 -1.19398141 -1.19398141 -1.19398141 -1.19398141 -1.19398141
  -1.19398141 -1.19398141 -1.19398141 -1.19398141 -1.19398141 -1.19398141
  -1.19398141 -1.19398141 -1.19398141 -1.19398141 -1.19398141 -1.19398141
  -1.19398141 -1.19398141 -1.19398141 -1.19398141]
 [-1.19398141 -1.19398141 -1.19398141 -1.19398141 -1.19398141 -1.19398141
  -1.19398141 -1.19398141 -1.19398141 -1.19398141 -1.19398141 -1.19398141
  -1.19398141 -1.19398141 -1.19398141 -1.19398141 -1.19398141 -1.19398141
  -1.19398141 -1.19398141 -1.19398141 -1.19398141 -1.19398141 -1.19398141
  -1.19398141 -1.19398141 -1.19398141 -1.19398141 -1.19398141 -1.19398141
  -1.19398141 -1.19398141 -1.19398141 -1.19398141 -1.19398141 -1.19398141
  -1.19398141 -1.19398141 -1.19398141 -1.19398141]
 [-1.19398141 -1.19398141 -1.19398141 -1.19398141 -1.19398141 -1.19398141
  -1.19398141 -1.19398141 -1.19398141 -1.19398141 -1.19398141 -1.19398141
  -1.19398141 -1.19398141 -1.19398141 -1.19398141 -1.19398141 -1.19398141
  -1.19398141 -1.19398141 -1.19398141 -1.19398141 -1.19398141 -1.19398141
  -1.19398141 -1.19398141 -1.19398141 -1.19398141 -1.19398141 -1.19398141
  -1.19398141 -1.19398141 -1.19398141 -1.19398141 -1.19398141 -1.19398141
  -1.19398141 -1.19398141 -1.19398141 -1.19398141]
 [-1.19398141 -1.19398141 -1.19398141 -1.19398141 -1.19398141 -1.19398141
  -1.19398141 -1.19398141 -1.19398141 -1.19398141 -1.19398141 -1.19398141
  -1.19398141 -1.19398141 -1.19398141 -1.19398141 -1.19398141 -1.19398141
  -1.19398141 -1.19398141 -1.19398141 -1.19398141 -1.19398141 -1.19398141
  -1.19398141 -1.19398141 -1.19398141 -1.19398141 -1.19398141 -1.19398141
  -1.19398141 -1.19398141 -1.19398141 -1.19398141 -1.19398141 -1.19398141
  -1.19398141 -1.19398141 -1.19398141 -1.19398141]
 [-1.19398141 -1.19398141 -1.19398141 -1.19398141 -1.19398141 -1.19398141
  -1.19398141 -1.19398141 -1.19398141 -1.19398141 -1.19398141 -1.19398141
  -1.19398141 -1.19398141 -1.19398141 -1.19398141 -1.19398141 -1.19398141
  -1.19398141 -1.19398141 -1.19398141 -1.19398141 -1.19398141 -1.19398141
  -1.19398141 -1.19398141 -1.19398141 -1.19398141 -1.19398141 -1.19398141
  -1.19398141 -1.19398141 -1.19398141 -1.19398141 -1.19398141 -1.19398141
  -1.19398141 -1.19398141 -1.19398141 -1.19398141]
 [-1.19398141 -1.19398141 -1.19398141 -1.19398141 -1.19398141 -1.19398141
  -1.19398141 -1.19398141 -1.19398141 -1.19398141 -1.19398141 -1.19398141
  -1.19398141 -1.19398141 -1.19398141 -1.19398141 -1.19398141 -1.19398141
  -1.19398141 -1.19398141 -1.19398141 -1.19398141 -1.19398141 -1.19398141
  -1.19398141 -1.19398141 -1.19398141 -1.19398141 -1.19398141 -1.19398141
  -1.19398141 -1.19398141 -1.19398141 -1.19398141 -1.19398141 -1.19398141
  -1.19398141 -1.19398141 -1.19398141 -1.19398141]
 [-1.19398141 -1.19398141 -1.19398141 -1.19398141 -1.19398141 -1.19398141
  -1.19398141 -1.19398141 -1.19398141 -1.19398141 -1.19398141 -1.19398141
  -1.19398141 -1.19398141 -1.19398141 -1.19398141 -1.19398141 -1.19398141
  -1.19398141 -1.19398141 -1.19398141 -1.19398141 -1.19398141 -1.19398141
  -1.19398141 -1.19398141 -1.19398141 -1.19398141 -1.19398141 -1.19398141
  -1.19398141 -1.19398141 -1.19398141 -1.19398141 -1.19398141 -1.19398141
  -1.19398141 -1.19398141 -1.19398141 -1.19398141]
 [-1.19398141 -1.19398141 -1.19398141 -1.19398141 -1.19398141 -1.19398141
  -1.19398141 -1.19398141 -1.19398141 -1.19398141 -1.19398141 -1.19398141
  -1.19398141 -1.19398141 -1.19398141 -1.19398141 -1.19398141 -1.19398141
  -1.19398141 -1.19398141 -1.19398141 -1.19398141 -1.19398141 -1.19398141
  -1.19398141 -1.19398141 -1.19398141 -1.19398141 -1.19398141 -1.19398141
  -1.19398141 -1.19398141 -1.19398141 -1.19398141 -1.19398141 -1.19398141
  -1.19398141 -1.19398141 -1.19398141 -1.19398141]
 [-1.19398141 -1.19398141 -1.19398141 -1.19398141 -1.19398141 -1.19398141
  -1.19398141 -1.19398141 -1.19398141 -1.19398141 -1.19398141 -1.19398141
  -1.19398141 -1.19398141 -1.19398141 -1.19398141 -1.19398141 -1.19398141
  -1.19398141 -1.19398141 -1.19398141 -1.19398141 -1.19398141 -1.19398141
  -1.19398141 -1.19398141 -1.19398141 -1.19398141 -1.19398141 -1.19398141
  -1.19398141 -1.19398141 -1.19398141 -1.19398141 -1.19398141 -1.19398141
  -1.19398141 -1.19398141 -1.19398141 -1.19398141]]
maxs: [[ 1.19398141  1.19398141  1.19398141  1.19398141  1.19398141  1.19398141
   1.19398141  1.19398141  1.19398141  1.19398141  1.19398141  1.19398141
   1.19398141  1.19398141  1.19398141  1.19398141  1.19398141  1.19398141
   1.19398141  1.19398141  1.19398141  1.19398141  1.19398141  1.19398141
   1.19398141  1.19398141  1.19398141  1.19398141  1.19398141 -1.19398141
  -1.19398141 -1.19398141 -1.19398141 -1.19398141 -1.19398141 -1.19398141
  -1.19398141 -1.19398141 -1.19398141 -1.19398141]
 [ 1.19398141  1.19398141  1.19398141  1.19398141  1.19398141  1.19398141
   1.19398141  1.19398141  1.19398141  1.19398141  1.19398141  1.19398141
   1.19398141  1.19398141  1.19398141  1.19398141  1.19398141  1.19398141
   1.19398141  1.19398141  1.19398141 -0.21374772  1.19398141  1.19398141
   1.19398141  0.29089388  1.19398141  1.19398141  0.2033525   1.19398141
   1.19398141  0.16156311  0.27492175 -0.92575192 -1.19398141 -1.19398141
   1.19398141 -0.9816258   0.28579181  0.54870296]
 [ 1.19398141  1.19398141  1.19398141  1.19398141  1.19398141  1.19398141
   1.19398141  1.19398141  1.19398141  1.19398141  1.19398141  1.19398141
   1.19398141  0.77365458  0.73991799  1.19398141  0.65239614  1.19398141
   1.19398141  1.19398141  1.19398141  1.19398141  1.19398141  1.19398141
   0.16208389  1.19398141  0.15783054 -0.67204374  1.19398141 -0.95206702
  -1.00781143  0.47390082  1.19398141  0.33482274  1.07641947  0.18033016
  -1.15229428 -1.19398141 -1.19398141  1.19398141]
 [ 1.19398141  1.19398141  1.19398141  1.19398141  1.19398141  1.19398141
   1.19398141  1.19398141  1.19398141  1.19398141  1.19398141  1.19398141
   1.19398141  1.19398141  1.19398141  1.19398141  1.19398141  1.19398141
   1.19398141  1.19398141  1.19398141  1.19398141  0.26997739  1.10830832
   1.19398141  1.19398141  1.07549906  0.17294094  0.90774035  1.19398141
   1.19398141  0.32211339  0.30977193  0.82497233  1.19398141  0.71063364
   1.19398141  0.73152262 -0.68417048 -0.99897963]
 [ 1.19398141  1.19398141  1.19398141  1.19398141  1.19398141  1.19398141
   1.19398141  1.19398141  1.19398141  1.19398141  1.19398141  1.19398141
   1.19398141  1.19398141  1.19398141  1.19398141  1.19398141  1.19398141
   1.19398141  1.19398141  1.19398141  1.19398141  1.19398141  1.19398141
   0.68904001  0.63563377  1.19398141  1.08216679  0.97433311  1.19398141
   1.19398141  0.10846128  1.19398141  1.19398141  0.53245378  1.19398141
   1.13364899  0.43289283  1.19398141  1.19398141]
 [ 1.19398141  1.19398141  1.19398141  1.19398141  1.19398141  1.19398141
   1.19398141  1.19398141  1.19398141  1.19398141  1.19398141  1.19398141
   1.08200979  1.19398141  1.19398141  1.19398141  1.19398141  1.19398141
   1.19398141  1.19398141  1.02066779  1.19398141  0.86690295  1.19398141
   0.78831083  1.08775532  1.19398141  1.19398141  1.19398141  0.44063932
   1.19398141  0.61283004  0.53759116  1.19398141  0.67403144 -0.69704592
   0.88425666  1.19398141  1.02080429  0.21176152]
 [ 1.19398141  1.19398141  1.19398141  1.19398141  1.19398141  1.19398141
   1.19398141  1.19398141  1.19398141  1.19398141  1.19398141  1.19398141
   1.19398141  1.19398141  1.19398141  1.19398141  1.19398141  1.19398141
   1.19398141  1.19398141  1.19398141  1.19398141  1.14912045  1.19398141
   0.70131654  1.19398141  1.19398141  0.90528196  1.19398141  1.19398141
   1.19398141  1.19398141  1.05147648  1.19398141  1.19398141  1.19398141
   0.34995568  1.08358228  0.54069597  1.09747052]
 [ 1.19398141  1.19398141  1.19398141  1.19398141  1.19398141  1.19398141
   1.19398141  1.19398141  1.19398141  1.19398141  1.19398141  1.19398141
   1.19398141  1.19398141  1.19398141  1.19398141  1.19398141  1.19398141
   1.19398141  1.19398141  1.19398141  1.19398141  1.19398141  1.19398141
   1.19398141  0.72021836  1.19398141  1.19398141  1.19398141  1.03120005
   1.19398141  1.19398141  1.03846884  1.15836918  1.19398141  1.19398141
   0.12248921  1.19398141  1.19398141  1.19398141]
 [ 1.19398141  1.19398141  1.19398141  1.19398141  1.19398141  1.19398141
   1.19398141  1.19398141  1.19398141  1.19398141  1.19398141  1.19398141
   1.19398141  1.19398141  1.19398141  1.19398141  1.19398141  1.19398141
   1.19398141  1.19398141  1.19398141  1.19398141  1.01914418  1.19398141
   1.19398141  1.19398141  0.54711038  1.19398141  1.19398141  0.98104692
   1.19398141  1.19398141  1.19398141  1.06055808  1.19398141  1.19398141
   1.19398141  1.00986803  0.12722322  0.58271867]
 [ 1.19398141  1.19398141  1.19398141  1.19398141  1.19398141  1.19398141
   1.19398141  1.19398141  1.19398141  1.19398141  1.19398141  1.19398141
   1.19398141  1.19398141  1.19398141  1.19398141  1.19398141  1.19398141
   1.19398141  1.19398141  1.19398141  1.19398141  1.19398141  1.19398141
   1.19398141  1.19398141  1.19398141  1.19398141  1.19398141  1.19398141
   1.19398141  1.19398141  1.19398141  1.19398141  1.19398141  1.19398141
   1.19398141  1.04500294  1.19398141  1.15770686]
 [ 1.19398141  1.19398141  1.19398141  1.19398141  1.19398141  1.19398141
   1.19398141  1.19398141  1.19398141  1.19398141  1.19398141  1.19398141
   1.19398141  1.19398141  1.19398141  1.19398141  1.19398141  1.19398141
   1.19398141  1.19398141  1.19398141  1.19398141  1.19398141  1.19398141
   1.19398141  1.19398141  1.19398141  1.19398141  1.19398141  1.19398141
   1.19398141  1.1480397   1.19398141  1.19398141  1.19398141  1.19398141
   0.84615457  1.19398141  1.19398141  1.19398141]
 [ 1.19398141  1.19398141  1.19398141  1.19398141  1.19398141  1.19398141
   1.19398141  1.19398141  1.19398141  1.19398141  1.19398141  1.19398141
   1.19398141  1.19398141  1.19398141  1.19398141  1.19398141  1.19398141
   1.19398141  1.19398141  1.19398141  1.19398141  0.82167715  1.19398141
   1.19398141  1.19398141  1.19398141  1.19398141  1.19398141  1.19398141
   1.19398141  1.19398141  1.19398141  1.19398141  1.19398141  1.19398141
   1.10657787  1.19398141  1.19398141  1.19398141]
 [ 1.19398141  1.19398141  1.19398141  1.19398141  1.19398141  1.19398141
   1.19398141  1.19398141  1.19398141  1.19398141  1.19398141  1.19398141
   1.19398141  1.19398141  1.19398141  1.19398141  1.19398141  1.19398141
   1.19398141  1.19398141  1.19398141  1.19398141  1.19398141  1.19398141
   1.19398141  1.19398141  1.19398141  1.19398141  1.19398141  1.19398141
   1.19398141  1.19398141  1.19398141  1.19398141  1.19398141  1.19398141
   1.19398141  1.19398141  1.19398141  1.19398141]
 [ 1.19398141  1.19398141  1.19398141  1.19398141  1.19398141  1.19398141
   1.19398141  1.19398141  1.19398141  1.19398141  1.19398141  1.19398141
   1.19398141  1.19398141  1.19398141  1.19398141  1.19398141  1.19398141
   1.19398141  1.19398141  1.19398141  1.19398141  1.19398141  1.19398141
   1.19398141  1.19398141  1.19398141  1.19398141  1.19398141  1.19398141
   1.19398141  1.19398141  1.19398141  1.19398141  1.19398141  1.19398141
   1.19398141  1.19398141  1.19398141  1.19398141]
 [ 1.19398141  1.19398141  1.19398141  1.19398141  1.19398141  1.19398141
   1.19398141  1.19398141  1.19398141  1.19398141  1.19398141  1.19398141
   1.19398141  1.19398141  1.19398141  1.19398141  1.19398141  1.19398141
   1.19398141  1.19398141  1.19398141  1.19398141  1.19398141  1.19398141
   1.19398141  1.19398141  1.19398141  1.19398141  1.19398141  1.19398141
   1.19398141  1.19398141  1.19398141  1.19398141  1.19398141  1.19398141
   1.19398141  1.19398141  1.19398141  1.19398141]
 [ 1.19398141  1.19398141  1.19398141  1.19398141  1.19398141  1.19398141
   1.19398141  1.19398141  1.19398141  1.19398141  1.19398141  1.19398141
   1.19398141  1.19398141  1.19398141  1.19398141  1.19398141  1.19398141
   1.19398141  1.19398141  1.19398141  1.19398141  1.19398141  1.19398141
   1.19398141  1.19398141  1.19398141  1.19398141  1.19398141  1.19398141
   1.19398141  1.19398141  1.19398141  1.19398141  1.19398141  1.19398141
   1.19398141  1.19398141  1.19398141  1.19398141]
 [ 1.19398141  1.19398141  1.19398141  1.19398141  1.19398141  1.19398141
   1.19398141  1.19398141  1.19398141  1.19398141  1.19398141  1.19398141
   1.19398141  1.19398141  1.19398141  1.19398141  1.19398141  1.19398141
   1.19398141  1.19398141  1.19398141  1.19398141  1.19398141  1.19398141
   1.19398141  1.19398141  1.19398141  1.19398141  1.19398141  1.19398141
   1.19398141  1.19398141  1.19398141  1.19398141  1.19398141  1.19398141
   1.19398141  1.19398141  1.19398141  1.19398141]]
test_losses: [[-0.44077736 -0.56338494 -0.76905829 -0.88303132 -0.86608193 -0.94336475
  -0.96308014 -1.04428627 -1.04441445 -1.00837417 -1.03234856 -1.1260128
  -1.09618471 -1.1342161  -1.15418203 -1.10642277 -1.14133781 -1.12196197
  -1.1621419  -1.15277936 -1.1299776  -1.15828131 -1.17992152 -1.16333753
  -1.17010178 -1.18602153 -1.18602153 -1.17806166 -1.18371781 -1.19398141
  -1.19398141 -1.19398141 -1.19398141 -1.19398141 -1.19398141 -1.19398141
  -1.19398141 -1.19398141 -1.19398141 -1.19398141]
 [-0.54805955 -0.60405653 -0.6843955  -0.77182496 -0.87389143 -0.93296418
  -0.91948805 -0.89108604 -0.98680009 -1.02353296 -1.06229121 -1.07735123
  -1.05281638 -1.08427946 -1.0885044  -1.14301864 -1.16504948 -1.14091935
  -1.14558521 -1.16015659 -1.16556513 -1.19039159 -1.17665309 -1.15906877
  -1.17223538 -1.18486198 -1.18336862 -1.17571211 -1.1856421  -1.1817567
  -1.18602153 -1.18946293 -1.18661183 -1.19308731 -1.19398141 -1.19398141
  -1.18033152 -1.19327356 -1.18904883 -1.18817246]
 [-0.45388336 -0.55962533 -0.78960382 -0.80954737 -0.84877658 -0.94989943
  -0.92264441 -0.97306349 -1.01067652 -1.04979091 -1.06651751 -1.05592209
  -1.04225484 -1.10442633 -1.12523046 -1.12093642 -1.15055858 -1.14939373
  -1.11503368 -1.16236817 -1.15183335 -1.15502987 -1.15103495 -1.17085585
  -1.18298808 -1.16982573 -1.17344876 -1.19058777 -1.17293616 -1.19255578
  -1.19336084 -1.18567805 -1.18543185 -1.1888854  -1.18024736 -1.18275704
  -1.19384245 -1.19398141 -1.19398141 -1.17264559]
 [-0.54914312 -0.6536013  -0.6489985  -0.76319483 -0.79097802 -0.91028954
  -0.8772993  -0.95662041 -0.98916681 -1.04107334 -1.01059286 -1.07018062
  -1.03913417 -1.07766259 -1.10247144 -1.13548246 -1.14961439 -1.10588767
  -1.15434513 -1.13877205 -1.1391094  -1.14270266 -1.17690988 -1.14989834
  -1.14071932 -1.14545685 -1.16779226 -1.18257764 -1.17784114 -1.15846037
  -1.16390997 -1.17334157 -1.17694586 -1.17089409 -1.18602153 -1.17206402
  -1.15896334 -1.18691553 -1.19228204 -1.1933314 ]
 [-0.34585659 -0.65741974 -0.73586742 -0.75672875 -0.76455799 -0.90782585
  -0.89495789 -0.93686894 -1.01612702 -1.01899525 -0.97565031 -1.02031129
  -1.04289267 -1.05889949 -1.11035935 -1.08556822 -1.08542452 -1.09127875
  -1.09240449 -1.10245186 -1.09453225 -1.12532489 -1.09983619 -1.13817121
  -1.16466819 -1.14561074 -1.13545758 -1.16490676 -1.12892917 -1.16329643
  -1.15147637 -1.18118467 -1.15629448 -1.17670575 -1.17715237 -1.17626845
  -1.17653452 -1.17396143 -1.17317691 -1.15359061]
 [-0.41248325 -0.59190674 -0.72256825 -0.77653762 -0.8200577  -0.9131341
  -0.90678525 -0.90417758 -1.02567242 -0.91332115 -1.03711505 -1.02314693
  -1.05388475 -1.0626999  -1.03743894 -1.0626739  -1.06539225 -1.11270439
  -1.12301067 -1.12541409 -1.10178706 -1.07376232 -1.12936474 -1.15054774
  -1.16652102 -1.17062985 -1.15574511 -1.16583069 -1.12748168 -1.14892655
  -1.1464863  -1.1598124  -1.17826801 -1.16109461 -1.17740847 -1.19021188
  -1.17119713 -1.15649644 -1.17006833 -1.18033195]
 [-0.45927331 -0.54774867 -0.56878076 -0.76704555 -0.79122101 -0.84616237
  -0.89728575 -0.95968061 -0.99508489 -0.95561164 -1.07253779 -1.00786144
  -1.00749796 -1.05160771 -1.07691188 -1.04380606 -1.09941126 -1.1103503
  -1.08578121 -1.07938419 -1.10556675 -1.14402615 -1.1583768  -1.13924676
  -1.14539972 -1.14490137 -1.14168963 -1.12543755 -1.15465213 -1.15253105
  -1.13446556 -1.16429655 -1.16382244 -1.14663828 -1.13842942 -1.17736999
  -1.18060182 -1.1849338  -1.17857029 -1.17017901]
 [-0.37063141 -0.58789341 -0.73355219 -0.78128936 -0.74224471 -0.82333011
  -0.85712579 -0.86508341 -0.99494316 -1.03060783 -0.96874759 -1.01330546
  -0.96623834 -1.06450939 -1.06181307 -1.06743833 -1.08901071 -1.09970506
  -1.09457316 -1.11532013 -1.10252602 -1.07279207 -1.09059263 -1.09304765
  -1.10551948 -1.14473292 -1.13248671 -1.13343763 -1.13966614 -1.11200998
  -1.13644488 -1.12892175 -1.17219532 -1.18273051 -1.15241804 -1.16371803
  -1.180975   -1.15813636 -1.13647911 -1.167209  ]
 [-0.36323561 -0.57601557 -0.68754281 -0.7000439  -0.77221651 -0.85325769
  -0.86002192 -0.88577401 -0.92561901 -0.95461521 -0.99093001 -0.99968483
  -1.04391724 -1.04312045 -1.00837217 -1.01107488 -1.0513262  -1.0910634
  -1.05392001 -1.10788662 -1.0872501  -1.08836915 -1.12658155 -1.11729698
  -1.12764851 -1.11777533 -1.12877193 -1.14621509 -1.11679087 -1.15852914
  -1.12872202 -1.14179975 -1.13658178 -1.15555095 -1.16047531 -1.13737577
  -1.12644068 -1.1621937  -1.18076586 -1.16247862]
 [-0.37028605 -0.5250893  -0.64193248 -0.70162379 -0.83253976 -0.82989693
  -0.86194629 -0.93667442 -0.96134087 -0.97794144 -0.99048182 -0.97727761
  -1.00852228 -1.08192545 -1.05358373 -1.06817588 -1.00646357 -1.10054124
  -1.04981341 -1.08172532 -1.09248933 -1.04519045 -1.08258922 -1.10364535
  -1.13582323 -1.12076835 -1.08877331 -1.08759606 -1.14541239 -1.12799272
  -1.09635665 -1.12565924 -1.13610105 -1.11254219 -1.14466019 -1.14319311
  -1.12612184 -1.16966768 -1.16022805 -1.17284712]
 [-0.38428492 -0.63019374 -0.60068759 -0.75970391 -0.80499117 -0.8642407
  -0.85035046 -0.93518655 -0.95871141 -0.98666886 -0.99605586 -0.97102152
  -0.99877114 -1.07374759 -1.03644493 -1.0468474  -0.99728039 -0.99046027
  -1.03177241 -1.04982723 -1.06806845 -1.09052231 -1.10329337 -1.10282411
  -1.10572043 -1.05521918 -1.10468855 -1.13519188 -1.10777666 -1.11736716
  -1.11403782 -1.10281809 -1.09074052 -1.11588683 -1.14125534 -1.10669014
  -1.1415514  -1.15048117 -1.15067682 -1.11664252]
 [-0.52515723 -0.54171258 -0.58246426 -0.75373701 -0.72103657 -0.86798493
  -0.82690749 -0.86126051 -0.94597611 -0.92612369 -0.96762655 -0.89230926
  -0.96206942 -0.960523   -1.02213498 -1.00155314 -1.00195567 -1.01758596
  -1.06486324 -1.0364106  -1.08703629 -1.08766196 -1.06868334 -1.08797365
  -1.05202993 -1.08641725 -1.08761555 -1.06052976 -1.11458714 -1.12326584
  -1.14070166 -1.1257155  -1.13580144 -1.11511548 -1.10662939 -1.08891355
  -1.13967594 -1.11384716 -1.14356274 -1.14377346]
 [-0.41540093 -0.49502051 -0.61166867 -0.71929512 -0.7363053  -0.80966365
  -0.75776163 -0.94582272 -0.88441515 -0.92108091 -0.91877778 -0.95052259
  -0.93190397 -0.97769348 -1.00316424 -1.02757307 -1.02166561 -0.98153021
  -1.02795142 -1.07998779 -1.00781044 -1.00804551 -1.06239338 -1.06981095
  -1.07563583 -1.08180586 -1.07187568 -1.06360851 -1.05354143 -1.10727004
  -1.10695243 -1.06466203 -1.10377745 -1.13633401 -1.1010832  -1.08205965
  -1.10408043 -1.11685662 -1.10481945 -1.08224999]
 [-0.37078567 -0.55792173 -0.51791401 -0.67362885 -0.63386381 -0.80363478
  -0.79445216 -0.84255631 -0.84498859 -0.80187533 -0.8637349  -0.84411161
  -0.8748494  -0.95974019 -0.86496195 -0.93921491 -0.85649345 -0.87604491
  -0.9209999  -0.94809419 -0.92065023 -0.94620899 -0.94005273 -0.96479384
  -0.99576832 -0.8974834  -0.96021806 -0.95901971 -0.98731116 -0.93438984
  -0.95516832 -0.9805889  -1.01996487 -0.96857229 -0.97297312 -0.93978646
  -0.91866379 -1.00477999 -0.97759949 -1.01973012]
 [-0.36778304 -0.44830335 -0.58674833 -0.66069816 -0.76693093 -0.7491172
  -0.77615274 -0.75007121 -0.84154133 -0.72156139 -0.78259534 -0.8732275
  -0.76155987 -0.83083486 -0.72809015 -0.83839533 -0.78518111 -0.8763154
  -0.7739835  -0.7861266  -0.88216698 -0.83087696 -0.86667266 -0.7934577
  -0.83471653 -0.8562753  -0.811541   -0.91473484 -0.88313114 -0.80567795
  -0.84355975 -0.97163507 -0.88425157 -0.93887141 -0.89645115 -0.88174119
  -0.93519822 -0.80440932 -0.86441195 -0.86734838]
 [-0.41459399 -0.4023696  -0.5348853  -0.61441275 -0.73130051 -0.67951558
  -0.71300168 -0.71086536 -0.65754083 -0.65913444 -0.68776676 -0.75535134
  -0.73614034 -0.78366092 -0.72398552 -0.72495357 -0.763714   -0.73166836
  -0.66688575 -0.74403274 -0.75314543 -0.73404321 -0.78027665 -0.6934275
  -0.73762471 -0.70678461 -0.70110677 -0.76868093 -0.67909717 -0.76619122
  -0.67597877 -0.70181428 -0.73459564 -0.73710912 -0.77347923 -0.77669232
  -0.78673941 -0.70987459 -0.80026362 -0.77898276]
 [-0.36737088 -0.5050215  -0.5445884  -0.63034874 -0.65865814 -0.67345799
  -0.61192721 -0.61670847 -0.67719205 -0.55706344 -0.62514057 -0.59222903
  -0.67695643 -0.64437853 -0.6374865  -0.55739167 -0.50111922 -0.57628534
  -0.54943165 -0.57977666 -0.58857208 -0.40936664 -0.52052065 -0.55376932
  -0.43743293 -0.46239882 -0.55952028 -0.45721466 -0.53606566 -0.45141384
  -0.49272707 -0.51136201 -0.42567865 -0.31875443 -0.4742467  -0.48247106
  -0.4985215  -0.56082096 -0.4942392  -0.48914923]]
