args:  Namespace(ndim=2, attack='fgm', l2=0)
lin_fgm_2D_0_model.pt
elapsed time: 2492.875451
mins: [[-2.26246881 -2.26246881 -2.26246881 -2.26246881 -2.26246881 -2.26246881
  -2.26246881 -2.26246881 -2.26246881 -2.26246881 -2.26246881 -2.26246881
  -2.26246881 -2.26246881 -2.26246881 -2.26246881 -2.26246881 -2.26246881
  -2.26246881 -2.26246881 -2.26246881 -2.26246881 -2.26246881 -2.26246881
  -2.26246881 -2.26246881 -2.26246881 -2.26246881 -2.26246881 -2.26246881
  -2.26246881 -2.26246881 -2.26246881 -2.26246881 -2.26246881 -2.26246881
  -2.26246881 -2.26246881 -2.26246881 -2.26246881]
 [-2.26246881 -2.26246881 -2.26246881 -2.26246881 -2.26246881 -2.26246881
  -2.26246881 -2.26246881 -2.26246881 -2.26246881 -2.26246881 -2.26246881
  -2.26246881 -2.26246881 -2.26246881 -2.26246881 -2.26246881 -2.26246881
  -2.26246881 -2.26246881 -2.26246881 -2.26246881 -2.26246881 -2.26246881
  -2.26246881 -2.26246881 -2.26246881 -2.26246881 -2.26246881 -2.26246881
  -2.26246881 -2.26246881 -2.26246881 -2.26246881 -2.26246881 -2.26246881
  -2.26246881 -2.26246881 -2.26246881 -2.26246881]
 [-2.26246881 -2.26246881 -2.26246881 -2.26246881 -2.26246881 -2.26246881
  -2.26246881 -2.26246881 -2.26246881 -2.26246881 -2.26246881 -2.26246881
  -2.26246881 -2.26246881 -2.26246881 -2.26246881 -2.26246881 -2.26246881
  -2.26246881 -2.26246881 -2.26246881 -2.26246881 -2.26246881 -2.26246881
  -2.26246881 -2.26246881 -2.26246881 -2.26246881 -2.26246881 -2.26246881
  -2.26246881 -2.26246881 -2.26246881 -2.26246881 -2.26246881 -2.26246881
  -2.26246881 -2.26246881 -2.26246881 -2.26246881]
 [-2.26246881 -2.26246881 -2.26246881 -2.26246881 -2.26246881 -2.26246881
  -2.26246881 -2.26246881 -2.26246881 -2.26246881 -2.26246881 -2.26246881
  -2.26246881 -2.26246881 -2.26246881 -2.26246881 -2.26246881 -2.26246881
  -2.26246881 -2.26246881 -2.26246881 -2.26246881 -2.26246881 -2.26246881
  -2.26246881 -2.26246881 -2.26246881 -2.26246881 -2.26246881 -2.26246881
  -2.26246881 -2.26246881 -2.26246881 -2.26246881 -2.26246881 -2.26246881
  -2.26246881 -2.26246881 -2.26246881 -2.26246881]
 [-2.26246881 -2.26246881 -2.26246881 -2.26246881 -2.26246881 -2.26246881
  -2.26246881 -2.26246881 -2.26246881 -2.26246881 -2.26246881 -2.26246881
  -2.26246881 -2.26246881 -2.26246881 -2.26246881 -2.26246881 -2.26246881
  -2.26246881 -2.26246881 -2.26246881 -2.26246881 -2.26246881 -2.26246881
  -2.26246881 -2.26246881 -2.26246881 -2.26246881 -2.26246881 -2.26246881
  -2.26246881 -2.26246881 -2.26246881 -2.26246881 -2.26246881 -2.26246881
  -2.26246881 -2.26246881 -2.26246881 -2.26246881]
 [-2.26246881 -2.26246881 -2.26246881 -2.26246881 -2.26246881 -2.26246881
  -2.26246881 -2.26246881 -2.26246881 -2.26246881 -2.26246881 -2.26246881
  -2.26246881 -2.26246881 -2.26246881 -2.26246881 -2.26246881 -2.26246881
  -2.26246881 -2.26246881 -2.26246881 -2.26246881 -2.26246881 -2.26246881
  -2.26246881 -2.26246881 -2.26246881 -2.26246881 -2.26246881 -2.26246881
  -2.26246881 -2.26246881 -2.26246881 -2.26246881 -2.26246881 -2.26246881
  -2.26246881 -2.26246881 -2.26246881 -2.26246881]
 [-2.26246881 -2.26246881 -2.26246881 -2.26246881 -2.26246881 -2.26246881
  -2.26246881 -2.26246881 -2.26246881 -2.26246881 -2.26246881 -2.26246881
  -2.26246881 -2.26246881 -2.26246881 -2.26246881 -2.26246881 -2.26246881
  -2.26246881 -2.26246881 -2.26246881 -2.26246881 -2.26246881 -2.26246881
  -2.26246881 -2.26246881 -2.26246881 -2.26246881 -2.26246881 -2.26246881
  -2.26246881 -2.26246881 -2.26246881 -2.26246881 -2.26246881 -2.26246881
  -2.26246881 -2.26246881 -2.26246881 -2.26246881]
 [-2.26246881 -2.26246881 -2.26246881 -2.26246881 -2.26246881 -2.26246881
  -2.26246881 -2.26246881 -2.26246881 -2.26246881 -2.26246881 -2.26246881
  -2.26246881 -2.26246881 -2.26246881 -2.26246881 -2.26246881 -2.26246881
  -2.26246881 -2.26246881 -2.26246881 -2.26246881 -2.26246881 -2.26246881
  -2.26246881 -2.26246881 -2.26246881 -2.26246881 -2.26246881 -2.26246881
  -2.26246881 -2.26246881 -2.26246881 -2.26246881 -2.26246881 -2.26246881
  -2.26246881 -2.26246881 -2.26246881 -2.26246881]
 [-2.26246881 -2.26246881 -2.26246881 -2.26246881 -2.26246881 -2.26246881
  -2.26246881 -2.26246881 -2.26246881 -2.26246881 -2.26246881 -2.26246881
  -2.26246881 -2.26246881 -2.26246881 -2.26246881 -2.26246881 -2.26246881
  -2.26246881 -2.26246881 -2.26246881 -2.26246881 -2.26246881 -2.26246881
  -2.26246881 -2.26246881 -2.26246881 -2.26246881 -2.26246881 -2.26246881
  -2.26246881 -2.26246881 -2.26246881 -2.26246881 -2.26246881 -2.26246881
  -2.26246881 -2.26246881 -2.26246881 -2.26246881]
 [-2.26246881 -2.26246881 -2.26246881 -2.26246881 -2.26246881 -2.26246881
  -2.26246881 -2.26246881 -2.26246881 -2.26246881 -2.26246881 -2.26246881
  -2.26246881 -2.26246881 -2.26246881 -2.26246881 -2.26246881 -2.26246881
  -2.26246881 -2.26246881 -2.26246881 -2.26246881 -2.26246881 -2.26246881
  -2.26246881 -2.26246881 -2.26246881 -2.26246881 -2.26246881 -2.26246881
  -2.26246881 -2.26246881 -2.26246881 -2.26246881 -2.26246881 -2.26246881
  -2.26246881 -2.26246881 -2.26246881 -2.26246881]
 [-2.26246881 -2.26246881 -2.26246881 -2.26246881 -2.26246881 -2.26246881
  -2.26246881 -2.26246881 -2.26246881 -2.26246881 -2.26246881 -2.26246881
  -2.26246881 -2.26246881 -2.26246881 -2.26246881 -2.26246881 -2.26246881
  -2.26246881 -2.26246881 -2.26246881 -2.26246881 -2.26246881 -2.26246881
  -2.26246881 -2.26246881 -2.26246881 -2.26246881 -2.26246881 -2.26246881
  -2.26246881 -2.26246881 -2.26246881 -2.26246881 -2.26246881 -2.26246881
  -2.26246881 -2.26246881 -2.26246881 -2.26246881]
 [-2.26246881 -2.26246881 -2.26246881 -2.26246881 -2.26246881 -2.26246881
  -2.26246881 -2.26246881 -2.26246881 -2.26246881 -2.26246881 -2.26246881
  -2.26246881 -2.26246881 -2.26246881 -2.26246881 -2.26246881 -2.26246881
  -2.26246881 -2.26246881 -2.26246881 -2.26246881 -2.26246881 -2.26246881
  -2.26246881 -2.26246881 -2.26246881 -2.26246881 -2.26246881 -2.26246881
  -2.26246881 -2.26246881 -2.26246881 -2.26246881 -2.26246881 -2.26246881
  -2.26246881 -2.26246881 -2.26246881 -2.26246881]
 [-2.26246881 -2.26246881 -2.26246881 -2.26246881 -2.26246881 -2.26246881
  -2.26246881 -2.26246881 -2.26246881 -2.26246881 -2.26246881 -2.26246881
  -2.26246881 -2.26246881 -2.26246881 -2.26246881 -2.26246881 -2.26246881
  -2.26246881 -2.26246881 -2.26246881 -2.26246881 -2.26246881 -2.26246881
  -2.26246881 -2.26246881 -2.26246881 -2.26246881 -2.26246881 -2.26246881
  -2.26246881 -2.26246881 -2.26246881 -2.26246881 -2.26246881 -2.26246881
  -2.26246881 -2.26246881 -2.26246881 -2.26246881]
 [-2.26246881 -2.26246881 -2.26246881 -2.26246881 -2.26246881 -2.26246881
  -2.26246881 -2.26246881 -2.26246881 -2.26246881 -2.26246881 -2.26246881
  -2.26246881 -2.26246881 -2.26246881 -2.26246881 -2.26246881 -2.26246881
  -2.26246881 -2.26246881 -2.26246881 -2.26246881 -2.26246881 -2.26246881
  -2.26246881 -2.26246881 -2.26246881 -2.26246881 -2.26246881 -2.26246881
  -2.26246881 -2.26246881 -2.26246881 -2.26246881 -2.26246881 -2.26246881
  -2.26246881 -2.26246881 -2.26246881 -2.26246881]
 [-2.26246881 -2.26246881 -2.26246881 -2.26246881 -2.26246881 -2.26246881
  -2.26246881 -2.26246881 -2.26246881 -2.26246881 -2.26246881 -2.26246881
  -2.26246881 -2.26246881 -2.26246881 -2.26246881 -2.26246881 -2.26246881
  -2.26246881 -2.26246881 -2.26246881 -2.26246881 -2.26246881 -2.26246881
  -2.26246881 -2.26246881 -2.26246881 -2.26246881 -2.26246881 -2.26246881
  -2.26246881 -2.26246881 -2.26246881 -2.26246881 -2.26246881 -2.26246881
  -2.26246881 -2.26246881 -2.26246881 -2.26246881]
 [-2.26246881 -2.26246881 -2.26246881 -2.26246881 -2.26246881 -2.26246881
  -2.26246881 -2.26246881 -2.26246881 -2.26246881 -2.26246881 -2.26246881
  -2.26246881 -2.26246881 -2.26246881 -2.26246881 -2.26246881 -2.26246881
  -2.26246881 -2.26246881 -2.26246881 -2.26246881 -2.26246881 -2.26246881
  -2.26246881 -2.26246881 -2.26246881 -2.26246881 -2.26246881 -2.26246881
  -2.26246881 -2.26246881 -2.26246881 -2.26246881 -2.26246881 -2.26246881
  -2.26246881 -2.26246881 -2.26246881 -2.26246881]
 [-2.26246881 -2.26246881 -2.26246881 -2.26246881 -2.26246881 -2.26246881
  -2.26246881 -2.26246881 -2.26246881 -2.26246881 -2.26246881 -2.26246881
  -2.26246881 -2.26246881 -2.26246881 -2.26246881 -2.26246881 -2.26246881
  -2.26246881 -2.26246881 -2.26246881 -2.26246881 -2.26246881 -2.26246881
  -2.26246881 -2.26246881 -2.26246881 -2.26246881 -2.26246881 -2.26246881
  -2.26246881 -2.26246881 -2.26246881 -2.26246881 -2.26246881 -2.26246881
  -2.26246881 -2.26246881 -2.26246881 -2.26246881]]
maxs: [[ 2.26246881  2.26246881  2.26246881  2.26246881  2.26246881  2.26246881
   2.26246881  2.26246881  2.26246881  0.08829124  0.08829124  0.08829124
   0.08829124  0.08829124  0.08829124  0.08829124  0.08829124  0.08829124
   0.08829124  0.08829124  0.08829124  0.08829124  0.08829124  2.26246881
   0.08829124 -0.08829124  0.08829124 -0.08829124 -2.26246881 -0.08829124
  -0.08829124 -0.08829124 -2.26246881 -0.08829124 -2.26246881 -2.26246881
   0.08829124 -2.26246881  0.08829124 -0.08829124]
 [ 2.26246881  2.26246881  2.26246881  2.26246881  2.26246881  2.26246881
   2.26246881  2.26246881  2.26246881  1.08279896  0.98039824  0.08829124
   0.08829124  0.08829124  0.08829124  2.26246881  0.08829124  0.08829124
   0.08829124  0.01119656 -0.08829124  0.54278886  0.08829124 -0.08829124
   0.08829124  0.08829124  0.08829124 -0.08829124 -0.08829124  0.08829124
  -0.43373352 -0.08829124 -1.69129515 -0.08829124 -0.34271377 -2.26246881
  -2.26246881 -2.26246881  0.08829124 -2.26246881]
 [ 2.26246881  2.26246881  2.26246881  2.26246881  2.26246881  2.26246881
   1.78413045  1.3872174   0.69123375  2.26246881  0.61829686  2.07976842
   0.08829124  0.5868035   0.84318614  2.26246881  0.08829124  0.08829124
   0.08829124  0.08829124  0.08829124 -0.23439205  0.08829124 -0.15925442
   0.08829124  0.08829124  0.07247556 -0.08829124 -0.61007613 -0.25855026
  -1.32092166 -0.04864155  0.08829124 -1.12150908 -0.5030815  -0.08829124
  -0.90337205 -1.58353627 -1.77055645 -0.93667585]
 [ 2.26246881  2.26246881  2.26246881  1.8471967   1.73154235  0.33370796
   1.13471603  1.71589065  0.64889818  2.26246881  0.40254593  0.70377082
   0.10348894  0.08829124  0.86938798  0.49656859 -0.08829124  0.41902336
  -0.08829124  0.87905127  0.08829124 -0.0549117  -0.08829124  1.01725245
   0.22126782 -0.08829124  0.08829124 -0.09904879  0.00404378 -0.64867187
   0.08829124 -0.37396753 -0.26112702 -0.08829124 -0.16058247 -1.92094207
  -0.25950795 -2.01086783 -2.01444435 -2.1457653 ]
 [ 2.26246881  2.26246881  2.26246881  2.26246881  2.26246881  2.26246881
   0.73383325  0.82945526  0.47431746  1.40864408  0.08829124  0.11688843
   1.03189337  0.64908808  0.51853597  0.07552499  0.08829124  0.56274152
  -0.29034603  0.4829849   0.08829124 -0.14484291 -0.8050667  -0.08829124
  -0.35445094  1.12855291 -0.20084716 -0.31229937 -0.46367034  0.26785889
   0.07818327  0.17099392 -0.3701745   0.08829124  0.08829124 -1.9108429
  -0.11006018  0.08829124 -2.00586629 -2.09376764]
 [ 2.26246881  2.26246881  2.26246881  1.83895075  1.2894311   1.00605762
   1.53885484  0.94649583  0.39003292  0.67579514  0.59561694  0.59439331
   1.28871739  0.92621994  0.16272789  0.08829124  0.54643351  0.4548133
   0.08829124 -0.40050688  0.22489895 -0.71375537  2.26246881  0.14485045
   0.7046504  -0.08829124 -0.08542881 -0.63049811  0.08829124  0.08829124
  -0.08829124 -0.32639241  0.08829124 -1.23009956  0.08829124  0.67029536
   0.08829124  0.08829124 -0.08829124 -1.91387272]
 [ 2.26246881  2.26246881  2.26246881  2.07209086  1.96224391  2.26246881
   2.26246881  0.8930853   0.90502638  1.69702816  0.6135397   0.08829124
   1.60318518  0.52067697  0.95887208  0.32141274  0.18453018  0.08829124
   0.08829124  0.08829124  0.03902613 -0.08829124 -0.53565687  0.08312524
   0.3216159   0.03034773  0.08829124 -0.08829124  0.08829124 -0.08829124
   0.08829124 -0.08829124 -0.38933453 -0.22020251  0.01239005  0.08829124
   0.08829124  0.08829124  0.08829124 -0.08829124]
 [ 2.26246881  2.26246881  2.26246881  2.26246881  1.61403286  2.26246881
   2.18048334  1.11461246  2.23238134  0.50611448  0.88161761  0.24441013
   0.38853729  0.90289497  0.98950076  0.08829124  0.52220297  1.28688693
   1.7304219   1.37306154 -0.08829124 -0.16737828  0.46055853 -0.65318704
   0.08829124  0.08829124  0.08829124  0.08829124  0.53718078  0.08829124
   2.26246881  0.08829124  0.08829124  0.00586979 -0.08829124  0.08829124
  -0.92926931 -2.05923009  0.08829124  0.02450144]
 [ 2.26246881  2.26246881  2.26246881  2.26246881  2.26246881  2.26246881
   1.59647191  2.16483164  1.95005214  0.84313995  1.47661221  1.06508327
   1.46283507  0.65361977  0.73838609  0.19116005  1.33194363  1.48554838
   1.69647396  0.08829124 -0.26727688  0.08829124  0.98410636  1.50444639
   0.08829124  0.37493485  0.08518392 -0.05396486  0.08829124  0.08829124
   0.08829124  0.08829124  0.08829124  0.08829124  0.08829124  0.53678322
   0.08829124  0.08829124  0.08829124 -0.45078307]
 [ 2.26246881  2.26246881  2.26246881  2.26246881  2.21752763  2.26246881
   2.08385611  0.83377153  1.50654292  1.63288236  1.50423193  1.45896161
   0.59783453  1.14983678  0.25372753  0.14538926  0.6692555   1.3287524
   0.08829124  0.01246761  0.90159774  0.08829124  0.08829124  2.17005944
   2.06250572  1.00125837  0.08829124  0.08829124  0.08829124 -0.08829124
   0.08829124  0.08829124  0.99079889  1.02856588  2.08419108 -0.08829124
   0.08829124  0.08829124  0.08829124 -0.53678209]
 [ 2.26246881  2.26246881  1.78867114  1.09716642  2.26246881  1.43563688
   1.57745326  1.45830846  0.99253416  1.74286222  0.78270125  1.21098018
   1.2928735   1.50609481  0.69145513  0.84347665  1.90883851  0.79713547
   1.00524974  0.05080839  1.76647139  0.12042143  0.08829124  0.11415631
   0.95336795  1.12190115  0.08829124  0.08829124  0.08829124  0.08829124
   0.4476884   0.08829124  0.08829124  0.27546605 -0.3854239   0.08829124
   0.08829124  0.08829124  0.08829124  0.53359473]
 [ 2.26246881  2.10150266  2.26246881  2.26246881  2.26246881  1.05977571
   1.21334612  2.26246881  0.94788289  1.37319982  2.12043333  2.26246881
   1.25298762  1.37480593  1.15781164  1.19848812  1.29324281  0.08829124
   0.30044928  2.26246881  2.26246881  1.30047023  0.67727059  0.25889239
   0.08829124  0.08829124  0.08829124  0.17305498  0.08829124  0.27519721
   0.1876972   0.43713436  0.08829124  0.66725832  1.06019652  0.08829124
   0.08829124  0.08829124  1.15988219  0.08829124]
 [ 2.26246881  2.26246881  2.26246881  1.51042438  1.66013324  0.98662013
   2.26246881  1.6329813   1.47017229  1.99616396  1.15572798  1.12040162
   1.58815455  1.13916433  0.30488917  1.76234615  1.5566746   0.2835044
   0.89810163  1.39267731  0.00263676  0.08829124  0.08829124  1.37299347
   0.08829124  0.08829124  0.22040668  0.08829124  0.08829124  2.26246881
   0.29055333  0.65029073  0.83761919  0.35185742  0.08829124  1.99874115
   1.45395494  2.10127497  1.07814181  0.08829124]
 [ 2.26246881  2.26246881  2.26246881  1.86716092  2.26246881  2.26246881
   1.39169133  1.43054867  2.26246881  1.72900081  1.3901273   0.85349953
   1.88657427  1.49273157  1.67880094  2.26246881  1.00857925  0.08829124
   0.44025031  1.953197    1.7560401   0.96681321  0.75975156  0.99256343
   1.5311377   2.26246881  2.0214889   0.51671493  1.04950547  0.96720099
   2.26246881  0.53895289  0.10528465  0.32516143  0.23143733  2.26246881
   2.26246881  0.08829124  1.4411813   0.53750753]
 [ 2.26246881  2.26246881  2.26246881  1.21105254  1.55904913  1.71233463
   1.64712524  2.26246881  1.42321134  1.70138705  2.26246881  2.1306808
   1.70137572  2.26246881  1.18202245  2.26246881  1.50575244  1.78015757
   1.71858776  1.76086032  2.26246881  2.1149714   1.07574701  1.32849491
   2.26246881  0.55538046  0.19443993  1.83987486  0.85584933  1.15330279
   2.26246881  0.08829124  0.72928292  1.58502746  1.00954151  1.32306957
   2.26246881  0.79940277  2.26246881  1.78661275]
 [ 2.26246881  2.11023998  1.7684375   2.1604495   1.29000711  1.35621488
   1.81585038  2.19432163  2.26246881  2.15929008  1.82737136  1.99760342
   2.07758427  2.26246881  1.01213562  2.26246881  2.26246881  2.26246881
   1.64968729  2.1321795   2.26246881  1.77366602  2.26246881  1.68926311
   2.06171227  1.74591398  2.26246881  1.94014561  1.33663905  1.37586606
   2.26246881  1.60763991  2.26246881  1.92569017  2.26246881  2.26246881
   0.75726897  2.26246881  1.80874789  2.26246881]
 [ 2.26246881  2.21281576  1.82899511  2.11561918  2.26246881  2.11968875
   1.86079252  2.26246881  2.26246881  2.26246881  2.26246881  1.53243589
   1.92369688  2.26246881  2.26246881  2.26246881  1.45478725  2.26246881
   2.26246881  2.26246881  2.26246881  2.26246881  1.67027044  2.26246881
   2.26246881  2.26246881  2.26246881  2.26246881  2.26246881  2.26246881
   2.26246881  2.26246881  2.26246881  2.26246881  2.26246881  2.26246881
   2.26246881  2.26246881  2.26246881  2.26246881]]
test_losses: [[-0.79240872 -1.16317704 -1.31712474 -1.33360931 -1.62997319 -1.85699025
  -1.84718579 -1.86482612 -1.97530082 -2.01996159 -1.92677637 -2.10497891
  -2.12730929 -2.1882304  -2.1641342  -2.16354559 -2.20272492 -2.17862871
  -2.19430045 -2.20997218 -2.23896121 -2.24013843 -2.21721944 -2.22505531
  -2.23171396 -2.24072704 -2.24738569 -2.2479743  -2.26246881 -2.25522156
  -2.25522156 -2.25522156 -2.26246881 -2.25522156 -2.26246881 -2.26246881
  -2.24738569 -2.26246881 -2.25463295 -2.25522156]
 [-0.86827968 -1.19121964 -1.39435891 -1.467468   -1.70613    -1.71394677
  -1.85198442 -1.88056714 -1.93845295 -2.06418483 -2.03523383 -2.05315459
  -2.14241885 -2.15000872 -2.12178012 -2.15664241 -2.16398054 -2.14847222
  -2.18333632 -2.21554966 -2.23289408 -2.22121036 -2.22098786 -2.24128379
  -2.2309343  -2.23986192 -2.23570474 -2.25434075 -2.24653973 -2.22958888
  -2.22901895 -2.2474503  -2.2605649  -2.25359736 -2.25169743 -2.26246881
  -2.26246881 -2.26246881 -2.25463295 -2.26246881]
 [-0.86071706 -1.13355284 -1.35903937 -1.5526786  -1.63182395 -1.73477609
  -1.83070277 -1.90936574 -1.99363862 -1.9872273  -2.04006621 -2.00726914
  -2.07684628 -2.14272923 -2.13262687 -2.15595191 -2.17301541 -2.14712259
  -2.15358137 -2.19549482 -2.17906585 -2.22944001 -2.20972854 -2.2300203
  -2.23781425 -2.22096598 -2.23365736 -2.24660773 -2.2466841  -2.23526948
  -2.25221948 -2.22674906 -2.22652452 -2.24944123 -2.24777883 -2.23508281
  -2.25452012 -2.25807375 -2.25873545 -2.25069783]
 [-1.03126772 -1.1279385  -1.30981623 -1.49839617 -1.54333717 -1.70925759
  -1.7640891  -1.82089531 -1.94332403 -1.92331102 -2.0040224  -2.00286645
  -2.07822859 -2.08787583 -2.10584954 -2.11286383 -2.1807191  -2.12876269
  -2.17771332 -2.15935934 -2.17700593 -2.17577363 -2.20860688 -2.19020904
  -2.20549831 -2.24552932 -2.2279141  -2.22671051 -2.20880401 -2.24208571
  -2.24138739 -2.2462186  -2.23332136 -2.23630309 -2.25054204 -2.25909632
  -2.23990461 -2.25881573 -2.26124189 -2.2617227 ]
 [-0.82761793 -1.12000284 -1.35730464 -1.42052312 -1.57415708 -1.75074275
  -1.82909225 -1.86353011 -1.98184171 -1.95860708 -2.00100948 -1.9587022
  -2.04287175 -2.09265325 -2.11476825 -2.10829453 -2.09156703 -2.11906404
  -2.16634456 -2.15980808 -2.18073395 -2.15956703 -2.21999192 -2.19779481
  -2.21625676 -2.19177332 -2.2224149  -2.21200247 -2.2378673  -2.21777059
  -2.22686722 -2.22940911 -2.23969033 -2.24028328 -2.2480352  -2.25665974
  -2.25288824 -2.23751092 -2.25984151 -2.26050436]
 [-0.81701897 -1.11049556 -1.35609261 -1.49172622 -1.58894996 -1.67606641
  -1.73158708 -1.76841677 -1.88612056 -1.91307978 -1.95366124 -2.01534145
  -2.00637514 -1.97960135 -2.11943276 -2.12508139 -2.07030169 -2.14696877
  -2.14018833 -2.15012887 -2.15922601 -2.20527621 -2.18538143 -2.17238447
  -2.20850431 -2.2351892  -2.22185368 -2.24182293 -2.22571431 -2.23852151
  -2.23141723 -2.25005176 -2.23186144 -2.25289063 -2.23010047 -2.24220862
  -2.25078255 -2.23016299 -2.24671939 -2.26061447]
 [-0.87032774 -1.07270247 -1.36013668 -1.47038175 -1.58331421 -1.64208083
  -1.71272394 -1.86887651 -1.89830022 -1.91257783 -1.95695642 -2.03626531
  -1.95768974 -2.07506074 -2.10694891 -2.06695838 -2.09778734 -2.1363835
  -2.11975528 -2.14210757 -2.19209204 -2.18630611 -2.18864105 -2.18429309
  -2.18457541 -2.20916475 -2.23020212 -2.21359289 -2.22260705 -2.23672838
  -2.22893237 -2.22468934 -2.23694304 -2.24448687 -2.24561053 -2.21840022
  -2.22630919 -2.23013075 -2.23374788 -2.2498671 ]
 [-0.79898609 -1.04810701 -1.27005262 -1.43045371 -1.56811049 -1.59873595
  -1.70211512 -1.82742879 -1.82908493 -1.89828838 -1.96706117 -2.0249744
  -2.03590581 -2.02454663 -2.04147834 -2.06826442 -2.08997869 -2.06933376
  -2.10830994 -2.08299962 -2.20048069 -2.1688579  -2.11307717 -2.22190026
  -2.21546408 -2.19568038 -2.19997042 -2.18233338 -2.20129749 -2.2080798
  -2.20203032 -2.24207303 -2.21453915 -2.21834045 -2.24247624 -2.23035681
  -2.25744215 -2.26008929 -2.23162194 -2.24465345]
 [-0.81407943 -1.06470191 -1.24349517 -1.53784863 -1.5170863  -1.65346585
  -1.7319353  -1.76226979 -1.81291159 -1.94350297 -1.92675196 -1.98082977
  -2.00924856 -2.01453077 -2.03205645 -2.03438191 -2.04751814 -2.08524329
  -2.10107086 -2.16979271 -2.18284575 -2.1630932  -2.19247139 -2.19120356
  -2.16461105 -2.19840287 -2.18715633 -2.2068709  -2.16082149 -2.21422402
  -2.21496908 -2.20529718 -2.24329597 -2.21127645 -2.20577181 -2.21305783
  -2.23948903 -2.20558927 -2.23833411 -2.23171692]
 [-0.81316286 -1.07711779 -1.32236373 -1.37291914 -1.53988699 -1.63307492
  -1.67764197 -1.78403034 -1.86046411 -1.85315819 -1.91920295 -2.00096525
  -1.98297469 -2.04620846 -2.01811093 -2.05349652 -2.06433854 -2.07339259
  -2.10005457 -2.15016994 -2.14966974 -2.13602592 -2.17778606 -2.13391616
  -2.17313259 -2.19721663 -2.17827854 -2.21097423 -2.16528041 -2.24743145
  -2.16689037 -2.18144008 -2.19672571 -2.17834854 -2.19225284 -2.24443824
  -2.21733436 -2.23118506 -2.21890318 -2.24598538]
 [-0.86679902 -0.97717091 -1.29503286 -1.44909807 -1.47814222 -1.61369146
  -1.73501125 -1.76334833 -1.76780427 -1.86847745 -1.96176489 -1.99729932
  -1.99544987 -2.02488292 -1.96978926 -2.02948754 -2.06325511 -2.07803417
  -2.10378599 -2.15282791 -2.12063229 -2.12618251 -2.13882024 -2.15675418
  -2.16941468 -2.14424988 -2.17962992 -2.14403857 -2.18260621 -2.18379167
  -2.1691714  -2.21010371 -2.13168936 -2.22347716 -2.24246177 -2.19099994
  -2.21314495 -2.22823619 -2.21100231 -2.20540421]
 [-0.79744462 -1.1368114  -1.26065524 -1.31298668 -1.54382684 -1.64867213
  -1.67928232 -1.73642683 -1.81553833 -1.80053522 -1.88186412 -1.9402814
  -1.99722624 -2.0010592  -1.87318879 -1.98110618 -2.03974112 -2.12712584
  -2.10973348 -2.08914832 -2.09741771 -2.16810445 -2.13733711 -2.13660227
  -2.13890102 -2.15555295 -2.17376028 -2.17970588 -2.16275634 -2.16546565
  -2.13674056 -2.15359082 -2.1943796  -2.162411   -2.16948459 -2.1568597
  -2.15919576 -2.17829014 -2.16896332 -2.19527424]
 [-0.81454319 -0.98530347 -1.2546649  -1.39542369 -1.54945007 -1.63304733
  -1.67754737 -1.77305778 -1.78870198 -1.76088069 -1.92842732 -1.88155529
  -1.92695498 -1.93814443 -2.03870254 -1.970443   -2.08908126 -2.02108061
  -2.09287111 -2.09277353 -2.14458175 -2.11427251 -2.1801861  -2.0904996
  -2.10391006 -2.14042631 -2.14732803 -2.16645552 -2.11881171 -2.1679196
  -2.1657943  -2.15119923 -2.17247316 -2.11812167 -2.17502357 -2.17229307
  -2.08895015 -2.12868547 -2.1580527  -2.12723636]
 [-0.68507539 -0.89721689 -1.16661541 -1.35571128 -1.47240107 -1.44210035
  -1.52348522 -1.57684019 -1.74068212 -1.64849312 -1.71241194 -1.85406352
  -1.81156882 -1.91416821 -1.9170236  -1.85316792 -1.88274475 -1.93453531
  -1.93080242 -1.96626497 -1.96665117 -1.93459199 -1.95969968 -1.9931748
  -1.92928132 -1.90538005 -1.97751834 -1.91828639 -1.91940924 -1.93146037
  -1.98513253 -1.93463245 -2.01727767 -2.0688748  -1.93633367 -1.8980323
  -1.98260261 -2.01401942 -1.93371086 -2.03665018]
 [-0.69532003 -0.9391247  -1.10943521 -1.29896206 -1.3287834  -1.42676875
  -1.47898764 -1.52269315 -1.57316082 -1.66813308 -1.65475922 -1.73586745
  -1.7575072  -1.77362475 -1.74038265 -1.76236069 -1.80232786 -1.79764248
  -1.69825507 -1.7389429  -1.82586428 -1.70930225 -1.78819576 -1.74481171
  -1.80400479 -1.68260065 -1.71110697 -1.70209705 -1.74914682 -1.76339162
  -1.69538741 -1.88164718 -1.74577059 -1.68667542 -1.772845   -1.74919938
  -1.67869692 -1.76395934 -1.72205984 -1.77689436]
 [-0.72357176 -0.86258191 -1.00369248 -1.26553106 -1.24902029 -1.38141778
  -1.43796479 -1.45539485 -1.52653391 -1.5318724  -1.56719042 -1.6756368
  -1.50437264 -1.58296948 -1.70450555 -1.62074128 -1.53712874 -1.55090722
  -1.55033104 -1.62532377 -1.59651244 -1.6020871  -1.5106627  -1.4667116
  -1.50396721 -1.58484726 -1.55922232 -1.48827661 -1.50043776 -1.48816297
  -1.51621882 -1.47965939 -1.47938824 -1.47438381 -1.4731395  -1.37278839
  -1.57168208 -1.46672013 -1.46291263 -1.42323017]
 [-0.62634178 -0.82036702 -1.07350017 -1.07195201 -1.02388206 -1.12926596
  -1.27228358 -1.27223596 -1.41082942 -1.35360065 -1.30786766 -1.40294787
  -1.46217266 -1.34137221 -1.29613495 -1.36315157 -1.26739786 -1.21129557
  -1.25093746 -1.13804689 -1.13479768 -1.17618824 -1.25145532 -1.25871285
  -1.16149979 -1.16791954 -1.1829728  -1.1601353  -1.12801522 -1.05562965
  -1.03477547 -1.057813   -1.05213376 -1.12829148 -1.00770925 -0.97916408
  -1.03573187 -1.1515211  -0.98037889 -1.0903676 ]]
