args:  Namespace(ndim=1, attack='fgm', l2=0)
lin_fgm_1D_0_model.pt
elapsed time: 2538.0709479999996
mins: [[-0.62159818 -0.62159818 -0.62159818 -0.62159818 -0.62159818 -0.62159818
  -0.62159818 -0.62159818 -0.62159818 -0.62159818 -0.62159818 -0.62159818
  -0.62159818 -0.62159818 -0.62159818 -0.62159818 -0.62159818 -0.62159818
  -0.62159818 -0.62159818 -0.62159818 -0.62159818 -0.62159818 -0.62159818
  -0.62159818 -0.62159818 -0.62159818 -0.62159818 -0.62159818 -0.62159818
  -0.62159818 -0.62159818 -0.62159818 -0.62159818 -0.62159818 -0.62159818
  -0.62159818 -0.62159818 -0.62159818 -0.62159818]
 [-0.62159818 -0.62159818 -0.62159818 -0.62159818 -0.62159818 -0.62159818
  -0.62159818 -0.62159818 -0.62159818 -0.62159818 -0.62159818 -0.62159818
  -0.62159818 -0.62159818 -0.62159818 -0.62159818 -0.62159818 -0.62159818
  -0.62159818 -0.62159818 -0.62159818 -0.62159818 -0.62159818 -0.62159818
  -0.62159818 -0.62159818 -0.62159818 -0.62159818 -0.62159818 -0.62159818
  -0.62159818 -0.62159818 -0.62159818 -0.62159818 -0.62159818 -0.62159818
  -0.62159818 -0.62159818 -0.62159818 -0.62159818]
 [-0.62159818 -0.62159818 -0.62159818 -0.62159818 -0.62159818 -0.62159818
  -0.62159818 -0.62159818 -0.62159818 -0.62159818 -0.62159818 -0.62159818
  -0.62159818 -0.62159818 -0.62159818 -0.62159818 -0.62159818 -0.62159818
  -0.62159818 -0.62159818 -0.62159818 -0.62159818 -0.62159818 -0.62159818
  -0.62159818 -0.62159818 -0.62159818 -0.62159818 -0.62159818 -0.62159818
  -0.62159818 -0.62159818 -0.62159818 -0.62159818 -0.62159818 -0.62159818
  -0.62159818 -0.62159818 -0.62159818 -0.62159818]
 [-0.62159818 -0.62159818 -0.62159818 -0.62159818 -0.62159818 -0.62159818
  -0.62159818 -0.62159818 -0.62159818 -0.62159818 -0.62159818 -0.62159818
  -0.62159818 -0.62159818 -0.62159818 -0.62159818 -0.62159818 -0.62159818
  -0.62159818 -0.62159818 -0.62159818 -0.62159818 -0.62159818 -0.62159818
  -0.62159818 -0.62159818 -0.62159818 -0.62159818 -0.62159818 -0.62159818
  -0.62159818 -0.62159818 -0.62159818 -0.62159818 -0.62159818 -0.62159818
  -0.62159818 -0.62159818 -0.62159818 -0.62159818]
 [-0.62159818 -0.62159818 -0.62159818 -0.62159818 -0.62159818 -0.62159818
  -0.62159818 -0.62159818 -0.62159818 -0.62159818 -0.62159818 -0.62159818
  -0.62159818 -0.62159818 -0.62159818 -0.62159818 -0.62159818 -0.62159818
  -0.62159818 -0.62159818 -0.62159818 -0.62159818 -0.62159818 -0.62159818
  -0.62159818 -0.62159818 -0.62159818 -0.62159818 -0.62159818 -0.62159818
  -0.62159818 -0.62159818 -0.62159818 -0.62159818 -0.62159818 -0.62159818
  -0.62159818 -0.62159818 -0.62159818 -0.62159818]
 [-0.62159818 -0.62159818 -0.62159818 -0.62159818 -0.62159818 -0.62159818
  -0.62159818 -0.62159818 -0.62159818 -0.62159818 -0.62159818 -0.62159818
  -0.62159818 -0.62159818 -0.62159818 -0.62159818 -0.62159818 -0.62159818
  -0.62159818 -0.62159818 -0.62159818 -0.62159818 -0.62159818 -0.62159818
  -0.62159818 -0.62159818 -0.62159818 -0.62159818 -0.62159818 -0.62159818
  -0.62159818 -0.62159818 -0.62159818 -0.62159818 -0.62159818 -0.62159818
  -0.62159818 -0.62159818 -0.62159818 -0.62159818]
 [-0.62159818 -0.62159818 -0.62159818 -0.62159818 -0.62159818 -0.62159818
  -0.62159818 -0.62159818 -0.62159818 -0.62159818 -0.62159818 -0.62159818
  -0.62159818 -0.62159818 -0.62159818 -0.62159818 -0.62159818 -0.62159818
  -0.62159818 -0.62159818 -0.62159818 -0.62159818 -0.62159818 -0.62159818
  -0.62159818 -0.62159818 -0.62159818 -0.62159818 -0.62159818 -0.62159818
  -0.62159818 -0.62159818 -0.62159818 -0.62159818 -0.62159818 -0.62159818
  -0.62159818 -0.62159818 -0.62159818 -0.62159818]
 [-0.62159818 -0.62159818 -0.62159818 -0.62159818 -0.62159818 -0.62159818
  -0.62159818 -0.62159818 -0.62159818 -0.62159818 -0.62159818 -0.62159818
  -0.62159818 -0.62159818 -0.62159818 -0.62159818 -0.62159818 -0.62159818
  -0.62159818 -0.62159818 -0.62159818 -0.62159818 -0.62159818 -0.62159818
  -0.62159818 -0.62159818 -0.62159818 -0.62159818 -0.62159818 -0.62159818
  -0.62159818 -0.62159818 -0.62159818 -0.62159818 -0.62159818 -0.62159818
  -0.62159818 -0.62159818 -0.62159818 -0.62159818]
 [-0.62159818 -0.62159818 -0.62159818 -0.62159818 -0.62159818 -0.62159818
  -0.62159818 -0.62159818 -0.62159818 -0.62159818 -0.62159818 -0.62159818
  -0.62159818 -0.62159818 -0.62159818 -0.62159818 -0.62159818 -0.62159818
  -0.62159818 -0.62159818 -0.62159818 -0.62159818 -0.62159818 -0.62159818
  -0.62159818 -0.62159818 -0.62159818 -0.62159818 -0.62159818 -0.62159818
  -0.62159818 -0.62159818 -0.62159818 -0.62159818 -0.62159818 -0.62159818
  -0.62159818 -0.62159818 -0.62159818 -0.62159818]
 [-0.62159818 -0.62159818 -0.62159818 -0.62159818 -0.62159818 -0.62159818
  -0.62159818 -0.62159818 -0.62159818 -0.62159818 -0.62159818 -0.62159818
  -0.62159818 -0.62159818 -0.62159818 -0.62159818 -0.62159818 -0.62159818
  -0.62159818 -0.62159818 -0.62159818 -0.62159818 -0.62159818 -0.62159818
  -0.62159818 -0.62159818 -0.62159818 -0.62159818 -0.62159818 -0.62159818
  -0.62159818 -0.62159818 -0.62159818 -0.62159818 -0.62159818 -0.62159818
  -0.62159818 -0.62159818 -0.62159818 -0.62159818]
 [-0.62159818 -0.62159818 -0.62159818 -0.62159818 -0.62159818 -0.62159818
  -0.62159818 -0.62159818 -0.62159818 -0.62159818 -0.62159818 -0.62159818
  -0.62159818 -0.62159818 -0.62159818 -0.62159818 -0.62159818 -0.62159818
  -0.62159818 -0.62159818 -0.62159818 -0.62159818 -0.62159818 -0.62159818
  -0.62159818 -0.62159818 -0.62159818 -0.62159818 -0.62159818 -0.62159818
  -0.62159818 -0.62159818 -0.62159818 -0.62159818 -0.62159818 -0.62159818
  -0.62159818 -0.62159818 -0.62159818 -0.62159818]
 [-0.62159818 -0.62159818 -0.62159818 -0.62159818 -0.62159818 -0.62159818
  -0.62159818 -0.62159818 -0.62159818 -0.62159818 -0.62159818 -0.62159818
  -0.62159818 -0.62159818 -0.62159818 -0.62159818 -0.62159818 -0.62159818
  -0.62159818 -0.62159818 -0.62159818 -0.62159818 -0.62159818 -0.62159818
  -0.62159818 -0.62159818 -0.62159818 -0.62159818 -0.62159818 -0.62159818
  -0.62159818 -0.62159818 -0.62159818 -0.62159818 -0.62159818 -0.62159818
  -0.62159818 -0.62159818 -0.62159818 -0.62159818]
 [-0.62159818 -0.62159818 -0.62159818 -0.62159818 -0.62159818 -0.62159818
  -0.62159818 -0.62159818 -0.62159818 -0.62159818 -0.62159818 -0.62159818
  -0.62159818 -0.62159818 -0.62159818 -0.62159818 -0.62159818 -0.62159818
  -0.62159818 -0.62159818 -0.62159818 -0.62159818 -0.62159818 -0.62159818
  -0.62159818 -0.62159818 -0.62159818 -0.62159818 -0.62159818 -0.62159818
  -0.62159818 -0.62159818 -0.62159818 -0.62159818 -0.62159818 -0.62159818
  -0.62159818 -0.62159818 -0.62159818 -0.62159818]
 [-0.62159818 -0.62159818 -0.62159818 -0.62159818 -0.62159818 -0.62159818
  -0.62159818 -0.62159818 -0.62159818 -0.62159818 -0.62159818 -0.62159818
  -0.62159818 -0.62159818 -0.62159818 -0.62159818 -0.62159818 -0.62159818
  -0.62159818 -0.62159818 -0.62159818 -0.62159818 -0.62159818 -0.62159818
  -0.62159818 -0.62159818 -0.62159818 -0.62159818 -0.62159818 -0.62159818
  -0.62159818 -0.62159818 -0.62159818 -0.62159818 -0.62159818 -0.62159818
  -0.62159818 -0.62159818 -0.62159818 -0.62159818]
 [-0.62159818 -0.62159818 -0.62159818 -0.62159818 -0.62159818 -0.62159818
  -0.62159818 -0.62159818 -0.62159818 -0.62159818 -0.62159818 -0.62159818
  -0.62159818 -0.62159818 -0.62159818 -0.62159818 -0.62159818 -0.62159818
  -0.62159818 -0.62159818 -0.62159818 -0.62159818 -0.62159818 -0.62159818
  -0.62159818 -0.62159818 -0.62159818 -0.62159818 -0.62159818 -0.62159818
  -0.62159818 -0.62159818 -0.62159818 -0.62159818 -0.62159818 -0.62159818
  -0.62159818 -0.62159818 -0.62159818 -0.62159818]
 [-0.62159818 -0.62159818 -0.62159818 -0.62159818 -0.62159818 -0.62159818
  -0.62159818 -0.62159818 -0.62159818 -0.62159818 -0.62159818 -0.62159818
  -0.62159818 -0.62159818 -0.62159818 -0.62159818 -0.62159818 -0.62159818
  -0.62159818 -0.62159818 -0.62159818 -0.62159818 -0.62159818 -0.62159818
  -0.62159818 -0.62159818 -0.62159818 -0.62159818 -0.62159818 -0.62159818
  -0.62159818 -0.62159818 -0.62159818 -0.62159818 -0.62159818 -0.62159818
  -0.62159818 -0.62159818 -0.62159818 -0.62159818]
 [-0.62159818 -0.62159818 -0.62159818 -0.62159818 -0.62159818 -0.62159818
  -0.62159818 -0.62159818 -0.62159818 -0.62159818 -0.62159818 -0.62159818
  -0.62159818 -0.62159818 -0.62159818 -0.62159818 -0.62159818 -0.62159818
  -0.62159818 -0.62159818 -0.62159818 -0.62159818 -0.62159818 -0.62159818
  -0.62159818 -0.62159818 -0.62159818 -0.62159818 -0.62159818 -0.62159818
  -0.62159818 -0.62159818 -0.62159818 -0.62159818 -0.62159818 -0.62159818
  -0.62159818 -0.62159818 -0.62159818 -0.62159818]]
maxs: [[ 0.62159818  0.62159818  0.62159818  0.62159818  0.62159818  0.62159818
   0.62159818  0.62159818  0.62159818  0.62159818  0.62159818  0.62159818
   0.62159818  0.62159818  0.62159818  0.62159818  0.62159818  0.62159818
   0.62159818  0.62159818  0.62159818  0.62159818 -0.62159818  0.62159818
   0.62159818 -0.62159818  0.62159818  0.62159818  0.62159818 -0.62159818
   0.62159818  0.62159818 -0.62159818  0.62159818 -0.62159818 -0.62159818
  -0.62159818 -0.62159818 -0.62159818 -0.62159818]
 [ 0.62159818  0.62159818  0.62159818  0.62159818  0.62159818  0.62159818
   0.62159818  0.62159818  0.62159818  0.62159818  0.62159818  0.62159818
   0.62159818  0.62159818  0.62159818  0.62159818  0.62159818  0.15914197
   0.62159818  0.62159818  0.62159818  0.62159818  0.62159818  0.62159818
   0.20698494  0.62159818  0.62159818  0.62159818  0.27064264  0.62159818
  -0.13402821  0.62159818 -0.18463658  0.20032325 -0.04329751 -0.62159818
   0.0252188   0.02732381 -0.62159818 -0.62159818]
 [ 0.62159818  0.62159818  0.62159818  0.62159818  0.62159818  0.62159818
   0.62159818  0.62159818  0.62159818  0.62159818  0.62159818  0.62159818
   0.62159818  0.62159818  0.62159818  0.46944565  0.62159818  0.48298007
   0.54278511  0.62159818  0.62159818  0.62159818  0.57269162  0.29516804
   0.62159818  0.62159818  0.51156014  0.62159818  0.62159818  0.60664988
   0.58655316  0.50669897 -0.57774276  0.01324438 -0.62159818  0.62159818
   0.28194201  0.31353247  0.62159818  0.62159818]
 [ 0.62159818  0.62159818  0.62159818  0.62159818  0.62159818  0.62159818
   0.62159818  0.62159818  0.62159818  0.62159818  0.62159818  0.62159818
   0.62159818  0.54518747  0.62159818  0.62159818  0.62159818  0.62159818
   0.56624985  0.62159818  0.62159818  0.62159818  0.62159818  0.62159818
   0.51644117  0.16954243  0.62159818  0.62159818  0.30943108  0.62159818
   0.24269089  0.62159818  0.62159818  0.62159818  0.29915455  0.62159818
   0.56860554  0.19459504 -0.45772645  0.10815872]
 [ 0.62159818  0.62159818  0.62159818  0.62159818  0.62159818  0.62159818
   0.62159818  0.62159818  0.62159818  0.62159818  0.62159818  0.62159818
   0.62159818  0.62159818  0.62159818  0.62159818  0.62159818  0.62159818
   0.62159818  0.62159818  0.62159818  0.29215282  0.62159818  0.62159818
   0.62159818  0.62159818  0.62159818  0.62159818  0.61248177  0.58970231
   0.62159818  0.52006429  0.38858527  0.62159818  0.62159818  0.58984053
   0.62159818  0.1772882  -0.60080117  0.40966344]
 [ 0.62159818  0.62159818  0.62159818  0.62159818  0.62159818  0.62159818
   0.62159818  0.62159818  0.62159818  0.62159818  0.62159818  0.62159818
   0.62159818  0.62159818  0.62159818  0.62159818  0.60843384  0.62159818
   0.62159818  0.62159818  0.62159818  0.62159818  0.62159818  0.58329439
   0.62159818  0.62159818  0.62159818  0.62159818  0.62159818  0.60728651
   0.62159818  0.48843139  0.59013754  0.62159818  0.53953749  0.08988786
   0.62159818  0.62159818  0.62159818  0.58641565]
 [ 0.62159818  0.62159818  0.62159818  0.62159818  0.62159818  0.62159818
   0.62159818  0.62159818  0.62159818  0.62159818  0.62159818  0.62159818
   0.62159818  0.62159818  0.62159818  0.62159818  0.62159818  0.62159818
   0.62159818  0.62159818  0.57919353  0.62159818  0.62159818  0.62159818
   0.48757225  0.62159818  0.62159818  0.62159818  0.62159818  0.62159818
   0.40634346  0.62159818  0.62159818  0.62159818  0.30411446  0.57939816
   0.56501913  0.61612821  0.62159818  0.62159818]
 [ 0.62159818  0.62159818  0.62159818  0.62159818  0.62159818  0.62159818
   0.62159818  0.62159818  0.62159818  0.62159818  0.62159818  0.62159818
   0.62159818  0.62159818  0.62159818  0.62159818  0.62159818  0.62159818
   0.62159818  0.62159818  0.62159818  0.62159818  0.62159818  0.62159818
   0.62159818  0.62159818  0.62159818  0.62159818  0.30792928  0.09321776
   0.62159818  0.62159818  0.62159818  0.62159818  0.58795655  0.62159818
   0.62159818  0.62159818  0.62159818  0.27823409]
 [ 0.62159818  0.62159818  0.62159818  0.62159818  0.62159818  0.62159818
   0.62159818  0.62159818  0.62159818  0.62159818  0.62159818  0.62159818
   0.62159818  0.62159818  0.62159818  0.62159818  0.62159818  0.62159818
   0.62159818  0.62159818  0.62159818  0.62159818  0.62159818  0.62159818
   0.62159818  0.61401975  0.57775366  0.62159818  0.62159818  0.62159818
   0.62159818  0.62159818  0.1836772   0.62159818  0.62159818  0.62159818
   0.62159818  0.62159818  0.62159818  0.62159818]
 [ 0.62159818  0.62159818  0.62159818  0.62159818  0.62159818  0.62159818
   0.62159818  0.62159818  0.62159818  0.62159818  0.62159818  0.62159818
   0.62159818  0.62159818  0.62159818  0.62159818  0.62159818  0.62159818
   0.62159818  0.62159818  0.62159818  0.62159818  0.62159818  0.62159818
   0.62159818  0.62159818  0.62159818  0.62159818  0.62159818  0.62159818
   0.62159818  0.62159818  0.62159818  0.62159818  0.62159818  0.62159818
   0.62159818  0.62159818  0.62159818  0.62159818]
 [ 0.62159818  0.62159818  0.62159818  0.62159818  0.62159818  0.62159818
   0.62159818  0.62159818  0.62159818  0.62159818  0.62159818  0.62159818
   0.62159818  0.62159818  0.62159818  0.62159818  0.62159818  0.62159818
   0.62159818  0.53262436  0.62159818  0.62159818  0.55457777  0.62159818
   0.62159818  0.62159818  0.62159818  0.62159818  0.62159818  0.62159818
   0.46719077  0.62159818  0.62159818  0.62159818  0.62159818  0.229315
   0.62159818  0.62159818  0.62159818  0.62159818]
 [ 0.62159818  0.62159818  0.62159818  0.62159818  0.62159818  0.62159818
   0.62159818  0.62159818  0.62159818  0.62159818  0.62159818  0.62159818
   0.62159818  0.62159818  0.62159818  0.62159818  0.62159818  0.62159818
   0.62159818  0.62159818  0.62159818  0.62159818  0.62159818  0.62159818
   0.62159818  0.62159818  0.62159818  0.62159818  0.62159818  0.62159818
   0.58388168  0.62159818  0.62159818  0.62159818  0.62159818  0.61468387
   0.62159818  0.52308953  0.62159818  0.62159818]
 [ 0.62159818  0.62159818  0.62159818  0.62159818  0.62159818  0.62159818
   0.62159818  0.62159818  0.62159818  0.62159818  0.62159818  0.62159818
   0.62159818  0.62159818  0.62159818  0.62159818  0.62159818  0.62159818
   0.62159818  0.62159818  0.62159818  0.62159818  0.62159818  0.62159818
   0.60511267  0.62159818  0.62159818  0.62159818  0.62159818  0.62159818
   0.62159818  0.58479714  0.62159818  0.62159818  0.59103847  0.62159818
   0.62159818  0.62159818  0.62159818  0.62159818]
 [ 0.62159818  0.62159818  0.62159818  0.62159818  0.62159818  0.62159818
   0.62159818  0.62159818  0.62159818  0.62159818  0.62159818  0.62159818
   0.62159818  0.62159818  0.62159818  0.62159818  0.62159818  0.62159818
   0.62159818  0.62159818  0.62159818  0.62159818  0.62159818  0.62159818
   0.62159818  0.62159818  0.62159818  0.62159818  0.62159818  0.62159818
   0.62159818  0.62159818  0.62159818  0.62159818  0.62159818  0.62159818
   0.62159818  0.62159818  0.62159818  0.62159818]
 [ 0.62159818  0.62159818  0.62159818  0.62159818  0.62159818  0.62159818
   0.62159818  0.62159818  0.62159818  0.62159818  0.62159818  0.62159818
   0.62159818  0.62159818  0.62159818  0.62159818  0.62159818  0.62159818
   0.62159818  0.62159818  0.62159818  0.62159818  0.62159818  0.62159818
   0.62159818  0.62159818  0.62159818  0.62159818  0.62159818  0.62159818
   0.62159818  0.62159818  0.62159818  0.62159818  0.62159818  0.62159818
   0.62159818  0.62159818  0.62159818  0.62159818]
 [ 0.62159818  0.62159818  0.62159818  0.62159818  0.62159818  0.62159818
   0.62159818  0.62159818  0.62159818  0.62159818  0.62159818  0.62159818
   0.62159818  0.62159818  0.62159818  0.62159818  0.62159818  0.62159818
   0.62159818  0.62159818  0.62159818  0.62159818  0.62159818  0.62159818
   0.62159818  0.62159818  0.62159818  0.62159818  0.62159818  0.62159818
   0.62159818  0.62159818  0.62159818  0.62159818  0.62159818  0.62159818
   0.62159818  0.62159818  0.62159818  0.62159818]
 [ 0.62159818  0.62159818  0.62159818  0.62159818  0.62159818  0.62159818
   0.62159818  0.62159818  0.62159818  0.62159818  0.62159818  0.62159818
   0.62159818  0.62159818  0.62159818  0.62159818  0.62159818  0.62159818
   0.62159818  0.62159818  0.62159818  0.62159818  0.62159818  0.62159818
   0.62159818  0.62159818  0.62159818  0.62159818  0.62159818  0.62159818
   0.62159818  0.62159818  0.62159818  0.62159818  0.62159818  0.62159818
   0.62159818  0.62159818  0.62159818  0.62159818]]
test_losses: [[-0.31261822 -0.33151903 -0.38469568 -0.39394445 -0.41439879 -0.48484658
  -0.52117289 -0.53043045 -0.56772634 -0.58844628 -0.52628646 -0.58015831
  -0.55529438 -0.57187033 -0.59259027 -0.59673426 -0.57601432 -0.60916622
  -0.61331021 -0.59673426 -0.61331021 -0.61331021 -0.62159818 -0.60502223
  -0.6174542  -0.62159818 -0.61331021 -0.61331021 -0.6174542  -0.62159818
  -0.6174542  -0.6174542  -0.62159818 -0.6174542  -0.62159818 -0.62159818
  -0.62159818 -0.62159818 -0.62159818 -0.62159818]
 [-0.24088074 -0.37180681 -0.36741372 -0.38644318 -0.45745967 -0.49895545
  -0.50587013 -0.48490771 -0.513708   -0.54404483 -0.54590738 -0.56775363
  -0.56261066 -0.57400469 -0.60637627 -0.57331048 -0.58098201 -0.6101486
  -0.60206836 -0.60747604 -0.61023464 -0.6151449  -0.61042298 -0.60783074
  -0.61694248 -0.61574132 -0.60916622 -0.61597845 -0.61305568 -0.61279549
  -0.61889184 -0.61716914 -0.61791848 -0.61859594 -0.6192161  -0.62159818
  -0.61944213 -0.61923467 -0.62159818 -0.62159818]
 [-0.26919332 -0.29713469 -0.36747801 -0.41802838 -0.44348557 -0.48657664
  -0.5145652  -0.52565139 -0.52639423 -0.54658951 -0.55257783 -0.58319209
  -0.55120993 -0.56284981 -0.57311618 -0.58379677 -0.59744137 -0.59024992
  -0.59415259 -0.59005037 -0.59720613 -0.60195711 -0.61311796 -0.61028626
  -0.61383662 -0.60491274 -0.60858199 -0.6100957  -0.61036494 -0.6079898
  -0.61521114 -0.61278577 -0.62134344 -0.61875644 -0.62159818 -0.61384928
  -0.61385794 -0.61829734 -0.61443704 -0.61103454]
 [-0.26160843 -0.33188688 -0.33041454 -0.41991855 -0.44616821 -0.43988459
  -0.4962282  -0.47253057 -0.50512385 -0.52026325 -0.54682221 -0.55583884
  -0.54480894 -0.56327777 -0.56268619 -0.59805552 -0.58774036 -0.60185121
  -0.60319627 -0.59652093 -0.59934907 -0.58968488 -0.58428176 -0.600954
  -0.59695291 -0.60985048 -0.60427844 -0.60486963 -0.6044644  -0.61628761
  -0.61507298 -0.6125142  -0.61430592 -0.60842266 -0.61333352 -0.61354267
  -0.61019426 -0.6114866  -0.62105194 -0.61632166]
 [-0.25444906 -0.3132625  -0.34316919 -0.40759456 -0.42090072 -0.46876146
  -0.46841263 -0.48284165 -0.49356962 -0.51880425 -0.53761076 -0.58459396
  -0.5518422  -0.57117721 -0.54485763 -0.57349616 -0.56100694 -0.57007443
  -0.57478341 -0.5822427  -0.58172749 -0.58684607 -0.58581084 -0.59116514
  -0.60101853 -0.59535207 -0.58279628 -0.59419945 -0.60269863 -0.59046634
  -0.59449535 -0.61393847 -0.60649809 -0.61362222 -0.61589995 -0.61314679
  -0.6072813  -0.61365733 -0.62152886 -0.61564123]
 [-0.24981391 -0.29770795 -0.34999723 -0.43068093 -0.39523023 -0.48511912
  -0.4714523  -0.50534634 -0.50435392 -0.51740917 -0.47361848 -0.52552552
  -0.51812355 -0.52837564 -0.5495262  -0.55507927 -0.56932051 -0.59479877
  -0.57809745 -0.58243098 -0.59130275 -0.57331749 -0.58585079 -0.58754185
  -0.57959553 -0.59626002 -0.60697205 -0.58354045 -0.59839674 -0.60769162
  -0.59941237 -0.59949098 -0.60975625 -0.5906996  -0.5946554  -0.61922656
  -0.60954828 -0.61250879 -0.6078114  -0.60679642]
 [-0.22514796 -0.29742272 -0.37598707 -0.39688527 -0.44741595 -0.42864415
  -0.46284658 -0.50159212 -0.4856711  -0.51674474 -0.51023202 -0.53033249
  -0.55258851 -0.55248792 -0.54425977 -0.54812416 -0.55986132 -0.57103141
  -0.56358136 -0.57128265 -0.59569219 -0.56798277 -0.57611996 -0.57249537
  -0.58237322 -0.58917363 -0.57622233 -0.59850572 -0.56640863 -0.58702058
  -0.60468454 -0.60512974 -0.6097981  -0.58869373 -0.61072041 -0.60576975
  -0.61012159 -0.61099402 -0.61225094 -0.60340628]
 [-0.28202304 -0.2655657  -0.36584932 -0.38369792 -0.37706729 -0.42052265
  -0.45398954 -0.51001041 -0.49097089 -0.4545717  -0.51129123 -0.52216602
  -0.51627055 -0.5602834  -0.55047755 -0.54327941 -0.54719639 -0.5767928
  -0.53137486 -0.56198566 -0.57132711 -0.55830652 -0.56734414 -0.5969017
  -0.58052316 -0.5859067  -0.6071362  -0.57952433 -0.60846836 -0.61061086
  -0.58094836 -0.60289755 -0.59659541 -0.59621515 -0.61008833 -0.59232848
  -0.605161   -0.59484795 -0.60444751 -0.61695436]
 [-0.21752108 -0.25412482 -0.36068679 -0.38592732 -0.42751122 -0.42147988
  -0.45490671 -0.50358493 -0.47287918 -0.50324111 -0.52755034 -0.53450815
  -0.53092689 -0.54747811 -0.55779515 -0.53690707 -0.54729702 -0.54778189
  -0.56561811 -0.56935125 -0.55813084 -0.55910168 -0.57327954 -0.57705591
  -0.59642976 -0.57877355 -0.58810823 -0.58547412 -0.58448354 -0.59346708
  -0.58759181 -0.58594167 -0.60869395 -0.58575019 -0.59159729 -0.60058047
  -0.59995614 -0.59372228 -0.60167403 -0.59686242]
 [-0.19092283 -0.27871935 -0.29936707 -0.35941941 -0.44442549 -0.43958652
  -0.50662828 -0.483806   -0.51169955 -0.52155588 -0.52895203 -0.50524736
  -0.56420051 -0.51841948 -0.5102063  -0.55516825 -0.53362457 -0.52505677
  -0.53286059 -0.56963645 -0.50136785 -0.57520099 -0.57210855 -0.56709507
  -0.56670367 -0.56751093 -0.55672598 -0.59438707 -0.59203228 -0.59536309
  -0.58636095 -0.58788863 -0.58652203 -0.58945661 -0.58567822 -0.5991926
  -0.60432034 -0.60035013 -0.59709048 -0.59358081]
 [-0.23057201 -0.25463528 -0.31925932 -0.40518947 -0.40357284 -0.44577542
  -0.4418439  -0.46374218 -0.50237891 -0.48177828 -0.50027304 -0.50854909
  -0.49701121 -0.55641794 -0.49291651 -0.54499655 -0.53980488 -0.53787231
  -0.57725921 -0.56901324 -0.53723758 -0.53891475 -0.57658265 -0.55899174
  -0.57057351 -0.56920367 -0.58484668 -0.5674147  -0.59966691 -0.60327124
  -0.58389222 -0.57229313 -0.58513869 -0.59833633 -0.59353726 -0.6083481
  -0.57013073 -0.59810059 -0.59266209 -0.58414534]
 [-0.20612596 -0.25317995 -0.37528111 -0.34215571 -0.39988163 -0.4603639
  -0.46079008 -0.46171605 -0.47055372 -0.48309343 -0.49984253 -0.49797327
  -0.53024542 -0.53496813 -0.51334338 -0.52906978 -0.55374608 -0.51040164
  -0.5638952  -0.54059682 -0.5589396  -0.55072943 -0.57632981 -0.55316537
  -0.58285816 -0.57099575 -0.58621525 -0.54014985 -0.55825739 -0.55266931
  -0.57455554 -0.58449225 -0.57917606 -0.57824809 -0.59419543 -0.6037151
  -0.59418782 -0.58870167 -0.57772355 -0.58031907]
 [-0.20613263 -0.25931    -0.31055992 -0.37290644 -0.38728839 -0.38886972
  -0.43428199 -0.46671634 -0.48426348 -0.47674681 -0.50941952 -0.47821619
  -0.48258631 -0.51185166 -0.52661622 -0.49917489 -0.51995698 -0.52847877
  -0.56323212 -0.55416397 -0.53625716 -0.55046804 -0.56255296 -0.56116032
  -0.55927017 -0.53823957 -0.5521018  -0.5616207  -0.56240322 -0.57216115
  -0.57721986 -0.57558548 -0.56481395 -0.58884908 -0.56540816 -0.57786684
  -0.59549795 -0.58853713 -0.58661327 -0.58205198]
 [-0.22351767 -0.24722958 -0.31231335 -0.33546051 -0.35633615 -0.38157476
  -0.44217659 -0.4251751  -0.43862114 -0.41849107 -0.46748542 -0.47718278
  -0.46400012 -0.47831994 -0.49026158 -0.47353583 -0.51924245 -0.45404581
  -0.47722475 -0.47565398 -0.5170069  -0.46405037 -0.47906218 -0.48580236
  -0.51769658 -0.51767279 -0.49564192 -0.54084628 -0.51269322 -0.50296696
  -0.49239569 -0.48793613 -0.50512703 -0.49635674 -0.54930889 -0.52875393
  -0.53232378 -0.5251206  -0.52458436 -0.48567277]
 [-0.21502166 -0.2478296  -0.26481717 -0.34376902 -0.31831293 -0.43398186
  -0.38933217 -0.36994812 -0.43970667 -0.41631266 -0.39726131 -0.39863342
  -0.43939796 -0.42828276 -0.4136876  -0.44494775 -0.43466399 -0.41315303
  -0.44435041 -0.43178739 -0.4627682  -0.411832   -0.42855887 -0.42626743
  -0.44386315 -0.41178566 -0.43675024 -0.49499886 -0.44650154 -0.42084808
  -0.45746791 -0.44383836 -0.48478931 -0.50177789 -0.49267445 -0.45833105
  -0.4390926  -0.44899279 -0.45871265 -0.48039495]
 [-0.20724873 -0.23699315 -0.28716758 -0.32280621 -0.38053786 -0.39428377
  -0.37315134 -0.34934183 -0.38854313 -0.34353393 -0.37176766 -0.37220798
  -0.37547828 -0.40880013 -0.37411646 -0.3671965  -0.38205912 -0.37278543
  -0.42653979 -0.41569908 -0.37921049 -0.37812937 -0.35946105 -0.36849905
  -0.40804363 -0.40120983 -0.37772802 -0.37892195 -0.38856088 -0.36785829
  -0.36945263 -0.37648884 -0.41180327 -0.36439624 -0.38022617 -0.35623227
  -0.36828562 -0.38795052 -0.35728224 -0.3744935 ]
 [-0.19561382 -0.23784484 -0.26318236 -0.29113322 -0.31401239 -0.32228131
  -0.3005054  -0.29117649 -0.3206266  -0.32797001 -0.32624937 -0.30907665
  -0.32671531 -0.32351332 -0.31785446 -0.3277889  -0.29723798 -0.31770297
  -0.276312   -0.25920782 -0.31330612 -0.28436766 -0.28386099 -0.29516741
  -0.29709496 -0.28703894 -0.29845697 -0.2868859  -0.28072737 -0.22664873
  -0.2448008  -0.2438015  -0.24398522 -0.2964609  -0.28165852 -0.25236082
  -0.22539025 -0.23861135 -0.28081248 -0.26504252]]
