args:  Namespace(attack='fgm', ndim=1)
elapsed time: 9000.083405969
mins: [[-1.00569689 -1.00569689 -1.00569689 -1.00569689 -1.00569689 -1.00569689
  -1.00569689 -1.00569689 -1.00569689 -1.00569689 -1.00569689 -1.00569689
  -1.00569689 -1.00569689 -1.00569689 -1.00569689 -1.00569689 -1.00569689
  -1.00569689 -1.00569689 -1.00569689 -1.00569689 -1.00569689 -1.00569689
  -1.00569689 -1.00569689 -1.00569689 -1.00569689 -1.00569689 -1.00569689
  -1.00569689 -1.00569689 -1.00569689 -1.00569689 -1.00569689 -1.00569689
  -1.00569689 -1.00569689 -1.00569689 -1.00569689]
 [-1.00569689 -1.00569689 -1.00569689 -1.00569689 -1.00569689 -1.00569689
  -1.00569689 -1.00569689 -1.00569689 -1.00569689 -1.00569689 -1.00569689
  -1.00569689 -1.00569689 -1.00569689 -1.00569689 -1.00569689 -1.00569689
  -1.00569689 -1.00569689 -1.00569689 -1.00569689 -1.00569689 -1.00569689
  -1.00569689 -1.00569689 -1.00569689 -1.00569689 -1.00569689 -1.00569689
  -1.00569689 -1.00569689 -1.00569689 -1.00569689 -1.00569689 -1.00569689
  -1.00569689 -1.00569689 -1.00569689 -1.00569689]
 [-1.00569689 -1.00569689 -1.00569689 -1.00569689 -1.00569689 -1.00569689
  -1.00569689 -1.00569689 -1.00569689 -1.00569689 -1.00569689 -1.00569689
  -1.00569689 -1.00569689 -1.00569689 -1.00569689 -1.00569689 -1.00569689
  -1.00569689 -1.00569689 -1.00569689 -1.00569689 -1.00569689 -1.00569689
  -1.00569689 -1.00569689 -1.00569689 -1.00569689 -1.00569689 -1.00569689
  -1.00569689 -1.00569689 -1.00569689 -1.00569689 -1.00569689 -1.00569689
  -1.00569689 -1.00569689 -1.00569689 -1.00569689]
 [-1.00569689 -1.00569689 -1.00569689 -1.00569689 -1.00569689 -1.00569689
  -1.00569689 -1.00569689 -1.00569689 -1.00569689 -1.00569689 -1.00569689
  -1.00569689 -1.00569689 -1.00569689 -1.00569689 -1.00569689 -1.00569689
  -1.00569689 -1.00569689 -1.00569689 -1.00569689 -1.00569689 -1.00569689
  -1.00569689 -1.00569689 -1.00569689 -1.00569689 -1.00569689 -1.00569689
  -1.00569689 -1.00569689 -1.00569689 -1.00569689 -1.00569689 -1.00569689
  -1.00569689 -1.00569689 -1.00569689 -1.00569689]
 [-1.00569689 -1.00569689 -1.00569689 -1.00569689 -1.00569689 -1.00569689
  -1.00569689 -1.00569689 -1.00569689 -1.00569689 -1.00569689 -1.00569689
  -1.00569689 -1.00569689 -1.00569689 -1.00569689 -1.00569689 -1.00569689
  -1.00569689 -1.00569689 -1.00569689 -1.00569689 -1.00569689 -1.00569689
  -1.00569689 -1.00569689 -1.00569689 -1.00569689 -1.00569689 -1.00569689
  -1.00569689 -1.00569689 -1.00569689 -1.00569689 -1.00569689 -1.00569689
  -1.00569689 -1.00569689 -1.00569689 -1.00569689]
 [-1.00569689 -1.00569689 -1.00569689 -1.00569689 -1.00569689 -1.00569689
  -1.00569689 -1.00569689 -1.00569689 -1.00569689 -1.00569689 -1.00569689
  -1.00569689 -1.00569689 -1.00569689 -1.00569689 -1.00569689 -1.00569689
  -1.00569689 -1.00569689 -1.00569689 -1.00569689 -1.00569689 -1.00569689
  -1.00569689 -1.00569689 -1.00569689 -1.00569689 -1.00569689 -1.00569689
  -1.00569689 -1.00569689 -1.00569689 -1.00569689 -1.00569689 -1.00569689
  -1.00569689 -1.00569689 -1.00569689 -1.00569689]
 [-1.00569689 -1.00569689 -1.00569689 -1.00569689 -1.00569689 -1.00569689
  -1.00569689 -1.00569689 -1.00569689 -1.00569689 -1.00569689 -1.00569689
  -1.00569689 -1.00569689 -1.00569689 -1.00569689 -1.00569689 -1.00569689
  -1.00569689 -1.00569689 -1.00569689 -1.00569689 -1.00569689 -1.00569689
  -1.00569689 -1.00569689 -1.00569689 -1.00569689 -1.00569689 -1.00569689
  -1.00569689 -1.00569689 -1.00569689 -1.00569689 -1.00569689 -1.00569689
  -1.00569689 -1.00569689 -1.00569689 -1.00569689]
 [-1.00569689 -1.00569689 -1.00569689 -1.00569689 -1.00569689 -1.00569689
  -1.00569689 -1.00569689 -1.00569689 -1.00569689 -1.00569689 -1.00569689
  -1.00569689 -1.00569689 -1.00569689 -1.00569689 -1.00569689 -1.00569689
  -1.00569689 -1.00569689 -1.00569689 -1.00569689 -1.00569689 -1.00569689
  -1.00569689 -1.00569689 -1.00569689 -1.00569689 -1.00569689 -1.00569689
  -1.00569689 -1.00569689 -1.00569689 -1.00569689 -1.00569689 -1.00569689
  -1.00569689 -1.00569689 -1.00569689 -1.00569689]
 [-1.00569689 -1.00569689 -1.00569689 -1.00569689 -1.00569689 -1.00569689
  -1.00569689 -1.00569689 -1.00569689 -1.00569689 -1.00569689 -1.00569689
  -1.00569689 -1.00569689 -1.00569689 -1.00569689 -1.00569689 -1.00569689
  -1.00569689 -1.00569689 -1.00569689 -1.00569689 -1.00569689 -1.00569689
  -1.00569689 -1.00569689 -1.00569689 -1.00569689 -1.00569689 -1.00569689
  -1.00569689 -1.00569689 -1.00569689 -1.00569689 -1.00569689 -1.00569689
  -1.00569689 -1.00569689 -1.00569689 -1.00569689]
 [-1.00569689 -1.00569689 -1.00569689 -1.00569689 -1.00569689 -1.00569689
  -1.00569689 -1.00569689 -1.00569689 -1.00569689 -1.00569689 -1.00569689
  -1.00569689 -1.00569689 -1.00569689 -1.00569689 -1.00569689 -1.00569689
  -1.00569689 -1.00569689 -1.00569689 -1.00569689 -1.00569689 -1.00569689
  -1.00569689 -1.00569689 -1.00569689 -1.00569689 -1.00569689 -1.00569689
  -1.00569689 -1.00569689 -1.00569689 -1.00569689 -1.00569689 -1.00569689
  -1.00569689 -1.00569689 -1.00569689 -1.00569689]
 [-1.00569689 -1.00569689 -1.00569689 -1.00569689 -1.00569689 -1.00569689
  -1.00569689 -1.00569689 -1.00569689 -1.00569689 -1.00569689 -1.00569689
  -1.00569689 -1.00569689 -1.00569689 -1.00569689 -1.00569689 -1.00569689
  -1.00569689 -1.00569689 -1.00569689 -1.00569689 -1.00569689 -1.00569689
  -1.00569689 -1.00569689 -1.00569689 -1.00569689 -1.00569689 -1.00569689
  -1.00569689 -1.00569689 -1.00569689 -1.00569689 -1.00569689 -1.00569689
  -1.00569689 -1.00569689 -1.00569689 -1.00569689]
 [-1.00569689 -1.00569689 -1.00569689 -1.00569689 -1.00569689 -1.00569689
  -1.00569689 -1.00569689 -1.00569689 -1.00569689 -1.00569689 -1.00569689
  -1.00569689 -1.00569689 -1.00569689 -1.00569689 -1.00569689 -1.00569689
  -1.00569689 -1.00569689 -1.00569689 -1.00569689 -1.00569689 -1.00569689
  -1.00569689 -1.00569689 -1.00569689 -1.00569689 -1.00569689 -1.00569689
  -1.00569689 -1.00569689 -1.00569689 -1.00569689 -1.00569689 -1.00569689
  -1.00569689 -1.00569689 -1.00569689 -1.00569689]
 [-1.00569689 -1.00569689 -1.00569689 -1.00569689 -1.00569689 -1.00569689
  -1.00569689 -1.00569689 -1.00569689 -1.00569689 -1.00569689 -1.00569689
  -1.00569689 -1.00569689 -1.00569689 -1.00569689 -1.00569689 -1.00569689
  -1.00569689 -1.00569689 -1.00569689 -1.00569689 -1.00569689 -1.00569689
  -1.00569689 -1.00569689 -1.00569689 -1.00569689 -1.00569689 -1.00569689
  -1.00569689 -1.00569689 -1.00569689 -1.00569689 -1.00569689 -1.00569689
  -1.00569689 -1.00569689 -1.00569689 -1.00569689]
 [-1.00569689 -1.00569689 -1.00569689 -1.00569689 -1.00569689 -1.00569689
  -1.00569689 -1.00569689 -1.00569689 -1.00569689 -1.00569689 -1.00569689
  -1.00569689 -1.00569689 -1.00569689 -1.00569689 -1.00569689 -1.00569689
  -1.00569689 -1.00569689 -1.00569689 -1.00569689 -1.00569689 -1.00569689
  -1.00569689 -1.00569689 -1.00569689 -1.00569689 -1.00569689 -1.00569689
  -1.00569689 -1.00569689 -1.00569689 -1.00569689 -1.00569689 -1.00569689
  -1.00569689 -1.00569689 -1.00569689 -1.00569689]
 [-1.00569689 -1.00569689 -1.00569689 -1.00569689 -1.00569689 -1.00569689
  -1.00569689 -1.00569689 -1.00569689 -1.00569689 -1.00569689 -1.00569689
  -1.00569689 -1.00569689 -1.00569689 -1.00569689 -1.00569689 -1.00569689
  -1.00569689 -1.00569689 -1.00569689 -1.00569689 -1.00569689 -1.00569689
  -1.00569689 -1.00569689 -1.00569689 -1.00569689 -1.00569689 -1.00569689
  -1.00569689 -1.00569689 -1.00569689 -1.00569689 -1.00569689 -1.00569689
  -1.00569689 -1.00569689 -1.00569689 -1.00569689]
 [-1.00569689 -1.00569689 -1.00569689 -1.00569689 -1.00569689 -1.00569689
  -1.00569689 -1.00569689 -1.00569689 -1.00569689 -1.00569689 -1.00569689
  -1.00569689 -1.00569689 -1.00569689 -1.00569689 -1.00569689 -1.00569689
  -1.00569689 -1.00569689 -1.00569689 -1.00569689 -1.00569689 -1.00569689
  -1.00569689 -1.00569689 -1.00569689 -1.00569689 -1.00569689 -1.00569689
  -1.00569689 -1.00569689 -1.00569689 -1.00569689 -1.00569689 -1.00569689
  -1.00569689 -1.00569689 -1.00569689 -1.00569689]
 [-1.00569689 -1.00569689 -1.00569689 -1.00569689 -1.00569689 -1.00569689
  -1.00569689 -1.00569689 -1.00569689 -1.00569689 -1.00569689 -1.00569689
  -1.00569689 -1.00569689 -1.00569689 -1.00569689 -1.00569689 -1.00569689
  -1.00569689 -1.00569689 -1.00569689 -1.00569689 -1.00569689 -1.00569689
  -1.00569689 -1.00569689 -1.00569689 -1.00569689 -1.00569689 -1.00569689
  -1.00569689 -1.00569689 -1.00569689 -1.00569689 -1.00569689 -1.00569689
  -1.00569689 -1.00569689 -1.00569689 -1.00569689]]
maxs: [[ 1.00569689e+00  1.00569689e+00  1.00569689e+00  1.00569689e+00
   1.00569689e+00  1.00569689e+00  1.00569689e+00  1.00569689e+00
   1.00569689e+00  1.00569689e+00  1.00569689e+00  1.00569689e+00
   1.00569689e+00  1.00569689e+00  1.00569689e+00  1.00569689e+00
   1.00569689e+00  1.00569689e+00  1.00569689e+00  1.00569689e+00
   1.00569689e+00  1.00569689e+00  1.00569689e+00  1.00569689e+00
   1.00569689e+00 -1.00569689e+00 -1.00569689e+00  1.00569689e+00
   1.00569689e+00 -1.00569689e+00  1.00569689e+00  1.00569689e+00
  -1.00569689e+00  1.00569689e+00 -1.00569689e+00  1.00569689e+00
  -1.00569689e+00 -1.00569689e+00 -1.00569689e+00 -1.00569689e+00]
 [ 1.00569689e+00  1.00569689e+00  1.00569689e+00  1.00569689e+00
   1.00569689e+00  1.00569689e+00  1.00569689e+00  1.00569689e+00
   1.00569689e+00  1.00569689e+00  1.00569689e+00  1.00569689e+00
   1.00569689e+00  1.00569689e+00  1.00569689e+00  1.00569689e+00
   1.00569689e+00  8.90966892e-01  1.00569689e+00  1.00569689e+00
   1.00569689e+00  1.00569689e+00 -1.87556762e-02  1.00569689e+00
   1.77924391e-02  2.02952400e-02  1.00569689e+00 -1.06973507e-01
  -1.00569689e+00  1.17005892e-01  1.00569689e+00  1.25968948e-01
   1.00569689e+00  6.26011550e-01 -1.58817440e-01  2.79432479e-02
   1.36529887e-02  1.00569689e+00  1.65423006e-01 -1.00569689e+00]
 [ 1.00569689e+00  1.00569689e+00  1.00569689e+00  1.00569689e+00
   1.00569689e+00  1.00569689e+00  1.00569689e+00  1.00569689e+00
   1.00569689e+00  1.00569689e+00  1.00569689e+00  1.00569689e+00
   1.00569689e+00  1.18387759e-01  1.00569689e+00  6.85363591e-01
   7.06710994e-01  1.00569689e+00  1.00569689e+00  1.00569689e+00
   1.00569689e+00  1.53812274e-01  1.23802252e-01  6.17081625e-03
   1.00569689e+00  1.00569689e+00  2.86380649e-02  1.53240087e-02
   1.34762958e-01  9.86419320e-02  9.83778685e-02  4.28449959e-02
   1.35337412e-01 -1.18164442e-01  2.25886181e-02  1.00569689e+00
  -1.00236006e-01 -4.22626687e-03  7.51867832e-04  4.18504439e-02]
 [ 1.00569689e+00  1.00569689e+00  1.00569689e+00  1.00569689e+00
   1.00569689e+00  1.00569689e+00  1.00569689e+00  1.00569689e+00
   1.00569689e+00  1.00569689e+00  1.00569689e+00  1.00569689e+00
   1.77915320e-01  1.03874810e-01  1.00569689e+00  6.33796036e-01
   1.00569689e+00  9.92406085e-02  4.74258959e-02  1.00569689e+00
   2.42553800e-02  9.32656005e-02  3.64595540e-02  9.70131680e-02
   2.72783060e-02  1.00361846e-01  1.35068567e-02  3.67842093e-02
   2.42560124e-03  1.31572366e-01  2.22215075e-02  9.11401957e-02
   1.32765006e-02 -5.52221341e-03  9.87709686e-02  1.49571449e-01
   1.24323871e-02  1.78425312e-02  1.57563072e-02  2.49621943e-02]
 [ 1.00569689e+00  1.00569689e+00  1.00569689e+00  1.00569689e+00
   1.00569689e+00  1.00569689e+00  1.00569689e+00  1.00569689e+00
   1.00569689e+00  1.00569689e+00  1.00569689e+00  1.00569689e+00
   1.00569689e+00  8.06913078e-01  1.19136922e-01  1.00569689e+00
   1.43078133e-01  1.00314289e-01  2.77345441e-02  9.97575223e-02
   1.08699657e-01  7.40947947e-02 -1.31418630e-02  9.86650735e-02
   9.85495970e-02  4.20155711e-02  9.92986038e-02  9.75561887e-02
   9.92158055e-03  1.75008979e-02  9.85938758e-02  9.98249128e-02
   2.78987009e-02  2.41100211e-02  8.11582953e-02 -1.62831359e-02
   1.36424331e-02  2.47217249e-02 -6.08110577e-02  2.19450351e-02]
 [ 1.00569689e+00  1.00569689e+00  1.00569689e+00  1.00569689e+00
   1.00569689e+00  1.00569689e+00  1.00569689e+00  8.71066511e-01
   3.69191527e-01  1.00569689e+00  1.00569689e+00  1.00569689e+00
   4.65828508e-01  2.02705726e-01  8.33239496e-01  1.67755947e-01
   8.49028677e-02  1.00569689e+00  2.85297055e-02  8.04198831e-02
   1.09002188e-01  7.11089894e-02  3.08351010e-01  1.50653690e-01
   2.27684788e-02  4.78931963e-02  2.23069210e-02  7.19070792e-01
   2.75580101e-02  9.94230434e-02  1.00805592e-02  6.74841776e-02
   9.77681801e-02  1.58258155e-02  2.97470838e-02  9.61603317e-03
   1.46885309e-02  9.71640944e-02  2.03602966e-02  9.55498293e-02]
 [ 1.00569689e+00  1.00569689e+00  1.00569689e+00  1.00569689e+00
   1.00569689e+00  1.00569689e+00  1.00569689e+00  1.00569689e+00
   1.00569689e+00  1.00569689e+00  1.59188241e-01  1.00569689e+00
   1.00569689e+00  4.70674127e-01  1.58880517e-01  8.57712150e-01
   1.80289462e-01  1.46023229e-01  1.51838526e-01  4.43430245e-02
   9.80216414e-02  9.03731808e-02  6.27494156e-02  8.58805105e-02
   1.74122136e-02  8.89487267e-02  3.64715494e-02  1.45440102e-01
   9.36510935e-02  2.44186297e-02  1.52599858e-02  9.65180025e-02
   1.39677739e-02  4.41220254e-02  6.35719597e-02  8.54078084e-02
   7.89698362e-02  2.04368345e-02  9.71189812e-02 -9.32647660e-03]
 [ 1.00569689e+00  1.00569689e+00  1.00569689e+00  1.00569689e+00
   1.00569689e+00  1.00569689e+00  1.00569689e+00  1.00569689e+00
   9.08117354e-01  8.69602144e-01  1.00569689e+00  1.00569689e+00
   1.00569689e+00  1.03582181e-01  1.46503165e-01  9.56132174e-01
   1.00135982e-01  9.94272605e-02  1.28086686e-01  9.51671228e-02
   2.47998666e-02  8.79451260e-02  9.91203189e-02  6.39441758e-02
   9.25679654e-02  1.38651609e-01 -4.58037062e-03  1.96752790e-02
   7.99336880e-02  2.63947342e-02  9.82365906e-02  8.53480697e-02
   9.68718305e-02  2.80900542e-02  9.83947217e-02  9.65949520e-02
   6.74215928e-02  9.95069295e-02  6.82314485e-02  9.80730131e-02]
 [ 1.00569689e+00  1.00569689e+00  1.00569689e+00  1.00569689e+00
   1.00569689e+00  1.00569689e+00  1.00569689e+00  9.19654906e-01
   1.00569689e+00  1.00569689e+00  9.99348164e-01  1.00569689e+00
   8.25409517e-02  7.42250681e-01  6.62837386e-01  1.95617422e-01
   1.37004390e-01  9.92304981e-02  9.75176543e-02  9.73801389e-02
   7.49518126e-02  6.14821240e-02  4.54744846e-02  9.72729027e-02
   4.27265540e-02  9.79266390e-02  9.76525098e-02  4.22447771e-02
   8.94865692e-02  8.36751163e-02  2.30914187e-02  9.92078558e-02
   9.78722125e-02  4.18433398e-02  2.57092826e-02  3.62208970e-02
   3.01490854e-02  9.69723985e-02  2.61091106e-02  3.18365097e-02]
 [ 1.00569689e+00  1.00569689e+00  1.00569689e+00  1.00569689e+00
   1.00569689e+00  1.00569689e+00  1.00569689e+00  1.00569689e+00
   1.00569689e+00  7.88913548e-01  1.00569689e+00  8.55753422e-01
   1.00569689e+00  7.01691687e-01  1.13742411e-01  8.84031117e-01
   9.31809694e-02  9.14932042e-02  9.49740708e-02  4.41352576e-02
   9.23528969e-02  5.40982001e-02  1.00478277e-01  9.55001041e-02
   9.40352157e-02  2.25895885e-02  9.11904052e-02  9.97192413e-02
   7.22904503e-02  6.30901083e-02  7.61319622e-02  9.13182199e-02
   7.35613182e-02  6.86355978e-02  9.53242183e-02  3.05146282e-03
   2.32931636e-02  1.11197485e-02  2.38569137e-02  4.01693443e-03]
 [ 1.00569689e+00  1.00569689e+00  1.00569689e+00  1.00569689e+00
   1.00569689e+00  1.00569689e+00  1.00569689e+00  4.35504466e-01
   6.32971764e-01  1.00569689e+00  8.59919131e-01  1.56448454e-01
   1.29697695e-01  9.91768837e-02  1.36702359e-01  9.93310809e-02
   9.88068506e-02  9.85540226e-02  1.17026098e-01  5.20659685e-02
   8.61653909e-02  2.85985786e-02  3.34338620e-02  9.62771699e-02
   9.25373361e-02  9.41348523e-02  3.62198688e-02  2.81793214e-02
   1.00536779e-01  4.70880494e-02  9.60147455e-02  9.70188677e-02
   9.68242288e-02  9.92419049e-02  3.57679613e-02  3.65634114e-02
   1.00364789e-01  8.81482959e-02  1.75953880e-02  8.97791982e-02]
 [ 1.00569689e+00  1.00569689e+00  1.00569689e+00  1.00569689e+00
   1.00569689e+00  1.00569689e+00  1.00569689e+00  2.50754863e-01
   1.00569689e+00  7.17232227e-01  2.13826701e-01  9.96106118e-02
   2.88893849e-01  9.75230858e-02  9.42797288e-02  9.89010707e-02
   1.17307968e-01  1.54202193e-01  9.97146070e-02  9.01267454e-02
   9.84020531e-02  9.34362039e-02  9.94224325e-02  2.62535550e-02
   9.91742387e-02  1.00342967e-01  3.69646102e-02  8.28757286e-02
   9.67440531e-02  9.31678861e-02  5.32039553e-02  1.00403309e-01
   9.93170515e-02  2.54966337e-02  9.30867195e-02  9.06615183e-02
   9.92755815e-02  9.69403386e-02  1.89559814e-02  2.81839520e-02]
 [ 1.00569689e+00  1.00569689e+00  1.00569689e+00  1.00569689e+00
   1.00569689e+00  1.00569689e+00  1.00569689e+00  1.00569689e+00
   1.00569689e+00  1.56179547e-01  1.35680556e-01  3.52274895e-01
   1.18058652e-01  2.62547404e-01  9.67335701e-02  8.50936994e-02
   9.94537249e-02  9.87896845e-02  9.67712477e-02  7.32543766e-02
   9.96686071e-02  9.40484405e-02  8.82372484e-02  9.82406884e-02
   9.63299945e-02  8.38173106e-02  2.30938364e-02  9.55997929e-02
   9.95370001e-02  8.33683908e-02  3.29743400e-02  9.98226851e-02
   9.67453569e-02  2.67162696e-02  9.81885940e-02  9.56699103e-02
   9.49393064e-02  2.45038290e-02  9.05149356e-02  1.72055177e-02]
 [ 1.00569689e+00  1.00569689e+00  1.00569689e+00  1.00569689e+00
   1.00569689e+00  1.00569689e+00  7.28523254e-01  7.79133320e-01
   6.20679736e-01  1.40671164e-01  6.32294297e-01  1.00388575e+00
   1.00098282e-01  1.41950727e-01  1.06579877e-01  1.53476760e-01
   9.86567959e-02  9.90586728e-02  1.00414015e-01  9.92214307e-02
   9.03826430e-02  9.85189825e-02  8.65314677e-02  1.18294455e-01
   9.91126895e-02  8.41263682e-02  8.94088447e-02  9.51579064e-02
   3.26955765e-02  9.89287496e-02  8.92568231e-02  9.79444534e-02
   8.69358331e-02  7.24419281e-02  8.99105445e-02  1.00317672e-01
   9.76121053e-02  9.97844860e-02  9.64416862e-02  8.86061117e-02]
 [ 1.00569689e+00  1.00569689e+00  1.00569689e+00  1.00565720e+00
   1.00569689e+00  1.00569689e+00  1.00569689e+00  5.13374388e-01
   4.97167826e-01  3.36391449e-01  1.28622010e-01  9.45250764e-02
   2.84727484e-01  1.48381278e-01  9.89699960e-02  8.95785019e-02
   9.88594592e-02  8.92582014e-02  1.30912825e-01  9.06656682e-02
   9.89454836e-02  7.56748244e-02  9.49806869e-02  9.77956951e-02
   9.86789018e-02  9.28559974e-02  9.58021656e-02  9.82590392e-02
   9.72988009e-02  9.65534896e-02  9.69568267e-02  9.74947736e-02
   8.30162019e-02  9.94730219e-02  9.93927196e-02  9.54029933e-02
   9.89432409e-02  9.65961963e-02  9.68927965e-02  9.65947732e-02]
 [ 1.00569689e+00  1.00569689e+00  1.00569689e+00  9.77303147e-01
   7.17456818e-01  4.18067753e-01  2.64765710e-01  9.77601111e-02
   1.10895596e-01  8.95098224e-02  9.28846747e-02  9.99007225e-02
   1.00152671e-01  9.94040966e-02  1.00561760e-01  9.47867334e-02
   9.84579027e-02  9.85314250e-02  9.21304896e-02  9.70981568e-02
   9.99068916e-02  9.90966409e-02  9.89802554e-02  1.00362986e-01
   1.00184806e-01  9.11608189e-02  1.00231975e-01  9.86793712e-02
   9.70121548e-02  1.07431434e-01  9.60990340e-02  9.85419527e-02
   1.00441180e-01  9.93386731e-02  1.00028180e-01  9.74530205e-02
   1.00387424e-01  1.00345850e-01  9.76690799e-02  9.97309014e-02]
 [ 1.00569689e+00  1.00569689e+00  1.00569689e+00  1.65579304e-01
   1.66499913e-01  1.00569689e+00  8.68413389e-01  6.00549281e-01
   1.34029686e-01  9.97601226e-02  9.80971530e-02  1.00392617e-01
   1.00484513e-01  9.88312140e-02  9.42360610e-02  1.00457899e-01
   9.69951600e-02  9.94225815e-02  9.75533798e-02  9.80041772e-02
   9.86190811e-02  9.94694531e-02  9.98075902e-02  9.87760127e-02
   9.82499495e-02  1.00128323e-01  1.00461885e-01  9.86286178e-02
   9.82364491e-02  9.96921808e-02  9.77486446e-02  9.41737592e-02
   9.77241322e-02  1.00393400e-01  9.88960266e-02  1.00260474e-01
   9.89948660e-02  9.97026414e-02  9.96520445e-02  1.00383244e-01]]
test_losses: [[-0.30170907 -0.56989491 -0.63023672 -0.83808074 -0.79114822 -0.72410176
  -0.82467145 -0.87830862 -0.91183185 -0.91183185 -0.92524114 -0.94535508
  -0.95205973 -0.93194579 -0.99899225 -0.95876437 -0.93865043 -0.98558295
  -0.97217366 -0.97217366 -0.97887831 -0.97887831 -0.9922876  -0.98558295
  -0.9922876  -1.00569689 -1.00569689 -0.9922876  -0.99899225 -1.00569689
  -0.9922876  -0.9922876  -1.00569689 -0.99899225 -1.00569689 -0.9922876
  -1.00569689 -1.00569689 -1.00569689 -1.00569689]
 [-0.35165844 -0.54793764 -0.63936266 -0.74350784 -0.68511751 -0.78421087
  -0.78756995 -0.8017681  -0.90212965 -0.93109044 -0.87870442 -0.93395435
  -0.91749313 -0.96855285 -0.92715446 -0.96485233 -0.93215236 -0.96286071
  -0.97166141 -0.98202571 -0.96263718 -0.96218864 -0.99353671 -0.98558295
  -0.99566326 -0.99936497 -0.98261174 -1.00179986 -1.00569689 -0.9987021
  -0.99466807 -0.9961142  -0.99532287 -0.99449535 -1.00287396 -1.00225143
  -1.00229906 -0.99833244 -1.00179316 -1.00569689]
 [-0.3522381  -0.53279015 -0.72889577 -0.72259797 -0.73915077 -0.77316396
  -0.79070566 -0.80535743 -0.85334428 -0.84862108 -0.87065275 -0.90450471
  -0.89276496 -0.95062612 -0.89299371 -0.93578246 -0.97012434 -0.95540194
  -0.93531592 -0.93305306 -0.93820513 -0.979736   -0.96260211 -0.98498345
  -0.96713256 -0.94872115 -0.98470183 -0.96431049 -0.98445596 -0.98145894
  -0.9920239  -0.98301746 -0.99512074 -0.99741707 -0.98220764 -0.9889906
  -0.9991136  -0.99944977 -0.99057907 -0.99894005]
 [-0.34457407 -0.47715985 -0.57367373 -0.64622636 -0.70593778 -0.74825331
  -0.72206909 -0.73380936 -0.78393967 -0.79257153 -0.79272059 -0.78322723
  -0.85342511 -0.83789795 -0.88775156 -0.89525328 -0.88337083 -0.89482924
  -0.91171865 -0.92317841 -0.89309958 -0.92694405 -0.9134925  -0.91854421
  -0.96061265 -0.91994826 -0.92366436 -0.92850292 -0.94520108 -0.94214836
  -0.94101049 -0.94843648 -0.95410845 -0.95745126 -0.95610589 -0.95893598
  -0.95353199 -0.95746708 -0.96668274 -0.96121577]
 [-0.39095603 -0.38276154 -0.57448493 -0.60088572 -0.61918191 -0.69772356
  -0.73107654 -0.76941355 -0.753395   -0.78395085 -0.79143268 -0.77981334
  -0.83472134 -0.82667584 -0.83246622 -0.79045343 -0.86282794 -0.84540946
  -0.90103881 -0.87352962 -0.86761482 -0.90625477 -0.89968437 -0.89518169
  -0.88700597 -0.88410758 -0.89356843 -0.9093857  -0.91996017 -0.91825002
  -0.9158461  -0.90281217 -0.91320931 -0.91739571 -0.94851956 -0.92143995
  -0.9256065  -0.95204007 -0.92773382 -0.9534563 ]
 [-0.42243964 -0.47129356 -0.59659274 -0.54854054 -0.62155292 -0.70902106
  -0.69458543 -0.74164863 -0.75676141 -0.73241474 -0.78937157 -0.77822362
  -0.78846426 -0.81695411 -0.78325622 -0.82012423 -0.81163672 -0.85211742
  -0.81610947 -0.79832977 -0.82968372 -0.86648131 -0.86333292 -0.85466848
  -0.86534053 -0.8505736  -0.856972   -0.88086296 -0.84341978 -0.88947092
  -0.89401647 -0.89392007 -0.8756342  -0.87235737 -0.87615749 -0.92234161
  -0.91423833 -0.92006949 -0.90061922 -0.90845645]
 [-0.39173143 -0.50874831 -0.59144641 -0.62739514 -0.61804237 -0.66490216
  -0.67087129 -0.73266413 -0.72966549 -0.6902557  -0.76183737 -0.75535795
  -0.7597446  -0.80996175 -0.77314641 -0.77573293 -0.80408166 -0.81084884
  -0.80979601 -0.79605398 -0.8072213  -0.85828223 -0.82980116 -0.84916534
  -0.82861837 -0.80625288 -0.84362247 -0.84393828 -0.8563644  -0.88848581
  -0.85544566 -0.88820421 -0.85488923 -0.86661852 -0.86165155 -0.90041105
  -0.86396095 -0.90559442 -0.86676132 -0.91200598]
 [-0.35815463 -0.43835379 -0.57336301 -0.56630933 -0.62967776 -0.64788689
  -0.69424394 -0.67702588 -0.71661897 -0.73833209 -0.76071164 -0.75519966
  -0.72798398 -0.74110913 -0.78660431 -0.78340955 -0.79664466 -0.76290972
  -0.78549745 -0.81433651 -0.82426655 -0.80398805 -0.82108612 -0.79327419
  -0.83962144 -0.82635891 -0.84038321 -0.83483715 -0.80034733 -0.82842228
  -0.87365315 -0.8612647  -0.82992737 -0.82327793 -0.80788615 -0.86249183
  -0.85167602 -0.83681771 -0.82970824 -0.83037649]
 [-0.3536261  -0.45857266 -0.53151839 -0.56737596 -0.58537775 -0.64061476
  -0.61948276 -0.71231912 -0.71515657 -0.6982007  -0.7016416  -0.72550583
  -0.72654999 -0.70393182 -0.72151219 -0.737219   -0.77893552 -0.73582568
  -0.78142884 -0.78168103 -0.75224218 -0.76791356 -0.80982882 -0.76753376
  -0.79472412 -0.79545924 -0.77105501 -0.77015323 -0.82018522 -0.82147899
  -0.80899348 -0.79146118 -0.79147053 -0.79695431 -0.83067014 -0.81360556
  -0.84017357 -0.85335697 -0.8489017  -0.78953362]
 [-0.31021834 -0.49503974 -0.55253019 -0.52073084 -0.61831894 -0.60939632
  -0.61593225 -0.64284971 -0.65387888 -0.75614377 -0.68414844 -0.70809539
  -0.69058808 -0.69629173 -0.70309466 -0.72582098 -0.69648677 -0.75764889
  -0.761565   -0.70183244 -0.76047302 -0.75957624 -0.71906672 -0.71738816
  -0.73749285 -0.74504426 -0.76936251 -0.78645708 -0.77663965 -0.72973225
  -0.82472415 -0.79603337 -0.74762898 -0.76972844 -0.77071469 -0.79528422
  -0.75431064 -0.80001042 -0.75727968 -0.8090447 ]
 [-0.3660855  -0.52189511 -0.52952758 -0.57697257 -0.59276774 -0.61366018
  -0.56047403 -0.59099128 -0.66528212 -0.64916495 -0.6512561  -0.69045371
  -0.69604665 -0.70446789 -0.73036614 -0.70996093 -0.71180539 -0.68440208
  -0.71983824 -0.6905724  -0.72596824 -0.72598589 -0.7468128  -0.70772008
  -0.72789215 -0.71539243 -0.72407545 -0.7320352  -0.71236766 -0.72864772
  -0.74192068 -0.72291698 -0.72418708 -0.76466622 -0.7386579  -0.72100056
  -0.78321075 -0.76077424 -0.74000969 -0.71862283]
 [-0.41612414 -0.49470958 -0.51009684 -0.59707026 -0.55771997 -0.63211188
  -0.56939737 -0.57609006 -0.59401202 -0.66051777 -0.67387875 -0.64942671
  -0.64214177 -0.64793461 -0.62217527 -0.65076537 -0.6403038  -0.64925516
  -0.63190074 -0.67828075 -0.68706777 -0.69746936 -0.68892692 -0.69582962
  -0.67734216 -0.69049995 -0.67321278 -0.67733303 -0.66660186 -0.68981047
  -0.70948471 -0.73540398 -0.73418847 -0.67459563 -0.73825782 -0.68781605
  -0.7323857  -0.71992731 -0.6724352  -0.71839183]
 [-0.38828407 -0.47711515 -0.47224124 -0.52430355 -0.57989292 -0.54217981
  -0.6128122  -0.62974663 -0.57814028 -0.60968114 -0.59945063 -0.58719388
  -0.6031804  -0.61556188 -0.64910459 -0.59730748 -0.56976124 -0.62594502
  -0.61192293 -0.64290608 -0.64216999 -0.63689328 -0.68739231 -0.69391315
  -0.66758459 -0.60934724 -0.63901202 -0.66783467 -0.62762204 -0.67227578
  -0.66989517 -0.66163091 -0.65768622 -0.68492851 -0.65353567 -0.61391946
  -0.63490258 -0.69159862 -0.68610289 -0.61885381]
 [-0.27554703 -0.38461713 -0.45832046 -0.44299656 -0.4354651  -0.46527729
  -0.49425349 -0.4862297  -0.46078681 -0.46234787 -0.45646213 -0.42854871
  -0.44706902 -0.43146438 -0.44986911 -0.47657262 -0.42932186 -0.48562073
  -0.47777325 -0.43739889 -0.47186198 -0.49799563 -0.41411959 -0.4362372
  -0.41414603 -0.48331081 -0.45459083 -0.48165587 -0.42542437 -0.38174304
  -0.4859354  -0.45120886 -0.45861065 -0.44864034 -0.42361102 -0.41451109
  -0.43313651 -0.39502649 -0.4030039  -0.42321715]
 [-0.26043087 -0.37255011 -0.39712045 -0.34605521 -0.37482077 -0.44526935
  -0.42033247 -0.37605787 -0.40620908 -0.39299904 -0.38601361 -0.40135627
  -0.40515109 -0.40810415 -0.36325884 -0.34775214 -0.35238358 -0.36746697
  -0.35120828 -0.35977916 -0.36914669 -0.37542309 -0.31608536 -0.3388776
  -0.32493242 -0.36684141 -0.38752946 -0.36188262 -0.33056725 -0.34184322
  -0.33884061 -0.31121458 -0.36157289 -0.36914853 -0.30518577 -0.31508963
  -0.34258251 -0.33450926 -0.3332744  -0.33855775]
 [-0.29753562 -0.28040571 -0.34227039 -0.3197588  -0.29416647 -0.34492049
  -0.36453038 -0.26632846 -0.29880643 -0.32139078 -0.31505382 -0.27573872
  -0.27191409 -0.30327334 -0.30370407 -0.31432604 -0.33010924 -0.256187
  -0.26976318 -0.25518208 -0.2457452  -0.25816976 -0.27022873 -0.25219621
  -0.23353277 -0.31660514 -0.25906129 -0.25133478 -0.25684492 -0.29136742
  -0.27821957 -0.23574294 -0.28632854 -0.31094741 -0.27894001 -0.27954336
  -0.2578398  -0.23910938 -0.26740887 -0.26923829]
 [-0.28684218 -0.30856689 -0.27684099 -0.2919644  -0.29171018 -0.26865382
  -0.22527266 -0.22201422 -0.23308036 -0.23546076 -0.24286489 -0.21970248
  -0.22824285 -0.17262459 -0.21195832 -0.22259054 -0.2458996  -0.21207545
  -0.20020827 -0.19721142 -0.20077856 -0.23008827 -0.18030528 -0.20475697
  -0.18327094 -0.20838888 -0.18329392 -0.20636492 -0.18907973 -0.18473343
  -0.1978038  -0.19224739 -0.21345864 -0.2045949  -0.18825419 -0.18904573
  -0.19922792 -0.18480668 -0.1930923  -0.19190276]]
