args:  Namespace(attack='fgm', ndim=2)
elapsed time: 9567.28567623
mins: [[-1.84933376 -1.84933376 -1.84933376 -1.84933376 -1.84933376 -1.84933376
  -1.84933376 -1.84933376 -1.84933376 -1.84933376 -1.84933376 -1.84933376
  -1.84933376 -1.84933376 -1.84933376 -1.84933376 -1.84933376 -1.84933376
  -1.84933376 -1.84933376 -1.84933376 -1.84933376 -1.84933376 -1.84933376
  -1.84933376 -1.84933376 -1.84933376 -1.84933376 -1.84933376 -1.84933376
  -1.84933376 -1.84933376 -1.84933376 -1.84933376 -1.84933376 -1.84933376
  -1.84933376 -1.84933376 -1.84933376 -1.84933376]
 [-1.84933376 -1.84933376 -1.84933376 -1.84933376 -1.84933376 -1.84933376
  -1.84933376 -1.84933376 -1.84933376 -1.84933376 -1.84933376 -1.84933376
  -1.84933376 -1.84933376 -1.84933376 -1.84933376 -1.84933376 -1.84933376
  -1.84933376 -1.84933376 -1.84933376 -1.84933376 -1.84933376 -1.84933376
  -1.84933376 -1.84933376 -1.84933376 -1.84933376 -1.84933376 -1.84933376
  -1.84933376 -1.84933376 -1.84933376 -1.84933376 -1.84933376 -1.84933376
  -1.84933376 -1.84933376 -1.84933376 -1.84933376]
 [-1.84933376 -1.84933376 -1.84933376 -1.84933376 -1.84933376 -1.84933376
  -1.84933376 -1.84933376 -1.84933376 -1.84933376 -1.84933376 -1.84933376
  -1.84933376 -1.84933376 -1.84933376 -1.84933376 -1.84933376 -1.84933376
  -1.84933376 -1.84933376 -1.84933376 -1.84933376 -1.84933376 -1.84933376
  -1.84933376 -1.84933376 -1.84933376 -1.84933376 -1.84933376 -1.84933376
  -1.84933376 -1.84933376 -1.84933376 -1.84933376 -1.84933376 -1.84933376
  -1.84933376 -1.84933376 -1.84933376 -1.84933376]
 [-1.84933376 -1.84933376 -1.84933376 -1.84933376 -1.84933376 -1.84933376
  -1.84933376 -1.84933376 -1.84933376 -1.84933376 -1.84933376 -1.84933376
  -1.84933376 -1.84933376 -1.84933376 -1.84933376 -1.84933376 -1.84933376
  -1.84933376 -1.84933376 -1.84933376 -1.84933376 -1.84933376 -1.84933376
  -1.84933376 -1.84933376 -1.84933376 -1.84933376 -1.84933376 -1.84933376
  -1.84933376 -1.84933376 -1.84933376 -1.84933376 -1.84933376 -1.84933376
  -1.84933376 -1.84933376 -1.84933376 -1.84933376]
 [-1.84933376 -1.84933376 -1.84933376 -1.84933376 -1.84933376 -1.84933376
  -1.84933376 -1.84933376 -1.84933376 -1.84933376 -1.84933376 -1.84933376
  -1.84933376 -1.84933376 -1.84933376 -1.84933376 -1.84933376 -1.84933376
  -1.84933376 -1.84933376 -1.84933376 -1.84933376 -1.84933376 -1.84933376
  -1.84933376 -1.84933376 -1.84933376 -1.84933376 -1.84933376 -1.84933376
  -1.84933376 -1.84933376 -1.84933376 -1.84933376 -1.84933376 -1.84933376
  -1.84933376 -1.84933376 -1.84933376 -1.84933376]
 [-1.84933376 -1.84933376 -1.84933376 -1.84933376 -1.84933376 -1.84933376
  -1.84933376 -1.84933376 -1.84933376 -1.84933376 -1.84933376 -1.84933376
  -1.84933376 -1.84933376 -1.84933376 -1.84933376 -1.84933376 -1.84933376
  -1.84933376 -1.84933376 -1.84933376 -1.84933376 -1.84933376 -1.84933376
  -1.84933376 -1.84933376 -1.84933376 -1.84933376 -1.84933376 -1.84933376
  -1.84933376 -1.84933376 -1.84933376 -1.84933376 -1.84933376 -1.84933376
  -1.84933376 -1.84933376 -1.84933376 -1.84933376]
 [-1.84933376 -1.84933376 -1.84933376 -1.84933376 -1.84933376 -1.84933376
  -1.84933376 -1.84933376 -1.84933376 -1.84933376 -1.84933376 -1.84933376
  -1.84933376 -1.84933376 -1.84933376 -1.84933376 -1.84933376 -1.84933376
  -1.84933376 -1.84933376 -1.84933376 -1.84933376 -1.84933376 -1.84933376
  -1.84933376 -1.84933376 -1.84933376 -1.84933376 -1.84933376 -1.84933376
  -1.84933376 -1.84933376 -1.84933376 -1.84933376 -1.84933376 -1.84933376
  -1.84933376 -1.84933376 -1.84933376 -1.84933376]
 [-1.84933376 -1.84933376 -1.84933376 -1.84933376 -1.84933376 -1.84933376
  -1.84933376 -1.84933376 -1.84933376 -1.84933376 -1.84933376 -1.84933376
  -1.84933376 -1.84933376 -1.84933376 -1.84933376 -1.84933376 -1.84933376
  -1.84933376 -1.84933376 -1.84933376 -1.84933376 -1.84933376 -1.84933376
  -1.84933376 -1.84933376 -1.84933376 -1.84933376 -1.84933376 -1.84933376
  -1.84933376 -1.84933376 -1.84933376 -1.84933376 -1.84933376 -1.84933376
  -1.84933376 -1.84933376 -1.84933376 -1.84933376]
 [-1.84933376 -1.84933376 -1.84933376 -1.84933376 -1.84933376 -1.84933376
  -1.84933376 -1.84933376 -1.84933376 -1.84933376 -1.84933376 -1.84933376
  -1.84933376 -1.84933376 -1.84933376 -1.84933376 -1.84933376 -1.84933376
  -1.84933376 -1.84933376 -1.84933376 -1.84933376 -1.84933376 -1.84933376
  -1.84933376 -1.84933376 -1.84933376 -1.84933376 -1.84933376 -1.84933376
  -1.84933376 -1.84933376 -1.84933376 -1.84933376 -1.84933376 -1.84933376
  -1.84933376 -1.84933376 -1.84933376 -1.84933376]
 [-1.84933376 -1.84933376 -1.84933376 -1.84933376 -1.84933376 -1.84933376
  -1.84933376 -1.84933376 -1.84933376 -1.84933376 -1.84933376 -1.84933376
  -1.84933376 -1.84933376 -1.84933376 -1.84933376 -1.84933376 -1.84933376
  -1.84933376 -1.84933376 -1.84933376 -1.84933376 -1.84933376 -1.84933376
  -1.84933376 -1.84933376 -1.84933376 -1.84933376 -1.84933376 -1.84933376
  -1.84933376 -1.84933376 -1.84933376 -1.84933376 -1.84933376 -1.84933376
  -1.84933376 -1.84933376 -1.84933376 -1.84933376]
 [-1.84933376 -1.84933376 -1.84933376 -1.84933376 -1.84933376 -1.84933376
  -1.84933376 -1.84933376 -1.84933376 -1.84933376 -1.84933376 -1.84933376
  -1.84933376 -1.84933376 -1.84933376 -1.84933376 -1.84933376 -1.84933376
  -1.84933376 -1.84933376 -1.84933376 -1.84933376 -1.84933376 -1.84933376
  -1.84933376 -1.84933376 -1.84933376 -1.84933376 -1.84933376 -1.84933376
  -1.84933376 -1.84933376 -1.84933376 -1.84933376 -1.84933376 -1.84933376
  -1.84933376 -1.84933376 -1.84933376 -1.84933376]
 [-1.84933376 -1.84933376 -1.84933376 -1.84933376 -1.84933376 -1.84933376
  -1.84933376 -1.84933376 -1.84933376 -1.84933376 -1.84933376 -1.84933376
  -1.84933376 -1.84933376 -1.84933376 -1.84933376 -1.84933376 -1.84933376
  -1.84933376 -1.84933376 -1.84933376 -1.84933376 -1.84933376 -1.84933376
  -1.84933376 -1.84933376 -1.84933376 -1.84933376 -1.84933376 -1.84933376
  -1.84933376 -1.84933376 -1.84933376 -1.84933376 -1.84933376 -1.84933376
  -1.84933376 -1.84933376 -1.84933376 -1.84933376]
 [-1.84933376 -1.84933376 -1.84933376 -1.84933376 -1.84933376 -1.84933376
  -1.84933376 -1.84933376 -1.84933376 -1.84933376 -1.84933376 -1.84933376
  -1.84933376 -1.84933376 -1.84933376 -1.84933376 -1.84933376 -1.84933376
  -1.84933376 -1.84933376 -1.84933376 -1.84933376 -1.84933376 -1.84933376
  -1.84933376 -1.84933376 -1.84933376 -1.84933376 -1.84933376 -1.84933376
  -1.84933376 -1.84933376 -1.84933376 -1.84933376 -1.84933376 -1.84933376
  -1.84933376 -1.84933376 -1.84933376 -1.84933376]
 [-1.84933376 -1.84933376 -1.84933376 -1.84933376 -1.84933376 -1.84933376
  -1.84933376 -1.84933376 -1.84933376 -1.84933376 -1.84933376 -1.84933376
  -1.84933376 -1.84933376 -1.84933376 -1.84933376 -1.84933376 -1.84933376
  -1.84933376 -1.84933376 -1.84933376 -1.84933376 -1.84933376 -1.84933376
  -1.84933376 -1.84933376 -1.84933376 -1.84933376 -1.84933376 -1.84933376
  -1.84933376 -1.84933376 -1.84933376 -1.84933376 -1.84933376 -1.84933376
  -1.84933376 -1.84933376 -1.84933376 -1.84933376]
 [-1.84933376 -1.84933376 -1.84933376 -1.84933376 -1.84933376 -1.84933376
  -1.84933376 -1.84933376 -1.84933376 -1.84933376 -1.84933376 -1.84933376
  -1.84933376 -1.84933376 -1.84933376 -1.84933376 -1.84933376 -1.84933376
  -1.84933376 -1.84933376 -1.84933376 -1.84933376 -1.84933376 -1.84933376
  -1.84933376 -1.84933376 -1.84933376 -1.84933376 -1.84933376 -1.84933376
  -1.84933376 -1.84933376 -1.84933376 -1.84933376 -1.84933376 -1.84933376
  -1.84933376 -1.84933376 -1.84933376 -1.84933376]
 [-1.84933376 -1.84933376 -1.84933376 -1.84933376 -1.84933376 -1.84933376
  -1.84933376 -1.84933376 -1.84933376 -1.84933376 -1.84933376 -1.84933376
  -1.84933376 -1.84933376 -1.84933376 -1.84933376 -1.84933376 -1.84933376
  -1.84933376 -1.84933376 -1.84933376 -1.84933376 -1.84933376 -1.84933376
  -1.84933376 -1.84933376 -1.84933376 -1.84933376 -1.84933376 -1.84933376
  -1.84933376 -1.84933376 -1.84933376 -1.84933376 -1.84933376 -1.84933376
  -1.84933376 -1.84933376 -1.84933376 -1.84933376]
 [-1.84933376 -1.84933376 -1.84933376 -1.84933376 -1.84933376 -1.84933376
  -1.84933376 -1.84933376 -1.84933376 -1.84933376 -1.84933376 -1.84933376
  -1.84933376 -1.84933376 -1.84933376 -1.84933376 -1.84933376 -1.84933376
  -1.84933376 -1.84933376 -1.84933376 -1.84933376 -1.84933376 -1.84933376
  -1.84933376 -1.84933376 -1.84933376 -1.84933376 -1.84933376 -1.84933376
  -1.84933376 -1.84933376 -1.84933376 -1.84933376 -1.84933376 -1.84933376
  -1.84933376 -1.84933376 -1.84933376 -1.84933376]]
maxs: [[ 1.84933376e+00  1.84933376e+00  1.84933376e+00  1.84933376e+00
   1.84933376e+00  1.84933376e+00  1.84933376e+00  1.84933376e+00
   1.84933376e+00  1.84933376e+00  1.84933376e+00  1.84933376e+00
   1.54763758e-01  1.54763758e-01  1.54763758e-01  1.54763758e-01
   1.54763758e-01  1.54763758e-01  1.54763758e-01  1.54763758e-01
   1.54763758e-01 -1.54763758e-01  1.54763758e-01  1.54763758e-01
  -1.54763758e-01  1.54763758e-01  1.54763758e-01 -1.54763758e-01
   1.54763758e-01 -1.84933376e+00 -1.84933376e+00 -1.54763758e-01
  -1.84933376e+00 -1.84933376e+00 -1.84933376e+00 -1.54763758e-01
  -1.54763758e-01  1.54763758e-01  1.54763758e-01 -1.84933376e+00]
 [ 1.84933376e+00  1.84933376e+00  1.84933376e+00  1.84933376e+00
   1.84933376e+00  1.84933376e+00  1.84933376e+00  1.11750233e+00
   5.73039532e-01  1.84933376e+00  1.54763758e-01  8.76440227e-01
   1.84933376e+00  1.54763758e-01  1.84933376e+00  1.54763758e-01
   1.54763758e-01  1.54763758e-01  1.54763758e-01  1.54763758e-01
   1.54763758e-01  1.23013258e+00  1.54763758e-01  1.54763758e-01
   1.54763758e-01  1.54763758e-01 -7.42680073e-01 -1.61032653e+00
   1.54763758e-01  1.54763758e-01 -2.89222151e-01  1.54763758e-01
  -1.54763758e-01  1.54763758e-01  1.54763758e-01 -1.84933376e+00
  -1.02850306e+00 -9.11001921e-01  1.54763758e-01 -1.54763758e-01]
 [ 1.84933376e+00  1.84933376e+00  1.84933376e+00  1.84933376e+00
   9.97340620e-01  1.84933376e+00  1.84933376e+00  1.84933376e+00
   1.84933376e+00  1.04768944e+00  2.01776236e-01  1.84933376e+00
   4.79897916e-01  1.54763758e-01  2.96043009e-01  1.54763758e-01
   8.74566138e-02  1.54763758e-01  7.63307869e-01  8.98066312e-02
   1.54763758e-01  1.54763758e-01  1.54763758e-01  1.54763758e-01
   4.35002178e-01 -5.73965430e-01 -5.33706784e-01 -1.00118566e+00
   1.15818702e-01 -1.20831870e-01 -4.22666460e-01 -1.54763758e-01
  -6.99673831e-01 -1.54763758e-01 -1.03885293e+00 -3.96377325e-01
   1.54763758e-01 -1.63436902e+00 -3.36267859e-01 -1.79445958e+00]
 [ 1.84933376e+00  1.84933376e+00  1.84933376e+00  1.84933376e+00
   1.69289255e+00  1.84933376e+00  1.84933376e+00  7.60935664e-01
   6.81414723e-01  1.22978938e+00  1.28388739e+00  1.54763758e-01
   1.54763758e-01  5.23365855e-01  1.54763758e-01  3.13010037e-01
   2.82681137e-01  1.54763758e-01 -1.26004294e-02  1.54763758e-01
   1.54763758e-01 -3.11833471e-01  1.54763758e-01  1.54763758e-01
   1.54763758e-01 -3.36032361e-01  1.54763758e-01 -7.59852529e-02
  -7.22039580e-01 -2.60851800e-01 -3.58784765e-01 -6.37345195e-01
  -5.54693699e-01 -1.00954056e+00 -1.24761772e+00 -5.12521207e-01
  -1.28192842e+00  2.78280070e-03 -9.00519252e-01 -6.95651948e-01]
 [ 1.84933376e+00  1.84933376e+00  1.84933376e+00  1.84933376e+00
   1.84933376e+00  1.84933376e+00  6.63070858e-01  1.22781801e+00
   1.54763758e-01  2.64407873e-01  2.70060897e-01  1.54763758e-01
   2.04548001e-01  1.54763758e-01  1.54763758e-01  1.54763758e-01
   1.54763758e-01  1.25300264e+00 -1.50798783e-01 -2.51564115e-01
   1.54763758e-01 -1.51109219e-01 -1.16115008e-02 -4.71831769e-01
   1.54763758e-01 -1.54763758e-01 -4.93872762e-01  4.16612485e-03
  -2.00877309e-01  1.54763758e-01 -2.64322311e-01 -4.69845325e-01
  -1.06420183e+00 -4.79085535e-01 -2.15319350e-01 -8.31552222e-02
  -2.27948308e-01 -7.79824078e-01 -6.15511417e-01  1.31623326e-02]
 [ 1.84933376e+00  1.84933376e+00  1.84933376e+00  1.84933376e+00
   1.84933376e+00  1.36334848e+00  1.67490268e+00  8.65520179e-01
   3.59085917e-01  1.84933376e+00  3.48023921e-01  1.54763758e-01
   5.59857070e-01  9.24801230e-01  1.54763758e-01  1.54763758e-01
   1.54763758e-01  7.39545701e-03  9.34575591e-03 -9.06088389e-05
  -1.27903083e-02  1.23306245e-01 -2.45903224e-01  2.90513605e-01
  -6.61420107e-01 -3.08270007e-01 -1.08571298e-01 -1.80225313e-01
  -4.27968383e-01 -2.34992981e-01 -6.79588616e-01 -1.26503959e-01
  -8.03003013e-01 -2.30772138e-01 -8.40092972e-02 -8.98411155e-01
  -1.10002667e-01 -8.81466925e-01 -5.43303311e-01 -4.88555372e-01]
 [ 1.84933376e+00  1.84933376e+00  1.84933376e+00  1.47881091e+00
   9.63581920e-01  8.18639219e-01  1.84933376e+00  1.07162189e+00
   2.81409651e-01  1.54763758e-01  3.50175887e-01  6.21135533e-01
   1.55552283e-01  1.54763758e-01  1.33083940e-01  1.00993179e-02
   5.16289137e-02  1.22928046e-01  1.54763758e-01 -1.86290920e-01
   2.59595841e-01 -2.16658652e-01  4.56734121e-01 -1.74030796e-01
  -2.50965270e-04  1.05538340e-02 -1.41389385e-01  6.84503419e-03
  -9.08913240e-02 -2.14174832e-03 -2.94376373e-01 -9.03487951e-03
  -4.22961526e-02 -2.69963033e-02 -7.05272496e-01 -2.39410177e-01
  -1.05823919e-01 -8.25956404e-01 -8.24919045e-01 -1.18150699e+00]
 [ 1.84933376e+00  1.84933376e+00  1.84933376e+00  2.64647335e-01
   1.80343139e+00  1.66768539e+00  5.70629835e-01  2.03553006e-01
   1.07790422e+00  3.75162929e-01  1.54763758e-01  1.92774311e-01
   1.54763758e-01  2.84862947e-02  6.72195256e-01  1.54763758e-01
   9.60136298e-03 -1.62859783e-02  1.04096094e-02  1.31189097e-02
   1.70543715e-02  1.54763758e-01 -1.83505461e-01 -1.62966385e-01
   1.54763758e-01 -1.10212085e-03 -2.28785053e-01 -1.18009835e-01
  -5.69792569e-01 -3.39973271e-01 -1.93872735e-01 -5.64618170e-01
  -2.80089617e-01 -7.66962349e-01 -4.38607447e-02 -2.45973542e-01
  -2.70242468e-02 -4.06232238e-01 -5.55852175e-01 -1.13693431e-01]
 [ 1.84933376e+00  1.84933376e+00  1.84933376e+00  1.84933376e+00
   8.61907363e-01  1.69972885e+00  1.21483469e+00  1.78454912e+00
   4.09461975e-01  1.64247572e-01  9.86360013e-01  1.54763758e-01
   9.95098710e-01  2.62043998e-02  1.77102089e-01  8.09795141e-01
  -3.08492109e-02 -1.67527497e-01  1.59924358e-01 -1.18534435e-02
   5.94690500e-04 -1.07440107e-01  1.71005484e-02 -2.27122474e-02
   2.26042792e-02 -1.23975202e-01 -2.52543539e-01 -7.39896074e-02
  -1.39289513e-01 -3.42106581e-01 -4.11739737e-01 -2.03640059e-01
  -2.02698052e-01 -1.90146863e-01 -2.21097469e-01 -3.23330730e-01
  -1.48436800e-01 -2.81906009e-01 -3.27114224e-01 -2.61106014e-01]
 [ 1.84933376e+00  1.84933376e+00  1.84933376e+00  1.84933376e+00
   1.84933376e+00  5.97548366e-01  4.29588467e-01  2.37821370e-01
   2.39657044e-01  1.54763758e-01  1.54763758e-01  1.54763758e-01
   1.54763758e-01  3.97211939e-01  1.54763758e-01  3.69687319e-01
   1.26980338e-03  1.00968935e-01  9.50149149e-02 -1.55591639e-03
   1.68969738e-03 -2.13467050e-02  7.68264234e-02  1.54763758e-01
   2.13898607e-02  7.92870205e-03  1.51836518e-02 -2.79260445e-02
  -1.14041068e-01 -3.48853669e-03 -4.86869439e-02  9.22653638e-03
   1.57853037e-01 -1.21391267e-01 -4.66715276e-01 -1.69052541e-01
  -2.40797341e-01 -1.01743564e-01 -2.99759060e-01 -2.35519707e-01]
 [ 1.84933376e+00  1.84933376e+00  1.84933376e+00  1.84933376e+00
   1.84933376e+00  5.01534700e-01  1.29482543e+00  1.54763758e-01
   1.54763758e-01  1.54763758e-01  1.54763758e-01  1.54763758e-01
   9.16868970e-02  1.54763758e-01  1.93801597e-01  1.17068671e-01
   7.89934024e-02  1.37648787e-02  1.54763758e-01  1.54763758e-01
   5.68040237e-02 -3.75687331e-02  1.54763758e-01 -2.56620417e-03
  -5.08152395e-02 -3.38991255e-01 -2.17803335e-03 -1.76816672e-01
   2.60420963e-02  1.34404721e-02 -3.39633934e-02 -1.72652721e-01
  -1.90211564e-01 -1.35412514e-01 -3.21141422e-01 -5.10171354e-01
  -3.87586445e-01 -2.32639804e-01 -7.73189366e-02 -1.89946055e-01]
 [ 1.84933376e+00  1.84933376e+00  1.84933376e+00  1.84933376e+00
   6.25867963e-01  1.84933376e+00  1.56596434e+00  8.53548586e-01
   6.67208910e-01  5.78305721e-01  7.66320586e-01  1.54763758e-01
   1.81314558e-01  3.13790664e-02  1.54763758e-01  4.67678338e-01
   2.59404685e-02  1.98720600e-02 -1.09342121e-01 -1.05171889e-01
   1.91373155e-02 -9.90979723e-04  1.88225254e-01  1.59522351e-02
  -1.17047951e-01  2.33936235e-02  5.07541709e-02 -2.49345869e-01
  -1.78909644e-01 -2.78162241e-01  9.18128714e-03 -2.37624571e-02
  -2.07943112e-01 -2.01759413e-01 -1.02308929e-01 -4.78852801e-02
  -1.28219379e-02 -1.24659255e-01  1.18540451e-02 -2.61458576e-01]
 [ 1.84933376e+00  1.84933376e+00  1.84933376e+00  1.84933376e+00
   6.68572545e-01  1.84933376e+00  1.00177217e+00  3.75455022e-01
   1.07005298e+00  4.19692278e-01  1.54763758e-01  1.54763758e-01
   1.54763758e-01  6.16147220e-01  4.81586337e-01  2.33624265e-01
   1.54763758e-01  2.06343178e-02  1.07566155e-02  2.66387671e-01
   4.98702899e-02  6.38249563e-03 -3.09570264e-02 -1.34400785e-01
  -4.40195063e-03 -5.51470043e-03 -6.69783168e-03  2.00181771e-02
  -1.14651509e-01  1.57450084e-02 -7.68638104e-02 -1.76058728e-02
  -5.63120730e-02 -1.70516819e-01 -1.57518029e-01 -1.16275109e-01
  -2.88418949e-01 -1.69225544e-01 -9.03117061e-02 -3.16484362e-01]
 [ 1.84933376e+00  1.84933376e+00  1.84933376e+00  1.33125722e+00
   1.84933376e+00  3.39346647e-01  4.22298014e-01  8.36334527e-01
   1.62349001e-01  2.97652006e-01  1.54763758e-01  9.93668735e-02
   1.54763758e-01  1.19428307e-01  1.78578645e-02  4.56031673e-02
   6.24778401e-03  5.37553914e-02  3.54352027e-01  2.01215744e-02
   5.23165334e-03  1.40452851e-02  1.82982255e-02  2.41459515e-02
   3.07796001e-02  2.95767337e-02  9.38336365e-03 -3.08805220e-02
   4.77458723e-02  2.17395332e-02  1.16815949e-02 -8.11658986e-03
  -1.56070162e-02 -3.73993590e-02  2.23607589e-02 -8.70177671e-02
   1.08927432e-02 -1.29685283e-01 -1.00483373e-01 -1.05599031e-01]
 [ 1.84933376e+00  1.84933376e+00  1.84933376e+00  1.84933376e+00
   7.37935305e-01  1.46512783e+00  6.87464356e-01  3.73036295e-01
   1.60767540e-01  1.54763758e-01  5.79193644e-02  2.58911774e-02
   1.54763758e-01  3.81240435e-02  4.38228175e-02  1.54763758e-01
   8.23426917e-02  1.30685428e-02  2.32535377e-02  7.32878409e-03
   3.48827466e-02  2.91363578e-02  4.79989536e-02  1.75643191e-02
   1.41667426e-02  1.17080593e-02  5.53316064e-02 -2.99806753e-03
   2.54690889e-02  6.89769015e-02  4.65308651e-02 -3.23506370e-02
   3.64504345e-02  2.50809938e-02  2.63549592e-02  2.21089106e-02
  -1.23180700e-02  1.67632084e-02  4.62397337e-02 -3.44464704e-02]
 [ 1.84933376e+00  1.84933376e+00  1.84933376e+00  1.84933376e+00
   9.68614340e-01  6.54543281e-01  4.57766235e-01  3.82625699e-01
   2.60086775e-01  2.49089777e-01  2.25826018e-02  1.14346132e-01
   4.18492742e-02  2.94783004e-02  2.20640004e-01  9.01858509e-02
   3.13005932e-02  1.13710403e-01  2.59839818e-02  3.52059044e-02
   4.07242626e-02  1.40704690e-02  3.30168121e-02  2.82028299e-02
   5.71033731e-02  8.77234992e-03  2.66792625e-02  2.90037747e-02
   9.91826039e-03  1.93322953e-02  1.32187847e-02  2.02746391e-02
   2.12946199e-02  4.15469147e-03  1.51371947e-02  5.63375950e-02
   1.37629425e-02  2.21945457e-02  5.34902967e-04  3.42026725e-02]
 [ 1.84933376e+00  1.84933376e+00  1.84933376e+00  1.55275333e+00
   1.56941548e-01  6.98481679e-01  3.19615602e-01  2.67566890e-01
   3.11409563e-01  1.15614213e-01  3.10056359e-02  2.98154093e-02
   1.16158575e-01  6.81345046e-01  2.45472770e-02  8.18993971e-02
   5.34355268e-02  1.28050253e-01  2.28494257e-02  2.74437331e-02
   2.30112150e-02  4.24581915e-02  3.97926643e-02  2.48413458e-02
   3.45293246e-02  1.94436591e-02  2.46005412e-02  2.20152289e-02
   2.78736167e-02  2.36344188e-02  1.25991583e-01  4.09896597e-02
   5.79504073e-02  1.63494591e-02  2.41918191e-02  3.55950035e-02
   5.92286028e-02  3.65852527e-02  2.69995984e-02  1.70442574e-02]]
test_losses: [[-0.71507572 -0.9658328  -1.11318531 -1.20106129 -1.34797623 -1.49489118
  -1.56169443 -1.64848645 -1.64126414 -1.61149977 -1.67108071 -1.64484919
  -1.68802641 -1.70600387 -1.7563512  -1.77742393 -1.7707436  -1.78410425
  -1.79436963 -1.81799565 -1.81131533 -1.81544236 -1.79436963 -1.83032455
  -1.83803663 -1.8313563  -1.82570774 -1.83803663 -1.83597311 -1.84933376
  -1.84933376 -1.8436852  -1.84933376 -1.84933376 -1.84933376 -1.8436852
  -1.8436852  -1.84265344 -1.83700487 -1.84933376]
 [-0.59185629 -0.87372761 -1.18914683 -1.29423843 -1.32720207 -1.36763036
  -1.51074209 -1.48976941 -1.58710787 -1.62504652 -1.66223346 -1.7193112
  -1.69741373 -1.73784772 -1.73948361 -1.74277795 -1.77926687 -1.79922388
  -1.80328839 -1.81477884 -1.81613128 -1.80447121 -1.83439055 -1.81998049
  -1.82933818 -1.83667883 -1.84088343 -1.84774615 -1.84265344 -1.8398652
  -1.83432376 -1.83723717 -1.83921175 -1.84265344 -1.84265344 -1.84933376
  -1.84473145 -1.84620599 -1.84053821 -1.8436852 ]
 [-0.60655026 -0.8241026  -1.25049917 -1.2951904  -1.37129769 -1.42356268
  -1.47996896 -1.51065152 -1.5680673  -1.6712234  -1.65840497 -1.67452293
  -1.69767129 -1.74552815 -1.72692623 -1.75993046 -1.76530787 -1.77439124
  -1.80755335 -1.79241859 -1.7794356  -1.8101714  -1.79027957 -1.81948937
  -1.82128462 -1.83722382 -1.83607448 -1.83815855 -1.82447547 -1.82085206
  -1.82817221 -1.83864056 -1.84550156 -1.83855337 -1.84463495 -1.84430164
  -1.83516215 -1.8484009  -1.84003697 -1.84915085]
 [-0.75115511 -0.97256747 -1.13509393 -1.27426507 -1.41953097 -1.3696468
  -1.4062096  -1.54892975 -1.52352147 -1.5754994  -1.61426526 -1.67269024
  -1.70085507 -1.69983798 -1.73529727 -1.69993181 -1.74795425 -1.77040754
  -1.79582551 -1.75305271 -1.78109701 -1.79751758 -1.78027859 -1.79464581
  -1.80480139 -1.81514203 -1.8228075  -1.81245369 -1.81724107 -1.82725417
  -1.83002827 -1.82341003 -1.83248851 -1.8372911  -1.83610186 -1.82614405
  -1.84265846 -1.83486274 -1.83302491 -1.83970469]
 [-0.5967631  -1.07616937 -1.06377351 -1.29214244 -1.24696247 -1.33821507
  -1.53215335 -1.47608723 -1.58781916 -1.51992521 -1.65226483 -1.65053984
  -1.68414198 -1.7003203  -1.72349565 -1.74762234 -1.73649495 -1.7112925
  -1.74728352 -1.74103989 -1.76207868 -1.7850751  -1.78977564 -1.81314034
  -1.79595414 -1.7997631  -1.80498127 -1.80313892 -1.81820094 -1.79461429
  -1.81168001 -1.8200187  -1.83103138 -1.82988924 -1.82982544 -1.82623654
  -1.82789872 -1.84088293 -1.83567197 -1.83044029]
 [-0.74787149 -0.84646689 -1.048885   -1.13422528 -1.23784914 -1.4443641
  -1.43317456 -1.52910247 -1.59208229 -1.5628147  -1.54529687 -1.6809741
  -1.60895476 -1.67866898 -1.73619231 -1.71697649 -1.72579792 -1.74523839
  -1.71757136 -1.75455882 -1.76032864 -1.74919491 -1.80225203 -1.75658867
  -1.80268039 -1.79798176 -1.81480262 -1.78628451 -1.80715322 -1.81570993
  -1.81669811 -1.81034381 -1.82162022 -1.81685315 -1.81505503 -1.82837014
  -1.82254886 -1.82552131 -1.82581845 -1.83308303]
 [-0.71290408 -0.91365575 -1.09856251 -1.23728685 -1.39707214 -1.38996556
  -1.39692699 -1.46491332 -1.59780369 -1.58759809 -1.57904286 -1.62019041
  -1.60007921 -1.65537994 -1.66741354 -1.71296245 -1.70201852 -1.70217348
  -1.75461535 -1.75563571 -1.74676308 -1.76300805 -1.7556629  -1.78592718
  -1.75524222 -1.77200787 -1.79396114 -1.78606526 -1.8017562  -1.82034673
  -1.80373251 -1.80281428 -1.80291582 -1.81547472 -1.83282433 -1.81237575
  -1.81311902 -1.81238123 -1.83173862 -1.83463191]
 [-0.6319928  -0.97868333 -1.05112892 -1.23658921 -1.33135849 -1.31577117
  -1.37371118 -1.47856502 -1.52064953 -1.57617336 -1.56722646 -1.59714236
  -1.63865138 -1.68434692 -1.68749212 -1.68002198 -1.68855781 -1.67620626
  -1.71276067 -1.7446656  -1.72701715 -1.70137103 -1.78593771 -1.78190746
  -1.76226973 -1.76232443 -1.76435039 -1.7790962  -1.80872036 -1.80435472
  -1.78617745 -1.80586081 -1.8074833  -1.81905537 -1.80423268 -1.78892408
  -1.80428197 -1.81131923 -1.81910456 -1.80609199]
 [-0.63653332 -0.88415421 -1.13574886 -1.12231015 -1.28606644 -1.34377838
  -1.29436089 -1.40172383 -1.45963351 -1.514788   -1.58714617 -1.55090083
  -1.6105119  -1.59032556 -1.6555682  -1.63327152 -1.69590763 -1.69001377
  -1.68917291 -1.70359053 -1.71890944 -1.73082786 -1.75999619 -1.73135235
  -1.74145612 -1.75086835 -1.76107724 -1.74154462 -1.78202403 -1.78121987
  -1.7910404  -1.78366554 -1.78658977 -1.80082475 -1.80029051 -1.81271594
  -1.80238163 -1.80880594 -1.81507908 -1.81672953]
 [-0.65363145 -0.91503929 -1.0656809  -1.23830675 -1.23578511 -1.40286984
  -1.33565089 -1.50766023 -1.54310414 -1.50405928 -1.61106449 -1.56807414
  -1.6137788  -1.60482523 -1.56055873 -1.64420981 -1.69338365 -1.65921178
  -1.73629525 -1.66654138 -1.71682976 -1.71050711 -1.73924636 -1.72778592
  -1.71269288 -1.7524018  -1.7274675  -1.72334691 -1.76031284 -1.75245756
  -1.78321248 -1.7604997  -1.75244941 -1.80317598 -1.80021558 -1.788521
  -1.79150428 -1.79389849 -1.7994226  -1.80702563]
 [-0.8349777  -0.86026855 -1.1532911  -1.16325723 -1.265982   -1.33636259
  -1.39938567 -1.42375252 -1.44414371 -1.55568063 -1.50880629 -1.55588364
  -1.56681113 -1.5609343  -1.63623433 -1.60948691 -1.57019032 -1.62681346
  -1.66844924 -1.68805504 -1.67318564 -1.71884043 -1.68348319 -1.72247464
  -1.69453571 -1.76033455 -1.71065259 -1.71366633 -1.76004941 -1.73736597
  -1.72607263 -1.77223628 -1.76793311 -1.76720495 -1.74899611 -1.80354376
  -1.77150853 -1.80094993 -1.78427554 -1.79872378]
 [-0.61316861 -0.97744028 -1.0541338  -1.10519133 -1.27614128 -1.28002581
  -1.30784566 -1.36810934 -1.46486344 -1.54838708 -1.51765717 -1.48251272
  -1.48434834 -1.59398122 -1.57883863 -1.57986467 -1.61488139 -1.62460772
  -1.68269008 -1.6435465  -1.6073288  -1.67316589 -1.67437059 -1.66840482
  -1.69938182 -1.67565078 -1.70239981 -1.72028285 -1.74083909 -1.73327617
  -1.73464095 -1.72844567 -1.71562083 -1.76283432 -1.7373389  -1.73774602
  -1.74532345 -1.78004481 -1.7720183  -1.7765368 ]
 [-0.64692758 -0.9414254  -1.02431236 -1.16175634 -1.29833253 -1.34666589
  -1.27789978 -1.41530884 -1.48341875 -1.44720389 -1.48644366 -1.51964195
  -1.48392069 -1.52392216 -1.55620574 -1.58214111 -1.59381273 -1.56332973
  -1.5962347  -1.6137339  -1.62807263 -1.6541364  -1.65762609 -1.64693434
  -1.74061935 -1.68597834 -1.6542419  -1.65791325 -1.73324015 -1.7263817
  -1.7282443  -1.71790709 -1.72249934 -1.70191086 -1.74527012 -1.75723447
  -1.73299767 -1.74313112 -1.73925988 -1.76775901]
 [-0.66550731 -0.86058607 -1.00237032 -1.11788994 -1.18176467 -1.16962219
  -1.19179617 -1.22289889 -1.28852972 -1.30957315 -1.34215411 -1.35683517
  -1.25873952 -1.37628138 -1.42748533 -1.35450673 -1.34852115 -1.37053008
  -1.39204151 -1.3840129  -1.47950334 -1.42311751 -1.46066024 -1.43979412
  -1.48433183 -1.50490559 -1.40811028 -1.49752854 -1.4634407  -1.50616862
  -1.53309869 -1.50781257 -1.483504   -1.5224088  -1.49758592 -1.49464554
  -1.50768116 -1.55190316 -1.5457412  -1.5673168 ]
 [-0.67266403 -0.9347236  -0.95800874 -0.9692534  -1.03314174 -1.12783386
  -1.021405   -1.13460456 -1.14388993 -1.10672046 -1.19534329 -1.17995449
  -1.24615967 -1.169577   -1.15472123 -1.24839518 -1.18023488 -1.16096437
  -1.21285593 -1.26924869 -1.26731739 -1.23567687 -1.20300705 -1.1790316
  -1.26489872 -1.33159259 -1.21117333 -1.26404524 -1.2471382  -1.22324402
  -1.24203717 -1.32437246 -1.24304195 -1.27199133 -1.24760771 -1.33902628
  -1.26764143 -1.25999323 -1.25482662 -1.24892885]
 [-0.668223   -0.79352173 -0.8643398  -0.92752203 -0.97885493 -0.90005198
  -0.98003459 -1.0677828  -0.99292056 -0.98475557 -1.00781325 -1.00134255
  -0.94713141 -1.05547873 -1.02141287 -1.00729759 -1.04080942 -1.0452793
  -1.02631627 -1.05397758 -1.06958567 -1.09915876 -1.02489075 -0.96681557
  -0.97070164 -1.0619163  -1.07215438 -1.02897829 -1.01029818 -1.0193553
  -1.05721323 -1.07815311 -0.99203219 -1.07979836 -1.07118511 -1.15922803
  -1.03691282 -0.99849057 -1.11778392 -1.08978603]
 [-0.70177793 -0.72715881 -0.79151283 -0.77184018 -0.85827343 -0.8663279
  -0.81748134 -0.8369123  -0.80470656 -0.77773463 -0.80677435 -0.73002366
  -0.76954682 -0.80336422 -0.7787633  -0.73601636 -0.7302645  -0.70890876
  -0.81090482 -0.73069333 -0.72390412 -0.7166658  -0.80977118 -0.7585139
  -0.78307178 -0.81634216 -0.76667899 -0.7608172  -0.76286175 -0.76080493
  -0.80421848 -0.78912735 -0.75249032 -0.74507577 -0.7407641  -0.74168004
  -0.71857259 -0.757737   -0.79732188 -0.78704752]]
