args:  Namespace(attack='fgm', ndim=7)
elapsed time: 10013.696201964001
mins: [[-7.28811073 -7.28811073 -7.28811073 -7.28811073 -7.28811073 -7.28811073
  -7.28811073 -7.28811073 -7.28811073 -7.28811073 -7.28811073 -7.28811073
  -7.28811073 -7.28811073 -7.28811073 -7.28811073 -7.28811073 -7.28811073
  -7.28811073 -7.28811073 -7.28811073 -7.28811073 -7.28811073 -7.28811073
  -7.28811073 -7.28811073 -7.28811073 -7.28811073 -7.28811073 -7.28811073
  -7.28811073 -7.28811073 -7.28811073 -7.28811073 -7.28811073 -7.28811073
  -7.28811073 -7.28811073 -7.28811073 -7.28811073]
 [-7.28811073 -7.28811073 -7.28811073 -7.28811073 -7.28811073 -7.28811073
  -7.28811073 -7.28811073 -7.28811073 -7.28811073 -7.28811073 -7.28811073
  -7.28811073 -7.28811073 -7.28811073 -7.28811073 -7.28811073 -7.28811073
  -7.28811073 -7.28811073 -7.28811073 -7.28811073 -7.28811073 -7.28811073
  -7.28811073 -7.28811073 -7.28811073 -7.28811073 -7.28811073 -7.28811073
  -7.28811073 -7.28811073 -7.28811073 -7.28811073 -7.28811073 -7.28811073
  -7.28811073 -7.28811073 -7.28811073 -7.28811073]
 [-7.28811073 -7.28811073 -7.28811073 -7.28811073 -7.28811073 -7.28811073
  -7.28811073 -7.28811073 -7.28811073 -7.28811073 -7.28811073 -7.28811073
  -7.28811073 -7.28811073 -7.28811073 -7.28811073 -7.28811073 -7.28811073
  -7.28811073 -7.28811073 -7.28811073 -7.28811073 -7.28811073 -7.28811073
  -7.28811073 -7.28811073 -7.28811073 -7.28811073 -7.28811073 -7.28811073
  -7.28811073 -7.28811073 -7.28811073 -7.28811073 -7.28811073 -7.28811073
  -7.28811073 -7.28811073 -7.28811073 -7.28811073]
 [-7.28811073 -7.28811073 -7.28811073 -7.28811073 -7.28811073 -7.28811073
  -7.28811073 -7.28811073 -7.28811073 -7.28811073 -7.28811073 -7.28811073
  -7.28811073 -7.28811073 -7.28811073 -7.28811073 -7.28811073 -7.28811073
  -7.28811073 -7.28811073 -7.28811073 -7.28811073 -7.28811073 -7.28811073
  -7.28811073 -7.28811073 -7.28811073 -7.28811073 -7.28811073 -7.28811073
  -7.28811073 -7.28811073 -7.28811073 -7.28811073 -7.28811073 -7.28811073
  -7.28811073 -7.28811073 -7.28811073 -7.28811073]
 [-7.28811073 -7.28811073 -7.28811073 -7.28811073 -7.28811073 -7.28811073
  -7.28811073 -7.28811073 -7.28811073 -7.28811073 -7.28811073 -7.28811073
  -7.28811073 -7.28811073 -7.28811073 -7.28811073 -7.28811073 -7.28811073
  -7.28811073 -7.28811073 -7.28811073 -7.28811073 -7.28811073 -7.28811073
  -7.28811073 -7.28811073 -7.28811073 -7.28811073 -7.28811073 -7.28811073
  -7.28811073 -7.28811073 -7.28811073 -7.28811073 -7.28811073 -7.28811073
  -7.28811073 -7.28811073 -7.28811073 -7.28811073]
 [-7.28811073 -7.28811073 -7.28811073 -7.28811073 -7.28811073 -7.28811073
  -7.28811073 -7.28811073 -7.28811073 -7.28811073 -7.28811073 -7.28811073
  -7.28811073 -7.28811073 -7.28811073 -7.28811073 -7.28811073 -7.28811073
  -7.28811073 -7.28811073 -7.28811073 -7.28811073 -7.28811073 -7.28811073
  -7.28811073 -7.28811073 -7.28811073 -7.28811073 -7.28811073 -7.28811073
  -7.28811073 -7.28811073 -7.28811073 -7.28811073 -7.28811073 -7.28811073
  -7.28811073 -7.28811073 -7.28811073 -7.28811073]
 [-7.28811073 -7.28811073 -7.28811073 -7.28811073 -7.28811073 -7.28811073
  -7.28811073 -7.28811073 -7.28811073 -7.28811073 -7.28811073 -7.28811073
  -7.28811073 -7.28811073 -7.28811073 -7.28811073 -7.28811073 -7.28811073
  -7.28811073 -7.28811073 -7.28811073 -7.28811073 -7.28811073 -7.28811073
  -7.28811073 -7.28811073 -7.28811073 -7.28811073 -7.28811073 -7.28811073
  -7.28811073 -7.28811073 -7.28811073 -7.28811073 -7.28811073 -7.28811073
  -7.28811073 -7.28811073 -7.28811073 -7.28811073]
 [-7.28811073 -7.28811073 -7.28811073 -7.28811073 -7.28811073 -7.28811073
  -7.28811073 -7.28811073 -7.28811073 -7.28811073 -7.28811073 -7.28811073
  -7.28811073 -7.28811073 -7.28811073 -7.28811073 -7.28811073 -7.28811073
  -7.28811073 -7.28811073 -7.28811073 -7.28811073 -7.28811073 -7.28811073
  -7.28811073 -7.28811073 -7.28811073 -7.28811073 -7.28811073 -7.28811073
  -7.28811073 -7.28811073 -7.28811073 -7.28811073 -7.28811073 -7.28811073
  -7.28811073 -7.28811073 -7.28811073 -7.28811073]
 [-7.28811073 -7.28811073 -7.28811073 -7.28811073 -7.28811073 -7.28811073
  -7.28811073 -7.28811073 -7.28811073 -7.28811073 -7.28811073 -7.28811073
  -7.28811073 -7.28811073 -7.28811073 -7.28811073 -7.28811073 -7.28811073
  -7.28811073 -7.28811073 -7.28811073 -7.28811073 -7.28811073 -7.28811073
  -7.28811073 -7.28811073 -7.28811073 -7.28811073 -7.28811073 -7.28811073
  -7.28811073 -7.28811073 -7.28811073 -7.28811073 -7.28811073 -7.28811073
  -7.28811073 -7.28811073 -7.28811073 -7.28811073]
 [-7.28811073 -7.28811073 -7.28811073 -7.28811073 -7.28811073 -7.28811073
  -7.28811073 -7.28811073 -7.28811073 -7.28811073 -7.28811073 -7.28811073
  -7.28811073 -7.28811073 -7.28811073 -7.28811073 -7.28811073 -7.28811073
  -7.28811073 -7.28811073 -7.28811073 -7.28811073 -7.28811073 -7.28811073
  -7.28811073 -7.28811073 -7.28811073 -7.28811073 -7.28811073 -7.28811073
  -7.28811073 -7.28811073 -7.28811073 -7.28811073 -7.28811073 -7.28811073
  -7.28811073 -7.28811073 -7.28811073 -7.28811073]
 [-7.28811073 -7.28811073 -7.28811073 -7.28811073 -7.28811073 -7.28811073
  -7.28811073 -7.28811073 -7.28811073 -7.28811073 -7.28811073 -7.28811073
  -7.28811073 -7.28811073 -7.28811073 -7.28811073 -7.28811073 -7.28811073
  -7.28811073 -7.28811073 -7.28811073 -7.28811073 -7.28811073 -7.28811073
  -7.28811073 -7.28811073 -7.28811073 -7.28811073 -7.28811073 -7.28811073
  -7.28811073 -7.28811073 -7.28811073 -7.28811073 -7.28811073 -7.28811073
  -7.28811073 -7.28811073 -7.28811073 -7.28811073]
 [-7.28811073 -7.28811073 -7.28811073 -7.28811073 -7.28811073 -7.28811073
  -7.28811073 -7.28811073 -7.28811073 -7.28811073 -7.28811073 -7.28811073
  -7.28811073 -7.28811073 -7.28811073 -7.28811073 -7.28811073 -7.28811073
  -7.28811073 -7.28811073 -7.28811073 -7.28811073 -7.28811073 -7.28811073
  -7.28811073 -7.28811073 -7.28811073 -7.28811073 -7.28811073 -7.28811073
  -7.28811073 -7.28811073 -7.28811073 -7.28811073 -7.28811073 -7.28811073
  -7.28811073 -7.28811073 -7.28811073 -7.28811073]
 [-7.28811073 -7.28811073 -7.28811073 -7.28811073 -7.28811073 -7.28811073
  -7.28811073 -7.28811073 -7.28811073 -7.28811073 -7.28811073 -7.28811073
  -7.28811073 -7.28811073 -7.28811073 -7.28811073 -7.28811073 -7.28811073
  -7.28811073 -7.28811073 -7.28811073 -7.28811073 -7.28811073 -7.28811073
  -7.28811073 -7.28811073 -7.28811073 -7.28811073 -7.28811073 -7.28811073
  -7.28811073 -7.28811073 -7.28811073 -7.28811073 -7.28811073 -7.28811073
  -7.28811073 -7.28811073 -7.28811073 -7.28811073]
 [-7.28811073 -7.28811073 -7.28811073 -7.28811073 -7.28811073 -7.28811073
  -7.28811073 -7.28811073 -7.28811073 -7.28811073 -7.28811073 -7.28811073
  -7.28811073 -7.28811073 -7.28811073 -7.28811073 -7.28811073 -7.28811073
  -7.28811073 -7.28811073 -7.28811073 -7.28811073 -7.28811073 -7.28811073
  -7.28811073 -7.28811073 -7.28811073 -7.28811073 -7.28811073 -7.28811073
  -7.28811073 -7.28811073 -7.28811073 -7.28811073 -7.28811073 -7.28811073
  -7.28811073 -7.28811073 -7.28811073 -7.28811073]
 [-7.28811073 -7.28811073 -7.28811073 -7.28811073 -7.28811073 -7.28811073
  -7.28811073 -7.28811073 -7.28811073 -7.28811073 -7.28811073 -7.28811073
  -7.28811073 -7.28811073 -7.28811073 -7.28811073 -7.28811073 -7.28811073
  -7.28811073 -7.28811073 -7.28811073 -7.28811073 -7.28811073 -7.28811073
  -7.28811073 -7.28811073 -7.28811073 -7.28811073 -7.28811073 -7.28811073
  -7.28811073 -7.28811073 -7.28811073 -7.28811073 -7.28811073 -7.28811073
  -7.28811073 -7.28811073 -7.28811073 -7.28811073]
 [-7.28811073 -7.28811073 -7.28811073 -7.28811073 -7.28811073 -7.28811073
  -7.28811073 -7.28811073 -7.28811073 -7.28811073 -7.28811073 -7.28811073
  -7.28811073 -7.28811073 -7.28811073 -7.28811073 -7.28811073 -7.28811073
  -7.28811073 -7.28811073 -7.28811073 -7.28811073 -7.28811073 -7.28811073
  -7.28811073 -7.28811073 -7.28811073 -7.28811073 -7.28811073 -7.28811073
  -7.28811073 -7.28811073 -7.28811073 -7.28811073 -7.28811073 -7.28811073
  -7.28811073 -7.28811073 -7.28811073 -7.28811073]
 [-7.28811073 -7.28811073 -7.28811073 -7.28811073 -7.28811073 -7.28811073
  -7.28811073 -7.28811073 -7.28811073 -7.28811073 -7.28811073 -7.28811073
  -7.28811073 -7.28811073 -7.28811073 -7.28811073 -7.28811073 -7.28811073
  -7.28811073 -7.28811073 -7.28811073 -7.28811073 -7.28811073 -7.28811073
  -7.28811073 -7.28811073 -7.28811073 -7.28811073 -7.28811073 -7.28811073
  -7.28811073 -7.28811073 -7.28811073 -7.28811073 -7.28811073 -7.28811073
  -7.28811073 -7.28811073 -7.28811073 -7.28811073]]
maxs: [[ 4.66333723  2.79370117  2.12215829  3.6762774   2.2632544   1.54885387
  -0.61930716 -0.48503998 -0.62613606  0.26326901 -0.8181318  -0.36151928
  -0.36151928 -3.6762774  -2.67018104 -2.78687215 -4.23114014 -2.35467577
  -3.24348474 -2.23798394 -2.81128812 -4.23114014 -4.23114014 -2.79370117
  -4.23114014 -4.23114014 -2.23798394 -4.66333723 -4.66333723 -4.23114014
  -4.23114014 -4.23114014 -4.66333723 -4.23114014 -4.23114014 -7.28811073
  -4.66333723 -4.23114014 -4.23114014 -4.23114014]
 [ 3.99862313  3.87510228  2.12215829  2.12215829  0.12900183  1.80664182
   0.270098   -0.62613606  0.270098   -0.94165254 -2.49577188 -1.6831212
  -3.24348474 -2.35467577 -1.60636675 -3.99237895 -2.78687215 -4.23114014
  -4.23114014 -0.94165254 -4.23114014 -4.23114014 -4.23114014 -4.23114014
  -4.23114014 -4.23114014 -4.66333723 -4.66333723 -4.66333723 -4.66333723
  -4.23114014 -4.23114014 -4.69434261 -5.0509901  -5.41847467 -4.66333723
  -5.41164541 -4.66333723 -4.66333723 -5.29495478]
 [ 5.55274248  2.92796874  1.54885387  1.68995011  1.18994451  0.270098
   0.61930716 -1.0583328   0.92421448 -1.60636675 -1.07591975 -2.51056433
  -2.36150455 -2.92796874 -1.60636675 -4.23114014 -2.35467577 -3.92486382
  -4.23114014 -4.23114014 -2.92796874 -4.23114014 -4.23114014 -4.66333723
  -4.04772282 -4.23114014 -4.54435444 -4.23114014 -5.41164541 -4.23114014
  -4.74690151 -4.23114014 -5.41164541 -5.30931234 -4.23114014 -5.44940138
  -4.23114014 -4.66333723 -6.66364908 -4.66333723]
 [ 7.28811073  2.96526027  3.6762774   2.69026327  2.32543612 -0.64127922
   1.18200529 -0.81382704 -1.39088106 -1.60636675 -1.68995011  2.16970849
  -1.14394832 -3.54201031 -2.00766277 -3.87510228 -2.56128573 -2.67018104
  -4.23114014 -3.55958581 -4.23114014 -4.1656394  -3.87510228 -4.66333723
  -5.29495478 -4.23114014 -5.41164541 -4.66333723 -4.23114014 -4.66333723
  -5.29495478 -4.23114014 -4.96877098 -4.66333723 -5.41847467 -4.94489002
  -4.23114014 -5.41164541 -6.3034358  -5.29495478]
 [ 4.13289022  3.99862313  3.75633264  2.12215829  1.06357646 -0.18651456
   0.12900183  0.12900183 -1.60636675  0.38678959 -2.50408435 -2.72668648
  -1.55430365 -2.79370117 -3.1578989  -3.03365898 -4.19089985 -4.23114014
  -2.77841759 -1.60636675 -4.66333723 -3.47312236 -4.24078417 -4.23114014
  -4.23114014 -4.23114014 -4.71589041 -4.23114014 -4.88898659 -4.23114014
  -4.66333723 -5.41164541 -5.42652845 -5.29495478 -4.32156849 -5.8778162
  -5.47118235 -6.30356264 -5.82284069 -5.41847467]
 [ 5.86825848  3.6762774   1.25793409  1.68995011  0.53150988  0.78955424
   1.88610566 -1.22679567 -0.49382755 -1.0583328  -1.68995011 -2.09883356
   0.3913044  -2.70620036 -3.26974559 -2.58623481 -4.23114014 -4.09276438
  -2.78687215 -3.57877898 -4.23114014 -3.87414765 -4.23114014 -4.23114014
  -4.28717184 -5.41164541 -4.39324999 -4.63884258 -4.70562935 -4.77410746
  -5.41847467 -4.85763597 -4.65378046 -4.32177019 -5.55274248 -5.42742538
  -5.56042719 -5.71867418 -5.26082993 -6.60284853]
 [ 5.55274248  5.41164541  3.87510228  3.1396749   1.92305267  1.32362688
  -0.36151928 -0.70027143 -0.40011823 -0.6362195  -2.15901756 -2.267272
  -1.6246326  -1.06929851 -2.92796874 -2.92796874 -3.42040896 -4.23114014
  -4.23114014 -2.70617867 -4.3336935  -4.66333723 -3.03429532 -4.09829855
  -3.11811423 -4.59742451 -4.66333723 -4.97536612 -5.41164541 -4.38027191
  -5.29495478 -5.57017517 -5.55274248 -5.29495478 -5.55274248 -4.66333723
  -6.66988754 -6.29804373 -6.4028368  -5.55274248]
 [ 4.13289022  3.68310642  3.41848946  1.36702025  2.34648061  2.1422236
   0.09734458  0.1751978   0.36151928 -3.06706667 -1.58313692 -2.31984019
  -2.16230798 -3.40809011 -3.22593069 -4.3128624  -3.14405894 -2.95015264
  -4.23114014 -3.3088305  -4.23114014 -4.02019405 -4.23114014 -4.23114014
  -4.02524042 -5.02198601 -4.23114014 -5.03062248 -4.23114014 -5.19491005
  -4.23114014 -4.67520857 -4.69375467 -4.52950478 -4.66333723 -5.41924429
  -5.55274248 -6.03813124 -4.39961195 -4.75265312]
 [ 5.86825848  3.06077337  4.55865002  2.76761079  1.37384915 -1.09848452
  -1.15261173 -0.81737608 -1.79461992 -2.00693154 -2.83265233 -0.78732651
  -1.53213382 -2.23798394 -2.25943685 -3.13691735 -3.34195089 -3.23941684
  -4.66333723 -4.23114014 -4.23114014 -4.41364622 -4.94095945 -4.49849224
  -5.39930534 -5.29495478 -4.23114014 -5.86825848 -4.66333723 -4.48382378
  -5.41847467 -4.66333723 -4.53989363 -5.29495478 -5.91262817 -4.23114014
  -5.6209507  -4.79881477 -6.67218876 -5.75902653]
 [ 4.50726271  3.92302895  2.9406321   1.68995011 -0.58435082  2.2632544
   1.54885387 -1.25032866  2.06855202 -1.1562711  -2.0167861  -0.62613606
  -1.62515497 -2.35467577 -2.62206411 -2.64438438 -2.96269321 -4.23114014
  -5.29495478 -4.23114014 -4.02265215 -4.23114014 -4.61222363 -4.23114014
  -5.29495478 -5.41164541 -4.66333723 -4.23114014 -5.3180604  -5.41164541
  -5.71353865 -5.29495478 -5.07507467 -5.47020674 -5.52369881 -6.04213858
  -6.51046515 -5.41164541 -5.96736431 -4.66333723]
 [ 5.86825848  2.25642514  1.85048473  0.92872435  1.38613749  1.17485154
   1.63615084  0.4925504  -1.50811648 -1.02628088 -2.34404469 -1.60636675
  -2.78687215 -1.03483164 -2.57999706 -3.63069224 -2.92796874 -4.47012043
  -1.65714324 -3.90527654 -3.99079108 -3.77741146 -4.51968241 -4.66333723
  -4.80770636 -4.26884222 -5.79452944 -4.35013723 -5.0994978  -5.378582
  -4.17166853 -4.23114014 -5.41847467 -5.82997608 -5.01713371 -4.52577496
  -5.72499561 -4.97439337 -6.04551935 -5.78589106]
 [ 5.29495478  3.8468821   1.99562776  1.0583328  -0.36151928  2.02405143
   0.21225257  0.81005228  1.71956861 -1.60636675 -1.60636675 -2.14077044
  -0.77710122 -3.34497309 -3.00528097 -3.12558413 -3.19592261 -4.23114014
  -4.23114014 -3.54717112 -4.23114014 -4.02492523 -3.40995908 -4.09932375
  -4.23114014 -4.62277412 -4.69844723 -4.70289564 -4.26771355 -4.23114014
  -4.30767822 -5.00850821 -5.55274248 -6.29962778 -5.79094791 -5.41164541
  -6.24094296 -5.86363649 -6.21855116 -4.64413548]
 [ 3.81433749  3.55826378  3.42508125  1.73889995  1.17551148 -2.04342508
  -1.25032866 -1.42931032  0.39408925 -1.03185117 -2.39041042 -2.36150455
  -2.10463142 -2.46871758 -3.96786904 -3.5230701  -2.79124427 -3.54201031
  -4.43392324 -3.68963742 -4.23114014 -4.10250044 -4.38660955 -4.23114014
  -4.64789581 -4.19620609 -4.61452866 -4.66333723 -5.44369221 -4.58368063
  -5.41164541 -5.23395014 -4.90894699 -5.14861393 -5.29136086 -6.00808859
  -5.02403069 -6.35897589 -6.54878521 -6.08952284]
 [ 4.0430336   2.94397187  1.79009128  1.07019365  2.14916325  1.56986177
  -1.28952074 -0.47970936 -1.40424168 -1.48495984 -1.6843822  -1.16840792
  -3.06453609 -2.58066154 -3.54790378 -3.62544608 -2.14950418 -4.23114014
  -3.47519612 -3.67583156 -4.69360352 -3.50918102 -3.41950035 -3.95270729
  -4.66333723 -4.38781452 -3.71710324 -5.02298164 -4.84496546 -5.53960705
  -4.56623507 -5.39454889 -5.79950619 -5.51164675 -6.01236916 -5.96168232
  -6.12854004 -4.59931707 -6.12758684 -6.00451899]
 [ 5.41164541  3.5568893   2.32850456  1.3205626   1.0583328   0.12166207
  -0.95037341 -1.44585705 -1.1129514  -2.70596552 -2.65432096 -2.11444879
  -3.24348474 -2.23798394 -2.77286625 -4.36502934 -3.36497092 -2.37283778
  -4.07270956 -3.95495462 -3.04346156 -4.66218567 -4.96283817 -4.42803001
  -4.69791889 -5.55377865 -5.47689009 -4.95144081 -4.29976559 -5.50630426
  -5.23963451 -5.42315102 -5.41607094 -4.82459211 -5.26490498 -5.23017406
  -6.04909372 -6.14735556 -5.8383708  -6.16350937]
 [ 3.68310642  5.54117489  2.00546622  0.71553046  1.51155519  1.37384915
  -0.46876088 -0.43918213 -0.8600173  -1.34322524 -1.10407269 -0.77803719
  -0.79772049 -1.21569824 -2.80150747 -3.42161417 -2.80895257 -4.68066406
  -2.94426847 -2.69809389 -4.23114014 -4.76142359 -1.80767095 -4.0644002
  -3.60430264 -4.1718297  -4.83655643 -4.8795228  -1.94312251 -5.01338387
  -5.5919652  -4.23114014 -5.39047003 -5.42755508 -5.74787235 -2.18896842
  -5.09738302 -5.11563253 -6.1725688  -5.78893757]
 [ 3.68310642  3.37920499  1.6831212   0.78109831 -0.26567721  0.43628192
  -0.59135365 -0.711411   -0.70069009 -0.62358576 -1.34423721 -2.19482946
  -1.36472714 -1.27517259 -0.64960897 -1.78266323 -1.72537756 -0.82376832
  -1.20887232 -1.87749004 -1.66221333 -1.37851453 -2.35372853 -2.61068106
  -2.80912423 -1.77439022 -1.449494   -2.03515816 -1.34416962 -3.43285823
  -5.24100351 -3.2403748  -2.30936265 -3.17586923 -3.14635801 -2.86247182
  -2.38928294 -5.18624067 -4.31493092 -2.22740078]]
test_losses: [[-2.87458743 -3.7918291  -4.6971509  -5.14499166 -5.18587658 -5.69354984
  -5.89236892 -6.07598161 -6.17503108 -6.40334924 -6.57682432 -6.75691142
  -6.67526814 -6.95409812 -6.94540936 -6.92572062 -7.02578367 -6.99360462
  -7.04853912 -7.0710298  -7.05446012 -7.1072034  -7.1677073  -7.1706313
  -7.16723009 -7.19833008 -7.24622577 -7.25682741 -7.25082354 -7.24934706
  -7.25004073 -7.22667012 -7.23739319 -7.26252773 -7.25674317 -7.28811073
  -7.26211888 -7.2629167  -7.27318799 -7.27318799]
 [-2.85651937 -3.67493754 -4.52530364 -4.87862523 -5.40833766 -5.68308832
  -5.93391283 -6.02074019 -6.10557592 -6.34095506 -6.6948226  -6.81203977
  -6.75474508 -6.76883038 -6.86775511 -6.96506087 -6.98045422 -7.09338802
  -7.08506224 -7.1044162  -7.11706063 -7.13302302 -7.18787857 -7.14358591
  -7.18106722 -7.22168346 -7.24309507 -7.23780584 -7.23566621 -7.24738517
  -7.24078716 -7.25076497 -7.26271532 -7.26123277 -7.27647796 -7.27334566
  -7.26750233 -7.27035539 -7.27279424 -7.27549015]
 [-3.05599961 -3.87274498 -4.55331759 -5.01186842 -5.39114321 -5.71430596
  -5.97553746 -6.20851908 -6.14452174 -6.50604507 -6.66261059 -6.78678979
  -6.80653029 -6.89227931 -6.85044247 -6.96816116 -7.02176381 -7.11069438
  -7.05333323 -7.0720095  -7.06438639 -7.15059691 -7.1367158  -7.18817023
  -7.22750032 -7.19173062 -7.18579776 -7.21627667 -7.26054851 -7.22322741
  -7.25389692 -7.23156547 -7.25207653 -7.24905518 -7.26597104 -7.26798677
  -7.26218261 -7.26015652 -7.28548987 -7.26665075]
 [-2.69177671 -3.82296356 -4.50025558 -5.02080523 -5.26321336 -5.61410104
  -5.93702474 -5.99134983 -6.3822222  -6.43441515 -6.60977091 -6.65626905
  -6.76948679 -6.89585781 -6.85089321 -6.88097952 -6.9875872  -7.02296831
  -7.09529771 -7.11715098 -7.10544309 -7.15608257 -7.21230844 -7.20463292
  -7.20469044 -7.18710667 -7.23205964 -7.24922846 -7.19311533 -7.24904269
  -7.24463811 -7.23794756 -7.24511667 -7.26124811 -7.26001068 -7.25729609
  -7.26957794 -7.26775844 -7.28010839 -7.26315048]
 [-2.94823066 -3.88214245 -4.33128263 -4.8341868  -5.40421121 -5.57558163
  -5.92985919 -6.19723211 -6.36587248 -6.40295381 -6.50533679 -6.67978105
  -6.69632574 -6.79832286 -6.89640879 -6.87989751 -7.0196746  -7.04978914
  -7.08222435 -7.09245901 -7.13185405 -7.1143944  -7.17171244 -7.13062199
  -7.13704855 -7.20990207 -7.1738502  -7.20210496 -7.21359679 -7.23236108
  -7.23930282 -7.2556118  -7.26146421 -7.26579128 -7.24170641 -7.27126309
  -7.2660565  -7.27545214 -7.27490595 -7.27308613]
 [-2.87617215 -3.84824094 -4.59160784 -4.88952334 -5.34684474 -5.61233963
  -5.93146719 -6.04011157 -6.1827155  -6.34375417 -6.50529498 -6.73603947
  -6.74347394 -6.83912684 -6.84755256 -6.86072765 -7.0064879  -7.01101518
  -7.06330482 -7.05887637 -7.11688675 -7.0998971  -7.21149416 -7.13864007
  -7.19634503 -7.21204431 -7.21069808 -7.2129084  -7.21494259 -7.24408313
  -7.2370063  -7.25294185 -7.24846404 -7.26113144 -7.26297764 -7.25160128
  -7.25449808 -7.25923035 -7.26206333 -7.27724148]
 [-2.85150194 -3.71837071 -4.31460931 -5.1155161  -5.44877753 -5.55822155
  -5.77591968 -6.21218439 -6.24753394 -6.41281385 -6.52616302 -6.60015764
  -6.71055966 -6.7672733  -6.84958526 -6.85720219 -6.95442263 -7.0474058
  -7.12351179 -7.07496139 -7.08590142 -7.18563652 -7.1256836  -7.18804168
  -7.16412153 -7.19344413 -7.21779191 -7.20303277 -7.23503567 -7.21501396
  -7.23920702 -7.24316246 -7.24325572 -7.24476724 -7.26313699 -7.24744717
  -7.28370349 -7.27689656 -7.28051682 -7.26414781]
 [-2.75380961 -3.61485145 -4.51797564 -5.13595721 -5.33326305 -5.62698034
  -5.84067922 -6.16880902 -6.25600918 -6.48702872 -6.57313349 -6.6529598
  -6.81865016 -6.78437002 -6.91417042 -6.91940591 -6.99776507 -6.92760336
  -7.03884404 -7.05233033 -7.14267857 -7.03877797 -7.15881395 -7.10841651
  -7.18111897 -7.2055833  -7.1786736  -7.22275345 -7.22876611 -7.24133811
  -7.19874683 -7.24348158 -7.25907169 -7.24663473 -7.24743139 -7.25639625
  -7.26234169 -7.26058407 -7.24367925 -7.26486453]
 [-2.7812304  -3.71905529 -4.28824055 -5.04951901 -5.33167086 -5.76984169
  -5.94798917 -6.27464785 -6.36994031 -6.43909816 -6.52922265 -6.68966221
  -6.74874964 -6.80021261 -6.84309656 -6.80086242 -7.02149917 -7.01150213
  -7.10898805 -7.04091667 -7.10583746 -7.12497787 -7.15272243 -7.14075503
  -7.20667778 -7.20760712 -7.18793518 -7.23888716 -7.23241716 -7.21848824
  -7.25927014 -7.23057384 -7.25568366 -7.24899786 -7.2542208  -7.25007786
  -7.25912306 -7.25110524 -7.28511825 -7.26386738]
 [-2.61071062 -3.49158765 -4.64199178 -4.76726789 -5.19174207 -5.4015439
  -5.7823676  -5.96797473 -6.30684827 -6.40373187 -6.54300262 -6.49918155
  -6.70456978 -6.78632905 -6.91516991 -6.94960003 -6.9670097  -6.98987238
  -7.10576422 -7.03964006 -7.12671661 -7.13282851 -7.14142518 -7.11164854
  -7.19786301 -7.17766877 -7.20969471 -7.18286001 -7.23939761 -7.23652306
  -7.23223686 -7.23711259 -7.24096939 -7.24770131 -7.25908704 -7.2725784
  -7.2755956  -7.25923707 -7.27327632 -7.2591398 ]
 [-2.98109767 -4.07618333 -4.49036532 -5.00516728 -5.25990962 -5.60144072
  -5.88824177 -6.13014869 -6.15417992 -6.46379921 -6.65630174 -6.63807499
  -6.82521918 -6.82074948 -6.84182028 -6.86596038 -6.9342545  -7.05163203
  -7.01176655 -7.06297616 -7.09711429 -7.09380317 -7.13645389 -7.19451882
  -7.16858826 -7.17452732 -7.22701278 -7.1875451  -7.23557766 -7.22440629
  -7.22472135 -7.233989   -7.24760348 -7.2484777  -7.25663578 -7.23611463
  -7.23909843 -7.25884986 -7.27093154 -7.25683417]
 [-2.68182773 -3.92335785 -4.43215185 -5.03789072 -5.32556955 -5.60787514
  -5.97381178 -6.06993744 -6.14356605 -6.42793547 -6.57059364 -6.56411229
  -6.65350419 -6.81035662 -6.79014262 -6.92010885 -6.99625754 -7.01301046
  -6.99016647 -7.09997214 -7.04990973 -7.13184286 -7.15090339 -7.18508048
  -7.18258605 -7.18558162 -7.18271421 -7.1961153  -7.19937971 -7.21675937
  -7.22051325 -7.24096763 -7.25840928 -7.26291745 -7.25478271 -7.26233174
  -7.26974072 -7.26770701 -7.27480409 -7.25518951]
 [-2.84010932 -3.89756825 -4.1794997  -5.08834625 -5.09950258 -5.7840081
  -5.93112407 -6.0310191  -6.36899812 -6.40660488 -6.42895322 -6.65913209
  -6.69127871 -6.73564327 -6.82510838 -6.88309074 -6.95006311 -7.00334808
  -7.08393603 -7.07526078 -7.09759222 -7.1064459  -7.10167348 -7.13608184
  -7.13167261 -7.17461001 -7.16136028 -7.18403893 -7.21423184 -7.20416504
  -7.22815124 -7.22407922 -7.24419474 -7.24894805 -7.23821081 -7.26400738
  -7.25095628 -7.26221883 -7.27272425 -7.26503244]
 [-3.0051656  -3.83991815 -4.4445103  -4.8152059  -5.28099117 -5.4648423
  -5.89157251 -6.00130704 -6.09186212 -6.37494656 -6.43277603 -6.5698347
  -6.73632653 -6.72034691 -6.84967145 -6.85905297 -6.94192898 -6.94988723
  -6.97096691 -7.0131761  -7.05548368 -7.09742881 -7.11624461 -7.1064127
  -7.09841041 -7.11571496 -7.1466174  -7.14550966 -7.1812204  -7.19931409
  -7.18676331 -7.21545773 -7.22842239 -7.2272184  -7.23445961 -7.23618542
  -7.23690167 -7.2398004  -7.23755401 -7.25245357]
 [-2.77334321 -3.6945071  -4.43664778 -4.78181699 -5.1215771  -5.36507703
  -5.6832343  -6.00268458 -6.17249817 -6.38407133 -6.37516575 -6.55281233
  -6.70309349 -6.69541625 -6.73951786 -6.8429738  -6.90028193 -6.93025525
  -6.90083608 -7.00536435 -7.01429059 -7.06722826 -7.10483206 -7.05293683
  -7.06841937 -7.16629941 -7.13058985 -7.15182168 -7.17770653 -7.19028152
  -7.16419321 -7.17117317 -7.20453692 -7.19710475 -7.2171837  -7.23538083
  -7.22248195 -7.22922023 -7.24960313 -7.23406028]
 [-2.86811476 -3.72223928 -4.42431263 -4.89884952 -5.22015966 -5.60224921
  -5.80599877 -6.06293823 -6.28634841 -6.1901482  -6.32353222 -6.46798941
  -6.53652574 -6.61804794 -6.7721627  -6.74341567 -6.82199869 -6.94831642
  -6.87851406 -6.89328581 -6.99650548 -7.00975001 -6.98970231 -7.07383689
  -7.04709258 -7.10108543 -7.13361656 -7.12640749 -7.11031043 -7.11269616
  -7.15131323 -7.13020659 -7.15818237 -7.18414242 -7.22438306 -7.17455321
  -7.17728351 -7.18123909 -7.2112224  -7.23556441]
 [-2.87057083 -3.6302493  -4.38650401 -4.73451124 -5.00967394 -5.37856922
  -5.60695707 -5.82930316 -5.93579411 -6.09613825 -6.18466721 -6.37814147
  -6.32906864 -6.37314135 -6.49379066 -6.65387226 -6.68682801 -6.62147979
  -6.73910439 -6.74949153 -6.89470913 -6.79585231 -6.90042425 -6.91537102
  -7.01862684 -6.92962644 -7.02516381 -6.92984274 -6.99827925 -7.08024585
  -7.09462822 -7.0534899  -7.09721264 -7.08667882 -7.08895694 -7.12569131
  -7.11214266 -7.16863245 -7.15869947 -7.1504711 ]]
