args:  Namespace(attack='fgsm', l2=1.0, ndim=1)
lin_fgsm_1D_100_model.pt
elapsed time: 6516.55484669
mins: [[-1.16622055 -1.16622055 -1.16622055 -1.16622055 -1.16622055 -1.16622055
  -1.16622055 -1.16622055 -1.16622055 -1.16622055 -1.16622055 -1.16622055
  -1.16622055 -1.16622055 -1.16622055 -1.16622055 -1.16622055 -1.16622055
  -1.16622055 -1.16622055 -1.16622055 -1.16622055 -1.16622055 -1.16622055
  -1.16622055 -1.16622055 -1.16622055 -1.16622055 -1.16622055 -1.16622055
  -1.16622055 -1.16622055 -1.16622055 -1.16622055 -1.16622055 -1.16622055
  -1.16622055 -1.16622055 -1.16622055 -1.16622055]
 [-1.16622055 -1.16622055 -1.16622055 -1.16622055 -1.16622055 -1.16622055
  -1.16622055 -1.16622055 -1.16622055 -1.16622055 -1.16622055 -1.16622055
  -1.16622055 -1.16622055 -1.16622055 -1.16622055 -1.16622055 -1.16622055
  -1.16622055 -1.16622055 -1.16622055 -1.16622055 -1.16622055 -1.16622055
  -1.16622055 -1.16622055 -1.16622055 -1.16622055 -1.16622055 -1.16622055
  -1.16622055 -1.16622055 -1.16622055 -1.16622055 -1.16622055 -1.16622055
  -1.16622055 -1.16622055 -1.16622055 -1.16622055]
 [-1.16622055 -1.16622055 -1.16622055 -1.16622055 -1.16622055 -1.16622055
  -1.16622055 -1.16622055 -1.16622055 -1.16622055 -1.16622055 -1.16622055
  -1.16622055 -1.16622055 -1.16622055 -1.16622055 -1.16622055 -1.16622055
  -1.16622055 -1.16622055 -1.16622055 -1.16622055 -1.16622055 -1.16622055
  -1.16622055 -1.16622055 -1.16622055 -1.16622055 -1.16622055 -1.16622055
  -1.16622055 -1.16622055 -1.16622055 -1.16622055 -1.16622055 -1.16622055
  -1.16622055 -1.16622055 -1.16622055 -1.16622055]
 [-1.16622055 -1.16622055 -1.16622055 -1.16622055 -1.16622055 -1.16622055
  -1.16622055 -1.16622055 -1.16622055 -1.16622055 -1.16622055 -1.16622055
  -1.16622055 -1.16622055 -1.16622055 -1.16622055 -1.16622055 -1.16622055
  -1.16622055 -1.16622055 -1.16622055 -1.16622055 -1.16622055 -1.16622055
  -1.16622055 -1.16622055 -1.16622055 -1.16622055 -1.16622055 -1.16622055
  -1.16622055 -1.16622055 -1.16622055 -1.16622055 -1.16622055 -1.16622055
  -1.16622055 -1.16622055 -1.16622055 -1.16622055]
 [-1.16622055 -1.16622055 -1.16622055 -1.16622055 -1.16622055 -1.16622055
  -1.16622055 -1.16622055 -1.16622055 -1.16622055 -1.16622055 -1.16622055
  -1.16622055 -1.16622055 -1.16622055 -1.16622055 -1.16622055 -1.16622055
  -1.16622055 -1.16622055 -1.16622055 -1.16622055 -1.16622055 -1.16622055
  -1.16622055 -1.16622055 -1.16622055 -1.16622055 -1.16622055 -1.16622055
  -1.16622055 -1.16622055 -1.16622055 -1.16622055 -1.16622055 -1.16622055
  -1.16622055 -1.16622055 -1.16622055 -1.16622055]
 [-1.16622055 -1.16622055 -1.16622055 -1.16622055 -1.16622055 -1.16622055
  -1.16622055 -1.16622055 -1.16622055 -1.16622055 -1.16622055 -1.16622055
  -1.16622055 -1.16622055 -1.16622055 -1.16622055 -1.16622055 -1.16622055
  -1.16622055 -1.16622055 -1.16622055 -1.16622055 -1.16622055 -1.16622055
  -1.16622055 -1.16622055 -1.16622055 -1.16622055 -1.16622055 -1.16622055
  -1.16622055 -1.16622055 -1.16622055 -1.16622055 -1.16622055 -1.16622055
  -1.16622055 -1.16622055 -1.16622055 -1.16622055]
 [-1.16622055 -1.16622055 -1.16622055 -1.16622055 -1.16622055 -1.16622055
  -1.16622055 -1.16622055 -1.16622055 -1.16622055 -1.16622055 -1.16622055
  -1.16622055 -1.16622055 -1.16622055 -1.16622055 -1.16622055 -1.16622055
  -1.16622055 -1.16622055 -1.16622055 -1.16622055 -1.16622055 -1.16622055
  -1.16622055 -1.16622055 -1.16622055 -1.16622055 -1.16622055 -1.16622055
  -1.16622055 -1.16622055 -1.16622055 -1.16622055 -1.16622055 -1.16622055
  -1.16622055 -1.16622055 -1.16622055 -1.16622055]
 [-1.16622055 -1.16622055 -1.16622055 -1.16622055 -1.16622055 -1.16622055
  -1.16622055 -1.16622055 -1.16622055 -1.16622055 -1.16622055 -1.16622055
  -1.16622055 -1.16622055 -1.16622055 -1.16622055 -1.16622055 -1.16622055
  -1.16622055 -1.16622055 -1.16622055 -1.16622055 -1.16622055 -1.16622055
  -1.16622055 -1.16622055 -1.16622055 -1.16622055 -1.16622055 -1.16622055
  -1.16622055 -1.16622055 -1.16622055 -1.16622055 -1.16622055 -1.16622055
  -1.16622055 -1.16622055 -1.16622055 -1.16622055]
 [-1.16622055 -1.16622055 -1.16622055 -1.16622055 -1.16622055 -1.16622055
  -1.16622055 -1.16622055 -1.16622055 -1.16622055 -1.16622055 -1.16622055
  -1.16622055 -1.16622055 -1.16622055 -1.16622055 -1.16622055 -1.16622055
  -1.16622055 -1.16622055 -1.16622055 -1.16622055 -1.16622055 -1.16622055
  -1.16622055 -1.16622055 -1.16622055 -1.16622055 -1.16622055 -1.16622055
  -1.16622055 -1.16622055 -1.16622055 -1.16622055 -1.16622055 -1.16622055
  -1.16622055 -1.16622055 -1.16622055 -1.16622055]
 [-1.16622055 -1.16622055 -1.16622055 -1.16622055 -1.16622055 -1.16622055
  -1.16622055 -1.16622055 -1.16622055 -1.16622055 -1.16622055 -1.16622055
  -1.16622055 -1.16622055 -1.16622055 -1.16622055 -1.16622055 -1.16622055
  -1.16622055 -1.16622055 -1.16622055 -1.16622055 -1.16622055 -1.16622055
  -1.16622055 -1.16622055 -1.16622055 -1.16622055 -1.16622055 -1.16622055
  -1.16622055 -1.16622055 -1.16622055 -1.16622055 -1.16622055 -1.16622055
  -1.16622055 -1.16622055 -1.16622055 -1.16622055]
 [-1.16622055 -1.16622055 -1.16622055 -1.16622055 -1.16622055 -1.16622055
  -1.16622055 -1.16622055 -1.16622055 -1.16622055 -1.16622055 -1.16622055
  -1.16622055 -1.16622055 -1.16622055 -1.16622055 -1.16622055 -1.16622055
  -1.16622055 -1.16622055 -1.16622055 -1.16622055 -1.16622055 -1.16622055
  -1.16622055 -1.16622055 -1.16622055 -1.16622055 -1.16622055 -1.16622055
  -1.16622055 -1.16622055 -1.16622055 -1.16622055 -1.16622055 -1.16622055
  -1.16622055 -1.16622055 -1.16622055 -1.16622055]
 [-1.16622055 -1.16622055 -1.16622055 -1.16622055 -1.16622055 -1.16622055
  -1.16622055 -1.16622055 -1.16622055 -1.16622055 -1.16622055 -1.16622055
  -1.16622055 -1.16622055 -1.16622055 -1.16622055 -1.16622055 -1.16622055
  -1.16622055 -1.16622055 -1.16622055 -1.16622055 -1.16622055 -1.16622055
  -1.16622055 -1.16622055 -1.16622055 -1.16622055 -1.16622055 -1.16622055
  -1.16622055 -1.16622055 -1.16622055 -1.16622055 -1.16622055 -1.16622055
  -1.16622055 -1.16622055 -1.16622055 -1.16622055]
 [-1.16622055 -1.16622055 -1.16622055 -1.16622055 -1.16622055 -1.16622055
  -1.16622055 -1.16622055 -1.16622055 -1.16622055 -1.16622055 -1.16622055
  -1.16622055 -1.16622055 -1.16622055 -1.16622055 -1.16622055 -1.16622055
  -1.16622055 -1.16622055 -1.16622055 -1.16622055 -1.16622055 -1.16622055
  -1.16622055 -1.16622055 -1.16622055 -1.16622055 -1.16622055 -1.16622055
  -1.16622055 -1.16622055 -1.16622055 -1.16622055 -1.16622055 -1.16622055
  -1.16622055 -1.16622055 -1.16622055 -1.16622055]
 [-1.16622055 -1.16622055 -1.16622055 -1.16622055 -1.16622055 -1.16622055
  -1.16622055 -1.16622055 -1.16622055 -1.16622055 -1.16622055 -1.16622055
  -1.16622055 -1.16622055 -1.16622055 -1.16622055 -1.16622055 -1.16622055
  -1.16622055 -1.16622055 -1.16622055 -1.16622055 -1.16622055 -1.16622055
  -1.16622055 -1.16622055 -1.16622055 -1.16622055 -1.16622055 -1.16622055
  -1.16622055 -1.16622055 -1.16622055 -1.16622055 -1.16622055 -1.16622055
  -1.16622055 -1.16622055 -1.16622055 -1.16622055]
 [-1.16622055 -1.16622055 -1.16622055 -1.16622055 -1.16622055 -1.16622055
  -1.16622055 -1.16622055 -1.16622055 -1.16622055 -1.16622055 -1.16622055
  -1.16622055 -1.16622055 -1.16622055 -1.16622055 -1.16622055 -1.16622055
  -1.16622055 -1.16622055 -1.16622055 -1.16622055 -1.16622055 -1.16622055
  -1.16622055 -1.16622055 -1.16622055 -1.16622055 -1.16622055 -1.16622055
  -1.16622055 -1.16622055 -1.16622055 -1.16622055 -1.16622055 -1.16622055
  -1.16622055 -1.16622055 -1.16622055 -1.16622055]
 [-1.16622055 -1.16622055 -1.16622055 -1.16622055 -1.16622055 -1.16622055
  -1.16622055 -1.16622055 -1.16622055 -1.16622055 -1.16622055 -1.16622055
  -1.16622055 -1.16622055 -1.16622055 -1.16622055 -1.16622055 -1.16622055
  -1.16622055 -1.16622055 -1.16622055 -1.16622055 -1.16622055 -1.16622055
  -1.16622055 -1.16622055 -1.16622055 -1.16622055 -1.16622055 -1.16622055
  -1.16622055 -1.16622055 -1.16622055 -1.16622055 -1.16622055 -1.16622055
  -1.16622055 -1.16622055 -1.16622055 -1.16622055]
 [-1.16622055 -1.16622055 -1.16622055 -1.16622055 -1.16622055 -1.16622055
  -1.16622055 -1.16622055 -1.16622055 -1.16622055 -1.16622055 -1.16622055
  -1.16622055 -1.16622055 -1.16622055 -1.16622055 -1.16622055 -1.16622055
  -1.16622055 -1.16622055 -1.16622055 -1.16622055 -1.16622055 -1.16622055
  -1.16622055 -1.16622055 -1.16622055 -1.16622055 -1.16622055 -1.16622055
  -1.16622055 -1.16622055 -1.16622055 -1.16622055 -1.16622055 -1.16622055
  -1.16622055 -1.16622055 -1.16622055 -1.16622055]]
maxs: [[ 1.16622055  1.16622055  1.16622055  1.16622055  1.16622055  1.16622055
   1.16622055  1.16622055  1.16622055  1.16622055  1.16622055  1.16622055
   1.16622055  1.16622055  1.16622055  1.16622055  1.16622055  1.16622055
   1.16622055 -1.16622055  1.16622055  1.16622055  1.16622055 -1.15498638
   1.16622055  1.16622055  1.16622055  1.16622055 -1.16622055  1.16622055
   1.16622055  0.83935732 -0.62278944 -1.16622055  0.62675965 -1.16622055
  -1.16622055 -1.16622055  1.16622055 -1.16622055]
 [ 1.16622055  1.16622055  1.16622055  1.16622055  1.16622055  1.16622055
   1.16622055  1.16622055  1.16622055  1.16622055  1.16622055  1.16622055
   1.16622055  1.16622055  1.16622055  1.16622055  1.16622055  1.16622055
   1.16622055  1.16622055  1.16622055 -0.45269173  1.16622055  1.16622055
   1.16622055  1.16622055  1.16622055 -1.16622055 -0.2546142   1.16622055
   0.01481127  0.55816168  1.16622055 -0.86615342  0.66459227 -1.16622055
  -0.03098828 -0.86558706  0.19191898 -1.16622055]
 [ 1.16622055  1.16622055  1.16622055  1.16622055  1.16622055  1.16622055
   1.16622055  1.16622055  1.16622055  1.16622055  1.16622055  1.16622055
   1.16622055  1.16622055  1.04476547  1.16622055  1.16622055  0.65859151
   1.16622055  0.69550478  1.16622055  1.16622055  0.56875646  0.67105246
   0.9101932   0.62341297  0.62608564  0.4807032  -0.51772821  0.01172692
   1.16622055 -0.58936381  0.267304    1.16622055  1.16622055  1.16622055
   0.29173908 -1.16622055  0.9740116   0.33475545]
 [ 1.16622055  1.16622055  1.16622055  1.16622055  1.16622055  1.16622055
   1.16622055  1.16622055  1.16622055  1.16622055  1.16622055  1.16622055
   1.16622055  1.16622055  1.16622055  1.16622055  1.16622055  0.89698958
   1.16622055  1.16622055  1.16622055  0.14869751  0.56570166  1.03211498
   1.16622055  1.16622055  1.16622055  1.16622055  1.02407432  0.52964967
   1.16622055  1.16622055  1.16622055  0.78260887  1.16622055  1.16622055
   1.16622055  0.59991801  0.42666814  0.51111305]
 [ 1.16622055  1.16622055  1.16622055  1.16622055  1.16622055  1.16622055
   1.16622055  1.16622055  1.16622055  1.16622055  1.16622055  1.16622055
   1.16622055  1.16622055  1.16622055  1.16622055  1.16622055  1.16622055
   1.16622055  1.16622055  1.16622055  1.16622055  1.16622055  0.41371208
   0.87636602  1.16622055  1.12493229  1.16622055  1.16622055  1.16622055
   0.61993998  1.16622055  0.06356517  0.27662295  1.16622055  1.16622055
   0.95187026  1.16622055  0.99637175  0.84367442]
 [ 1.16622055  1.16622055  1.16622055  1.16622055  1.16622055  1.16622055
   1.16622055  1.16622055  1.16622055  1.16622055  1.16622055  1.16622055
   1.16622055  1.16622055  1.16622055  1.16622055  1.16622055  1.16622055
   1.16622055  1.16622055  1.16622055  1.16622055  1.16622055  1.16622055
   1.16622055  1.16622055  1.16622055  0.75702667  1.16622055  0.80171847
   1.16622055  1.16622055  1.16622055  0.58784586  0.27757561  0.89671397
   1.16622055  0.5594207   0.54804975  1.16622055]
 [ 1.16622055  1.16622055  1.16622055  1.16622055  1.16622055  1.16622055
   1.16622055  1.16622055  1.16622055  1.16622055  1.16622055  1.16622055
   1.16622055  1.16622055  1.07593489  1.16622055  1.16622055  1.16622055
   1.16622055  1.16622055  1.00530016  1.16622055  0.40127414  1.16622055
   1.16622055  0.91910434  1.16622055  1.1585058   0.38531864  0.43782517
   0.95045125  1.16622055  1.14111054  1.16622055 -0.68235701  0.91907561
   1.16622055  1.11672282  1.03929937  0.28126639]
 [ 1.16622055  1.16622055  1.16622055  1.16622055  1.16622055  1.16622055
   1.16622055  1.16622055  1.16622055  1.11523199  1.16622055  1.16622055
   1.16622055  1.16622055  1.16622055  1.16622055  1.16622055  1.16622055
   1.16622055  1.16622055  1.16622055  1.16622055  1.16622055  1.16622055
   1.16622055  1.16622055  1.16622055  1.16622055  1.16622055  1.16622055
   1.04673302  0.43091038  1.16622055  1.16622055  0.70872039  1.16622055
   1.16622055  0.54740536  1.16622055  1.16622055]
 [ 1.16622055  1.16622055  1.16622055  1.16622055  1.16622055  1.16622055
   1.16622055  1.16622055  1.16622055  1.16622055  1.16622055  1.16622055
   1.16622055  1.16622055  1.16622055  1.16622055  1.16622055  1.16622055
   1.16622055  1.16622055  1.16622055  1.16622055  1.16622055  1.16622055
   1.16622055  1.16622055  1.08832753  1.16622055  1.16622055  1.00168371
   0.85305196  1.03968668  1.16622055  1.16622055  1.16622055  1.16622055
   1.04934454  1.16622055  1.02144623  1.16622055]
 [ 1.16622055  1.16622055  1.16622055  1.16622055  1.16622055  1.16622055
   1.16622055  1.16622055  1.16622055  1.16622055  1.16622055  1.16622055
   1.16622055  1.16622055  1.16622055  1.16622055  1.16622055  1.16622055
   1.16622055  1.16622055  1.16622055  1.16622055  1.16622055  1.16622055
   1.16622055  0.49170443  1.16622055  1.16622055  1.04089665  1.16622055
   1.16622055  1.16622055  1.16622055  0.62001395  1.16622055  1.16622055
   1.16622055  1.16622055  0.93145788  1.16622055]
 [ 1.16622055  1.16622055  1.16622055  1.16622055  1.16622055  1.16622055
   1.16622055  1.16622055  1.16622055  1.16622055  1.16622055  1.16622055
   1.16622055  1.16622055  1.16622055  1.16622055  1.16622055  1.16622055
   1.16622055  1.16622055  1.16622055  1.16622055  1.16622055  1.16622055
   1.10138321  1.16622055  1.14080584  1.16622055  1.16622055  1.16622055
   1.16622055  1.16622055  1.16622055  1.16622055  1.16622055  1.16622055
   1.16622055  1.16622055  1.16622055  1.16622055]
 [ 1.16622055  1.16622055  1.16622055  1.16622055  1.16622055  1.16622055
   1.16622055  1.16622055  1.16622055  1.16622055  1.16622055  1.16622055
   1.16622055  1.16622055  1.16622055  1.16622055  1.16622055  1.12929606
   1.16622055  1.16622055  1.16622055  1.16622055  1.16622055  1.16622055
   0.85949469  1.16622055  1.16622055  1.16622055  1.16622055  1.16622055
   1.16622055  1.16622055  1.16622055  1.16622055  1.16622055  1.16622055
   1.16622055  1.16622055  1.16622055  1.16622055]
 [ 1.16622055  1.16622055  1.16622055  1.16622055  1.16622055  1.16622055
   1.16622055  1.16622055  1.16622055  1.16622055  1.16622055  1.16622055
   1.16622055  1.16622055  1.16622055  1.16622055  1.16622055  1.16622055
   1.16622055  1.16622055  1.16622055  1.16622055  1.16622055  1.16622055
   1.16622055  1.16622055  1.16622055  1.16622055  1.16622055  1.16622055
   1.16622055  1.16622055  1.16622055  1.16622055  1.16622055  1.16622055
   1.16622055  1.16622055  1.16622055  1.16622055]
 [ 1.16622055  1.16622055  1.16622055  1.16622055  1.16622055  1.16622055
   1.16622055  1.16622055  1.16622055  1.16622055  1.16622055  1.16622055
   1.16622055  1.16622055  1.16622055  1.16622055  1.16622055  1.16622055
   1.16622055  1.16622055  1.16622055  1.16622055  1.16622055  1.16622055
   1.16622055  1.16622055  1.16622055  1.16622055  1.16622055  1.16622055
   1.16622055  1.16622055  1.16622055  1.16622055  1.16622055  1.16622055
   1.16622055  1.16622055  1.16622055  1.16622055]
 [ 1.16622055  1.16622055  1.16622055  1.16622055  1.16622055  1.16622055
   1.16622055  1.16622055  1.16622055  1.16622055  1.16622055  1.16622055
   1.16622055  1.16622055  1.16622055  1.16622055  1.16622055  1.16622055
   1.16622055  1.16622055  1.16622055  1.16622055  1.16622055  1.16622055
   1.16622055  1.16622055  1.16622055  1.16622055  1.16622055  1.16622055
   1.16622055  1.16622055  1.16622055  1.16622055  1.16622055  1.16622055
   1.16622055  1.16622055  1.16622055  1.16622055]
 [ 1.16622055  1.16622055  1.16622055  1.16622055  1.16622055  1.16622055
   1.16622055  1.16622055  1.16622055  1.16622055  1.16622055  1.16622055
   1.16622055  1.16622055  1.16622055  1.16622055  1.16622055  1.16622055
   1.16622055  1.16622055  1.16622055  1.16622055  1.16622055  1.16622055
   1.16622055  1.16622055  1.16622055  1.16622055  1.16622055  1.16622055
   1.16622055  1.16622055  1.16622055  1.16622055  1.16622055  1.16622055
   1.16622055  1.16622055  1.16622055  1.16622055]
 [ 1.16622055  1.16622055  1.16622055  1.16622055  1.16622055  1.16622055
   1.16622055  1.16622055  1.16622055  1.16622055  1.16622055  1.16622055
   1.16622055  1.16622055  1.16622055  1.16622055  1.16622055  1.16622055
   1.16622055  1.16622055  1.16622055  1.16622055  1.16622055  1.16622055
   1.16622055  1.16622055  1.16622055  1.16622055  1.16622055  1.16622055
   1.16622055  1.16622055  1.16622055  1.16622055  1.16622055  1.16622055
   1.16622055  1.16622055  1.16622055  1.16622055]]
test_losses: [[-0.46768452 -0.66130658 -0.71042091 -0.78697954 -0.86438115 -0.89750811
  -0.85563299 -0.99941004 -1.01032183 -0.97598783 -1.06736386 -1.08941605
  -1.0825161  -1.10246818 -1.08433673 -1.12070447 -1.12670115 -1.15661471
  -1.11957172 -1.16622055 -1.12734653 -1.15273886 -1.15067094 -1.1661831
  -1.15067094 -1.14823654 -1.14896086 -1.15844574 -1.16622055 -1.15844574
  -1.15844574 -1.1587202  -1.16440911 -1.16622055 -1.15841775 -1.16622055
  -1.16622055 -1.16622055 -1.15572776 -1.16622055]
 [-0.49276228 -0.54139669 -0.74941414 -0.74506445 -0.81182312 -0.94428457
  -0.93574565 -0.97467343 -1.01586079 -1.02604785 -1.08418489 -1.05975351
  -1.04855924 -1.12530402 -1.08112681 -1.07150795 -1.11408032 -1.12398238
  -1.1285159  -1.14748164 -1.1468508  -1.16311721 -1.14010911 -1.13729651
  -1.14476817 -1.14768166 -1.15437964 -1.16622055 -1.16137355 -1.14289613
  -1.15917326 -1.15156889 -1.15844574 -1.16522032 -1.16011784 -1.16622055
  -1.16243644 -1.16521843 -1.15956643 -1.16622055]
 [-0.56555119 -0.49628834 -0.68670166 -0.79453637 -0.82460535 -0.90362433
  -0.94992311 -0.94300991 -0.98279796 -1.03376042 -1.00732954 -1.02055869
  -1.07875812 -1.04872713 -1.09552345 -1.11727847 -1.10896838 -1.13942531
  -1.10493069 -1.12872203 -1.12114761 -1.12726211 -1.14673845 -1.15654055
  -1.1410594  -1.15315504 -1.15125905 -1.16021744 -1.16270866 -1.15108189
  -1.15480688 -1.16429769 -1.16144213 -1.15776499 -1.15327072 -1.15225845
  -1.15642036 -1.16622055 -1.15483472 -1.15630021]
 [-0.4223277  -0.5330483  -0.71065858 -0.7292319  -0.83700227 -0.88579343
  -0.94514537 -0.92213037 -0.97708011 -0.98983509 -1.02840607 -1.05397306
  -1.05502729 -1.0621982  -1.096403   -1.08456067 -1.08232779 -1.11687083
  -1.10736415 -1.09924521 -1.11111771 -1.13773562 -1.14262382 -1.14923002
  -1.11527031 -1.12364086 -1.12103661 -1.13850634 -1.15692198 -1.14587559
  -1.1226342  -1.12192485 -1.13466846 -1.15311863 -1.14928064 -1.14439815
  -1.15289146 -1.16033342 -1.16091092 -1.14859153]
 [-0.37211523 -0.59394015 -0.69484996 -0.72010204 -0.73822418 -0.8195048
  -0.8720442  -0.91498555 -0.93002751 -1.01466979 -0.93726909 -1.0283027
  -0.98969672 -1.07040464 -1.07830668 -1.04662624 -1.05221846 -1.09138395
  -1.12407704 -1.08577589 -1.12883585 -1.11904316 -1.12445922 -1.1166712
  -1.13171584 -1.11927709 -1.09737236 -1.1271662  -1.13308129 -1.13162032
  -1.13473618 -1.14033536 -1.14635316 -1.15633541 -1.13617709 -1.15297313
  -1.15245027 -1.14641856 -1.15278866 -1.14819123]
 [-0.53633143 -0.61568054 -0.6267418  -0.73549081 -0.76996794 -0.87596208
  -0.83527814 -0.92312526 -0.95874928 -0.95180246 -1.00226708 -1.01721653
  -0.99747937 -1.01178365 -1.02367042 -1.04596663 -1.04455578 -1.08264161
  -1.07808357 -1.06158956 -1.047972   -1.07653708 -1.08944708 -1.09068676
  -1.10933675 -1.13783864 -1.11176685 -1.13211834 -1.10241929 -1.12056777
  -1.1186039  -1.13506701 -1.12685639 -1.13111836 -1.14966454 -1.13506868
  -1.11349925 -1.1344371  -1.14720863 -1.14467238]
 [-0.3852263  -0.66619523 -0.66389493 -0.76618851 -0.80190672 -0.86676562
  -0.84438778 -0.86559662 -0.96076414 -0.99501638 -0.98737562 -0.98822607
  -1.050087   -1.04528605 -1.05764008 -1.06333855 -1.05325132 -1.05998567
  -1.07532218 -1.0377048  -1.09625444 -1.10301423 -1.13299695 -1.09097241
  -1.10702035 -1.13884806 -1.09988813 -1.13186598 -1.12455549 -1.14554602
  -1.14518808 -1.13974624 -1.1255767  -1.15424602 -1.16347492 -1.13156983
  -1.09774805 -1.13487442 -1.12516344 -1.16134126]
 [-0.39249198 -0.5942657  -0.65128855 -0.7371588  -0.77576643 -0.74948258
  -0.85983217 -0.91085428 -0.869833   -0.94720509 -0.9620187  -0.95157423
  -1.02399633 -0.99792336 -0.97960566 -1.02646164 -1.08377035 -1.06146082
  -1.06818836 -1.06741629 -1.05482444 -1.08507582 -1.08399755 -1.10990151
  -1.08416565 -1.11209755 -1.09392471 -1.12396327 -1.12480828 -1.09135096
  -1.12995375 -1.12830402 -1.12199898 -1.10082724 -1.14209164 -1.12682265
  -1.10498803 -1.1432263  -1.13327753 -1.13279976]
 [-0.46651208 -0.59236542 -0.63324276 -0.71924486 -0.73722155 -0.82658638
  -0.84204275 -0.92250694 -0.85198598 -0.94481125 -0.98120763 -0.99559317
  -0.97001567 -0.98032518 -1.03671065 -0.97634231 -1.06011619 -1.03239166
  -1.08497597 -1.05065941 -1.06628368 -1.05488094 -1.10958722 -1.09261157
  -1.10485819 -1.09301477 -1.08731773 -1.09086724 -1.0862798  -1.11822029
  -1.12855337 -1.10957986 -1.12465664 -1.10225613 -1.10118755 -1.13641897
  -1.1361508  -1.12221806 -1.13169029 -1.12574047]
 [-0.44216646 -0.49988497 -0.60269944 -0.7447004  -0.76319138 -0.70577107
  -0.82293209 -0.90294432 -0.92607226 -0.99520221 -1.00068475 -0.97759951
  -0.97897073 -1.03057103 -0.97954997 -1.0225932  -0.99725843 -1.06558374
  -0.98462064 -1.06125436 -1.00414974 -1.07405552 -1.0484073  -1.04791976
  -1.07095392 -1.13066384 -1.06988964 -1.08932213 -1.11108821 -1.12179485
  -1.09778683 -1.1030435  -1.11800799 -1.12969639 -1.0906726  -1.12778048
  -1.13371812 -1.1105168  -1.11641794 -1.13437176]
 [-0.41481477 -0.49390403 -0.59190382 -0.63799689 -0.7378955  -0.79954002
  -0.87352343 -0.82737539 -0.86309999 -0.88477339 -0.94219167 -0.99184503
  -0.9691599  -1.00974988 -0.97006742 -0.97191039 -0.94471195 -1.03208423
  -0.96971268 -1.05762496 -1.05221866 -1.02466174 -1.03575984 -1.07733952
  -1.08589061 -1.0653494  -1.07748141 -1.07411544 -1.10235437 -1.08360261
  -1.11460824 -1.07170179 -1.07499483 -1.11790329 -1.08860152 -1.10733294
  -1.12642438 -1.11814835 -1.1110824  -1.09213282]
 [-0.44025299 -0.48977406 -0.54533736 -0.60849616 -0.73731085 -0.81530181
  -0.86047189 -0.79199798 -0.83799715 -0.88869435 -0.86302112 -0.90744688
  -0.91229447 -0.97348392 -1.03836565 -1.01420191 -0.96118499 -1.04887885
  -1.01632095 -1.0239435  -1.04616539 -1.06910984 -1.02126754 -1.02449069
  -1.10695661 -1.07246843 -1.09084447 -1.06607978 -1.09915938 -1.05022465
  -1.05047424 -1.10987636 -1.07961859 -1.10931853 -1.10045364 -1.0752072
  -1.10102372 -1.12557829 -1.06297896 -1.11417327]
 [-0.39540984 -0.52502145 -0.5612971  -0.68582336 -0.75505817 -0.83667266
  -0.79875486 -0.85677071 -0.95907008 -0.88523911 -0.8977053  -0.92390463
  -0.94720886 -0.96677038 -0.94343584 -0.92706824 -1.00927888 -0.9590247
  -0.99131724 -1.0095831  -1.02199574 -1.06381754 -1.06332029 -1.02012621
  -1.04377122 -1.01056941 -1.04456618 -1.05733939 -1.05928598 -1.06119337
  -1.02551215 -1.08577862 -1.08109537 -1.05409835 -1.09988871 -1.08930132
  -1.09840633 -1.07264236 -1.10504012 -1.08365006]
 [-0.51573617 -0.45463236 -0.6131963  -0.63642034 -0.69623531 -0.66507173
  -0.77510354 -0.80063673 -0.8323502  -0.84516301 -0.83083136 -0.83668379
  -0.8247629  -0.76652493 -0.82379803 -0.89485877 -0.8915432  -0.87131425
  -0.89396231 -0.9313907  -0.88735601 -0.96858293 -0.94764777 -0.91781124
  -0.88375893 -0.93652627 -1.004401   -0.91342    -0.94381134 -0.96148635
  -0.92495055 -0.99114631 -0.97177046 -0.97389255 -1.05380326 -0.95153221
  -0.98537372 -0.99419464 -0.96733845 -1.02532001]
 [-0.44208283 -0.41335326 -0.56753381 -0.64635594 -0.65098832 -0.68371589
  -0.68985136 -0.69436547 -0.68133225 -0.72568989 -0.74532973 -0.73962652
  -0.78435271 -0.81267136 -0.81140066 -0.86464151 -0.83307212 -0.7911669
  -0.82630928 -0.80074339 -0.83063489 -0.77479868 -0.88052256 -0.89682884
  -0.84052083 -0.75130912 -0.83406943 -0.75858623 -0.86534845 -0.73937212
  -0.77885314 -0.83603845 -0.83353407 -0.90865216 -0.85851711 -0.88321937
  -0.86828571 -0.84712437 -0.94415492 -0.86246417]
 [-0.35423854 -0.49120779 -0.5512878  -0.56109336 -0.68512401 -0.62224506
  -0.62997046 -0.66996727 -0.67944752 -0.76527839 -0.70446315 -0.6801242
  -0.75301484 -0.68424637 -0.65345995 -0.76814135 -0.69035375 -0.69031581
  -0.6623699  -0.68611672 -0.71854345 -0.80272059 -0.75558301 -0.65162188
  -0.77361388 -0.69899355 -0.73867731 -0.61736923 -0.75307501 -0.64249292
  -0.7377878  -0.7927427  -0.70503084 -0.83612869 -0.78044644 -0.7046517
  -0.7289506  -0.75891934 -0.76001871 -0.71965092]
 [-0.30275845 -0.4478213  -0.53047928 -0.52535321 -0.47084195 -0.5766939
  -0.58497405 -0.55961072 -0.62439345 -0.56464299 -0.57847614 -0.56108068
  -0.70211072 -0.52166852 -0.60901422 -0.49545295 -0.55263191 -0.55729591
  -0.56561891 -0.58511794 -0.46866626 -0.4212021  -0.48702183 -0.5475793
  -0.41752099 -0.52543701 -0.53839129 -0.48648164 -0.47771377 -0.39093719
  -0.4510783  -0.45626645 -0.51406998 -0.38358706 -0.47138612 -0.42294973
  -0.49447343 -0.41301293 -0.46680491 -0.3786892 ]]
