args:  Namespace(attack='fgsm', l2=0.01, ndim=1)
lin_fgsm_1D_1_model.pt
elapsed time: 6065.799519555
mins: [[-1.11817598 -1.11817598 -1.11817598 -1.11817598 -1.11817598 -1.11817598
  -1.11817598 -1.11817598 -1.11817598 -1.11817598 -1.11817598 -1.11817598
  -1.11817598 -1.11817598 -1.11817598 -1.11817598 -1.11817598 -1.11817598
  -1.11817598 -1.11817598 -1.11817598 -1.11817598 -1.11817598 -1.11817598
  -1.11817598 -1.11817598 -1.11817598 -1.11817598 -1.11817598 -1.11817598
  -1.11817598 -1.11817598 -1.11817598 -1.11817598 -1.11817598 -1.11817598
  -1.11817598 -1.11817598 -1.11817598 -1.11817598]
 [-1.11817598 -1.11817598 -1.11817598 -1.11817598 -1.11817598 -1.11817598
  -1.11817598 -1.11817598 -1.11817598 -1.11817598 -1.11817598 -1.11817598
  -1.11817598 -1.11817598 -1.11817598 -1.11817598 -1.11817598 -1.11817598
  -1.11817598 -1.11817598 -1.11817598 -1.11817598 -1.11817598 -1.11817598
  -1.11817598 -1.11817598 -1.11817598 -1.11817598 -1.11817598 -1.11817598
  -1.11817598 -1.11817598 -1.11817598 -1.11817598 -1.11817598 -1.11817598
  -1.11817598 -1.11817598 -1.11817598 -1.11817598]
 [-1.11817598 -1.11817598 -1.11817598 -1.11817598 -1.11817598 -1.11817598
  -1.11817598 -1.11817598 -1.11817598 -1.11817598 -1.11817598 -1.11817598
  -1.11817598 -1.11817598 -1.11817598 -1.11817598 -1.11817598 -1.11817598
  -1.11817598 -1.11817598 -1.11817598 -1.11817598 -1.11817598 -1.11817598
  -1.11817598 -1.11817598 -1.11817598 -1.11817598 -1.11817598 -1.11817598
  -1.11817598 -1.11817598 -1.11817598 -1.11817598 -1.11817598 -1.11817598
  -1.11817598 -1.11817598 -1.11817598 -1.11817598]
 [-1.11817598 -1.11817598 -1.11817598 -1.11817598 -1.11817598 -1.11817598
  -1.11817598 -1.11817598 -1.11817598 -1.11817598 -1.11817598 -1.11817598
  -1.11817598 -1.11817598 -1.11817598 -1.11817598 -1.11817598 -1.11817598
  -1.11817598 -1.11817598 -1.11817598 -1.11817598 -1.11817598 -1.11817598
  -1.11817598 -1.11817598 -1.11817598 -1.11817598 -1.11817598 -1.11817598
  -1.11817598 -1.11817598 -1.11817598 -1.11817598 -1.11817598 -1.11817598
  -1.11817598 -1.11817598 -1.11817598 -1.11817598]
 [-1.11817598 -1.11817598 -1.11817598 -1.11817598 -1.11817598 -1.11817598
  -1.11817598 -1.11817598 -1.11817598 -1.11817598 -1.11817598 -1.11817598
  -1.11817598 -1.11817598 -1.11817598 -1.11817598 -1.11817598 -1.11817598
  -1.11817598 -1.11817598 -1.11817598 -1.11817598 -1.11817598 -1.11817598
  -1.11817598 -1.11817598 -1.11817598 -1.11817598 -1.11817598 -1.11817598
  -1.11817598 -1.11817598 -1.11817598 -1.11817598 -1.11817598 -1.11817598
  -1.11817598 -1.11817598 -1.11817598 -1.11817598]
 [-1.11817598 -1.11817598 -1.11817598 -1.11817598 -1.11817598 -1.11817598
  -1.11817598 -1.11817598 -1.11817598 -1.11817598 -1.11817598 -1.11817598
  -1.11817598 -1.11817598 -1.11817598 -1.11817598 -1.11817598 -1.11817598
  -1.11817598 -1.11817598 -1.11817598 -1.11817598 -1.11817598 -1.11817598
  -1.11817598 -1.11817598 -1.11817598 -1.11817598 -1.11817598 -1.11817598
  -1.11817598 -1.11817598 -1.11817598 -1.11817598 -1.11817598 -1.11817598
  -1.11817598 -1.11817598 -1.11817598 -1.11817598]
 [-1.11817598 -1.11817598 -1.11817598 -1.11817598 -1.11817598 -1.11817598
  -1.11817598 -1.11817598 -1.11817598 -1.11817598 -1.11817598 -1.11817598
  -1.11817598 -1.11817598 -1.11817598 -1.11817598 -1.11817598 -1.11817598
  -1.11817598 -1.11817598 -1.11817598 -1.11817598 -1.11817598 -1.11817598
  -1.11817598 -1.11817598 -1.11817598 -1.11817598 -1.11817598 -1.11817598
  -1.11817598 -1.11817598 -1.11817598 -1.11817598 -1.11817598 -1.11817598
  -1.11817598 -1.11817598 -1.11817598 -1.11817598]
 [-1.11817598 -1.11817598 -1.11817598 -1.11817598 -1.11817598 -1.11817598
  -1.11817598 -1.11817598 -1.11817598 -1.11817598 -1.11817598 -1.11817598
  -1.11817598 -1.11817598 -1.11817598 -1.11817598 -1.11817598 -1.11817598
  -1.11817598 -1.11817598 -1.11817598 -1.11817598 -1.11817598 -1.11817598
  -1.11817598 -1.11817598 -1.11817598 -1.11817598 -1.11817598 -1.11817598
  -1.11817598 -1.11817598 -1.11817598 -1.11817598 -1.11817598 -1.11817598
  -1.11817598 -1.11817598 -1.11817598 -1.11817598]
 [-1.11817598 -1.11817598 -1.11817598 -1.11817598 -1.11817598 -1.11817598
  -1.11817598 -1.11817598 -1.11817598 -1.11817598 -1.11817598 -1.11817598
  -1.11817598 -1.11817598 -1.11817598 -1.11817598 -1.11817598 -1.11817598
  -1.11817598 -1.11817598 -1.11817598 -1.11817598 -1.11817598 -1.11817598
  -1.11817598 -1.11817598 -1.11817598 -1.11817598 -1.11817598 -1.11817598
  -1.11817598 -1.11817598 -1.11817598 -1.11817598 -1.11817598 -1.11817598
  -1.11817598 -1.11817598 -1.11817598 -1.11817598]
 [-1.11817598 -1.11817598 -1.11817598 -1.11817598 -1.11817598 -1.11817598
  -1.11817598 -1.11817598 -1.11817598 -1.11817598 -1.11817598 -1.11817598
  -1.11817598 -1.11817598 -1.11817598 -1.11817598 -1.11817598 -1.11817598
  -1.11817598 -1.11817598 -1.11817598 -1.11817598 -1.11817598 -1.11817598
  -1.11817598 -1.11817598 -1.11817598 -1.11817598 -1.11817598 -1.11817598
  -1.11817598 -1.11817598 -1.11817598 -1.11817598 -1.11817598 -1.11817598
  -1.11817598 -1.11817598 -1.11817598 -1.11817598]
 [-1.11817598 -1.11817598 -1.11817598 -1.11817598 -1.11817598 -1.11817598
  -1.11817598 -1.11817598 -1.11817598 -1.11817598 -1.11817598 -1.11817598
  -1.11817598 -1.11817598 -1.11817598 -1.11817598 -1.11817598 -1.11817598
  -1.11817598 -1.11817598 -1.11817598 -1.11817598 -1.11817598 -1.11817598
  -1.11817598 -1.11817598 -1.11817598 -1.11817598 -1.11817598 -1.11817598
  -1.11817598 -1.11817598 -1.11817598 -1.11817598 -1.11817598 -1.11817598
  -1.11817598 -1.11817598 -1.11817598 -1.11817598]
 [-1.11817598 -1.11817598 -1.11817598 -1.11817598 -1.11817598 -1.11817598
  -1.11817598 -1.11817598 -1.11817598 -1.11817598 -1.11817598 -1.11817598
  -1.11817598 -1.11817598 -1.11817598 -1.11817598 -1.11817598 -1.11817598
  -1.11817598 -1.11817598 -1.11817598 -1.11817598 -1.11817598 -1.11817598
  -1.11817598 -1.11817598 -1.11817598 -1.11817598 -1.11817598 -1.11817598
  -1.11817598 -1.11817598 -1.11817598 -1.11817598 -1.11817598 -1.11817598
  -1.11817598 -1.11817598 -1.11817598 -1.11817598]
 [-1.11817598 -1.11817598 -1.11817598 -1.11817598 -1.11817598 -1.11817598
  -1.11817598 -1.11817598 -1.11817598 -1.11817598 -1.11817598 -1.11817598
  -1.11817598 -1.11817598 -1.11817598 -1.11817598 -1.11817598 -1.11817598
  -1.11817598 -1.11817598 -1.11817598 -1.11817598 -1.11817598 -1.11817598
  -1.11817598 -1.11817598 -1.11817598 -1.11817598 -1.11817598 -1.11817598
  -1.11817598 -1.11817598 -1.11817598 -1.11817598 -1.11817598 -1.11817598
  -1.11817598 -1.11817598 -1.11817598 -1.11817598]
 [-1.11817598 -1.11817598 -1.11817598 -1.11817598 -1.11817598 -1.11817598
  -1.11817598 -1.11817598 -1.11817598 -1.11817598 -1.11817598 -1.11817598
  -1.11817598 -1.11817598 -1.11817598 -1.11817598 -1.11817598 -1.11817598
  -1.11817598 -1.11817598 -1.11817598 -1.11817598 -1.11817598 -1.11817598
  -1.11817598 -1.11817598 -1.11817598 -1.11817598 -1.11817598 -1.11817598
  -1.11817598 -1.11817598 -1.11817598 -1.11817598 -1.11817598 -1.11817598
  -1.11817598 -1.11817598 -1.11817598 -1.11817598]
 [-1.11817598 -1.11817598 -1.11817598 -1.11817598 -1.11817598 -1.11817598
  -1.11817598 -1.11817598 -1.11817598 -1.11817598 -1.11817598 -1.11817598
  -1.11817598 -1.11817598 -1.11817598 -1.11817598 -1.11817598 -1.11817598
  -1.11817598 -1.11817598 -1.11817598 -1.11817598 -1.11817598 -1.11817598
  -1.11817598 -1.11817598 -1.11817598 -1.11817598 -1.11817598 -1.11817598
  -1.11817598 -1.11817598 -1.11817598 -1.11817598 -1.11817598 -1.11817598
  -1.11817598 -1.11817598 -1.11817598 -1.11817598]
 [-1.11817598 -1.11817598 -1.11817598 -1.11817598 -1.11817598 -1.11817598
  -1.11817598 -1.11817598 -1.11817598 -1.11817598 -1.11817598 -1.11817598
  -1.11817598 -1.11817598 -1.11817598 -1.11817598 -1.11817598 -1.11817598
  -1.11817598 -1.11817598 -1.11817598 -1.11817598 -1.11817598 -1.11817598
  -1.11817598 -1.11817598 -1.11817598 -1.11817598 -1.11817598 -1.11817598
  -1.11817598 -1.11817598 -1.11817598 -1.11817598 -1.11817598 -1.11817598
  -1.11817598 -1.11817598 -1.11817598 -1.11817598]
 [-1.11817598 -1.11817598 -1.11817598 -1.11817598 -1.11817598 -1.11817598
  -1.11817598 -1.11817598 -1.11817598 -1.11817598 -1.11817598 -1.11817598
  -1.11817598 -1.11817598 -1.11817598 -1.11817598 -1.11817598 -1.11817598
  -1.11817598 -1.11817598 -1.11817598 -1.11817598 -1.11817598 -1.11817598
  -1.11817598 -1.11817598 -1.11817598 -1.11817598 -1.11817598 -1.11817598
  -1.11817598 -1.11817598 -1.11817598 -1.11817598 -1.11817598 -1.11817598
  -1.11817598 -1.11817598 -1.11817598 -1.11817598]]
maxs: [[ 1.11817598  1.11817598  1.11817598  1.11817598  1.11817598  1.11817598
   1.11817598  1.11817598  1.11817598  1.11817598  1.11817598  1.11817598
   1.11817598  1.11817598  1.11817598  1.11817598  1.11817598  1.11817598
   1.11817598  1.11817598  1.11817598  1.11817598  1.11817598  1.11817598
   1.11817598  1.11817598  1.11817598  1.11817598  1.11817598 -1.11817598
  -1.11817598 -1.11817598  1.11817598 -1.11817598 -1.11817598 -1.11817598
  -1.11817598 -1.11817598  1.11817598 -1.11817598]
 [ 1.11817598  1.11817598  1.11817598  1.11817598  1.11817598  1.11817598
   1.11817598  1.11817598  1.11817598  1.11817598  1.11817598  1.11817598
   1.11817598  1.11817598  1.11817598  1.11817598  1.11817598  1.11817598
   1.11817598  0.29954186  1.11817598  0.46776462  1.11817598  1.11817598
   1.11817598  1.11817598  0.06360496  1.11817598  0.45499247 -1.11817598
  -1.11817598  1.11817598 -1.11817598 -0.74724883 -1.11817598 -1.11817598
  -1.11817598  0.06395531 -1.11817598 -1.11817598]
 [ 1.11817598  1.11817598  1.11817598  1.11817598  1.11817598  1.11817598
   1.11817598  1.11817598  1.11817598  1.11817598  1.11817598  1.11817598
   1.11817598  1.11817598  1.11817598  0.79213834  0.65485811  0.77785373
   1.11817598  1.11817598  1.05819225  1.11817598  0.70937228  0.87937868
   0.8406173   1.11817598  0.58365548  0.01411042  0.24686432  0.43399811
   0.19377413  1.11817598  0.41847125  1.03214884  0.97943282 -0.32086784
  -1.11817598  0.46929032  0.49630547  0.44587821]
 [ 1.11817598  1.11817598  1.11817598  1.11817598  1.11817598  1.11817598
   1.11817598  1.11817598  1.11817598  1.11817598  1.11817598  1.11817598
   1.11817598  1.11817598  1.11817598  1.11817598  0.33077836  1.11817598
   0.78789556  1.11817598  1.11817598  1.11817598  1.11817598  1.11817598
   1.11817598  0.73692656  1.11817598  1.11817598  0.84496236  1.07349837
   0.56361669  1.11817598  1.0698216   1.11817598  0.9038707  -0.30474105
   0.94790846  1.11817598  0.00533193  0.20242669]
 [ 1.11817598  1.11817598  1.11817598  1.11817598  1.11817598  1.11817598
   1.11817598  1.11817598  1.11817598  1.11817598  1.11817598  1.11817598
   1.11817598  1.11817598  1.11817598  1.11817598  1.11817598  1.11817598
   1.05421638  1.11817598  1.11817598  1.11817598  1.11817598  1.11817598
   1.11817598  0.26249951  1.11817598  0.66013265  1.11817598  1.11817598
   0.73808861  0.89066297  0.49816582  1.0765245   0.18970211  0.62692815
   1.0845921   0.99258423  1.08877611  1.11817598]
 [ 1.11817598  1.11817598  1.11817598  1.11817598  1.11817598  1.11817598
   1.11817598  1.11817598  1.11817598  1.11817598  1.11817598  1.11817598
   1.11817598  1.11817598  1.11817598  1.11817598  1.11817598  1.11817598
   0.65755254  1.11817598  1.11817598  1.11817598  1.11817598  1.11817598
   1.11817598  1.11817598  1.11817598  1.11817598  1.11817598  1.11817598
   1.11817598  0.55062914  0.07054275  0.93763959  1.11817598  1.11817598
   0.72116834  1.11817598  0.64136857  0.34377533]
 [ 1.11817598  1.11817598  1.11817598  1.11817598  1.11817598  1.11817598
   1.11817598  1.11817598  1.11817598  1.11817598  1.11817598  1.11817598
   1.11817598  1.11817598  1.11817598  1.11817598  1.11817598  1.11817598
   1.11817598  1.11817598  1.11817598  1.11817598  1.11817598  1.11817598
   1.11817598  1.11817598  1.11817598  1.11817598  1.11817598  1.04521132
   1.11817598  1.11817598  0.53197116  1.11817598  1.10086918  0.82699943
   0.16311406  1.11817598  0.51185447  0.81217664]
 [ 1.11817598  1.11817598  1.11817598  1.11817598  1.11817598  1.11817598
   1.11817598  1.11817598  1.11817598  1.11817598  1.11817598  1.11817598
   1.11817598  1.11817598  1.11817598  1.11817598  1.11817598  1.11817598
   1.11817598  1.11817598  1.11817598  1.11817598  1.05710697  1.11817598
   1.11817598  1.11817598  1.11817598  1.11817598  1.11817598  1.00084376
   1.11817598  1.11817598  0.98902059  1.11817598  1.11817598  0.67953277
   1.11817598  1.11817598  1.11817598  1.11817598]
 [ 1.11817598  1.11817598  1.11817598  1.11817598  1.11817598  1.11817598
   1.11817598  1.11817598  1.11817598  1.11817598  1.11817598  1.11817598
   1.11817598  1.11817598  1.11817598  1.11817598  1.11817598  1.11817598
   1.11817598  1.11817598  1.11817598  1.11817598  1.11817598  1.11817598
   1.11817598  1.11817598  1.11817598  0.77797508  1.11817598  0.82834864
   1.11817598  1.11817598  1.11817598  1.11817598  1.11817598  1.11817598
   0.5909794   1.11817598  0.60203719  1.11817598]
 [ 1.11817598  1.11817598  1.11817598  1.11817598  1.11817598  1.11817598
   1.11817598  1.11817598  1.11817598  1.11817598  1.11817598  1.11817598
   1.11817598  1.11817598  1.11817598  1.11817598  1.11817598  1.11817598
   1.11817598  1.11817598  1.11817598  1.11817598  1.11817598  1.11817598
   1.11817598  1.11817598  1.11817598  1.11817598  1.11817598  1.11817598
   1.11817598  1.11817598  1.00507069  1.11817598  1.11817598  1.11817598
   0.82697862  1.11817598  1.08165836  1.11817598]
 [ 1.11817598  1.11817598  1.11817598  1.11817598  1.11817598  1.11817598
   1.11817598  1.11817598  1.11817598  1.11817598  1.11817598  1.11817598
   1.11817598  1.11817598  1.11817598  1.11817598  1.11817598  1.11817598
   1.11817598  1.11817598  1.11817598  1.11817598  1.11817598  1.11817598
   1.11817598  1.11817598  1.11817598  1.11817598  1.04801834  1.11817598
   1.11817598  1.11817598  1.11817598  1.11817598  1.11817598  1.11817598
   1.11817598  1.11817598  1.11817598  1.11817598]
 [ 1.11817598  1.11817598  1.11817598  1.11817598  1.11817598  1.11817598
   1.11817598  1.11817598  1.11817598  1.11817598  1.11817598  1.11817598
   1.11817598  1.11817598  1.11817598  1.11817598  1.11817598  1.11817598
   1.11817598  1.11817598  1.11817598  1.11817598  1.11817598  1.11817598
   1.11817598  1.11817598  1.11817598  1.11817598  1.11817598  1.11817598
   1.11817598  1.11817598  1.11817598  1.11817598  1.11817598  1.11817598
   0.41315171  1.11817598  1.11817598  1.11817598]
 [ 1.11817598  1.11817598  1.11817598  1.11817598  1.11817598  1.11817598
   1.11817598  1.11817598  1.11817598  1.11817598  1.11817598  1.11817598
   1.11817598  1.11817598  1.11817598  1.11817598  1.11817598  1.11817598
   1.11817598  1.11817598  1.11817598  1.11817598  1.11817598  1.11817598
   1.11817598  1.11817598  1.11817598  1.11817598  1.11817598  1.11817598
   1.11817598  1.11817598  1.11817598  1.11817598  1.11817598  1.11817598
   1.11817598  1.11817598  1.11817598  1.11817598]
 [ 1.11817598  1.11817598  1.11817598  1.11817598  1.11817598  1.11817598
   1.11817598  1.11817598  1.11817598  1.11817598  1.11817598  1.11817598
   1.11817598  1.11817598  1.11817598  1.11817598  1.11817598  1.11817598
   1.11817598  1.11817598  1.11817598  1.11817598  1.11817598  1.11817598
   1.11817598  1.11817598  1.11817598  1.11817598  1.11817598  1.11817598
   1.11817598  1.11817598  1.11817598  1.11817598  1.11817598  1.11817598
   1.11817598  1.11817598  1.11817598  1.11817598]
 [ 1.11817598  1.11817598  1.11817598  1.11817598  1.11817598  1.11817598
   1.11817598  1.11817598  1.11817598  1.11817598  1.11817598  1.11817598
   1.11817598  1.11817598  1.11817598  1.11817598  1.11817598  1.11817598
   1.11817598  1.11817598  1.11817598  1.11817598  1.11817598  1.11817598
   1.11817598  1.11817598  1.11817598  1.11817598  1.11817598  1.11817598
   1.11817598  1.11817598  1.11817598  1.11817598  1.11817598  1.11817598
   1.11817598  1.11817598  1.11817598  1.11817598]
 [ 1.11817598  1.11817598  1.11817598  1.11817598  1.11817598  1.11817598
   1.11817598  1.11817598  1.11817598  1.11817598  1.11817598  1.11817598
   1.11817598  1.11817598  1.11817598  1.11817598  1.11817598  1.11817598
   1.11817598  1.11817598  1.11817598  1.11817598  1.11817598  1.11817598
   1.11817598  1.11817598  1.11817598  1.11817598  1.11817598  1.11817598
   1.11817598  1.11817598  1.11817598  1.11817598  1.11817598  1.11817598
   1.11817598  1.11817598  1.11817598  1.11817598]
 [ 1.11817598  1.11817598  1.11817598  1.11817598  1.11817598  1.11817598
   1.11817598  1.11817598  1.11817598  1.11817598  1.11817598  1.11817598
   1.11817598  1.11817598  1.11817598  1.11817598  1.11817598  1.11817598
   1.11817598  1.11817598  1.11817598  1.11817598  1.11817598  1.11817598
   1.11817598  1.11817598  1.11817598  1.11817598  1.11817598  1.11817598
   1.11817598  1.11817598  1.11817598  1.11817598  1.11817598  1.11817598
   1.11817598  1.11817598  1.11817598  1.11817598]]
test_losses: [[-0.48187491 -0.63363306 -0.73110151 -0.71823297 -0.76275708 -0.83490473
  -0.9094498  -0.86513096 -0.97399242 -0.99328711 -1.02127578 -1.06599444
  -1.00956529 -1.0287219  -1.05853993 -1.08835796 -1.09256047 -1.08835796
  -1.06599444 -1.10815571 -1.09581246 -1.10326697 -1.08835796 -1.11072148
  -1.11072148 -1.11072148 -1.08835796 -1.10326697 -1.10549465 -1.11817598
  -1.11817598 -1.11817598 -1.11072148 -1.11817598 -1.11817598 -1.11817598
  -1.11817598 -1.11817598 -1.11072148 -1.11817598]
 [-0.43366793 -0.60862094 -0.76574544 -0.74539482 -0.80608992 -0.88553989
  -0.95241906 -0.92454374 -0.98837821 -0.99894911 -1.0097145  -1.01008841
  -1.0765615  -1.043428   -1.0054679  -1.0822946  -1.07976428 -1.08977736
  -1.06922183 -1.09950503 -1.10450298 -1.10272304 -1.10084979 -1.09654615
  -1.08230323 -1.09873524 -1.10900209 -1.10497686 -1.10912745 -1.11817598
  -1.11817598 -1.10889974 -1.11817598 -1.11693956 -1.11817598 -1.11817598
  -1.11817598 -1.11042293 -1.11817598 -1.11817598]
 [-0.41858184 -0.55157943 -0.72936421 -0.74854923 -0.8169722  -0.83201065
  -0.90174564 -0.85372123 -0.89010058 -0.99289012 -1.00596349 -1.00512281
  -1.00840925 -0.96890893 -1.01154983 -1.06842592 -1.0923001  -1.09210402
  -1.06355861 -1.07220824 -1.08819285 -1.09394195 -1.10098029 -1.08952361
  -1.09493516 -1.08134813 -1.11145491 -1.11088823 -1.10332137 -1.10538102
  -1.10762027 -1.09939675 -1.10841062 -1.10286166 -1.10012981 -1.11551829
  -1.11817598 -1.10584355 -1.10653371 -1.11296247]
 [-0.39962169 -0.50627174 -0.61433715 -0.73219046 -0.7500654  -0.81601592
  -0.82670987 -0.86175341 -0.92011002 -0.9500316  -0.95894846 -0.94966259
  -0.99565787 -1.04730392 -1.03453643 -1.04698512 -1.08601739 -1.06745449
  -1.06255692 -1.05116083 -1.03923863 -1.07481914 -1.0690894  -1.08205436
  -1.08254256 -1.09843437 -1.08721979 -1.09119068 -1.09959536 -1.06937264
  -1.09572224 -1.0893678  -1.07858929 -1.08701961 -1.1054586  -1.11546453
  -1.10698928 -1.09500855 -1.11106322 -1.1127045 ]
 [-0.36908481 -0.47116123 -0.66217294 -0.739436   -0.7313938  -0.86193977
  -0.78041127 -0.9006495  -0.96769939 -0.96493603 -0.91482864 -1.01128726
  -0.99121506 -1.01287652 -1.01727571 -1.04622187 -1.03749425 -1.04667798
  -1.05433746 -1.06173533 -1.03702702 -1.03911289 -1.08281769 -1.04316615
  -1.07650634 -1.09821147 -1.06864492 -1.08941088 -1.06741741 -1.08806677
  -1.09297219 -1.09699969 -1.10250057 -1.09354699 -1.109607   -1.09337464
  -1.08838068 -1.10017162 -1.08641456 -1.09503541]
 [-0.43876051 -0.5529914  -0.61548462 -0.74559086 -0.80431032 -0.77634926
  -0.84350169 -0.84259204 -0.87212462 -0.90337126 -0.94840913 -0.95345013
  -0.99035067 -0.98464911 -0.95422413 -1.0668806  -1.0160543  -1.02482776
  -1.0861267  -1.04660901 -1.05061005 -1.07329608 -1.02910616 -1.04830133
  -1.08455061 -1.07934165 -1.07091131 -1.05787225 -1.06574659 -1.07816305
  -1.06852335 -1.0753161  -1.11236168 -1.09621259 -1.10131691 -1.07231431
  -1.10212091 -1.08896258 -1.10335203 -1.11172827]
 [-0.39315143 -0.59467986 -0.67513585 -0.69207572 -0.72917909 -0.79325309
  -0.77629586 -0.83059556 -0.90306526 -0.95677711 -0.90829273 -0.97513533
  -0.99172969 -0.98422434 -1.02175096 -0.97999183 -1.0203299  -1.02971702
  -1.0140517  -1.03332928 -1.020696   -1.00140174 -1.05951948 -1.06385444
  -1.04636836 -1.06115731 -1.04696624 -1.07890685 -1.06656286 -1.06429386
  -1.06892806 -1.06463842 -1.10035415 -1.08119821 -1.06551812 -1.09224162
  -1.1078444  -1.10813646 -1.09521308 -1.11174147]
 [-0.43475997 -0.56920063 -0.62091202 -0.67522427 -0.74230859 -0.8366862
  -0.79844729 -0.86815507 -0.85804511 -0.88592133 -0.92976767 -0.99070925
  -0.95776251 -0.99236338 -0.91927752 -0.979854   -1.00462641 -1.05162085
  -1.04239831 -1.03669443 -1.01825651 -1.03183918 -1.0556065  -1.05946947
  -1.0774158  -1.04923253 -1.05455118 -1.06633314 -1.06340643 -1.08610046
  -1.05244225 -1.08378341 -1.07800674 -1.02885548 -1.08741883 -1.08462992
  -1.09228313 -1.09006008 -1.07626048 -1.09544223]
 [-0.46413168 -0.55673378 -0.63864115 -0.74941291 -0.71503039 -0.78347446
  -0.77985157 -0.8182323  -0.93993078 -0.89520075 -0.97525823 -0.96984341
  -0.92794258 -0.97231621 -0.9806207  -0.99335326 -1.05023538 -1.00945776
  -0.96332463 -0.95292448 -0.98973257 -1.04653332 -1.05428307 -1.0489357
  -1.03754081 -1.02733382 -1.04272684 -1.06999887 -1.03178769 -1.08508811
  -1.03402803 -1.04268439 -1.07710049 -1.06126111 -1.0731509  -1.05898405
  -1.09935549 -1.06254662 -1.10106181 -1.09108892]
 [-0.3757905  -0.53571727 -0.64218549 -0.68933283 -0.71397761 -0.77924077
  -0.81384343 -0.94563051 -0.86893171 -0.88043851 -0.93683645 -0.90352171
  -0.95560325 -0.97361891 -0.95655353 -0.97572171 -0.96727352 -0.99583058
  -1.02674422 -1.00715491 -0.99849414 -1.02438696 -1.01917936 -1.05079862
  -1.02810596 -1.03768871 -1.04743547 -1.06015026 -1.03208329 -1.03512703
  -1.03423602 -1.04614657 -1.0812568  -1.04589243 -1.04412819 -1.05737791
  -1.07036739 -1.09018913 -1.07608322 -1.07626345]
 [-0.45124666 -0.49810199 -0.64655971 -0.72557967 -0.69180204 -0.73833854
  -0.7666822  -0.89184949 -0.89187678 -0.92545182 -0.92948317 -0.94409461
  -0.92781641 -0.95799605 -0.93386578 -0.9264835  -0.9574922  -0.9980043
  -1.00119979 -0.99961188 -1.02463285 -0.98570078 -1.02531204 -1.02220888
  -1.03653285 -1.03109041 -1.02270563 -1.05701966 -1.05962078 -1.05280788
  -1.06328029 -1.05375797 -1.04430265 -1.04159771 -1.06039496 -1.07644022
  -1.03474108 -1.0646351  -1.06519911 -1.06945419]
 [-0.44766141 -0.48762538 -0.66253531 -0.67208437 -0.73817096 -0.80011419
  -0.80112303 -0.87419386 -0.901802   -0.88860093 -0.90635087 -0.79882047
  -0.9592726  -0.97951756 -1.00799541 -0.97340796 -0.94717034 -0.96120576
  -0.95783246 -0.99655861 -1.02399119 -0.99493205 -1.0514061  -0.97144425
  -1.02267177 -0.99832467 -1.01100651 -1.01840389 -1.02721046 -1.05096864
  -1.06051844 -1.05057263 -1.04240332 -1.07079263 -1.02840965 -1.04918637
  -1.08989649 -1.07620427 -1.03631158 -1.06576951]
 [-0.30549779 -0.56220343 -0.59981315 -0.68428519 -0.76105171 -0.88053242
  -0.84542273 -0.82478588 -0.8426777  -0.91288222 -0.88492775 -0.9081597
  -0.96071295 -0.94225529 -0.86534918 -0.96477299 -0.94640475 -0.98535228
  -0.98119129 -0.9521699  -0.98293222 -0.94663763 -0.98915537 -1.00654411
  -0.95588768 -1.01834359 -1.02528938 -1.01469649 -1.03744862 -0.97921708
  -1.00093879 -1.02372286 -1.05262726 -1.03790339 -1.03237221 -1.05908208
  -1.05128797 -1.05640495 -1.06262803 -1.04333323]
 [-0.32168457 -0.51912095 -0.55805338 -0.65441349 -0.66460797 -0.72887114
  -0.60828518 -0.72446682 -0.75714964 -0.70029076 -0.75437999 -0.80404851
  -0.81196298 -0.84906556 -0.79449446 -0.9230672  -0.86738558 -0.91332515
  -0.89230777 -0.87178809 -0.92611075 -0.88729534 -0.89876804 -0.90416798
  -0.89394031 -0.8581975  -0.93840101 -0.85589873 -0.90258093 -0.93674458
  -0.86279177 -0.88431607 -0.91939186 -0.93687456 -0.97382342 -0.95534166
  -0.89953365 -0.94198491 -0.90425399 -0.99477578]
 [-0.2692145  -0.40516671 -0.59505283 -0.5813494  -0.62909975 -0.63899245
  -0.73021517 -0.6811692  -0.75944564 -0.68626347 -0.73308989 -0.75198296
  -0.65856758 -0.76307732 -0.82907288 -0.74963309 -0.79521342 -0.72632787
  -0.7923398  -0.79509345 -0.78619191 -0.8193104  -0.76030364 -0.75919624
  -0.82223451 -0.77335771 -0.83141333 -0.77375677 -0.78787126 -0.79004587
  -0.82939431 -0.89483579 -0.77546588 -0.84948443 -0.7622013  -0.83270909
  -0.78204717 -0.87500364 -0.85164216 -0.79441535]
 [-0.31097406 -0.41658543 -0.52647157 -0.46752321 -0.65906845 -0.55062572
  -0.52902943 -0.6523157  -0.70081063 -0.61763899 -0.68170469 -0.69393543
  -0.71206299 -0.76057923 -0.74514283 -0.67926537 -0.70647247 -0.68472508
  -0.73540216 -0.67353016 -0.67449263 -0.71693238 -0.69767857 -0.73602601
  -0.67334861 -0.67201581 -0.65031898 -0.70710477 -0.67976245 -0.67527091
  -0.60057443 -0.65174194 -0.62785844 -0.72222901 -0.69957695 -0.72595191
  -0.68529257 -0.75016853 -0.71072544 -0.65273189]
 [-0.31386229 -0.32864142 -0.47425578 -0.62508947 -0.63579631 -0.59198977
  -0.56964665 -0.52732302 -0.6558183  -0.57169876 -0.64678387 -0.54503092
  -0.59984057 -0.530727   -0.48379373 -0.53587498 -0.50974456 -0.51520103
  -0.45926305 -0.4667067  -0.55636775 -0.52684527 -0.50463398 -0.39801658
  -0.46411135 -0.47232965 -0.45945754 -0.34736288 -0.46297843 -0.40959228
  -0.44675036 -0.49109539 -0.45246853 -0.40948601 -0.46841977 -0.39311952
  -0.44539066 -0.46173189 -0.48334107 -0.44995016]]
