args:  Namespace(attack='fgm', ndim=10)
elapsed time: 10005.80697115
mins: [[-9.71985912 -9.71985912 -9.71985912 -9.71985912 -9.71985912 -9.71985912
  -9.71985912 -9.71985912 -9.71985912 -9.71985912 -9.71985912 -9.71985912
  -9.71985912 -9.71985912 -9.71985912 -9.71985912 -9.71985912 -9.71985912
  -9.71985912 -9.71985912 -9.71985912 -9.71985912 -9.71985912 -9.71985912
  -9.71985912 -9.71985912 -9.71985912 -9.71985912 -9.71985912 -9.71985912
  -9.71985912 -9.71985912 -9.71985912 -9.71985912 -9.71985912 -9.71985912
  -9.71985912 -9.71985912 -9.71985912 -9.71985912]
 [-9.71985912 -9.71985912 -9.71985912 -9.71985912 -9.71985912 -9.71985912
  -9.71985912 -9.71985912 -9.71985912 -9.71985912 -9.71985912 -9.71985912
  -9.71985912 -9.71985912 -9.71985912 -9.71985912 -9.71985912 -9.71985912
  -9.71985912 -9.71985912 -9.71985912 -9.71985912 -9.71985912 -9.71985912
  -9.71985912 -9.71985912 -9.71985912 -9.71985912 -9.71985912 -9.71985912
  -9.71985912 -9.71985912 -9.71985912 -9.71985912 -9.71985912 -9.71985912
  -9.71985912 -9.71985912 -9.71985912 -9.71985912]
 [-9.71985912 -9.71985912 -9.71985912 -9.71985912 -9.71985912 -9.71985912
  -9.71985912 -9.71985912 -9.71985912 -9.71985912 -9.71985912 -9.71985912
  -9.71985912 -9.71985912 -9.71985912 -9.71985912 -9.71985912 -9.71985912
  -9.71985912 -9.71985912 -9.71985912 -9.71985912 -9.71985912 -9.71985912
  -9.71985912 -9.71985912 -9.71985912 -9.71985912 -9.71985912 -9.71985912
  -9.71985912 -9.71985912 -9.71985912 -9.71985912 -9.71985912 -9.71985912
  -9.71985912 -9.71985912 -9.71985912 -9.71985912]
 [-9.71985912 -9.71985912 -9.71985912 -9.71985912 -9.71985912 -9.71985912
  -9.71985912 -9.71985912 -9.71985912 -9.71985912 -9.71985912 -9.71985912
  -9.71985912 -9.71985912 -9.71985912 -9.71985912 -9.71985912 -9.71985912
  -9.71985912 -9.71985912 -9.71985912 -9.71985912 -9.71985912 -9.71985912
  -9.71985912 -9.71985912 -9.71985912 -9.71985912 -9.71985912 -9.71985912
  -9.71985912 -9.71985912 -9.71985912 -9.71985912 -9.71985912 -9.71985912
  -9.71985912 -9.71985912 -9.71985912 -9.71985912]
 [-9.71985912 -9.71985912 -9.71985912 -9.71985912 -9.71985912 -9.71985912
  -9.71985912 -9.71985912 -9.71985912 -9.71985912 -9.71985912 -9.71985912
  -9.71985912 -9.71985912 -9.71985912 -9.71985912 -9.71985912 -9.71985912
  -9.71985912 -9.71985912 -9.71985912 -9.71985912 -9.71985912 -9.71985912
  -9.71985912 -9.71985912 -9.71985912 -9.71985912 -9.71985912 -9.71985912
  -9.71985912 -9.71985912 -9.71985912 -9.71985912 -9.71985912 -9.71985912
  -9.71985912 -9.71985912 -9.71985912 -9.71985912]
 [-9.71985912 -9.71985912 -9.71985912 -9.71985912 -9.71985912 -9.71985912
  -9.71985912 -9.71985912 -9.71985912 -9.71985912 -9.71985912 -9.71985912
  -9.71985912 -9.71985912 -9.71985912 -9.71985912 -9.71985912 -9.71985912
  -9.71985912 -9.71985912 -9.71985912 -9.71985912 -9.71985912 -9.71985912
  -9.71985912 -9.71985912 -9.71985912 -9.71985912 -9.71985912 -9.71985912
  -9.71985912 -9.71985912 -9.71985912 -9.71985912 -9.71985912 -9.71985912
  -9.71985912 -9.71985912 -9.71985912 -9.71985912]
 [-9.71985912 -9.71985912 -9.71985912 -9.71985912 -9.71985912 -9.71985912
  -9.71985912 -9.71985912 -9.71985912 -9.71985912 -9.71985912 -9.71985912
  -9.71985912 -9.71985912 -9.71985912 -9.71985912 -9.71985912 -9.71985912
  -9.71985912 -9.71985912 -9.71985912 -9.71985912 -9.71985912 -9.71985912
  -9.71985912 -9.71985912 -9.71985912 -9.71985912 -9.71985912 -9.71985912
  -9.71985912 -9.71985912 -9.71985912 -9.71985912 -9.71985912 -9.71985912
  -9.71985912 -9.71985912 -9.71985912 -9.71985912]
 [-9.71985912 -9.71985912 -9.71985912 -9.71985912 -9.71985912 -9.71985912
  -9.71985912 -9.71985912 -9.71985912 -9.71985912 -9.71985912 -9.71985912
  -9.71985912 -9.71985912 -9.71985912 -9.71985912 -9.71985912 -9.71985912
  -9.71985912 -9.71985912 -9.71985912 -9.71985912 -9.71985912 -9.71985912
  -9.71985912 -9.71985912 -9.71985912 -9.71985912 -9.71985912 -9.71985912
  -9.71985912 -9.71985912 -9.71985912 -9.71985912 -9.71985912 -9.71985912
  -9.71985912 -9.71985912 -9.71985912 -9.71985912]
 [-9.71985912 -9.71985912 -9.71985912 -9.71985912 -9.71985912 -9.71985912
  -9.71985912 -9.71985912 -9.71985912 -9.71985912 -9.71985912 -9.71985912
  -9.71985912 -9.71985912 -9.71985912 -9.71985912 -9.71985912 -9.71985912
  -9.71985912 -9.71985912 -9.71985912 -9.71985912 -9.71985912 -9.71985912
  -9.71985912 -9.71985912 -9.71985912 -9.71985912 -9.71985912 -9.71985912
  -9.71985912 -9.71985912 -9.71985912 -9.71985912 -9.71985912 -9.71985912
  -9.71985912 -9.71985912 -9.71985912 -9.71985912]
 [-9.71985912 -9.71985912 -9.71985912 -9.71985912 -9.71985912 -9.71985912
  -9.71985912 -9.71985912 -9.71985912 -9.71985912 -9.71985912 -9.71985912
  -9.71985912 -9.71985912 -9.71985912 -9.71985912 -9.71985912 -9.71985912
  -9.71985912 -9.71985912 -9.71985912 -9.71985912 -9.71985912 -9.71985912
  -9.71985912 -9.71985912 -9.71985912 -9.71985912 -9.71985912 -9.71985912
  -9.71985912 -9.71985912 -9.71985912 -9.71985912 -9.71985912 -9.71985912
  -9.71985912 -9.71985912 -9.71985912 -9.71985912]
 [-9.71985912 -9.71985912 -9.71985912 -9.71985912 -9.71985912 -9.71985912
  -9.71985912 -9.71985912 -9.71985912 -9.71985912 -9.71985912 -9.71985912
  -9.71985912 -9.71985912 -9.71985912 -9.71985912 -9.71985912 -9.71985912
  -9.71985912 -9.71985912 -9.71985912 -9.71985912 -9.71985912 -9.71985912
  -9.71985912 -9.71985912 -9.71985912 -9.71985912 -9.71985912 -9.71985912
  -9.71985912 -9.71985912 -9.71985912 -9.71985912 -9.71985912 -9.71985912
  -9.71985912 -9.71985912 -9.71985912 -9.71985912]
 [-9.71985912 -9.71985912 -9.71985912 -9.71985912 -9.71985912 -9.71985912
  -9.71985912 -9.71985912 -9.71985912 -9.71985912 -9.71985912 -9.71985912
  -9.71985912 -9.71985912 -9.71985912 -9.71985912 -9.71985912 -9.71985912
  -9.71985912 -9.71985912 -9.71985912 -9.71985912 -9.71985912 -9.71985912
  -9.71985912 -9.71985912 -9.71985912 -9.71985912 -9.71985912 -9.71985912
  -9.71985912 -9.71985912 -9.71985912 -9.71985912 -9.71985912 -9.71985912
  -9.71985912 -9.71985912 -9.71985912 -9.71985912]
 [-9.71985912 -9.71985912 -9.71985912 -9.71985912 -9.71985912 -9.71985912
  -9.71985912 -9.71985912 -9.71985912 -9.71985912 -9.71985912 -9.71985912
  -9.71985912 -9.71985912 -9.71985912 -9.71985912 -9.71985912 -9.71985912
  -9.71985912 -9.71985912 -9.71985912 -9.71985912 -9.71985912 -9.71985912
  -9.71985912 -9.71985912 -9.71985912 -9.71985912 -9.71985912 -9.71985912
  -9.71985912 -9.71985912 -9.71985912 -9.71985912 -9.71985912 -9.71985912
  -9.71985912 -9.71985912 -9.71985912 -9.71985912]
 [-9.71985912 -9.71985912 -9.71985912 -9.71985912 -9.71985912 -9.71985912
  -9.71985912 -9.71985912 -9.71985912 -9.71985912 -9.71985912 -9.71985912
  -9.71985912 -9.71985912 -9.71985912 -9.71985912 -9.71985912 -9.71985912
  -9.71985912 -9.71985912 -9.71985912 -9.71985912 -9.71985912 -9.71985912
  -9.71985912 -9.71985912 -9.71985912 -9.71985912 -9.71985912 -9.71985912
  -9.71985912 -9.71985912 -9.71985912 -9.71985912 -9.71985912 -9.71985912
  -9.71985912 -9.71985912 -9.71985912 -9.71985912]
 [-9.71985912 -9.71985912 -9.71985912 -9.71985912 -9.71985912 -9.71985912
  -9.71985912 -9.71985912 -9.71985912 -9.71985912 -9.71985912 -9.71985912
  -9.71985912 -9.71985912 -9.71985912 -9.71985912 -9.71985912 -9.71985912
  -9.71985912 -9.71985912 -9.71985912 -9.71985912 -9.71985912 -9.71985912
  -9.71985912 -9.71985912 -9.71985912 -9.71985912 -9.71985912 -9.71985912
  -9.71985912 -9.71985912 -9.71985912 -9.71985912 -9.71985912 -9.71985912
  -9.71985912 -9.71985912 -9.71985912 -9.71985912]
 [-9.71985912 -9.71985912 -9.71985912 -9.71985912 -9.71985912 -9.71985912
  -9.71985912 -9.71985912 -9.71985912 -9.71985912 -9.71985912 -9.71985912
  -9.71985912 -9.71985912 -9.71985912 -9.71985912 -9.71985912 -9.71985912
  -9.71985912 -9.71985912 -9.71985912 -9.71985912 -9.71985912 -9.71985912
  -9.71985912 -9.71985912 -9.71985912 -9.71985912 -9.71985912 -9.71985912
  -9.71985912 -9.71985912 -9.71985912 -9.71985912 -9.71985912 -9.71985912
  -9.71985912 -9.71985912 -9.71985912 -9.71985912]
 [-9.71985912 -9.71985912 -9.71985912 -9.71985912 -9.71985912 -9.71985912
  -9.71985912 -9.71985912 -9.71985912 -9.71985912 -9.71985912 -9.71985912
  -9.71985912 -9.71985912 -9.71985912 -9.71985912 -9.71985912 -9.71985912
  -9.71985912 -9.71985912 -9.71985912 -9.71985912 -9.71985912 -9.71985912
  -9.71985912 -9.71985912 -9.71985912 -9.71985912 -9.71985912 -9.71985912
  -9.71985912 -9.71985912 -9.71985912 -9.71985912 -9.71985912 -9.71985912
  -9.71985912 -9.71985912 -9.71985912 -9.71985912]]
maxs: [[ 4.31227589  2.47187781  2.20947456  2.01711464  0.15689951 -1.41948712
  -1.95455492 -2.97664213 -3.66283417 -1.72706044 -3.2778275  -4.03090763
  -5.16153336 -5.16153336 -4.94703817 -5.27587414 -5.84772539 -5.38880253
  -5.16153336 -4.94703817 -5.46271849 -5.67721367 -7.26840496 -5.40596199
  -7.53496742 -6.26845217 -7.26840496 -7.26840496 -7.39849234 -7.26840496
  -7.26840496 -7.39849234 -4.94703817 -7.61298704 -7.53496742 -7.53496742
  -7.39849234 -7.26840496 -7.61298704 -7.53496742]
 [ 3.9119513   4.86257696  3.04576015 -1.09716845 -0.90439302 -0.46054488
   0.05513525 -1.54721975 -2.12588549 -3.56329823 -3.74085331 -4.62421227
  -4.94703817 -5.21360111 -4.94703817 -5.43702126 -4.94703817 -5.73338461
  -3.29908967 -5.40596199 -5.46271849 -7.26840496 -5.51888895 -7.04771566
  -7.26840496 -5.22687149 -7.26840496 -7.39849234 -7.26840496 -7.39849234
  -7.26840496 -8.01738262 -7.39849234 -7.39849234 -7.26840496 -9.43025112
  -7.78408432 -7.53496742 -7.72732735 -9.26639366]
 [ 5.4564538   5.79155397  4.28467083  1.98946333  0.59430605 -0.98411143
  -0.53668147 -1.575351   -2.47187781 -4.31391716 -3.06743526 -3.33353734
  -3.62861109 -5.90448236 -5.08351421 -3.49232244 -4.56026649 -5.33263063
  -4.10671711 -7.26840496 -7.26840496 -6.70323658 -6.70286417 -5.33263063
  -5.66945267 -6.15720463 -7.28430128 -7.39849234 -7.26840496 -7.09803915
  -7.54791498 -7.26840496 -7.39849234 -7.53496742 -7.26840496 -7.43466997
  -7.49262381 -8.02471352 -7.26840496 -7.70382023]
 [ 3.81641293  2.09513402  0.72439361  1.38850641  0.62757182 -0.6907776
  -1.39822459 -1.25619006 -3.2778275  -1.36495876 -4.57594633 -3.60906315
  -3.63833165 -3.64682293 -4.94703817 -5.51888895 -5.55156136 -5.08351421
  -6.09277153 -5.40596199 -4.95324183 -7.09541988 -4.9735074  -6.52841377
  -6.13908625 -7.26840496 -7.26840496 -7.02417135 -6.38650084 -7.61298704
  -7.39849234 -7.39849234 -7.14174795 -7.19385576 -7.39849234 -8.63630581
  -8.76048946 -7.62994146 -7.84025574 -8.43035984]
 [ 3.06694031  2.68178988  1.93329275  0.30714604 -0.0597181   0.69657153
  -1.10527217 -3.19568539 -3.17820525 -2.59579587 -3.48391843 -4.21655846
  -3.56228852 -4.25253344 -4.97641754 -5.46271849 -6.60654306 -5.29162121
  -5.08351421 -7.26840496 -6.41656303 -6.20380688 -6.35831404 -6.6280756
  -6.9488616  -7.72732735 -7.45342827 -7.26840496 -7.43609858 -7.26840496
  -7.61298704 -7.53496742 -7.39849234 -7.54662943 -7.4338069  -7.53496742
  -7.78408432 -8.3753233  -7.72732735 -7.71517134]
 [ 4.68490696  3.86858606  6.15113974  2.20395827  1.08813787 -1.74005198
  -1.24651563 -1.54213595 -2.63477564 -3.71795893 -4.91933393 -4.48281717
  -5.25859213 -5.15513229 -4.99082661 -5.19778442 -5.54243708 -6.15490484
  -4.63069725 -5.08351946 -5.92386961 -7.39849234 -7.4401989  -7.13685465
  -7.26840496 -7.26840496 -7.39849234 -7.26840496 -7.26840496 -7.26840496
  -7.53496742 -7.81728172 -7.03217363 -7.72732735 -7.02585459 -7.26840496
  -7.75031471 -8.15593243 -7.39849234 -7.75942802]
 [ 5.24507189  3.27302861  1.43429196  1.09646142  1.99802196  2.81246281
  -2.39776397 -2.48969817 -4.91564798 -0.79290116 -3.07315636 -3.9540441
  -4.94703817 -5.21360111 -5.23898029 -4.28223467 -6.47334099 -5.51387691
  -5.16153336 -5.25497818 -6.80465698 -7.21489573 -7.26840496 -6.87073851
  -7.44796991 -7.44781303 -7.39849234 -7.47932911 -7.26840496 -7.26840496
  -7.92374039 -7.26840496 -7.26840496 -7.38882446 -7.72732735 -8.3753233
  -8.01738262 -8.04431534 -8.51344585 -7.78408432]
 [ 4.53374195  3.89671731  3.41201806  1.80507982 -0.4930836   1.32208574
  -1.98220611 -2.15996099 -1.27816927 -2.23656201 -4.22139311 -2.64840174
  -3.59207845 -5.59357977 -5.31023073 -4.8917532  -5.7576561  -5.16153336
  -6.84007025 -6.41592884 -6.43029213 -6.94147158 -7.26840496 -7.3638835
  -6.75032949 -7.22100639 -7.4411912  -7.39849234 -7.26840496 -7.50442266
  -7.08094788 -7.53496742 -7.36377811 -7.53496742 -6.55401611 -7.93767071
  -7.84025574 -8.11367416 -8.3753233  -7.39849234]
 [ 4.7503109   3.29908967  0.9982031   1.14756596  1.20761657 -1.61178851
   0.36633819 -2.5521822   0.59430605 -4.01830244 -3.33399844 -2.2491827
  -6.01218605 -4.09397078 -5.04770422 -5.63677597 -5.38880253 -6.09305668
  -5.27587414 -6.379251   -6.92995739 -5.48163557 -5.46454811 -6.50778437
  -5.74223566 -7.53496742 -7.26840496 -5.27587414 -7.63861084 -7.26840496
  -7.63073874 -8.30278778 -7.78128672 -7.53496742 -7.10214901 -7.78408432
  -8.19964314 -7.97009468 -8.45912266 -8.01738262]
 [ 5.91051102  2.05173612  1.73822248  0.89634097 -0.09250389  0.64637399
  -1.11419892 -2.27058983 -2.76566195 -2.59570289 -2.84016657 -2.38579988
  -4.41117525 -4.914361   -5.42809582 -5.84772539 -5.14375877 -6.16186953
  -6.68519449 -6.42050457 -6.85327291 -6.17296791 -7.26840496 -6.75391102
  -7.39849234 -6.85142946 -7.53496742 -7.62305117 -5.91343117 -7.61298704
  -7.58137274 -6.96424198 -7.72732735 -7.93164492 -7.68113708 -7.52216864
  -7.72732735 -7.26840496 -7.68443346 -7.9224577 ]
 [ 3.41201806  2.09103036  1.7674458   1.21325386  3.62258029 -0.32580101
  -2.81169653 -3.6141336  -2.36404777 -3.24456167 -1.8760556  -3.85836887
  -5.56592894 -3.988096   -5.42809582 -5.70835066 -5.77925682 -5.36769533
  -6.45268297 -7.16950703 -6.05179453 -6.45205927 -7.1003027  -7.26840496
  -7.39849234 -5.73202276 -7.72732735 -7.78408432 -7.39849234 -7.53496742
  -7.5215621  -6.80436563 -7.26840496 -7.35570335 -7.65486574 -7.97836018
  -7.78408432 -8.64704227 -7.39849234 -8.3753233 ]
 [ 4.51431131  3.04576015  1.89648652  1.12050104 -0.45792258 -1.66344953
  -1.82915545 -3.2049191  -3.58499432 -4.40279579 -3.03295374 -5.16153336
  -4.14092302 -5.38357496 -5.65536499 -5.53456163 -5.40596199 -6.44233656
  -6.60282183 -5.76877689 -6.9824152  -6.53652668 -6.25889158 -7.22008657
  -7.39849234 -6.08103895 -7.04634905 -7.3722229  -6.48137331 -7.39849234
  -7.26840496 -7.21667624 -7.46288633 -7.61298704 -7.67299938 -7.72732735
  -8.51950455 -7.92015982 -7.61298704 -8.510355  ]
 [ 7.72732735  2.31186557  0.47692147  1.69324017 -0.64551944 -1.71581221
  -2.74794197 -1.2928412  -2.35957456 -2.24775791 -4.22920752 -4.7372179
  -5.1207695  -3.12681937 -6.35333014 -4.7622385  -5.99065924 -5.89804745
  -5.93156242 -5.69601488 -5.76920033 -6.67284679 -7.26840496 -6.17246628
  -7.26840496 -6.47176313 -5.42809582 -7.26840496 -7.53496742 -7.26840496
  -6.51619196 -7.48015213 -7.62915993 -7.26840496 -7.78408432 -7.47371197
  -7.54072332 -8.01738262 -8.50153923 -7.7214222 ]
 [ 5.54243708  1.76219463  1.27639818  0.78522301  0.41717982 -0.40747523
  -2.59144473 -2.26559472 -3.33373594 -3.29345608 -4.40647173 -4.74198437
  -4.72855949 -5.42940426 -6.16689253 -5.01075792 -5.53227806 -5.38411427
  -5.74292898 -6.93369007 -6.39386559 -6.41913223 -6.88562059 -6.89756775
  -6.64114761 -6.73373032 -7.26840496 -6.18911362 -8.10994244 -7.86387396
  -7.68766212 -6.07098818 -7.26840496 -7.55904436 -7.61747026 -8.14915562
  -7.39849234 -8.15112591 -7.78408432 -7.92621136]
 [ 3.81641293  2.05173612  1.07287323  1.86469126  1.6422354  -1.21174622
  -2.55933523 -1.49104905 -3.57914209 -2.75527644 -4.05125141 -3.96657276
  -4.79815245 -3.61568165 -5.26093245 -4.42730856 -5.39117384 -6.61679459
  -7.18202877 -7.15866041 -6.29992104 -6.85911131 -7.24508715 -7.34807539
  -7.07662392 -7.60778332 -7.05819702 -7.61298704 -7.95684385 -8.24637794
  -7.49973488 -7.26840496 -7.78408432 -7.84683275 -7.74043322 -8.10614967
  -7.78408432 -8.34957504 -6.0819335  -7.9684186 ]
 [ 5.95219564  4.44524574  0.98781413  2.38768697 -0.48417762 -1.05390286
  -2.20134664 -2.11631012 -3.38832235 -2.54336953 -4.80418873 -4.20220327
  -4.65693188 -5.31850815 -3.4543345  -4.93152809 -5.10134506 -6.16166019
  -6.2632618  -5.48295593 -6.70915651 -6.17237806 -7.39849234 -6.13879156
  -7.78408432 -7.48727036 -7.33051586 -7.02382278 -7.84025574 -7.98446226
  -7.39892149 -7.86374712 -8.06257248 -8.75185204 -7.4647069  -8.33386517
  -8.36004353 -8.34033585 -7.42427778 -8.75066376]
 [ 4.90080452  1.65136051  1.29465497  2.03346205 -1.0221628  -2.05980301
  -2.66733479 -1.2717526  -1.2018764  -1.43287754 -1.90768707 -4.16328526
  -5.17084455 -3.556072   -3.65522408 -5.38891411 -5.4181366  -5.66494179
  -5.33312702 -5.75298834 -6.86223125 -6.46892214 -6.70083857 -6.54495811
  -6.52677059 -7.7625823  -6.52861691 -7.40236807 -7.81801987 -7.59636736
  -8.22469807 -8.01252651 -7.63241529 -8.18227863 -8.16309452 -8.0541544
  -7.86684132 -8.6626358  -7.64550352 -8.05497932]]
test_losses: [[-3.77308392 -5.01106207 -5.78303749 -6.42244755 -7.25563646 -7.57169153
  -7.93721368 -8.17981506 -8.42784591 -8.62970038 -8.70788708 -8.95756546
  -8.98233302 -9.23001895 -9.26453769 -9.22103348 -9.38393768 -9.3620291
  -9.40240918 -9.41610817 -9.52790175 -9.50510104 -9.55547727 -9.60063815
  -9.61894756 -9.60284945 -9.62802001 -9.67017326 -9.63758275 -9.6745674
  -9.65633221 -9.67243681 -9.66671736 -9.6814015  -9.69479084 -9.69442969
  -9.687333   -9.7046647  -9.70716129 -9.69340369]
 [-3.82655924 -5.16838628 -5.78850447 -6.84174295 -7.03354163 -7.53139024
  -8.0023914  -8.17562175 -8.53452349 -8.59564238 -8.7915328  -8.95487735
  -9.14881622 -9.16659719 -9.20073608 -9.36580766 -9.36497753 -9.36818792
  -9.33677499 -9.53914637 -9.53645595 -9.56055949 -9.56224448 -9.57835905
  -9.6456696  -9.63203503 -9.5990542  -9.61230423 -9.63684348 -9.67003095
  -9.66907519 -9.70309066 -9.70291619 -9.67730578 -9.69188854 -9.71854368
  -9.70977487 -9.70593438 -9.68981894 -9.71834757]
 [-4.10440233 -5.19887136 -5.87106023 -6.63898771 -7.24303518 -7.59611212
  -8.00459487 -8.16377041 -8.45210119 -8.55043152 -8.6454216  -8.86087641
  -9.01913345 -9.16326303 -9.1983146  -9.22833782 -9.30678876 -9.45600636
  -9.43219781 -9.51711214 -9.574382   -9.54405702 -9.53628444 -9.55622511
  -9.57584154 -9.63606648 -9.63981293 -9.61840545 -9.67073707 -9.65574851
  -9.68496383 -9.66577735 -9.67151352 -9.66827229 -9.67640683 -9.67855862
  -9.6919199  -9.69047225 -9.69954854 -9.70305605]
 [-3.69304225 -5.10242204 -5.85179015 -6.525403   -6.82086306 -7.60961515
  -7.73975685 -8.18031639 -8.36779679 -8.58497588 -8.89958367 -8.95682451
  -9.01095808 -9.057979   -9.12598747 -9.23784626 -9.39939569 -9.33578757
  -9.43475619 -9.44197674 -9.53617607 -9.49972589 -9.52977037 -9.48862841
  -9.6022767  -9.61478538 -9.65734071 -9.59424717 -9.65581189 -9.65672458
  -9.62631431 -9.67105925 -9.66417129 -9.65931527 -9.69047847 -9.70654045
  -9.71243716 -9.70241594 -9.69936713 -9.70544285]
 [-3.69264149 -5.03873791 -5.75222088 -6.69033112 -7.09647189 -7.6993659
  -7.9091392  -8.17070867 -8.41373605 -8.65741803 -8.77465199 -8.7974919
  -9.08670418 -9.08523995 -9.1342568  -9.29974096 -9.35868725 -9.31946012
  -9.38225723 -9.53701921 -9.52884849 -9.57846036 -9.50009235 -9.61312446
  -9.5714239  -9.6423968  -9.61375601 -9.64825672 -9.64148715 -9.65071449
  -9.65864693 -9.67487083 -9.67137708 -9.69343831 -9.66845819 -9.68566793
  -9.68876633 -9.68584559 -9.69726906 -9.69849469]
 [-3.74692092 -4.81163754 -6.06894541 -6.53579824 -7.17405642 -7.38875011
  -7.9101161  -8.01583512 -8.57192196 -8.57836213 -8.78905696 -8.95381755
  -9.101208   -9.10365745 -9.12643761 -9.34153101 -9.2419436  -9.46903728
  -9.40178795 -9.39001912 -9.51752846 -9.52871414 -9.53167811 -9.63856499
  -9.61131793 -9.58392161 -9.63925794 -9.60132778 -9.62247289 -9.65697022
  -9.66749922 -9.6529366  -9.67605597 -9.68041622 -9.68739958 -9.68731202
  -9.70534516 -9.69280097 -9.69459049 -9.70914046]
 [-3.81544286 -5.12005184 -5.9650949  -6.72656352 -7.24693713 -7.5833934
  -7.89294863 -8.23900469 -8.52885145 -8.60999259 -8.69756094 -8.81617237
  -8.93707689 -9.10253492 -9.1703624  -9.28770599 -9.29217637 -9.33498896
  -9.33957193 -9.44737678 -9.48321925 -9.55020821 -9.56144235 -9.57098447
  -9.60926425 -9.60152573 -9.64276473 -9.65046207 -9.6382041  -9.64118002
  -9.67958003 -9.66153491 -9.67779904 -9.66349765 -9.68014195 -9.68788411
  -9.69210136 -9.69716914 -9.71129696 -9.69100443]
 [-3.74788644 -5.1179143  -6.12804664 -6.37172147 -7.21122237 -7.4821517
  -7.96657312 -8.16549    -8.38780942 -8.58207934 -8.78306173 -8.87990274
  -9.11542519 -9.12087782 -9.29706781 -9.20619599 -9.33934773 -9.3545091
  -9.45472376 -9.48181881 -9.50414599 -9.55305947 -9.58075064 -9.52704384
  -9.59737943 -9.61009845 -9.59497938 -9.61134773 -9.63002443 -9.6616693
  -9.6423868  -9.67922127 -9.66668229 -9.65841128 -9.68260339 -9.69118235
  -9.69638315 -9.70582853 -9.70941245 -9.69886128]
 [-3.79901243 -4.71318481 -5.79522881 -6.7103741  -6.96484386 -7.68558872
  -7.87708261 -8.08177652 -8.45196078 -8.59918356 -8.67889138 -8.86507705
  -8.98441683 -9.0278292  -9.25627324 -9.28550242 -9.25927446 -9.3863747
  -9.44983877 -9.46088372 -9.48124734 -9.48061689 -9.48389934 -9.52745272
  -9.55043119 -9.56443741 -9.63532527 -9.60884386 -9.65116704 -9.6493706
  -9.67543929 -9.68826821 -9.67497299 -9.66466305 -9.65220855 -9.69384427
  -9.69632518 -9.70386825 -9.69161546 -9.69948657]
 [-3.69562996 -5.10470203 -6.03551822 -6.62088274 -7.32121943 -7.4944576
  -7.74962973 -8.2344701  -8.35845904 -8.52447708 -8.64167425 -8.83982529
  -9.0684159  -9.00443822 -9.28598594 -9.21361537 -9.3403519  -9.42539907
  -9.44774788 -9.42490428 -9.47211003 -9.48867393 -9.51398187 -9.59124433
  -9.55361027 -9.58533108 -9.60693362 -9.62273572 -9.63957189 -9.64202967
  -9.64997618 -9.63882425 -9.64091609 -9.68957588 -9.66550363 -9.68169126
  -9.6924989  -9.68906236 -9.69575303 -9.69464313]
 [-3.61750564 -5.02842942 -6.11544997 -6.6262464  -7.06710494 -7.61856802
  -7.99634538 -8.14732706 -8.16061613 -8.42520527 -8.63080688 -8.8880154
  -9.03238326 -9.06961954 -9.19855739 -9.26813656 -9.30456633 -9.35187342
  -9.40289906 -9.4723404  -9.39551514 -9.56488695 -9.51767376 -9.57649044
  -9.62367621 -9.5866004  -9.60038167 -9.60447929 -9.60229262 -9.63666466
  -9.64097492 -9.64280022 -9.66846225 -9.64827716 -9.68563249 -9.6846217
  -9.68775785 -9.69067813 -9.68865107 -9.70224655]
 [-3.65177535 -5.21742146 -6.15818135 -6.41091554 -7.17076536 -7.5157405
  -7.85385199 -8.48927621 -8.4350968  -8.57052214 -8.63700297 -8.85444622
  -8.96150038 -9.10434158 -9.17461229 -9.23135881 -9.31986794 -9.3673094
  -9.37248556 -9.50509982 -9.49556127 -9.48124715 -9.50305021 -9.55542209
  -9.64834256 -9.52014348 -9.59815617 -9.60401595 -9.60264893 -9.6381069
  -9.63753465 -9.67207064 -9.66114364 -9.64601627 -9.65233649 -9.68652327
  -9.69556322 -9.68173453 -9.69877859 -9.68021755]
 [-3.96281749 -4.99458074 -6.04374657 -6.57534183 -7.15030269 -7.4904646
  -8.03379465 -8.10055286 -8.25391611 -8.48544733 -8.63103031 -8.93251268
  -9.09001836 -9.06363422 -9.1386208  -9.21392871 -9.24794388 -9.35478916
  -9.45647749 -9.3635743  -9.45448728 -9.47198592 -9.53672342 -9.56351705
  -9.57632819 -9.57529774 -9.57399492 -9.63371491 -9.61592799 -9.62331099
  -9.64439189 -9.65970706 -9.6389099  -9.65394148 -9.68591555 -9.65971009
  -9.65058128 -9.6625807  -9.6814208  -9.69649899]
 [-3.47265932 -5.09570417 -6.10047485 -6.61877765 -6.9767265  -7.63311811
  -7.86096703 -8.05299586 -8.42821609 -8.36852121 -8.80884471 -8.75919676
  -8.92139472 -9.02934075 -9.1210341  -9.13490482 -9.28076201 -9.3479672
  -9.36322824 -9.33514571 -9.45160003 -9.43437846 -9.46305734 -9.4936822
  -9.53438132 -9.58666597 -9.58983571 -9.58519685 -9.63275455 -9.6360104
  -9.66643919 -9.63399918 -9.6377425  -9.65840937 -9.65220382 -9.65130768
  -9.65847197 -9.68481103 -9.66437798 -9.69954933]
 [-3.66770273 -4.97199753 -5.96624412 -6.5557263  -6.97498422 -7.39332184
  -7.93175261 -8.00820882 -8.45365526 -8.37879171 -8.54296913 -8.75287834
  -8.91252472 -8.90415614 -9.08735779 -9.18070799 -9.19958377 -9.33248454
  -9.39386147 -9.36738983 -9.43123649 -9.36598365 -9.48315183 -9.53910405
  -9.51228894 -9.54313258 -9.57187002 -9.59435883 -9.58861672 -9.59754155
  -9.61601648 -9.59199178 -9.6267761  -9.6504673  -9.64365371 -9.65828551
  -9.66542093 -9.66557121 -9.67657414 -9.64603082]
 [-3.74215977 -5.03880813 -5.88461558 -6.55676904 -7.13930554 -7.59239786
  -7.7724472  -8.06172288 -8.34224725 -8.45745064 -8.65507672 -8.69854517
  -8.82362647 -8.93858012 -9.01559503 -9.20860478 -9.23616088 -9.30381482
  -9.2782878  -9.36132174 -9.33387899 -9.33965715 -9.44981358 -9.44363132
  -9.56204532 -9.54450459 -9.51008462 -9.55939723 -9.58255245 -9.55843974
  -9.59269683 -9.61818863 -9.62662671 -9.63925817 -9.63835318 -9.65059398
  -9.66271737 -9.6443916  -9.66400583 -9.67103254]
 [-3.6792233  -4.99732839 -5.66417019 -6.47820771 -7.02692326 -7.41080982
  -7.79617353 -7.96988157 -8.20319599 -8.33393061 -8.58030194 -8.76240063
  -8.71447848 -8.86267744 -8.95230607 -8.9622674  -9.12961474 -9.14759115
  -9.23789206 -9.22503438 -9.31275895 -9.33957293 -9.41499913 -9.4426982
  -9.46091547 -9.49520693 -9.45772277 -9.54460072 -9.52549203 -9.54231963
  -9.55819991 -9.57494278 -9.57845271 -9.58846542 -9.61014216 -9.61617623
  -9.62543965 -9.64737582 -9.64255507 -9.63203077]]
