args:  Namespace(attack='fgm', ndim=5)
elapsed time: 10092.480225992998
mins: [[-4.98301077 -4.98301077 -4.98301077 -4.98301077 -4.98301077 -4.98301077
  -4.98301077 -4.98301077 -4.98301077 -4.98301077 -4.98301077 -4.98301077
  -4.98301077 -4.98301077 -4.98301077 -4.98301077 -4.98301077 -4.98301077
  -4.98301077 -4.98301077 -4.98301077 -4.98301077 -4.98301077 -4.98301077
  -4.98301077 -4.98301077 -4.98301077 -4.98301077 -4.98301077 -4.98301077
  -4.98301077 -4.98301077 -4.98301077 -4.98301077 -4.98301077 -4.98301077
  -4.98301077 -4.98301077 -4.98301077 -4.98301077]
 [-4.98301077 -4.98301077 -4.98301077 -4.98301077 -4.98301077 -4.98301077
  -4.98301077 -4.98301077 -4.98301077 -4.98301077 -4.98301077 -4.98301077
  -4.98301077 -4.98301077 -4.98301077 -4.98301077 -4.98301077 -4.98301077
  -4.98301077 -4.98301077 -4.98301077 -4.98301077 -4.98301077 -4.98301077
  -4.98301077 -4.98301077 -4.98301077 -4.98301077 -4.98301077 -4.98301077
  -4.98301077 -4.98301077 -4.98301077 -4.98301077 -4.98301077 -4.98301077
  -4.98301077 -4.98301077 -4.98301077 -4.98301077]
 [-4.98301077 -4.98301077 -4.98301077 -4.98301077 -4.98301077 -4.98301077
  -4.98301077 -4.98301077 -4.98301077 -4.98301077 -4.98301077 -4.98301077
  -4.98301077 -4.98301077 -4.98301077 -4.98301077 -4.98301077 -4.98301077
  -4.98301077 -4.98301077 -4.98301077 -4.98301077 -4.98301077 -4.98301077
  -4.98301077 -4.98301077 -4.98301077 -4.98301077 -4.98301077 -4.98301077
  -4.98301077 -4.98301077 -4.98301077 -4.98301077 -4.98301077 -4.98301077
  -4.98301077 -4.98301077 -4.98301077 -4.98301077]
 [-4.98301077 -4.98301077 -4.98301077 -4.98301077 -4.98301077 -4.98301077
  -4.98301077 -4.98301077 -4.98301077 -4.98301077 -4.98301077 -4.98301077
  -4.98301077 -4.98301077 -4.98301077 -4.98301077 -4.98301077 -4.98301077
  -4.98301077 -4.98301077 -4.98301077 -4.98301077 -4.98301077 -4.98301077
  -4.98301077 -4.98301077 -4.98301077 -4.98301077 -4.98301077 -4.98301077
  -4.98301077 -4.98301077 -4.98301077 -4.98301077 -4.98301077 -4.98301077
  -4.98301077 -4.98301077 -4.98301077 -4.98301077]
 [-4.98301077 -4.98301077 -4.98301077 -4.98301077 -4.98301077 -4.98301077
  -4.98301077 -4.98301077 -4.98301077 -4.98301077 -4.98301077 -4.98301077
  -4.98301077 -4.98301077 -4.98301077 -4.98301077 -4.98301077 -4.98301077
  -4.98301077 -4.98301077 -4.98301077 -4.98301077 -4.98301077 -4.98301077
  -4.98301077 -4.98301077 -4.98301077 -4.98301077 -4.98301077 -4.98301077
  -4.98301077 -4.98301077 -4.98301077 -4.98301077 -4.98301077 -4.98301077
  -4.98301077 -4.98301077 -4.98301077 -4.98301077]
 [-4.98301077 -4.98301077 -4.98301077 -4.98301077 -4.98301077 -4.98301077
  -4.98301077 -4.98301077 -4.98301077 -4.98301077 -4.98301077 -4.98301077
  -4.98301077 -4.98301077 -4.98301077 -4.98301077 -4.98301077 -4.98301077
  -4.98301077 -4.98301077 -4.98301077 -4.98301077 -4.98301077 -4.98301077
  -4.98301077 -4.98301077 -4.98301077 -4.98301077 -4.98301077 -4.98301077
  -4.98301077 -4.98301077 -4.98301077 -4.98301077 -4.98301077 -4.98301077
  -4.98301077 -4.98301077 -4.98301077 -4.98301077]
 [-4.98301077 -4.98301077 -4.98301077 -4.98301077 -4.98301077 -4.98301077
  -4.98301077 -4.98301077 -4.98301077 -4.98301077 -4.98301077 -4.98301077
  -4.98301077 -4.98301077 -4.98301077 -4.98301077 -4.98301077 -4.98301077
  -4.98301077 -4.98301077 -4.98301077 -4.98301077 -4.98301077 -4.98301077
  -4.98301077 -4.98301077 -4.98301077 -4.98301077 -4.98301077 -4.98301077
  -4.98301077 -4.98301077 -4.98301077 -4.98301077 -4.98301077 -4.98301077
  -4.98301077 -4.98301077 -4.98301077 -4.98301077]
 [-4.98301077 -4.98301077 -4.98301077 -4.98301077 -4.98301077 -4.98301077
  -4.98301077 -4.98301077 -4.98301077 -4.98301077 -4.98301077 -4.98301077
  -4.98301077 -4.98301077 -4.98301077 -4.98301077 -4.98301077 -4.98301077
  -4.98301077 -4.98301077 -4.98301077 -4.98301077 -4.98301077 -4.98301077
  -4.98301077 -4.98301077 -4.98301077 -4.98301077 -4.98301077 -4.98301077
  -4.98301077 -4.98301077 -4.98301077 -4.98301077 -4.98301077 -4.98301077
  -4.98301077 -4.98301077 -4.98301077 -4.98301077]
 [-4.98301077 -4.98301077 -4.98301077 -4.98301077 -4.98301077 -4.98301077
  -4.98301077 -4.98301077 -4.98301077 -4.98301077 -4.98301077 -4.98301077
  -4.98301077 -4.98301077 -4.98301077 -4.98301077 -4.98301077 -4.98301077
  -4.98301077 -4.98301077 -4.98301077 -4.98301077 -4.98301077 -4.98301077
  -4.98301077 -4.98301077 -4.98301077 -4.98301077 -4.98301077 -4.98301077
  -4.98301077 -4.98301077 -4.98301077 -4.98301077 -4.98301077 -4.98301077
  -4.98301077 -4.98301077 -4.98301077 -4.98301077]
 [-4.98301077 -4.98301077 -4.98301077 -4.98301077 -4.98301077 -4.98301077
  -4.98301077 -4.98301077 -4.98301077 -4.98301077 -4.98301077 -4.98301077
  -4.98301077 -4.98301077 -4.98301077 -4.98301077 -4.98301077 -4.98301077
  -4.98301077 -4.98301077 -4.98301077 -4.98301077 -4.98301077 -4.98301077
  -4.98301077 -4.98301077 -4.98301077 -4.98301077 -4.98301077 -4.98301077
  -4.98301077 -4.98301077 -4.98301077 -4.98301077 -4.98301077 -4.98301077
  -4.98301077 -4.98301077 -4.98301077 -4.98301077]
 [-4.98301077 -4.98301077 -4.98301077 -4.98301077 -4.98301077 -4.98301077
  -4.98301077 -4.98301077 -4.98301077 -4.98301077 -4.98301077 -4.98301077
  -4.98301077 -4.98301077 -4.98301077 -4.98301077 -4.98301077 -4.98301077
  -4.98301077 -4.98301077 -4.98301077 -4.98301077 -4.98301077 -4.98301077
  -4.98301077 -4.98301077 -4.98301077 -4.98301077 -4.98301077 -4.98301077
  -4.98301077 -4.98301077 -4.98301077 -4.98301077 -4.98301077 -4.98301077
  -4.98301077 -4.98301077 -4.98301077 -4.98301077]
 [-4.98301077 -4.98301077 -4.98301077 -4.98301077 -4.98301077 -4.98301077
  -4.98301077 -4.98301077 -4.98301077 -4.98301077 -4.98301077 -4.98301077
  -4.98301077 -4.98301077 -4.98301077 -4.98301077 -4.98301077 -4.98301077
  -4.98301077 -4.98301077 -4.98301077 -4.98301077 -4.98301077 -4.98301077
  -4.98301077 -4.98301077 -4.98301077 -4.98301077 -4.98301077 -4.98301077
  -4.98301077 -4.98301077 -4.98301077 -4.98301077 -4.98301077 -4.98301077
  -4.98301077 -4.98301077 -4.98301077 -4.98301077]
 [-4.98301077 -4.98301077 -4.98301077 -4.98301077 -4.98301077 -4.98301077
  -4.98301077 -4.98301077 -4.98301077 -4.98301077 -4.98301077 -4.98301077
  -4.98301077 -4.98301077 -4.98301077 -4.98301077 -4.98301077 -4.98301077
  -4.98301077 -4.98301077 -4.98301077 -4.98301077 -4.98301077 -4.98301077
  -4.98301077 -4.98301077 -4.98301077 -4.98301077 -4.98301077 -4.98301077
  -4.98301077 -4.98301077 -4.98301077 -4.98301077 -4.98301077 -4.98301077
  -4.98301077 -4.98301077 -4.98301077 -4.98301077]
 [-4.98301077 -4.98301077 -4.98301077 -4.98301077 -4.98301077 -4.98301077
  -4.98301077 -4.98301077 -4.98301077 -4.98301077 -4.98301077 -4.98301077
  -4.98301077 -4.98301077 -4.98301077 -4.98301077 -4.98301077 -4.98301077
  -4.98301077 -4.98301077 -4.98301077 -4.98301077 -4.98301077 -4.98301077
  -4.98301077 -4.98301077 -4.98301077 -4.98301077 -4.98301077 -4.98301077
  -4.98301077 -4.98301077 -4.98301077 -4.98301077 -4.98301077 -4.98301077
  -4.98301077 -4.98301077 -4.98301077 -4.98301077]
 [-4.98301077 -4.98301077 -4.98301077 -4.98301077 -4.98301077 -4.98301077
  -4.98301077 -4.98301077 -4.98301077 -4.98301077 -4.98301077 -4.98301077
  -4.98301077 -4.98301077 -4.98301077 -4.98301077 -4.98301077 -4.98301077
  -4.98301077 -4.98301077 -4.98301077 -4.98301077 -4.98301077 -4.98301077
  -4.98301077 -4.98301077 -4.98301077 -4.98301077 -4.98301077 -4.98301077
  -4.98301077 -4.98301077 -4.98301077 -4.98301077 -4.98301077 -4.98301077
  -4.98301077 -4.98301077 -4.98301077 -4.98301077]
 [-4.98301077 -4.98301077 -4.98301077 -4.98301077 -4.98301077 -4.98301077
  -4.98301077 -4.98301077 -4.98301077 -4.98301077 -4.98301077 -4.98301077
  -4.98301077 -4.98301077 -4.98301077 -4.98301077 -4.98301077 -4.98301077
  -4.98301077 -4.98301077 -4.98301077 -4.98301077 -4.98301077 -4.98301077
  -4.98301077 -4.98301077 -4.98301077 -4.98301077 -4.98301077 -4.98301077
  -4.98301077 -4.98301077 -4.98301077 -4.98301077 -4.98301077 -4.98301077
  -4.98301077 -4.98301077 -4.98301077 -4.98301077]
 [-4.98301077 -4.98301077 -4.98301077 -4.98301077 -4.98301077 -4.98301077
  -4.98301077 -4.98301077 -4.98301077 -4.98301077 -4.98301077 -4.98301077
  -4.98301077 -4.98301077 -4.98301077 -4.98301077 -4.98301077 -4.98301077
  -4.98301077 -4.98301077 -4.98301077 -4.98301077 -4.98301077 -4.98301077
  -4.98301077 -4.98301077 -4.98301077 -4.98301077 -4.98301077 -4.98301077
  -4.98301077 -4.98301077 -4.98301077 -4.98301077 -4.98301077 -4.98301077
  -4.98301077 -4.98301077 -4.98301077 -4.98301077]]
maxs: [[ 3.45750141e+00  4.98301077e+00  3.45750141e+00  2.90197945e+00
   1.37646973e+00  1.29990673e+00  5.98331690e-01  5.98331690e-01
  -2.25602716e-01 -2.25602716e-01 -4.48218793e-01 -5.98331690e-01
  -9.27177668e-01 -2.25602716e-01 -2.52925014e+00 -1.15385377e+00
  -2.52925014e+00 -2.25602716e-01 -4.48218793e-01 -1.00374079e+00
  -2.52925014e+00 -1.07729053e+00 -2.52925014e+00 -2.52925014e+00
  -9.27177668e-01 -2.52925014e+00 -2.52925014e+00 -3.38093781e+00
  -2.67936301e+00 -2.52925014e+00 -2.52925014e+00 -2.90197945e+00
  -2.90197945e+00 -3.38093781e+00 -2.52925014e+00 -2.90197945e+00
  -2.52925014e+00 -3.38093781e+00 -2.90197945e+00 -4.98301077e+00]
 [ 4.98301077e+00  4.81511307e+00  3.38093781e+00  1.85542858e+00
   1.85542858e+00  2.90197945e+00  1.85542858e+00 -2.25602716e-01
  -4.48218793e-01 -2.25602716e-01  1.48229599e+00 -5.98331690e-01
   2.25602716e-01 -2.25602716e-01 -2.25602716e-01 -1.37646973e+00
  -1.07729053e+00 -1.07729053e+00 -2.52925014e+00 -2.52925014e+00
  -1.00374079e+00 -1.85542858e+00 -2.52925014e+00 -2.52925014e+00
  -2.52925014e+00 -2.52925014e+00 -2.03068137e+00 -2.52925014e+00
  -2.90197945e+00 -2.52925014e+00 -2.67936301e+00 -2.52925014e+00
  -2.90534329e+00 -3.38093781e+00 -2.90197945e+00 -3.38093781e+00
  -2.52925014e+00 -4.98301077e+00 -4.43706989e+00 -2.52925014e+00]
 [ 4.98301077e+00  3.45750141e+00  3.38093781e+00  3.45750141e+00
   5.75971246e-01  1.85542858e+00  1.37646973e+00  2.38077784e+00
   3.45750141e+00 -1.40524283e-01 -5.98331690e-01 -2.25602716e-01
  -4.00237381e-01 -1.15954852e+00 -7.29027271e-01 -2.52925014e+00
  -2.52925014e+00 -2.52925014e+00 -2.25602716e-01 -2.31342292e+00
  -2.52925014e+00 -2.52925014e+00 -2.52925014e+00 -1.00374079e+00
  -2.52925014e+00 -3.45750141e+00 -2.52925014e+00 -2.52925014e+00
  -2.52925014e+00 -2.52925014e+00 -2.85378361e+00 -3.35730457e+00
  -2.52925014e+00 -3.72482753e+00 -2.97202849e+00 -2.52925014e+00
  -2.67936301e+00 -3.20683742e+00 -2.67936301e+00 -3.14985943e+00]
 [ 4.98301077e+00  3.45750141e+00  3.45750141e+00  2.90197945e+00
   2.90197945e+00  1.69715738e+00  1.15385377e+00 -3.52492303e-01
   1.29990673e+00 -5.98331690e-01 -4.96017098e-01 -4.48218793e-01
  -1.73137903e+00 -1.50146449e+00 -2.22848535e+00 -2.03759098e+00
  -1.66088653e+00 -2.52925014e+00 -2.52925014e+00 -1.95647502e+00
  -2.01581883e+00 -2.67936301e+00 -1.74392486e+00 -2.52925014e+00
  -2.52925014e+00 -2.52925014e+00 -2.73527741e+00 -2.52925014e+00
  -2.52925014e+00 -2.90197945e+00 -2.52925014e+00 -3.62568212e+00
  -2.52925014e+00 -2.52925014e+00 -3.38093781e+00 -4.06365490e+00
  -3.03718805e+00 -3.38093781e+00 -4.33860016e+00 -3.53861570e+00]
 [ 4.98301077e+00  3.45750141e+00  2.67936301e+00  2.05885434e+00
   2.13069510e+00  1.07729053e+00  1.15385377e+00  1.70414960e+00
  -4.48218793e-01 -4.48218793e-01 -1.46761107e+00 -2.25602716e-01
  -1.15385377e+00 -1.78176987e+00 -1.20148015e+00 -1.52090728e+00
  -1.93503416e+00 -1.88978374e+00 -1.15385377e+00 -2.52925014e+00
  -2.52925014e+00 -1.91901457e+00 -2.52925014e+00 -1.88287258e+00
  -2.65963340e+00 -2.67936301e+00 -1.80923343e+00 -2.90197945e+00
  -2.67936301e+00 -3.60356688e+00 -1.15823805e+00 -3.38093781e+00
  -3.27648091e+00 -3.32632685e+00 -3.53369880e+00 -3.94396091e+00
  -3.44748497e+00 -2.67936301e+00 -3.84249997e+00 -3.88555121e+00]
 [ 4.38915062e+00  4.30597639e+00  2.02211165e+00  1.85542858e+00
   1.37646973e+00  1.85542858e+00  1.07729053e+00  7.99600244e-01
   3.49262387e-01 -1.00374079e+00  8.83832097e-01  5.98331690e-01
  -3.11794877e-01 -1.15385377e+00 -1.28580153e+00 -9.63181734e-01
  -1.36760437e+00 -2.52925014e+00 -2.52925014e+00 -2.67936301e+00
  -2.52925014e+00 -2.32568741e+00 -2.52925014e+00 -2.65791416e+00
  -2.69050241e+00 -1.31446362e+00 -2.52925014e+00 -2.82931089e+00
  -3.06975842e+00 -2.52925014e+00 -2.52925014e+00 -3.79336452e+00
  -3.18993020e+00 -2.11449623e+00 -3.59504247e+00 -4.12716579e+00
  -3.25049019e+00 -3.01233530e+00 -2.66641235e+00 -3.91698575e+00]
 [ 4.98301077e+00  3.45750141e+00  1.18671691e+00  1.15385377e+00
   3.29635859e+00  3.86252165e-01  6.57102108e-01  3.79494182e-03
   1.07729053e+00  4.21299249e-01  1.20598531e+00 -6.63046122e-01
  -1.68529165e+00 -1.21721148e+00 -2.04186726e+00 -2.42789841e+00
  -1.99888349e+00 -1.62102020e+00 -9.74353552e-01 -2.31103945e+00
  -2.23819327e+00 -3.38093781e+00 -2.52925014e+00 -2.52925014e+00
  -2.52925014e+00 -1.98016238e+00 -2.52925014e+00 -2.71213627e+00
  -2.52925014e+00 -2.96670866e+00 -3.44966531e+00 -2.74710870e+00
  -3.88999248e+00 -3.94849372e+00 -3.38093781e+00 -2.93921113e+00
  -3.36768866e+00 -3.88325047e+00 -3.14957905e+00 -4.00061893e+00]
 [ 3.45750141e+00  3.45750141e+00  2.69420004e+00  3.38093781e+00
   9.27177668e-01  9.27177668e-01 -1.43283606e-01  5.41535020e-01
  -3.73269349e-01 -1.24063885e+00 -2.25602716e-01 -4.48218793e-01
  -9.66295302e-01 -1.09422266e+00 -7.75417328e-01 -1.05599821e+00
  -2.25602716e-01 -5.98331690e-01 -6.74160361e-01 -2.52925014e+00
  -2.65246248e+00 -1.59242189e+00 -2.67936301e+00 -2.90197945e+00
  -2.85010219e+00 -1.90716124e+00 -2.52925014e+00 -2.67936301e+00
  -3.11273766e+00 -3.38093781e+00 -2.76847529e+00 -3.85815001e+00
  -3.89703274e+00 -4.01648808e+00 -3.14468098e+00 -3.27918267e+00
  -2.50824690e+00 -4.03658390e+00 -4.07168293e+00 -3.67385292e+00]
 [ 3.61854649e+00  3.38093781e+00  2.90197945e+00  1.29990673e+00
   1.15385377e+00  4.73975450e-01  4.48218793e-01  3.49387467e-01
  -2.39704475e-01 -9.27177668e-01 -5.05252481e-01 -8.16963553e-01
  -1.99688172e+00 -5.98331690e-01 -1.82714629e+00 -4.48218793e-01
  -1.22141063e+00 -7.55146027e-01 -2.31255126e+00 -2.14826679e+00
  -2.52925014e+00 -2.52925014e+00 -1.92696536e+00 -2.31969857e+00
  -2.90197945e+00 -3.38093781e+00 -2.32648134e+00 -2.90197945e+00
  -2.52925014e+00 -2.62957621e+00 -2.96335196e+00 -2.51459599e+00
  -3.80816317e+00 -3.84536409e+00 -3.47309732e+00 -3.72304988e+00
  -3.48810172e+00 -3.74643946e+00 -4.18488598e+00 -4.33021784e+00]
 [ 3.45750141e+00  3.89331794e+00  3.02947521e+00  1.81379771e+00
   1.11595523e+00  2.67936301e+00  1.15385377e+00  4.65105250e-02
  -1.19018011e-01 -2.25602716e-01 -1.06921148e+00 -1.37646973e+00
  -1.97849834e+00 -1.36337352e+00 -5.75646341e-01 -1.54112077e+00
  -6.37243271e-01 -2.02862263e+00 -2.21817756e+00 -2.52478385e+00
  -8.34023058e-01 -3.04825687e+00 -2.25995302e+00 -3.38093781e+00
  -2.67936301e+00 -2.45260954e+00 -3.24613190e+00 -2.95308876e+00
  -1.29990673e+00 -3.56439972e+00 -2.71914434e+00 -3.14129305e+00
  -2.90197945e+00 -3.36609006e+00 -3.44267607e+00 -3.83825397e+00
  -3.01859212e+00 -4.42799330e+00 -3.38093781e+00 -4.10056257e+00]
 [ 3.45750141e+00  4.90347004e+00  2.23716283e+00  1.61753511e+00
   1.18039346e+00  9.27177668e-01  5.72795153e-01  3.50308537e-01
   5.45019746e-01  5.63228905e-01 -5.98331690e-01 -1.07729053e+00
  -1.55403411e+00 -1.52173185e+00 -2.67936301e+00 -1.85542858e+00
  -7.85912335e-01 -9.19763744e-01 -1.75136888e+00 -2.30777812e+00
  -2.90197945e+00 -2.01901937e+00 -2.90197945e+00 -2.94845176e+00
  -2.52925014e+00 -2.47332549e+00 -2.67936301e+00 -2.92222905e+00
  -3.31702662e+00 -3.75918174e+00 -3.59887981e+00 -3.42906594e+00
  -3.43151069e+00 -3.50489879e+00 -2.90197945e+00 -3.38093781e+00
  -4.07977009e+00 -3.06592989e+00 -3.88991618e+00 -2.96545720e+00]
 [ 3.69919133e+00  3.45750141e+00  3.11223745e+00  1.07729053e+00
   1.85542858e+00 -3.62979174e-02  1.75974882e+00  6.79464340e-02
   8.17150623e-02 -1.31139410e+00 -1.58942640e+00 -4.26845819e-01
  -9.91089046e-01 -2.44811726e+00 -1.38189840e+00 -1.00374079e+00
  -2.35593510e+00 -2.30828524e+00 -2.52925014e+00 -3.40695292e-01
  -1.37646973e+00 -1.91271091e+00 -2.52925014e+00 -3.04780030e+00
  -2.77286816e+00 -3.17935467e+00 -3.03503990e+00 -2.52925014e+00
  -2.64859629e+00 -2.92541385e+00 -3.61520696e+00 -3.64301538e+00
  -3.05694795e+00 -3.58024907e+00 -3.53847814e+00 -3.40740228e+00
  -3.68470311e+00 -2.90197945e+00 -2.93152428e+00 -3.98868871e+00]
 [ 4.98301077e+00  3.45750141e+00  1.85542858e+00  2.52925014e+00
   1.03032923e+00  9.27177668e-01  6.60588384e-01 -3.23704690e-01
  -3.01890429e-02 -5.99247456e-01 -6.09345138e-01 -7.99030304e-01
  -2.30211067e+00 -1.42636800e+00 -1.84839284e+00 -5.56550324e-01
  -2.20217538e+00 -2.52925014e+00 -2.46187043e+00 -2.05713201e+00
  -1.12851572e+00 -2.86875677e+00 -1.74381924e+00 -2.39615202e+00
  -2.27820277e+00 -3.18037534e+00 -3.11768031e+00 -3.01161551e+00
  -3.59577632e+00 -3.67122865e+00 -3.15074468e+00 -3.69931221e+00
  -2.55202007e+00 -3.63828707e+00 -3.12055683e+00 -2.91238737e+00
  -3.62435722e+00 -3.69990468e+00 -3.66558504e+00 -4.21373320e+00]
 [ 2.67936301e+00  4.98301077e+00  1.37646973e+00  3.38093781e+00
   6.20347261e-01 -2.17797846e-01  3.27530831e-01  5.40914237e-01
   2.59973884e-01 -2.10136279e-01 -7.00406790e-01 -2.36499324e-01
  -1.45406079e+00 -1.69670713e+00 -9.80559170e-01 -7.98847556e-01
  -1.36437654e+00 -1.35154396e-01 -1.38296735e+00 -1.75451398e+00
  -2.52925014e+00 -7.22016454e-01 -2.00891972e+00 -1.03142071e+00
  -2.69634581e+00 -1.98604321e+00 -2.14160228e+00 -2.04726887e+00
  -3.16930914e+00 -2.81179357e+00 -1.71753025e+00 -2.97199225e+00
  -3.30829692e+00 -3.56415582e+00 -3.42622662e+00 -3.18251610e+00
  -3.44069004e+00 -3.73293948e+00 -3.63319969e+00 -3.78196907e+00]
 [ 3.69101381e+00  2.40442300e+00  3.76845789e+00  1.79984760e+00
   1.19844639e+00 -5.93380556e-02  2.37871781e-01  4.01497744e-02
   2.26397052e-01 -7.29911983e-01 -5.91669023e-01 -9.27177668e-01
  -1.15259290e+00 -1.50095534e+00 -5.63360989e-01 -1.77820408e+00
  -8.57260764e-01 -5.60312033e-01 -9.17328417e-01 -9.29648459e-01
  -1.54420018e+00 -6.88987494e-01 -1.82268965e+00 -1.69611192e+00
  -1.50779104e+00 -1.08474910e+00 -1.15256166e+00 -1.95878828e+00
  -2.14004970e+00 -1.75584650e+00 -1.93479443e+00 -2.45240927e+00
  -1.65181339e+00 -1.05732620e+00 -1.42673481e+00 -1.73614848e+00
  -3.48301697e+00 -2.52739096e+00 -1.79346955e+00 -2.51657677e+00]
 [ 3.41763735e+00  4.98301077e+00  2.90197945e+00  1.91867781e+00
   8.75001192e-01  1.37646973e+00  1.48965025e+00  8.26618552e-01
  -2.19711312e-03 -3.98067713e-01 -4.77813572e-01 -6.59225762e-01
  -4.69025314e-01 -9.57789004e-01 -7.81575799e-01 -5.36965907e-01
  -1.27093720e+00 -6.73095107e-01 -9.53146338e-01 -1.01259935e+00
  -1.19077492e+00 -6.17207944e-01 -6.95079029e-01 -1.32043684e+00
  -1.13049161e+00 -8.63147795e-01 -1.50807476e+00 -6.83073938e-01
  -1.31862783e+00 -6.02894366e-01 -9.03751075e-01 -8.01404476e-01
  -1.05781686e+00 -1.20583892e+00 -1.22748256e+00 -1.44097614e+00
  -1.55570841e+00 -9.44028556e-01 -1.01895475e+00 -1.86345661e+00]
 [ 3.90752077e+00  2.13072562e+00  4.77472305e+00  1.24031138e+00
   5.41975141e-01  3.66574466e-01  2.12035641e-01 -3.55273515e-01
   1.00001553e-02 -4.05084640e-01 -3.73339087e-01 -1.33059487e-01
  -5.11173189e-01 -3.73664856e-01 -6.35430157e-01 -1.84916213e-01
  -4.69488859e-01 -4.55125123e-01 -4.69777286e-02 -6.62657320e-01
  -4.45861399e-01 -9.91465449e-01 -6.13533795e-01 -8.48260164e-01
  -7.21275508e-01 -9.84519243e-01 -6.93206489e-01 -6.54223502e-01
  -8.26329350e-01 -6.69536114e-01 -7.87675500e-01 -9.08356726e-01
  -1.15061307e+00 -4.45199281e-01 -1.16570127e+00 -9.37387228e-01
  -8.45901549e-01 -6.58488631e-01 -8.76188457e-01 -1.61689770e+00]]
test_losses: [[-1.82734883 -2.45431905 -3.21237044 -3.36679384 -3.5511436  -3.86625936
  -4.10620725 -4.24955731 -4.37065563 -4.39247944 -4.62478484 -4.51522064
  -4.58488543 -4.65740684 -4.7272875  -4.75046021 -4.81239468 -4.79950962
  -4.82499361 -4.84131467 -4.86414314 -4.85482118 -4.91536843 -4.92015801
  -4.89435518 -4.95513094 -4.92659441 -4.95199016 -4.96071635 -4.95388851
  -4.95164244 -4.95388213 -4.97098897 -4.97767053 -4.96255455 -4.97098897
  -4.97483157 -4.97258549 -4.97098897 -4.98301077]
 [-1.86514027 -2.64281856 -3.02569287 -3.54373901 -3.7303573  -3.84849013
  -3.98328184 -4.17709345 -4.27163617 -4.44420816 -4.49379484 -4.55747575
  -4.55196378 -4.63125797 -4.73045904 -4.74677691 -4.76096295 -4.86979644
  -4.84343197 -4.85299234 -4.84223955 -4.88267206 -4.94067709 -4.92689917
  -4.94974742 -4.92255448 -4.93185978 -4.93597694 -4.95786288 -4.9678948
  -4.94932437 -4.9678948  -4.95653701 -4.97628742 -4.976074   -4.97570864
  -4.96141361 -4.98301077 -4.98119097 -4.95622709]
 [-1.96211538 -2.5808514  -3.06291076 -3.40720895 -3.72764181 -3.86686637
  -3.97730524 -4.20241959 -4.37231937 -4.4110631  -4.5568429  -4.50887957
  -4.63728445 -4.63596405 -4.64008027 -4.74940054 -4.78071167 -4.82660717
  -4.80752114 -4.85571515 -4.89518128 -4.84769268 -4.87191854 -4.89556895
  -4.92339755 -4.96150976 -4.94185763 -4.91194454 -4.94017005 -4.93315291
  -4.9386289  -4.97043501 -4.9539696  -4.97372631 -4.95738565 -4.96630818
  -4.96374501 -4.97514843 -4.971443   -4.97050762]
 [-1.83543954 -2.41654119 -2.82242393 -3.33648767 -3.76959626 -3.78812373
  -4.03376901 -4.0383007  -4.31202746 -4.39772398 -4.56281617 -4.51047473
  -4.66161704 -4.64221597 -4.72722112 -4.70512264 -4.76022159 -4.80858503
  -4.79187101 -4.85716445 -4.86874746 -4.88440875 -4.88594773 -4.89767333
  -4.9143039  -4.902638   -4.93821812 -4.93541544 -4.9362533  -4.9588393
  -4.9419312  -4.96572529 -4.95242894 -4.97050148 -4.96839023 -4.97256145
  -4.96977247 -4.97566425 -4.97957346 -4.97298197]
 [-1.8666338  -2.5922084  -2.95390773 -3.46867331 -3.55767112 -3.83244841
  -4.17187144 -4.09955768 -4.38670874 -4.45076599 -4.56785589 -4.49597704
  -4.5164302  -4.67189723 -4.72084346 -4.73001439 -4.77321108 -4.80079644
  -4.8165823  -4.84449081 -4.84883428 -4.87616994 -4.88999377 -4.89539303
  -4.87985826 -4.90657681 -4.93121056 -4.93352254 -4.94622178 -4.94573104
  -4.93964493 -4.94318098 -4.92408693 -4.94036602 -4.96433837 -4.96834328
  -4.96363335 -4.96542009 -4.96632362 -4.97588744]
 [-1.87850737 -2.4616906  -3.03303885 -3.4312505  -3.57186952 -3.91723598
  -4.04791102 -4.16809387 -4.34726339 -4.39367821 -4.45187638 -4.47759622
  -4.54273599 -4.69806425 -4.72979584 -4.70164751 -4.83047766 -4.78814925
  -4.8347912  -4.8593377  -4.87991483 -4.84604259 -4.89708373 -4.92492812
  -4.89259208 -4.8697018  -4.92437635 -4.91717349 -4.95016751 -4.9456535
  -4.90855437 -4.96695157 -4.94765932 -4.96392007 -4.96583532 -4.97173184
  -4.95079779 -4.970638   -4.96352092 -4.97092008]
 [-1.97667172 -2.41326208 -3.07937186 -3.40375852 -3.67916412 -3.93044141
  -4.08474582 -4.2447513  -4.15045077 -4.3492887  -4.38493215 -4.54167255
  -4.55709146 -4.66364034 -4.68682658 -4.74256568 -4.74186422 -4.77499078
  -4.847369   -4.88199921 -4.85357832 -4.88660162 -4.86275076 -4.90913911
  -4.91012751 -4.88962836 -4.91293476 -4.92746102 -4.914973   -4.94611664
  -4.94530145 -4.94598045 -4.96424608 -4.956573   -4.96380186 -4.96136754
  -4.94007908 -4.96818735 -4.9756637  -4.97463662]
 [-1.80820377 -2.6687566  -3.03729356 -3.29294489 -3.77294053 -3.91986367
  -4.01205133 -4.18897121 -4.33605199 -4.45680525 -4.41359367 -4.46943081
  -4.59600903 -4.59696758 -4.67364897 -4.6766546  -4.69274296 -4.74453273
  -4.77568131 -4.86345313 -4.85570208 -4.83063254 -4.90153064 -4.93061798
  -4.90986501 -4.90217342 -4.9127307  -4.92590649 -4.93570604 -4.95465996
  -4.94473892 -4.95483634 -4.96512441 -4.96724404 -4.9639977  -4.96166781
  -4.95814529 -4.966781   -4.97532268 -4.965103  ]
 [-1.80455155 -2.45236701 -3.05906369 -3.35724968 -3.57981641 -3.95213036
  -4.01795059 -4.14895578 -4.30601012 -4.39489074 -4.45648408 -4.4953811
  -4.49520924 -4.57737364 -4.7050739  -4.69906122 -4.74729031 -4.77408982
  -4.80624606 -4.78551075 -4.87025603 -4.82844797 -4.87737125 -4.89921665
  -4.91381982 -4.93055287 -4.91882626 -4.91759279 -4.91337087 -4.92918481
  -4.94270025 -4.92903594 -4.94641109 -4.9657877  -4.96761233 -4.96287008
  -4.95964347 -4.96379888 -4.97054976 -4.97611921]
 [-2.04787838 -2.45832614 -3.04355006 -3.31814277 -3.59730341 -3.85811627
  -3.92389569 -4.18795249 -4.22176384 -4.44086566 -4.45818059 -4.53396364
  -4.6189243  -4.58209351 -4.64160317 -4.65710686 -4.71782824 -4.79042414
  -4.75358014 -4.77210059 -4.77521637 -4.90160141 -4.86912613 -4.91104275
  -4.89744388 -4.88556799 -4.92028998 -4.92877242 -4.91310047 -4.94398897
  -4.94330497 -4.94016887 -4.93457179 -4.96438141 -4.94789196 -4.95965886
  -4.95544125 -4.97651599 -4.96457662 -4.97106843]
 [-1.81509278 -2.41038105 -3.13782081 -3.34679619 -3.67869655 -3.93987497
  -3.94905476 -4.17251373 -4.30796665 -4.30825439 -4.53448979 -4.55628166
  -4.64304446 -4.58850449 -4.69788214 -4.75211819 -4.75005256 -4.78295735
  -4.79106828 -4.82827347 -4.82889593 -4.82298948 -4.84396527 -4.88662973
  -4.88390421 -4.90757434 -4.89946377 -4.92723359 -4.9211773  -4.93393989
  -4.94551064 -4.95026092 -4.95960358 -4.95622591 -4.93451018 -4.94904636
  -4.96771463 -4.96037491 -4.95660933 -4.95592017]
 [-1.86700101 -2.79475888 -3.05827279 -3.45607335 -3.62353526 -3.87999495
  -4.03383135 -4.18595117 -4.25803051 -4.37208384 -4.39267059 -4.47803367
  -4.54132799 -4.66878415 -4.65209955 -4.65959185 -4.69951565 -4.73757197
  -4.79307524 -4.80538183 -4.78827833 -4.83292975 -4.86743029 -4.88921515
  -4.88508994 -4.89504575 -4.91173106 -4.92198977 -4.91040917 -4.9184514
  -4.94346136 -4.94495063 -4.93093685 -4.94945889 -4.96383098 -4.94995885
  -4.96691249 -4.9422595  -4.96130465 -4.96294847]
 [-2.19368588 -2.63555599 -3.11985455 -3.38208262 -3.61791049 -3.81706131
  -3.97134061 -4.08143976 -4.21877724 -4.26532182 -4.44208421 -4.48439268
  -4.59295278 -4.53091159 -4.59693956 -4.6710547  -4.72373129 -4.75160026
  -4.76652157 -4.80356277 -4.81978325 -4.84139892 -4.81336181 -4.86545742
  -4.8634927  -4.90115791 -4.90705069 -4.88373641 -4.94951954 -4.92685677
  -4.91846863 -4.9407806  -4.94011877 -4.94722234 -4.94812894 -4.95762433
  -4.95289208 -4.95943914 -4.95516458 -4.96842956]
 [-2.02413648 -2.52468407 -3.18578236 -3.19697345 -3.62153007 -3.73250008
  -3.90029709 -4.10514994 -4.22479633 -4.29450782 -4.39974036 -4.44089769
  -4.45025525 -4.55489131 -4.58882786 -4.66423994 -4.64237277 -4.66029055
  -4.76165609 -4.76928504 -4.76977795 -4.79599914 -4.83485602 -4.83971818
  -4.83914717 -4.84510492 -4.83283143 -4.85850622 -4.88367367 -4.91075406
  -4.87122471 -4.93125269 -4.90662511 -4.93189033 -4.9194116  -4.91391919
  -4.92159763 -4.94147997 -4.93489372 -4.92800422]
 [-1.92981879 -2.65632993 -2.84568229 -3.02146478 -3.38176928 -3.81573849
  -3.92857034 -3.97628811 -4.01987458 -4.28646706 -4.32347766 -4.41859434
  -4.46608323 -4.43109528 -4.53805254 -4.61418243 -4.55319694 -4.59792957
  -4.62735005 -4.68147728 -4.71569287 -4.6849986  -4.79556574 -4.77162509
  -4.81401402 -4.78515634 -4.76471409 -4.8350588  -4.82752631 -4.84922726
  -4.84851975 -4.86649467 -4.84606662 -4.86618276 -4.8680725  -4.88184637
  -4.92875463 -4.91659353 -4.88708647 -4.93177596]
 [-1.88262357 -2.54849788 -2.92125433 -3.18061398 -3.51509265 -3.54895117
  -3.80873703 -3.75603397 -4.05566936 -4.15853311 -4.14916373 -4.23753452
  -4.28540804 -4.42764588 -4.37866531 -4.4420267  -4.63973119 -4.51069166
  -4.51173797 -4.59030977 -4.57604187 -4.54814453 -4.70167301 -4.6368693
  -4.6457149  -4.63744463 -4.69706572 -4.71965289 -4.74985892 -4.73341728
  -4.75249342 -4.78282274 -4.7544211  -4.79847905 -4.84092412 -4.82446918
  -4.80731008 -4.82876411 -4.83725706 -4.81626126]
 [-1.85395576 -2.50926293 -2.6548887  -3.00173784 -3.25892505 -3.45444526
  -3.58758487 -3.58126831 -3.71394289 -3.70171796 -3.77256841 -3.77315923
  -3.9519732  -3.90433422 -4.08196988 -4.06211378 -4.2157957  -4.14881611
  -4.27664195 -4.29380947 -4.23268015 -4.19313587 -4.30261096 -4.17433857
  -4.19745616 -4.41173961 -4.37881922 -4.36064864 -4.44058753 -4.33471956
  -4.47041525 -4.48173706 -4.5493203  -4.36832326 -4.51195072 -4.55357003
  -4.47124828 -4.5129028  -4.56498748 -4.61027177]]
