args:  Namespace(ndim=7, attack='fgm', l2=0)
lin_fgm_7D_0_model.pt
elapsed time: 1705.269013
test_losses: [[-2.69822268 -3.67488579 -4.50417735 -4.94674713 -5.20890076 -5.64905668
  -5.87751998 -6.09320264 -6.17469873 -6.36826626 -6.48995373 -6.62447596
  -6.70703554 -6.8382069  -6.88779706 -6.90201378 -6.86445827 -6.90302328
  -7.01545772 -7.043805   -7.10917979 -7.08539389 -7.1306349  -7.1249543
  -7.09056359 -7.13781402 -7.15577982 -7.19837633 -7.16559346 -7.2060708
  -7.19056626 -7.20106633 -7.19081102 -7.2111541  -7.20213888 -7.21096705
  -7.20949989 -7.20643318 -7.20364599 -7.20487243]
 [-3.00152408 -3.67417452 -4.46337842 -4.81461351 -5.19575024 -5.46774393
  -5.89708288 -6.13129933 -6.19437151 -6.31544547 -6.60002434 -6.53964083
  -6.7468076  -6.74114819 -6.82098249 -6.86063066 -6.90823549 -6.99260137
  -6.97731492 -7.06964638 -7.02809859 -7.05939662 -7.09875525 -7.06540596
  -7.15091856 -7.12513346 -7.1634108  -7.15607652 -7.16033646 -7.17765709
  -7.16607216 -7.18333062 -7.19789257 -7.17595959 -7.17685853 -7.202897
  -7.1983363  -7.2137757  -7.21154273 -7.21698634]
 [-2.72957887 -3.57583467 -4.35753828 -5.0408302  -5.3306218  -5.42479155
  -5.67910819 -6.01382244 -6.06298655 -6.30579348 -6.41786972 -6.50474154
  -6.66458425 -6.72935399 -6.69554012 -6.79797625 -6.93272432 -6.92505396
  -6.88090547 -6.94134505 -6.99522762 -7.04157767 -7.01189317 -7.03636249
  -7.07247859 -7.10710786 -7.0983489  -7.0891174  -7.12381592 -7.16526546
  -7.1512175  -7.15559962 -7.16408597 -7.17367661 -7.17004909 -7.18810133
  -7.17663965 -7.17791342 -7.18481121 -7.18611163]
 [-2.80551898 -3.48033151 -4.21548242 -4.78221381 -4.84962626 -5.20543975
  -5.38019669 -5.4900799  -5.79380812 -5.90851607 -5.99185437 -5.9983659
  -6.19461266 -6.3513253  -6.38614896 -6.36961482 -6.29531327 -6.57543023
  -6.56044818 -6.64430001 -6.5897444  -6.616838   -6.75957382 -6.7306317
  -6.72519549 -6.86133336 -6.73354508 -6.82549447 -6.87827906 -6.92296095
  -6.80931984 -6.93508794 -6.91806612 -6.89039435 -6.91686139 -6.98241082
  -7.00477917 -7.00012746 -7.06707272 -7.03379371]
 [-2.85493052 -3.52003999 -4.13659218 -4.62045191 -4.69955419 -4.98463876
  -5.11944379 -5.34136227 -5.53019364 -5.69467032 -5.78715461 -5.94563771
  -5.77354134 -6.01581769 -6.03599254 -5.79375264 -6.17185148 -6.14994039
  -6.14581482 -6.16493037 -6.26052804 -6.33810212 -6.3188203  -6.41797448
  -6.38476186 -6.4997632  -6.47722062 -6.35582787 -6.45959402 -6.44721208
  -6.44478335 -6.52276059 -6.56212621 -6.66041068 -6.67280063 -6.61699482
  -6.67819891 -6.63908553 -6.50239461 -6.70402655]
 [-2.58423534 -3.50891205 -3.93831649 -4.41074132 -4.46152929 -4.8005047
  -4.97440462 -5.25027854 -5.14016864 -5.01168856 -5.22765009 -5.26363008
  -5.28377892 -5.12394512 -5.40113084 -5.50080098 -5.4841992  -5.19095547
  -5.5062828  -5.50127659 -5.46475926 -5.63654107 -5.58253482 -5.53505647
  -5.67111637 -5.75108763 -5.5876358  -5.87495568 -5.71595826 -5.66857825
  -5.86925974 -5.83026522 -5.66027792 -5.79374418 -5.71706611 -5.49611048
  -5.81339069 -6.03767178 -5.81455718 -5.69836135]
 [-2.33321891 -3.08216859 -3.45829971 -3.53797734 -3.43660747 -3.49280984
  -3.46671885 -3.15234735 -3.08672751 -3.16411782 -2.87536675 -3.00016545
  -2.90223744 -2.87352388 -3.00690408 -2.93467243 -2.80304288 -2.96266239
  -2.72563798 -2.85882754 -2.76521119 -2.80735798 -2.65587241 -2.6417557
  -2.76360599 -2.74548842 -2.73777895 -2.74307214 -2.59016218 -2.60885418
  -2.74429487 -2.61073816 -2.60979951 -2.60509841 -2.63034084 -2.51093198
  -2.67603842 -2.51017764 -2.55822908 -2.4101679 ]
 [-2.47877638 -2.92583358 -2.85851692 -2.7528448  -2.44168147 -2.42503278
  -2.10711549 -2.20617428 -2.18201115 -2.21883604 -2.11260582 -2.02109985
  -2.06239245 -1.99868523 -1.97673878 -1.960671   -2.04850271 -1.86136723
  -1.94540788 -1.95650655 -1.95844111 -1.95820877 -1.93875461 -2.0063408
  -1.90172214 -1.88133494 -1.90825982 -1.92384864 -1.8199579  -1.91993174
  -1.94225721 -1.93261185 -1.8762394  -1.95245437 -1.86252372 -1.88792066
  -1.89823311 -1.90520293 -1.9278083  -1.87832953]
 [-2.0564264  -1.76753006 -1.54328809 -1.33516016 -1.43642793 -1.18707892
  -1.30131378 -1.1906217  -1.17253476 -1.17833531 -1.13347842 -1.14119201
  -1.10946323 -1.16201047 -1.15390155 -1.13525557 -1.14786806 -1.16101535
  -1.15521426 -1.10129809 -1.17018593 -1.12614082 -1.07363912 -1.08420952
  -1.1320536  -1.10908573 -1.13484317 -1.09547431 -1.11962323 -1.0746256
  -1.07961021 -1.14409557 -1.03834707 -1.15515682 -1.18298771 -1.10633991
  -1.07097969 -1.11391756 -1.12852086 -1.07759508]]
