args:  Namespace(attack='fgsm', l2=0.05, ndim=1)
lin_fgsm_1D_5_model.pt
elapsed time: 6593.698321669
mins: [[-1.03453493 -1.03453493 -1.03453493 -1.03453493 -1.03453493 -1.03453493
  -1.03453493 -1.03453493 -1.03453493 -1.03453493 -1.03453493 -1.03453493
  -1.03453493 -1.03453493 -1.03453493 -1.03453493 -1.03453493 -1.03453493
  -1.03453493 -1.03453493 -1.03453493 -1.03453493 -1.03453493 -1.03453493
  -1.03453493 -1.03453493 -1.03453493 -1.03453493 -1.03453493 -1.03453493
  -1.03453493 -1.03453493 -1.03453493 -1.03453493 -1.03453493 -1.03453493
  -1.03453493 -1.03453493 -1.03453493 -1.03453493]
 [-1.03453493 -1.03453493 -1.03453493 -1.03453493 -1.03453493 -1.03453493
  -1.03453493 -1.03453493 -1.03453493 -1.03453493 -1.03453493 -1.03453493
  -1.03453493 -1.03453493 -1.03453493 -1.03453493 -1.03453493 -1.03453493
  -1.03453493 -1.03453493 -1.03453493 -1.03453493 -1.03453493 -1.03453493
  -1.03453493 -1.03453493 -1.03453493 -1.03453493 -1.03453493 -1.03453493
  -1.03453493 -1.03453493 -1.03453493 -1.03453493 -1.03453493 -1.03453493
  -1.03453493 -1.03453493 -1.03453493 -1.03453493]
 [-1.03453493 -1.03453493 -1.03453493 -1.03453493 -1.03453493 -1.03453493
  -1.03453493 -1.03453493 -1.03453493 -1.03453493 -1.03453493 -1.03453493
  -1.03453493 -1.03453493 -1.03453493 -1.03453493 -1.03453493 -1.03453493
  -1.03453493 -1.03453493 -1.03453493 -1.03453493 -1.03453493 -1.03453493
  -1.03453493 -1.03453493 -1.03453493 -1.03453493 -1.03453493 -1.03453493
  -1.03453493 -1.03453493 -1.03453493 -1.03453493 -1.03453493 -1.03453493
  -1.03453493 -1.03453493 -1.03453493 -1.03453493]
 [-1.03453493 -1.03453493 -1.03453493 -1.03453493 -1.03453493 -1.03453493
  -1.03453493 -1.03453493 -1.03453493 -1.03453493 -1.03453493 -1.03453493
  -1.03453493 -1.03453493 -1.03453493 -1.03453493 -1.03453493 -1.03453493
  -1.03453493 -1.03453493 -1.03453493 -1.03453493 -1.03453493 -1.03453493
  -1.03453493 -1.03453493 -1.03453493 -1.03453493 -1.03453493 -1.03453493
  -1.03453493 -1.03453493 -1.03453493 -1.03453493 -1.03453493 -1.03453493
  -1.03453493 -1.03453493 -1.03453493 -1.03453493]
 [-1.03453493 -1.03453493 -1.03453493 -1.03453493 -1.03453493 -1.03453493
  -1.03453493 -1.03453493 -1.03453493 -1.03453493 -1.03453493 -1.03453493
  -1.03453493 -1.03453493 -1.03453493 -1.03453493 -1.03453493 -1.03453493
  -1.03453493 -1.03453493 -1.03453493 -1.03453493 -1.03453493 -1.03453493
  -1.03453493 -1.03453493 -1.03453493 -1.03453493 -1.03453493 -1.03453493
  -1.03453493 -1.03453493 -1.03453493 -1.03453493 -1.03453493 -1.03453493
  -1.03453493 -1.03453493 -1.03453493 -1.03453493]
 [-1.03453493 -1.03453493 -1.03453493 -1.03453493 -1.03453493 -1.03453493
  -1.03453493 -1.03453493 -1.03453493 -1.03453493 -1.03453493 -1.03453493
  -1.03453493 -1.03453493 -1.03453493 -1.03453493 -1.03453493 -1.03453493
  -1.03453493 -1.03453493 -1.03453493 -1.03453493 -1.03453493 -1.03453493
  -1.03453493 -1.03453493 -1.03453493 -1.03453493 -1.03453493 -1.03453493
  -1.03453493 -1.03453493 -1.03453493 -1.03453493 -1.03453493 -1.03453493
  -1.03453493 -1.03453493 -1.03453493 -1.03453493]
 [-1.03453493 -1.03453493 -1.03453493 -1.03453493 -1.03453493 -1.03453493
  -1.03453493 -1.03453493 -1.03453493 -1.03453493 -1.03453493 -1.03453493
  -1.03453493 -1.03453493 -1.03453493 -1.03453493 -1.03453493 -1.03453493
  -1.03453493 -1.03453493 -1.03453493 -1.03453493 -1.03453493 -1.03453493
  -1.03453493 -1.03453493 -1.03453493 -1.03453493 -1.03453493 -1.03453493
  -1.03453493 -1.03453493 -1.03453493 -1.03453493 -1.03453493 -1.03453493
  -1.03453493 -1.03453493 -1.03453493 -1.03453493]
 [-1.03453493 -1.03453493 -1.03453493 -1.03453493 -1.03453493 -1.03453493
  -1.03453493 -1.03453493 -1.03453493 -1.03453493 -1.03453493 -1.03453493
  -1.03453493 -1.03453493 -1.03453493 -1.03453493 -1.03453493 -1.03453493
  -1.03453493 -1.03453493 -1.03453493 -1.03453493 -1.03453493 -1.03453493
  -1.03453493 -1.03453493 -1.03453493 -1.03453493 -1.03453493 -1.03453493
  -1.03453493 -1.03453493 -1.03453493 -1.03453493 -1.03453493 -1.03453493
  -1.03453493 -1.03453493 -1.03453493 -1.03453493]
 [-1.03453493 -1.03453493 -1.03453493 -1.03453493 -1.03453493 -1.03453493
  -1.03453493 -1.03453493 -1.03453493 -1.03453493 -1.03453493 -1.03453493
  -1.03453493 -1.03453493 -1.03453493 -1.03453493 -1.03453493 -1.03453493
  -1.03453493 -1.03453493 -1.03453493 -1.03453493 -1.03453493 -1.03453493
  -1.03453493 -1.03453493 -1.03453493 -1.03453493 -1.03453493 -1.03453493
  -1.03453493 -1.03453493 -1.03453493 -1.03453493 -1.03453493 -1.03453493
  -1.03453493 -1.03453493 -1.03453493 -1.03453493]
 [-1.03453493 -1.03453493 -1.03453493 -1.03453493 -1.03453493 -1.03453493
  -1.03453493 -1.03453493 -1.03453493 -1.03453493 -1.03453493 -1.03453493
  -1.03453493 -1.03453493 -1.03453493 -1.03453493 -1.03453493 -1.03453493
  -1.03453493 -1.03453493 -1.03453493 -1.03453493 -1.03453493 -1.03453493
  -1.03453493 -1.03453493 -1.03453493 -1.03453493 -1.03453493 -1.03453493
  -1.03453493 -1.03453493 -1.03453493 -1.03453493 -1.03453493 -1.03453493
  -1.03453493 -1.03453493 -1.03453493 -1.03453493]
 [-1.03453493 -1.03453493 -1.03453493 -1.03453493 -1.03453493 -1.03453493
  -1.03453493 -1.03453493 -1.03453493 -1.03453493 -1.03453493 -1.03453493
  -1.03453493 -1.03453493 -1.03453493 -1.03453493 -1.03453493 -1.03453493
  -1.03453493 -1.03453493 -1.03453493 -1.03453493 -1.03453493 -1.03453493
  -1.03453493 -1.03453493 -1.03453493 -1.03453493 -1.03453493 -1.03453493
  -1.03453493 -1.03453493 -1.03453493 -1.03453493 -1.03453493 -1.03453493
  -1.03453493 -1.03453493 -1.03453493 -1.03453493]
 [-1.03453493 -1.03453493 -1.03453493 -1.03453493 -1.03453493 -1.03453493
  -1.03453493 -1.03453493 -1.03453493 -1.03453493 -1.03453493 -1.03453493
  -1.03453493 -1.03453493 -1.03453493 -1.03453493 -1.03453493 -1.03453493
  -1.03453493 -1.03453493 -1.03453493 -1.03453493 -1.03453493 -1.03453493
  -1.03453493 -1.03453493 -1.03453493 -1.03453493 -1.03453493 -1.03453493
  -1.03453493 -1.03453493 -1.03453493 -1.03453493 -1.03453493 -1.03453493
  -1.03453493 -1.03453493 -1.03453493 -1.03453493]
 [-1.03453493 -1.03453493 -1.03453493 -1.03453493 -1.03453493 -1.03453493
  -1.03453493 -1.03453493 -1.03453493 -1.03453493 -1.03453493 -1.03453493
  -1.03453493 -1.03453493 -1.03453493 -1.03453493 -1.03453493 -1.03453493
  -1.03453493 -1.03453493 -1.03453493 -1.03453493 -1.03453493 -1.03453493
  -1.03453493 -1.03453493 -1.03453493 -1.03453493 -1.03453493 -1.03453493
  -1.03453493 -1.03453493 -1.03453493 -1.03453493 -1.03453493 -1.03453493
  -1.03453493 -1.03453493 -1.03453493 -1.03453493]
 [-1.03453493 -1.03453493 -1.03453493 -1.03453493 -1.03453493 -1.03453493
  -1.03453493 -1.03453493 -1.03453493 -1.03453493 -1.03453493 -1.03453493
  -1.03453493 -1.03453493 -1.03453493 -1.03453493 -1.03453493 -1.03453493
  -1.03453493 -1.03453493 -1.03453493 -1.03453493 -1.03453493 -1.03453493
  -1.03453493 -1.03453493 -1.03453493 -1.03453493 -1.03453493 -1.03453493
  -1.03453493 -1.03453493 -1.03453493 -1.03453493 -1.03453493 -1.03453493
  -1.03453493 -1.03453493 -1.03453493 -1.03453493]
 [-1.03453493 -1.03453493 -1.03453493 -1.03453493 -1.03453493 -1.03453493
  -1.03453493 -1.03453493 -1.03453493 -1.03453493 -1.03453493 -1.03453493
  -1.03453493 -1.03453493 -1.03453493 -1.03453493 -1.03453493 -1.03453493
  -1.03453493 -1.03453493 -1.03453493 -1.03453493 -1.03453493 -1.03453493
  -1.03453493 -1.03453493 -1.03453493 -1.03453493 -1.03453493 -1.03453493
  -1.03453493 -1.03453493 -1.03453493 -1.03453493 -1.03453493 -1.03453493
  -1.03453493 -1.03453493 -1.03453493 -1.03453493]
 [-1.03453493 -1.03453493 -1.03453493 -1.03453493 -1.03453493 -1.03453493
  -1.03453493 -1.03453493 -1.03453493 -1.03453493 -1.03453493 -1.03453493
  -1.03453493 -1.03453493 -1.03453493 -1.03453493 -1.03453493 -1.03453493
  -1.03453493 -1.03453493 -1.03453493 -1.03453493 -1.03453493 -1.03453493
  -1.03453493 -1.03453493 -1.03453493 -1.03453493 -1.03453493 -1.03453493
  -1.03453493 -1.03453493 -1.03453493 -1.03453493 -1.03453493 -1.03453493
  -1.03453493 -1.03453493 -1.03453493 -1.03453493]
 [-1.03453493 -1.03453493 -1.03453493 -1.03453493 -1.03453493 -1.03453493
  -1.03453493 -1.03453493 -1.03453493 -1.03453493 -1.03453493 -1.03453493
  -1.03453493 -1.03453493 -1.03453493 -1.03453493 -1.03453493 -1.03453493
  -1.03453493 -1.03453493 -1.03453493 -1.03453493 -1.03453493 -1.03453493
  -1.03453493 -1.03453493 -1.03453493 -1.03453493 -1.03453493 -1.03453493
  -1.03453493 -1.03453493 -1.03453493 -1.03453493 -1.03453493 -1.03453493
  -1.03453493 -1.03453493 -1.03453493 -1.03453493]]
maxs: [[ 1.03453493  1.03453493  1.03453493  1.03453493  1.03453493  1.03453493
   1.03453493  1.03453493  1.03453493  1.03453493  1.03453493  1.03453493
   1.03453493  1.03453493  1.03453493  1.03453493  1.03453493  1.03453493
   1.03453493  1.03453493  1.03453493  1.03453493 -1.03453493  1.03453493
   1.03453493  1.03453493  1.03453493  1.03453493 -1.03453493  1.03453493
   1.03453493 -1.03453493 -1.03453493 -1.03453493  1.03453493 -1.03453493
  -1.03453493 -1.03453493 -1.03453493 -1.03453493]
 [ 1.03453493  1.03453493  1.03453493  1.03453493  1.03453493  1.03453493
   1.03453493  1.03453493  1.03453493  1.03453493  1.03453493  1.03453493
   1.03453493  1.03453493  1.03453493  1.03453493  1.03453493  1.03453493
   1.03453493  1.03453493  1.03453493  1.03453493  1.03453493  0.5676412
   0.56882304 -0.21897073  1.03453493  1.03453493  0.8227886   0.45468822
  -0.60032535 -1.03453493  0.55585676 -0.85451669 -1.03453493  0.36064193
  -1.03453493 -0.46331301 -1.03453493  0.73728102]
 [ 1.03453493  1.03453493  1.03453493  1.03453493  1.03453493  1.03453493
   1.03453493  1.03453493  1.03453493  1.03453493  1.03453493  1.03453493
   1.03453493  1.03453493  1.03453493  1.03453493  1.03453493  1.03453493
   0.79440463  0.97261399  1.03453493  1.03453493  1.03453493  1.03453493
   1.03453493  1.03453493 -1.03453493  1.03453493  0.69138092  0.27140972
   0.87005293  0.64962929  0.05182503 -0.06892786  0.75385553  0.20595379
   1.03453493  0.9893589  -1.03453493 -1.03453493]
 [ 1.03453493  1.03453493  1.03453493  1.03453493  1.03453493  1.03453493
   1.03453493  1.03453493  1.03453493  1.03453493  1.03453493  1.03453493
   1.03453493  1.03453493  1.03453493  1.03453493  1.03453493  0.97934425
   1.03453493  0.97534263  1.03453493  1.03453493  1.03453493  1.03453493
   1.03453493  1.03453493  0.83530784  0.59575063  0.76516557  1.00494194
   1.02651107  1.02880585  0.1733281   0.07827663  1.03453493  0.41107479
   0.37092513 -0.09709963  0.87400419  0.74799991]
 [ 1.03453493  1.03453493  1.03453493  1.03453493  1.03453493  1.03453493
   1.03453493  1.03453493  1.03453493  1.03453493  1.03453493  1.03453493
   1.03453493  1.03453493  1.03453493  1.03453493  1.03453493  1.03453493
   1.03453493  1.03453493  1.03453493  1.03453493  0.73490888  1.03453493
   1.03453493  1.03453493  1.03453493  1.03453493  1.03453493  1.03453493
   1.03453493  0.62436426  0.86163086  0.30910575  1.03453493  0.99045682
   0.44804531  0.24325991  0.777026    1.03453493]
 [ 1.03453493  1.03453493  1.03453493  1.03453493  1.03453493  1.03453493
   1.03453493  1.03453493  1.03453493  1.03453493  1.03453493  1.03453493
   1.03453493  1.03453493  1.03453493  0.86826825  1.03453493  1.03453493
   1.03453493  1.03453493  1.03453493  1.03453493  1.03453493  1.03453493
   1.03453493  1.03453493  0.89761329  1.03453493  1.03453493  0.92748189
   1.03453493  0.80144292  1.03453493  1.03453493  0.93755335  0.05436145
   0.47534257  1.03453493  0.13401273  1.03453493]
 [ 1.03453493  1.03453493  1.03453493  1.03453493  1.03453493  1.03453493
   1.03453493  1.03453493  1.03453493  1.03453493  1.03453493  1.03453493
   1.03453493  1.03453493  1.03453493  1.03453493  1.03453493  1.03453493
   1.03453493  1.03453493  0.99605668  1.03453493  1.03453493  1.03453493
   1.03453493  1.03453493  0.91949028  1.03453493  1.03453493  1.03453493
   1.03453493  1.03453493  1.03453493  0.74929583  0.86252749  0.9891789
   0.70202619  1.03453493  0.97525734  1.03453493]
 [ 1.03453493  1.03453493  1.03453493  1.03453493  1.03453493  1.03453493
   1.03453493  1.03453493  1.03453493  1.03453493  1.03453493  1.03453493
   1.03453493  1.03453493  1.03453493  1.03453493  1.03453493  1.03453493
   1.03453493  1.03453493  1.03453493  1.03453493  1.03453493  1.03453493
   1.03453493  1.03453493  0.91966146  1.03453493  1.03453493  0.93984169
   1.03453493  1.03453493  0.99581027  0.89681673  1.03453493  1.03453493
   0.39612049  0.76847219  1.03453493  0.9469797 ]
 [ 1.03453493  1.03453493  1.03453493  1.03453493  1.03453493  1.03453493
   1.03453493  1.03453493  1.03453493  1.03453493  1.03453493  1.03453493
   1.03453493  1.03453493  1.03453493  1.03453493  1.03453493  1.03453493
   1.03453493  0.87883049  1.03453493  1.03453493  1.03453493  1.03453493
   1.03453493  1.03453493  1.03453493  1.03453493  1.03453493  1.03453493
   0.87283671  1.03453493  1.03453493  0.27007058  1.03453493  1.03453493
   0.97417235  1.03453493  1.03453493  1.03453493]
 [ 1.03453493  1.03453493  1.03453493  1.03453493  1.03453493  1.03453493
   1.03453493  1.03453493  1.03453493  1.03453493  1.03453493  1.03453493
   1.03453493  1.03453493  1.03453493  1.03453493  1.03453493  1.03453493
   1.03453493  1.03453493  1.03453493  1.03453493  1.03453493  1.03453493
   1.03453493  1.03453493  1.03453493  1.03453493  1.03453493  1.03453493
   1.03453493  1.03453493  1.03453493  1.03453493  1.03453493  1.03453493
   1.03453493  0.71762711  0.37552938  1.03453493]
 [ 1.03453493  1.03453493  1.03453493  1.03453493  1.03453493  1.03453493
   1.03453493  1.03453493  1.03453493  1.03453493  1.03453493  1.03453493
   1.03453493  1.03453493  1.03453493  1.03453493  1.03453493  1.03453493
   1.03453493  1.03453493  1.03453493  1.03453493  1.03453493  1.03453493
   1.03453493  1.03453493  1.03453493  1.03453493  1.03453493  1.03453493
   1.03453493  1.03453493  1.03453493  1.03453493  1.03453493  1.03453493
   1.03453493  1.03453493  1.03453493  1.03453493]
 [ 1.03453493  1.03453493  1.03453493  1.03453493  1.03453493  1.03453493
   1.03453493  1.03453493  1.03453493  1.03453493  1.03453493  1.03453493
   1.03453493  1.03453493  1.03453493  1.03453493  1.03453493  1.03453493
   1.03453493  1.03453493  1.03453493  1.03453493  1.03453493  1.03453493
   1.01840007  1.03453493  1.03453493  1.03453493  1.03453493  1.03453493
   1.03453493  1.03453493  1.03453493  1.03453493  1.03453493  0.88569868
   1.03453493  1.03453493  1.03453493  1.03453493]
 [ 1.03453493  1.03453493  1.03453493  1.03453493  1.03453493  1.03453493
   1.03453493  1.03453493  1.03453493  1.03453493  1.03453493  1.03453493
   1.03453493  1.03453493  1.03453493  1.03453493  1.03453493  1.03453493
   1.03453493  1.03453493  1.03453493  1.03453493  1.03453493  1.03453493
   1.03453493  1.03453493  1.03453493  1.03453493  1.03453493  1.03453493
   1.03453493  1.03453493  1.03453493  1.03453493  1.03453493  1.03453493
   1.03453493  1.03453493  1.03453493  1.03453493]
 [ 1.03453493  1.03453493  1.03453493  1.03453493  1.03453493  1.03453493
   1.03453493  1.03453493  1.03453493  1.03453493  1.03453493  1.03453493
   1.03453493  1.03453493  1.03453493  1.03453493  1.03453493  1.03453493
   1.03453493  1.03453493  1.03453493  1.03453493  1.03453493  1.03453493
   1.03453493  1.03453493  1.03453493  1.03453493  1.03453493  1.03453493
   1.03453493  1.03453493  1.03453493  1.03453493  1.03453493  1.03453493
   1.03453493  1.03453493  1.03453493  1.03453493]
 [ 1.03453493  1.03453493  1.03453493  1.03453493  1.03453493  1.03453493
   1.03453493  1.03453493  1.03453493  1.03453493  1.03453493  1.03453493
   1.03453493  1.03453493  1.03453493  1.03453493  1.03453493  1.03453493
   1.03453493  1.03453493  1.03453493  1.03453493  1.03453493  1.03453493
   1.03453493  1.03453493  1.03453493  1.03453493  1.03453493  1.03453493
   1.03453493  1.03453493  1.03453493  1.03453493  1.03453493  1.03453493
   1.03453493  1.03453493  1.03453493  1.03453493]
 [ 1.03453493  1.03453493  1.03453493  1.03453493  1.03453493  1.03453493
   1.03453493  1.03453493  1.03453493  1.03453493  1.03453493  1.03453493
   1.03453493  1.03453493  1.03453493  1.03453493  1.03453493  1.03453493
   1.03453493  1.03453493  1.03453493  1.03453493  1.03453493  1.03453493
   1.03453493  1.03453493  1.03453493  1.03453493  1.03453493  1.03453493
   1.03453493  1.03453493  1.03453493  1.03453493  1.03453493  1.03453493
   1.03453493  1.03453493  1.03453493  1.03453493]
 [ 1.03453493  1.03453493  1.03453493  1.03453493  1.03453493  1.03453493
   1.03453493  1.03453493  1.03453493  1.03453493  1.03453493  1.03453493
   1.03453493  1.03453493  1.03453493  1.03453493  1.03453493  1.03453493
   1.03453493  1.03453493  1.03453493  1.03453493  1.03453493  1.03453493
   1.03453493  1.03453493  1.03453493  1.03453493  1.03453493  1.03453493
   1.03453493  1.03453493  1.03453493  1.03453493  1.03453493  1.03453493
   1.03453493  1.03453493  1.03453493  1.03453493]]
test_losses: [[-0.36786677 -0.60577316 -0.72650986 -0.67589616 -0.80693725 -0.84831864
  -0.82762794 -0.85521554 -0.89854325 -0.91039074 -0.95177214 -0.93797834
  -0.90349384 -0.95866904 -0.94487524 -1.01384423 -0.99445539 -1.00809778
  -1.00005043 -1.01194148 -1.01384423 -1.01384423 -1.03453493 -1.02074113
  -1.02763803 -1.01384423 -1.02763803 -1.02763803 -1.03453493 -1.01384423
  -1.02763803 -1.03453493 -1.03453493 -1.03453493 -1.02074113 -1.03453493
  -1.03453493 -1.03453493 -1.03453493 -1.03453493]
 [-0.44283481 -0.59140757 -0.7473058  -0.72518602 -0.82832304 -0.83323289
  -0.82991086 -0.91488343 -0.85647309 -0.89041173 -0.94391649 -0.92086934
  -0.9454204  -0.94154836 -0.95989834 -0.98372894 -0.99008029 -0.99349853
  -0.99075572 -1.00003078 -1.01127185 -1.00464269 -1.014823   -1.02495907
  -1.02551716 -1.03073712 -1.01840765 -1.02264529 -1.02102317 -1.02235531
  -1.03174861 -1.03453493 -1.01343995 -1.03393487 -1.03453493 -1.02885765
  -1.03453493 -1.03214924 -1.03453493 -1.02283448]
 [-0.39921445 -0.56710172 -0.63982582 -0.76367459 -0.74645796 -0.78821367
  -0.85990952 -0.86460363 -0.88446462 -0.89314838 -0.9399444  -0.941128
  -0.95943066 -0.93614221 -0.96227036 -0.9379743  -0.98587975 -0.97092266
  -1.00364228 -0.99582423 -0.98557574 -1.00624539 -1.01825713 -0.99800584
  -0.99948248 -1.01813469 -1.03453493 -1.02145021 -1.02123337 -1.02027354
  -1.02277887 -1.01092953 -1.03079587 -1.029454   -1.02742457 -1.02812748
  -1.02635539 -1.02778862 -1.03453493 -1.03453493]
 [-0.33398651 -0.55897456 -0.57016021 -0.75698077 -0.7604246  -0.73287788
  -0.80425229 -0.82623151 -0.84065547 -0.84632895 -0.90827107 -0.92216271
  -0.91272357 -0.94512922 -0.94542753 -0.95333134 -0.9622141  -0.97231535
  -0.97100272 -0.97609128 -0.99291156 -0.98115093 -0.974666   -0.98379389
  -0.99723244 -1.00841341 -1.01320875 -1.01211117 -1.01083214 -1.01187992
  -1.00112511 -0.99863203 -1.02506837 -1.02632868 -1.01879909 -1.02287709
  -1.02856288 -1.03141015 -1.02545643 -1.02859315]
 [-0.36396068 -0.49341328 -0.55825202 -0.65490808 -0.65818826 -0.72883466
  -0.81189725 -0.81676405 -0.81073579 -0.85074361 -0.84473168 -0.89076697
  -0.90458341 -0.9499279  -0.97321844 -0.9302326  -0.95586857 -0.96626351
  -0.98530864 -0.96441966 -0.97379887 -0.95424365 -1.00389697 -0.97108907
  -0.9747072  -0.96821352 -0.98670029 -0.99801597 -0.98959623 -0.99716982
  -1.01215288 -1.02449096 -1.01484106 -1.02069515 -1.0207247  -1.01863771
  -1.02494808 -1.02788914 -1.01682965 -1.02119957]
 [-0.41758142 -0.52720717 -0.48721704 -0.59887526 -0.66703617 -0.74965997
  -0.75471125 -0.8219894  -0.85028131 -0.86555228 -0.85268346 -0.9442585
  -0.84427736 -0.92615428 -0.92625663 -0.94532029 -0.94200427 -0.97769128
  -0.93807961 -0.92722495 -0.97289682 -0.96687243 -0.98857584 -0.98852228
  -0.96209817 -0.9972212  -0.99907717 -0.99800005 -1.00211107 -0.99425461
  -1.0116172  -0.98889862 -1.02010622 -1.01624663 -1.00675563 -1.02899929
  -1.02162364 -1.01766559 -1.03014046 -1.0114417 ]
 [-0.41534746 -0.50717521 -0.52125028 -0.69763851 -0.68329283 -0.7375132
  -0.75163818 -0.79992958 -0.87301192 -0.84745742 -0.8912808  -0.89876994
  -0.92122986 -0.89437343 -0.95975508 -0.96110721 -0.92724729 -0.93022166
  -0.91965784 -0.97486114 -0.96535238 -0.99363514 -0.91246791 -0.96521218
  -0.96933497 -0.99915138 -1.01035215 -1.00021344 -0.98388551 -1.00200461
  -1.00506597 -0.9983685  -0.99070788 -1.01052885 -1.02205659 -1.01590691
  -1.01782166 -1.014172   -1.007458   -1.00094706]
 [-0.34642903 -0.42930932 -0.53599794 -0.65170843 -0.68911114 -0.72242959
  -0.81099257 -0.7795631  -0.79626786 -0.85360326 -0.88787136 -0.8486194
  -0.8835181  -0.89081069 -0.89331905 -0.88422535 -0.916208   -0.90307765
  -0.93486872 -0.96650285 -0.95381914 -0.94719232 -0.95564284 -0.93470208
  -0.97476645 -0.95679743 -0.99931995 -0.97520219 -1.00553697 -1.00687353
  -0.96748608 -1.01026171 -1.01131475 -0.98608571 -0.99444206 -1.00658919
  -1.01104178 -1.010984   -1.01146876 -1.00992279]
 [-0.30326343 -0.53133185 -0.64287179 -0.6757563  -0.66971678 -0.78004415
  -0.73739936 -0.76096836 -0.82334644 -0.87655185 -0.85478754 -0.8505983
  -0.8858486  -0.88351135 -0.90450738 -0.8907795  -0.91397448 -0.9170757
  -0.92343462 -0.97789441 -0.95031691 -0.95158375 -0.95334108 -0.94816384
  -0.97862416 -0.97750228 -0.97070557 -0.98136065 -0.9845581  -0.99282249
  -0.98971511 -0.99406179 -1.00024792 -1.01422941 -0.96591094 -0.97974591
  -1.02617373 -0.97196775 -0.99701467 -0.99711365]
 [-0.41404125 -0.50663322 -0.59397948 -0.62766521 -0.71003722 -0.74138703
  -0.76853071 -0.82595635 -0.81849161 -0.84133352 -0.90946889 -0.87598806
  -0.84667844 -0.86359398 -0.86579561 -0.92113305 -0.89747614 -0.92537981
  -0.95221145 -0.92677261 -0.92226124 -0.95517317 -0.93465953 -0.96722056
  -0.96817665 -0.95799802 -0.98826899 -0.95590093 -0.92831    -0.97310475
  -0.97225344 -0.95863289 -0.96355513 -0.99617448 -0.99041415 -0.97779404
  -0.99843976 -1.0058183  -1.01778693 -1.00683831]
 [-0.32781323 -0.50685612 -0.60527463 -0.5832803  -0.71705713 -0.72720627
  -0.76885652 -0.72415517 -0.76138107 -0.80835335 -0.82083933 -0.8236648
  -0.86500809 -0.84831793 -0.86832329 -0.89458108 -0.88926542 -0.91066944
  -0.87262509 -0.9293235  -0.93668425 -0.89380385 -0.91915531 -0.94898352
  -0.96758174 -0.94090238 -0.96387189 -0.95230154 -0.95440498 -0.95055365
  -0.92370808 -0.97219979 -0.9896675  -0.94129934 -0.94390766 -0.97624311
  -0.98017955 -0.975889   -1.00169211 -0.99251215]
 [-0.35918635 -0.51773362 -0.51976132 -0.5638379  -0.67574991 -0.70027905
  -0.74856125 -0.72424968 -0.85211242 -0.78924675 -0.84155022 -0.85919351
  -0.88530497 -0.81249365 -0.91153398 -0.86906104 -0.90257037 -0.9300002
  -0.87708703 -0.92488171 -0.93938307 -0.91100471 -0.9269538  -0.90539298
  -0.97355399 -0.94040359 -0.9374298  -0.97808236 -0.96073856 -0.95416607
  -0.97680813 -0.96937364 -0.97790306 -0.9615029  -0.97606581 -0.97936522
  -0.97374522 -0.98286458 -0.95637207 -0.96962245]
 [-0.39434706 -0.50952241 -0.57562565 -0.58230003 -0.64997429 -0.69474372
  -0.76840052 -0.7425145  -0.75341145 -0.86150059 -0.842348   -0.83573304
  -0.83103611 -0.83268777 -0.87275614 -0.84798066 -0.87256028 -0.87655847
  -0.90588821 -0.90745261 -0.93442848 -0.9294277  -0.91628216 -0.96440485
  -0.9498614  -0.95478987 -0.92856031 -0.9303016  -0.94909491 -0.96779557
  -0.9621674  -0.94509335 -0.94841112 -0.92131573 -0.94265908 -0.90904762
  -0.97871263 -0.95299968 -0.96273264 -0.9765555 ]
 [-0.25370746 -0.42141181 -0.56650256 -0.49693562 -0.67234807 -0.72376246
  -0.67065983 -0.6901762  -0.70240308 -0.70198427 -0.76294517 -0.75995577
  -0.79858087 -0.75161568 -0.71146357 -0.7602667  -0.79553218 -0.82818814
  -0.7463143  -0.81567202 -0.83222784 -0.83889295 -0.92021017 -0.83307835
  -0.81514253 -0.83853284 -0.84498444 -0.87303495 -0.86396648 -0.87589507
  -0.84463002 -0.85795511 -0.85888294 -0.86277516 -0.8416888  -0.845745
  -0.8468642  -0.8739545  -0.88451405 -0.83957358]
 [-0.36144531 -0.33024882 -0.53571139 -0.49947626 -0.66064832 -0.60505849
  -0.65544612 -0.64764426 -0.74474011 -0.64733169 -0.64774378 -0.68684128
  -0.66631255 -0.69712912 -0.71739243 -0.72297007 -0.7830632  -0.78892709
  -0.6833726  -0.75316286 -0.79226551 -0.73181523 -0.75426497 -0.80035941
  -0.74208527 -0.78721914 -0.74069645 -0.72259884 -0.79501218 -0.77293395
  -0.7505973  -0.71778853 -0.78554192 -0.67001034 -0.73490925 -0.7842824
  -0.75850163 -0.79354922 -0.7656899  -0.7203149 ]
 [-0.35672696 -0.38804901 -0.47135345 -0.61498075 -0.58244172 -0.59854633
  -0.60427738 -0.64451741 -0.62227248 -0.56647315 -0.65349799 -0.64240259
  -0.6441436  -0.62939764 -0.60611574 -0.64468649 -0.67890779 -0.60833642
  -0.57705873 -0.68842748 -0.56547622 -0.70572108 -0.62310485 -0.49369631
  -0.63549376 -0.65192598 -0.67860834 -0.6855091  -0.58635016 -0.61972437
  -0.54116545 -0.63326032 -0.6625138  -0.57002037 -0.62794872 -0.67142907
  -0.58960225 -0.6073894  -0.56656126 -0.6287798 ]
 [-0.27606845 -0.41658408 -0.38166878 -0.49051351 -0.57970049 -0.54340439
  -0.54260625 -0.56362638 -0.51820358 -0.52815796 -0.55874944 -0.48156286
  -0.55027374 -0.51121935 -0.57977128 -0.51061606 -0.50031136 -0.45768526
  -0.47481923 -0.49679928 -0.46904092 -0.56030234 -0.44675601 -0.42583464
  -0.51662207 -0.42607645 -0.46963747 -0.40776915 -0.44181212 -0.42024412
  -0.38238908 -0.36658455 -0.44809433 -0.42004633 -0.46095637 -0.47503695
  -0.36736755 -0.43791148 -0.47178219 -0.4228297 ]]
