args:  Namespace(attack='fgsm', l2=5.0, ndim=1)
lin_fgsm_1D_500_model.pt
elapsed time: 6798.588340943
mins: [[-1.16262162 -1.16262162 -1.16262162 -1.16262162 -1.16262162 -1.16262162
  -1.16262162 -1.16262162 -1.16262162 -1.16262162 -1.16262162 -1.16262162
  -1.16262162 -1.16262162 -1.16262162 -1.16262162 -1.16262162 -1.16262162
  -1.16262162 -1.16262162 -1.16262162 -1.16262162 -1.16262162 -1.16262162
  -1.16262162 -1.16262162 -1.16262162 -1.16262162 -1.16262162 -1.16262162
  -1.16262162 -1.16262162 -1.16262162 -1.16262162 -1.16262162 -1.16262162
  -1.16262162 -1.16262162 -1.16262162 -1.16262162]
 [-1.16262162 -1.16262162 -1.16262162 -1.16262162 -1.16262162 -1.16262162
  -1.16262162 -1.16262162 -1.16262162 -1.16262162 -1.16262162 -1.16262162
  -1.16262162 -1.16262162 -1.16262162 -1.16262162 -1.16262162 -1.16262162
  -1.16262162 -1.16262162 -1.16262162 -1.16262162 -1.16262162 -1.16262162
  -1.16262162 -1.16262162 -1.16262162 -1.16262162 -1.16262162 -1.16262162
  -1.16262162 -1.16262162 -1.16262162 -1.16262162 -1.16262162 -1.16262162
  -1.16262162 -1.16262162 -1.16262162 -1.16262162]
 [-1.16262162 -1.16262162 -1.16262162 -1.16262162 -1.16262162 -1.16262162
  -1.16262162 -1.16262162 -1.16262162 -1.16262162 -1.16262162 -1.16262162
  -1.16262162 -1.16262162 -1.16262162 -1.16262162 -1.16262162 -1.16262162
  -1.16262162 -1.16262162 -1.16262162 -1.16262162 -1.16262162 -1.16262162
  -1.16262162 -1.16262162 -1.16262162 -1.16262162 -1.16262162 -1.16262162
  -1.16262162 -1.16262162 -1.16262162 -1.16262162 -1.16262162 -1.16262162
  -1.16262162 -1.16262162 -1.16262162 -1.16262162]
 [-1.16262162 -1.16262162 -1.16262162 -1.16262162 -1.16262162 -1.16262162
  -1.16262162 -1.16262162 -1.16262162 -1.16262162 -1.16262162 -1.16262162
  -1.16262162 -1.16262162 -1.16262162 -1.16262162 -1.16262162 -1.16262162
  -1.16262162 -1.16262162 -1.16262162 -1.16262162 -1.16262162 -1.16262162
  -1.16262162 -1.16262162 -1.16262162 -1.16262162 -1.16262162 -1.16262162
  -1.16262162 -1.16262162 -1.16262162 -1.16262162 -1.16262162 -1.16262162
  -1.16262162 -1.16262162 -1.16262162 -1.16262162]
 [-1.16262162 -1.16262162 -1.16262162 -1.16262162 -1.16262162 -1.16262162
  -1.16262162 -1.16262162 -1.16262162 -1.16262162 -1.16262162 -1.16262162
  -1.16262162 -1.16262162 -1.16262162 -1.16262162 -1.16262162 -1.16262162
  -1.16262162 -1.16262162 -1.16262162 -1.16262162 -1.16262162 -1.16262162
  -1.16262162 -1.16262162 -1.16262162 -1.16262162 -1.16262162 -1.16262162
  -1.16262162 -1.16262162 -1.16262162 -1.16262162 -1.16262162 -1.16262162
  -1.16262162 -1.16262162 -1.16262162 -1.16262162]
 [-1.16262162 -1.16262162 -1.16262162 -1.16262162 -1.16262162 -1.16262162
  -1.16262162 -1.16262162 -1.16262162 -1.16262162 -1.16262162 -1.16262162
  -1.16262162 -1.16262162 -1.16262162 -1.16262162 -1.16262162 -1.16262162
  -1.16262162 -1.16262162 -1.16262162 -1.16262162 -1.16262162 -1.16262162
  -1.16262162 -1.16262162 -1.16262162 -1.16262162 -1.16262162 -1.16262162
  -1.16262162 -1.16262162 -1.16262162 -1.16262162 -1.16262162 -1.16262162
  -1.16262162 -1.16262162 -1.16262162 -1.16262162]
 [-1.16262162 -1.16262162 -1.16262162 -1.16262162 -1.16262162 -1.16262162
  -1.16262162 -1.16262162 -1.16262162 -1.16262162 -1.16262162 -1.16262162
  -1.16262162 -1.16262162 -1.16262162 -1.16262162 -1.16262162 -1.16262162
  -1.16262162 -1.16262162 -1.16262162 -1.16262162 -1.16262162 -1.16262162
  -1.16262162 -1.16262162 -1.16262162 -1.16262162 -1.16262162 -1.16262162
  -1.16262162 -1.16262162 -1.16262162 -1.16262162 -1.16262162 -1.16262162
  -1.16262162 -1.16262162 -1.16262162 -1.16262162]
 [-1.16262162 -1.16262162 -1.16262162 -1.16262162 -1.16262162 -1.16262162
  -1.16262162 -1.16262162 -1.16262162 -1.16262162 -1.16262162 -1.16262162
  -1.16262162 -1.16262162 -1.16262162 -1.16262162 -1.16262162 -1.16262162
  -1.16262162 -1.16262162 -1.16262162 -1.16262162 -1.16262162 -1.16262162
  -1.16262162 -1.16262162 -1.16262162 -1.16262162 -1.16262162 -1.16262162
  -1.16262162 -1.16262162 -1.16262162 -1.16262162 -1.16262162 -1.16262162
  -1.16262162 -1.16262162 -1.16262162 -1.16262162]
 [-1.16262162 -1.16262162 -1.16262162 -1.16262162 -1.16262162 -1.16262162
  -1.16262162 -1.16262162 -1.16262162 -1.16262162 -1.16262162 -1.16262162
  -1.16262162 -1.16262162 -1.16262162 -1.16262162 -1.16262162 -1.16262162
  -1.16262162 -1.16262162 -1.16262162 -1.16262162 -1.16262162 -1.16262162
  -1.16262162 -1.16262162 -1.16262162 -1.16262162 -1.16262162 -1.16262162
  -1.16262162 -1.16262162 -1.16262162 -1.16262162 -1.16262162 -1.16262162
  -1.16262162 -1.16262162 -1.16262162 -1.16262162]
 [-1.16262162 -1.16262162 -1.16262162 -1.16262162 -1.16262162 -1.16262162
  -1.16262162 -1.16262162 -1.16262162 -1.16262162 -1.16262162 -1.16262162
  -1.16262162 -1.16262162 -1.16262162 -1.16262162 -1.16262162 -1.16262162
  -1.16262162 -1.16262162 -1.16262162 -1.16262162 -1.16262162 -1.16262162
  -1.16262162 -1.16262162 -1.16262162 -1.16262162 -1.16262162 -1.16262162
  -1.16262162 -1.16262162 -1.16262162 -1.16262162 -1.16262162 -1.16262162
  -1.16262162 -1.16262162 -1.16262162 -1.16262162]
 [-1.16262162 -1.16262162 -1.16262162 -1.16262162 -1.16262162 -1.16262162
  -1.16262162 -1.16262162 -1.16262162 -1.16262162 -1.16262162 -1.16262162
  -1.16262162 -1.16262162 -1.16262162 -1.16262162 -1.16262162 -1.16262162
  -1.16262162 -1.16262162 -1.16262162 -1.16262162 -1.16262162 -1.16262162
  -1.16262162 -1.16262162 -1.16262162 -1.16262162 -1.16262162 -1.16262162
  -1.16262162 -1.16262162 -1.16262162 -1.16262162 -1.16262162 -1.16262162
  -1.16262162 -1.16262162 -1.16262162 -1.16262162]
 [-1.16262162 -1.16262162 -1.16262162 -1.16262162 -1.16262162 -1.16262162
  -1.16262162 -1.16262162 -1.16262162 -1.16262162 -1.16262162 -1.16262162
  -1.16262162 -1.16262162 -1.16262162 -1.16262162 -1.16262162 -1.16262162
  -1.16262162 -1.16262162 -1.16262162 -1.16262162 -1.16262162 -1.16262162
  -1.16262162 -1.16262162 -1.16262162 -1.16262162 -1.16262162 -1.16262162
  -1.16262162 -1.16262162 -1.16262162 -1.16262162 -1.16262162 -1.16262162
  -1.16262162 -1.16262162 -1.16262162 -1.16262162]
 [-1.16262162 -1.16262162 -1.16262162 -1.16262162 -1.16262162 -1.16262162
  -1.16262162 -1.16262162 -1.16262162 -1.16262162 -1.16262162 -1.16262162
  -1.16262162 -1.16262162 -1.16262162 -1.16262162 -1.16262162 -1.16262162
  -1.16262162 -1.16262162 -1.16262162 -1.16262162 -1.16262162 -1.16262162
  -1.16262162 -1.16262162 -1.16262162 -1.16262162 -1.16262162 -1.16262162
  -1.16262162 -1.16262162 -1.16262162 -1.16262162 -1.16262162 -1.16262162
  -1.16262162 -1.16262162 -1.16262162 -1.16262162]
 [-1.16262162 -1.16262162 -1.16262162 -1.16262162 -1.16262162 -1.16262162
  -1.16262162 -1.16262162 -1.16262162 -1.16262162 -1.16262162 -1.16262162
  -1.16262162 -1.16262162 -1.16262162 -1.16262162 -1.16262162 -1.16262162
  -1.16262162 -1.16262162 -1.16262162 -1.16262162 -1.16262162 -1.16262162
  -1.16262162 -1.16262162 -1.16262162 -1.16262162 -1.16262162 -1.16262162
  -1.16262162 -1.16262162 -1.16262162 -1.16262162 -1.16262162 -1.16262162
  -1.16262162 -1.16262162 -1.16262162 -1.16262162]
 [-1.16262162 -1.16262162 -1.16262162 -1.16262162 -1.16262162 -1.16262162
  -1.16262162 -1.16262162 -1.16262162 -1.16262162 -1.16262162 -1.16262162
  -1.16262162 -1.16262162 -1.16262162 -1.16262162 -1.16262162 -1.16262162
  -1.16262162 -1.16262162 -1.16262162 -1.16262162 -1.16262162 -1.16262162
  -1.16262162 -1.16262162 -1.16262162 -1.16262162 -1.16262162 -1.16262162
  -1.16262162 -1.16262162 -1.16262162 -1.16262162 -1.16262162 -1.16262162
  -1.16262162 -1.16262162 -1.16262162 -1.16262162]
 [-1.16262162 -1.16262162 -1.16262162 -1.16262162 -1.16262162 -1.16262162
  -1.16262162 -1.16262162 -1.16262162 -1.16262162 -1.16262162 -1.16262162
  -1.16262162 -1.16262162 -1.16262162 -1.16262162 -1.16262162 -1.16262162
  -1.16262162 -1.16262162 -1.16262162 -1.16262162 -1.16262162 -1.16262162
  -1.16262162 -1.16262162 -1.16262162 -1.16262162 -1.16262162 -1.16262162
  -1.16262162 -1.16262162 -1.16262162 -1.16262162 -1.16262162 -1.16262162
  -1.16262162 -1.16262162 -1.16262162 -1.16262162]
 [-1.16262162 -1.16262162 -1.16262162 -1.16262162 -1.16262162 -1.16262162
  -1.16262162 -1.16262162 -1.16262162 -1.16262162 -1.16262162 -1.16262162
  -1.16262162 -1.16262162 -1.16262162 -1.16262162 -1.16262162 -1.16262162
  -1.16262162 -1.16262162 -1.16262162 -1.16262162 -1.16262162 -1.16262162
  -1.16262162 -1.16262162 -1.16262162 -1.16262162 -1.16262162 -1.16262162
  -1.16262162 -1.16262162 -1.16262162 -1.16262162 -1.16262162 -1.16262162
  -1.16262162 -1.16262162 -1.16262162 -1.16262162]]
maxs: [[ 1.16262162  1.16262162  1.16262162  1.16262162  1.16262162  1.16262162
   1.16262162  1.16262162  1.16262162  1.16262162  1.16262162  1.16262162
   1.16262162  1.16262162  1.16262162  1.16262162  1.16262162  1.16262162
   1.16262162  1.16262162  1.16262162  0.18153667  1.16262162  0.34183118
  -0.53991038  0.25922793 -1.06633604  1.16262162  1.16262162 -0.69387293
   1.16262162  1.16262162 -1.16262162 -0.57372946 -1.16262162 -1.16262162
  -1.16262162  0.57334977 -0.78065825 -1.16262162]
 [ 1.16262162  1.16262162  1.16262162  1.16262162  1.16262162  1.16262162
   1.16262162  1.16262162  1.16262162  1.16262162  1.16262162  1.16262162
   1.16262162  1.16262162  1.16262162  1.16262162  1.16262162  1.16262162
   1.16262162  1.16262162  0.36777675 -0.16896239  1.16262162  0.31347796
  -0.13049917  1.16262162 -0.77367216  1.16262162 -0.35841522  1.15032828
  -1.16262162 -1.16262162  1.16262162  1.16262162  0.25713092  0.12021447
  -0.74436057 -0.51394427 -1.16262162 -1.16262162]
 [ 1.16262162  1.16262162  1.16262162  1.16262162  1.16262162  1.16262162
   1.16262162  1.16262162  1.16262162  1.16262162  1.16262162  1.16262162
   1.15540302  1.16262162  1.16262162  1.16262162  1.16262162  1.16262162
   1.16262162  1.16262162  1.16262162  0.36192468  0.8776691   1.16262162
   0.37237099  0.39448768  0.072988    0.49180198  1.16262162  1.11564076
   1.16262162  0.30793133 -0.14125945  1.16262162  1.16262162  0.02243883
   0.88642526 -0.87991685 -0.39909649  0.45222172]
 [ 1.16262162  1.16262162  1.16262162  1.16262162  1.16262162  1.16262162
   1.16262162  1.16262162  1.16262162  1.16262162  1.16262162  1.16262162
   1.16262162  1.16262162  1.16262162  1.16262162  1.16262162  1.16262162
   1.16262162  1.16262162  0.50376803  1.16262162  1.16262162  1.16262162
   1.16262162  0.84587508  1.02845097 -0.01700855  0.38003066  1.16262162
   1.16262162  0.18795934  1.16262162  1.16262162 -0.10236723  0.71094346
   1.16262162  1.16262162 -0.61586177  0.28299391]
 [ 1.16262162  1.16262162  1.16262162  1.16262162  1.16262162  1.16262162
   1.16262162  1.16262162  1.16262162  1.16262162  1.16262162  1.16262162
   1.16262162  1.16262162  1.16262162  1.16262162  1.11553991  1.16262162
   1.08601904  1.16262162  0.47358349  1.16262162  1.16262162  1.16262162
   1.16262162  1.16262162  0.60023874  1.16262162  1.16262162  1.16262162
   0.54522038  1.16262162  0.02144661  0.56801981 -0.57140464  0.50578225
   0.46314865  1.16262162  1.16262162  1.16262162]
 [ 1.16262162  1.16262162  1.16262162  1.16262162  1.16262162  1.16262162
   1.16262162  1.16262162  1.16262162  1.16262162  1.16262162  1.16262162
   1.16262162  1.16262162  1.16262162  1.16262162  1.16262162  1.16262162
   1.16262162  1.16262162  1.00323594  1.16262162  1.16262162  1.16262162
   1.16262162  1.16262162  1.16262162  1.16262162  1.15593517  1.16262162
   0.46995848  0.90779173  1.16262162  1.16262162  1.16262162  1.16262162
   0.50855875  1.16262162  1.16262162  0.35736591]
 [ 1.16262162  1.16262162  1.16262162  1.16262162  1.16262162  1.16262162
   1.16262162  1.16262162  1.16262162  1.16262162  1.16262162  1.16262162
   1.16262162  1.16262162  1.16262162  1.16262162  1.16262162  1.16262162
   1.16262162  1.16262162  1.16262162  1.16262162  1.16262162  1.16262162
   1.16262162  1.16262162  0.77566946  0.57125759  0.77318603  1.16262162
   1.16262162  1.16262162  0.45078623  0.83359444  1.16262162  1.16262162
   1.16262162  1.16262162  1.13533723  0.97068596]
 [ 1.16262162  1.16262162  1.16262162  1.16262162  1.16262162  1.16262162
   1.16262162  1.16262162  1.16262162  1.16262162  1.16262162  1.16262162
   1.16262162  1.16262162  1.16262162  1.16262162  1.16262162  1.16262162
   1.16262162  1.16262162  1.16262162  1.16262162  1.16262162  1.16262162
   1.16262162  1.16262162  1.16262162  1.16262162  1.16262162  1.16262162
   1.16262162  1.16262162  1.16262162  0.53421932  1.16262162  1.16262162
   1.16262162  1.11945796  1.04165924  1.16262162]
 [ 1.16262162  1.16262162  1.16262162  1.16262162  1.16262162  1.16262162
   1.16262162  1.16262162  1.16262162  1.16262162  1.16262162  1.16262162
   1.16262162  1.16262162  1.16262162  1.16262162  1.16262162  1.16262162
   1.16262162  1.16262162  1.16262162  1.16262162  0.87697554  1.16262162
   1.16262162  1.16262162  0.97105932  1.01383853  0.31447041  1.16262162
   1.16262162  1.16262162  1.16262162  1.16262162  1.16262162  1.16262162
   1.16262162  1.16262162  0.95338458  1.16262162]
 [ 1.16262162  1.16262162  1.16262162  1.16262162  1.16262162  1.16262162
   1.16262162  1.16262162  1.16262162  1.16262162  1.16262162  1.16262162
   1.16262162  1.16262162  1.16262162  1.16262162  1.16262162  1.16262162
   1.16262162  1.16262162  1.16262162  1.16262162  1.16262162  1.16262162
   1.16262162  1.16262162  1.16262162  1.16262162  1.16262162  1.16262162
   1.16262162  1.16262162  1.16262162  1.16262162  1.16262162  1.16262162
   1.16262162  1.16262162  1.16262162  1.16262162]
 [ 1.16262162  1.16262162  1.16262162  1.16262162  1.16262162  1.16262162
   1.16262162  1.16262162  1.16262162  1.16262162  1.16262162  1.16262162
   1.16262162  1.16262162  1.16262162  1.16262162  1.16262162  1.16262162
   1.16262162  1.16262162  1.16262162  1.16262162  1.16262162  1.16262162
   1.16262162  1.16262162  1.16262162  1.16262162  1.16262162  1.16262162
   1.16262162  1.16262162  1.16262162  1.16262162  1.16262162  1.16262162
   1.16262162  1.16262162  1.16262162  1.16262162]
 [ 1.16262162  1.16262162  1.16262162  1.16262162  1.16262162  1.16262162
   1.16262162  1.16262162  1.16262162  1.16262162  1.16262162  1.16262162
   1.16262162  1.16262162  1.16262162  1.16262162  1.16262162  1.16262162
   1.16262162  1.16262162  1.16262162  1.16262162  1.16262162  1.16262162
   1.16262162  1.16262162  1.16262162  1.16262162  1.16262162  1.16262162
   1.16262162  1.16262162  1.16262162  1.16262162  1.16262162  1.16262162
   1.16262162  1.16262162  1.16262162  1.16262162]
 [ 1.16262162  1.16262162  1.16262162  1.16262162  1.16262162  1.16262162
   1.16262162  1.16262162  1.16262162  1.16262162  1.16262162  1.16262162
   1.16262162  1.16262162  1.16262162  1.16262162  1.16262162  1.16262162
   1.16262162  1.16262162  1.16262162  1.16262162  1.16262162  1.16262162
   1.16262162  1.16262162  1.16262162  1.16262162  1.16262162  1.16262162
   1.16262162  1.16262162  1.16262162  1.16262162  1.16262162  1.16262162
   1.16262162  1.16262162  1.16262162  1.16262162]
 [ 1.16262162  1.16262162  1.16262162  1.16262162  1.16262162  1.16262162
   1.16262162  1.16262162  1.16262162  1.16262162  1.16262162  1.16262162
   1.16262162  1.16262162  1.16262162  1.16262162  1.16262162  1.16262162
   1.16262162  1.16262162  1.16262162  1.16262162  1.16262162  1.16262162
   1.16262162  1.16262162  1.16262162  1.16262162  1.16262162  1.16262162
   1.16262162  1.16262162  1.16262162  1.16262162  1.16262162  1.16262162
   1.16262162  1.16262162  1.16262162  1.16262162]
 [ 1.16262162  1.16262162  1.16262162  1.16262162  1.16262162  1.16262162
   1.16262162  1.16262162  1.16262162  1.16262162  1.16262162  1.16262162
   1.16262162  1.16262162  1.16262162  1.16262162  1.16262162  1.16262162
   1.16262162  1.16262162  1.16262162  1.16262162  1.16262162  1.16262162
   1.16262162  1.16262162  1.16262162  1.16262162  1.16262162  1.16262162
   1.16262162  1.16262162  1.16262162  1.16262162  1.16262162  1.16262162
   1.16262162  1.16262162  1.16262162  1.16262162]
 [ 1.16262162  1.16262162  1.16262162  1.16262162  1.16262162  1.16262162
   1.16262162  1.16262162  1.16262162  1.16262162  1.16262162  1.16262162
   1.16262162  1.16262162  1.16262162  1.16262162  1.16262162  1.16262162
   1.16262162  1.16262162  1.16262162  1.16262162  1.16262162  1.16262162
   1.16262162  1.16262162  1.16262162  1.16262162  1.16262162  1.16262162
   1.16262162  1.16262162  1.16262162  1.16262162  1.16262162  1.16262162
   1.16262162  1.16262162  1.16262162  1.16262162]
 [ 1.16262162  1.16262162  1.16262162  1.16262162  1.16262162  1.16262162
   1.16262162  1.16262162  1.16262162  1.16262162  1.16262162  1.16262162
   1.16262162  1.16262162  1.16262162  1.16262162  1.16262162  1.16262162
   1.16262162  1.16262162  1.16262162  1.16262162  1.16262162  1.16262162
   1.16262162  1.16262162  1.16262162  1.16262162  1.16262162  1.16262162
   1.16262162  1.16262162  1.16262162  1.16262162  1.16262162  1.16262162
   1.16262162  1.16262162  1.16262162  1.16262162]]
test_losses: [[-0.4388552  -0.5162639  -0.61977362 -0.78970795 -0.87300079 -0.9043182
  -0.88098755 -0.97812464 -0.97860827 -1.04404105 -1.03475523 -1.06724626
  -1.05172183 -1.08420184 -1.08447589 -1.13636981 -1.13052534 -1.12983789
  -1.13047861 -1.13391096 -1.14365461 -1.154608   -1.13965277 -1.15602347
  -1.16053992 -1.15553705 -1.16230067 -1.1396156  -1.15271838 -1.16105912
  -1.15487081 -1.15473589 -1.16262162 -1.16054435 -1.16262162 -1.16262162
  -1.16262162 -1.15683505 -1.16134841 -1.16262162]
 [-0.34213302 -0.63254259 -0.58871485 -0.80545185 -0.85673399 -0.89905305
  -0.90841224 -0.99436191 -0.89914437 -1.02146254 -1.05465205 -1.0654537
  -1.08672903 -1.03148826 -1.0775207  -1.08589034 -1.09329396 -1.11380284
  -1.12395995 -1.1253888  -1.14427703 -1.1542486  -1.12881512 -1.14667687
  -1.15376566 -1.1490221  -1.16041002 -1.14857501 -1.15994093 -1.15491178
  -1.16262162 -1.16262162 -1.1531299  -1.14431328 -1.15192725 -1.1583455
  -1.16114275 -1.16045936 -1.16262162 -1.16262162]
 [-0.36316203 -0.55629208 -0.67099509 -0.7041145  -0.79608528 -0.87498314
  -0.93173479 -0.89155556 -0.93564205 -0.95748886 -1.00036706 -1.04046702
  -1.05817613 -1.06642009 -1.08866417 -1.08089935 -1.07851857 -1.10769482
  -1.08848368 -1.11171697 -1.10312816 -1.12376517 -1.13113014 -1.1253103
  -1.13119073 -1.14718706 -1.15504333 -1.15156694 -1.13782957 -1.14383571
  -1.14535711 -1.14743228 -1.15744427 -1.15209161 -1.14169269 -1.15867142
  -1.14357323 -1.16155348 -1.15858951 -1.15309813]
 [-0.36362979 -0.49624247 -0.60427605 -0.75624493 -0.79149907 -0.7451906
  -0.86722072 -0.91254446 -0.9133909  -0.96633533 -1.02716381 -0.99670383
  -1.0554024  -1.02452794 -1.0479026  -1.05951023 -1.09748958 -1.03167138
  -1.08562331 -1.13281241 -1.12454606 -1.09658575 -1.12340654 -1.09527572
  -1.10684658 -1.1269801  -1.14305389 -1.15029873 -1.1398665  -1.13950044
  -1.14034511 -1.13885864 -1.11246389 -1.14091004 -1.15633473 -1.14728781
  -1.12659991 -1.14546186 -1.15912686 -1.15562713]
 [-0.34456735 -0.49885319 -0.57584939 -0.64113903 -0.75420358 -0.84893694
  -0.81493131 -0.86367698 -0.90532645 -0.937633   -0.98503247 -0.99220372
  -1.0066827  -1.02031794 -0.99917197 -1.0403927  -1.08018623 -1.06101516
  -1.07255102 -1.10194779 -1.11551642 -1.09514008 -1.09791774 -1.09557363
  -1.09730354 -1.12025964 -1.13689955 -1.13568959 -1.10883001 -1.12108931
  -1.12495159 -1.13550382 -1.15459894 -1.13025616 -1.15915651 -1.14701705
  -1.14587367 -1.14661744 -1.12779231 -1.12857917]
 [-0.38184887 -0.47117191 -0.58334974 -0.61319774 -0.73621202 -0.8102051
  -0.83574293 -0.93110123 -0.89116675 -0.9100213  -0.93454157 -0.93422464
  -0.9925599  -1.01978368 -1.03457594 -1.05137048 -1.08520698 -1.05151988
  -1.06770829 -1.09052308 -1.09233929 -1.11476015 -1.08217295 -1.07153926
  -1.10978603 -1.09487517 -1.12639436 -1.10437399 -1.10699268 -1.10732072
  -1.14985552 -1.11753033 -1.12281745 -1.12631441 -1.13794727 -1.14027942
  -1.15534486 -1.10769046 -1.14529768 -1.1449673 ]
 [-0.30600003 -0.49277958 -0.64761054 -0.66571087 -0.66295758 -0.83865625
  -0.88368525 -0.87078021 -0.97275892 -0.93546978 -0.92612863 -0.91538288
  -0.99445001 -0.97817802 -0.99719502 -1.03875044 -1.04892063 -1.04772467
  -1.07168854 -1.06393885 -1.08805619 -1.09182464 -1.06897428 -1.05772569
  -1.08389128 -1.09618871 -1.11141618 -1.13602751 -1.09843602 -1.11119145
  -1.13218795 -1.12693668 -1.13531403 -1.13265277 -1.1209339  -1.13341643
  -1.11905541 -1.11891876 -1.12503352 -1.15326878]
 [-0.40587456 -0.47518484 -0.6209554  -0.67583589 -0.71536392 -0.79161287
  -0.84300719 -0.84619018 -0.86311808 -0.91874389 -0.94414739 -0.98674589
  -0.98780582 -1.01782752 -1.00967004 -1.05807728 -0.98653233 -1.0560665
  -1.07526844 -1.0574408  -1.06862934 -1.08022161 -1.03335652 -1.04479204
  -1.07408512 -1.08529802 -1.04545055 -1.11142824 -1.09747381 -1.11040434
  -1.10861256 -1.10682186 -1.07737566 -1.12440164 -1.12695242 -1.12076492
  -1.11893192 -1.12013424 -1.12368183 -1.11793242]
 [-0.35204542 -0.46584859 -0.56688339 -0.64740063 -0.72900673 -0.76643882
  -0.83924708 -0.87690251 -0.86670809 -0.88831311 -0.92878202 -0.94549164
  -0.91622384 -0.95410005 -0.99086408 -1.00019635 -1.04778355 -1.03952581
  -1.00082727 -1.03110314 -1.04865285 -1.0716407  -1.0685187  -1.05585111
  -1.09721726 -1.08873134 -1.08410421 -1.09926061 -1.13087193 -1.08276288
  -1.08173832 -1.11281425 -1.13023934 -1.06935828 -1.09632975 -1.11463995
  -1.08619769 -1.11774082 -1.12675199 -1.11121969]
 [-0.36110874 -0.49519062 -0.53461841 -0.66467409 -0.70222959 -0.74589585
  -0.8402642  -0.84265184 -0.85651817 -0.91391332 -0.94296089 -0.93228805
  -0.93994345 -0.87754602 -0.94211845 -0.96068391 -1.02925985 -1.02443362
  -1.0018007  -1.02100851 -1.03992583 -1.05705875 -1.06613146 -1.01525344
  -1.0567266  -1.04910736 -1.07678134 -1.08945576 -1.05401838 -1.09276208
  -1.05558031 -1.08644019 -1.10423215 -1.07213181 -1.07587476 -1.11498896
  -1.09428949 -1.10600753 -1.12127221 -1.11384868]
 [-0.30959743 -0.47345811 -0.58726988 -0.6471872  -0.71999013 -0.79231866
  -0.80865895 -0.88047331 -0.82393264 -0.88807844 -0.91212501 -0.86721538
  -0.96305862 -1.02001537 -0.95444974 -0.99842171 -0.97591354 -1.01831126
  -0.98223997 -1.00943983 -0.99664235 -1.01826725 -0.98659527 -1.0349221
  -1.07509695 -1.02588296 -1.05324052 -1.06956605 -1.02527354 -1.07453884
  -1.09136637 -1.06406649 -1.06282998 -1.07784165 -1.0760617  -1.08310395
  -1.11455076 -1.10517342 -1.10355386 -1.0980446 ]
 [-0.27982324 -0.50354897 -0.60240572 -0.66570749 -0.69339222 -0.76130734
  -0.80623268 -0.81035266 -0.85641274 -0.86307109 -0.86395098 -0.88636336
  -1.00958282 -0.95109217 -0.89662266 -0.9980461  -0.98618501 -0.98115557
  -0.9898691  -0.97871643 -1.04753446 -1.00829741 -1.00730705 -1.02654527
  -1.04158107 -1.0558856  -1.03670345 -1.05082504 -1.04501852 -1.05831086
  -1.0415088  -1.07849884 -1.02246857 -1.06046623 -1.06445074 -1.04589776
  -1.06034604 -1.0789953  -1.0424055  -1.08371465]
 [-0.2965558  -0.46077222 -0.53282395 -0.58844235 -0.68888131 -0.69787871
  -0.83008453 -0.81210791 -0.84963554 -0.8868433  -0.8467127  -0.91486309
  -0.91476334 -0.96295515 -0.97879416 -0.92473738 -0.94947131 -0.98235603
  -0.96465853 -0.97335169 -0.94559325 -0.99618201 -0.99996008 -1.02486448
  -1.0357314  -1.05692205 -1.04159671 -1.02604902 -1.08889241 -1.06328816
  -1.042976   -1.0501915  -1.06441243 -1.04919714 -1.09979966 -1.04858955
  -1.09626141 -1.08066172 -1.07343607 -1.07569815]
 [-0.23066792 -0.40063131 -0.49686226 -0.61386991 -0.62004902 -0.61560801
  -0.71919886 -0.6928495  -0.76508702 -0.7750994  -0.79357866 -0.77772338
  -0.89258944 -0.8180624  -0.86225571 -0.83504066 -0.86074544 -0.88803648
  -0.88940158 -0.87301138 -0.87315808 -0.85798131 -0.89913986 -0.90968062
  -0.91162568 -0.91253886 -0.91889008 -0.94812758 -0.91625705 -0.9270094
  -0.90947798 -0.84997942 -0.990612   -0.94998862 -0.93720779 -0.97782303
  -0.94075004 -0.95902323 -0.98177898 -0.98904762]
 [-0.31439135 -0.43383755 -0.56804333 -0.54249816 -0.57914737 -0.75888551
  -0.70585808 -0.70579046 -0.73536003 -0.74383237 -0.74580544 -0.79225125
  -0.84160494 -0.76291577 -0.7887848  -0.79203639 -0.73969168 -0.74878361
  -0.73121347 -0.77079733 -0.80680212 -0.83646816 -0.84151368 -0.80695181
  -0.78945109 -0.75953694 -0.7572643  -0.80536429 -0.74996492 -0.85069001
  -0.81250529 -0.81335023 -0.83239223 -0.84267183 -0.84219205 -0.88811965
  -0.93459379 -0.83995992 -0.8947445  -0.79817394]
 [-0.36346593 -0.39319958 -0.44630219 -0.53602929 -0.56135661 -0.59458476
  -0.71487087 -0.71540596 -0.72157327 -0.65766922 -0.66097576 -0.65941995
  -0.61807741 -0.74306926 -0.63586982 -0.59438439 -0.66022561 -0.70049876
  -0.68258315 -0.61127275 -0.6608801  -0.64397462 -0.64934829 -0.65206718
  -0.61936552 -0.74078155 -0.65036461 -0.69841183 -0.64719973 -0.69895454
  -0.726022   -0.66103101 -0.67530618 -0.66555885 -0.69473874 -0.69822257
  -0.69014004 -0.62150061 -0.63100697 -0.63157891]
 [-0.26684059 -0.40871381 -0.40584426 -0.53299319 -0.50700784 -0.55743112
  -0.49253369 -0.58897845 -0.60490132 -0.65962573 -0.57566087 -0.54153331
  -0.4710945  -0.58292403 -0.56499628 -0.51014038 -0.55087732 -0.598974
  -0.46643981 -0.39159377 -0.37789639 -0.4145777  -0.45101963 -0.51510195
  -0.3671134  -0.42583679 -0.35937621 -0.41418155 -0.40844925 -0.4334049
  -0.39616686 -0.52699472 -0.32356198 -0.42990219 -0.38766942 -0.33241573
  -0.38760098 -0.47063981 -0.36237711 -0.35854558]]
