args:  Namespace(ndim=10, attack='fgm', l2=0)
lin_fgm_10D_0_model.pt
elapsed time: 2467.109359
mins: [[-9.88336945 -9.88336945 -9.88336945 -9.88336945 -9.88336945 -9.88336945
  -9.88336945 -9.88336945 -9.88336945 -9.88336945 -9.88336945 -9.88336945
  -9.88336945 -9.88336945 -9.88336945 -9.88336945 -9.88336945 -9.88336945
  -9.88336945 -9.88336945 -9.88336945 -9.88336945 -9.88336945 -9.88336945
  -9.88336945 -9.88336945 -9.88336945 -9.88336945 -9.88336945 -9.88336945
  -9.88336945 -9.88336945 -9.88336945 -9.88336945 -9.88336945 -9.88336945
  -9.88336945 -9.88336945 -9.88336945 -9.88336945]
 [-9.88336945 -9.88336945 -9.88336945 -9.88336945 -9.88336945 -9.88336945
  -9.88336945 -9.88336945 -9.88336945 -9.88336945 -9.88336945 -9.88336945
  -9.88336945 -9.88336945 -9.88336945 -9.88336945 -9.88336945 -9.88336945
  -9.88336945 -9.88336945 -9.88336945 -9.88336945 -9.88336945 -9.88336945
  -9.88336945 -9.88336945 -9.88336945 -9.88336945 -9.88336945 -9.88336945
  -9.88336945 -9.88336945 -9.88336945 -9.88336945 -9.88336945 -9.88336945
  -9.88336945 -9.88336945 -9.88336945 -9.88336945]
 [-9.88336945 -9.88336945 -9.88336945 -9.88336945 -9.88336945 -9.88336945
  -9.88336945 -9.88336945 -9.88336945 -9.88336945 -9.88336945 -9.88336945
  -9.88336945 -9.88336945 -9.88336945 -9.88336945 -9.88336945 -9.88336945
  -9.88336945 -9.88336945 -9.88336945 -9.88336945 -9.88336945 -9.88336945
  -9.88336945 -9.88336945 -9.88336945 -9.88336945 -9.88336945 -9.88336945
  -9.88336945 -9.88336945 -9.88336945 -9.88336945 -9.88336945 -9.88336945
  -9.88336945 -9.88336945 -9.88336945 -9.88336945]
 [-9.88336945 -9.88336945 -9.88336945 -9.88336945 -9.88336945 -9.88336945
  -9.88336945 -9.88336945 -9.88336945 -9.88336945 -9.88336945 -9.88336945
  -9.88336945 -9.88336945 -9.88336945 -9.88336945 -9.88336945 -9.88336945
  -9.88336945 -9.88336945 -9.88336945 -9.88336945 -9.88336945 -9.88336945
  -9.88336945 -9.88336945 -9.88336945 -9.88336945 -9.88336945 -9.88336945
  -9.88336945 -9.88336945 -9.88336945 -9.88336945 -9.88336945 -9.88336945
  -9.88336945 -9.88336945 -9.88336945 -9.88336945]
 [-9.88336945 -9.88336945 -9.88336945 -9.88336945 -9.88336945 -9.88336945
  -9.88336945 -9.88336945 -9.88336945 -9.88336945 -9.88336945 -9.88336945
  -9.88336945 -9.88336945 -9.88336945 -9.88336945 -9.88336945 -9.88336945
  -9.88336945 -9.88336945 -9.88336945 -9.88336945 -9.88336945 -9.88336945
  -9.88336945 -9.88336945 -9.88336945 -9.88336945 -9.88336945 -9.88336945
  -9.88336945 -9.88336945 -9.88336945 -9.88336945 -9.88336945 -9.88336945
  -9.88336945 -9.88336945 -9.88336945 -9.88336945]
 [-9.67274761 -9.88336945 -9.88336945 -9.88336945 -9.88336945 -9.88336945
  -9.88336945 -9.88336945 -9.88336945 -9.88336945 -9.88336945 -9.88336945
  -9.88336945 -9.88336945 -9.88336945 -9.88336945 -9.88336945 -9.88336945
  -9.88336945 -9.88336945 -9.88336945 -9.88336945 -9.88336945 -9.88336945
  -9.88336945 -9.88336945 -9.88336945 -9.88336945 -9.88336945 -9.88336945
  -9.88336945 -9.88336945 -9.88336945 -9.88336945 -9.88336945 -9.88336945
  -9.88336945 -9.88336945 -9.88336945 -9.88336945]
 [-9.88336945 -9.88336945 -9.88336945 -9.88336945 -9.88336945 -9.88336945
  -9.88336945 -9.88336945 -9.88336945 -9.88336945 -9.88336945 -9.88336945
  -9.88336945 -9.88336945 -9.88336945 -9.88336945 -9.88336945 -9.88336945
  -9.88336945 -9.88336945 -9.88336945 -9.88336945 -9.88336945 -9.88336945
  -9.88336945 -9.88336945 -9.88336945 -9.88336945 -9.88336945 -9.88336945
  -9.88336945 -9.88336945 -9.88336945 -9.88336945 -9.88336945 -9.88336945
  -9.88336945 -9.88336945 -9.88336945 -9.88336945]
 [-9.88336945 -9.88336945 -9.88336945 -9.88336945 -9.88336945 -9.88336945
  -9.88336945 -9.88336945 -9.88336945 -9.88336945 -9.88336945 -9.88336945
  -9.88336945 -9.88336945 -9.88336945 -9.88336945 -9.88336945 -9.88336945
  -9.88336945 -9.88336945 -9.88336945 -9.88336945 -9.88336945 -9.88336945
  -9.88336945 -9.88336945 -9.88336945 -9.88336945 -9.88336945 -9.88336945
  -9.88336945 -9.88336945 -9.88336945 -9.88336945 -9.88336945 -9.88336945
  -9.88336945 -9.88336945 -9.88336945 -9.88336945]
 [-9.19401741 -9.55536747 -9.88336945 -9.88336945 -9.88336945 -9.88336945
  -9.88336945 -9.88336945 -9.88336945 -9.88336945 -9.88336945 -9.88336945
  -9.88336945 -9.88336945 -9.88336945 -9.88336945 -9.88336945 -9.88336945
  -9.88336945 -9.88336945 -9.88336945 -9.88336945 -9.88336945 -9.88336945
  -9.88336945 -9.88336945 -9.88336945 -9.88336945 -9.88336945 -9.88336945
  -9.88336945 -9.88336945 -9.88336945 -9.88336945 -9.88336945 -9.88336945
  -9.88336945 -9.88336945 -9.88336945 -9.88336945]
 [-8.92775536 -9.88336945 -9.88336945 -9.88336945 -9.88336945 -9.88336945
  -9.88336945 -9.88336945 -9.88336945 -9.88336945 -9.88336945 -9.88336945
  -9.88336945 -9.88336945 -9.88336945 -9.88336945 -9.88336945 -9.88336945
  -9.88336945 -9.88336945 -9.88336945 -9.88336945 -9.88336945 -9.88336945
  -9.88336945 -9.88336945 -9.88336945 -9.88336945 -9.88336945 -9.88336945
  -9.88336945 -9.88336945 -9.88336945 -9.88336945 -9.88336945 -9.88336945
  -9.88336945 -9.88336945 -9.88336945 -9.88336945]
 [-9.88336945 -9.88336945 -9.88336945 -9.88336945 -9.88336945 -9.88336945
  -9.88336945 -9.88336945 -9.88336945 -9.88336945 -9.88336945 -9.88336945
  -9.88336945 -9.88336945 -9.88336945 -9.88336945 -9.88336945 -9.88336945
  -9.88336945 -9.88336945 -9.88336945 -9.88336945 -9.88336945 -9.88336945
  -9.88336945 -9.88336945 -9.88336945 -9.88336945 -9.88336945 -9.88336945
  -9.88336945 -9.88336945 -9.88336945 -9.88336945 -9.88336945 -9.88336945
  -9.88336945 -9.88336945 -9.88336945 -9.88336945]
 [-9.18187237 -9.88336945 -9.84522247 -9.88336945 -9.88336945 -9.88336945
  -9.88336945 -9.88336945 -9.88336945 -9.88336945 -9.88336945 -9.88336945
  -9.88336945 -9.88336945 -9.88336945 -9.88336945 -9.88336945 -9.88336945
  -9.88336945 -9.88336945 -9.88336945 -9.88336945 -9.88336945 -9.88336945
  -9.88336945 -9.88336945 -9.88336945 -9.88336945 -9.88336945 -9.88336945
  -9.88336945 -9.88336945 -9.88336945 -9.88336945 -9.88336945 -9.88336945
  -9.88336945 -9.88336945 -9.88336945 -9.88336945]
 [-9.88336945 -9.88336945 -9.88336945 -9.88336945 -9.88336945 -9.88336945
  -9.88336945 -9.88336945 -9.88336945 -9.88336945 -9.88336945 -9.88336945
  -9.88336945 -9.88336945 -9.88336945 -9.88336945 -9.88336945 -9.88336945
  -9.88336945 -9.88336945 -9.88336945 -9.88336945 -9.88336945 -9.88336945
  -9.88336945 -9.88336945 -9.88336945 -9.88336945 -9.88336945 -9.88336945
  -9.88336945 -9.88336945 -9.88336945 -9.88336945 -9.88336945 -9.88336945
  -9.88336945 -9.88336945 -9.88336945 -9.88336945]
 [-9.37549114 -9.43622112 -9.39595413 -9.88336945 -9.88336945 -9.88336945
  -9.88336945 -9.88336945 -9.88336945 -9.88336945 -9.88336945 -9.88336945
  -9.88336945 -9.88336945 -9.88336945 -9.88336945 -9.88336945 -9.88336945
  -9.88336945 -9.88336945 -9.88336945 -9.88336945 -9.88336945 -9.88336945
  -9.88336945 -9.88336945 -9.88336945 -9.88336945 -9.88336945 -9.88336945
  -9.88336945 -9.88336945 -9.88336945 -9.88336945 -9.88336945 -9.88336945
  -9.88336945 -9.88336945 -9.88336945 -9.88336945]
 [-9.43176365 -9.85473156 -9.34471321 -9.88336945 -9.88336945 -9.88336945
  -9.85397434 -9.88336945 -9.88336945 -9.88336945 -9.88336945 -9.88336945
  -9.88336945 -9.88336945 -9.88336945 -9.88336945 -9.88336945 -9.88336945
  -9.88336945 -9.88336945 -9.88336945 -9.88336945 -9.88336945 -9.88336945
  -9.88336945 -9.88336945 -9.88336945 -9.88336945 -9.88336945 -9.88336945
  -9.88336945 -9.88336945 -9.88336945 -9.88336945 -9.88336945 -9.88336945
  -9.88336945 -9.88336945 -9.88336945 -9.88336945]
 [-9.4226656  -9.48524284 -9.69881248 -9.76752949 -9.88336945 -9.88336945
  -9.88336945 -9.88336945 -9.88336945 -9.88336945 -9.88336945 -9.88336945
  -9.88336945 -9.88336945 -9.88336945 -9.88336945 -9.88336945 -9.88336945
  -9.88336945 -9.88336945 -9.88336945 -9.88336945 -9.88336945 -9.88336945
  -9.88336945 -9.88336945 -9.88336945 -9.88336945 -9.88336945 -9.88336945
  -9.88336945 -9.88336945 -9.88336945 -9.88336945 -9.88336945 -9.88336945
  -9.88336945 -9.88336945 -9.88336945 -9.88336945]
 [-8.73058224 -9.52414989 -9.15152931 -9.85124302 -9.64585972 -9.88336945
  -9.73178482 -9.88336945 -9.88336945 -9.88336945 -9.88336945 -9.88336945
  -9.88336945 -9.88336945 -9.88336945 -9.88336945 -9.88336945 -9.88336945
  -9.88336945 -9.88336945 -9.88336945 -9.88336945 -9.88336945 -9.88336945
  -9.88336945 -9.88336945 -9.88336945 -9.88336945 -9.88336945 -9.88336945
  -9.88336945 -9.88336945 -9.88336945 -9.88336945 -9.88336945 -9.88336945
  -9.88336945 -9.88336945 -9.88336945 -9.88336945]]
maxs: [[ 4.52729225e+00  1.85699856e+00  1.80556107e+00  2.44605207e+00
  -4.34135735e-01 -2.13183069e+00 -1.33611715e+00 -3.60209298e+00
  -3.49907804e+00 -1.61069429e+00 -1.73661363e+00 -5.53465033e+00
  -5.53764915e+00 -3.52482414e+00 -5.46419811e+00 -5.95015526e+00
  -5.75528812e+00 -5.52248192e+00 -5.57556295e+00 -5.57556295e+00
  -5.70811510e+00 -7.57322025e+00 -5.57556295e+00 -6.04442024e+00
  -7.57322025e+00 -7.57322025e+00 -7.64367199e+00 -7.64367199e+00
  -7.57322025e+00 -7.57322025e+00 -7.57322025e+00 -5.53764915e+00
  -7.57322025e+00 -7.57322025e+00 -7.77434635e+00 -7.77434635e+00
  -7.88571119e+00 -7.83263016e+00 -7.83263016e+00 -7.84779739e+00]
 [ 6.36259460e+00  2.41826940e+00  2.54587650e+00 -6.04670234e-02
   1.51770338e-01 -3.78672868e-01 -1.66561735e+00 -5.67221701e-01
  -3.39796734e+00 -2.51883054e+00 -3.85719085e+00 -5.06931114e+00
  -4.13806534e+00 -5.34612560e+00 -5.57556295e+00 -5.72360849e+00
  -5.62356949e+00 -5.83497238e+00 -6.10456610e+00 -6.12267590e+00
  -6.73449087e+00 -6.81716299e+00 -3.64000630e+00 -6.30782938e+00
  -7.57322025e+00 -6.35597277e+00 -7.57322025e+00 -7.64367199e+00
  -7.77434635e+00 -7.88571119e+00 -7.83263016e+00 -7.99498558e+00
  -8.41333389e+00 -7.64367199e+00 -7.57322025e+00 -7.83263016e+00
  -7.83263016e+00 -7.64367199e+00 -7.88571119e+00 -7.83263016e+00]
 [ 5.94424582e+00  3.84113288e+00  1.09581029e+00  1.93414003e-01
   8.42034400e-01 -2.80727327e-01 -1.41710484e+00 -8.02708566e-01
  -2.98123598e+00 -2.64528346e+00 -4.63273859e+00 -5.03734398e+00
  -5.25686359e+00 -4.78080463e+00 -5.73274183e+00 -6.64701557e+00
  -6.03543711e+00 -5.71508789e+00 -5.91374445e+00 -5.79705858e+00
  -6.75706768e+00 -7.64367199e+00 -4.69176579e+00 -6.54761696e+00
  -7.57322025e+00 -7.57322025e+00 -6.47081900e+00 -7.57322025e+00
  -6.49125004e+00 -7.77434635e+00 -7.71582651e+00 -7.18025637e+00
  -7.83263016e+00 -7.69258356e+00 -7.72830391e+00 -7.88571119e+00
  -7.77434635e+00 -8.41333389e+00 -7.64367199e+00 -8.75390053e+00]
 [ 5.62312603e+00  2.87487864e+00  5.76592386e-01 -3.02496016e-01
  -1.49254596e+00 -2.36543417e+00 -2.10084820e+00 -3.69269156e+00
  -4.26199150e+00 -1.85005093e+00 -4.70469379e+00 -1.02954173e+00
  -5.19575930e+00 -4.62081385e+00 -5.18324518e+00 -5.91224098e+00
  -6.09785175e+00 -4.82830524e+00 -6.51092577e+00 -6.48900032e+00
  -5.22776604e+00 -7.31978989e+00 -6.36984825e+00 -7.63765764e+00
  -6.96872616e+00 -7.41139793e+00 -7.64367199e+00 -7.87768555e+00
  -8.15344143e+00 -8.12459087e+00 -7.77434635e+00 -7.53042746e+00
  -7.70436239e+00 -8.08852386e+00 -7.21807241e+00 -8.49454689e+00
  -7.88265610e+00 -7.64951468e+00 -9.50414467e+00 -7.57322025e+00]
 [ 5.50686789e+00  2.17623043e+00  1.59259975e-01  1.09761335e-01
  -3.46747816e-01 -1.11657393e+00 -6.50275350e-01 -3.18657041e+00
  -3.98707771e+00 -4.02904320e+00 -4.81508350e+00 -4.17681074e+00
  -4.66879559e+00 -5.10067701e+00 -4.08751059e+00 -6.23493814e+00
  -5.75057268e+00 -4.74932003e+00 -5.24853516e+00 -6.70242739e+00
  -6.23072863e+00 -6.81136703e+00 -7.78512096e+00 -7.04533815e+00
  -6.82398319e+00 -7.86449957e+00 -7.91556215e+00 -7.50542355e+00
  -8.08452892e+00 -7.83263016e+00 -7.83263016e+00 -6.25568724e+00
  -7.64367199e+00 -7.79417467e+00 -7.57322025e+00 -7.57322025e+00
  -7.64367199e+00 -9.18102646e+00 -7.88105488e+00 -8.19005775e+00]
 [ 4.80192614e+00  1.13935518e+00  3.93521810e+00 -6.42505437e-02
   6.52492702e-01 -2.44019985e+00 -4.51245666e-01 -3.00171447e+00
  -3.82221985e+00 -4.49529123e+00 -4.72425652e+00 -3.63397026e+00
  -4.06825733e+00 -3.46065307e+00 -4.32194281e+00 -5.59189892e+00
  -5.85995197e+00 -6.20992184e+00 -6.11364126e+00 -6.35202980e+00
  -5.15071154e+00 -6.10545540e+00 -6.33378887e+00 -7.13486862e+00
  -7.64340258e+00 -6.89469004e+00 -7.93705988e+00 -7.57322025e+00
  -7.89622688e+00 -7.58927488e+00 -7.08790159e+00 -7.39049006e+00
  -7.64367199e+00 -5.85013914e+00 -7.57322025e+00 -7.77434635e+00
  -7.64367199e+00 -7.83263016e+00 -7.57322025e+00 -7.77434635e+00]
 [ 3.38183784e+00  1.61019349e+00  2.33929324e+00  1.60221636e+00
  -1.25893140e+00 -2.01695824e+00 -1.96380651e+00 -3.27042603e+00
  -3.13416934e+00 -2.52316809e+00 -4.28547049e+00 -4.01059008e+00
  -4.37547207e+00 -6.06191158e+00 -5.97025251e+00 -5.99562740e+00
  -5.49467516e+00 -6.20494890e+00 -7.02641249e+00 -5.85793829e+00
  -6.80638695e+00 -7.14878130e+00 -7.19931746e+00 -6.93857050e+00
  -7.60216999e+00 -7.77653456e+00 -6.67338991e+00 -6.21861029e+00
  -6.27816391e+00 -7.62398911e+00 -7.92704582e+00 -7.24522686e+00
  -7.76348257e+00 -7.77434635e+00 -7.57322025e+00 -7.64367199e+00
  -7.64367199e+00 -7.57322025e+00 -7.84311342e+00 -7.83263016e+00]
 [ 4.77930450e+00  1.52394044e+00  1.44509459e+00 -7.75829136e-01
  -7.81460285e-01 -1.47362638e+00 -2.31371403e+00 -3.28915644e+00
  -2.96313119e+00 -3.58578801e+00 -3.69034719e+00 -3.57537961e+00
  -3.74219847e+00 -4.84906387e+00 -5.48666382e+00 -5.90727949e+00
  -6.51816940e+00 -6.13840151e+00 -5.74218130e+00 -6.95124102e+00
  -7.25277853e+00 -6.52295780e+00 -7.27722597e+00 -8.02959251e+00
  -7.60853720e+00 -7.57562017e+00 -6.83541822e+00 -7.09741783e+00
  -7.52744865e+00 -7.26362419e+00 -7.62816715e+00 -6.84625053e+00
  -6.32548714e+00 -6.70478249e+00 -7.57322025e+00 -7.77430439e+00
  -7.57322025e+00 -7.77434635e+00 -7.02064228e+00 -7.64367199e+00]
 [ 6.16077280e+00  3.05761290e+00  2.61963749e+00 -1.18685353e+00
  -1.90142369e+00 -2.20906186e+00 -2.55180478e+00 -1.94126618e+00
  -3.26450706e+00 -3.81499338e+00 -3.84061980e+00 -4.57091331e+00
  -3.70511484e+00 -5.67430162e+00 -5.01257896e+00 -6.06059408e+00
  -5.62062502e+00 -6.17682123e+00 -6.36567926e+00 -7.09547234e+00
  -6.67343998e+00 -7.25857687e+00 -5.64601421e+00 -6.85055161e+00
  -6.11243296e+00 -5.63111067e+00 -7.57322025e+00 -5.52248192e+00
  -5.92878294e+00 -5.36548090e+00 -7.30199099e+00 -6.53490925e+00
  -6.78016710e+00 -5.53764915e+00 -5.91374445e+00 -7.35618591e+00
  -7.64367199e+00 -6.01458597e+00 -7.22652578e+00 -7.64367199e+00]
 [ 3.83344340e+00  1.58545375e+00  1.53037095e+00 -8.50694299e-01
  -2.36518955e+00 -9.65491951e-01 -2.15131497e+00 -2.00546956e+00
  -2.19909930e+00 -8.57714236e-01 -3.89943552e+00 -3.69434333e+00
  -4.82153654e+00 -5.37570047e+00 -4.44154835e+00 -6.17389393e+00
  -6.03472900e+00 -5.73118353e+00 -1.99309635e+00 -5.42821026e+00
  -5.65008497e+00 -6.54191875e+00 -6.24644709e+00 -5.30157709e+00
  -6.76574087e+00 -6.53597212e+00 -5.58747578e+00 -5.63766432e+00
  -6.16658211e+00 -7.14161873e+00 -7.57322025e+00 -6.72608089e+00
  -7.57322025e+00 -5.71412468e+00 -4.62947989e+00 -6.88608408e+00
  -6.59396839e+00 -7.50785542e+00 -5.52248192e+00 -6.87167168e+00]
 [ 6.41098022e+00  2.03188658e+00  9.36820805e-01  6.67451143e-01
  -1.63460505e+00 -1.35089076e+00 -2.35612798e+00 -2.90524173e+00
  -3.66303897e+00 -3.81180358e+00 -1.16383457e+00 -2.78037286e+00
  -3.37474084e+00 -4.83015490e+00 -5.16461182e+00 -6.79857302e+00
  -5.72360849e+00 -5.55694771e+00 -6.05356979e+00 -5.46069574e+00
  -4.48639393e+00 -5.53849983e+00 -6.33384657e+00 -5.62271833e+00
  -5.53189659e+00 -5.03456259e+00 -5.51718760e+00 -4.45872068e+00
  -6.44886732e+00 -5.80313683e+00 -4.44042063e+00 -4.88382149e+00
  -7.09792948e+00 -2.59423590e+00 -6.52771902e+00 -6.46278954e+00
  -6.41504478e+00 -6.56153727e+00 -6.46416950e+00 -6.82394791e+00]
 [ 4.38161421e+00  2.07351589e+00  1.96102786e+00  2.85329849e-01
  -1.86724865e+00 -1.74284410e+00 -2.67086482e+00 -1.52177429e+00
  -2.54621506e+00 -4.11295938e+00 -2.59054255e+00 -3.70825720e+00
  -3.13389587e+00 -5.21240711e+00 -3.81846070e+00 -6.07841778e+00
  -5.17939615e+00 -3.93027639e+00 -4.09266186e+00 -5.23473644e+00
  -3.77295995e+00 -5.55415058e+00 -5.11469460e+00 -4.20383883e+00
  -3.12908602e+00 -4.20244455e+00 -5.46419811e+00 -5.05102253e+00
  -4.70312309e+00 -4.64054012e+00 -4.06721973e+00 -6.30431080e+00
  -5.85013914e+00 -6.53406143e+00 -5.53465033e+00 -5.25398922e+00
  -5.73877573e+00 -3.92348266e+00 -5.91127491e+00 -4.35131979e+00]
 [ 3.38315725e+00  3.00220942e+00  3.45763803e+00 -1.45599711e+00
  -2.50889039e+00 -1.81762993e-01 -2.17034340e+00 -1.63313174e+00
  -3.20065188e+00 -3.69929528e+00 -4.18708420e+00 -4.86599350e+00
  -9.37437296e-01 -4.49393511e+00 -4.17039728e+00 -4.93143272e+00
  -3.63842869e+00 -3.14402366e+00 -3.59046078e+00 -1.64660251e+00
  -4.90389538e+00 -4.01273632e+00 -4.68040419e+00 -5.59166336e+00
  -5.40699577e+00 -3.61465120e+00 -4.95061636e+00 -4.39146852e+00
  -4.23775005e+00 -5.52176332e+00 -5.00611067e+00 -4.89854002e+00
  -5.15942383e+00 -5.52248192e+00 -6.64312363e+00 -3.67254424e+00
  -6.07271099e+00 -5.88167048e+00 -1.87899780e+00 -5.43647289e+00]
 [ 3.11489868e+00  4.40234363e-01 -4.45634425e-01  1.15334824e-01
   1.93493545e-01 -4.94259149e-01  1.79581314e-01 -2.81107485e-01
  -2.18330789e+00 -1.73022890e+00 -1.67440343e+00 -1.22453344e+00
  -2.54110193e+00 -2.06947422e+00 -1.50218511e+00 -1.61906397e+00
  -1.36418864e-01 -2.36936355e+00 -2.55466723e+00 -2.24431902e-02
  -1.86759996e+00 -3.02770257e+00 -1.76122773e+00 -3.31952024e+00
  -2.00672579e+00 -2.06580615e+00 -3.47684360e+00 -1.95725191e+00
  -2.66891623e+00 -1.48579228e+00 -2.37363744e+00 -1.45849788e+00
  -1.45339131e+00 -3.28665018e+00 -3.47848177e+00 -2.97461390e+00
  -3.70663643e+00 -3.90867519e+00 -3.61044312e+00 -2.46228504e+00]
 [ 2.61338186e+00  1.83011997e+00  1.21121359e+00 -3.11560720e-01
  -1.42113388e+00 -1.85710981e-01 -6.01299822e-01  4.60929483e-01
   1.94073212e+00 -8.32506180e-01 -3.49327385e-01  1.42469454e+00
  -1.40389597e+00 -1.89365995e+00 -5.37136018e-01 -2.10553512e-01
  -1.45809019e+00  9.21471491e-02 -1.82934833e+00 -1.20358837e+00
  -4.10769731e-01 -2.57690501e+00 -1.57459295e+00 -1.71524537e+00
  -2.50557494e+00 -1.69037902e+00 -1.28912294e+00 -1.74689114e+00
  -1.69019794e+00 -2.57868743e+00 -3.25957775e+00 -9.96772587e-01
  -8.50942552e-01 -1.41580164e+00 -1.64256787e+00 -8.24045241e-01
  -2.61295033e+00 -1.66897798e+00 -9.39968586e-01 -1.18892992e+00]
 [ 3.32222962e+00  1.69556797e+00  4.09191787e-01 -6.96646273e-02
   7.31827676e-01  9.42745566e-01  6.72152102e-01  4.24861240e+00
   4.31135416e-01 -5.03037512e-01 -1.78177636e-02 -1.17131793e+00
  -8.51131737e-01 -5.55649638e-01  1.24070513e+00 -1.28328609e+00
  -1.47598231e+00 -5.69797456e-01  1.00048617e-01 -9.25002158e-01
  -4.25660968e-01  5.57392137e-03  2.07326198e+00  3.83707322e-02
  -4.91607428e-01 -3.86108905e-01 -1.48625326e+00 -1.13412619e+00
  -1.91333115e-01 -9.87133622e-01 -1.61692822e+00  1.46510518e+00
   1.79372859e+00 -1.22563791e+00  3.94781142e-01 -1.09867489e+00
  -1.31745875e+00 -1.30380309e+00 -7.62519121e-01 -2.26453543e+00]
 [ 2.26671362e+00  7.83330202e-01  1.03538227e+00  1.27010894e+00
   1.80960143e+00  6.86364770e-01  2.16302514e+00  1.17387868e-01
   3.93986881e-01  1.89340174e+00  6.84085250e-01 -7.10125268e-01
   7.92512536e-01  1.93361628e+00 -4.61314559e-01  1.89530635e+00
   7.57816792e-01 -1.58105463e-01  3.63403827e-01  6.36745989e-01
   2.34620392e-01  1.13515842e+00  1.08412206e+00  1.33208990e-01
  -1.81090549e-01  1.18667448e+00  1.09919739e+00  7.71691918e-01
   1.62180555e+00  7.71148920e-01 -5.74489117e-01  1.25445223e+00
   7.17800736e-01  1.10532475e+00 -8.27902675e-01  1.51770338e-01
   9.41763759e-01  2.07411075e+00 -9.79900658e-02  1.07747376e+00]]
test_losses: [[-3.55613327 -5.19867194 -6.01476545 -6.68466661 -7.419834   -7.75418943
  -8.06065017 -8.32250401 -8.55188763 -8.70063074 -8.88770274 -9.28455815
  -9.20204968 -9.30456615 -9.37101984 -9.5194302  -9.50022762 -9.47747797
  -9.55827712 -9.60726148 -9.66988927 -9.71504512 -9.63546371 -9.72319242
  -9.7737293  -9.78164329 -9.77771859 -9.79523395 -9.79198853 -9.82355094
  -9.83557034 -9.79064108 -9.85536623 -9.8106649  -9.85794459 -9.86465401
  -9.86551585 -9.87163353 -9.85994817 -9.87168409]
 [-3.75966813 -4.79090462 -5.99998289 -6.59344894 -7.38774107 -7.70099506
  -8.13173797 -8.28053101 -8.59604226 -8.77378965 -8.89318077 -9.10639576
  -9.091037   -9.34149296 -9.38657516 -9.38119166 -9.35611389 -9.59453484
  -9.54825898 -9.65678698 -9.70555196 -9.7379703  -9.70345406 -9.64804576
  -9.72863291 -9.77511468 -9.83605702 -9.80873244 -9.82788718 -9.84321076
  -9.817841   -9.83636781 -9.86290004 -9.85031388 -9.83722725 -9.85401573
  -9.86900539 -9.83944516 -9.86313126 -9.85921776]
 [-3.65789907 -4.78276413 -6.18100968 -6.77210161 -7.14689689 -7.64900432
  -8.12690618 -8.13203329 -8.5222368  -8.71300559 -8.8916728  -8.98654204
  -9.1583861  -9.21956144 -9.23866625 -9.40270188 -9.51566152 -9.48192545
  -9.51535943 -9.56864155 -9.60084545 -9.76308977 -9.70087358 -9.71980354
  -9.71920144 -9.76428406 -9.7639968  -9.75437394 -9.78381308 -9.79228155
  -9.79963125 -9.82558476 -9.84149263 -9.84098027 -9.83829477 -9.85361907
  -9.85206914 -9.85851433 -9.83160323 -9.8576383 ]
 [-3.46881332 -4.9339234  -5.99143634 -6.29577742 -7.05287362 -7.63561009
  -7.87090445 -8.29822682 -8.40924849 -8.71002651 -8.79319856 -8.95387112
  -9.10415912 -9.14024908 -9.29861616 -9.29190855 -9.45441364 -9.42076533
  -9.52602153 -9.59466961 -9.53196706 -9.6474364  -9.64937938 -9.66949247
  -9.72957421 -9.72996152 -9.73122684 -9.78994145 -9.79754201 -9.803233
  -9.79268924 -9.79940193 -9.82618708 -9.83349308 -9.83632871 -9.845493
  -9.84362291 -9.84874875 -9.87206054 -9.8541346 ]
 [-3.46496281 -4.98359741 -5.97554439 -6.65749104 -6.95727216 -7.46023013
  -7.75543533 -8.23683508 -8.36976972 -8.6125984  -8.73621087 -8.88905984
  -8.97635251 -9.13717562 -9.25027249 -9.31413267 -9.40077321 -9.42166692
  -9.41181355 -9.5447082  -9.55327872 -9.61573072 -9.65658701 -9.62850878
  -9.66987799 -9.73382131 -9.75297512 -9.76401254 -9.75763341 -9.77827368
  -9.78471334 -9.79598114 -9.80946643 -9.84743261 -9.85693148 -9.84814079
  -9.84681308 -9.87708546 -9.86601263 -9.87095985]
 [-3.85415486 -4.88773359 -5.70439082 -6.61981782 -6.96429557 -7.43913719
  -7.88075301 -8.01401234 -8.34897253 -8.50385596 -8.74208567 -8.84056483
  -8.90744417 -9.07687021 -9.21703652 -9.30365006 -9.30546198 -9.46200702
  -9.42960597 -9.5532972  -9.49849884 -9.53908363 -9.64940878 -9.63446043
  -9.68151146 -9.67828036 -9.71037372 -9.77143283 -9.77857998 -9.77271787
  -9.82324855 -9.80288979 -9.80327899 -9.83259424 -9.82195991 -9.83305546
  -9.78491091 -9.83662967 -9.84263469 -9.86217242]
 [-3.5275345  -4.82834126 -5.77594507 -6.46992611 -7.10247902 -7.3641164
  -7.74510071 -8.1706722  -8.19990366 -8.51580014 -8.72638185 -8.80784821
  -8.934484   -9.15289496 -9.15198599 -9.27702835 -9.32637043 -9.3395182
  -9.43966392 -9.44874643 -9.53189496 -9.55700102 -9.5867442  -9.62278924
  -9.68360843 -9.72919381 -9.70730242 -9.77423472 -9.79005924 -9.80719332
  -9.83608884 -9.82246067 -9.80355409 -9.83093696 -9.82664996 -9.81598741
  -9.81558436 -9.83452208 -9.84890824 -9.81956366]
 [-3.79718059 -4.96672084 -5.70215986 -6.5804269  -6.93812634 -7.25387305
  -7.84535659 -8.09044063 -8.23807334 -8.59082603 -8.6434798  -8.77008642
  -8.94729541 -9.0916603  -9.10837298 -9.11238214 -9.3141648  -9.33221283
  -9.42162007 -9.46642549 -9.48577802 -9.50829945 -9.64506682 -9.66227637
  -9.65039193 -9.70936429 -9.77177498 -9.7538922  -9.81756036 -9.84198839
  -9.80255088 -9.82049692 -9.7780019  -9.80992344 -9.78550257 -9.81359204
  -9.80711673 -9.79383015 -9.81779989 -9.81917443]
 [-3.33895489 -4.84861016 -5.86245745 -6.39834548 -7.0887479  -7.37826801
  -7.6679792  -7.96939524 -8.28135066 -8.40632983 -8.55536084 -8.71021866
  -8.929764   -9.0929437  -9.16185661 -9.15174331 -9.20636336 -9.34650895
  -9.36212611 -9.46227105 -9.51987422 -9.52352127 -9.55129036 -9.66718477
  -9.72499445 -9.75777099 -9.7849781  -9.74911645 -9.7649675  -9.74382248
  -9.73823026 -9.69991663 -9.78323548 -9.77215864 -9.74366299 -9.73040282
  -9.77551607 -9.72953879 -9.7852335  -9.80896155]
 [-3.84927229 -4.62575013 -5.71050648 -6.33834131 -6.98554623 -7.41206759
  -7.66457882 -8.11504607 -8.30581366 -8.46293999 -8.56871701 -8.81007757
  -8.89533048 -8.96892183 -9.02937786 -9.13582133 -9.2298421  -9.30549926
  -9.35307885 -9.35075935 -9.46990104 -9.56402262 -9.64047293 -9.65097868
  -9.699037   -9.69316777 -9.68209561 -9.73272386 -9.73250508 -9.75923306
  -9.71334835 -9.68083012 -9.71676967 -9.7331251  -9.7081833  -9.72596746
  -9.67787769 -9.76825017 -9.78265247 -9.77303889]
 [-3.50074022 -4.84159357 -5.33496817 -6.36735604 -6.88651276 -7.39581953
  -7.70181189 -7.95005159 -8.10703046 -8.41981181 -8.51406211 -8.64900526
  -8.77087544 -8.90974144 -9.01684967 -9.11252555 -9.17049192 -9.27810378
  -9.27585027 -9.39677251 -9.44170158 -9.5626847  -9.66241901 -9.60916394
  -9.65108383 -9.57265129 -9.67168268 -9.59497776 -9.64185276 -9.65537549
  -9.69977876 -9.66264032 -9.69311101 -9.66393726 -9.6633796  -9.69216735
  -9.62860212 -9.62572041 -9.734984   -9.71568507]
 [-3.46479355 -4.77959479 -5.74372863 -6.35847116 -6.80358767 -7.29518521
  -7.51274777 -7.67877117 -8.23204985 -8.26371653 -8.50792889 -8.66286659
  -8.76063    -8.86824653 -8.95079729 -9.05401453 -9.13403802 -9.26501276
  -9.17638741 -9.34683746 -9.3514381  -9.53059063 -9.46641932 -9.54228079
  -9.53539087 -9.59634669 -9.47627861 -9.50082893 -9.55599137 -9.53393084
  -9.58943029 -9.62160605 -9.66670297 -9.66689313 -9.64220338 -9.59483096
  -9.6155009  -9.56601421 -9.59845526 -9.63361345]
 [-3.59070024 -4.64923262 -5.55280637 -6.27721698 -6.84414459 -7.26066419
  -7.5627752  -7.84698108 -8.14798731 -8.16407854 -8.4642103  -8.62907402
  -8.75625026 -8.82050737 -8.92107878 -9.00672098 -9.03034946 -9.00981475
  -9.21285366 -9.29283073 -9.38836127 -9.36619921 -9.37283601 -9.49789106
  -9.46589186 -9.40352408 -9.51949374 -9.46072475 -9.43008144 -9.44959825
  -9.48757428 -9.51703602 -9.47797418 -9.51987484 -9.56698018 -9.53135055
  -9.56704395 -9.56187404 -9.46204103 -9.49547419]
 [-3.78026382 -4.69837105 -5.42644675 -5.996924   -6.43154563 -6.92441014
  -7.06817312 -7.42218427 -7.47524301 -7.51806152 -7.62748082 -7.92478481
  -8.0731612  -8.04236118 -8.2000177  -8.19063701 -8.04650395 -7.97314875
  -8.24026857 -8.2660634  -8.20668587 -8.33747563 -8.30078367 -8.10320153
  -8.13851048 -8.28981122 -8.20090258 -8.24274654 -8.30818945 -8.2721372
  -8.21916167 -8.27283653 -8.39596297 -8.29277252 -8.21081992 -8.55142421
  -8.40646544 -8.6566109  -8.28514083 -8.59658933]
 [-3.3565292  -4.4693161  -5.13381712 -5.95792444 -6.34378631 -6.47122769
  -6.70071429 -6.72325891 -6.7953954  -6.85941486 -7.14868324 -7.0877666
  -7.18274484 -7.40689171 -7.20029655 -7.23682342 -7.16915089 -7.15466614
  -7.4645871  -7.26531358 -7.4219966  -7.51545528 -7.48126776 -7.38529045
  -7.52228721 -7.61899781 -7.49693896 -7.46616474 -7.34373501 -7.64351212
  -7.36838201 -7.49281056 -7.56193759 -7.52821528 -7.68246828 -7.48449696
  -7.49043988 -7.47343645 -7.45127704 -7.38323843]
 [-3.1460298  -4.35871044 -5.09674952 -5.32132031 -5.71324407 -5.95882995
  -5.95737762 -6.45570683 -6.4256857  -6.3069952  -6.56198457 -6.67628121
  -6.46187166 -6.68635525 -6.71087033 -6.73900561 -6.7584516  -6.64285712
  -6.76258188 -6.73528238 -6.6590576  -6.87535337 -6.80320748 -6.71452784
  -6.66359525 -6.6086352  -7.08470732 -6.77823744 -6.71405141 -6.78728216
  -6.88101137 -6.82959132 -6.90011099 -6.85917563 -6.54920728 -6.70827342
  -6.77103995 -6.63589194 -6.85994334 -6.77809674]
 [-2.91783692 -4.1111926  -4.63696502 -4.68819667 -5.30533523 -5.48783948
  -5.64895936 -5.76512722 -5.82816509 -5.61871586 -5.9935167  -5.81869718
  -5.84075464 -5.72660777 -5.96085726 -5.85103474 -5.84416902 -5.8267451
  -5.77721437 -5.86292495 -5.87560483 -5.97793366 -5.89570258 -5.9356922
  -5.95873788 -5.95699482 -5.8212971  -5.71224388 -5.90275638 -5.56582688
  -5.99019207 -5.85866424 -5.94161194 -5.95321479 -5.57962055 -5.91718448
  -5.80341095 -5.77863474 -5.85066127 -5.93488162]]
