args:  Namespace(attack='pgd', ndim=1)
elapsed time: 49189.883433571
test_losses: [[-0.44134107 -0.71627485 -0.64392385 -0.75968544 -0.78862584 -0.78139074
  -0.91885763 -0.91885763 -0.97673843 -0.99844373 -0.99844373 -0.99844373
  -1.03461922 -1.02014903 -1.02738413 -1.03461922 -1.04185432 -1.03461922
  -1.05632452 -1.07079472 -1.05632452 -1.05632452 -1.05632452 -1.07802982
  -1.08526492 -1.07802982 -1.07079472 -1.08526492 -1.07802982 -1.08526492
  -1.07802982 -1.08526492 -1.07802982 -1.08526492 -1.07802982 -1.08526492
  -1.08526492 -1.08526492 -1.08526492 -1.08526492]
 [-0.48200346 -0.60173322 -0.76762301 -0.7663352  -0.78136717 -0.92356035
  -0.89060079 -0.89712196 -0.9039518  -0.9595985  -0.99817874 -0.98687117
  -1.04937074 -0.97991324 -1.03434105 -1.0343085  -1.04138007 -1.03022463
  -1.06055209 -1.04161734 -1.06722502 -1.06033722 -1.06750351 -1.06015292
  -1.07811885 -1.06405703 -1.07044637 -1.06378412 -1.07818709 -1.07424556
  -1.08132487 -1.07434678 -1.07420778 -1.06359897 -1.07811922 -1.08154579
  -1.08526492 -1.0817379  -1.08526492 -1.08526492]
 [-0.39831835 -0.5909744  -0.73478674 -0.72509669 -0.84452375 -0.74688191
  -0.88961869 -0.91203191 -0.90704379 -0.91529409 -0.92258232 -0.9727985
  -0.99314344 -0.97319667 -1.00747031 -1.00310451 -0.94578817 -0.97477365
  -1.02485602 -0.98063789 -1.04753382 -1.03531811 -1.02698872 -1.03897694
  -1.0568836  -1.06399368 -1.03300543 -1.0667023  -1.04701298 -1.03821541
  -1.06162998 -1.06545031 -1.06139653 -1.053935   -1.06808658 -1.07087694
  -1.06743609 -1.05378761 -1.06746458 -1.07076795]
 [-0.45194918 -0.57164204 -0.58719467 -0.68417462 -0.73780168 -0.73088211
  -0.75344188 -0.83259677 -0.83769745 -0.86431327 -0.83206403 -0.83264917
  -0.91471979 -0.85214002 -0.90829789 -0.93723906 -0.90136426 -0.92464183
  -0.94656199 -0.9247349  -0.97910902 -0.96734511 -0.95238567 -0.9853249
  -0.95919521 -0.95440571 -0.99493007 -0.98489624 -1.01964202 -1.00473778
  -1.00255958 -0.99347509 -1.0234885  -1.00395238 -0.98441717 -1.02745051
  -1.01553768 -1.00780161 -0.99659357 -1.05100157]
 [-0.43779092 -0.49682133 -0.63156554 -0.59910723 -0.69351943 -0.73802864
  -0.80476287 -0.81817359 -0.76576597 -0.80727669 -0.76296668 -0.88815446
  -0.83830155 -0.79279134 -0.86536585 -0.84917337 -0.87017244 -0.89494762
  -0.89408614 -0.92825886 -0.843592   -0.94604188 -0.87805502 -0.8918693
  -0.92761895 -0.93681128 -0.95939822 -0.92969451 -0.93820515 -0.95521839
  -0.89443918 -0.97445363 -0.96546379 -0.95410313 -0.9318987  -0.90404596
  -0.99740492 -0.98589967 -0.95048108 -0.96070655]
 [-0.47734446 -0.54569784 -0.61643832 -0.62734381 -0.65300327 -0.70881988
  -0.71672528 -0.73791255 -0.72801627 -0.80313007 -0.83288784 -0.79262829
  -0.78065177 -0.8153762  -0.85513076 -0.81920367 -0.90824266 -0.83328768
  -0.85327217 -0.87039014 -0.8136762  -0.83541549 -0.87948015 -0.83831289
  -0.85201271 -0.87274506 -0.86397809 -0.87118898 -0.90055843 -0.87577652
  -0.93248645 -0.90674865 -0.92860574 -0.88605222 -0.91366869 -0.93648466
  -0.93429121 -0.92690263 -0.92879103 -0.92319047]
 [-0.40565395 -0.53645666 -0.58346563 -0.63959563 -0.71654186 -0.68939749
  -0.73257254 -0.72860169 -0.70627234 -0.73941015 -0.74019863 -0.72602107
  -0.78605126 -0.77901103 -0.78247644 -0.77955395 -0.78974666 -0.80034955
  -0.79580012 -0.83327834 -0.86066794 -0.84376528 -0.83364043 -0.84004203
  -0.82788581 -0.86799527 -0.85244963 -0.86754379 -0.85967902 -0.82800037
  -0.85711121 -0.87805137 -0.8789442  -0.88527151 -0.90041888 -0.87048388
  -0.91955693 -0.90770753 -0.8970814  -0.89634276]
 [-0.34843786 -0.45449694 -0.55665625 -0.62979296 -0.71001215 -0.65535133
  -0.65671776 -0.63225441 -0.71671194 -0.73557819 -0.75331373 -0.72030651
  -0.73820579 -0.7238818  -0.73438485 -0.75283291 -0.80571382 -0.75439447
  -0.75218065 -0.7472991  -0.76333892 -0.77688551 -0.831768   -0.75782218
  -0.81505895 -0.82546441 -0.80705121 -0.85387108 -0.76992257 -0.81024976
  -0.87065362 -0.89043652 -0.85706073 -0.83862512 -0.79650733 -0.8678781
  -0.87345838 -0.81965039 -0.85176137 -0.84797256]
 [-0.37159117 -0.54835262 -0.56664733 -0.5898465  -0.6099071  -0.59648955
  -0.70291002 -0.66450469 -0.64986398 -0.73741312 -0.64080496 -0.64046725
  -0.71823835 -0.70040263 -0.71435009 -0.67158115 -0.73808448 -0.7493843
  -0.73715407 -0.79119838 -0.72804407 -0.74022617 -0.7779268  -0.7450731
  -0.69940463 -0.77951936 -0.75443981 -0.74387738 -0.78619657 -0.75123904
  -0.79016086 -0.81517833 -0.77029482 -0.81247991 -0.80078206 -0.77072816
  -0.81907078 -0.79333894 -0.82359538 -0.81906218]
 [-0.37787789 -0.52734088 -0.45944586 -0.5467189  -0.63322083 -0.52729134
  -0.63672461 -0.62917525 -0.67911258 -0.67492157 -0.59514513 -0.62010773
  -0.66610661 -0.71012284 -0.70852564 -0.70443842 -0.67466816 -0.71922471
  -0.70540943 -0.6788123  -0.67483272 -0.77564902 -0.70994001 -0.71952344
  -0.68112354 -0.75928856 -0.71901222 -0.72791751 -0.69571307 -0.76242114
  -0.70783197 -0.75127614 -0.78128501 -0.73085535 -0.75094157 -0.7821933
  -0.7507319  -0.77957478 -0.76747363 -0.77382351]
 [-0.33718282 -0.45274653 -0.58690336 -0.53677679 -0.53374205 -0.57221885
  -0.6659631  -0.65296707 -0.60176525 -0.57442244 -0.65228054 -0.55465685
  -0.60450712 -0.62410447 -0.6572439  -0.65906953 -0.64603335 -0.70698816
  -0.64194382 -0.66242883 -0.60922254 -0.66146035 -0.64015487 -0.62715647
  -0.6962834  -0.69934184 -0.67473396 -0.71094876 -0.67047475 -0.70829681
  -0.66497793 -0.67301375 -0.71224249 -0.76080872 -0.63953135 -0.64042373
  -0.69431234 -0.65781439 -0.70632075 -0.73071663]
 [-0.34052906 -0.39802672 -0.53644038 -0.50522339 -0.48826845 -0.56620985
  -0.55602028 -0.59834654 -0.61257869 -0.54178811 -0.56688477 -0.53442886
  -0.52974313 -0.59194691 -0.59988425 -0.62159923 -0.63751594 -0.58450822
  -0.58962909 -0.57285467 -0.62398431 -0.62341308 -0.65022337 -0.55590914
  -0.62332967 -0.67767698 -0.65033014 -0.64027047 -0.62584686 -0.61941066
  -0.60352553 -0.54505008 -0.66772294 -0.60325796 -0.61052585 -0.59348014
  -0.63522052 -0.65513676 -0.63373842 -0.58084155]
 [-0.39581365 -0.44315355 -0.54642555 -0.45484877 -0.48782979 -0.53679814
  -0.57980285 -0.55021821 -0.50667051 -0.58024602 -0.53995734 -0.53178015
  -0.55426379 -0.59117155 -0.55550155 -0.54736658 -0.58998897 -0.5521152
  -0.5697233  -0.61551219 -0.54141391 -0.55938214 -0.57822981 -0.60324536
  -0.57967209 -0.55434986 -0.59149394 -0.57531341 -0.47872436 -0.5197425
  -0.58877406 -0.55115702 -0.51599885 -0.55470145 -0.59824842 -0.4953002
  -0.58495344 -0.52075159 -0.60064185 -0.55821068]
 [-0.35462632 -0.41120927 -0.42399629 -0.4365971  -0.41409343 -0.39208781
  -0.37307403 -0.3779492  -0.38750631 -0.27520612 -0.39285534 -0.34920162
  -0.30882885 -0.36040193 -0.31771314 -0.29723744 -0.33866316 -0.26150215
  -0.24717527 -0.30256024 -0.31801872 -0.31012476 -0.26842276 -0.27522566
  -0.28578238 -0.22906513 -0.20594956 -0.23672681 -0.26589839 -0.22552853
  -0.23060537 -0.23756606 -0.23419945 -0.18020542 -0.24451769 -0.2161258
  -0.22693718 -0.21794407 -0.19722203 -0.21078987]
 [-0.29514307 -0.41935412 -0.33726495 -0.37074801 -0.31161257 -0.31548114
  -0.30215216 -0.28470897 -0.21639313 -0.20753904 -0.24524621 -0.2180756
  -0.22922136 -0.1920821  -0.16296269 -0.15032725 -0.18405728 -0.17673258
  -0.13636368 -0.18537225 -0.18150912 -0.15109191 -0.117278   -0.12127514
  -0.13178824 -0.11364185 -0.13726662 -0.10883283 -0.10724157 -0.11121805
  -0.10623419 -0.07981522 -0.11528313 -0.097525   -0.07407075 -0.08388614
  -0.09856759 -0.06346004 -0.07611492 -0.10613276]
 [-0.29966219 -0.33701878 -0.28837604 -0.33410567 -0.26544873 -0.24258527
  -0.24960517 -0.1856994  -0.20340438 -0.1396679  -0.17360075 -0.15531948
  -0.12925035 -0.10438896 -0.11599494 -0.11193334 -0.10198781 -0.12101398
  -0.05791456 -0.09271296 -0.06215961 -0.06766773 -0.0598324  -0.08249384
  -0.05202733 -0.0462279  -0.04403551 -0.0537742  -0.05824415 -0.03475776
  -0.03888456 -0.04148096 -0.02576862 -0.03425077 -0.03668043 -0.03039439
  -0.02520462 -0.03326314 -0.02119345 -0.02699565]
 [-0.21024419 -0.24824006 -0.25897471 -0.19354889 -0.13694201 -0.1207021
  -0.10079071 -0.09521189 -0.08071614 -0.07353486 -0.06525218 -0.05133721
  -0.04318966 -0.06425001 -0.06263901 -0.04885979 -0.03247755 -0.03835975
  -0.03603457 -0.01534827 -0.01030883 -0.01774924 -0.02055059 -0.0126513
  -0.02182839 -0.0226532  -0.01951659 -0.00974907 -0.01524116 -0.00877332
  -0.0100318  -0.01404202 -0.01930338 -0.01044918 -0.01040857 -0.00426841
  -0.00563057 -0.01328671 -0.00360566 -0.0091845 ]]
variance: [[0.98301801 0.66475029 0.76316202 0.60067797 0.55586923 0.56722846
  0.3335006  0.3335006  0.22378199 0.18091007 0.18091007 0.18091007
  0.10736301 0.13709591 0.12228181 0.10736301 0.09233952 0.10736301
  0.06197845 0.03119861 0.06197845 0.06197845 0.06197845 0.01565165
  0.         0.01565165 0.03119861 0.         0.01565165 0.
  0.01565165 0.         0.01565165 0.         0.01565165 0.
  0.         0.         0.         0.        ]
 [0.9024627  0.76877048 0.55720295 0.5513299  0.50467015 0.26612255
  0.3221988  0.29481932 0.30592713 0.21393215 0.14220207 0.16108121
  0.06094065 0.19798954 0.08450415 0.07664612 0.06985713 0.08904875
  0.02564832 0.06930054 0.03490539 0.03397674 0.02649341 0.0264108
  0.00760894 0.02993562 0.02411685 0.03051323 0.00746466 0.01202941
  0.00464168 0.01965424 0.01210728 0.03870776 0.00760843 0.00413576
  0.         0.00371953 0.         0.        ]
 [0.91737672 0.65257554 0.50896744 0.48760882 0.33548942 0.43992003
  0.27678926 0.21287539 0.21416307 0.20331183 0.18988085 0.12565497
  0.11321941 0.12135649 0.07670542 0.08939136 0.15415591 0.11448143
  0.07697832 0.11041379 0.03754942 0.05900551 0.06061414 0.04752315
  0.02949146 0.02228365 0.05995041 0.02036651 0.03860869 0.04541
  0.02348904 0.01931463 0.02396279 0.03192575 0.01751512 0.01533023
  0.01878785 0.03222275 0.01875695 0.01563751]
 [0.8053972  0.54612859 0.54337365 0.41564567 0.37137502 0.35821695
  0.30100496 0.24185781 0.21385871 0.19617297 0.21914988 0.21467331
  0.16130114 0.2092291  0.16527622 0.13520381 0.1697713  0.14342593
  0.12942582 0.14675339 0.10171762 0.11275481 0.12275179 0.09755408
  0.11733952 0.12241817 0.08637853 0.09459864 0.06406927 0.07854309
  0.07907748 0.08911687 0.06364119 0.07650145 0.09565845 0.05957028
  0.06852034 0.07282124 0.08690438 0.03417015]
 [0.73187756 0.64143662 0.46603254 0.42391501 0.37969328 0.3009045
  0.2368925  0.21504445 0.25887521 0.24450087 0.25605396 0.17385679
  0.20194922 0.24234803 0.18326328 0.19514075 0.19023813 0.16251301
  0.16731861 0.14411655 0.20027351 0.12692621 0.18000679 0.16733451
  0.14184339 0.13254424 0.11683041 0.14165552 0.13383166 0.1210383
  0.16234265 0.10348297 0.11312436 0.12274472 0.13786268 0.15763843
  0.08532651 0.09287132 0.1223085  0.11442005]
 [0.70773409 0.52831768 0.4734653  0.41084264 0.37203201 0.3001645
  0.26896188 0.31646082 0.27962771 0.22373335 0.20634781 0.23656242
  0.23542446 0.21229716 0.20785781 0.21001494 0.15412559 0.20226882
  0.1920526  0.18189767 0.21481785 0.20266569 0.17419932 0.2015825
  0.19054094 0.18555293 0.18533388 0.1772668  0.16343986 0.17663826
  0.13657273 0.1567312  0.13979844 0.17056991 0.15547549 0.13667531
  0.13707936 0.1429928  0.13994278 0.14227226]
 [0.7513578  0.5260207  0.44192508 0.36926793 0.29257565 0.33086578
  0.2616916  0.26370372 0.26058002 0.2515983  0.24722579 0.25495861
  0.22790129 0.23485928 0.2374369  0.23028733 0.22602897 0.22486616
  0.22399768 0.20226637 0.18724885 0.19675073 0.20559437 0.19903614
  0.20367824 0.18267678 0.18942422 0.18313516 0.18880788 0.20755109
  0.18961451 0.17656911 0.17492628 0.16439314 0.1602293  0.18225024
  0.14534622 0.15891366 0.16239812 0.1639038 ]
 [0.66946618 0.58797183 0.42960044 0.36281653 0.27100392 0.30647275
  0.30439275 0.30917248 0.26511897 0.25269669 0.24282646 0.25635221
  0.24937382 0.25508977 0.25504808 0.24376294 0.21988547 0.24140077
  0.2411011  0.23927341 0.23625102 0.23045356 0.20489809 0.23681845
  0.21291992 0.20751668 0.2180379  0.19111902 0.23369948 0.21693689
  0.18154136 0.16652911 0.18948774 0.19760326 0.21925972 0.18253318
  0.17689134 0.20965169 0.18721527 0.19700139]
 [0.7701056  0.48561859 0.40289682 0.37606761 0.31671995 0.34831997
  0.28466106 0.28246358 0.28968419 0.26623415 0.27103006 0.27518395
  0.25524361 0.26136542 0.2573802  0.26968383 0.24980576 0.2448584
  0.24802007 0.22046715 0.24932332 0.24725628 0.23305681 0.24763589
  0.25909419 0.22710733 0.24146716 0.24187542 0.22800835 0.24264356
  0.22559517 0.21282531 0.23328255 0.21332478 0.22053366 0.2328399
  0.21016851 0.22123169 0.20702977 0.20712175]
 [0.69859578 0.52807207 0.47361251 0.37461582 0.31480668 0.31216209
  0.27943135 0.3047133  0.28276563 0.27297456 0.28048424 0.28126076
  0.26907111 0.25891659 0.2578378  0.2561685  0.26610027 0.2543528
  0.25822358 0.26442908 0.26544612 0.23270518 0.25238241 0.25373896
  0.26479815 0.23826122 0.25453356 0.24880351 0.25692876 0.23372355
  0.26258528 0.23559473 0.2276232  0.24940823 0.23860466 0.22658346
  0.24325262 0.23073973 0.2300954  0.23181599]
 [0.68477064 0.53040869 0.3988412  0.3532464  0.32945389 0.32158894
  0.27578622 0.27110374 0.29148231 0.2847874  0.27962857 0.28389296
  0.28328394 0.27996593 0.27253867 0.27093282 0.27252234 0.2600448
  0.2737097  0.27377959 0.27880923 0.26780439 0.27982219 0.2733234
  0.25973659 0.25951768 0.26892903 0.25058222 0.26750997 0.25774521
  0.2673971  0.2682539  0.25480374 0.23259502 0.27006421 0.27250109
  0.26185876 0.26571227 0.25383547 0.24799902]
 [0.66251708 0.50324833 0.34233059 0.33221862 0.30183187 0.28635498
  0.30158155 0.29155844 0.28973652 0.30164648 0.28527837 0.28230492
  0.28347969 0.28412964 0.27924745 0.2761131  0.27530399 0.28154676
  0.2792094  0.27923756 0.28005532 0.27369192 0.2705364  0.27931396
  0.27447911 0.26223058 0.26699445 0.27551521 0.27456678 0.27816989
  0.27856021 0.27987118 0.26739743 0.27897895 0.27115653 0.27219598
  0.27465902 0.26863601 0.27323928 0.27834926]
 [0.63001187 0.48454526 0.37808458 0.3330964  0.31376281 0.30292146
  0.28631191 0.28454189 0.2953889  0.28526911 0.29151824 0.28168358
  0.28392736 0.28432719 0.28283399 0.28325333 0.28246734 0.27906564
  0.27935257 0.27549014 0.2820364  0.28276375 0.28056688 0.27515914
  0.27970856 0.28070017 0.2809186  0.27700541 0.27681313 0.27239521
  0.27965028 0.27901582 0.27907034 0.27769037 0.2775983  0.27321564
  0.27439137 0.27846331 0.27490175 0.27219283]
 [0.51177643 0.39068679 0.32500478 0.29079704 0.26567439 0.26466873
  0.26043385 0.25644824 0.26094612 0.21251468 0.25737738 0.24610635
  0.2263737  0.23929305 0.22876874 0.2218693  0.2347463  0.20615449
  0.19082531 0.22259263 0.2250998  0.22203209 0.20650856 0.20352277
  0.20959514 0.17214158 0.16606717 0.18373323 0.19701154 0.17028361
  0.17899144 0.19056856 0.18487585 0.14181719 0.18073532 0.16676406
  0.17707471 0.16209624 0.15287527 0.16080224]
 [0.53851317 0.371548   0.29321231 0.26111748 0.24736694 0.22941595
  0.22211523 0.21993637 0.17223971 0.17174189 0.19036804 0.17572525
  0.18261773 0.15925277 0.14128992 0.12985004 0.15417546 0.13805412
  0.11530369 0.1504819  0.14751555 0.12639984 0.10372823 0.10331866
  0.10531058 0.08996766 0.11106851 0.08686259 0.08756489 0.09383799
  0.09046286 0.06455492 0.09674927 0.07737108 0.05384759 0.06362542
  0.0801055  0.04736813 0.06072637 0.08310474]
 [0.42100438 0.28088236 0.22967921 0.24383868 0.20753856 0.19606778
  0.19955245 0.16066017 0.16597447 0.11386288 0.14626178 0.13940355
  0.10514533 0.08360353 0.10736716 0.09314016 0.08053952 0.09951398
  0.0474602  0.08159637 0.05418824 0.05735128 0.04333287 0.06768765
  0.04372021 0.04091213 0.03314648 0.04383903 0.0439995  0.02617887
  0.02607261 0.02980146 0.01487038 0.02196729 0.02223109 0.01845226
  0.01839393 0.01852086 0.01103297 0.01454825]
 [0.40174142 0.23940005 0.21034693 0.16448957 0.12523809 0.11375382
  0.08716769 0.08777086 0.07094101 0.06807037 0.05390996 0.04370509
  0.0398824  0.057495   0.05417542 0.03643222 0.02904673 0.03270834
  0.03595457 0.01034987 0.00639442 0.00690684 0.0103039  0.00645934
  0.01769014 0.01414402 0.0104476  0.0060509  0.00661234 0.00314407
  0.00581701 0.00620267 0.01011058 0.00586042 0.00595487 0.00192051
  0.00213131 0.00615707 0.0020667  0.00242692]]
