args:  Namespace(attack='fgsm', l2=0.1, ndim=1)
lin_fgsm_1D_10_model.pt
elapsed time: 6589.135291113
mins: [[-1.06671607 -1.06671607 -1.06671607 -1.06671607 -1.06671607 -1.06671607
  -1.06671607 -1.06671607 -1.06671607 -1.06671607 -1.06671607 -1.06671607
  -1.06671607 -1.06671607 -1.06671607 -1.06671607 -1.06671607 -1.06671607
  -1.06671607 -1.06671607 -1.06671607 -1.06671607 -1.06671607 -1.06671607
  -1.06671607 -1.06671607 -1.06671607 -1.06671607 -1.06671607 -1.06671607
  -1.06671607 -1.06671607 -1.06671607 -1.06671607 -1.06671607 -1.06671607
  -1.06671607 -1.06671607 -1.06671607 -1.06671607]
 [-1.06671607 -1.06671607 -1.06671607 -1.06671607 -1.06671607 -1.06671607
  -1.06671607 -1.06671607 -1.06671607 -1.06671607 -1.06671607 -1.06671607
  -1.06671607 -1.06671607 -1.06671607 -1.06671607 -1.06671607 -1.06671607
  -1.06671607 -1.06671607 -1.06671607 -1.06671607 -1.06671607 -1.06671607
  -1.06671607 -1.06671607 -1.06671607 -1.06671607 -1.06671607 -1.06671607
  -1.06671607 -1.06671607 -1.06671607 -1.06671607 -1.06671607 -1.06671607
  -1.06671607 -1.06671607 -1.06671607 -1.06671607]
 [-1.06671607 -1.06671607 -1.06671607 -1.06671607 -1.06671607 -1.06671607
  -1.06671607 -1.06671607 -1.06671607 -1.06671607 -1.06671607 -1.06671607
  -1.06671607 -1.06671607 -1.06671607 -1.06671607 -1.06671607 -1.06671607
  -1.06671607 -1.06671607 -1.06671607 -1.06671607 -1.06671607 -1.06671607
  -1.06671607 -1.06671607 -1.06671607 -1.06671607 -1.06671607 -1.06671607
  -1.06671607 -1.06671607 -1.06671607 -1.06671607 -1.06671607 -1.06671607
  -1.06671607 -1.06671607 -1.06671607 -1.06671607]
 [-1.06671607 -1.06671607 -1.06671607 -1.06671607 -1.06671607 -1.06671607
  -1.06671607 -1.06671607 -1.06671607 -1.06671607 -1.06671607 -1.06671607
  -1.06671607 -1.06671607 -1.06671607 -1.06671607 -1.06671607 -1.06671607
  -1.06671607 -1.06671607 -1.06671607 -1.06671607 -1.06671607 -1.06671607
  -1.06671607 -1.06671607 -1.06671607 -1.06671607 -1.06671607 -1.06671607
  -1.06671607 -1.06671607 -1.06671607 -1.06671607 -1.06671607 -1.06671607
  -1.06671607 -1.06671607 -1.06671607 -1.06671607]
 [-1.06671607 -1.06671607 -1.06671607 -1.06671607 -1.06671607 -1.06671607
  -1.06671607 -1.06671607 -1.06671607 -1.06671607 -1.06671607 -1.06671607
  -1.06671607 -1.06671607 -1.06671607 -1.06671607 -1.06671607 -1.06671607
  -1.06671607 -1.06671607 -1.06671607 -1.06671607 -1.06671607 -1.06671607
  -1.06671607 -1.06671607 -1.06671607 -1.06671607 -1.06671607 -1.06671607
  -1.06671607 -1.06671607 -1.06671607 -1.06671607 -1.06671607 -1.06671607
  -1.06671607 -1.06671607 -1.06671607 -1.06671607]
 [-1.06671607 -1.06671607 -1.06671607 -1.06671607 -1.06671607 -1.06671607
  -1.06671607 -1.06671607 -1.06671607 -1.06671607 -1.06671607 -1.06671607
  -1.06671607 -1.06671607 -1.06671607 -1.06671607 -1.06671607 -1.06671607
  -1.06671607 -1.06671607 -1.06671607 -1.06671607 -1.06671607 -1.06671607
  -1.06671607 -1.06671607 -1.06671607 -1.06671607 -1.06671607 -1.06671607
  -1.06671607 -1.06671607 -1.06671607 -1.06671607 -1.06671607 -1.06671607
  -1.06671607 -1.06671607 -1.06671607 -1.06671607]
 [-1.06671607 -1.06671607 -1.06671607 -1.06671607 -1.06671607 -1.06671607
  -1.06671607 -1.06671607 -1.06671607 -1.06671607 -1.06671607 -1.06671607
  -1.06671607 -1.06671607 -1.06671607 -1.06671607 -1.06671607 -1.06671607
  -1.06671607 -1.06671607 -1.06671607 -1.06671607 -1.06671607 -1.06671607
  -1.06671607 -1.06671607 -1.06671607 -1.06671607 -1.06671607 -1.06671607
  -1.06671607 -1.06671607 -1.06671607 -1.06671607 -1.06671607 -1.06671607
  -1.06671607 -1.06671607 -1.06671607 -1.06671607]
 [-1.06671607 -1.06671607 -1.06671607 -1.06671607 -1.06671607 -1.06671607
  -1.06671607 -1.06671607 -1.06671607 -1.06671607 -1.06671607 -1.06671607
  -1.06671607 -1.06671607 -1.06671607 -1.06671607 -1.06671607 -1.06671607
  -1.06671607 -1.06671607 -1.06671607 -1.06671607 -1.06671607 -1.06671607
  -1.06671607 -1.06671607 -1.06671607 -1.06671607 -1.06671607 -1.06671607
  -1.06671607 -1.06671607 -1.06671607 -1.06671607 -1.06671607 -1.06671607
  -1.06671607 -1.06671607 -1.06671607 -1.06671607]
 [-1.06671607 -1.06671607 -1.06671607 -1.06671607 -1.06671607 -1.06671607
  -1.06671607 -1.06671607 -1.06671607 -1.06671607 -1.06671607 -1.06671607
  -1.06671607 -1.06671607 -1.06671607 -1.06671607 -1.06671607 -1.06671607
  -1.06671607 -1.06671607 -1.06671607 -1.06671607 -1.06671607 -1.06671607
  -1.06671607 -1.06671607 -1.06671607 -1.06671607 -1.06671607 -1.06671607
  -1.06671607 -1.06671607 -1.06671607 -1.06671607 -1.06671607 -1.06671607
  -1.06671607 -1.06671607 -1.06671607 -1.06671607]
 [-1.06671607 -1.06671607 -1.06671607 -1.06671607 -1.06671607 -1.06671607
  -1.06671607 -1.06671607 -1.06671607 -1.06671607 -1.06671607 -1.06671607
  -1.06671607 -1.06671607 -1.06671607 -1.06671607 -1.06671607 -1.06671607
  -1.06671607 -1.06671607 -1.06671607 -1.06671607 -1.06671607 -1.06671607
  -1.06671607 -1.06671607 -1.06671607 -1.06671607 -1.06671607 -1.06671607
  -1.06671607 -1.06671607 -1.06671607 -1.06671607 -1.06671607 -1.06671607
  -1.06671607 -1.06671607 -1.06671607 -1.06671607]
 [-1.06671607 -1.06671607 -1.06671607 -1.06671607 -1.06671607 -1.06671607
  -1.06671607 -1.06671607 -1.06671607 -1.06671607 -1.06671607 -1.06671607
  -1.06671607 -1.06671607 -1.06671607 -1.06671607 -1.06671607 -1.06671607
  -1.06671607 -1.06671607 -1.06671607 -1.06671607 -1.06671607 -1.06671607
  -1.06671607 -1.06671607 -1.06671607 -1.06671607 -1.06671607 -1.06671607
  -1.06671607 -1.06671607 -1.06671607 -1.06671607 -1.06671607 -1.06671607
  -1.06671607 -1.06671607 -1.06671607 -1.06671607]
 [-1.06671607 -1.06671607 -1.06671607 -1.06671607 -1.06671607 -1.06671607
  -1.06671607 -1.06671607 -1.06671607 -1.06671607 -1.06671607 -1.06671607
  -1.06671607 -1.06671607 -1.06671607 -1.06671607 -1.06671607 -1.06671607
  -1.06671607 -1.06671607 -1.06671607 -1.06671607 -1.06671607 -1.06671607
  -1.06671607 -1.06671607 -1.06671607 -1.06671607 -1.06671607 -1.06671607
  -1.06671607 -1.06671607 -1.06671607 -1.06671607 -1.06671607 -1.06671607
  -1.06671607 -1.06671607 -1.06671607 -1.06671607]
 [-1.06671607 -1.06671607 -1.06671607 -1.06671607 -1.06671607 -1.06671607
  -1.06671607 -1.06671607 -1.06671607 -1.06671607 -1.06671607 -1.06671607
  -1.06671607 -1.06671607 -1.06671607 -1.06671607 -1.06671607 -1.06671607
  -1.06671607 -1.06671607 -1.06671607 -1.06671607 -1.06671607 -1.06671607
  -1.06671607 -1.06671607 -1.06671607 -1.06671607 -1.06671607 -1.06671607
  -1.06671607 -1.06671607 -1.06671607 -1.06671607 -1.06671607 -1.06671607
  -1.06671607 -1.06671607 -1.06671607 -1.06671607]
 [-1.06671607 -1.06671607 -1.06671607 -1.06671607 -1.06671607 -1.06671607
  -1.06671607 -1.06671607 -1.06671607 -1.06671607 -1.06671607 -1.06671607
  -1.06671607 -1.06671607 -1.06671607 -1.06671607 -1.06671607 -1.06671607
  -1.06671607 -1.06671607 -1.06671607 -1.06671607 -1.06671607 -1.06671607
  -1.06671607 -1.06671607 -1.06671607 -1.06671607 -1.06671607 -1.06671607
  -1.06671607 -1.06671607 -1.06671607 -1.06671607 -1.06671607 -1.06671607
  -1.06671607 -1.06671607 -1.06671607 -1.06671607]
 [-1.06671607 -1.06671607 -1.06671607 -1.06671607 -1.06671607 -1.06671607
  -1.06671607 -1.06671607 -1.06671607 -1.06671607 -1.06671607 -1.06671607
  -1.06671607 -1.06671607 -1.06671607 -1.06671607 -1.06671607 -1.06671607
  -1.06671607 -1.06671607 -1.06671607 -1.06671607 -1.06671607 -1.06671607
  -1.06671607 -1.06671607 -1.06671607 -1.06671607 -1.06671607 -1.06671607
  -1.06671607 -1.06671607 -1.06671607 -1.06671607 -1.06671607 -1.06671607
  -1.06671607 -1.06671607 -1.06671607 -1.06671607]
 [-1.06671607 -1.06671607 -1.06671607 -1.06671607 -1.06671607 -1.06671607
  -1.06671607 -1.06671607 -1.06671607 -1.06671607 -1.06671607 -1.06671607
  -1.06671607 -1.06671607 -1.06671607 -1.06671607 -1.06671607 -1.06671607
  -1.06671607 -1.06671607 -1.06671607 -1.06671607 -1.06671607 -1.06671607
  -1.06671607 -1.06671607 -1.06671607 -1.06671607 -1.06671607 -1.06671607
  -1.06671607 -1.06671607 -1.06671607 -1.06671607 -1.06671607 -1.06671607
  -1.06671607 -1.06671607 -1.06671607 -1.06671607]
 [-1.06671607 -1.06671607 -1.06671607 -1.06671607 -1.06671607 -1.06671607
  -1.06671607 -1.06671607 -1.06671607 -1.06671607 -1.06671607 -1.06671607
  -1.06671607 -1.06671607 -1.06671607 -1.06671607 -1.06671607 -1.06671607
  -1.06671607 -1.06671607 -1.06671607 -1.06671607 -1.06671607 -1.06671607
  -1.06671607 -1.06671607 -1.06671607 -1.06671607 -1.06671607 -1.06671607
  -1.06671607 -1.06671607 -1.06671607 -1.06671607 -1.06671607 -1.06671607
  -1.06671607 -1.06671607 -1.06671607 -1.06671607]]
maxs: [[ 1.06671607  1.06671607  1.06671607  1.06671607  1.06671607  1.06671607
   1.06671607  1.06671607  1.06671607  1.06671607  1.06671607  1.06671607
   1.06671607  1.06671607  1.06671607  1.06671607  1.06671607  1.06671607
   1.06671607  1.06671607  1.06671607  1.06671607  1.06671607  1.06671607
   1.06671607  1.06671607  1.06671607  1.06671607 -1.06671607  1.06671607
  -1.06671607 -1.06671607 -1.06671607 -1.06671607 -1.06671607  1.06671607
   1.06671607  1.06671607 -1.06671607 -0.26023138]
 [ 1.06671607  1.06671607  1.06671607  1.06671607  1.06671607  1.06671607
   1.06671607  1.06671607  1.06671607  1.06671607  1.06671607  1.06671607
   1.06671607  1.06671607  1.06671607  1.06671607  1.06671607  1.06671607
   1.06671607  1.06671607 -0.03129705  1.06671607  1.06671607  1.06671607
   1.06671607  0.83989406 -1.06671607  1.06671607  1.06671607  0.44555527
  -1.06671607  1.06671607 -0.08660722 -1.06671607 -0.3948437   0.33285972
   1.06671607 -0.63149399 -0.17733152 -1.06671607]
 [ 1.06671607  1.06671607  1.06671607  1.06671607  1.06671607  1.06671607
   1.06671607  1.06671607  1.06671607  1.06671607  1.06671607  1.06671607
   1.06671607  1.06671607  1.06671607  1.06671607  0.61187822  0.16613145
   1.06671607  1.06671607  1.06671607  0.56993449  1.06671607  1.06671607
   1.06671607  0.63501579  1.06671607  0.01489496  1.06671607  0.36123103
   1.06671607  1.06671607  0.70340192 -0.49776405 -0.91705215 -0.89740014
   0.46327782  0.23540819 -0.26639602 -0.722377  ]
 [ 1.06671607  1.06671607  1.06671607  1.06671607  1.06671607  1.06671607
   1.06671607  1.06671607  1.06671607  1.06671607  1.06671607  1.06671607
   1.06671607  1.06671607  1.06671607  1.00273252  1.06671607  1.06671607
   1.06671607  1.06671607  1.06671607  1.06671607  0.50526398  1.06671607
   1.06671607  1.06671607  0.49031582  1.06671607  0.20760334  0.06129299
   0.57893002  0.56686914  0.94444788  0.20501524  0.07006353 -0.55984682
   0.23607874  0.28112754  1.06671607  1.06671607]
 [ 1.06671607  1.06671607  1.06671607  1.06671607  1.06671607  1.06671607
   1.06671607  1.06671607  1.06671607  1.06671607  1.06671607  1.06671607
   1.06671607  1.06671607  1.06671607  1.06671607  1.06671607  1.06671607
   1.06671607  1.06671607  1.06671607  1.06671607  1.06671607  1.06671607
   1.06671607  1.06671607  1.06671607  1.06671607  1.06671607  1.06671607
   1.06671607  1.06671607  0.87006056  0.02700948  1.06671607  1.06671607
   0.23256589  0.13111243  0.08136694  0.08054177]
 [ 1.06671607  1.06671607  1.06671607  1.06671607  1.06671607  1.06671607
   1.06671607  1.06671607  1.06671607  1.06671607  1.06671607  1.06671607
   1.06671607  1.06671607  1.06671607  1.06671607  1.06671607  1.06671607
   1.06671607  1.06671607  1.06671607  1.06671607  1.06671607  1.06671607
   1.06671607  1.06671607  1.06671607  1.06671607  1.06671607  0.84072787
   0.79903448  1.06671607  1.06671607  0.12148337  1.06671607  1.05423284
   1.06671607  0.51463336  1.05143118  1.06671607]
 [ 1.06671607  1.06671607  1.06671607  1.06671607  1.06671607  1.06671607
   1.06671607  1.06671607  1.06671607  1.06671607  1.06671607  1.06671607
   1.06671607  1.06671607  1.06671607  1.06671607  1.06671607  1.06671607
   1.06671607  1.06671607  1.06671607  1.06671607  1.06671607  0.82684398
   1.06671607  0.70390373  1.06671607  1.06671607  1.06671607  1.06671607
   1.06671607  0.66207778  1.06671607  1.06671607  1.06671607  1.06671607
   0.26523006  0.09119631  1.06671607  1.06671607]
 [ 1.06671607  1.06671607  1.06671607  1.06671607  1.06671607  1.06671607
   1.06671607  1.06671607  1.06671607  1.06671607  1.06671607  1.06671607
   1.06671607  1.06671607  1.06671607  1.06671607  1.06671607  1.06671607
   1.06671607  1.06671607  1.00045729  1.06671607  1.06671607  1.06671607
   1.06671607  1.06671607  1.06671607  1.03140807  0.67635858  1.06671607
   1.01740932  1.06671607  1.06671607  0.67828554  0.70955908  1.06671607
   1.06671607  0.88729268  1.06671607  1.06671607]
 [ 1.06671607  1.06671607  1.06671607  1.06671607  1.06671607  1.06671607
   1.06671607  1.06671607  1.06671607  1.06671607  1.06671607  1.06671607
   1.06671607  1.06671607  1.06671607  1.06671607  1.06671607  1.06671607
   1.06671607  1.06671607  1.06671607  1.06671607  1.06671607  0.75541967
   1.00844836  1.06671607  1.06671607  1.03691792  1.06671607  1.06671607
   1.06671607  0.47117904  1.06671607  1.06671607  0.79444772  1.06671607
   1.06671607  1.06671607  1.06671607  1.06671607]
 [ 1.06671607  1.06671607  1.06671607  1.06671607  1.06671607  1.06671607
   1.06671607  1.06671607  1.06671607  1.06671607  1.06671607  1.06671607
   1.06671607  1.06671607  1.06671607  1.06671607  1.06671607  1.06671607
   1.02007067  1.06671607  1.06671607  1.06671607  1.06671607  1.06671607
   1.06671607  1.06671607  1.06671607  1.06671607  1.06671607  1.06671607
   1.04030979  0.96552497  1.03482389  1.06671607  0.66925275  0.65233153
   1.06671607  1.06671607  1.06671607  1.05140126]
 [ 1.06671607  1.06671607  1.06671607  1.06671607  1.06671607  1.06671607
   1.06671607  1.06671607  1.06671607  1.06671607  1.06671607  1.06671607
   1.06671607  1.06671607  1.06671607  1.06671607  1.06671607  1.06671607
   1.06671607  1.06671607  1.06671607  1.06671607  1.06671607  1.06671607
   1.06671607  1.06671607  1.06671607  1.06671607  1.06671607  1.06671607
   1.06671607  1.06671607  1.06671607  0.93408835  1.06671607  1.06671607
   1.06671607  1.06671607  1.06671607  1.06671607]
 [ 1.06671607  1.06671607  1.06671607  1.06671607  1.06671607  1.06671607
   1.06671607  1.06671607  1.06671607  1.06671607  1.06671607  1.06671607
   1.06671607  1.06671607  1.06671607  1.06671607  1.06671607  1.06671607
   1.06671607  1.06671607  1.06671607  1.06671607  1.06671607  0.89871669
   1.06671607  1.06671607  1.06671607  1.06671607  1.06671607  1.06671607
   1.06671607  1.06671607  1.06671607  1.06671607  1.06671607  1.06671607
   1.06671607  1.06671607  1.06671607  1.06671607]
 [ 1.06671607  1.06671607  1.06671607  1.06671607  1.06671607  1.06671607
   1.06671607  1.06671607  1.06671607  1.06671607  1.06671607  1.06671607
   1.06671607  1.06671607  1.06671607  1.06671607  1.06671607  1.06671607
   1.06671607  1.06671607  1.06671607  1.06671607  1.06671607  1.06671607
   1.06671607  1.06671607  1.06671607  1.06671607  1.06671607  1.06671607
   1.06671607  1.06671607  1.06671607  1.06671607  1.06671607  1.06671607
   1.06671607  1.06671607  1.06671607  1.06671607]
 [ 1.06671607  1.06671607  1.06671607  1.06671607  1.06671607  1.06671607
   1.06671607  1.06671607  1.06671607  1.06671607  1.06671607  1.06671607
   1.06671607  1.06671607  1.06671607  1.06671607  1.06671607  1.06671607
   1.06671607  1.06671607  1.06671607  1.06671607  1.06671607  1.06671607
   1.06671607  1.06671607  1.06671607  1.06671607  1.06671607  1.06671607
   1.06671607  1.06671607  1.06671607  1.06671607  1.06671607  1.06671607
   1.06671607  1.06671607  1.06671607  1.06671607]
 [ 1.06671607  1.06671607  1.06671607  1.06671607  1.06671607  1.06671607
   1.06671607  1.06671607  1.06671607  1.06671607  1.06671607  1.06671607
   1.06671607  1.06671607  1.06671607  1.06671607  1.06671607  1.06671607
   1.06671607  1.06671607  1.06671607  1.06671607  1.06671607  1.06671607
   1.06671607  1.06671607  1.06671607  1.06671607  1.06671607  1.06671607
   1.06671607  1.06671607  1.06671607  1.06671607  1.06671607  1.06671607
   1.06671607  1.06671607  1.06671607  1.06671607]
 [ 1.06671607  1.06671607  1.06671607  1.06671607  1.06671607  1.06671607
   1.06671607  1.06671607  1.06671607  1.06671607  1.06671607  1.06671607
   1.06671607  1.06671607  1.06671607  1.06671607  1.06671607  1.06671607
   1.06671607  1.06671607  1.06671607  1.06671607  1.06671607  1.06671607
   1.06671607  1.06671607  1.06671607  1.06671607  1.06671607  1.06671607
   1.06671607  1.06671607  1.06671607  1.06671607  1.06671607  1.06671607
   1.06671607  1.06671607  1.06671607  1.06671607]
 [ 1.06671607  1.06671607  1.06671607  1.06671607  1.06671607  1.06671607
   1.06671607  1.06671607  1.06671607  1.06671607  1.06671607  1.06671607
   1.06671607  1.06671607  1.06671607  1.06671607  1.06671607  1.06671607
   1.06671607  1.06671607  1.06671607  1.06671607  1.06671607  1.06671607
   1.06671607  1.06671607  1.06671607  1.06671607  1.06671607  1.06671607
   1.06671607  1.06671607  1.06671607  1.06671607  1.06671607  1.06671607
   1.06671607  1.06671607  1.06671607  1.06671607]]
test_losses: [[-0.43684266 -0.56186873 -0.72628232 -0.64082162 -0.8136648  -0.8604843
  -0.81211595 -0.87112026 -0.91327585 -0.93537188 -0.96696405 -0.9599739
  -1.01885204 -1.03743789 -1.02404743 -1.05249319 -1.01693599 -1.04538175
  -1.02404743 -1.03589418 -1.01693599 -1.03827031 -1.05960463 -1.05076163
  -1.03827031 -1.05249319 -1.05960463 -1.03827031 -1.06671607 -1.05249319
  -1.06671607 -1.06671607 -1.06671607 -1.06671607 -1.06671607 -1.05249319
  -1.05249319 -1.05960463 -1.06671607 -1.06402779]
 [-0.39106146 -0.56220209 -0.51968813 -0.71415995 -0.76475817 -0.85405332
  -0.84311284 -0.93457327 -0.93363878 -0.95775217 -0.98785278 -0.95165903
  -0.99141306 -0.98576261 -0.999215   -1.01239034 -1.04413465 -1.02935503
  -1.03020126 -1.04973966 -1.06024231 -1.04979053 -1.04644982 -1.049207
  -1.04560697 -1.05201935 -1.06671607 -1.05960463 -1.05249319 -1.05605112
  -1.06671607 -1.05960463 -1.05649499 -1.06671607 -1.0644765  -1.06041905
  -1.05567499 -1.06526533 -1.06375146 -1.06671607]
 [-0.36374119 -0.51209209 -0.5858681  -0.70983967 -0.76873422 -0.74720336
  -0.82612746 -0.87807636 -0.86218606 -0.85981419 -0.93321835 -0.94008153
  -0.97888825 -0.99229666 -1.00156955 -1.00041835 -1.03952678 -1.03353706
  -1.02427411 -1.02388221 -0.99516253 -1.03588081 -1.03711865 -1.05111913
  -1.04302757 -1.0459306  -1.03954561 -1.06159091 -1.0532356  -1.05828538
  -1.05760072 -1.05308422 -1.05782075 -1.0618148  -1.06583029 -1.06615169
  -1.0616161  -1.05849869 -1.06164013 -1.06556828]
 [-0.49969481 -0.44104795 -0.62182407 -0.63626397 -0.66396912 -0.82345866
  -0.81874451 -0.85369654 -0.91923135 -0.90213318 -0.91038751 -0.88546282
  -0.97494356 -0.98198596 -0.95743854 -1.01471221 -0.99256387 -1.0070117
  -1.01810126 -1.02640493 -1.02008897 -1.03882685 -1.03711265 -1.01684083
  -1.02502426 -1.03117523 -1.0443732  -1.01506755 -1.05084472 -1.05681833
  -1.04824284 -1.05067345 -1.03665278 -1.05572367 -1.06290842 -1.06340729
  -1.05601801 -1.05375172 -1.05960463 -1.04972528]
 [-0.40768692 -0.58527991 -0.66797413 -0.64433247 -0.75078377 -0.7381027
  -0.84906846 -0.88156973 -0.85720266 -0.90323208 -0.94852794 -0.941365
  -0.92396678 -0.92891159 -0.93856251 -0.95444969 -1.00940275 -0.99196464
  -1.01817083 -0.98889402 -1.01350921 -1.00428716 -0.99198576 -1.03981681
  -1.02555743 -1.0165241  -1.03233062 -0.99379536 -1.04667215 -1.00821625
  -1.03863345 -1.03692349 -1.04216556 -1.06003281 -1.04174482 -1.05154448
  -1.04088602 -1.06162079 -1.05863397 -1.06182403]
 [-0.37662652 -0.46264782 -0.64554339 -0.73193925 -0.70635759 -0.73961833
  -0.81217685 -0.8253905  -0.87099115 -0.8733146  -0.91094073 -0.93769956
  -0.94083133 -0.91648413 -0.93373794 -0.93580619 -0.98242319 -0.96611146
  -0.97907612 -0.98177583 -0.99863197 -0.97730914 -1.03667844 -1.01275275
  -0.98963318 -1.01970682 -1.02218203 -1.03051407 -1.04255862 -1.02408856
  -1.05265355 -1.01671631 -1.02831133 -1.05520478 -1.02903235 -1.02624828
  -1.04868881 -1.05490098 -1.04386572 -1.03593335]
 [-0.32793409 -0.49813384 -0.57418497 -0.62281842 -0.68672888 -0.80091271
  -0.80904502 -0.78519694 -0.87096218 -0.92342054 -0.9252941  -0.94231351
  -0.90104738 -0.90355228 -0.91486529 -0.90133248 -0.98013337 -0.99564043
  -0.95821974 -0.96596751 -0.97062351 -1.0088371  -0.99269731 -1.01015116
  -1.0181746  -1.02662362 -1.01972979 -1.03169543 -1.04163517 -1.03115835
  -1.02965625 -1.02242172 -1.04849468 -1.04017222 -1.0408676  -1.0435745
  -1.03859518 -1.049173   -1.04426088 -1.0403659 ]
 [-0.39333929 -0.52184433 -0.64346614 -0.66373914 -0.72592233 -0.76524692
  -0.85819657 -0.83470894 -0.8615599  -0.91372863 -0.95050779 -0.90226189
  -0.93486526 -0.91035053 -0.88467433 -0.91876926 -0.94455962 -0.99868508
  -0.9678852  -0.98879921 -0.9513233  -0.99079223 -0.97040891 -0.99403267
  -1.02036751 -1.02048011 -0.9921164  -1.02231493 -1.0238761  -1.01650608
  -1.00991715 -1.03314232 -1.03657655 -1.01914572 -1.047896   -1.02635217
  -1.01273179 -1.03653916 -1.02031021 -1.03508579]
 [-0.34456261 -0.5654793  -0.54134983 -0.63506622 -0.76447638 -0.7822423
  -0.78148063 -0.77469883 -0.85317961 -0.81222213 -0.94667508 -0.91965096
  -0.93948418 -0.92242897 -0.92022982 -0.95075533 -0.95531109 -0.96474269
  -0.94578523 -0.99976367 -0.99450197 -0.96648836 -1.00885403 -1.01809307
  -1.00402438 -0.98162222 -1.00077466 -1.01209747 -0.9683891  -1.01657147
  -1.03467821 -1.02504057 -1.00529917 -1.00863142 -1.03218578 -0.99459154
  -1.04243064 -1.01212519 -1.03529032 -1.02334288]
 [-0.36212225 -0.52011802 -0.57502167 -0.70640051 -0.68051699 -0.71723338
  -0.75479241 -0.78009904 -0.82310636 -0.84673469 -0.87908742 -0.85319966
  -0.87283053 -0.89942179 -0.93117759 -0.91356664 -0.95807232 -0.94970899
  -0.97674603 -0.96979684 -0.97982701 -0.96841747 -0.98100171 -1.01522357
  -0.99543569 -0.98343955 -0.99382737 -1.00552306 -1.00031069 -1.01907861
  -1.0246223  -1.02529866 -1.00995869 -1.00709667 -1.01377413 -1.03296822
  -1.03383255 -1.01901403 -1.01730821 -1.04115981]
 [-0.41558454 -0.51615601 -0.61295291 -0.6017536  -0.64865212 -0.71271909
  -0.71482538 -0.83873617 -0.84816663 -0.78677839 -0.88698265 -0.821128
  -0.90404081 -0.91893672 -0.94717159 -0.91029882 -0.91586727 -0.91679936
  -0.86549387 -0.92459118 -0.97941912 -0.93489164 -0.98427268 -0.95346354
  -0.96967888 -0.94840909 -1.00635773 -0.99439857 -1.01899824 -1.03920345
  -1.00284912 -0.98926744 -1.03145057 -1.031307   -0.98035195 -1.03365838
  -1.00468032 -1.01760903 -1.01763388 -1.04742625]
 [-0.40352037 -0.44744099 -0.54044183 -0.69628893 -0.70476818 -0.73586568
  -0.77051674 -0.82731347 -0.80036188 -0.82007314 -0.86078532 -0.85886419
  -0.87574458 -0.85724985 -0.902384   -0.87510796 -0.97508165 -0.93939666
  -0.94310235 -0.93370199 -0.93252574 -0.94195316 -0.99084882 -0.9852868
  -0.97105302 -0.94519537 -0.98444022 -0.95751444 -0.9962736  -1.01435688
  -0.99081917 -0.94238168 -1.0034118  -0.98401686 -0.99437076 -1.01297204
  -0.95617677 -1.00004061 -1.01799412 -0.99961671]
 [-0.32338803 -0.44447889 -0.52833446 -0.60566516 -0.703809   -0.77156475
  -0.77555668 -0.78725863 -0.82979322 -0.80692266 -0.83817614 -0.86928694
  -0.85086501 -0.89512292 -0.88111185 -0.85435911 -0.88749272 -0.90506067
  -0.9564794  -0.89195228 -0.93189506 -0.9209002  -0.91424742 -0.97605824
  -0.96217299 -0.98431821 -0.91942485 -0.95799689 -1.00126091 -0.97082815
  -0.96566029 -0.97313927 -0.97856469 -0.97628007 -0.98789913 -0.97709387
  -1.00368373 -1.01371143 -0.99773872 -1.02521339]
 [-0.34519843 -0.41157867 -0.53363988 -0.57215202 -0.66904726 -0.73888397
  -0.69853071 -0.73040407 -0.77915828 -0.74132347 -0.80704473 -0.81670842
  -0.77725925 -0.77339437 -0.77155024 -0.81344253 -0.83813827 -0.86969369
  -0.83703641 -0.82629208 -0.79792636 -0.79656279 -0.91076631 -0.91475434
  -0.87159916 -0.85401017 -0.88202046 -0.79925735 -0.83222838 -0.8826322
  -0.89360483 -0.86204585 -0.93787119 -0.91588707 -0.91029026 -0.90809422
  -0.90222904 -0.90243379 -0.92334321 -0.92327122]
 [-0.2878749  -0.46748494 -0.52733597 -0.56807532 -0.63351595 -0.60447755
  -0.66420125 -0.63568598 -0.67322464 -0.68520537 -0.6876765  -0.69781976
  -0.66141126 -0.71876965 -0.7371903  -0.75255438 -0.80306704 -0.7763685
  -0.73082356 -0.74627403 -0.67229081 -0.7566656  -0.78453328 -0.72160971
  -0.76015872 -0.74485514 -0.77066324 -0.7901572  -0.77874546 -0.80272882
  -0.73237036 -0.72285253 -0.76083109 -0.83447789 -0.79085076 -0.73836697
  -0.78041492 -0.77049195 -0.78966399 -0.82122102]
 [-0.28779582 -0.45645595 -0.45863454 -0.59329829 -0.63272863 -0.61904849
  -0.61896669 -0.59060701 -0.64328525 -0.69426241 -0.65975834 -0.69898195
  -0.55364207 -0.62222335 -0.74383091 -0.70262402 -0.6928579  -0.62201255
  -0.57242712 -0.6653204  -0.69141666 -0.67860309 -0.67037645 -0.67562915
  -0.56829781 -0.63084982 -0.64524646 -0.6009077  -0.65620586 -0.73385105
  -0.68539537 -0.65794065 -0.65966509 -0.69142668 -0.5718696  -0.70580623
  -0.62683772 -0.64313132 -0.76714935 -0.63124814]
 [-0.36389537 -0.48064677 -0.43929219 -0.54231889 -0.58252303 -0.55274479
  -0.58669085 -0.56871663 -0.60020343 -0.59277587 -0.58112156 -0.57600361
  -0.60222874 -0.57454341 -0.50239532 -0.47783549 -0.44849123 -0.42398236
  -0.50809322 -0.43288142 -0.56100164 -0.5199389  -0.59727313 -0.41788883
  -0.47662587 -0.43447633 -0.44096063 -0.42215838 -0.49561762 -0.53605495
  -0.41626145 -0.40736155 -0.38705291 -0.38741924 -0.41590882 -0.35600617
  -0.45408951 -0.37880522 -0.34967641 -0.3884976 ]]
