args:  Namespace(ndim=5, attack='fgm', l2=0)
lin_fgm_5D_0_model.pt
elapsed time: 1666.88956
test_losses: [[-1.88496611 -2.64565957 -3.29818681 -3.49292461 -3.60980691 -4.12968987
  -4.25482076 -4.41606114 -4.5419945  -4.55515022 -4.58298897 -4.79453508
  -4.76456883 -4.95997607 -4.90000492 -4.88487944 -4.96501255 -5.04180134
  -5.01703327 -4.99957959 -5.05307388 -5.06705996 -5.11312256 -5.08984157
  -5.13802452 -5.13194016 -5.1506075  -5.14335069 -5.12614913 -5.15630127
  -5.13923026 -5.16481954 -5.16204004 -5.14053465 -5.16897302 -5.15700174
  -5.14617136 -5.16934127 -5.17259199 -5.17088457]
 [-2.19507332 -2.81530847 -3.14241935 -3.41620195 -3.80286172 -4.06269224
  -4.09481894 -4.30968498 -4.45236066 -4.60771809 -4.67873636 -4.68337288
  -4.6950942  -4.84151192 -4.82772443 -4.9426506  -4.96613214 -4.95991725
  -4.99330924 -5.06129558 -5.01868675 -5.04018506 -5.0856178  -5.08941256
  -5.05507764 -5.06330997 -5.09252341 -5.14632076 -5.14090209 -5.1407636
  -5.13807105 -5.15084967 -5.16284514 -5.163222   -5.15339666 -5.15811617
  -5.15136099 -5.17341474 -5.14857502 -5.15682954]
 [-2.1358418  -2.72217862 -3.06693966 -3.44012092 -3.74342871 -3.91811926
  -4.06756926 -4.18331486 -4.38703107 -4.59009812 -4.50896055 -4.59703575
  -4.74088422 -4.76217039 -4.78809442 -4.80925107 -4.90736245 -4.92587491
  -4.97070621 -4.96848508 -5.01708455 -5.04867026 -5.05220122 -5.01986621
  -5.07418351 -5.08112459 -5.0510356  -5.09566557 -5.10164906 -5.10940877
  -5.13026411 -5.12397807 -5.11439087 -5.11669196 -5.13140295 -5.13787557
  -5.15462015 -5.13726836 -5.14855397 -5.14721619]
 [-2.03477692 -2.66889985 -2.91657212 -3.33731291 -3.55148637 -3.64091161
  -3.85545577 -4.00797979 -4.03589017 -4.26209582 -4.239316   -4.35560534
  -4.40656533 -4.52500428 -4.35725551 -4.60174028 -4.61291711 -4.60099018
  -4.60136039 -4.66268416 -4.66607766 -4.72044036 -4.77255116 -4.71454666
  -4.7976679  -4.85916778 -4.83490189 -4.84694837 -4.81804079 -4.87437112
  -4.84210846 -4.92225712 -4.93979901 -4.92064746 -4.97025147 -5.05514453
  -4.94794477 -4.93616075 -4.99169255 -4.93798932]
 [-2.15470927 -2.47636514 -2.87266466 -3.30567943 -3.43182994 -3.46559458
  -3.76647347 -3.82857416 -3.95849467 -3.93744858 -4.06287181 -4.11590891
  -4.02884297 -4.07485913 -4.28391839 -4.23661595 -4.26249429 -4.24309272
  -4.43154544 -4.35949025 -4.50686467 -4.42083157 -4.41034333 -4.47978393
  -4.37481589 -4.46534839 -4.53864854 -4.56801652 -4.53160587 -4.54022524
  -4.58756982 -4.66742149 -4.61998736 -4.68626669 -4.68824111 -4.5983879
  -4.74674231 -4.61078893 -4.66595825 -4.65539485]
 [-1.97772246 -2.40767147 -2.81411316 -3.02969286 -3.19501428 -3.28127094
  -3.2724998  -3.59318745 -3.57163153 -3.62952136 -3.60487738 -3.76490635
  -3.75054889 -4.01695732 -3.63062289 -3.87191573 -3.89382242 -3.69367771
  -3.77220596 -4.06901694 -3.90450763 -4.08318315 -4.06791702 -4.0790474
  -4.14567402 -4.0911613  -3.97124712 -3.92707413 -4.02245364 -4.13061292
  -4.08233448 -4.08416609 -4.0813529  -4.11510567 -4.15881321 -4.00632519
  -4.08837147 -4.1765813  -4.14491421 -4.13594308]
 [-2.09102742 -2.262544   -2.5782741  -2.621025   -2.5773242  -2.53098126
  -2.2677671  -2.50748843 -2.60781028 -2.33997345 -2.461146   -2.3841764
  -2.36236929 -2.41254153 -2.27814828 -2.44403964 -2.3892899  -2.26488328
  -2.43411972 -2.30000625 -2.23265516 -2.22343007 -2.30187739 -2.18264365
  -2.26946673 -2.1121647  -2.11783937 -2.21577    -2.11986133 -2.05768266
  -2.12465072 -2.18692366 -2.06531757 -2.10706725 -2.19019457 -2.01160779
  -2.06242639 -2.08406137 -2.1390147  -2.10081368]
 [-1.74075244 -2.13057606 -1.96223104 -1.92744347 -1.95630936 -1.92563018
  -2.00511295 -1.84470221 -1.81303761 -1.81498307 -1.71510359 -1.72257826
  -1.65688923 -1.62392798 -1.63196493 -1.71314808 -1.63004114 -1.59116024
  -1.61831764 -1.56812891 -1.60776835 -1.58049216 -1.62028083 -1.57418077
  -1.6024411  -1.51021837 -1.58737531 -1.49988783 -1.47512947 -1.5124767
  -1.50334159 -1.49729546 -1.49620399 -1.49850981 -1.55540921 -1.48932933
  -1.52997071 -1.49230158 -1.54300423 -1.47959318]
 [-1.47066132 -1.29582576 -1.15753312 -1.14199856 -1.03902681 -1.03019816
  -0.98375313 -0.94147305 -0.93038314 -0.9467695  -0.89667261 -0.87347273
  -0.91319114 -0.84554899 -0.8901313  -0.9239891  -0.85732769 -0.9297711
  -0.8362572  -0.87556295 -0.84186148 -0.81823465 -0.87345666 -0.89949701
  -0.87199455 -0.83114576 -0.81496288 -0.87804791 -0.83031564 -0.87012956
  -0.87701424 -0.87569635 -0.83620736 -0.851378   -0.81933738 -0.88188302
  -0.89183705 -0.83129947 -0.84443551 -0.84133449]]
