args:  Namespace(attack='opt', ndim=10)
test_losses: [[-3.66313959 -5.10366424 -5.90411216 -6.49421201 -7.09028725 -7.45653009
  -7.93564351 -8.17017362 -8.43033985 -8.69833788 -8.88696053 -8.90209677
  -9.07632468 -9.14236472 -9.14163819 -9.33032328 -9.33030802 -9.41770723
  -9.4359537  -9.47789087 -9.50314945 -9.54529568 -9.60935732 -9.60998319
  -9.57824752]
 [-3.53600482 -5.10775615 -6.07004685 -6.74799559 -6.97819215 -7.59122028
  -7.87555267 -8.01101226 -8.36182724 -8.58931369 -8.78129658 -8.89238667
  -8.86564706 -9.09879651 -9.14205215 -9.26320239 -9.28414425 -9.34771235
  -9.402775   -9.47178936 -9.39776202 -9.57748386 -9.57161666 -9.55889505
  -9.56643494]
 [-3.6318162  -5.04741251 -5.7484668  -6.36218556 -6.80736414 -7.37048288
  -7.62611668 -7.80758399 -8.15599123 -8.23183478 -8.28165207 -8.53900219
  -8.59505032 -8.76380944 -8.68019635 -8.86268843 -8.9878076  -9.10264162
  -9.15247349 -9.17164818 -9.14831924 -9.16768082 -9.27629668 -9.29733127
  -9.33513263]
 [-3.35397404 -4.92418345 -5.50580774 -5.976997   -6.33355269 -6.76457191
  -7.01871981 -7.11940874 -7.48256798 -7.40820556 -7.69438555 -7.75623299
  -7.88776007 -7.90817055 -7.9688851  -8.08255222 -8.25314226 -8.25872486
  -8.45693415 -8.42289454 -8.50431111 -8.55966785 -8.56776514 -8.62251227
  -8.67409048]
 [-3.4559088  -4.6308785  -5.26517999 -5.81538092 -6.16635164 -6.4614538
  -6.63086089 -6.78929871 -7.04261705 -7.17858038 -7.06819066 -7.26409726
  -7.37955039 -7.42062647 -7.51429297 -7.53876881 -7.68423124 -7.62906926
  -7.89043448 -7.98123121 -7.8616715  -8.03049545 -8.15851778 -8.11199006
  -8.26203432]
 [-3.52241974 -4.35091217 -5.43515421 -5.59546573 -6.03876855 -6.1125139
  -6.43824588 -6.53218362 -6.61392683 -6.81415415 -7.06953331 -7.05054813
  -7.03037082 -7.10446573 -7.27610123 -7.27477846 -7.50577422 -7.49404632
  -7.50047138 -7.64514953 -7.77649172 -7.65182318 -7.76076782 -7.80480956
  -7.97728253]
 [-3.5801038  -4.35728492 -5.04712073 -5.53217918 -5.84137577 -6.01064626
  -6.20897792 -6.41306168 -6.56340676 -6.58394172 -6.74777931 -6.78593214
  -6.84153525 -6.85126497 -7.0490247  -6.98506789 -7.00935229 -7.11436483
  -7.20257977 -7.36110786 -7.3046841  -7.36536017 -7.4101124  -7.51722584
  -7.47723839]
 [-3.42832815 -4.51473149 -5.04286339 -5.46254733 -5.5791912  -5.68784443
  -5.74755061 -6.18121862 -6.07441868 -6.27574145 -6.35941701 -6.36609108
  -6.55338664 -6.69486181 -6.68361789 -6.83255145 -6.91746395 -6.87962966
  -6.96498922 -6.894996   -7.11563853 -7.07167476 -7.10780936 -7.01080441
  -7.20746806]
 [-3.47626618 -4.36365613 -4.89968284 -5.0331305  -5.4928718  -5.74991547
  -5.68117733 -6.03372808 -6.09441137 -5.94826314 -6.01710101 -6.19600994
  -6.21197809 -6.31475637 -6.35733846 -6.35397083 -6.45314237 -6.39662799
  -6.56995526 -6.5400115  -6.70451181 -6.61297738 -6.6991117  -6.76200991
  -6.90036807]
 [-3.19319728 -4.10921666 -4.62438219 -5.00070653 -5.27787335 -5.41120489
  -5.37862317 -5.62455799 -5.69895692 -5.70123071 -5.84118023 -5.68600393
  -5.87873583 -5.87820282 -5.99484752 -6.14456513 -6.0431102  -6.18764469
  -6.14042717 -6.21103185 -6.26716616 -6.1720447  -6.35413359 -6.26653347
  -6.35882781]
 [-3.38732254 -4.13804503 -4.52654801 -4.9073683  -5.06302476 -5.16980911
  -5.26076654 -5.3807157  -5.28482649 -5.47914639 -5.4477485  -5.49861272
  -5.37837049 -5.78290607 -5.6280344  -5.71625363 -5.76996114 -5.707238
  -5.68619377 -5.94146611 -5.91671963 -5.86724559 -5.98432152 -5.98629627
  -6.01958602]
 [-3.23069416 -4.11277231 -4.38736305 -4.63174177 -4.77831563 -5.06534428
  -4.8550285  -5.02744346 -5.11072441 -5.18225931 -5.30711722 -5.22470087
  -5.30568568 -5.39511813 -5.30797701 -5.36573042 -5.45295308 -5.45425713
  -5.53739369 -5.60204845 -5.54684381 -5.51383601 -5.34431614 -5.48858405
  -5.54105194]
 [-3.24564049 -4.10281423 -4.51328797 -4.60907823 -4.76485196 -4.71552838
  -4.70537823 -4.83648298 -4.83133501 -4.94434925 -4.78651323 -4.89483174
  -5.02865179 -4.91333081 -4.80593284 -5.10173096 -5.04231043 -4.93192133
  -4.87572928 -4.98463695 -4.9470977  -5.1585562  -5.05284015 -5.12586055
  -5.20016352]
 [-2.92692843 -3.25436196 -3.74940222 -3.36289401 -3.61912889 -3.55591361
  -3.49356678 -3.2999228  -3.34622114 -3.20611518 -3.18680262 -3.07333269
  -3.06169962 -2.91107477 -3.13445087 -3.02174975 -3.02570914 -2.97431601
  -2.92896102 -3.02311325 -3.02569318 -2.96831679 -3.02317659 -3.09102098
  -3.08094605]
 [-2.73952541 -2.95389805 -3.05800346 -2.87554785 -2.75067253 -2.69317536
  -2.53016105 -2.48389775 -2.40443055 -2.18714649 -2.21764421 -2.21062425
  -2.08251824 -2.12395957 -2.03169925 -2.08037345 -1.96026991 -2.0892294
  -2.14600965 -2.05368952 -2.11174753 -2.0551741  -1.90948599 -2.00471352
  -2.18002982]
 [-2.58086553 -2.60300102 -2.44728368 -2.19346677 -2.25762509 -2.01636178
  -1.93176515 -1.71184788 -1.73959001 -1.6319249  -1.63332979 -1.5564444
  -1.49611022 -1.47164547 -1.62058661 -1.3695718  -1.41670713 -1.57200679
  -1.47703899 -1.47799349 -1.51391138 -1.56964384 -1.56204834 -1.5625022
  -1.6072426 ]
 [-2.19110672 -2.07920528 -1.86714045 -1.55417536 -1.35978095 -1.31129551
  -1.12013035 -1.12242351 -1.13914274 -0.96008427 -0.93494226 -0.95381487
  -0.95597074 -0.96748784 -0.97618439 -1.02908712 -1.03396535 -1.0901858
  -1.13853673 -1.1551663  -1.21609968 -1.21573617 -1.29019185 -1.31712001
  -1.30880146]]
variance: [[8.18902427 6.32867824 5.3654637  4.96602175 4.4232795  4.11499347
  3.18010193 2.67129069 2.10072792 1.8406452  1.65194882 1.5700151
  1.11693819 1.15140743 1.26050823 0.71365564 0.74266154 0.52515805
  0.51959318 0.42364681 0.4315641  0.3491032  0.20265893 0.23356605
  0.30556014]
 [7.00300202 5.92082133 4.77605883 4.13149738 3.87034027 3.09217659
  2.40831516 2.48029256 1.99409425 1.71932577 1.53386621 1.24371405
  1.35562046 0.98028067 0.82428391 0.60141263 0.66689032 0.52125971
  0.45236508 0.32309457 0.39872655 0.16990465 0.20157884 0.21287152
  0.20267168]
 [6.86896362 5.43082587 4.77193305 4.13462307 2.93272815 2.55449998
  2.23517169 1.96575118 1.74905746 1.31506728 1.53254257 1.06469048
  1.11420107 1.00164552 1.07488354 0.80973449 0.6890364  0.59913817
  0.51989032 0.54237592 0.61071977 0.52937835 0.45636593 0.39863741
  0.39737018]
 [5.76038095 5.18384722 3.4061664  3.59221829 2.50277236 2.56206827
  2.32944105 2.35970544 1.85938058 1.78573005 1.50466505 1.76814513
  1.50847293 1.30800747 1.52312537 1.51787722 1.2378194  1.23696584
  1.08750159 0.97384623 0.96490876 0.95665156 0.88462796 0.86394708
  0.91418807]
 [5.1578253  4.38694689 4.0190959  2.87457331 2.97353215 2.36904591
  2.46156588 1.89283679 1.76364718 2.2323704  1.69554839 1.62316907
  1.85962783 1.81941408 1.45195431 1.58610954 1.6733938  1.65255545
  1.35310142 1.33696541 1.39905858 1.31011811 1.26721578 1.06519471
  1.00884871]
 [5.24648527 4.07396989 3.55255964 3.883422   2.65632214 2.32353976
  2.36899064 2.40030454 2.02125734 2.12296445 1.71438773 1.94087811
  2.253246   1.82189235 1.88116587 1.86741632 1.53012511 1.53775785
  1.41419992 1.39649734 1.18194479 1.45249325 1.38138835 1.35301629
  1.20876583]
 [5.15204203 4.53436864 3.37190532 2.9079304  3.26132254 2.44888472
  2.27091428 2.04683916 2.00519055 2.22099644 1.81136719 1.87687477
  1.81562583 1.79596298 2.02298096 1.78586501 1.69609684 2.00354121
  1.53789779 1.71462207 1.42761662 1.83787628 1.51645895 1.51651627
  1.66118242]
 [5.09272476 4.16086048 3.42260113 2.86350287 2.78876122 2.33243273
  2.54178462 2.37108723 2.06235837 2.10447386 2.04875349 1.78190698
  2.05755775 1.95069362 1.93047531 1.92543499 1.94859667 2.0368951
  1.76501428 1.82537319 1.63546281 1.56157427 1.552161   1.5805514
  1.70373539]
 [4.84471225 3.80743331 2.80348835 2.75648016 2.67504948 2.46493993
  2.21434563 2.14497363 2.45555119 2.08824915 2.1235174  2.23713577
  2.03281926 2.28691422 2.01123602 2.01266191 1.83388662 2.02738917
  2.06746998 1.74800274 2.06298589 1.84049898 1.94363595 1.93199905
  1.76247288]
 [5.2131666  4.17198798 3.40476444 2.62645765 2.53115124 2.40596525
  2.2073224  2.25554789 2.08324229 1.89591608 1.70777409 2.07098102
  1.86398013 1.91548343 2.21128161 2.03490411 1.94402521 1.99225857
  1.89133811 2.00359051 2.01623483 2.29318599 1.68615088 1.99985999
  1.95546451]
 [5.10518904 3.98328033 3.43425096 3.03596891 2.92166885 2.56196992
  2.46321529 2.32521743 2.52819512 1.97880613 2.13413529 2.56585831
  2.08465935 2.07153598 2.05285575 2.02020653 1.89509452 1.79730423
  2.06798092 1.95570461 1.90500643 1.85084039 1.73340102 1.87172858
  1.64503497]
 [4.38736577 3.87518562 3.15233851 2.78525888 2.53039778 2.52242274
  2.39045874 2.44445372 2.38343414 2.24446256 2.0243548  1.97769182
  2.30823215 1.97809628 2.13301669 2.371797   2.05098723 2.13510015
  2.08858772 2.01338192 1.96115822 1.84199732 2.09045056 2.22770943
  2.15671138]
 [4.30623788 3.62725534 3.11009437 2.70443861 2.45286307 2.28524223
  2.24668605 2.36903592 2.10398055 2.50547307 1.92421302 2.25016494
  2.2156057  2.12976393 2.30107727 2.22259645 1.9898318  2.21064733
  2.00484378 1.88640561 2.05622047 1.82119138 2.07602603 1.93898944
  1.97385373]
 [3.86400307 3.42180831 2.41749576 1.97732357 1.98933907 2.08410257
  2.25199876 1.8819487  1.81817948 1.90600155 1.80200744 1.56047632
  1.70407389 1.59180788 1.58957867 1.73127683 1.79710122 1.38919857
  1.61543925 1.56602268 1.55841967 1.36331148 1.57866725 1.55032916
  1.44805872]
 [3.00277487 2.33428173 2.25075763 2.02032048 2.26121899 1.81654561
  1.52386718 1.41126225 1.63379583 1.25504338 1.14719839 1.23877081
  1.04445185 1.39734174 1.2505728  1.27817782 1.21625711 1.06732583
  1.21985669 1.22137594 1.07373892 0.97240914 1.07851941 0.96502891
  1.22530493]
 [3.22510402 2.11689013 2.19425801 1.51869934 1.46577612 1.17316313
  1.21345038 1.13668443 1.03419987 1.08279793 0.96942371 1.03520572
  0.93064003 0.78741695 0.87453294 0.77217113 0.78250739 0.78569548
  0.80316821 0.75727867 0.9667762  0.94458108 1.01960016 1.04590402
  1.0004837 ]
 [2.77976825 1.93807275 1.43894545 1.20686864 0.84216376 0.85582084
  0.67612876 0.61560884 0.77969779 0.59418084 0.49887844 0.53924112
  0.59354125 0.58322184 0.57658347 0.68687048 0.74021841 0.73213748
  0.7098282  0.78239504 0.74956272 0.86692932 0.94588647 1.16972595
  1.15128154]]
