args:  Namespace(attack='opt', ndim=5)
test_losses: [[-1.97090316 -2.68847249 -3.49971872 -3.69731113 -4.01470826 -4.16301088
  -4.46911262 -4.47809108 -4.72456666 -4.77484796 -4.81468884 -4.94735655
  -5.07877062 -5.02377039 -5.10715371 -5.14404867 -5.22874895 -5.23778937
  -5.1962282  -5.25803084 -5.29356405 -5.2591656  -5.28406395 -5.30916552
  -5.31444055]
 [-1.97499499 -2.78633146 -3.29111569 -3.87559215 -3.98701455 -4.26404176
  -4.18109821 -4.43398522 -4.56401995 -4.72123475 -4.81098636 -4.84364109
  -4.94940125 -5.0614862  -5.17607904 -5.12719536 -5.15177835 -5.20184646
  -5.20719312 -5.25931395 -5.2489699  -5.23836789 -5.27998671 -5.29404517
  -5.2793573 ]
 [-1.97229818 -2.63233607 -2.94011564 -3.47893494 -4.0193135  -4.0787044
  -4.18221052 -4.25942274 -4.40513939 -4.49923551 -4.50454347 -4.6285646
  -4.75514755 -4.81713746 -4.80144825 -4.98880302 -4.95625349 -4.97013542
  -4.98481639 -5.07233052 -5.08924476 -5.08379917 -5.1626685  -5.13872453
  -5.13450044]
 [-2.21672431 -2.59426726 -3.09466455 -3.38532109 -3.40425731 -3.71599248
  -3.93226517 -3.99012274 -4.02567228 -4.10977786 -4.22281332 -4.38883097
  -4.35932944 -4.3191064  -4.47849642 -4.52171371 -4.58620476 -4.51975511
  -4.63890482 -4.71041047 -4.79072245 -4.76512711 -4.81291041 -4.79576497
  -4.83015836]
 [-1.93053681 -2.6217263  -2.92671135 -2.95133164 -3.36285223 -3.55587716
  -3.59395307 -3.641656   -3.85819829 -3.8712606  -4.10444806 -4.08519009
  -4.1449353  -4.1560444  -4.2025384  -4.22648314 -4.36443106 -4.18643863
  -4.3721665  -4.29973597 -4.37521798 -4.46608811 -4.48461787 -4.54296334
  -4.51935137]
 [-1.82039259 -2.55011474 -2.7937662  -3.20092817 -3.29440373 -3.42233631
  -3.56972295 -3.70575371 -3.70045012 -3.85882127 -3.95019333 -3.90794297
  -3.96032064 -4.04086211 -4.0156484  -4.1075713  -4.11605201 -4.14388989
  -4.26531857 -4.24382854 -4.27751623 -4.23449483 -4.26570668 -4.1791832
  -4.31895592]
 [-2.02736552 -2.41841275 -2.84001287 -2.91313128 -3.23242446 -3.38299517
  -3.49811115 -3.57500142 -3.66384271 -3.5272675  -3.56261947 -3.75428599
  -3.84130335 -3.78834531 -3.80462804 -3.88516002 -4.01963323 -4.02407699
  -4.00440983 -4.0900471  -4.11860938 -4.1094598  -4.06131487 -4.17036287
  -4.20008189]
 [-2.01031724 -2.51445953 -2.63957241 -3.12467983 -3.02159072 -3.1266912
  -3.43564849 -3.46377903 -3.34492111 -3.42628601 -3.5207207  -3.52194735
  -3.5758235  -3.63708618 -3.74416334 -3.74929733 -3.71649697 -3.70943291
  -3.76111269 -3.83498661 -3.79355127 -3.9309724  -3.87927456 -3.89823619
  -3.99667901]
 [-1.95637454 -2.36388368 -2.66904982 -2.6603438  -2.89521051 -3.14296533
  -3.16743017 -3.27145457 -3.42472698 -3.28889411 -3.47011173 -3.59715765
  -3.3360998  -3.40828611 -3.4477379  -3.56489462 -3.57662887 -3.59317957
  -3.69055217 -3.56546881 -3.50963018 -3.65113449 -3.6442627  -3.68334421
  -3.74810927]
 [-1.77674914 -2.2961175  -2.77890663 -2.76881951 -2.92779283 -2.95986347
  -2.94416941 -3.16863867 -3.10894729 -3.17033856 -3.13051057 -3.27197182
  -3.27941223 -3.17502327 -3.28118405 -3.30263975 -3.31725172 -3.30788991
  -3.33500042 -3.44958109 -3.31241229 -3.47581801 -3.43987403 -3.46596521
  -3.42746816]
 [-1.73510535 -2.26913164 -2.50021283 -2.68430799 -2.74560329 -2.6939159
  -2.96251439 -2.84829653 -2.85510471 -2.94818999 -3.0291224  -3.03238999
  -3.2196884  -3.0787636  -3.13707363 -3.18557262 -3.23689501 -3.25748971
  -3.18725635 -3.18691025 -3.1574369  -3.28880856 -3.21808378 -3.30363345
  -3.25003198]
 [-1.79841878 -2.23566009 -2.61617299 -2.65112204 -2.65775893 -2.82633276
  -2.71505804 -2.80786503 -2.83605069 -2.84280224 -2.89807376 -2.96115196
  -2.94075823 -2.84640617 -2.89649714 -2.96959882 -2.99042354 -2.82178733
  -2.97396621 -2.92420173 -3.09036978 -2.96317559 -3.07212151 -3.07466524
  -2.97414099]
 [-1.87801044 -2.17852085 -2.38774483 -2.53491411 -2.51429625 -2.54427757
  -2.7216191  -2.63958481 -2.70488528 -2.65208518 -2.81292658 -2.68188672
  -2.7583273  -2.67382425 -2.62208505 -2.65222382 -2.73937873 -2.85099707
  -2.74458102 -2.80214232 -2.76799486 -2.71204646 -2.78282646 -2.89014677
  -2.69802364]
 [-1.7183959  -1.73883273 -1.93783115 -1.99591076 -1.8989041  -1.96300156
  -1.85683378 -1.82329664 -1.85182752 -1.8676302  -1.68916469 -1.60774462
  -1.59229601 -1.68239493 -1.52676653 -1.67726487 -1.63672817 -1.55592437
  -1.56314102 -1.65365875 -1.59062063 -1.48708624 -1.45953667 -1.58792723
  -1.55557353]
 [-1.48279298 -1.68970112 -1.66840124 -1.49501703 -1.55102838 -1.56864017
  -1.39683762 -1.28688157 -1.19641854 -1.26555136 -1.19375387 -1.14370463
  -1.09288565 -1.06227653 -0.98350461 -0.99502399 -1.00625357 -0.98881524
  -1.02714159 -0.91905215 -0.8953411  -0.98236363 -0.97725166 -0.91532717
  -0.98355065]
 [-1.38886045 -1.42651156 -1.30915668 -1.30567946 -1.2267188  -1.06042506
  -0.97681179 -0.93154314 -0.75991622 -0.82616388 -0.74847925 -0.7652676
  -0.75599743 -0.70826103 -0.65537643 -0.7044584  -0.64948    -0.64766446
  -0.65208358 -0.59919774 -0.60043165 -0.58896154 -0.59944348 -0.68857942
  -0.67414751]
 [-1.29643876 -1.11363784 -1.03017959 -0.8740099  -0.72909844 -0.64955149
  -0.57832544 -0.50798975 -0.51840683 -0.47820029 -0.41805046 -0.47697515
  -0.39557141 -0.38221811 -0.44790634 -0.43092634 -0.45385982 -0.38396806
  -0.43432732 -0.48039863 -0.47341821 -0.37803697 -0.44207948 -0.41445882
  -0.47742656]]
variance: [[5.23715158 4.35181805 3.60052437 3.36014839 2.82128562 2.2591829
  1.95708434 1.85807542 1.21443421 1.17544379 1.11152444 0.97912033
  0.72496699 0.69025074 0.56334516 0.51502619 0.27411106 0.27417033
  0.3738709  0.2432945  0.17963647 0.26359912 0.22205339 0.15040914
  0.12605988]
 [4.72175203 3.3470846  3.51992127 2.72585393 2.31412738 1.98900794
  2.19594256 1.51336861 1.5201135  1.12340655 0.92411955 1.06283387
  0.77252372 0.46822438 0.38676374 0.46074008 0.34732102 0.28392567
  0.28964933 0.22683467 0.23797398 0.27414762 0.13178111 0.16612694
  0.13737854]
 [4.09580346 3.69054214 2.99216202 2.53834302 1.68187933 1.51076725
  1.52410291 1.25472863 1.18374646 1.05748    0.95656982 0.88897191
  0.80546057 0.6026334  0.67213983 0.397772   0.46459062 0.41320506
  0.49033699 0.29362325 0.2903882  0.33287757 0.23922201 0.27043824
  0.25911909]
 [3.85907086 3.11809063 2.09823826 2.31274141 2.03826388 1.60390668
  1.30900178 1.25512488 1.26642003 1.19029884 1.04339846 0.95217888
  0.97608891 0.9251538  0.93253576 0.80371747 0.77728782 0.84963604
  0.74076756 0.64939599 0.52141159 0.56915473 0.57488746 0.51121743
  0.54650422]
 [2.9935966  2.65527682 2.30320051 2.2096659  1.6881572  1.47788118
  1.36414015 1.38174343 1.31137639 1.11281375 1.00316772 1.17935442
  0.94001605 1.10251982 0.95682117 1.13087951 0.94610419 1.05195574
  0.91484116 0.93310836 0.97577745 0.84343779 0.75708123 0.89253916
  0.77502512]
 [3.73901164 2.89854867 2.36013417 1.74764432 1.75041226 1.61422084
  1.54069635 1.39401938 1.32463306 1.28003696 1.02609728 1.35088638
  1.17628641 1.22110447 1.11369952 1.00902622 1.01198762 1.12204414
  0.89095955 0.86589866 1.08352206 0.9747699  0.86335571 1.12451001
  0.87673466]
 [3.78667263 2.60018139 2.11287208 1.9676347  1.8285518  1.58667026
  1.62968588 1.45814836 1.2994674  1.4871438  1.27003295 1.17388346
  1.22432478 1.15048418 1.26740342 1.26996355 1.1938823  1.31781968
  1.18690304 0.98487648 0.95209166 1.00611136 1.03728884 0.96993725
  0.95251118]
 [3.32818313 2.30270085 2.09657949 1.97949673 1.66907867 1.74235556
  1.50097001 1.34361569 1.35735936 1.44244753 1.313114   1.50881091
  1.19127828 1.27323585 1.21545045 1.29942694 1.219318   1.3333425
  1.24367909 1.27623459 1.11022434 1.13423946 1.06064382 1.06205937
  1.01370338]
 [3.32107475 2.57629457 2.04923776 1.87085107 1.63461373 1.49997745
  1.58297217 1.37471012 1.43190892 1.51539292 1.26761216 1.21264347
  1.3906891  1.20701348 1.21864206 1.28076308 1.26475396 1.19871576
  1.17135887 1.27182442 1.58372948 1.24162012 1.19939992 1.28192124
  1.20386154]
 [3.23396316 2.68961636 1.97594151 1.88039605 1.73535343 1.63053539
  1.65162395 1.44206074 1.43621666 1.55312771 1.36757918 1.38108117
  1.48184399 1.49362887 1.28287105 1.47463776 1.47129072 1.44775846
  1.22660244 1.27926238 1.10677161 1.39342228 1.34782162 1.39105026
  1.27517119]
 [3.31425496 2.45638915 2.05242011 1.95824685 1.61852455 1.51566793
  1.57593414 1.82021211 1.50192063 1.55241496 1.57682582 1.30263015
  1.10754041 1.40145212 1.46004142 1.33780264 1.37499582 1.16717329
  1.18708984 1.32031939 1.41052032 1.28377063 1.27365086 1.24366913
  1.4378758 ]
 [3.23464639 2.37115995 1.99653158 1.6762945  1.61651634 1.35814726
  1.30854331 1.40600837 1.32148601 1.43309831 1.47467483 1.51960946
  1.41651636 1.46045448 1.35089656 1.37916232 1.31988276 1.31071905
  1.32314825 1.46604285 1.6042371  1.48866268 1.22841363 1.36354475
  1.23479531]
 [2.75565943 2.09730195 1.83356938 1.7650356  1.55082492 1.52393997
  1.39783992 1.39017487 1.57257149 1.46792312 1.49908264 1.5642273
  1.46814738 1.29334493 1.33150383 1.48633366 1.34105173 1.4495649
  1.43068892 1.40918478 1.4703988  1.45532736 1.40580691 1.37239821
  1.55199042]
 [2.67136781 2.13174662 1.61347344 1.45455517 1.37618048 1.43144179
  1.59724034 1.17783233 1.28972361 1.36073973 1.27278886 1.17878519
  1.25739539 1.10930299 1.14315378 1.15222327 1.195038   1.20363206
  1.06779732 0.99473457 1.22792095 1.06263331 1.21814795 0.96606173
  1.01647158]
 [2.06476972 1.63478185 1.5291759  1.14020292 1.08227916 1.13816091
  1.09426528 1.1266081  0.96241289 1.037194   0.96067076 0.90468589
  0.8390706  0.85359965 0.78335685 0.88036831 0.7416626  0.7148986
  0.72605752 0.68781808 0.65597335 0.78561954 0.78155418 0.77576231
  0.75833598]
 [1.73951967 1.54155696 1.21839403 1.17529805 0.87533704 0.8825749
  0.84663555 0.75689024 0.67457805 0.62203137 0.69330429 0.70643191
  0.58427026 0.61841698 0.5335855  0.61543456 0.53024399 0.51756828
  0.49788486 0.64016801 0.62021814 0.63244115 0.66274686 0.72488401
  0.69886623]
 [1.72709033 1.07485561 0.81222659 0.773494   0.67097808 0.57576612
  0.52536639 0.43260236 0.43515003 0.4416617  0.3638981  0.42294053
  0.34382847 0.39978731 0.48276252 0.46349125 0.48056992 0.62025216
  0.54177486 0.58907983 0.59471293 0.58283385 0.70103637 0.83300293
  0.84737543]]
