args:  Namespace(attack='fgm', ndim=5)
elapsed time: 6991.756742291
test_losses: [[-1.73246772 -2.60756536 -3.09715067 -3.38480368 -3.7782699  -3.93017362
  -4.12866898 -4.40940777 -4.3992293  -4.6333415  -4.62281679 -4.81952987
  -4.77635181 -4.75043719 -4.86116851 -4.91706308 -4.92758217 -4.98193417
  -4.99074714 -4.96579585 -5.07541466 -5.03263734 -5.06081508 -5.05328218
  -5.06303826 -5.07925817 -5.09449718 -5.07020167 -5.10751807 -5.12891463
  -5.13535139 -5.10724835 -5.11957386 -5.14837228 -5.1519866  -5.12246716
  -5.13631086 -5.13499624 -5.13066091 -5.14837228]
 [-1.95630515 -2.73620281 -3.10221202 -3.59205405 -3.80490873 -4.05306102
  -4.20851894 -4.27820599 -4.53727267 -4.53853423 -4.63418238 -4.68482975
  -4.81258081 -4.84605493 -4.82867134 -4.87164063 -4.91515036 -4.99666126
  -4.92831807 -5.07287188 -4.99432021 -5.09413132 -5.02558929 -5.08551691
  -5.12865056 -5.08630803 -5.0970955  -5.10448577 -5.10126248 -5.11556905
  -5.10593374 -5.11421326 -5.1519866  -5.1161322  -5.13053852 -5.14281489
  -5.13288845 -5.12926978 -5.15007144 -5.1519866 ]
 [-1.96750026 -2.95142784 -3.05762159 -3.62562969 -3.62536185 -3.96329803
  -4.18032214 -4.25949823 -4.54731133 -4.60019221 -4.72079785 -4.7276192
  -4.79379406 -4.90079273 -4.85831374 -4.86418302 -4.98107842 -4.94419748
  -4.98398861 -5.05973566 -5.00033263 -5.03099749 -5.04217481 -5.07286343
  -5.09073803 -5.08436613 -5.08348535 -5.08273625 -5.0825977  -5.14071198
  -5.12602133 -5.13234139 -5.10992689 -5.1519866  -5.13393345 -5.13210017
  -5.12117233 -5.1298741  -5.14935178 -5.1519866 ]
 [-2.0672898  -2.66212646 -2.96881103 -3.65251645 -3.84883226 -4.00833235
  -4.08491982 -4.45867755 -4.34652319 -4.5968065  -4.71464097 -4.81515415
  -4.78630049 -4.86882879 -4.93787268 -4.91274024 -4.95432831 -4.98120184
  -4.97701362 -5.02154691 -5.06409677 -5.08733507 -5.04572318 -5.08603831
  -5.07513194 -5.05618001 -5.12267968 -5.11685575 -5.12866251 -5.10634634
  -5.13538551 -5.11492447 -5.12881188 -5.14004335 -5.14306209 -5.14024562
  -5.11608694 -5.15109249 -5.14397115 -5.13075051]
 [-1.93833869 -2.80836751 -3.19012018 -3.64678971 -3.78122344 -4.00208119
  -4.11405525 -4.26258996 -4.31677211 -4.62212645 -4.61043772 -4.77201258
  -4.79007961 -4.81425587 -4.87616404 -4.96719581 -4.88558797 -5.04751361
  -4.99744989 -4.99406809 -5.02688735 -5.11070198 -5.08705067 -5.09863853
  -5.12976252 -5.07218426 -5.07257797 -5.12185119 -5.10959993 -5.14411287
  -5.11078179 -5.13022925 -5.10708874 -5.13631086 -5.15050401 -5.14272295
  -5.1519866  -5.14015694 -5.14064615 -5.14590499]
 [-2.19476926 -2.68702617 -3.31591449 -3.44950885 -3.72995233 -3.91144167
  -4.30950726 -4.23689306 -4.46282997 -4.60996753 -4.66681687 -4.60371977
  -4.75675303 -4.85600456 -4.85531163 -4.88584834 -4.96212942 -5.02012141
  -4.98269447 -5.06353151 -5.02785599 -5.09384195 -5.03262381 -5.05151272
  -5.09293077 -5.10182716 -5.12335487 -5.11064208 -5.10340513 -5.12247602
  -5.12572634 -5.11763646 -5.14297443 -5.12761206 -5.13545947 -5.13147384
  -5.13970641 -5.14291315 -5.1374258  -5.15119652]
 [-1.72709096 -2.77290023 -3.26383081 -3.42025264 -3.68660976 -3.98518131
  -4.13108159 -4.32018347 -4.38814629 -4.5026915  -4.76042388 -4.63982796
  -4.81163422 -4.83210608 -4.96146625 -4.95672359 -4.87335092 -4.92741319
  -5.0138282  -5.06641158 -5.06344333 -5.01450515 -5.10305437 -5.06214638
  -5.10267246 -5.11396719 -5.12097647 -5.13142872 -5.11153632 -5.1226109
  -5.11863054 -5.14472421 -5.12461129 -5.13475028 -5.1519866  -5.1519866
  -5.14969074 -5.12795516 -5.15197973 -5.14229067]
 [-1.99439162 -2.75612794 -3.28081182 -3.53240128 -3.82410406 -4.02061993
  -4.11915959 -4.31813191 -4.4214459  -4.68446389 -4.66236979 -4.76170183
  -4.76302025 -4.8676658  -4.84807959 -4.97266074 -4.84360224 -4.9464657
  -5.03397775 -5.08461795 -5.02943682 -5.10015898 -5.06218992 -5.07196553
  -5.05655965 -5.08812967 -5.11645377 -5.13094888 -5.10776842 -5.09785737
  -5.11382248 -5.1277427  -5.13499624 -5.12795516 -5.11860682 -5.1439227
  -5.13627547 -5.15162574 -5.1519866  -5.1519866 ]
 [-1.92210553 -2.74543924 -3.12795977 -3.58005471 -4.00498479 -4.07799474
  -4.15813388 -4.40212653 -4.44639784 -4.45950002 -4.65023652 -4.63326042
  -4.84232794 -4.87438446 -4.79790106 -4.91824709 -4.93936049 -4.98269076
  -5.01835859 -4.99915307 -5.09274107 -5.0304952  -5.04614715 -5.07931839
  -5.07295605 -5.12011271 -5.11060503 -5.10415366 -5.10864541 -5.12459587
  -5.12536355 -5.11714232 -5.1518539  -5.13858282 -5.14475796 -5.12157269
  -5.10891999 -5.1519866  -5.1519866  -5.13788955]
 [-2.08199033 -2.62498735 -3.2110478  -3.53405915 -3.72067747 -4.10640471
  -4.15514506 -4.40429563 -4.53728504 -4.63832577 -4.57326816 -4.6997107
  -4.75737796 -4.80502877 -4.8632678  -4.92590109 -4.96069027 -5.03529607
  -5.01151676 -5.02700529 -5.04463706 -5.01882512 -5.0807328  -5.06836181
  -5.06057073 -5.10871118 -5.11108598 -5.11444609 -5.08391893 -5.12629078
  -5.14438799 -5.13326871 -5.12269942 -5.11481781 -5.14819423 -5.13832968
  -5.1435369  -5.1519866  -5.14107146 -5.1519866 ]
 [-1.9197237  -2.73326486 -3.28147747 -3.54865032 -3.86800287 -3.92958757
  -4.17042559 -4.22042922 -4.45933078 -4.57738753 -4.59989635 -4.60740285
  -4.790782   -4.78586266 -4.83401832 -4.90035278 -4.9943194  -4.94933284
  -4.98248714 -5.01658026 -5.05866776 -5.09448509 -5.08109332 -5.07572541
  -5.08389295 -5.0924863  -5.11694047 -5.08639049 -5.12297731 -5.12252919
  -5.12570874 -5.12586278 -5.14757312 -5.13927471 -5.13824469 -5.1443263
  -5.14405849 -5.12715349 -5.14144442 -5.1519866 ]
 [-1.87379494 -2.5595067  -3.17455946 -3.48135037 -3.8069913  -4.20944196
  -4.09743604 -4.38174532 -4.38082017 -4.47385147 -4.58897133 -4.7936992
  -4.82562694 -4.83538896 -4.84550227 -4.86491355 -4.99353152 -5.03731498
  -4.98642451 -5.00857301 -5.0270339  -5.04007833 -5.06629241 -5.08730688
  -5.09029055 -5.10900973 -5.11726959 -5.07560438 -5.13169109 -5.12819584
  -5.10156597 -5.12918773 -5.14229067 -5.14072493 -5.13151583 -5.10826934
  -5.12662653 -5.13368029 -5.13179184 -5.1519866 ]
 [-1.85380831 -2.89155768 -3.09688593 -3.49765891 -3.82915978 -3.88664836
  -4.3069545  -4.43291761 -4.5829859  -4.53502835 -4.60626059 -4.61225064
  -4.80681825 -4.86358656 -4.88096067 -4.93702887 -4.9320284  -4.95107074
  -4.99667654 -5.07150954 -5.04233263 -5.01354373 -5.06363585 -5.05790601
  -5.08361998 -5.11123771 -5.07431643 -5.11955485 -5.10001413 -5.12676609
  -5.11312576 -5.13736239 -5.12725624 -5.12932769 -5.14178041 -5.12740191
  -5.14329586 -5.15121948 -5.12800965 -5.14845452]
 [-2.16781249 -2.7700425  -3.1483899  -3.49805032 -3.9169031  -3.98643693
  -4.15932231 -4.23675791 -4.45990506 -4.46176323 -4.71988756 -4.71066107
  -4.76571147 -4.72013114 -4.83484558 -4.97664884 -4.92386175 -4.92506137
  -5.00761765 -5.01962555 -4.97634354 -5.0439568  -5.07703126 -5.09038613
  -5.11873701 -5.07225662 -5.09374022 -5.10382529 -5.11314936 -5.10582524
  -5.1194502  -5.12070318 -5.12438745 -5.13343654 -5.13840151 -5.14584494
  -5.14139665 -5.14889738 -5.141596   -5.14629906]
 [-1.97716538 -2.74085201 -3.20133433 -3.62098683 -3.84552048 -3.82479138
  -4.12795277 -4.4017996  -4.37773263 -4.45459928 -4.72097107 -4.76750349
  -4.70142054 -4.81447887 -4.8629877  -4.93258986 -4.90214953 -4.98122796
  -4.92674142 -5.06047665 -5.05890335 -5.05170105 -5.06252133 -5.09415544
  -5.10064488 -5.10611865 -5.09849226 -5.11388123 -5.07575449 -5.1317423
  -5.12260565 -5.10857743 -5.14121285 -5.1351004  -5.1397261  -5.12396225
  -5.14128345 -5.14851068 -5.1299653  -5.13828215]
 [-1.86834917 -2.6312741  -3.04966365 -3.56307626 -3.78659839 -4.01715704
  -4.12668101 -4.2868971  -4.39542617 -4.65594359 -4.65186242 -4.8199347
  -4.69260476 -4.87619316 -4.85107414 -4.91530449 -4.91653868 -5.02029346
  -4.93975483 -5.02367245 -5.01206598 -5.0564518  -5.091632   -5.07533644
  -5.09573979 -5.06967075 -5.09554251 -5.12042351 -5.12532618 -5.11048641
  -5.11602903 -5.14268158 -5.13933118 -5.1244712  -5.13024442 -5.14547549
  -5.14762248 -5.13946824 -5.1292305  -5.14895816]
 [-1.69984299 -2.65685777 -3.27513648 -3.4436517  -3.7777909  -4.17879246
  -4.1585593  -4.24078016 -4.43560989 -4.54220492 -4.54234595 -4.69523574
  -4.83374139 -4.77978099 -4.80340377 -4.88113144 -4.92653933 -4.92235929
  -5.02744052 -5.0509528  -5.03341223 -5.05369471 -5.05937065 -5.02502433
  -5.03771042 -5.07422313 -5.10532795 -5.11554177 -5.11197571 -5.12362176
  -5.12686938 -5.13749761 -5.13001691 -5.11173321 -5.12833319 -5.14526651
  -5.14501481 -5.14537288 -5.13890641 -5.13983192]]
variance: [[4.43522946e+00 4.41198099e+00 3.66189701e+00 3.31729377e+00
  2.64895721e+00 2.28882902e+00 2.23045805e+00 1.57205593e+00
  1.53056941e+00 9.53077004e-01 9.98697036e-01 7.92814791e-01
  8.44792640e-01 7.87481010e-01 6.04772851e-01 5.31366172e-01
  4.51210457e-01 3.55630365e-01 3.83492614e-01 4.24698578e-01
  1.40718260e-01 2.46051646e-01 1.82627335e-01 2.23661664e-01
  1.93765387e-01 1.73001407e-01 1.31509430e-01 1.87498518e-01
  9.49872228e-02 5.40023973e-02 4.14920483e-02 9.87846800e-02
  6.68287430e-02 3.90592417e-03 0.00000000e+00 5.39389860e-02
  3.66325264e-02 4.31502592e-02 3.77531756e-02 3.90592417e-03]
 [5.21480574e+00 3.74151148e+00 3.89691880e+00 3.06015368e+00
  2.28695957e+00 2.66857755e+00 2.03040628e+00 1.80014955e+00
  1.20912249e+00 1.22763493e+00 1.14239414e+00 9.89536723e-01
  7.17164619e-01 7.61320842e-01 6.55564441e-01 7.07232752e-01
  4.92740814e-01 3.07725169e-01 4.85944692e-01 1.71581238e-01
  3.50417269e-01 1.20647118e-01 2.63499641e-01 1.40319530e-01
  5.39377358e-02 1.45354243e-01 1.03690374e-01 9.93171059e-02
  1.15200397e-01 7.36582991e-02 1.05226001e-01 8.66982436e-02
  0.00000000e+00 7.70584843e-02 4.89403045e-02 1.82052377e-02
  3.87703445e-02 5.23485062e-02 1.09668444e-03 0.00000000e+00]
 [5.59588588e+00 3.25334418e+00 4.00341077e+00 2.84761474e+00
  2.77891065e+00 2.28223239e+00 1.89631353e+00 1.75579553e+00
  1.31955946e+00 1.06563353e+00 8.20425384e-01 8.65522944e-01
  7.06354979e-01 5.70248426e-01 6.34216470e-01 6.61806636e-01
  3.54234531e-01 4.07777439e-01 3.83241735e-01 2.02614751e-01
  3.55552357e-01 2.34652346e-01 2.45722880e-01 1.88632104e-01
  1.19587414e-01 1.23824633e-01 1.36190585e-01 1.42017768e-01
  1.57014354e-01 2.13959217e-02 6.69294634e-02 4.20814615e-02
  9.74345704e-02 0.00000000e+00 3.24386158e-02 4.05084680e-02
  7.18851087e-02 4.91552272e-02 2.07574213e-03 0.00000000e+00]
 [4.48894958e+00 4.39120561e+00 3.65705865e+00 2.72204646e+00
  2.37159310e+00 2.24609564e+00 2.30421867e+00 1.38758936e+00
  1.74886869e+00 1.12972173e+00 8.57040520e-01 7.14706861e-01
  7.15191967e-01 5.49966919e-01 4.34919391e-01 5.00517305e-01
  5.22203390e-01 3.19999472e-01 2.94057542e-01 2.81588782e-01
  1.56154306e-01 1.29339307e-01 1.88930250e-01 1.41258068e-01
  1.49589997e-01 1.73849899e-01 6.18789978e-02 6.09766813e-02
  5.29052496e-02 8.60873591e-02 3.14633388e-02 9.05654145e-02
  5.43757630e-02 2.15145200e-02 8.47013008e-03 2.14504359e-02
  9.53701240e-02 2.39030058e-04 1.92099567e-02 4.52550293e-02]
 [4.28328707e+00 3.49252242e+00 3.40225938e+00 2.72075590e+00
  2.40926243e+00 2.00568244e+00 2.06457160e+00 1.64424796e+00
  1.58386922e+00 1.15601660e+00 1.00027168e+00 7.08949515e-01
  7.06219402e-01 6.16562473e-01 5.28074150e-01 3.76790128e-01
  4.99955352e-01 2.11194841e-01 3.69723432e-01 3.52912227e-01
  2.57973950e-01 7.93410934e-02 1.31517568e-01 1.04767404e-01
  4.69367737e-02 1.77641914e-01 1.50294441e-01 4.27669791e-02
  7.83968629e-02 1.85367022e-02 8.07172258e-02 4.75006545e-02
  1.00422646e-01 3.66325264e-02 6.57221076e-04 2.41039219e-02
  0.00000000e+00 1.62406816e-02 2.24623044e-02 1.10587955e-02]
 [4.61032850e+00 3.88068545e+00 3.11363458e+00 2.94067599e+00
  2.50144421e+00 2.67682341e+00 1.57517799e+00 1.82228765e+00
  1.48128117e+00 9.62748367e-01 9.12924967e-01 1.16126891e+00
  7.61489166e-01 5.53555576e-01 5.98433865e-01 5.52284013e-01
  3.54604106e-01 2.46955806e-01 3.20256228e-01 1.62398838e-01
  2.49516092e-01 1.18238383e-01 2.39809408e-01 2.21118928e-01
  1.20291165e-01 1.08435442e-01 5.22838573e-02 8.26960665e-02
  7.53947547e-02 4.92702878e-02 5.18719470e-02 5.99742312e-02
  1.35910143e-02 5.10273513e-02 2.29017588e-02 3.51871576e-02
  2.72913827e-02 1.95276917e-02 2.55584707e-02 1.86641176e-04]
 [4.49337946e+00 3.22245056e+00 2.94990795e+00 3.10823876e+00
  2.55019101e+00 1.86945619e+00 1.91745174e+00 1.58975035e+00
  1.46105091e+00 1.23582371e+00 8.24454595e-01 1.03076143e+00
  6.16650706e-01 5.93626469e-01 3.25677159e-01 3.69096169e-01
  4.91928374e-01 4.64083098e-01 2.65714730e-01 1.65168485e-01
  1.75971304e-01 2.79332988e-01 8.99769491e-02 1.56040904e-01
  9.80472007e-02 6.16145245e-02 6.95763434e-02 3.25248574e-02
  9.41706447e-02 5.89965657e-02 9.39449045e-02 1.14613154e-02
  5.54668173e-02 4.31599901e-02 0.00000000e+00 0.00000000e+00
  1.57601613e-03 5.88477263e-02 1.41038407e-08 1.49207580e-02]
 [4.10271118e+00 3.83865934e+00 3.37964109e+00 2.80778008e+00
  2.55366495e+00 2.37502611e+00 1.59254955e+00 1.38794659e+00
  1.36450554e+00 9.64677240e-01 9.35931983e-01 6.31258975e-01
  6.68968753e-01 6.74929472e-01 5.56681052e-01 3.90519292e-01
  6.70474447e-01 3.75282895e-01 2.18576808e-01 1.27003238e-01
  2.85145800e-01 9.58437650e-02 1.91350748e-01 1.77764296e-01
  2.01764176e-01 1.50558823e-01 5.58172722e-02 3.49674197e-02
  9.29885251e-02 1.36213166e-01 8.05145820e-02 4.10904047e-02
  4.31502592e-02 5.88477263e-02 6.36715742e-02 1.92098820e-02
  2.79436090e-02 3.89362829e-05 0.00000000e+00 0.00000000e+00]
 [4.95416474e+00 3.58056101e+00 3.54058044e+00 3.15567856e+00
  2.00770434e+00 1.92992883e+00 2.00388413e+00 1.40020911e+00
  1.22219525e+00 1.22379300e+00 1.07100633e+00 1.05034111e+00
  6.00066570e-01 5.01893091e-01 6.36612851e-01 4.76087357e-01
  4.24564763e-01 3.47259949e-01 2.48403749e-01 3.92100839e-01
  1.07429736e-01 2.33530416e-01 2.39123368e-01 1.33686561e-01
  1.71770722e-01 6.03004355e-02 7.99852933e-02 9.86584203e-02
  7.90085631e-02 4.99634991e-02 6.25515074e-02 7.46957602e-02
  5.26522550e-06 2.78047928e-02 7.78572176e-03 5.38804140e-02
  9.55677447e-02 0.00000000e+00 0.00000000e+00 3.01712587e-02]
 [4.29620855e+00 4.06151407e+00 3.24778604e+00 2.89681488e+00
  2.50582457e+00 2.03260382e+00 1.82729324e+00 1.57867117e+00
  1.15461047e+00 9.15882548e-01 1.05218677e+00 9.47083827e-01
  8.07249193e-01 6.35083636e-01 5.63057773e-01 3.92361018e-01
  4.03099517e-01 2.11383738e-01 2.58443805e-01 2.33400004e-01
  2.10019026e-01 2.56557175e-01 1.27317267e-01 1.43978590e-01
  1.71541488e-01 7.54946489e-02 7.36970241e-02 6.91486097e-02
  1.23910861e-01 4.50119552e-02 8.62362424e-03 3.99042297e-02
  5.73511735e-02 8.18629138e-02 2.28233621e-03 3.05545590e-02
  2.11294487e-02 0.00000000e+00 2.05086987e-02 0.00000000e+00]
 [4.55896292e+00 3.63647423e+00 3.26435616e+00 2.97096574e+00
  2.42037047e+00 2.23974076e+00 1.69741140e+00 1.70991621e+00
  1.29265729e+00 1.02856291e+00 9.42283408e-01 1.11483405e+00
  7.33098851e-01 7.04489357e-01 5.51912176e-01 5.07562763e-01
  3.13697681e-01 4.12417413e-01 3.25086841e-01 2.42287142e-01
  1.74893388e-01 9.42180894e-02 1.40593143e-01 1.53329780e-01
  1.24776778e-01 1.09362994e-01 5.64135810e-02 1.51526919e-01
  5.61266514e-02 5.36173983e-02 5.86912271e-02 5.16829612e-02
  3.33130293e-03 1.66259366e-02 2.85109927e-02 1.75453711e-02
  1.20558033e-02 5.88428494e-02 1.45843613e-02 0.00000000e+00]
 [4.12458831e+00 4.10883330e+00 3.79258966e+00 2.80199118e+00
  2.31955767e+00 1.56144635e+00 2.22947312e+00 1.41375555e+00
  1.36058183e+00 1.29055208e+00 9.85894564e-01 6.46905509e-01
  6.26427302e-01 6.10451960e-01 6.02364268e-01 5.41704617e-01
  3.13016795e-01 2.30206062e-01 3.54555554e-01 2.49215207e-01
  2.58387440e-01 2.45708261e-01 1.76238065e-01 1.00515280e-01
  1.03824974e-01 7.99156070e-02 6.84029754e-02 1.45851618e-01
  2.62375440e-02 4.90248226e-02 9.37070390e-02 4.55643503e-02
  1.49207580e-02 1.84738585e-02 3.56305203e-02 9.68941897e-02
  5.85342757e-02 3.60213250e-02 3.76593880e-02 0.00000000e+00]
 [4.32137456e+00 3.34347365e+00 3.19645251e+00 2.77444651e+00
  2.55901335e+00 1.95386451e+00 1.56595149e+00 1.21295460e+00
  9.35525170e-01 1.07584996e+00 1.09340777e+00 1.14296686e+00
  7.42279431e-01 5.09797217e-01 4.99275255e-01 3.88555483e-01
  4.06253745e-01 3.77168694e-01 2.93868843e-01 1.40441391e-01
  2.04865620e-01 2.51164184e-01 1.44727603e-01 1.95550250e-01
  1.41419234e-01 6.53840340e-02 1.56412875e-01 4.90614178e-02
  9.53062718e-02 4.45850752e-02 8.29597227e-02 1.60078759e-02
  4.96714682e-02 4.44768313e-02 1.94443601e-02 3.88307864e-02
  1.78470673e-02 1.75952600e-04 5.33985647e-02 3.73019581e-03]
 [4.18106624e+00 3.76996076e+00 3.23249233e+00 2.70219847e+00
  2.01992852e+00 2.13365702e+00 1.67762828e+00 1.55890690e+00
  1.38263498e+00 1.12037051e+00 9.36871788e-01 7.63983729e-01
  6.62770748e-01 8.35774325e-01 5.15763216e-01 2.84164379e-01
  4.22994615e-01 4.40926520e-01 2.79843779e-01 2.71462005e-01
  3.48027379e-01 1.98695700e-01 1.27983758e-01 1.17243633e-01
  6.67461913e-02 1.58129180e-01 1.09760907e-01 8.82479760e-02
  5.73532539e-02 9.07116471e-02 6.74698488e-02 6.19980985e-02
  3.99471643e-02 3.33941905e-02 2.59469317e-02 5.79749735e-03
  2.48350800e-02 2.85344615e-03 1.21713238e-02 4.84256945e-03]
 [3.97939476e+00 3.64490051e+00 2.81989174e+00 2.53090822e+00
  1.92986606e+00 2.29555377e+00 1.78570136e+00 1.28244410e+00
  1.43095227e+00 1.31636011e+00 7.64020171e-01 6.75280387e-01
  6.90952966e-01 5.87043354e-01 4.84145390e-01 4.57947346e-01
  4.50395632e-01 3.43178448e-01 4.01686687e-01 1.69613058e-01
  1.68801526e-01 1.88025545e-01 1.96926018e-01 9.70704219e-02
  9.05579884e-02 6.56526119e-02 1.12056759e-01 6.93394884e-02
  1.67098801e-01 2.40718781e-02 4.59094020e-02 8.24720232e-02
  1.17816480e-02 2.52228435e-02 1.72147017e-02 5.94797237e-02
  1.95678830e-02 3.61253129e-03 4.11353563e-02 2.29086794e-02]
 [4.25442265e+00 3.95107439e+00 3.26973871e+00 2.62218069e+00
  2.45875999e+00 2.05203220e+00 1.79147419e+00 1.33092700e+00
  1.30164253e+00 8.11647281e-01 9.20617753e-01 5.56177346e-01
  7.50791023e-01 4.27978913e-01 5.14205888e-01 5.36702766e-01
  4.04998312e-01 2.11861476e-01 4.00627895e-01 1.79583492e-01
  2.56598561e-01 1.47162880e-01 1.00066155e-01 1.22158272e-01
  1.03453803e-01 1.65050048e-01 1.05428136e-01 4.77347136e-02
  3.69730172e-02 8.53647331e-02 7.72194996e-02 7.55901356e-03
  1.12811836e-02 4.93008150e-02 3.17361636e-02 4.53998698e-03
  3.89155601e-03 2.77748193e-02 4.06971857e-02 2.74225543e-03]
 [3.62238536e+00 3.09796644e+00 2.97311176e+00 2.34493321e+00
  2.37267057e+00 1.55737674e+00 1.45452483e+00 1.53960724e+00
  1.16803963e+00 1.06955252e+00 9.93300349e-01 8.99858305e-01
  5.46071224e-01 7.40661192e-01 5.89858339e-01 4.54066699e-01
  3.48703134e-01 3.81920021e-01 2.02723138e-01 1.90729071e-01
  2.00256640e-01 1.56616532e-01 1.24402971e-01 2.25841363e-01
  1.74104977e-01 1.67478045e-01 8.99745248e-02 7.71209014e-02
  4.95782866e-02 5.03169838e-02 4.53642826e-02 1.22501387e-02
  2.70410656e-02 7.63285815e-02 3.71527202e-02 9.35610076e-03
  1.01351409e-02 6.53314807e-03 1.10258175e-02 1.23490260e-02]]
