args:  Namespace(attack='fgm', ndim=10)
elapsed time: 6924.223937062
test_losses: [[ -4.0334118   -5.33637578  -6.31675684  -7.038552    -7.81981863
   -8.01627861  -8.30333754  -8.70369229  -9.00705815  -9.13330207
   -9.20052043  -9.18877426  -9.46460141  -9.56135429  -9.7791256
   -9.77766676  -9.87638808  -9.8563505   -9.97455949 -10.0587657
  -10.03155343 -10.05132963 -10.0317131  -10.05129126 -10.08814978
  -10.15532897 -10.18506642 -10.12966272 -10.20084668 -10.15032626
  -10.17269645 -10.18422991 -10.20476528 -10.2111198  -10.22460945
  -10.23017007 -10.24359963 -10.22517934 -10.2383864  -10.23583235]
 [ -3.8220014   -5.64825823  -6.23200298  -7.23678699  -7.77437878
   -7.89229658  -8.22252689  -8.73415773  -8.98994789  -9.20722034
   -9.16926542  -9.4901566   -9.55703107  -9.57013045  -9.68619188
   -9.84239555  -9.88977786  -9.93738932  -9.87174793  -9.90709385
  -10.07056907 -10.03961588 -10.1489392  -10.15103649 -10.12257557
  -10.17935224 -10.15994692 -10.2112065  -10.19066139 -10.19083409
  -10.19243971 -10.21683427 -10.22557648 -10.23194916 -10.23667939
  -10.23477303 -10.20066675 -10.23852948 -10.24766764 -10.25059503]
 [ -3.79154183  -4.8916741   -6.05696713  -7.16736244  -7.39198178
   -7.9988228   -8.35541158  -8.57068963  -8.68007563  -8.95342577
   -9.26014194  -9.4049225   -9.50749538  -9.74910673  -9.7765572
   -9.79142397  -9.85205119 -10.01096107  -9.92578768 -10.01652507
  -10.06723393 -10.03731378 -10.07447247 -10.14550352 -10.1557084
  -10.17787308 -10.21196317 -10.16888409 -10.16324181 -10.16354361
  -10.21778162 -10.20496477 -10.22674825 -10.2378602  -10.23001198
  -10.23020883 -10.21634257 -10.24762987 -10.23594429 -10.2477788 ]
 [ -3.92884976  -5.35584371  -6.33250752  -7.02100735  -7.68735973
   -7.90630304  -8.40461696  -8.46439312  -8.77682179  -9.21626888
   -9.18857129  -9.44212619  -9.47231951  -9.64464142  -9.63539849
   -9.80321621  -9.820015    -9.91321989  -9.94130221 -10.02666282
   -9.97695445 -10.11170752 -10.12247027 -10.07302931 -10.12803191
  -10.12118087 -10.15183864 -10.15422929 -10.20338743 -10.17190276
  -10.20547854 -10.19830824 -10.21720046 -10.20831757 -10.20658468
  -10.22599598 -10.22526825 -10.23778742 -10.24040145 -10.2423793 ]
 [ -3.60720271  -5.16311513  -6.38673534  -7.24840664  -7.43765943
   -7.8598377   -8.21013357  -8.62041312  -9.02092129  -9.20043377
   -9.33244186  -9.43298511  -9.36607498  -9.71600696  -9.65838154
   -9.84774055  -9.84067398  -9.87721617 -10.00469126  -9.97510719
  -10.0635719  -10.01692162 -10.05540555 -10.10471282 -10.10914113
  -10.16671662 -10.12342091 -10.20867976 -10.17981865 -10.20912514
  -10.18715981 -10.22164575 -10.24972708 -10.20455796 -10.21959502
  -10.23997453 -10.23633919 -10.21100905 -10.24456225 -10.24044584]
 [ -4.10098029  -5.13835281  -6.17045018  -6.82202447  -7.57691966
   -7.96704072  -8.4161303   -8.80664335  -8.96172557  -8.96742894
   -9.37922988  -9.21677227  -9.48201296  -9.53869692  -9.57245755
   -9.76181594  -9.79745729 -10.00805145  -9.9963086   -9.9266507
  -10.02083914 -10.12834448 -10.04959411 -10.15114064 -10.09534945
  -10.13370873 -10.17476372 -10.1606044  -10.17818183 -10.17567095
  -10.21895486 -10.22241365 -10.19065082 -10.21763147 -10.20733692
  -10.21355208 -10.24308589 -10.23083274 -10.24711612 -10.25447436]
 [ -3.91256026  -5.1535022   -6.54626763  -6.89521513  -7.52939577
   -8.02155533  -8.29226324  -8.60983145  -8.86450271  -9.07929221
   -9.24409756  -9.38501194  -9.48040634  -9.6682346   -9.72355265
   -9.8432211   -9.9577437   -9.98493259  -9.94112083 -10.00103285
   -9.98342812 -10.08149551 -10.07166469 -10.17081793 -10.13166678
  -10.1304049  -10.16571604 -10.11885078 -10.19592414 -10.18641328
  -10.22385648 -10.18899338 -10.21977494 -10.2036269  -10.18234549
  -10.22248278 -10.21937156 -10.2342325  -10.24990261 -10.25584602]
 [ -3.76219482  -5.16298008  -6.4805657   -6.88576677  -7.55765868
   -8.05979666  -8.21544874  -8.69528301  -8.81125627  -8.9542724
   -9.27236495  -9.36678833  -9.5153933   -9.53541512  -9.70861703
   -9.82654149  -9.85075711  -9.91721625  -9.89762466  -9.99801175
  -10.02665887 -10.00521493 -10.11361738 -10.10711707 -10.15664035
  -10.18028983 -10.1853429  -10.16495454 -10.13708974 -10.17744958
  -10.20101791 -10.20199527 -10.19911681 -10.24394544 -10.23962995
  -10.23148607 -10.23751846 -10.22627408 -10.23854199 -10.25200926]
 [ -4.16444922  -5.17934735  -6.31073146  -6.90916764  -7.47923295
   -8.12946552  -8.3230898   -8.59269819  -9.02931992  -9.14867383
   -9.15385028  -9.39057275  -9.50858747  -9.64821703  -9.63270851
   -9.85333659  -9.77413169  -9.94394188  -9.91563563 -10.03072687
  -10.01298427 -10.04849833 -10.12395534 -10.10179502 -10.11657421
  -10.10554482 -10.17763791 -10.1903159  -10.18698214 -10.16054793
  -10.1715462  -10.18551515 -10.21569935 -10.20778594 -10.24020117
  -10.2495504  -10.20995872 -10.25225939 -10.23997453 -10.24672776]
 [ -4.02347894  -5.51045598  -6.26015679  -6.98082097  -7.5574098
   -7.98051048  -8.46988709  -8.73383695  -8.92378999  -9.09879955
   -9.21238517  -9.30496022  -9.497432    -9.63083916  -9.70643876
   -9.7395718   -9.89083014  -9.91336156  -9.94896097  -9.99188043
  -10.02971965 -10.04829129 -10.15185692 -10.09684222 -10.09515762
  -10.11965372 -10.17294471 -10.14463699 -10.13815539 -10.17872883
  -10.23098271 -10.16276215 -10.22416229 -10.2284114  -10.22426006
  -10.24413651 -10.24413931 -10.25445528 -10.22468875 -10.24561119]
 [ -3.66524554  -5.3595995   -6.30728115  -6.86541644  -7.59630722
   -7.77081584  -8.42599365  -8.68219626  -8.8725354   -9.02652448
   -9.20871965  -9.39917768  -9.54773282  -9.65320158  -9.53974092
   -9.67563119  -9.87801009  -9.77375331  -9.99709665  -9.96744883
  -10.07176962 -10.05864069 -10.08314893 -10.11992347 -10.15806298
  -10.16285295 -10.12558426 -10.12585429 -10.182975   -10.19230357
  -10.18294007 -10.21947914 -10.21805849 -10.22298232 -10.22914239
  -10.22211154 -10.23223587 -10.24981325 -10.25227283 -10.23899556]
 [ -3.97325715  -5.15960662  -6.33866286  -7.07129668  -7.52754584
   -8.08636022  -8.40673346  -8.68469687  -8.83000289  -9.11840517
   -9.27027415  -9.32869329  -9.5453811   -9.54704408  -9.71365589
   -9.76791623  -9.85087583  -9.97201803  -9.98782017 -10.03930011
  -10.05546397 -10.11211    -10.12192211 -10.10285454 -10.13422527
  -10.18856459 -10.13499935 -10.15795997 -10.19157195 -10.1676008
  -10.22066894 -10.21998883 -10.22010307 -10.24026032 -10.21579019
  -10.2544956  -10.23608361 -10.24308637 -10.236243   -10.24766764]
 [ -3.91858162  -5.410595    -6.12061351  -6.8442078   -7.51291974
   -8.12551051  -8.24992512  -8.70297005  -9.05752232  -9.05357444
   -9.23380681  -9.35238677  -9.52608936  -9.56838565  -9.75631608
   -9.86462779  -9.86683741  -9.93994077  -9.92701043 -10.03554122
  -10.06782774 -10.02757533 -10.06302068 -10.0941168  -10.1007907
  -10.18073183 -10.0948518  -10.18075407 -10.19947163 -10.19116464
  -10.21312305 -10.20691275 -10.20925647 -10.2080644  -10.21255541
  -10.22143197 -10.23209724 -10.20872221 -10.23500923 -10.24766764]
 [ -3.94862021  -5.35875398  -6.38936587  -6.95649772  -7.30358386
   -7.97920574  -8.31716793  -8.53464852  -8.77783816  -9.11646967
   -9.22481211  -9.31071286  -9.48495676  -9.63614043  -9.69185835
   -9.7919485   -9.8298138   -9.93742733  -9.91971368 -10.00693367
  -10.07424073 -10.02213738 -10.06936654 -10.09361877 -10.15675589
  -10.16349428 -10.10942139 -10.1814501  -10.20526722 -10.20127588
  -10.24004319 -10.20795074 -10.21378332 -10.22675244 -10.22381474
  -10.22205143 -10.221191   -10.24762987 -10.21768797 -10.25284716]
 [ -3.7816083   -5.47206124  -6.33473266  -7.13894161  -7.34421996
   -7.95725788  -8.23883992  -8.60986461  -8.90296553  -9.10728184
   -9.31007557  -9.41880215  -9.48641157  -9.58888923  -9.64404828
   -9.77160765  -9.7760048   -9.9346025   -9.95677802  -9.93443709
   -9.99683098 -10.08572408 -10.05321324 -10.08933214 -10.0794081
  -10.11222282 -10.17353799 -10.16254432 -10.14679795 -10.17126445
  -10.15006967 -10.20936716 -10.21394207 -10.22110849 -10.22467142
  -10.2287951  -10.22509994 -10.24461032 -10.24488347 -10.23827963]
 [ -3.88093686  -5.42753653  -6.46948614  -7.03868478  -7.44198664
   -7.77204315  -8.26239188  -8.72609098  -8.98528314  -8.97549838
   -9.36972326  -9.26418535  -9.50610166  -9.61928261  -9.71050541
   -9.83436805  -9.77670934  -9.90621603  -9.93524567  -9.99826807
  -10.05025221  -9.9987388  -10.05128571 -10.09728358 -10.13291006
  -10.13610669 -10.14240965 -10.17028908 -10.17349883 -10.21787529
  -10.2059443  -10.23889888 -10.20103056 -10.2069975  -10.22413373
  -10.24167574 -10.24621373 -10.2384941  -10.24137629 -10.23811637]
 [ -3.99833685  -5.0587559   -6.44541374  -7.05796624  -7.27516233
   -8.00365932  -8.17304319  -8.75677522  -8.85622447  -8.92033689
   -9.33011964  -9.32585728  -9.44834237  -9.67801704  -9.80305914
   -9.72402093  -9.79809879  -9.91980402  -9.92563587 -10.00993873
  -10.00163233 -10.0133352  -10.1049704  -10.08000223 -10.17019937
  -10.15428225 -10.16668659 -10.18092898 -10.18743937 -10.20624013
  -10.18856012 -10.20885543 -10.23590824 -10.20631683 -10.23344934
  -10.2326232  -10.22002016 -10.22855254 -10.23821124 -10.24695519]]
variance: [[1.11697140e+01 8.74949673e+00 5.92450458e+00 6.42560035e+00
  4.17540259e+00 4.82154998e+00 3.50069804e+00 3.01153068e+00
  2.41087479e+00 2.47500146e+00 2.08525570e+00 2.34680090e+00
  1.53109010e+00 1.31540279e+00 1.07433138e+00 9.58256132e-01
  7.86009521e-01 8.42152618e-01 5.66844849e-01 4.33186958e-01
  4.99391470e-01 4.09528761e-01 4.43325789e-01 4.87949514e-01
  3.36016888e-01 2.39502222e-01 1.53549442e-01 2.55861842e-01
  1.16834933e-01 2.03312247e-01 1.72199182e-01 1.74798120e-01
  1.14379318e-01 1.01254235e-01 5.86302971e-02 6.53189898e-02
  2.49744244e-02 5.95242835e-02 3.29056926e-02 4.16530034e-02]
 [9.42926248e+00 7.86570689e+00 6.94039838e+00 5.59816012e+00
  5.04223595e+00 4.45335411e+00 3.77847461e+00 3.13204467e+00
  2.43933339e+00 2.09962221e+00 2.12467025e+00 1.53955021e+00
  1.37652244e+00 1.41980511e+00 1.41561765e+00 1.00891270e+00
  8.10095103e-01 6.16165435e-01 6.97673108e-01 7.18240326e-01
  4.09190512e-01 5.18258121e-01 2.37587681e-01 2.33228978e-01
  2.45456628e-01 1.58296092e-01 1.86630955e-01 7.93937685e-02
  1.69093112e-01 1.45279035e-01 1.35295703e-01 9.13459809e-02
  6.28649560e-02 4.44034611e-02 3.90954537e-02 3.99799570e-02
  1.16831403e-01 2.98086560e-02 1.99989089e-02 8.24431958e-03]
 [8.81579672e+00 8.47518803e+00 7.61229900e+00 5.07412236e+00
  4.84957438e+00 4.44284515e+00 3.77946632e+00 3.11456795e+00
  2.63359215e+00 2.43113083e+00 2.13518629e+00 1.78563156e+00
  1.56953989e+00 1.11840998e+00 1.10367372e+00 8.29918329e-01
  7.45940199e-01 4.90501213e-01 6.40884388e-01 4.66951497e-01
  3.46852556e-01 4.92311060e-01 3.90166807e-01 2.42166532e-01
  2.10074482e-01 1.46247546e-01 8.03431501e-02 2.10752001e-01
  1.83371479e-01 1.83800572e-01 7.38117401e-02 1.03872776e-01
  6.44189826e-02 4.14440284e-02 5.25591743e-02 5.35228313e-02
  9.35981498e-02 2.01840497e-02 4.22727955e-02 1.94589701e-02]
 [8.43181520e+00 8.86444886e+00 6.41829838e+00 5.32901951e+00
  4.81612230e+00 3.92493952e+00 3.59338259e+00 3.22883901e+00
  3.15694422e+00 2.11958210e+00 2.26926639e+00 1.60206164e+00
  1.94122649e+00 1.00014191e+00 1.15826288e+00 9.22794286e-01
  8.27058022e-01 7.87819063e-01 6.53004958e-01 4.62573082e-01
  5.26571994e-01 2.73279488e-01 2.96383052e-01 3.83275285e-01
  2.28653452e-01 2.52508509e-01 2.12295053e-01 2.07630827e-01
  1.07312842e-01 1.61296594e-01 8.80283590e-02 1.17039388e-01
  6.79783999e-02 9.97821698e-02 9.11063197e-02 6.32108443e-02
  6.98270976e-02 2.26360792e-02 2.94579676e-02 2.22400140e-02]
 [9.59460737e+00 7.99656701e+00 6.17069136e+00 5.22848138e+00
  4.65998523e+00 4.11095910e+00 3.56262968e+00 3.43628115e+00
  2.39372359e+00 1.91888992e+00 1.77730108e+00 1.53408333e+00
  1.77782828e+00 1.10946710e+00 1.24486431e+00 8.30052847e-01
  7.33022865e-01 7.17241041e-01 4.74472832e-01 5.61026564e-01
  3.40361212e-01 4.27232657e-01 3.71042131e-01 3.05219405e-01
  3.35230055e-01 1.78577160e-01 2.83045367e-01 8.43809321e-02
  1.51553415e-01 8.57286838e-02 1.32113803e-01 6.53925603e-02
  1.11950088e-02 1.13691344e-01 8.52392614e-02 3.75441265e-02
  4.05372778e-02 9.96245228e-02 1.90628822e-02 2.41400209e-02]
 [8.85285213e+00 7.83113652e+00 7.79201919e+00 6.17928583e+00
  5.18867733e+00 4.17836244e+00 3.67740932e+00 3.01744848e+00
  2.21413291e+00 2.68364899e+00 1.67597985e+00 2.06286972e+00
  1.45302103e+00 1.42791760e+00 1.28769930e+00 8.46699201e-01
  1.04055446e+00 4.54361953e-01 5.08450542e-01 6.48173369e-01
  4.96172334e-01 2.45453452e-01 4.12190555e-01 1.99474275e-01
  2.59536909e-01 2.76418039e-01 1.52295980e-01 1.88795923e-01
  1.57467826e-01 1.70883003e-01 7.56213105e-02 6.69280485e-02
  1.34353424e-01 7.20978001e-02 1.23586415e-01 8.95485630e-02
  2.75733672e-02 6.20132857e-02 2.27871336e-02 5.62554086e-04]
 [8.20067500e+00 8.13893828e+00 6.01468693e+00 6.76070702e+00
  4.74814897e+00 4.63663986e+00 3.39834973e+00 3.34531536e+00
  2.50436502e+00 2.00173850e+00 1.84155379e+00 1.58927999e+00
  1.61579411e+00 1.14891661e+00 1.08046588e+00 7.70177275e-01
  5.69361309e-01 4.95759003e-01 5.60518779e-01 4.97840495e-01
  5.53926994e-01 2.98064226e-01 3.56802101e-01 1.61811974e-01
  2.47007344e-01 2.44415342e-01 2.14888719e-01 2.83388541e-01
  8.70667165e-02 1.48758423e-01 5.71844919e-02 1.34906150e-01
  8.06187917e-02 1.06560113e-01 1.35747409e-01 6.83252085e-02
  7.99096042e-02 4.75816205e-02 1.05619225e-02 0.00000000e+00]
 [9.69576605e+00 8.07902999e+00 6.03002801e+00 5.82948762e+00
  4.64350155e+00 4.35139190e+00 3.15196262e+00 2.64756946e+00
  2.78433474e+00 2.60823159e+00 1.81650869e+00 1.94280374e+00
  1.54534533e+00 1.45685899e+00 1.08782067e+00 8.64401204e-01
  7.45856439e-01 6.69706349e-01 8.49444846e-01 4.55965166e-01
  5.08988581e-01 5.11123950e-01 2.44614741e-01 2.86321413e-01
  1.88676038e-01 1.15615162e-01 1.31877340e-01 1.89029983e-01
  2.73064124e-01 1.41190391e-01 1.01746320e-01 1.12026352e-01
  1.17742793e-01 2.31642936e-02 2.57222719e-02 3.84839255e-02
  3.58351890e-02 5.76045437e-02 3.56047437e-02 4.40151689e-03]
 [8.92122558e+00 8.50950253e+00 7.20079741e+00 4.99781326e+00
  4.91170289e+00 3.74493702e+00 3.45425400e+00 3.61487833e+00
  2.21687082e+00 2.27769686e+00 2.03887208e+00 1.60567835e+00
  1.66336114e+00 1.12916932e+00 1.24220784e+00 9.09288676e-01
  1.06389348e+00 6.00686797e-01 7.77629314e-01 4.34101774e-01
  5.55311872e-01 4.49256539e-01 2.48355496e-01 2.95710177e-01
  3.17871568e-01 3.14048029e-01 1.80668492e-01 1.07321598e-01
  1.44540761e-01 2.33601088e-01 1.75267578e-01 1.26406102e-01
  8.44315298e-02 1.05026099e-01 2.83020217e-02 1.18508168e-02
  9.18973575e-02 3.84631568e-03 3.75441265e-02 1.26208712e-02]
 [9.50418304e+00 6.77649942e+00 6.41847709e+00 6.18128369e+00
  4.88200924e+00 4.03347644e+00 3.02409536e+00 2.62960580e+00
  2.43686422e+00 2.25919504e+00 2.05490830e+00 1.99315929e+00
  1.44420537e+00 1.10991084e+00 1.06652492e+00 1.14425901e+00
  7.07015248e-01 5.95313682e-01 5.82479775e-01 5.16547472e-01
  4.24169473e-01 3.72631640e-01 1.80938666e-01 2.82110350e-01
  3.65036475e-01 2.69265826e-01 1.59695009e-01 2.25069377e-01
  3.04956631e-01 1.41366420e-01 4.39755026e-02 1.84814931e-01
  6.62983113e-02 5.88423004e-02 6.11251003e-02 1.47765827e-02
  1.32240050e-02 5.78318518e-04 5.88800478e-02 1.16105295e-02]
 [8.62902727e+00 7.59423054e+00 6.96574295e+00 5.54806938e+00
  5.00134633e+00 4.17556315e+00 2.98731560e+00 2.86296339e+00
  2.78581525e+00 2.06439344e+00 1.86202151e+00 1.43025327e+00
  1.40912803e+00 1.09657457e+00 1.32900045e+00 1.21406877e+00
  6.50934691e-01 8.85224205e-01 4.94176547e-01 6.92961463e-01
  4.00285677e-01 3.55895166e-01 3.33412084e-01 2.56600094e-01
  2.02079330e-01 2.01442629e-01 2.77923260e-01 2.41144068e-01
  1.38354751e-01 1.12002956e-01 1.36629285e-01 6.96437939e-02
  6.70608040e-02 5.44594658e-02 5.30052081e-02 7.24841105e-02
  3.28140814e-02 1.08819188e-02 1.90765882e-03 2.43028987e-02]
 [9.64333800e+00 7.56746300e+00 6.69723435e+00 5.10821209e+00
  4.78094714e+00 3.98451125e+00 3.30256790e+00 2.99038615e+00
  2.71396007e+00 2.04201669e+00 1.79181434e+00 1.63545705e+00
  1.23422341e+00 1.32656271e+00 9.51917598e-01 9.10855665e-01
  8.43317556e-01 5.59594395e-01 5.18863863e-01 4.31280878e-01
  4.76629399e-01 3.04429617e-01 3.07462021e-01 2.79938960e-01
  2.10547264e-01 1.28541182e-01 2.13311382e-01 1.87085965e-01
  1.32006416e-01 1.67845810e-01 7.17661340e-02 7.00697272e-02
  5.91398762e-02 1.98229565e-02 8.11859620e-02 5.45265590e-04
  3.90718777e-02 2.61994057e-02 3.51304036e-02 1.99989089e-02]
 [8.57332211e+00 7.28057525e+00 6.33842982e+00 5.54764754e+00
  4.87875876e+00 3.74607987e+00 3.78197966e+00 2.72141567e+00
  2.04583001e+00 2.20858394e+00 2.02832929e+00 1.96791839e+00
  1.38743532e+00 1.39697179e+00 8.97996718e-01 7.35243030e-01
  6.94051357e-01 6.39271333e-01 6.39735834e-01 4.85227652e-01
  3.72487997e-01 4.81683907e-01 3.35887867e-01 2.89252743e-01
  2.67519405e-01 1.28337705e-01 3.09224653e-01 1.32896834e-01
  9.50878099e-02 1.25051294e-01 9.39187832e-02 9.45680218e-02
  1.09177654e-01 8.45263645e-02 7.62259214e-02 6.36556797e-02
  4.26451459e-02 9.90619780e-02 4.68380520e-02 1.99989089e-02]
 [9.11125871e+00 7.31929655e+00 6.31066481e+00 5.66296018e+00
  5.08827799e+00 3.68492329e+00 3.69879006e+00 3.11586117e+00
  2.66462978e+00 2.37614759e+00 2.15182074e+00 1.71066350e+00
  1.25668746e+00 1.19097593e+00 1.09378662e+00 9.07869488e-01
  8.11244918e-01 5.86756005e-01 6.10126059e-01 4.59696310e-01
  3.13016009e-01 5.44551679e-01 3.07239867e-01 2.89612445e-01
  1.79723120e-01 1.62082586e-01 2.70060970e-01 1.37846973e-01
  8.11817629e-02 8.73653865e-02 2.54279662e-02 8.03396213e-02
  7.46683977e-02 5.21731285e-02 6.05821829e-02 6.08552554e-02
  5.98227673e-02 2.01840497e-02 7.24385994e-02 2.68895644e-03]
 [8.75491757e+00 8.38644234e+00 7.26542861e+00 6.33956622e+00
  4.92727858e+00 3.75231360e+00 3.40409191e+00 2.83778107e+00
  2.71353882e+00 1.82169620e+00 2.08964123e+00 1.43065152e+00
  1.68046872e+00 1.23843321e+00 1.18873981e+00 1.06371128e+00
  8.44663403e-01 6.76315099e-01 5.82252702e-01 6.79166241e-01
  5.04847445e-01 3.10100341e-01 3.86617404e-01 2.81932817e-01
  3.26287769e-01 2.76677560e-01 1.48311138e-01 1.83139769e-01
  1.90169776e-01 1.54054215e-01 2.06365982e-01 8.09367060e-02
  7.09464400e-02 7.18405846e-02 4.11348584e-02 4.04322260e-02
  6.70604636e-02 1.88735008e-02 1.80889483e-02 3.95394373e-02]
 [8.67566354e+00 7.28035891e+00 6.49535154e+00 5.38239822e+00
  5.31386024e+00 3.89744571e+00 3.63075506e+00 2.94611121e+00
  2.47454845e+00 2.11132791e+00 1.58917491e+00 1.84879737e+00
  1.30407762e+00 1.19098937e+00 9.74183610e-01 7.88982361e-01
  9.63711473e-01 6.50024792e-01 6.08392221e-01 5.28384874e-01
  3.24397460e-01 4.55227359e-01 3.46070360e-01 2.75132338e-01
  2.28230700e-01 2.18354883e-01 2.86607248e-01 1.49518166e-01
  1.49301942e-01 6.30316402e-02 1.24799336e-01 2.77816089e-02
  1.19496664e-01 9.38993119e-02 5.33429914e-02 1.94834045e-02
  1.95980708e-02 3.17593604e-02 2.86156272e-02 2.89442919e-02]
 [7.51350652e+00 6.71303206e+00 5.86392889e+00 4.86375483e+00
  4.54057113e+00 4.13417711e+00 3.31677353e+00 2.41280033e+00
  2.50236600e+00 2.33179700e+00 1.64327457e+00 1.83375087e+00
  1.32643653e+00 1.03397775e+00 7.74430592e-01 1.04881113e+00
  8.88946335e-01 7.98807350e-01 6.46811737e-01 4.79412212e-01
  3.97862827e-01 4.30645550e-01 2.37306076e-01 3.09347661e-01
  1.25144761e-01 1.79192716e-01 1.71863171e-01 1.14801531e-01
  9.43076006e-02 7.40627345e-02 1.13481159e-01 7.93851724e-02
  3.65696242e-02 8.85609730e-02 3.91597029e-02 3.75554353e-02
  6.95380538e-02 4.64476758e-02 3.43288377e-02 1.29214673e-02]]
