args:  Namespace(attack='opt', ndim=2)
test_losses: [[-0.90382528 -1.15482313 -1.40061278 -1.51687788 -1.70759413 -1.67252351
  -1.77528714 -1.9175433  -1.86161278 -2.01110087 -2.01392221 -2.08502227
  -2.02453244 -2.08712798 -2.10917323 -2.11493201 -2.14784283 -2.18602862
  -2.19295053 -2.18398024 -2.20694753 -2.18345415 -2.20079248 -2.2308133
  -2.21680547]
 [-0.73146167 -1.1477161  -1.34571829 -1.52383919 -1.715746   -1.73903871
  -1.80976411 -1.97011927 -1.89696204 -2.02108536 -2.01999029 -2.07601562
  -2.09350754 -2.06489443 -2.08801952 -2.13116609 -2.14016142 -2.1823321
  -2.17810806 -2.19681675 -2.17901153 -2.17800189 -2.18858363 -2.19788821
  -2.20238895]
 [-0.82501417 -1.27426168 -1.41659354 -1.46028037 -1.57340454 -1.60686266
  -1.69266105 -1.83660425 -1.8176429  -1.88147393 -1.87174623 -1.92775346
  -1.96586811 -2.01468759 -1.99471664 -2.0597398  -2.06710066 -2.06548628
  -2.11002205 -2.11241127 -2.09594238 -2.12347997 -2.14130149 -2.16991261
  -2.10595741]
 [-0.85285459 -1.07835129 -1.34407869 -1.31033587 -1.46474149 -1.6091049
  -1.58090696 -1.61321204 -1.75607618 -1.78887945 -1.76083266 -1.77990518
  -1.83310239 -1.83066346 -1.85118154 -1.85657004 -1.85758    -1.8435722
  -1.91118299 -1.88139636 -1.91793384 -1.99358317 -1.99502546 -1.96064956
  -1.99918562]
 [-0.80831473 -1.16872689 -1.26898398 -1.41664254 -1.38781696 -1.40940814
  -1.5682235  -1.51620386 -1.65965908 -1.64160407 -1.60868003 -1.63888485
  -1.75276336 -1.80061894 -1.76479413 -1.77899042 -1.81663139 -1.78930948
  -1.81613469 -1.74703102 -1.80880943 -1.88869658 -1.8057262  -1.86790131
  -1.88346229]
 [-0.81166012 -1.00914078 -1.30485911 -1.27961257 -1.37595808 -1.38010616
  -1.41306802 -1.53141391 -1.56404644 -1.43285979 -1.61542    -1.59209226
  -1.65643372 -1.64471903 -1.6473056  -1.69145375 -1.66741669 -1.68788023
  -1.72922007 -1.78347371 -1.77943715 -1.83770319 -1.73104848 -1.77998285
  -1.80753035]
 [-0.753931   -0.99354198 -1.13864135 -1.22391933 -1.31952864 -1.44979615
  -1.37583277 -1.48506219 -1.48644492 -1.49479461 -1.48992962 -1.55359999
  -1.5549152  -1.61709047 -1.63196685 -1.59504799 -1.60768922 -1.67501718
  -1.62565204 -1.66667686 -1.66294682 -1.70748343 -1.72792285 -1.74118372
  -1.7089777 ]
 [-0.712571   -0.98275666 -1.10923825 -1.24939068 -1.29423534 -1.33172527
  -1.33719316 -1.42437696 -1.40981266 -1.46299483 -1.45633164 -1.52325249
  -1.55002741 -1.51168751 -1.51512005 -1.48618374 -1.59825346 -1.51460837
  -1.63700434 -1.57685937 -1.61867306 -1.5250728  -1.6170373  -1.54902288
  -1.62575454]
 [-0.62285888 -0.94831468 -1.19182049 -1.29613152 -1.29141779 -1.2792827
  -1.30969601 -1.41069884 -1.37151949 -1.33626242 -1.35215467 -1.44465759
  -1.35346207 -1.41636172 -1.4515055  -1.44494253 -1.4403131  -1.54737744
  -1.48124361 -1.50347819 -1.52088952 -1.52701765 -1.59075598 -1.51886628
  -1.5416724 ]
 [-0.76258842 -0.93566778 -1.15211079 -1.2139025  -1.23591314 -1.27147418
  -1.19038594 -1.32439947 -1.35384234 -1.32755745 -1.31182364 -1.33283765
  -1.34248935 -1.44128082 -1.37825463 -1.32529143 -1.36725442 -1.47151962
  -1.37553463 -1.39219207 -1.35003421 -1.41154304 -1.38192939 -1.41734696
  -1.47104154]
 [-0.82126954 -0.992427   -1.12260796 -1.11959277 -1.14216912 -1.16837811
  -1.16033326 -1.1900682  -1.26807205 -1.28532427 -1.25079983 -1.31774947
  -1.2575344  -1.29497507 -1.25149753 -1.21713002 -1.33842371 -1.2881883
  -1.35552568 -1.43338696 -1.26567109 -1.35966322 -1.37874374 -1.40440878
  -1.27747203]
 [-0.74368571 -1.04420863 -0.95344078 -1.08824773 -1.19560984 -1.10497484
  -1.11107242 -1.12252534 -1.14608412 -1.24341178 -1.13474263 -1.25282876
  -1.14947875 -1.25186815 -1.12309566 -1.1887887  -1.17689115 -1.14255319
  -1.17433842 -1.27883711 -1.21057817 -1.24049386 -1.17994048 -1.13755913
  -1.20684315]
 [-0.65870437 -0.89129754 -1.01548541 -1.04603141 -1.12333581 -1.12324852
  -1.12105429 -1.10341111 -1.07756104 -1.13945758 -1.09944895 -1.15566624
  -1.0948209  -1.159096   -1.09412533 -1.13788123 -1.09285957 -1.12620685
  -1.09043833 -1.1750266  -1.14449988 -1.15178641 -1.14475053 -1.20560282
  -1.14465482]
 [-0.65881021 -0.71912031 -0.77689293 -0.84621777 -0.76452878 -0.73711507
  -0.76451185 -0.70230164 -0.76988307 -0.70247016 -0.70036817 -0.64899413
  -0.65761777 -0.59585479 -0.66345316 -0.62108454 -0.61461185 -0.65263138
  -0.59402664 -0.60432137 -0.51951051 -0.52540051 -0.57481328 -0.56281903
  -0.55859055]
 [-0.71302927 -0.78302769 -0.74457955 -0.64874773 -0.66980512 -0.56603835
  -0.5879212  -0.5048593  -0.5043502  -0.48246154 -0.51786901 -0.38286916
  -0.43285196 -0.42797618 -0.39656628 -0.35616153 -0.37586331 -0.37425657
  -0.34222447 -0.26533374 -0.25363175 -0.34085567 -0.2481139  -0.34674604
  -0.2774936 ]
 [-0.59590315 -0.5774426  -0.52792898 -0.53307583 -0.51362784 -0.40153163
  -0.38529972 -0.35668333 -0.32799653 -0.29798268 -0.30060752 -0.24990676
  -0.24358107 -0.24498424 -0.17273009 -0.20529675 -0.20950767 -0.1313893
  -0.16287445 -0.21688824 -0.15246887 -0.13950667 -0.15152746 -0.14322138
  -0.15397967]
 [-0.59871469 -0.49699268 -0.44458274 -0.36436245 -0.28543712 -0.26452625
  -0.2304004  -0.1842526  -0.15397342 -0.15198163 -0.17322211 -0.07819735
  -0.10074663 -0.13599804 -0.06613754 -0.12831622 -0.12537762 -0.06266521
  -0.03204005 -0.10768881 -0.07192371 -0.09073309 -0.07239192 -0.05835426
  -0.01857471]]
variance: [[1.75104683 1.65592857 1.4707905  1.24334745 0.94177583 1.13300004
  0.83220474 0.61642061 0.71542322 0.43411542 0.43062528 0.34207186
  0.44769975 0.30856406 0.26298731 0.25149147 0.19673332 0.10076024
  0.08941961 0.11621907 0.0683808  0.11420601 0.08325678 0.01102911
  0.04608363]
 [1.89021074 1.53562162 1.42070498 1.17308226 0.78583572 0.89016887
  0.67357003 0.49765635 0.53725326 0.394037   0.39933803 0.2592988
  0.26002646 0.27697512 0.23001993 0.16171969 0.15921639 0.10238817
  0.09841495 0.05425155 0.08599486 0.08994952 0.07245454 0.06641276
  0.05202011]
 [1.86216253 1.27282936 1.07737392 1.00220874 0.79817788 0.83013075
  0.70543136 0.41496753 0.51616413 0.42659398 0.50133954 0.34244702
  0.26257017 0.22942772 0.32934687 0.21883514 0.21324225 0.20445758
  0.14833444 0.13153206 0.1777948  0.12290311 0.10915613 0.07077278
  0.12699144]
 [1.52625769 1.26185899 1.06765193 0.92510215 0.71125864 0.5993405
  0.64705186 0.61928102 0.46805891 0.44695814 0.43639871 0.41010087
  0.41555822 0.35804201 0.37745404 0.37100954 0.34848138 0.36758124
  0.30815213 0.33458466 0.29062939 0.23791188 0.2326881  0.25991692
  0.24905821]
 [1.24667378 1.08698668 0.99297014 0.7833731  0.7402409  0.65561027
  0.59337078 0.60272482 0.48666293 0.52375536 0.48595874 0.51642478
  0.44686602 0.37822347 0.43544978 0.41012754 0.40506225 0.38917179
  0.34599269 0.45762624 0.39134017 0.31265176 0.40769056 0.33926761
  0.3285843 ]
 [1.33942827 1.19797454 0.84154572 0.88009331 0.71486687 0.64690937
  0.63265018 0.55500607 0.52858917 0.63354331 0.57125517 0.50408167
  0.51360803 0.520362   0.53832445 0.50313801 0.47507404 0.43147335
  0.46000209 0.38152011 0.41001176 0.35675417 0.45830739 0.44733742
  0.40036596]
 [1.48897126 1.16481567 0.92297192 0.83713777 0.70973848 0.63365253
  0.55389087 0.57631141 0.61824369 0.60545208 0.54177753 0.57091535
  0.55023863 0.47944845 0.49304612 0.59008249 0.48576028 0.45352219
  0.50766717 0.46060957 0.46035143 0.45913428 0.41994677 0.38711313
  0.39805563]
 [1.32617701 0.98027729 0.97351308 0.72915013 0.69909441 0.58608734
  0.65646332 0.64602089 0.60507492 0.58086972 0.56786587 0.57998603
  0.57800404 0.51681613 0.56646476 0.53994793 0.5283176  0.5866384
  0.46796519 0.47568763 0.5148122  0.5645104  0.55052745 0.52135075
  0.47984613]
 [1.44811058 1.04581999 0.749361   0.67539747 0.7313945  0.66279525
  0.64441199 0.64276159 0.59864029 0.57950858 0.59828665 0.60760203
  0.59455427 0.59435219 0.55293883 0.55699252 0.62331363 0.55180657
  0.57752493 0.58307472 0.56364369 0.51261492 0.51950236 0.53314844
  0.54455512]
 [1.17687483 1.14169212 0.88238448 0.73843613 0.7438085  0.70139976
  0.68195139 0.65338166 0.57325557 0.62919221 0.63234053 0.61247347
  0.6228995  0.57677441 0.59934368 0.57971946 0.60715683 0.54811685
  0.58502651 0.67541891 0.64401763 0.63804633 0.606651   0.57103851
  0.53939797]
 [1.20627437 0.94303904 0.8025967  0.84217669 0.66770669 0.68260052
  0.64379771 0.67562437 0.64793453 0.62628061 0.65127697 0.5642989
  0.63412548 0.58938636 0.61327618 0.6653908  0.57366826 0.61857771
  0.5583546  0.66109323 0.57868299 0.58071454 0.62199581 0.59385828
  0.58127895]
 [1.20182672 0.82232169 0.86511832 0.70893528 0.64466654 0.64034407
  0.66314122 0.59150126 0.60351704 0.64775895 0.63070428 0.60218258
  0.57775907 0.61570649 0.59212958 0.64499544 0.64184181 0.61610908
  0.63790851 0.59256047 0.59482181 0.55597253 0.61204276 0.61105631
  0.61924132]
 [1.2830937  0.95160446 0.79668788 0.73597572 0.61834295 0.71503612
  0.58487027 0.66085183 0.62808826 0.5711285  0.6158203  0.62709822
  0.65498105 0.59853518 0.64472682 0.60869998 0.62813713 0.62073578
  0.57702122 0.6131791  0.65003564 0.63369327 0.61040647 0.6010775
  0.59464658]
 [1.02644692 0.78644714 0.66842736 0.61544036 0.61578075 0.48823554
  0.55842884 0.59646159 0.56063008 0.54843348 0.55979973 0.46634954
  0.55969363 0.53451668 0.58043539 0.49287331 0.51315079 0.53208175
  0.46900412 0.53418747 0.46898092 0.47224939 0.47475221 0.52182521
  0.52562045]
 [0.97114845 0.66178258 0.53854078 0.55103623 0.5436362  0.51773695
  0.47695006 0.45614173 0.44827569 0.42605341 0.46440046 0.39980372
  0.39684155 0.42050201 0.40446871 0.36129468 0.39132656 0.37988683
  0.39924588 0.35126301 0.37966104 0.3834257  0.38073326 0.41896727
  0.34981806]
 [0.84708801 0.63577369 0.53482883 0.46424011 0.41641073 0.37248892
  0.36533195 0.34015516 0.30620549 0.29576216 0.33973981 0.27283661
  0.29302732 0.26464231 0.25751375 0.29656594 0.33218149 0.22193467
  0.24229585 0.34358807 0.28772651 0.31525259 0.30683527 0.34547179
  0.3809338 ]
 [0.61850716 0.45553351 0.36715193 0.34732602 0.30926644 0.2792932
  0.22986464 0.20877134 0.18713249 0.21265326 0.18942869 0.16672923
  0.17646551 0.20309525 0.17459226 0.25887535 0.24647941 0.26728031
  0.27062508 0.35302389 0.32354906 0.31415094 0.41203687 0.38884596
  0.40172418]]
