args:  Namespace(attack='opt', ndim=7)
test_losses: [[-3.1106887  -4.27601978 -4.66088281 -5.4936327  -6.04071339 -6.46737208
  -6.62275241 -6.92974579 -7.20063182 -7.31740383 -7.37117088 -7.56145293
  -7.52957215 -7.66489149 -7.70966951 -7.86544128 -7.83289981 -7.9194949
  -8.0168478  -7.99044979 -7.96753498 -8.03389204 -8.02454699 -8.04215454
  -8.03292939]
 [-2.88408391 -4.01553027 -4.70403432 -5.37994279 -6.203872   -6.19977381
  -6.60315533 -6.94878952 -6.96200533 -7.08732919 -7.23957751 -7.48053671
  -7.63832537 -7.6645155  -7.6464238  -7.81773919 -7.87669594 -7.92273982
  -7.87263149 -7.90995881 -7.94678748 -7.97228294 -8.00795697 -8.01326547
  -8.03434387]
 [-2.94495707 -4.12719209 -4.77614348 -5.48094752 -5.95898092 -5.9634057
  -6.43932617 -6.62384202 -6.65633283 -6.94437645 -6.97466461 -7.16866413
  -7.1661622  -7.24569849 -7.34257411 -7.53259829 -7.51329083 -7.56125024
  -7.66325416 -7.65902287 -7.74357197 -7.67919984 -7.82068331 -7.78007216
  -7.81973537]
 [-2.89419183 -3.88392559 -4.63110272 -5.10552757 -5.40649065 -5.71635068
  -5.88277775 -6.00032009 -6.1059969  -6.28815161 -6.50496317 -6.42032471
  -6.67343094 -6.83608565 -6.77035941 -6.74911442 -6.77759233 -6.96022456
  -6.9980328  -7.05535952 -7.15045863 -7.16777238 -7.24810236 -7.27877439
  -7.31719423]
 [-3.20080213 -3.91442516 -4.64182163 -4.72506056 -4.96471251 -5.25514751
  -5.4645905  -5.66020836 -5.69618682 -5.80798952 -6.02647927 -6.1722504
  -6.03472558 -6.31830382 -6.2612543  -6.28695782 -6.53502705 -6.66978412
  -6.43194979 -6.72237261 -6.73033279 -6.75606831 -6.68253844 -6.81870809
  -6.89377375]
 [-2.81415875 -3.95622239 -4.35544078 -4.73281114 -4.95198454 -5.13260248
  -5.21953384 -5.50514006 -5.47514922 -5.74614508 -5.79044968 -5.76100877
  -5.77466948 -6.09398883 -6.0917016  -6.11506866 -6.21880365 -6.29515387
  -6.33131004 -6.3143124  -6.44706256 -6.39402934 -6.50596471 -6.61777537
  -6.56987712]
 [-3.35137621 -3.44152673 -4.22591746 -4.51161864 -4.87250372 -4.97708484
  -5.29564659 -5.30494496 -5.21911377 -5.55143422 -5.4791399  -5.68954962
  -5.69546919 -5.68034849 -5.93384087 -5.8547501  -6.02453836 -5.96160835
  -5.9497842  -6.05094298 -5.98501777 -6.22640952 -6.25954262 -6.28639905
  -6.40562106]
 [-2.95339325 -3.69612913 -4.1218705  -4.51147299 -4.65482054 -4.76665645
  -4.96966915 -5.06327598 -5.25785961 -5.26568912 -5.34490236 -5.36450539
  -5.36164771 -5.60764866 -5.6992241  -5.51990105 -5.65725314 -5.74359476
  -5.6636099  -5.79396125 -5.90978797 -5.83337261 -5.93168256 -6.05894925
  -5.91383445]
 [-2.74842988 -3.66660971 -4.15584234 -4.35411182 -4.5970785  -4.68444417
  -4.81004323 -4.91278176 -5.06674662 -4.95958407 -5.05164263 -5.12577521
  -5.22649182 -5.17101131 -5.25878406 -5.30529126 -5.44324785 -5.43134538
  -5.37884445 -5.70263324 -5.37411785 -5.48235738 -5.77636179 -5.5190557
  -5.66710892]
 [-2.72179046 -3.57542738 -3.82942975 -4.09817144 -4.26556139 -4.57672236
  -4.64558061 -4.63517    -4.79331005 -4.67542499 -4.91712108 -4.8404775
  -5.01305829 -5.05400612 -4.94559732 -5.0368899  -5.21296393 -5.12727735
  -5.19119328 -5.1239992  -5.30451591 -5.27885283 -5.33468654 -5.17706175
  -5.45103845]
 [-2.77880753 -3.64245807 -3.77662892 -4.16714075 -4.2600558  -4.46176499
  -4.44602397 -4.50491243 -4.50087736 -4.28409147 -4.45527835 -4.67436674
  -4.59768253 -4.69120294 -4.78427355 -4.67340254 -4.68902842 -4.94540971
  -4.93065573 -4.81025566 -5.015128   -4.96822225 -4.92565641 -4.94103101
  -4.94973394]
 [-2.90553738 -3.45274979 -3.95468348 -4.03201266 -4.1981947  -4.25131508
  -4.0821733  -4.11440149 -4.26139519 -4.34059283 -4.36619743 -4.38647903
  -4.37442291 -4.36928741 -4.35355605 -4.5784218  -4.48107404 -4.45504562
  -4.46168947 -4.585902   -4.54286681 -4.60265662 -4.49618768 -4.71192565
  -4.67808632]
 [-2.76870491 -3.17376352 -3.73912185 -3.7852881  -3.95673986 -4.06299519
  -3.86513473 -3.83826002 -4.12854853 -3.98018738 -4.13957951 -4.0171629
  -4.10935192 -4.14721756 -4.19685798 -4.2222593  -4.03732278 -4.23998631
  -4.21211904 -4.06264423 -4.22081765 -4.25901104 -4.18263039 -4.35579897
  -4.2457184 ]
 [-2.3703266  -2.86661616 -2.90923554 -2.89466104 -2.83644442 -2.93182287
  -2.74355008 -2.73516981 -2.80159332 -2.64461734 -2.62181019 -2.57051191
  -2.52055209 -2.57210716 -2.54356732 -2.4895739  -2.5245364  -2.55504883
  -2.47951891 -2.53147223 -2.47414838 -2.33032819 -2.44085636 -2.44497932
  -2.31221657]
 [-2.23829263 -2.69816544 -2.51401095 -2.42705762 -2.22013315 -2.09385658
  -2.02595691 -2.05488236 -1.82381245 -1.83250618 -1.89325892 -1.81765971
  -1.67615105 -1.81570104 -1.68679145 -1.64126602 -1.66556709 -1.61574783
  -1.65540635 -1.68306787 -1.58231817 -1.5849778  -1.68697722 -1.49012629
  -1.63033204]
 [-2.14513031 -2.30826924 -2.1270705  -1.89172243 -1.7830063  -1.5891986
  -1.50349322 -1.44080833 -1.40418164 -1.29854281 -1.23871848 -1.28313661
  -1.1921284  -1.21601538 -1.07138383 -1.11534392 -1.13276939 -1.08375432
  -1.06214336 -1.17403577 -1.11613371 -1.11067456 -1.20044089 -1.1850941
  -1.07772684]
 [-1.75205457 -1.84410923 -1.44655121 -1.42914741 -1.04270115 -1.01004084
  -0.93943893 -0.82261222 -0.78194977 -0.77073256 -0.78602367 -0.75109277
  -0.80721031 -0.76919625 -0.7623126  -0.69774361 -0.8239079  -0.83994603
  -0.73715312 -0.83151222 -0.92682815 -0.77824956 -0.88333661 -0.89720877
  -0.95318595]]
variance: [[7.65036102 7.17213316 6.40011338 4.3857689  4.79964515 3.11718426
  3.45529756 2.72626246 2.13013984 1.78695749 1.82779587 1.32801481
  1.32957843 1.07601337 0.99020836 0.70006212 0.77719495 0.57045642
  0.33295465 0.37958777 0.44878481 0.3191272  0.28002261 0.27750063
  0.29486416]
 [7.10664046 6.25604975 5.24844961 5.36800415 3.33211068 3.53262652
  2.47654368 2.19761333 1.83175465 2.00646516 1.41517029 1.22863902
  0.9007919  1.01935517 1.01422166 0.57488104 0.4303512  0.4117169
  0.58247742 0.37667415 0.34416994 0.2914249  0.28989155 0.23554539
  0.21140693]
 [6.45143649 5.15026313 4.62716503 3.41597629 2.99777494 2.9344117
  2.1541604  1.70609082 1.90237679 1.66771648 1.21410057 1.15637428
  1.26961027 1.15050373 0.9184806  0.71477998 0.77188875 0.74755712
  0.62071242 0.53539752 0.59022039 0.56520033 0.36352482 0.4378746
  0.36302248]
 [6.07969586 4.77338259 3.6873465  3.66540004 2.84272216 2.74332126
  2.44255643 2.04125438 1.73595568 1.68776489 1.68340919 1.5786305
  1.63017182 1.28549382 1.19040479 1.42864221 1.3653273  1.13732979
  1.25370432 1.14257938 1.00782896 1.07350926 0.83155878 1.00774011
  0.83182596]
 [6.11973097 4.6483512  3.37165686 3.69756182 3.09821493 2.23239518
  2.67171315 2.11446142 1.88640103 2.21403467 1.77157338 1.73001466
  2.06008761 1.62920596 1.67482486 1.58763583 1.37951425 1.43802028
  1.41730415 1.36518614 1.41663026 1.21422905 1.24942928 1.23030052
  1.11700831]
 [5.31540144 4.20114194 3.88829084 3.26355546 2.53724093 2.37309389
  2.26678918 2.31474205 2.02090619 1.77746877 1.78625289 2.02489881
  1.66772708 1.62667806 1.85144919 1.50416613 1.84876798 1.53072077
  1.77088597 1.64644198 1.43439211 1.48656105 1.59522904 1.44729404
  1.55749088]
 [5.0716839  5.50479661 3.37783321 2.69931891 3.0519372  2.75381154
  2.20845766 2.23790284 2.01330841 2.15654054 2.29340916 2.04647763
  1.94624577 2.01667085 1.92672531 1.87455929 1.83918063 1.85954859
  1.7189406  1.66971924 2.06648122 1.5251938  1.68776929 1.54425998
  1.47874796]
 [4.54206678 4.37666838 3.35233378 2.81744089 2.39219204 2.9015832
  2.23321511 2.13363872 2.26558553 2.35192824 2.08488276 2.20244538
  2.30391828 2.03388796 1.84596118 1.92651746 1.96701964 1.79920984
  2.0932876  2.06014056 1.76911725 1.7845675  1.91987568 1.89634911
  1.80236851]
 [4.86937414 4.14462258 3.32722825 2.72516952 2.67502169 2.3472943
  2.66696439 2.45033591 2.35857754 2.42191603 2.27522728 2.09456598
  1.97564816 2.26028716 2.21542743 2.06748441 1.77155001 1.74864421
  2.06621689 1.96919749 1.97348968 2.0116216  1.71944633 2.00920236
  1.89148445]
 [4.80568514 4.29779549 3.85930211 3.07578294 2.473749   2.5890698
  2.33818382 2.49173016 2.30227583 2.62388146 2.19969043 2.21453112
  2.19866626 2.25199504 2.4496168  2.0823245  2.14819083 1.92977532
  2.1533833  2.12637681 1.84083016 1.95221928 1.90714122 1.81806331
  2.18809917]
 [5.10810702 3.99751905 3.15721931 3.12125317 2.59358795 2.37667047
  2.38612861 2.1686019  2.17663621 2.32134165 2.212294   2.04218189
  2.17608131 2.27582147 2.00276012 2.32328242 2.14828856 2.06353544
  1.84677704 2.12986174 2.08202295 2.21191105 2.34588744 1.88319834
  2.41940524]
 [4.76117346 3.08767649 3.28506909 3.00622381 2.48537762 2.82871403
  2.13598186 2.22011468 2.55077515 2.17765051 2.21968344 2.39840527
  2.06398781 1.89940634 2.26413202 2.26466648 1.93189698 2.11223381
  2.18506338 2.10901694 2.08303407 1.75552554 2.28740071 1.98288516
  2.03759342]
 [4.42060945 3.807449   3.56901393 2.43853543 2.51758608 2.55394661
  2.20738107 2.07276142 2.17342428 2.49483302 2.30384412 2.05762777
  2.11638237 2.21267191 2.22747776 2.30817099 2.08871406 2.18053402
  2.00916683 1.87889636 1.9151692  2.12292192 2.26375321 2.00901911
  1.89154602]
 [3.73069179 2.98551662 2.69956687 2.08708604 2.26979102 1.87596818
  1.86691344 1.69735338 2.11813178 1.95727487 1.81649732 1.71054535
  1.67596184 1.6595195  1.71690359 1.68035362 1.55696959 1.62443937
  1.92277945 1.49582421 1.5251031  1.63521329 1.57814705 1.47711402
  1.44028741]
 [3.57642364 2.36452665 2.39761955 2.14560255 1.78008248 1.71067148
  1.55420563 1.57878768 1.48910112 1.32805191 1.62817983 1.17696875
  1.13991179 1.19658768 1.0301798  1.15104605 1.11760344 1.3398048
  1.03723503 1.06346767 1.2981854  1.10255562 1.18185461 1.19777591
  1.03397074]
 [2.78060008 2.18318272 1.98045773 1.89511991 1.64486884 1.31021797
  1.41249475 1.21759816 0.97297869 1.21562695 1.11885627 1.05935814
  0.80084438 0.94545396 0.7546914  0.92243888 0.77749878 0.80935613
  0.89642187 0.90441943 0.97623131 0.89885547 0.93801102 0.97053676
  1.14884897]
 [2.58271871 2.33462278 1.55764581 1.53689608 0.80430601 0.97557422
  0.72617412 0.67739403 0.63895963 0.59481608 0.65887137 0.54730223
  0.57529074 0.5619402  0.60963717 0.64424914 0.71209309 0.74859411
  0.77856861 0.79684688 0.96692161 1.05682806 1.05098269 1.0738616
  1.09956685]]
