args:  Namespace(attack='pgd', ndim=2)
elapsed time: 57257.920967219005
test_losses: [[-0.9197145  -1.22767852 -1.46411048 -1.70611454 -1.75643674 -1.96794002
  -2.01640281 -2.06486561 -2.12137971 -2.09676094 -2.17061725 -2.25159517
  -2.27528424 -2.35765671 -2.28426525 -2.34929551 -2.39001689 -2.34077935
  -2.35750176 -2.33350279 -2.40611951 -2.38970699 -2.40627446 -2.43058333
  -2.43058333 -2.43058333 -2.41432576 -2.43042838 -2.40596456 -2.41401586
  -2.42253202 -2.40596456 -2.43863463 -2.42222212 -2.43863463 -2.43058333
  -2.43863463 -2.43863463 -2.43042838 -2.43863463]
 [-1.09694785 -1.20863613 -1.44859596 -1.62785664 -1.82027403 -1.92370195
  -2.00554648 -1.99935396 -2.11635239 -2.15692787 -2.20510941 -2.22163077
  -2.26851686 -2.27401688 -2.36670167 -2.36865505 -2.36300975 -2.36157468
  -2.34585071 -2.33155563 -2.39843491 -2.33362604 -2.39864564 -2.40626182
  -2.42251779 -2.42199449 -2.41261062 -2.40483388 -2.40598489 -2.41500633
  -2.43183636 -2.43040066 -2.43455952 -2.41455175 -2.43456435 -2.43863463
  -2.43457149 -2.4346719  -2.43460019 -2.42650526]
 [-0.8517355  -1.30941586 -1.44296674 -1.63460948 -1.78126995 -1.77120615
  -1.80314552 -2.02320334 -2.00108906 -2.05232333 -2.20376669 -2.10131435
  -2.14424439 -2.1941105  -2.19106492 -2.21016886 -2.26290176 -2.29462996
  -2.32145405 -2.27936565 -2.32737119 -2.31099604 -2.32177991 -2.32360317
  -2.38164829 -2.33825685 -2.36307901 -2.37791732 -2.37420338 -2.3800358
  -2.37163041 -2.39033561 -2.38980989 -2.40786617 -2.39322621 -2.39792083
  -2.40558214 -2.39185647 -2.4077413  -2.400597  ]
 [-0.98363065 -1.23781784 -1.57234608 -1.53215947 -1.61381715 -1.7002933
  -1.74947209 -1.75288822 -1.83181287 -1.88122227 -1.97748696 -2.0519766
  -2.00058259 -2.05871074 -2.01821735 -2.04769348 -2.03953252 -2.05697451
  -2.1436217  -2.13693832 -2.12533538 -2.20069033 -2.17999439 -2.19151551
  -2.20413862 -2.19084614 -2.22379937 -2.21987672 -2.23283089 -2.27134135
  -2.28730357 -2.28204765 -2.23568711 -2.26921601 -2.2570979  -2.24807903
  -2.35161921 -2.27854851 -2.31675709 -2.35117017]
 [-0.93198255 -1.24029861 -1.3795049  -1.38482268 -1.5479791  -1.57936633
  -1.64761309 -1.72359997 -1.73235152 -1.76007478 -1.80016248 -1.76781618
  -1.88902407 -1.86136199 -1.96403682 -1.98737423 -1.90513595 -1.9780094
  -1.9303775  -1.95487084 -2.01614675 -2.03768437 -2.08341478 -2.06025976
  -2.09491243 -2.11390484 -2.05947936 -2.0137971  -2.07927663 -2.1075799
  -2.11939668 -2.15818327 -2.15601679 -2.16951287 -2.1461595  -2.21939617
  -2.11768612 -2.18653116 -2.16754831 -2.16996296]
 [-1.00291987 -1.13860672 -1.25405353 -1.4635601  -1.51341141 -1.55233126
  -1.66306901 -1.60422912 -1.64870913 -1.79214695 -1.77593796 -1.7488246
  -1.80610955 -1.77967159 -1.8442941  -1.89528594 -1.89403517 -1.95508704
  -1.96896625 -1.8808744  -1.89508692 -1.93536458 -2.02440533 -1.94667956
  -1.97020279 -1.98578247 -2.07102723 -2.00074969 -1.96657024 -2.0608722
  -2.03604134 -2.01957521 -2.06661405 -2.08304846 -2.10950105 -2.02766334
  -2.08321986 -2.0853914  -2.11232487 -2.11425764]
 [-0.80855941 -0.9882648  -1.30178728 -1.35592225 -1.4655504  -1.531056
  -1.66449697 -1.68139824 -1.60716969 -1.69272924 -1.70646765 -1.6833664
  -1.76725183 -1.74791561 -1.82701183 -1.81237466 -1.8248219  -1.81267359
  -1.79171604 -1.86346914 -1.88795425 -1.83392844 -1.91654901 -1.88445167
  -1.9061093  -1.9089938  -2.0019559  -1.90822251 -1.94533427 -1.89032325
  -1.92336415 -1.98097629 -1.97502966 -2.05633439 -1.99036977 -2.02673986
  -1.99520439 -2.01082378 -2.00023073 -2.08847558]
 [-0.9038813  -1.12552515 -1.28663559 -1.4483605  -1.48117062 -1.39610442
  -1.56944041 -1.60271198 -1.64521572 -1.57906509 -1.61552624 -1.64231894
  -1.71778026 -1.73616201 -1.66327637 -1.77696973 -1.74773422 -1.72002763
  -1.66900681 -1.82728489 -1.75518779 -1.78075986 -1.74777923 -1.80103773
  -1.76181625 -1.86598399 -1.81710992 -1.78491973 -1.82989391 -1.91415955
  -1.82879618 -1.83232809 -1.91358437 -1.91242796 -1.94253592 -1.90760589
  -1.93975395 -1.90646859 -2.0106203  -1.92351606]
 [-0.9409016  -1.11736739 -1.20834945 -1.29189895 -1.25869022 -1.3828837
  -1.49507146 -1.54360968 -1.57137156 -1.47169163 -1.64349453 -1.63142551
  -1.6444769  -1.66101708 -1.6066957  -1.59800103 -1.67919177 -1.64742062
  -1.66842627 -1.66617475 -1.63929814 -1.70347238 -1.68583406 -1.67481093
  -1.74621042 -1.74270408 -1.72996209 -1.72017041 -1.7662641  -1.810594
  -1.8315833  -1.87271969 -1.8133551  -1.76274874 -1.79925315 -1.84133122
  -1.78048628 -1.86864997 -1.83640807 -1.86471916]
 [-0.81049668 -1.04831654 -1.25825879 -1.27853076 -1.24617806 -1.40023861
  -1.50835851 -1.47453631 -1.41975943 -1.53650405 -1.52433143 -1.54602409
  -1.49477546 -1.53617059 -1.54938425 -1.60676686 -1.52079355 -1.62394091
  -1.58320245 -1.66315562 -1.50307041 -1.58599252 -1.66439365 -1.53386166
  -1.66258329 -1.62876733 -1.55686113 -1.6100645  -1.62348003 -1.61120064
  -1.66577198 -1.59006697 -1.67003385 -1.5752372  -1.68028013 -1.72973825
  -1.67683012 -1.67122625 -1.71020925 -1.64457513]
 [-0.87137171 -1.13591237 -1.17734169 -1.29916387 -1.21268148 -1.25327223
  -1.4139138  -1.37291517 -1.45455024 -1.35646098 -1.40953099 -1.38822478
  -1.44183271 -1.33358776 -1.4125989  -1.45412349 -1.4349393  -1.42220868
  -1.47888969 -1.52536428 -1.43351183 -1.43982449 -1.517672   -1.43146854
  -1.47804399 -1.48202292 -1.57152535 -1.53985709 -1.4535091  -1.56784596
  -1.53050968 -1.61744045 -1.56079017 -1.55971094 -1.5372559  -1.50958335
  -1.61961357 -1.51790141 -1.54988603 -1.63381298]
 [-0.92024359 -1.13453541 -1.04362531 -1.30613491 -1.3373189  -1.29817685
  -1.35355356 -1.32193665 -1.33434311 -1.32831295 -1.36864883 -1.35280877
  -1.3712595  -1.43683349 -1.33240686 -1.37561711 -1.31303752 -1.43546169
  -1.37257518 -1.43039342 -1.35145906 -1.26883172 -1.35423481 -1.39060097
  -1.50286308 -1.42402066 -1.37099406 -1.40907775 -1.36852157 -1.33030157
  -1.39563912 -1.42548786 -1.41782589 -1.41617721 -1.47370779 -1.48275087
  -1.4104833  -1.40840863 -1.40096397 -1.44441836]
 [-0.89516564 -1.07405881 -1.13110166 -1.22954171 -1.26162859 -1.36658579
  -1.17105326 -1.24438996 -1.28060226 -1.25075908 -1.31189166 -1.23997407
  -1.24477238 -1.33832911 -1.22702666 -1.32185128 -1.37273622 -1.32723541
  -1.20692919 -1.29908134 -1.24336334 -1.22670869 -1.29470747 -1.25095549
  -1.30113612 -1.26486202 -1.34449263 -1.26342137 -1.32338158 -1.30221498
  -1.3012272  -1.31092096 -1.35551308 -1.24130986 -1.2445272  -1.22466664
  -1.23087081 -1.26108566 -1.31991944 -1.33204513]
 [-0.85133946 -0.99741605 -0.93578063 -1.03334416 -0.88415595 -0.92829327
  -0.82129158 -0.85374872 -0.77447984 -0.90242005 -0.90272089 -0.84014287
  -0.74099374 -0.73432385 -0.70176403 -0.78895074 -0.73097585 -0.6908424
  -0.67815486 -0.66789964 -0.62635562 -0.58833891 -0.71956933 -0.6025476
  -0.62761535 -0.57954367 -0.56103743 -0.57044909 -0.52402741 -0.60739504
  -0.58872915 -0.52665617 -0.57887561 -0.54536445 -0.57913757 -0.56249992
  -0.53275841 -0.54659229 -0.51233611 -0.48882322]
 [-0.74851688 -0.7546455  -0.8272066  -0.73275333 -0.65294532 -0.67556717
  -0.64142479 -0.63585762 -0.55924612 -0.62837815 -0.55152765 -0.54815845
  -0.47740961 -0.47846779 -0.51503727 -0.44160144 -0.39566676 -0.38055519
  -0.41404642 -0.40064271 -0.36968505 -0.37019461 -0.3316945  -0.30278263
  -0.32481113 -0.31304629 -0.33105503 -0.23558487 -0.25686176 -0.28526888
  -0.26725228 -0.28424222 -0.27240878 -0.27789548 -0.26332603 -0.24126873
  -0.24019197 -0.17056522 -0.22866448 -0.19512649]
 [-0.75373398 -0.6734249  -0.69092739 -0.67345667 -0.59038537 -0.53463681
  -0.51729213 -0.41731186 -0.39947085 -0.33818191 -0.36843226 -0.32211863
  -0.32868907 -0.24806847 -0.28739954 -0.26370979 -0.2763779  -0.21621297
  -0.19513986 -0.20599432 -0.19028804 -0.15917118 -0.15862612 -0.1581262
  -0.13813809 -0.12792544 -0.13925192 -0.13675838 -0.14261993 -0.10879336
  -0.10428872 -0.11634725 -0.0720577  -0.07179404 -0.06455486 -0.08921236
  -0.08800684 -0.07152994 -0.0743407  -0.07431947]
 [-0.61279639 -0.54685063 -0.44799341 -0.41313474 -0.33613581 -0.31325702
  -0.26464364 -0.20757239 -0.22579341 -0.18156088 -0.1320841  -0.14928956
  -0.14376284 -0.11262395 -0.10083259 -0.10236283 -0.06108863 -0.06643301
  -0.04885203 -0.05857267 -0.04227816 -0.04676434 -0.05093957 -0.07080229
  -0.03418644 -0.04105223 -0.03939943 -0.03814709 -0.02892726 -0.04035482
  -0.02498587 -0.03658736 -0.02223311 -0.03383303 -0.03398531 -0.0191546
  -0.01735356 -0.00855713 -0.01072357 -0.01395811]]
variance: [[2.3458994  2.08100618 1.90047181 1.49004839 1.47437585 1.00379919
  1.0089201  0.93005841 0.75294051 0.71803664 0.58125578 0.4213675
  0.37359392 0.19018041 0.43175122 0.20971489 0.11583016 0.26947763
  0.19091103 0.24402633 0.07824249 0.1173114  0.07749681 0.01938224
  0.01938224 0.01938224 0.058506   0.02013545 0.07898812 0.06000231
  0.03863483 0.07898812 0.         0.04013622 0.         0.01938224
  0.         0.         0.02013545 0.        ]
 [2.35645329 2.12288523 1.78141766 1.52726529 1.11999445 1.03779388
  0.87554535 0.79696742 0.62819197 0.61209963 0.4453552  0.41119357
  0.29972003 0.2884681  0.12206945 0.11796147 0.10106794 0.1375991
  0.17320222 0.1927454  0.0585412  0.19333731 0.06628849 0.06780422
  0.02894657 0.02049178 0.03994278 0.05852994 0.04863742 0.04787596
  0.00722283 0.01010333 0.00496537 0.04786824 0.0049536  0.
  0.00493624 0.00469528 0.00486674 0.02428913]
 [2.48407758 1.72791506 1.48952993 1.34626293 0.87457387 0.85832821
  0.90254548 0.56539661 0.5612972  0.52826464 0.26769036 0.44179803
  0.35025725 0.3108442  0.30081863 0.24678543 0.1980115  0.15840968
  0.14936236 0.22225564 0.1317063  0.19249407 0.1311543  0.14472282
  0.07417004 0.12161747 0.0848754  0.07037297 0.0739853  0.06317083
  0.07267701 0.05329709 0.06704854 0.03531232 0.05422438 0.04809244
  0.03611064 0.05098375 0.03526348 0.04318504]
 [1.9846885  1.61666752 0.9748588  1.12031578 0.98959092 0.76424532
  0.73297912 0.67847717 0.58872583 0.61596856 0.47423314 0.46118297
  0.43357869 0.41275862 0.42191399 0.36347221 0.39226458 0.40778743
  0.33020203 0.2907203  0.32438461 0.26861374 0.27651645 0.24773497
  0.24676587 0.25559049 0.23144374 0.21324031 0.22381486 0.19276042
  0.16337567 0.17962384 0.19909222 0.19930481 0.19677171 0.21322365
  0.0974815  0.17537534 0.13590118 0.09961317]
 [1.99176287 1.36174649 1.01263689 1.01817374 0.90886406 0.75023317
  0.72636074 0.74603209 0.68981735 0.5961005  0.54703423 0.5731769
  0.55083639 0.54062703 0.45928953 0.40237777 0.42124309 0.44148003
  0.45444889 0.50414983 0.42332531 0.35916529 0.34511519 0.38193758
  0.36273825 0.29066751 0.38424652 0.39168996 0.37322464 0.31387176
  0.34079192 0.3054845  0.32266511 0.29759918 0.31582801 0.23629211
  0.31738203 0.26014995 0.27354524 0.27793057]
 [1.89508205 1.34539276 1.26349774 0.95373693 0.89742558 0.78858272
  0.66417398 0.69009666 0.72584684 0.54272621 0.64558481 0.66968722
  0.5126627  0.61541003 0.54549983 0.48641757 0.49513589 0.43787617
  0.41017021 0.5503505  0.5234965  0.48596997 0.39549419 0.44906927
  0.45641466 0.40867439 0.35284395 0.41430308 0.44755177 0.37859992
  0.40074816 0.41786017 0.34006231 0.33046176 0.32644433 0.40480823
  0.34260523 0.34442232 0.33354824 0.32618422]
 [1.87782674 1.66986211 1.25811897 1.02511785 0.91665783 0.8111416
  0.62528491 0.72693959 0.62757501 0.59974996 0.64589284 0.67934144
  0.64439086 0.59040026 0.52326097 0.54861335 0.52418846 0.5386413
  0.55438006 0.47805394 0.52765512 0.56246416 0.4884069  0.50653003
  0.46879076 0.4957986  0.39835122 0.51015273 0.44205668 0.45089924
  0.42718695 0.43769706 0.406302   0.4005147  0.41894356 0.3853089
  0.37186217 0.42629071 0.43085614 0.32951333]
 [2.09019881 1.22970733 1.10604052 0.90178708 0.88617341 0.89769255
  0.69802463 0.72754005 0.6211365  0.72555437 0.73230044 0.64037834
  0.57709687 0.58181977 0.62556476 0.55974747 0.61460369 0.58979195
  0.62822546 0.52557476 0.59369813 0.54504636 0.60635    0.57769791
  0.5783893  0.47975057 0.49979449 0.54473126 0.57657781 0.48304208
  0.53048753 0.5493684  0.45735498 0.49842902 0.45301106 0.50160067
  0.43348439 0.509861   0.39476041 0.4579992 ]
 [1.71037761 1.27281589 1.12499452 0.91233557 0.98341422 0.8450557
  0.62072821 0.6964148  0.72737811 0.63210602 0.67200619 0.6621191
  0.6712061  0.62597227 0.70269909 0.62612868 0.619506   0.6223827
  0.62579323 0.6182297  0.58726494 0.64044725 0.58932181 0.60933394
  0.56668554 0.56380828 0.61994264 0.57451574 0.57648982 0.50835434
  0.49561603 0.48069032 0.60544348 0.53183799 0.56516    0.46825915
  0.61355855 0.5039113  0.51298653 0.51549617]
 [1.79147962 1.54809415 1.08027753 1.04206534 0.69570393 0.69348384
  0.70149705 0.69474854 0.74523284 0.62371394 0.68616683 0.58861673
  0.72035078 0.69344938 0.67201042 0.62885531 0.7302185  0.6479121
  0.64467033 0.58541664 0.71032774 0.60711204 0.62897461 0.63663083
  0.55569708 0.69667274 0.65120145 0.64080716 0.63220573 0.62719868
  0.62882466 0.60661342 0.62156967 0.65150794 0.59131721 0.5897677
  0.60400166 0.66225392 0.5558405  0.66752131]
 [1.81749715 1.28678225 1.07324304 0.94053253 0.78442956 0.75339243
  0.71125391 0.81010007 0.65807873 0.63704848 0.74967108 0.65029709
  0.65689157 0.73721798 0.70708036 0.57595949 0.68014553 0.72854119
  0.63628977 0.68459899 0.67736046 0.57718782 0.62955145 0.71296569
  0.65080527 0.62980931 0.6891463  0.75605477 0.71201878 0.61103257
  0.62345289 0.63454807 0.65929953 0.68850997 0.62663434 0.6142875
  0.57638754 0.60744513 0.70095564 0.62133571]
 [1.51233033 1.17585356 0.9626333  0.88338173 0.89575353 0.78832896
  0.77132072 0.69914736 0.75746207 0.6892622  0.76184764 0.66432325
  0.71055329 0.74715999 0.70833236 0.64960086 0.71220053 0.68560217
  0.67190752 0.64768564 0.6822738  0.71452227 0.69788126 0.61858248
  0.68112554 0.62654832 0.67536388 0.67192997 0.66304056 0.62593667
  0.69249816 0.73646013 0.76600348 0.61928405 0.67852415 0.63929916
  0.66360654 0.67291875 0.68059645 0.68192974]
 [1.63695635 1.27401185 1.04663154 0.88302268 0.77607444 0.7377349
  0.7711658  0.70431376 0.67007068 0.70266368 0.67648288 0.71780055
  0.68757349 0.68949232 0.66676401 0.63717425 0.6617835  0.76119517
  0.63394146 0.71360887 0.60008417 0.71203322 0.75794066 0.63985064
  0.6953404  0.64872231 0.69610955 0.67298424 0.5958185  0.65200286
  0.72759359 0.66733115 0.66811466 0.69216017 0.66212496 0.7110521
  0.66985237 0.66953725 0.70297252 0.76123664]
 [1.33795706 1.01925845 0.8134143  0.74320844 0.67892755 0.74541145
  0.61597158 0.60626204 0.54336208 0.67257064 0.67083364 0.59923132
  0.57897862 0.5296813  0.60784529 0.56662938 0.54959464 0.56543047
  0.47163219 0.54071566 0.49028624 0.4529638  0.58258174 0.44609209
  0.48377349 0.45347848 0.44481482 0.47407236 0.41700494 0.49677441
  0.4898122  0.40942198 0.41074314 0.38792928 0.45467802 0.43166931
  0.38942562 0.41784155 0.41750491 0.40259844]
 [1.26066951 0.85890906 0.68473066 0.69865599 0.49852565 0.58555844
  0.52479843 0.51948254 0.48601901 0.51256216 0.39122516 0.44293363
  0.41736153 0.42250446 0.43869236 0.39794842 0.32287009 0.34272214
  0.34903158 0.35902328 0.3210147  0.31210265 0.26175466 0.28970106
  0.26718019 0.28841845 0.24913338 0.20722383 0.20981279 0.20992942
  0.23705164 0.25075254 0.21203009 0.18901224 0.21347101 0.19686488
  0.18056127 0.12314866 0.18314987 0.17041511]
 [1.14324822 0.78745719 0.72483103 0.64294673 0.48268407 0.48561946
  0.46843751 0.35722118 0.35871018 0.30521543 0.28925195 0.27927256
  0.28307647 0.21538119 0.27301523 0.23048624 0.22463406 0.18762649
  0.15242526 0.18680442 0.15238364 0.12164151 0.1286986  0.12505952
  0.10837381 0.0996546  0.12824861 0.10569022 0.11850138 0.08525871
  0.07819553 0.08140947 0.04413617 0.052337   0.0429805  0.05753552
  0.05783747 0.03582184 0.04475327 0.05101823]
 [0.90614013 0.63662177 0.46686701 0.37474518 0.32377945 0.29758511
  0.23116703 0.17339323 0.20492117 0.16631189 0.11549017 0.12871923
  0.12485794 0.08925427 0.082958   0.09053753 0.04193034 0.05303593
  0.03557405 0.04518063 0.02818587 0.02952347 0.04577612 0.05853551
  0.01867537 0.03014896 0.02511449 0.02983193 0.0149968  0.0275728
  0.01373995 0.01998626 0.01433212 0.01684367 0.01709167 0.00592502
  0.00946291 0.00258425 0.0036657  0.00341508]]
