args:  Namespace(attack='pgd', ndim=10)
elapsed time: 79423.850924891
test_losses: [[-3.81581856 -5.21223999 -5.94121555 -6.90961156 -7.18887354 -7.5159176
  -7.87136945 -8.24739873 -8.24391147 -8.52393446 -8.61316688 -8.96930623
  -9.1513707  -9.13097099 -9.29797062 -9.33952997 -9.41123943 -9.41326576
  -9.42282602 -9.45364538 -9.46833858 -9.45046484 -9.61901484 -9.55689928
  -9.60241076 -9.63080485 -9.6141509  -9.58857245 -9.61249332 -9.66749408
  -9.65233693 -9.67157552 -9.67172579 -9.67657581 -9.68073    -9.69073753
  -9.70535457 -9.71190024 -9.70224248 -9.71003984]
 [-3.47475204 -5.16723589 -5.81339921 -6.52264919 -6.90718433 -7.5043756
  -7.82132177 -8.15193426 -8.39817843 -8.61726021 -8.73707685 -8.86612272
  -8.89131147 -9.09992212 -9.16196013 -9.33704463 -9.37581964 -9.35290723
  -9.32660309 -9.47948169 -9.44323351 -9.52202058 -9.58188763 -9.52907338
  -9.60483471 -9.60580508 -9.58821933 -9.61160028 -9.62037178 -9.62498658
  -9.63814597 -9.63344411 -9.66419422 -9.66559314 -9.68073543 -9.67497826
  -9.6632644  -9.69415109 -9.70733597 -9.69458919]
 [-3.95415174 -4.88631743 -5.93303631 -6.40847308 -6.89502282 -7.34241801
  -7.60530682 -7.81403167 -7.93627871 -8.23166625 -8.27237555 -8.55157192
  -8.64202615 -8.6930027  -8.83299688 -8.8601048  -8.94304359 -9.06462415
  -9.0887603  -9.07696793 -9.22002999 -9.26516851 -9.21050486 -9.31463077
  -9.34667969 -9.39430109 -9.39896068 -9.45287208 -9.42792677 -9.51148263
  -9.48149876 -9.48662026 -9.53218508 -9.48474583 -9.51999055 -9.53786711
  -9.56972325 -9.56921152 -9.60874111 -9.52149793]
 [-3.90345653 -4.74148811 -5.7649526  -6.04776966 -6.37940269 -6.79922908
  -7.04152017 -7.21228326 -7.357431   -7.61139105 -7.75653191 -7.84470052
  -7.87081673 -8.11525172 -8.16666936 -8.27275618 -8.31733272 -8.34741893
  -8.44190552 -8.48239879 -8.51247774 -8.62647935 -8.71323423 -8.60859955
  -8.66304014 -8.68034973 -8.80574485 -8.84764781 -8.90313713 -8.91379784
  -8.96314088 -8.94918076 -9.02667166 -8.94673948 -9.06684765 -9.07012405
  -9.01796873 -9.15114093 -9.18357557 -9.179735  ]
 [-3.49683974 -4.80432564 -5.56371439 -5.93280557 -6.10961776 -6.45007374
  -6.7223212  -6.91272402 -7.03378598 -7.14628475 -7.2995629  -7.30642482
  -7.45695108 -7.59311902 -7.60625095 -7.56238819 -7.76519517 -7.78703303
  -7.94282053 -7.94637372 -8.03008651 -8.16773112 -8.17993385 -8.1870459
  -8.30000367 -8.27895641 -8.35533569 -8.38841662 -8.32385872 -8.50609621
  -8.46256733 -8.52687017 -8.57217035 -8.56233223 -8.4751563  -8.62920667
  -8.67446489 -8.69887861 -8.72937792 -8.81826536]
 [-3.65465524 -4.89348273 -5.40005688 -5.88483088 -6.15263594 -6.51686631
  -6.46964434 -6.67218819 -6.78712401 -6.95675236 -6.99994343 -6.89185442
  -7.05905624 -7.25536461 -7.41660696 -7.39897924 -7.5272093  -7.4611982
  -7.53928685 -7.69178173 -7.65647408 -7.90906935 -7.82282779 -7.91032117
  -7.84733366 -7.85700147 -8.02656969 -8.01059093 -8.0653751  -8.1050029
  -8.16332974 -8.2054749  -8.28064487 -8.34508133 -8.36251534 -8.31923697
  -8.40149114 -8.36183219 -8.43939796 -8.46141513]
 [-3.47929508 -4.67807906 -5.20777764 -5.68565359 -5.86659674 -6.05757925
  -6.1577825  -6.32522216 -6.49803488 -6.77138966 -6.88498188 -7.00337013
  -7.15808108 -6.95722204 -7.0640063  -7.12783783 -7.23043128 -7.33458575
  -7.34961141 -7.43493609 -7.39497981 -7.40403824 -7.42903664 -7.61028042
  -7.37576279 -7.70915013 -7.70362566 -7.78777234 -7.72348726 -7.86304962
  -7.75328459 -7.89719581 -7.80100019 -7.99487393 -7.98615125 -7.98612624
  -8.14537973 -8.13162628 -8.12872341 -7.99515647]
 [-3.57345351 -4.62826366 -5.12091847 -5.24657372 -5.6775698  -5.94550974
  -6.20217376 -6.13323904 -6.25740238 -6.24625619 -6.48534227 -6.55730143
  -6.60526296 -6.67940284 -6.57863972 -6.86966262 -6.82186323 -6.88918495
  -7.02205369 -7.00121934 -7.00391363 -7.01929717 -7.06361365 -7.21703891
  -7.25620504 -7.09673155 -7.32546154 -7.26309661 -7.29410075 -7.32810014
  -7.43211448 -7.5038297  -7.45832838 -7.57233146 -7.63349575 -7.52976041
  -7.70115271 -7.75452461 -7.63943866 -7.84257955]
 [-3.3895476  -4.38773591 -4.90038368 -5.28876887 -5.57325778 -5.68092076
  -5.77713771 -5.97445132 -5.92555056 -6.18576991 -6.16675398 -6.22663221
  -6.49532008 -6.22928228 -6.58672028 -6.64877839 -6.55436071 -6.55471184
  -6.72200679 -6.72635337 -6.60321148 -6.72570209 -6.69231006 -6.91583845
  -6.74217112 -6.78375071 -6.82760649 -7.07845412 -7.05715327 -6.99748667
  -7.00787038 -6.98384451 -7.08336222 -7.19942274 -7.24996519 -7.23069338
  -7.19881744 -7.04816058 -7.31364335 -7.36052927]
 [-3.30446679 -4.45101219 -5.06878402 -5.13324719 -5.60802203 -5.47622066
  -5.59664546 -5.77873149 -5.79444148 -5.81167585 -5.86826613 -6.10619359
  -6.01406758 -6.07345817 -6.07920083 -6.15201075 -6.29830309 -6.26687395
  -6.14038568 -6.22847809 -6.26182667 -6.27416233 -6.36930519 -6.3346845
  -6.42097798 -6.35543499 -6.48111166 -6.47603921 -6.56805356 -6.40759738
  -6.69553817 -6.55194942 -6.69801849 -6.61743653 -6.78201882 -6.72086207
  -6.69454408 -6.7055036  -6.72265867 -6.78731381]
 [-3.12181243 -4.37298531 -4.82443687 -5.08284006 -5.1034486  -5.28694447
  -5.42157133 -5.46924054 -5.52982715 -5.4167792  -5.60893491 -5.59798642
  -5.72605164 -5.58208253 -5.74932863 -5.70657339 -5.79544263 -5.68704669
  -5.94056272 -5.81711138 -5.89745919 -5.93150319 -5.79626823 -6.06732294
  -6.04889446 -5.99953888 -6.08492608 -5.98285512 -5.9135476  -6.04054684
  -6.16210043 -6.13125717 -6.06748904 -6.10308274 -6.19784357 -6.274435
  -6.22000461 -6.24622832 -6.11556043 -6.10685983]
 [-3.18508856 -4.21408375 -4.59437441 -5.01477795 -4.99473894 -5.10760813
  -5.31830701 -5.13925969 -5.32863028 -5.21669241 -5.25546021 -5.1552803
  -5.2711219  -5.26890907 -5.42339113 -5.36152429 -5.36430167 -5.33020108
  -5.40919053 -5.5264256  -5.37528106 -5.35845987 -5.41719662 -5.49407264
  -5.61830042 -5.56429701 -5.58979421 -5.57471811 -5.65565913 -5.56436546
  -5.5592171  -5.48692142 -5.56262419 -5.6230001  -5.57167781 -5.89998026
  -5.73400792 -5.59410389 -5.73369339 -5.7852375 ]
 [-3.33282276 -4.24492432 -4.51332148 -4.6824582  -4.72226112 -4.94586596
  -4.9082879  -4.87670662 -5.00624726 -4.90407071 -5.18984575 -5.20244621
  -5.07444925 -5.02902472 -5.00765302 -4.83419687 -5.03891901 -4.97166287
  -4.91471346 -5.00015864 -5.01067011 -4.93819288 -4.91154213 -5.06553656
  -5.06537994 -5.08121879 -5.106345   -5.15002682 -4.95210678 -4.98195605
  -5.03190688 -5.16453223 -5.15791897 -5.1466869  -5.14822103 -5.1339641
  -5.10790353 -5.21531997 -5.12804756 -5.0761089 ]
 [-3.18241082 -3.49978839 -3.84419426 -3.77356714 -3.54558385 -3.53322859
  -3.52275033 -3.48095333 -3.33793285 -3.43467764 -3.22967741 -3.22326833
  -3.00813008 -2.97161027 -2.98905269 -2.62792409 -2.71507746 -2.86552052
  -2.78449568 -2.73907078 -2.69285485 -2.67874924 -2.6196573  -2.50114961
  -2.4461158  -2.57881045 -2.2910077  -2.28961867 -2.36054196 -2.28225633
  -2.10225605 -2.2917107  -2.08235047 -2.02139244 -2.16046721 -2.14176237
  -2.06199891 -2.0496396  -1.9881147  -1.9973583 ]
 [-2.78051025 -3.37497931 -3.1791227  -3.02996823 -2.87132217 -2.80675954
  -2.64912625 -2.40048897 -2.2798649  -2.38567373 -2.22808459 -2.10359154
  -2.10255462 -1.96500882 -1.88544263 -1.88264508 -1.62255814 -1.68284737
  -1.53901422 -1.52161312 -1.52771586 -1.40352181 -1.38738046 -1.33167835
  -1.34942267 -1.26335289 -1.1822488  -1.13505061 -1.18803712 -1.01681621
  -1.02019302 -1.01471317 -1.04246655 -0.86280277 -0.86920755 -0.94295219
  -0.90471071 -0.77405482 -0.83092336 -0.83224616]
 [-2.69029019 -3.06455998 -2.57092821 -2.4034805  -2.28212246 -2.0620245
  -1.78324722 -1.75207804 -1.60788198 -1.40103456 -1.37243485 -1.29306328
  -1.2895835  -1.14498616 -1.12507479 -0.89426704 -0.88136311 -0.97090723
  -0.90603427 -0.66363419 -0.78541745 -0.72996582 -0.60867262 -0.59690829
  -0.60475762 -0.48481239 -0.47284042 -0.4529905  -0.45821079 -0.4599147
  -0.42212795 -0.36710899 -0.39474626 -0.39485194 -0.36041817 -0.34378272
  -0.30452896 -0.29651303 -0.31667807 -0.32100299]
 [-2.28517139 -2.19107581 -1.84987435 -1.59437559 -1.48147777 -1.28374305
  -1.06194559 -0.94228623 -0.77226167 -0.70427779 -0.62043972 -0.58782363
  -0.53106404 -0.45978189 -0.44132015 -0.35171673 -0.33312055 -0.33508537
  -0.27719178 -0.26707696 -0.26375797 -0.20466976 -0.1975175  -0.21018092
  -0.20007657 -0.18669175 -0.17629548 -0.15980612 -0.16275625 -0.13429179
  -0.13713442 -0.14672994 -0.1286048  -0.12602595 -0.1202085  -0.10874808
  -0.11034015 -0.10924493 -0.1194111  -0.12901188]]
variance: [[8.74114180e+00 7.36443092e+00 6.24365751e+00 5.00032653e+00
  4.18917071e+00 4.07398317e+00 3.93050480e+00 2.54516897e+00
  2.52380783e+00 2.04787772e+00 2.16351902e+00 1.18674260e+00
  1.09371272e+00 1.09411126e+00 8.01065869e-01 7.59076244e-01
  6.50770275e-01 6.59088844e-01 5.56601973e-01 5.11873397e-01
  5.15681177e-01 4.85863862e-01 1.95909239e-01 3.15015418e-01
  2.37487235e-01 1.61383436e-01 1.87713097e-01 2.89605010e-01
  2.25791408e-01 9.97643913e-02 1.31495736e-01 9.49666720e-02
  9.31920636e-02 7.45087694e-02 7.17234720e-02 8.19587506e-02
  2.46116270e-02 1.16935748e-02 3.81711623e-02 1.96858294e-02]
 [7.24802932e+00 5.93471677e+00 5.96740228e+00 4.89891484e+00
  4.36073502e+00 3.07583310e+00 2.77410035e+00 2.48058743e+00
  2.23864783e+00 1.85088445e+00 1.44807118e+00 1.30573891e+00
  1.19603864e+00 9.87124893e-01 8.56827549e-01 5.53527297e-01
  4.76733098e-01 5.15834217e-01 5.46011532e-01 3.56146068e-01
  3.42957152e-01 2.66838175e-01 1.65906530e-01 2.76418128e-01
  1.88120687e-01 1.21714150e-01 1.83626592e-01 1.39084676e-01
  1.11991985e-01 1.12624626e-01 8.51247135e-02 9.11066012e-02
  9.42604788e-02 8.90573735e-02 3.57352505e-02 5.61668696e-02
  6.70248574e-02 2.50910024e-02 7.24650932e-03 2.07818106e-02]
 [6.58242229e+00 6.28270985e+00 4.84933822e+00 4.43339402e+00
  3.32878067e+00 2.51652630e+00 2.54439998e+00 2.21471022e+00
  1.97362884e+00 1.57356768e+00 1.66438953e+00 1.40424133e+00
  1.24511338e+00 9.15349764e-01 9.09472261e-01 7.90534151e-01
  7.70629727e-01 6.30338103e-01 6.09650050e-01 6.46752533e-01
  5.47134778e-01 5.65907082e-01 4.62225899e-01 4.19978156e-01
  3.59593265e-01 3.28191570e-01 3.29735081e-01 2.48878308e-01
  2.86568385e-01 1.83840314e-01 2.28108577e-01 2.12918965e-01
  1.97851415e-01 2.49365259e-01 1.99275387e-01 1.73901485e-01
  1.36918006e-01 1.54101565e-01 1.05467980e-01 2.25033851e-01]
 [6.46325466e+00 5.31085204e+00 4.67095749e+00 3.95705007e+00
  3.06950868e+00 2.49744465e+00 2.27045591e+00 2.32787236e+00
  1.96244118e+00 1.85398244e+00 1.73556651e+00 1.46839348e+00
  1.64147232e+00 1.17094506e+00 1.17252403e+00 1.11855285e+00
  1.17027302e+00 1.01130071e+00 9.81226854e-01 1.10107032e+00
  1.09086786e+00 9.72885516e-01 8.51623217e-01 1.02162159e+00
  9.99146307e-01 9.52286558e-01 7.55681765e-01 8.11533023e-01
  7.28012879e-01 7.49609891e-01 7.51711892e-01 6.50474342e-01
  6.67118781e-01 7.74956185e-01 5.89216420e-01 6.43908954e-01
  5.79081653e-01 5.31419274e-01 4.85795044e-01 4.85422743e-01]
 [5.78314349e+00 4.20245682e+00 3.96561221e+00 2.91413500e+00
  2.71294461e+00 2.42088150e+00 2.37816666e+00 2.17407099e+00
  1.93253743e+00 1.96189915e+00 2.00742256e+00 2.26965382e+00
  1.63047145e+00 1.67588248e+00 1.60640205e+00 1.60217644e+00
  1.47350253e+00 1.57221258e+00 1.52263736e+00 1.45801357e+00
  1.18597324e+00 1.19239435e+00 1.32181677e+00 1.30359773e+00
  1.29905241e+00 1.23978033e+00 1.07901510e+00 1.17096768e+00
  1.14220988e+00 8.66311586e-01 9.02090853e-01 9.12295639e-01
  1.01557102e+00 1.01477571e+00 9.32335006e-01 8.73598613e-01
  7.25329384e-01 9.00014491e-01 8.46122503e-01 8.65682514e-01]
 [6.49234456e+00 4.52647040e+00 3.75116535e+00 3.32194958e+00
  3.12142374e+00 2.73404711e+00 2.26980521e+00 2.21934961e+00
  1.93203085e+00 2.06426007e+00 1.88456822e+00 2.21873620e+00
  1.89261824e+00 1.68161873e+00 1.69040158e+00 1.66888015e+00
  1.58186958e+00 1.56641928e+00 1.63910193e+00 1.62355025e+00
  1.69600084e+00 1.31834042e+00 1.47632084e+00 1.62154653e+00
  1.46445491e+00 1.33551106e+00 1.36020130e+00 1.31991341e+00
  1.37262317e+00 1.27482209e+00 1.32492029e+00 1.16793707e+00
  1.10490466e+00 1.10676433e+00 1.20239092e+00 1.08113379e+00
  1.07074761e+00 1.10507823e+00 1.11313303e+00 1.06776323e+00]
 [6.31461454e+00 4.83856398e+00 3.48118676e+00 3.13382761e+00
  3.32696546e+00 2.86462738e+00 2.33377113e+00 2.41824294e+00
  2.22450846e+00 2.28601229e+00 1.71515418e+00 1.70074548e+00
  1.82234053e+00 2.03518739e+00 1.79972363e+00 1.82091175e+00
  1.56581200e+00 1.93971479e+00 1.57055100e+00 1.67656444e+00
  1.70588766e+00 1.52064498e+00 1.76488768e+00 1.63653746e+00
  1.83577596e+00 1.55666082e+00 1.64094644e+00 1.51547494e+00
  1.53610671e+00 1.50964698e+00 1.19389071e+00 1.21192907e+00
  1.48983554e+00 1.29481328e+00 1.57089749e+00 1.45467275e+00
  1.20422949e+00 1.19407142e+00 1.23035615e+00 1.34014643e+00]
 [6.17802199e+00 5.06026355e+00 3.84971221e+00 3.12805454e+00
  3.04390627e+00 2.72934339e+00 2.57223245e+00 2.55315374e+00
  2.21170773e+00 2.38053719e+00 2.04914548e+00 1.82994040e+00
  2.10498623e+00 1.70855073e+00 2.20389295e+00 1.89191691e+00
  1.77237775e+00 1.97145019e+00 1.93524552e+00 2.16040964e+00
  1.63717913e+00 1.65916238e+00 1.66434634e+00 1.74505518e+00
  1.53699065e+00 1.64362595e+00 1.80542739e+00 1.80617568e+00
  1.85613774e+00 1.70192226e+00 1.59514114e+00 1.62958844e+00
  1.76456699e+00 1.33638455e+00 1.48877977e+00 1.69544542e+00
  1.62227950e+00 1.31857241e+00 1.55766246e+00 1.41281742e+00]
 [5.84691621e+00 4.54756750e+00 3.25290722e+00 3.41314952e+00
  2.81621492e+00 2.25801919e+00 2.34909810e+00 2.14695568e+00
  2.20490363e+00 1.83333041e+00 2.43020919e+00 2.25921022e+00
  2.11420129e+00 2.09229887e+00 2.12665840e+00 1.95631793e+00
  2.05325620e+00 1.87438939e+00 2.04440915e+00 1.89146894e+00
  1.92595841e+00 1.81927351e+00 2.09239472e+00 1.93266165e+00
  1.69976268e+00 2.03071224e+00 1.90973215e+00 1.73737700e+00
  1.88570950e+00 1.83156120e+00 1.80379864e+00 1.94165272e+00
  1.74691021e+00 1.81754920e+00 1.81095718e+00 1.83770085e+00
  1.87184605e+00 1.64496306e+00 1.66437091e+00 1.76025607e+00]
 [5.52735517e+00 4.63243809e+00 3.37586405e+00 3.24772278e+00
  2.87974225e+00 2.40660055e+00 2.32597584e+00 2.19304672e+00
  2.23203425e+00 2.22133830e+00 2.27939789e+00 1.86936452e+00
  2.15219033e+00 2.31387426e+00 2.35265400e+00 2.10504123e+00
  2.00604678e+00 2.06832539e+00 2.31553220e+00 2.05021462e+00
  1.96629573e+00 2.05163823e+00 1.94090612e+00 2.06510120e+00
  2.15437248e+00 2.03925515e+00 1.88191888e+00 1.98356302e+00
  2.20721991e+00 1.77865117e+00 1.78089127e+00 2.08128754e+00
  2.07926511e+00 1.69550420e+00 1.94250989e+00 1.87037169e+00
  2.12997873e+00 2.00740588e+00 1.88020983e+00 2.00063664e+00]
 [5.39083653e+00 4.47801887e+00 3.24558072e+00 2.86427951e+00
  2.93253004e+00 2.70571131e+00 2.73138438e+00 2.26036721e+00
  2.21812483e+00 2.42995413e+00 2.35569087e+00 2.06934099e+00
  1.85183340e+00 2.30740840e+00 2.20242311e+00 2.39690126e+00
  1.99506858e+00 2.44920107e+00 2.10468768e+00 2.27617326e+00
  2.14227824e+00 2.40397260e+00 2.41066921e+00 2.24293639e+00
  2.15343333e+00 2.19270483e+00 2.06493801e+00 2.29436354e+00
  2.12320761e+00 2.09234636e+00 2.10376378e+00 2.41746623e+00
  2.15812133e+00 2.31705506e+00 2.25550095e+00 2.27266811e+00
  2.10517587e+00 2.19555609e+00 2.33740550e+00 1.81689642e+00]
 [5.67705862e+00 4.57762153e+00 2.76594006e+00 3.07680686e+00
  2.19217048e+00 2.36864917e+00 2.07528053e+00 2.45832000e+00
  2.39753367e+00 2.25834267e+00 2.10507806e+00 2.30073908e+00
  2.03363966e+00 2.25052283e+00 1.97886624e+00 2.05293857e+00
  2.49756010e+00 2.14272108e+00 2.67335866e+00 2.49241284e+00
  2.08635955e+00 2.30468232e+00 2.19727064e+00 2.23263493e+00
  2.27066017e+00 2.34428977e+00 2.01320360e+00 2.17113831e+00
  2.50407663e+00 2.20709797e+00 2.07102063e+00 2.13856739e+00
  1.95218423e+00 2.10765015e+00 2.08252867e+00 2.00631276e+00
  1.74656312e+00 2.05625386e+00 1.88894813e+00 2.07701688e+00]
 [5.13915258e+00 3.73590266e+00 2.93917219e+00 2.82920096e+00
  2.33800276e+00 2.41729869e+00 2.34355403e+00 2.31557515e+00
  2.39046689e+00 2.29865444e+00 2.14534820e+00 2.58710924e+00
  2.54327279e+00 2.47987955e+00 2.20394877e+00 2.29990055e+00
  2.16393254e+00 2.13498750e+00 2.35856744e+00 2.25024670e+00
  2.27750528e+00 2.63243618e+00 2.24147595e+00 2.26342335e+00
  2.27655993e+00 2.45083909e+00 2.00051086e+00 2.13591037e+00
  1.86177788e+00 2.14904355e+00 2.28321460e+00 2.30391488e+00
  1.86497225e+00 2.01892090e+00 2.02081284e+00 2.16074360e+00
  1.86819625e+00 2.27870946e+00 2.14060492e+00 2.06404952e+00]
 [3.96927755e+00 3.22741071e+00 2.56544468e+00 2.44514580e+00
  2.39469437e+00 2.06746058e+00 1.85870234e+00 1.98833320e+00
  2.15203404e+00 1.88304538e+00 2.19065252e+00 1.93396938e+00
  1.88581484e+00 1.96232046e+00 1.89811970e+00 1.65215867e+00
  1.87208626e+00 1.68288871e+00 1.63453594e+00 1.74897790e+00
  1.78645870e+00 1.84323328e+00 1.55508550e+00 1.63716909e+00
  1.63657625e+00 1.75959103e+00 1.46742731e+00 1.49222626e+00
  1.48890948e+00 1.58524015e+00 1.46420920e+00 1.29234075e+00
  1.45569265e+00 1.49811465e+00 1.44637574e+00 1.39099929e+00
  1.36523770e+00 1.11412337e+00 1.28218977e+00 1.23374275e+00]
 [4.12808970e+00 2.88573097e+00 2.21035068e+00 1.88734734e+00
  2.04481022e+00 1.92640381e+00 1.75740339e+00 1.56823597e+00
  1.64654497e+00 1.38958602e+00 1.42036317e+00 1.84355611e+00
  1.60881565e+00 1.48045150e+00 1.39088806e+00 1.27058315e+00
  1.25025133e+00 1.15067705e+00 1.19974306e+00 1.29970525e+00
  1.14549484e+00 9.88565684e-01 9.92160213e-01 9.37836212e-01
  9.00950858e-01 8.44474449e-01 7.41960701e-01 8.43149464e-01
  8.81341087e-01 6.15780789e-01 6.36055771e-01 6.81685090e-01
  6.48751206e-01 4.85548048e-01 5.20344933e-01 7.01122416e-01
  5.24232382e-01 5.11195557e-01 4.85956795e-01 6.79454358e-01]
 [3.78441767e+00 2.41595141e+00 2.29702975e+00 1.44571540e+00
  1.72478716e+00 1.40629197e+00 1.33585971e+00 1.18919038e+00
  1.08817738e+00 1.03537484e+00 9.96908367e-01 8.73032411e-01
  9.79167055e-01 7.88925158e-01 8.34969468e-01 7.16253025e-01
  6.08500034e-01 7.61032708e-01 7.49397286e-01 4.60435024e-01
  5.22669763e-01 5.37675460e-01 4.17435939e-01 3.20982415e-01
  4.24067309e-01 2.69529088e-01 2.54699484e-01 2.58235884e-01
  2.68233912e-01 2.64188224e-01 2.73916181e-01 2.11922297e-01
  2.14164188e-01 2.42881909e-01 1.67973892e-01 2.03231021e-01
  1.36014429e-01 1.45361673e-01 1.35784919e-01 1.32019585e-01]
 [3.02606884e+00 1.91984781e+00 1.48692663e+00 1.39205341e+00
  1.10930553e+00 8.96957079e-01 8.23023214e-01 7.10947570e-01
  6.01983310e-01 5.25664536e-01 4.32893487e-01 4.57219102e-01
  4.09815249e-01 2.94640586e-01 2.57597278e-01 2.15781044e-01
  2.06989598e-01 1.90150430e-01 1.34419957e-01 1.32127272e-01
  1.56275303e-01 7.90107994e-02 7.99584776e-02 8.22151705e-02
  8.22987707e-02 8.96512847e-02 5.74171813e-02 4.18189349e-02
  5.04786531e-02 2.33616020e-02 2.99800090e-02 4.12092943e-02
  2.25487923e-02 1.78267313e-02 1.64672990e-02 9.22845750e-03
  1.16668441e-02 1.18208149e-02 1.59379713e-02 2.10161606e-02]]
