args:  Namespace(attack='pgd', ndim=5)
elapsed time: 72506.935001313
test_losses: [[-1.71471125 -2.70721583 -3.34238043 -3.70722404 -3.82443204 -4.22579948
  -4.39180387 -4.53840392 -4.67376161 -4.71064193 -4.92380541 -5.02749306
  -4.99337818 -5.22000407 -5.14696828 -5.17629876 -5.26948029 -5.22390258
  -5.3274792  -5.31591154 -5.28672526 -5.34424182 -5.35493319 -5.37755685
  -5.34363375 -5.33402954 -5.41975065 -5.42144588 -5.40685274 -5.39823026
  -5.38083862 -5.43347168 -5.41196322 -5.40054223 -5.42666597 -5.42568425
  -5.42666597 -5.42753808 -5.41887854 -5.42753808]
 [-2.08261297 -2.85962861 -3.33395848 -3.72065426 -3.85358765 -4.23773422
  -4.35968322 -4.6205943  -4.77252617 -4.82303798 -4.86023734 -4.9555353
  -5.04588821 -5.09441692 -5.11432048 -5.22259882 -5.21608209 -5.28177295
  -5.2564713  -5.25755417 -5.2763971  -5.25953585 -5.34557437 -5.33891615
  -5.3091363  -5.35633283 -5.37367932 -5.37392229 -5.38768042 -5.37855492
  -5.39346856 -5.38351999 -5.40388187 -5.40287963 -5.41044485 -5.41651831
  -5.4181291  -5.42469999 -5.42656474 -5.42186868]
 [-1.98110069 -2.6632693  -3.226419   -3.69646891 -3.7979705  -4.17357528
  -4.22260168 -4.49608882 -4.52490114 -4.77034949 -4.67000787 -4.73837677
  -4.82317861 -4.90335421 -4.91266469 -5.01017386 -5.0387013  -4.99938585
  -5.04609169 -5.13495287 -5.13608436 -5.16109329 -5.16827607 -5.20372013
  -5.20255722 -5.20145794 -5.21545824 -5.28811185 -5.24455916 -5.29900831
  -5.30281683 -5.30871378 -5.36485851 -5.28380319 -5.33277439 -5.35087252
  -5.35745377 -5.34447398 -5.36524954 -5.35903316]
 [-2.0493547  -2.7240777  -3.16729977 -3.47351485 -3.51954326 -3.76358914
  -3.91982957 -3.98497751 -4.0711005  -4.27086998 -4.26481577 -4.35049682
  -4.56914093 -4.50825238 -4.53894502 -4.62165989 -4.52298015 -4.67794741
  -4.69020889 -4.7362369  -4.79990552 -4.8213732  -4.82435552 -4.78163647
  -4.85124201 -4.98304832 -4.90698246 -4.89904318 -4.92369107 -5.02628968
  -4.99208961 -5.05503417 -5.012216   -4.9907084  -5.01691497 -5.09590426
  -5.12361322 -5.08743395 -5.07669408 -5.1618987 ]
 [-2.0564499  -2.66684221 -3.01778442 -3.30916172 -3.42825731 -3.7222036
  -3.57961583 -3.87181769 -3.82198478 -4.03650141 -4.05518512 -3.97352182
  -4.15345945 -4.24665871 -4.35918882 -4.25887904 -4.38848316 -4.31944471
  -4.40738172 -4.42037367 -4.46717604 -4.56595765 -4.57839841 -4.53643151
  -4.53380067 -4.72608448 -4.71010931 -4.64561065 -4.7125784  -4.6714066
  -4.77913988 -4.70664406 -4.72084958 -4.79150539 -4.8485443  -4.8580593
  -4.88464474 -4.83536889 -4.86861265 -4.93869413]
 [-1.97481312 -2.55359997 -2.82626773 -3.13792116 -3.40737711 -3.33786544
  -3.6805441  -3.74174482 -3.70489565 -3.77682831 -3.96872114 -3.95709699
  -4.11799431 -4.15147147 -4.12223989 -4.12464454 -4.11069916 -4.23742112
  -4.23668334 -4.28802857 -4.23277027 -4.37393267 -4.45781877 -4.44109652
  -4.46973525 -4.47815072 -4.39492369 -4.46515331 -4.61214343 -4.57310071
  -4.5780949  -4.60157521 -4.64639633 -4.61835641 -4.65965327 -4.66267719
  -4.6500258  -4.66089497 -4.84566991 -4.72809999]
 [-2.01902638 -2.41530602 -2.98691895 -3.14475116 -3.25209584 -3.51985409
  -3.47238094 -3.61233055 -3.6495971  -3.66470706 -3.74281882 -3.81265614
  -3.80576451 -3.99390447 -3.97305339 -3.95298572 -3.93260296 -4.03434854
  -4.00132259 -4.01468402 -4.26121342 -4.16247514 -4.19742287 -4.14294362
  -4.11790932 -4.30675053 -4.28837202 -4.32808132 -4.41989883 -4.3887262
  -4.41531454 -4.39157245 -4.43300658 -4.44062884 -4.4887546  -4.41695014
  -4.40540183 -4.53161313 -4.49523779 -4.51074461]
 [-1.97237541 -2.6073715  -2.94129299 -3.03536586 -3.18795781 -3.47992137
  -3.41923632 -3.64003433 -3.46438619 -3.71048663 -3.60278105 -3.56503209
  -3.78680743 -3.80046066 -3.88679143 -3.69501636 -3.75280896 -3.83664263
  -3.80679843 -3.87610506 -3.83448877 -3.95016596 -3.89893247 -3.98678974
  -3.9462722  -4.08759938 -4.07607338 -4.11261103 -4.09288112 -4.14622887
  -4.12645592 -4.17334335 -4.29614543 -4.27129231 -4.19709531 -4.23900411
  -4.32023068 -4.34600095 -4.23097381 -4.24521653]
 [-1.90930155 -2.35372333 -2.82197949 -3.11237044 -3.1165109  -3.23086465
  -3.22787815 -3.36161847 -3.41612372 -3.41724786 -3.42417615 -3.73106621
  -3.55913389 -3.54311927 -3.60265518 -3.65561845 -3.48439891 -3.71856962
  -3.64703557 -3.76667493 -3.80462043 -3.69603603 -3.6582048  -3.79039346
  -3.8075159  -3.84822185 -3.76961518 -3.90306823 -3.84766419 -3.86514495
  -3.90536756 -3.96269634 -3.92964441 -4.03267004 -3.95461034 -3.954468
  -4.02317538 -4.10409285 -4.05419912 -4.09682069]
 [-1.91855658 -2.40217331 -2.67246496 -2.99203858 -3.07121614 -2.98300299
  -3.0811274  -3.05473857 -3.25998227 -3.35855904 -3.37333924 -3.22587503
  -3.43614607 -3.51450483 -3.51248106 -3.41611296 -3.45760049 -3.4643243
  -3.42084189 -3.52082282 -3.46305757 -3.59588182 -3.6650707  -3.5606305
  -3.48922438 -3.67059565 -3.64618524 -3.68404647 -3.63334684 -3.68813464
  -3.76043555 -3.63389964 -3.7151824  -3.77807944 -3.64205089 -3.69614859
  -3.75809822 -3.85603736 -3.72288162 -3.86177936]
 [-1.8844525  -2.46199715 -2.64633271 -2.8151133  -2.8673654  -2.94160598
  -3.17863121 -3.08698415 -3.07432575 -3.12656744 -3.06300071 -3.18947501
  -3.14035784 -3.06371122 -3.30561556 -3.22543841 -3.20614682 -3.16522545
  -3.3232981  -3.32252997 -3.30495142 -3.20986281 -3.26613852 -3.3750768
  -3.36573104 -3.43815707 -3.27647767 -3.35974987 -3.31006892 -3.31684631
  -3.36718773 -3.25397979 -3.47929512 -3.4647299  -3.43253545 -3.29378124
  -3.41688972 -3.45329356 -3.48780418 -3.56371396]
 [-1.70408025 -2.39860279 -2.6170951  -2.80680749 -2.79449745 -2.80216886
  -2.80768012 -2.96443665 -2.92901775 -2.96446647 -2.91263071 -2.90897453
  -2.85570267 -2.87862338 -2.93282615 -2.92288316 -2.97798712 -3.00799798
  -3.09225142 -3.13235221 -2.95905904 -3.05239983 -2.94268684 -3.04060368
  -2.9204574  -3.08392142 -3.09484013 -3.17459412 -3.13170969 -3.08987941
  -3.13786424 -3.0854433  -3.10156743 -3.17790222 -3.07588438 -3.12003583
  -3.21593599 -3.29383096 -3.10073274 -3.21480298]
 [-1.78691698 -2.22459924 -2.55146595 -2.68090984 -2.63807311 -2.77892251
  -2.7603845  -2.85008633 -2.72538977 -2.80866097 -2.70417344 -2.70568987
  -2.79165288 -2.88500723 -2.85307956 -2.79288638 -2.84915762 -2.86268771
  -2.84950939 -2.77084881 -2.81976531 -2.88264941 -2.7236056  -2.80056204
  -2.76523933 -2.73432343 -2.74839145 -2.78961473 -2.84759883 -2.73274302
  -2.78028436 -2.81186653 -2.75402618 -2.83585564 -2.76975246 -2.83414402
  -2.86630975 -2.71642503 -2.86801517 -2.8015547 ]
 [-1.67593918 -2.08642173 -2.02815434 -2.1443988  -1.95200907 -1.98888275
  -1.8277981  -1.86681582 -1.94395099 -1.83184286 -1.73053627 -1.74707719
  -1.71235811 -1.72687631 -1.55120269 -1.63669248 -1.62351764 -1.53996298
  -1.47929863 -1.48652892 -1.31768335 -1.36880367 -1.40503136 -1.49090686
  -1.41010329 -1.31455219 -1.41205139 -1.40262484 -1.1761024  -1.2300898
  -1.24634937 -1.26499539 -1.277588   -1.19319465 -1.26518578 -1.14832499
  -1.20197912 -1.14849918 -1.07666546 -1.07651908]
 [-1.56307746 -1.89706845 -1.77818277 -1.60533817 -1.67969804 -1.48721072
  -1.53933203 -1.42776328 -1.32475213 -1.26112809 -1.12836821 -1.03622981
  -1.07690692 -1.07768893 -0.90739868 -1.00371716 -0.92291403 -0.8622456
  -0.88909597 -0.80341356 -0.83923871 -0.71256433 -0.74754501 -0.71563468
  -0.69658567 -0.72030885 -0.64823526 -0.71987142 -0.60905634 -0.61722737
  -0.64939777 -0.56860654 -0.52140315 -0.57021508 -0.51543988 -0.45555354
  -0.40562088 -0.46860234 -0.41746417 -0.43507388]
 [-1.62091161 -1.49677377 -1.33890078 -1.22590945 -1.2175707  -1.19273631
  -1.00649743 -0.87326384 -0.90119102 -0.83929098 -0.74895268 -0.7519452
  -0.67437502 -0.58393329 -0.58102054 -0.46233017 -0.58844486 -0.43238134
  -0.47895105 -0.43243404 -0.37036433 -0.34739295 -0.35102062 -0.33769723
  -0.36277873 -0.34186615 -0.31048177 -0.30316423 -0.31453657 -0.31265224
  -0.23093769 -0.21772361 -0.24344853 -0.22231055 -0.19288415 -0.16773516
  -0.16962984 -0.16457342 -0.13664643 -0.15258396]
 [-1.25734664 -1.30273327 -1.01929235 -0.95714116 -0.84473409 -0.66087036
  -0.57639979 -0.50970075 -0.48662062 -0.40262614 -0.32542415 -0.2903557
  -0.28676315 -0.25025645 -0.22855703 -0.22584023 -0.15508293 -0.17601792
  -0.14601297 -0.12281575 -0.12031288 -0.10709689 -0.10334789 -0.11409419
  -0.08850627 -0.08271029 -0.08020941 -0.07957603 -0.07144338 -0.05545252
  -0.07796773 -0.06744022 -0.06220033 -0.073375   -0.0556357  -0.04535747
  -0.05803354 -0.04308871 -0.05056988 -0.04128844]]
variance: [[4.86024115e+00 4.46673235e+00 4.15213471e+00 3.26125188e+00
  3.04042314e+00 2.14708920e+00 2.29229495e+00 1.81455261e+00
  1.60536144e+00 1.64444834e+00 9.19217789e-01 9.62907954e-01
  9.06653037e-01 4.51639899e-01 7.25520412e-01 5.27443612e-01
  3.53316476e-01 4.67797604e-01 2.21781461e-01 2.90570031e-01
  3.39651023e-01 1.77680894e-01 1.67881212e-01 1.15800765e-01
  2.32509039e-01 2.60756549e-01 2.85672474e-02 2.15521349e-02
  5.30767021e-02 7.59176283e-02 1.20254822e-01 0.00000000e+00
  4.64861250e-02 8.30156667e-02 1.38489727e-02 1.81325808e-02
  1.38489727e-02 1.05270817e-02 3.18755555e-02 1.05270817e-02]
 [4.91486084e+00 4.40295833e+00 3.61623727e+00 2.58544349e+00
  2.42789685e+00 2.15632633e+00 1.90194403e+00 1.49375593e+00
  1.10261857e+00 1.08391137e+00 1.11441940e+00 8.95801153e-01
  7.07934665e-01 5.97700563e-01 5.15425344e-01 3.15838873e-01
  4.86734015e-01 2.56239301e-01 3.99955709e-01 2.63305645e-01
  3.36881745e-01 3.64406437e-01 1.15607614e-01 1.44087773e-01
  2.02740634e-01 1.23655346e-01 9.36290895e-02 7.69559089e-02
  6.66967050e-02 1.02658881e-01 7.94673865e-02 8.12813433e-02
  4.45755982e-02 3.45912692e-02 2.69515903e-02 1.72038897e-02
  1.80100241e-02 1.15592026e-02 7.10881142e-03 1.47926729e-02]
 [4.22856711e+00 3.71724164e+00 2.91626891e+00 2.38780939e+00
  2.13834691e+00 1.48690468e+00 1.55616031e+00 1.19043798e+00
  1.17964433e+00 7.57887676e-01 9.44816396e-01 8.00567480e-01
  6.54753339e-01 6.30642042e-01 6.03236118e-01 4.41653679e-01
  4.26004501e-01 5.09283810e-01 4.90769571e-01 2.83317339e-01
  2.81927525e-01 2.73884377e-01 2.87706047e-01 2.84675934e-01
  2.56208320e-01 2.91729942e-01 2.42831123e-01 1.64984441e-01
  2.04951736e-01 1.40860281e-01 1.34673552e-01 1.22788169e-01
  6.59826301e-02 1.83245734e-01 1.11307047e-01 7.60615949e-02
  7.25535497e-02 9.89323487e-02 8.02340270e-02 8.24164378e-02]
 [4.37696184e+00 3.32967093e+00 2.23659267e+00 2.30113081e+00
  1.92899702e+00 1.76767671e+00 1.54455697e+00 1.37776160e+00
  1.36483574e+00 1.04939370e+00 1.15065847e+00 9.97080682e-01
  8.53401509e-01 9.24379882e-01 8.39553029e-01 7.49202230e-01
  8.76490932e-01 6.93362762e-01 7.06352611e-01 6.65814813e-01
  6.42605455e-01 5.91886286e-01 6.10205639e-01 6.82850263e-01
  5.78171260e-01 4.45640688e-01 4.62186364e-01 5.83310278e-01
  4.92242707e-01 4.13460252e-01 4.80091098e-01 4.43228695e-01
  4.67459478e-01 4.83208159e-01 4.46350646e-01 3.31524286e-01
  3.14744340e-01 3.49023921e-01 3.61601501e-01 3.12129097e-01]
 [4.10352562e+00 3.25978765e+00 2.44325702e+00 2.49583321e+00
  1.59344905e+00 1.52730747e+00 1.38711014e+00 1.46985395e+00
  1.36999106e+00 1.16685206e+00 1.16880857e+00 9.60338787e-01
  9.98862783e-01 1.00863742e+00 8.80046583e-01 9.89680505e-01
  9.26412082e-01 1.10951852e+00 9.16362438e-01 8.54843839e-01
  8.63585434e-01 7.96582726e-01 7.30571522e-01 6.75619487e-01
  7.89123266e-01 6.41618994e-01 6.63544951e-01 7.69654778e-01
  6.08127931e-01 7.52019853e-01 6.27655564e-01 6.36348743e-01
  6.72096391e-01 5.47057786e-01 5.29809313e-01 5.13880612e-01
  5.29806299e-01 5.67086826e-01 5.87207055e-01 4.33823131e-01]
 [3.86200842e+00 3.40398519e+00 2.51026524e+00 2.16090404e+00
  1.67893561e+00 1.47699096e+00 1.53358089e+00 1.31266171e+00
  1.51871144e+00 1.15729930e+00 1.10662411e+00 1.18333079e+00
  1.19895116e+00 1.03419007e+00 1.15210362e+00 1.03510395e+00
  1.14840576e+00 9.97234680e-01 1.17341282e+00 9.45770571e-01
  9.77523062e-01 9.92720941e-01 7.90023282e-01 9.75539418e-01
  8.47714817e-01 8.31967603e-01 1.01251190e+00 8.56550173e-01
  6.98473808e-01 7.29314200e-01 8.29590912e-01 7.67558164e-01
  6.78952901e-01 7.14005145e-01 7.33740416e-01 6.41470410e-01
  8.40416472e-01 6.66653059e-01 5.96124989e-01 6.23873328e-01]
 [3.88116383e+00 3.03156871e+00 2.00737667e+00 1.92443687e+00
  1.99271720e+00 1.65433667e+00 1.40396521e+00 1.34071748e+00
  1.55465657e+00 1.41670119e+00 1.30281630e+00 1.24416158e+00
  1.14423451e+00 1.04435735e+00 1.17445875e+00 1.15603874e+00
  1.26047867e+00 1.13559627e+00 1.32357839e+00 1.15863637e+00
  1.01784896e+00 1.19446293e+00 1.05237612e+00 9.52970115e-01
  1.18780587e+00 1.00997438e+00 9.51864770e-01 8.91156270e-01
  8.87979309e-01 9.30956342e-01 9.04905336e-01 9.89767619e-01
  9.02218607e-01 8.44654821e-01 8.09846973e-01 1.04192209e+00
  9.96814484e-01 8.25159939e-01 7.45722647e-01 9.10814339e-01]
 [3.29012929e+00 3.51300752e+00 2.54169230e+00 1.68219765e+00
  1.62149019e+00 1.52492829e+00 1.48617482e+00 1.41741510e+00
  1.41305020e+00 1.32772166e+00 1.35881445e+00 1.44616991e+00
  1.09960625e+00 1.19602067e+00 1.29451178e+00 1.33154747e+00
  1.33833773e+00 1.27583337e+00 1.27759239e+00 1.23608237e+00
  1.18305487e+00 1.13585871e+00 1.24311440e+00 1.11692542e+00
  1.11317508e+00 9.59377734e-01 1.07854962e+00 1.00981684e+00
  1.00838055e+00 9.51949996e-01 1.08514664e+00 1.03629982e+00
  9.42697182e-01 1.02664467e+00 9.57225125e-01 9.09180776e-01
  9.14623292e-01 1.00504333e+00 1.00869129e+00 9.43720526e-01]
 [3.56218201e+00 2.89809279e+00 2.06726657e+00 2.19454698e+00
  1.70843885e+00 1.44290952e+00 1.43567928e+00 1.37591304e+00
  1.57285871e+00 1.38166197e+00 1.45757592e+00 1.33702386e+00
  1.11325440e+00 1.21969154e+00 1.20166637e+00 1.40124806e+00
  1.35593346e+00 1.31161604e+00 1.27273657e+00 1.02243988e+00
  1.19771674e+00 1.30185210e+00 1.24662874e+00 1.28676166e+00
  1.13995298e+00 1.09476900e+00 1.24363105e+00 1.09865906e+00
  1.17924348e+00 1.32881895e+00 1.04252600e+00 1.14275750e+00
  1.11073284e+00 1.03078776e+00 1.09437218e+00 1.16750341e+00
  1.20024657e+00 9.04639028e-01 1.19005169e+00 1.12032521e+00]
 [3.49874957e+00 2.84582236e+00 2.12851844e+00 2.07182063e+00
  1.74615920e+00 1.73844003e+00 1.50764487e+00 1.60151626e+00
  1.53726049e+00 1.38819134e+00 1.20355557e+00 1.29907196e+00
  1.41473523e+00 1.38015364e+00 1.28382739e+00 1.35388826e+00
  1.44855312e+00 1.33918457e+00 1.35764505e+00 1.19110186e+00
  1.24723031e+00 1.14163720e+00 1.25240489e+00 1.34475305e+00
  1.30178408e+00 1.34992847e+00 1.19704115e+00 1.28562162e+00
  1.20823373e+00 1.24566429e+00 1.19604417e+00 1.25147700e+00
  1.17620407e+00 1.20669356e+00 1.30956834e+00 1.26426074e+00
  1.28652826e+00 1.35335634e+00 1.24117488e+00 1.30987710e+00]
 [3.38915631e+00 2.89833955e+00 2.26222969e+00 1.76963367e+00
  1.76197955e+00 1.58599707e+00 1.37803131e+00 1.44194707e+00
  1.44669455e+00 1.27112642e+00 1.31123910e+00 1.53164311e+00
  1.45478421e+00 1.48592937e+00 1.42373128e+00 1.48998629e+00
  1.43321577e+00 1.31548817e+00 1.27584928e+00 1.31653024e+00
  1.40495356e+00 1.39918572e+00 1.32741179e+00 1.51402732e+00
  1.44247185e+00 1.24945281e+00 1.39257622e+00 1.42115145e+00
  1.28059240e+00 1.22241358e+00 1.39363275e+00 1.45640774e+00
  1.33697273e+00 1.30289956e+00 1.34075769e+00 1.38806101e+00
  1.31969021e+00 1.26225928e+00 1.28933798e+00 1.48620854e+00]
 [3.17401140e+00 2.53270796e+00 2.18865784e+00 2.09598017e+00
  1.86320163e+00 1.53831189e+00 1.46539171e+00 1.45026172e+00
  1.63119901e+00 1.33291535e+00 1.37673832e+00 1.32881803e+00
  1.54755139e+00 1.39628089e+00 1.36369161e+00 1.43320436e+00
  1.35688215e+00 1.23656951e+00 1.35174168e+00 1.25993248e+00
  1.40593205e+00 1.35707927e+00 1.23659592e+00 1.45568777e+00
  1.37805584e+00 1.38912008e+00 1.40265756e+00 1.46905343e+00
  1.26802861e+00 1.30373865e+00 1.40004742e+00 1.50224868e+00
  1.35798082e+00 1.36593602e+00 1.40888855e+00 1.30432745e+00
  1.30263240e+00 1.27035382e+00 1.26132734e+00 1.20795347e+00]
 [3.15036148e+00 2.49007370e+00 1.76111299e+00 1.74520784e+00
  1.51482111e+00 1.45314030e+00 1.40274321e+00 1.30178470e+00
  1.35835938e+00 1.47983123e+00 1.50012559e+00 1.56976225e+00
  1.26130002e+00 1.34032733e+00 1.52852733e+00 1.31407516e+00
  1.10396540e+00 1.31785148e+00 1.51801053e+00 1.23004815e+00
  1.45167927e+00 1.37042994e+00 1.41087023e+00 1.49767214e+00
  1.16856377e+00 1.21687386e+00 1.54772807e+00 1.39230423e+00
  1.33555774e+00 1.30810647e+00 1.23672512e+00 1.48845090e+00
  1.21032458e+00 1.40249091e+00 1.24399166e+00 1.22709305e+00
  1.32147333e+00 1.27178821e+00 1.26369656e+00 1.53338661e+00]
 [2.90257454e+00 1.79768825e+00 1.62916778e+00 1.67112881e+00
  1.32707463e+00 1.59052101e+00 1.19694442e+00 1.14709146e+00
  1.21074031e+00 1.07317303e+00 1.30134989e+00 1.21853449e+00
  1.30117286e+00 1.21077473e+00 1.03050431e+00 1.16038270e+00
  1.33150639e+00 1.05417000e+00 1.16335184e+00 1.08632207e+00
  1.11019661e+00 9.66151216e-01 8.99601060e-01 1.17985107e+00
  1.03180285e+00 9.32921325e-01 1.02829122e+00 1.07200676e+00
  8.69771639e-01 9.19649431e-01 8.72454175e-01 8.30139962e-01
  1.02771991e+00 8.94576159e-01 9.00082339e-01 8.80990393e-01
  1.05937949e+00 8.63484299e-01 7.89448646e-01 7.14629381e-01]
 [2.44495493e+00 1.92025699e+00 1.58055422e+00 1.17434776e+00
  1.28175457e+00 1.16317544e+00 1.18205889e+00 1.09288922e+00
  1.05165749e+00 9.97540754e-01 1.00187273e+00 7.63534254e-01
  8.49327810e-01 7.30829582e-01 7.66635273e-01 8.27121239e-01
  7.16169957e-01 7.30593188e-01 7.03139060e-01 7.24518580e-01
  7.06151840e-01 5.39986276e-01 5.21022107e-01 5.19769035e-01
  5.85495876e-01 5.30839704e-01 5.05739323e-01 5.03158228e-01
  4.77807148e-01 5.25768621e-01 5.08632633e-01 4.72132502e-01
  4.01343339e-01 4.20536825e-01 3.65736263e-01 3.46200115e-01
  2.67237507e-01 3.17178124e-01 2.85846133e-01 3.00989238e-01]
 [1.90333725e+00 1.39698358e+00 1.17650498e+00 1.05108736e+00
  9.58567164e-01 9.65803718e-01 7.66579507e-01 7.59453199e-01
  7.02685072e-01 7.78152601e-01 6.68071476e-01 6.44606464e-01
  5.70879197e-01 4.79281130e-01 5.20285730e-01 3.83165996e-01
  5.26086731e-01 3.36844386e-01 3.80391093e-01 3.82392773e-01
  2.78087821e-01 2.85455090e-01 2.86751286e-01 2.67466671e-01
  2.65839393e-01 2.52067536e-01 2.42462794e-01 2.38078692e-01
  2.22661029e-01 2.26012280e-01 1.51902079e-01 1.49642591e-01
  1.68143561e-01 1.52015350e-01 1.11086615e-01 9.34432522e-02
  9.50337512e-02 9.52036999e-02 8.40749264e-02 8.37116651e-02]
 [1.85435942e+00 1.35402657e+00 8.78452651e-01 7.62039583e-01
  7.34331117e-01 6.01171708e-01 4.72387717e-01 4.51997070e-01
  4.15852816e-01 3.31784544e-01 2.86244363e-01 2.62229480e-01
  2.32016733e-01 1.83332294e-01 1.76693274e-01 1.58923912e-01
  9.03618822e-02 1.20257033e-01 9.77514292e-02 8.34362592e-02
  7.55534475e-02 5.55574119e-02 5.09645746e-02 6.99878633e-02
  4.54326218e-02 3.60935208e-02 3.75195345e-02 3.15843269e-02
  3.21799649e-02 1.14046830e-02 3.92869580e-02 2.54071332e-02
  2.18575586e-02 3.14966887e-02 1.31312542e-02 1.06533992e-02
  1.46085608e-02 7.32062546e-03 6.90329044e-03 2.78332299e-03]]
