args:  Namespace(attack='fgm', ndim=1)
elapsed time: 6512.115428676
test_losses: [[-0.26278837 -0.36602666 -0.46926494 -0.47865024 -0.52557674 -0.56781058
  -0.55373263 -0.56781058 -0.61942973 -0.61473708 -0.64289297 -0.67574152
  -0.65697092 -0.66166357 -0.66635622 -0.66635622 -0.65227827 -0.67104887
  -0.68043417 -0.67574152 -0.67574152 -0.68512682 -0.68043417 -0.68981947
  -0.69920477 -0.69920477 -0.70389742 -0.70389742 -0.70389742 -0.70389742
  -0.69920477 -0.70389742 -0.69451212 -0.69451212 -0.70389742 -0.69920477
  -0.70389742 -0.70389742 -0.70389742 -0.70389742]
 [-0.22432025 -0.39733947 -0.45371414 -0.51705249 -0.5260767  -0.55336044
  -0.60159809 -0.58515963 -0.60311132 -0.63545468 -0.6538107  -0.66832425
  -0.66877948 -0.65051919 -0.66884323 -0.69208717 -0.70389742 -0.68743906
  -0.69197965 -0.69920477 -0.6922118  -0.69651863 -0.69451212 -0.68514751
  -0.68512682 -0.68512682 -0.69880453 -0.69920477 -0.69194075 -0.70389742
  -0.70134876 -0.69920477 -0.70389742 -0.69651415 -0.70389742 -0.69920477
  -0.70389742 -0.70389742 -0.69684086 -0.70389742]
 [-0.27017148 -0.32823375 -0.41763339 -0.48522762 -0.5210233  -0.59503541
  -0.52917716 -0.56871027 -0.63064237 -0.58286345 -0.5988228  -0.63731554
  -0.6500787  -0.63279707 -0.65842338 -0.67298382 -0.68352537 -0.67006445
  -0.66427701 -0.69179651 -0.69816045 -0.68546316 -0.69920477 -0.68512682
  -0.70176892 -0.68063637 -0.70134176 -0.70152573 -0.69873832 -0.69683626
  -0.69788804 -0.70124728 -0.69787128 -0.70389742 -0.70389742 -0.70162131
  -0.70182912 -0.70156443 -0.70389742 -0.70389742]
 [-0.27898119 -0.37329939 -0.45837204 -0.45169108 -0.45173604 -0.56782664
  -0.58804743 -0.57671282 -0.59047587 -0.59242233 -0.63620007 -0.65092289
  -0.65529907 -0.66310372 -0.68509832 -0.65819514 -0.66710003 -0.66888657
  -0.69920477 -0.68478138 -0.6793189  -0.68766963 -0.6840153  -0.70075587
  -0.67348294 -0.70065222 -0.69977929 -0.69088854 -0.70389742 -0.70389742
  -0.6966672  -0.70389742 -0.69503584 -0.69221516 -0.70152113 -0.69663713
  -0.70389742 -0.70389742 -0.69813705 -0.69684707]
 [-0.29685034 -0.31975303 -0.41174212 -0.49215584 -0.49012139 -0.53040846
  -0.56314843 -0.59226728 -0.60724518 -0.61099056 -0.65062352 -0.64073186
  -0.64854985 -0.67010614 -0.65843838 -0.67532073 -0.66671012 -0.66546075
  -0.67329204 -0.68522524 -0.69899631 -0.67970008 -0.69430691 -0.69174282
  -0.69516535 -0.68539279 -0.69771698 -0.69649568 -0.70146513 -0.70389742
  -0.70389742 -0.69945661 -0.69920477 -0.69763394 -0.69684482 -0.70389742
  -0.7006522  -0.7017926  -0.70180135 -0.69920477]
 [-0.24949676 -0.36994591 -0.39408999 -0.48171076 -0.50002431 -0.5321163
  -0.59482997 -0.59922484 -0.60775901 -0.60307593 -0.60365557 -0.65324181
  -0.65504026 -0.63391647 -0.67131628 -0.65687496 -0.68789606 -0.6663277
  -0.68515505 -0.68679437 -0.67914579 -0.68292574 -0.68606233 -0.69030525
  -0.69421193 -0.69026017 -0.69920477 -0.69922382 -0.69736751 -0.69862476
  -0.70387847 -0.69712551 -0.70141344 -0.69916733 -0.70192131 -0.70389742
  -0.70389742 -0.69942263 -0.69920477 -0.70389742]
 [-0.27678611 -0.34203992 -0.42818761 -0.46092821 -0.52651796 -0.54960206
  -0.50038609 -0.57559422 -0.58737546 -0.61285158 -0.62411388 -0.63933644
  -0.65812724 -0.64445306 -0.66285278 -0.67995822 -0.67923881 -0.68708087
  -0.66956597 -0.69043769 -0.67550309 -0.67675134 -0.69279397 -0.69221066
  -0.70389742 -0.68458251 -0.69331421 -0.69287511 -0.6903989  -0.69550933
  -0.70389742 -0.69953721 -0.69965006 -0.70194829 -0.69986223 -0.70087974
  -0.70389742 -0.70389742 -0.70221436 -0.70389742]
 [-0.25933787 -0.3746707  -0.42042147 -0.45951282 -0.51450706 -0.47107471
  -0.56367829 -0.57339552 -0.60373274 -0.58921101 -0.61926485 -0.62787293
  -0.61993029 -0.64331358 -0.67009735 -0.66838583 -0.67596211 -0.66062615
  -0.68000483 -0.66405464 -0.69341416 -0.69118853 -0.67779327 -0.6640886
  -0.69697479 -0.69973904 -0.69590767 -0.69000973 -0.68760882 -0.69025956
  -0.69877341 -0.69003259 -0.70181792 -0.69649321 -0.69699049 -0.70131784
  -0.70389742 -0.70389742 -0.70152778 -0.70025646]
 [-0.33229192 -0.36853582 -0.40161417 -0.46844409 -0.46216742 -0.50667476
  -0.58267661 -0.57397403 -0.55753051 -0.60039501 -0.60748682 -0.64945849
  -0.64613057 -0.66813878 -0.66824887 -0.65755666 -0.66917809 -0.68608422
  -0.67862672 -0.67261175 -0.69559409 -0.69358828 -0.69518799 -0.69146524
  -0.69522201 -0.69910092 -0.69754912 -0.68376445 -0.70272216 -0.69951658
  -0.69261225 -0.6943936  -0.70155629 -0.70389742 -0.70389742 -0.70389742
  -0.69699263 -0.70250391 -0.70389742 -0.70389742]
 [-0.24068351 -0.33518964 -0.38459951 -0.45036052 -0.51586345 -0.52612352
  -0.53519168 -0.57762656 -0.58783891 -0.60679521 -0.6176398  -0.63169636
  -0.61746151 -0.67021959 -0.6805859  -0.67431679 -0.66734595 -0.67899644
  -0.66719404 -0.66359854 -0.68095406 -0.67164565 -0.69013596 -0.69268377
  -0.70328197 -0.69470632 -0.69540123 -0.69630528 -0.69417805 -0.69947418
  -0.69663922 -0.69786542 -0.69237153 -0.69911125 -0.70195151 -0.70389742
  -0.70196447 -0.70389742 -0.70138857 -0.70389742]
 [-0.2276327  -0.3870683  -0.41197997 -0.45198663 -0.48085179 -0.4975907
  -0.55330369 -0.5998165  -0.60686828 -0.58368327 -0.58292721 -0.63150064
  -0.63347219 -0.65560611 -0.66060224 -0.67185643 -0.67964371 -0.66408549
  -0.68483796 -0.68457399 -0.68515191 -0.68373639 -0.69460717 -0.69942307
  -0.68137416 -0.69492199 -0.69587194 -0.70051664 -0.7018522  -0.69733556
  -0.70046232 -0.69129554 -0.70177922 -0.69143151 -0.70136943 -0.70389742
  -0.70389742 -0.70190488 -0.70177425 -0.70389742]
 [-0.25588167 -0.32846243 -0.41730897 -0.43401755 -0.50255714 -0.51690544
  -0.51883816 -0.56937227 -0.60561858 -0.59020593 -0.66215681 -0.61231317
  -0.62144899 -0.65631831 -0.65019268 -0.64822229 -0.67027441 -0.67904751
  -0.66671064 -0.68197723 -0.66834792 -0.68801545 -0.68698654 -0.69025699
  -0.69043868 -0.69586425 -0.68891497 -0.69982669 -0.69242765 -0.70156232
  -0.70126931 -0.70389742 -0.69523429 -0.70116273 -0.69960996 -0.69772271
  -0.69752622 -0.7005631  -0.70179648 -0.70189649]
 [-0.26663612 -0.3567343  -0.38619068 -0.45276533 -0.50344751 -0.50186658
  -0.53644557 -0.55575984 -0.59788343 -0.58796482 -0.62446808 -0.61574318
  -0.64224086 -0.64665222 -0.64355273 -0.68197884 -0.66353645 -0.66473796
  -0.67821805 -0.68475322 -0.68496041 -0.68361785 -0.69283879 -0.68241036
  -0.68977447 -0.67928274 -0.6923174  -0.68633936 -0.69681405 -0.70111687
  -0.69988553 -0.69622514 -0.69920477 -0.70145419 -0.70374163 -0.6968763
  -0.70185023 -0.69963104 -0.70145632 -0.70389742]
 [-0.2488315  -0.32237153 -0.36187507 -0.4354507  -0.46060338 -0.48439123
  -0.55228344 -0.483304   -0.56920946 -0.57756752 -0.57078029 -0.61153152
  -0.64362861 -0.64907057 -0.65677821 -0.65397996 -0.67349311 -0.66112784
  -0.66268696 -0.66218999 -0.65971431 -0.67618947 -0.67895488 -0.68815744
  -0.68699747 -0.68732726 -0.68994868 -0.6893379  -0.68647483 -0.69495941
  -0.69102915 -0.68966618 -0.69777828 -0.69460902 -0.70179027 -0.69927678
  -0.70007331 -0.69833232 -0.70276801 -0.7015944 ]
 [-0.26904809 -0.30979779 -0.40300546 -0.42768722 -0.44292304 -0.48394887
  -0.50738078 -0.51361738 -0.58579697 -0.57081755 -0.58855714 -0.59894733
  -0.62140308 -0.64652074 -0.62473257 -0.63630475 -0.64266064 -0.66361528
  -0.65254676 -0.66187543 -0.65446729 -0.66391311 -0.67502424 -0.67230696
  -0.6750113  -0.67804919 -0.6918801  -0.6814943  -0.68887489 -0.69389042
  -0.69095476 -0.69583296 -0.70149348 -0.69770474 -0.68491024 -0.68635337
  -0.69954988 -0.70266564 -0.70138697 -0.70022344]
 [-0.22552409 -0.32407584 -0.32878688 -0.39571442 -0.45304384 -0.47752742
  -0.51698128 -0.51853164 -0.5768575  -0.51344042 -0.56103759 -0.60157527
  -0.59555402 -0.62757491 -0.60616201 -0.63181918 -0.62396316 -0.61771374
  -0.65803159 -0.66305395 -0.65674815 -0.66372454 -0.67726368 -0.67028821
  -0.68240069 -0.68696406 -0.67873162 -0.69121652 -0.6752598  -0.69047441
  -0.69590771 -0.69345322 -0.69438822 -0.69362127 -0.69736838 -0.69666779
  -0.69347368 -0.69778366 -0.69708154 -0.69557931]
 [-0.22142616 -0.25693255 -0.32100599 -0.37841836 -0.42940887 -0.45408178
  -0.48325888 -0.49406547 -0.50551291 -0.55756865 -0.53764454 -0.55050991
  -0.58362239 -0.58800186 -0.58444466 -0.61853486 -0.62799496 -0.64123584
  -0.64511076 -0.65440566 -0.65699724 -0.66667919 -0.66059033 -0.6710076
  -0.66916952 -0.68151423 -0.67745081 -0.67599877 -0.67577574 -0.68448574
  -0.67845579 -0.6772912  -0.68645282 -0.6859921  -0.68943034 -0.69391316
  -0.69670457 -0.6881536  -0.69491193 -0.69989147]]
variance: [[4.26413846e-01 3.61496060e-01 2.75261985e-01 2.66365518e-01
  2.19240666e-01 1.73062715e-01 1.88851743e-01 1.73062715e-01
  1.11778387e-01 1.17569899e-01 8.21601973e-02 3.88449713e-02
  6.38607805e-02 5.76728911e-02 5.14409598e-02 5.14409598e-02
  7.00046280e-02 4.51649865e-02 3.24809142e-02 3.88449713e-02
  3.88449713e-02 2.60728152e-02 3.24809142e-02 1.96206743e-02
  6.58426668e-03 6.58426668e-03 0.00000000e+00 0.00000000e+00
  0.00000000e+00 0.00000000e+00 6.58426668e-03 0.00000000e+00
  1.31244914e-02 1.31244914e-02 0.00000000e+00 6.58426668e-03
  0.00000000e+00 0.00000000e+00 0.00000000e+00 0.00000000e+00]
 [4.25546669e-01 3.23512105e-01 2.70452962e-01 2.18295262e-01
  2.05644535e-01 1.76121285e-01 1.20587481e-01 1.40461561e-01
  1.23212511e-01 9.00651841e-02 6.15657862e-02 4.72056254e-02
  4.63961213e-02 6.96991145e-02 4.31070759e-02 1.48372022e-02
  0.00000000e+00 2.12478904e-02 1.49945577e-02 6.58426668e-03
  1.46634595e-02 8.71643616e-03 1.31244914e-02 1.94867299e-02
  2.60728152e-02 2.60728152e-02 6.62840664e-03 6.58426668e-03
  1.50531888e-02 0.00000000e+00 1.94220625e-03 6.58426668e-03
  0.00000000e+00 8.72359890e-03 0.00000000e+00 6.58426668e-03
  0.00000000e+00 0.00000000e+00 8.23290707e-03 0.00000000e+00]
 [3.72001621e-01 3.57120444e-01 2.85605000e-01 2.27010310e-01
  1.94377167e-01 1.12970739e-01 1.82996091e-01 1.52238731e-01
  8.18279014e-02 1.40221968e-01 1.21039749e-01 8.01780268e-02
  6.36671343e-02 8.25846756e-02 5.38491307e-02 3.64661226e-02
  2.07372864e-02 3.88176255e-02 4.86293746e-02 1.13866708e-02
  3.88122143e-03 2.23705004e-02 6.58426668e-03 2.60728152e-02
  1.35462189e-03 2.89762806e-02 1.95288176e-03 1.68184286e-03
  4.00095855e-03 8.23937210e-03 7.09030356e-03 2.09994401e-03
  5.63016361e-03 0.00000000e+00 0.00000000e+00 1.54901927e-03
  1.27907558e-03 1.62740681e-03 0.00000000e+00 0.00000000e+00]
 [3.27312885e-01 3.02797551e-01 2.35538316e-01 2.43591437e-01
  2.41020140e-01 1.26377435e-01 1.28107017e-01 1.25067387e-01
  1.15939393e-01 1.12406511e-01 6.93421361e-02 4.93419647e-02
  4.93287871e-02 3.91902160e-02 1.37854028e-02 4.34515283e-02
  3.82147884e-02 3.63261756e-02 6.58426668e-03 1.90872314e-02
  1.86846105e-02 1.76336739e-02 1.60170232e-02 1.60448041e-03
  3.22165378e-02 1.84476410e-03 2.64757140e-03 1.16882000e-02
  0.00000000e+00 0.00000000e+00 5.18294547e-03 0.00000000e+00
  9.13557910e-03 1.46589007e-02 1.68837809e-03 8.53140819e-03
  0.00000000e+00 0.00000000e+00 5.45687397e-03 8.22419872e-03]
 [3.11341450e-01 3.18360796e-01 2.69938553e-01 2.11467567e-01
  1.97782117e-01 1.77110760e-01 1.45096725e-01 1.20168131e-01
  9.86024969e-02 9.10245345e-02 4.86019549e-02 5.90553245e-02
  4.80945529e-02 3.59587975e-02 4.67609318e-02 2.82722458e-02
  3.72826595e-02 4.12696508e-02 3.12445889e-02 1.61578490e-02
  2.97277823e-03 3.03440457e-02 1.01265803e-02 1.12155298e-02
  9.03268186e-03 2.24278256e-02 3.86144901e-03 4.74449504e-03
  1.76888721e-03 0.00000000e+00 0.00000000e+00 2.94654966e-03
  6.58426668e-03 6.23086673e-03 8.22735441e-03 0.00000000e+00
  3.14888895e-03 1.32464063e-03 1.31365649e-03 6.58426668e-03]
 [3.32266460e-01 2.67687430e-01 2.36193280e-01 1.96036402e-01
  1.83643888e-01 1.50443691e-01 9.87992859e-02 9.46436599e-02
  9.21516476e-02 1.05189238e-01 1.00624942e-01 4.57066904e-02
  4.71985233e-02 7.25936789e-02 2.83009475e-02 5.34992253e-02
  1.69702631e-02 4.05814794e-02 1.94976228e-02 1.47493631e-02
  2.58519537e-02 1.79232361e-02 1.96839499e-02 1.53192250e-02
  1.00801568e-02 1.24308064e-02 6.58426668e-03 3.25910558e-03
  7.46542329e-03 3.43701564e-03 1.07368331e-07 7.85741888e-03
  1.04501493e-03 3.37549424e-03 1.16759702e-03 0.00000000e+00
  0.00000000e+00 3.00460303e-03 6.58426668e-03 0.00000000e+00]
 [2.98415023e-01 2.52607720e-01 2.22481227e-01 2.15578605e-01
  1.49491043e-01 1.39958496e-01 1.84910559e-01 1.18474559e-01
  1.06252700e-01 7.53384277e-02 7.60385708e-02 5.75387944e-02
  3.96817254e-02 6.00296009e-02 3.61426861e-02 1.44512859e-02
  1.92461791e-02 1.13338817e-02 2.91073072e-02 8.90909925e-03
  2.48882691e-02 2.64918498e-02 1.06158018e-02 1.13828697e-02
  0.00000000e+00 1.75381313e-02 1.00027982e-02 7.18937537e-03
  1.13523325e-02 5.22259498e-03 0.00000000e+00 2.85516869e-03
  2.44225735e-03 1.13592549e-03 2.42856527e-03 1.72550721e-03
  0.00000000e+00 0.00000000e+00 8.46966730e-04 0.00000000e+00]
 [3.17983744e-01 2.61082510e-01 2.24634083e-01 2.06645470e-01
  1.49788667e-01 2.02269892e-01 1.21773481e-01 1.19007416e-01
  1.00452189e-01 9.86165425e-02 8.77882897e-02 5.67038984e-02
  9.14679468e-02 4.62329398e-02 2.85598955e-02 2.76736139e-02
  2.04514425e-02 3.73370302e-02 1.81837737e-02 3.19927509e-02
  9.81834109e-03 7.98414701e-03 2.35976984e-02 4.62337057e-02
  6.39254960e-03 2.57671501e-03 4.63910887e-03 1.27879462e-02
  1.62262335e-02 1.21265247e-02 2.84377223e-03 1.60350154e-02
  1.29296358e-03 5.44548070e-03 4.73683928e-03 1.98960838e-03
  0.00000000e+00 0.00000000e+00 1.26677635e-03 1.98646863e-03]
 [2.74441617e-01 2.55270590e-01 2.38496443e-01 1.96412613e-01
  2.03797889e-01 1.64115911e-01 9.93502252e-02 1.09276922e-01
  1.33469172e-01 8.57942015e-02 9.07803404e-02 5.13333543e-02
  4.59433738e-02 2.15720260e-02 2.63912475e-02 4.21683071e-02
  3.24313092e-02 1.08570922e-02 2.46053591e-02 2.91881952e-02
  7.05958835e-03 6.38448582e-03 5.63883261e-03 1.30074495e-02
  5.58941773e-03 3.42794976e-03 4.00805281e-03 1.68484360e-02
  4.12985777e-04 2.88415677e-03 1.38382289e-02 5.64670546e-03
  1.63877903e-03 0.00000000e+00 0.00000000e+00 0.00000000e+00
  8.02667327e-03 5.80617100e-04 0.00000000e+00 0.00000000e+00]
 [2.94033921e-01 2.53976725e-01 2.39706170e-01 1.95878087e-01
  1.45304903e-01 1.45065624e-01 1.36117193e-01 1.10354547e-01
  9.95823368e-02 7.85762495e-02 6.30897300e-02 6.29801289e-02
  7.83738590e-02 3.12049481e-02 1.63784517e-02 2.86977016e-02
  3.36391196e-02 1.67052565e-02 3.29976072e-02 3.60281937e-02
  1.63782595e-02 2.79407491e-02 1.26146337e-02 1.07514258e-02
  1.13254300e-04 6.00002645e-03 5.37726929e-03 4.58450122e-03
  7.00127854e-03 2.92236790e-03 4.42495993e-03 3.33899327e-03
  1.44543603e-02 3.41328850e-03 1.13218463e-03 0.00000000e+00
  1.11714311e-03 0.00000000e+00 1.88200543e-03 0.00000000e+00]
 [3.22928846e-01 2.42434899e-01 2.15506473e-01 1.91622951e-01
  1.58922640e-01 1.74744464e-01 1.28584994e-01 9.04590289e-02
  8.22966697e-02 1.18714997e-01 1.08076549e-01 5.76909316e-02
  5.86379362e-02 2.98487029e-02 4.20824988e-02 2.76201754e-02
  2.08791740e-02 2.77552537e-02 1.32712465e-02 1.29190520e-02
  1.22542148e-02 1.65028551e-02 9.07752238e-03 3.00785438e-03
  1.80924039e-02 5.97296682e-03 6.68772471e-03 1.73288008e-03
  1.25068829e-03 4.49680458e-03 2.01578897e-03 1.25410282e-02
  1.34153811e-03 1.12326534e-02 1.91082886e-03 0.00000000e+00
  0.00000000e+00 1.18708937e-03 1.34784151e-03 0.00000000e+00]
 [2.68742971e-01 2.70815062e-01 2.07268150e-01 1.93422445e-01
  1.55596216e-01 1.37268013e-01 1.37130284e-01 1.17413442e-01
  8.23392533e-02 8.68546041e-02 3.00920651e-02 7.04197292e-02
  6.06822972e-02 3.13352291e-02 4.70238540e-02 5.16354053e-02
  2.15090162e-02 1.96397740e-02 3.14543130e-02 1.45993181e-02
  2.51947684e-02 9.31084313e-03 1.38982136e-02 9.23283500e-03
  1.24217599e-02 4.95525160e-03 9.45088554e-03 2.47395501e-03
  7.77909069e-03 1.63034752e-03 2.06517006e-03 0.00000000e+00
  1.12606397e-02 1.16372361e-03 2.76139395e-03 3.84433768e-03
  4.03929622e-03 1.83741882e-03 1.31976357e-03 1.19710548e-03]
 [2.70561786e-01 2.35647877e-01 2.17239614e-01 1.77233294e-01
  1.51910830e-01 1.49931985e-01 1.33169483e-01 1.00612956e-01
  7.29813397e-02 8.99803685e-02 6.02109789e-02 6.54765874e-02
  4.89546781e-02 4.53290408e-02 4.77771489e-02 1.37782617e-02
  3.25184937e-02 2.76348066e-02 1.91639438e-02 1.26244313e-02
  1.23632462e-02 1.26639039e-02 7.43112054e-03 1.68939418e-02
  8.55078909e-03 2.64511889e-02 7.28148719e-03 1.17807570e-02
  5.14567755e-03 1.92137736e-03 2.12466285e-03 5.05360202e-03
  6.58426668e-03 1.78483584e-03 7.25616958e-06 4.94596251e-03
  1.25310383e-03 2.72580027e-03 1.78172777e-03 0.00000000e+00]
 [2.36769673e-01 2.00482632e-01 1.96537355e-01 1.74933049e-01
  1.48519373e-01 1.42719839e-01 1.07376108e-01 1.52311685e-01
  9.87082311e-02 8.66019368e-02 8.41510097e-02 5.44267641e-02
  4.89914323e-02 3.94111027e-02 3.75927161e-02 3.74703299e-02
  2.23846459e-02 3.25538969e-02 2.61153950e-02 2.51356573e-02
  3.01794648e-02 1.77467469e-02 1.59997990e-02 1.02871030e-02
  1.03111503e-02 9.85488381e-03 1.20023713e-02 1.02090315e-02
  1.11651867e-02 5.24489701e-03 7.28129715e-03 1.16036424e-02
  3.73098422e-03 5.75884719e-03 1.32758301e-03 3.26097880e-03
  2.26482710e-03 3.26181885e-03 3.81392417e-04 1.58586587e-03]
 [2.08274937e-01 2.07209991e-01 1.51025924e-01 1.59531002e-01
  1.39386243e-01 1.25315478e-01 1.10057919e-01 1.27696915e-01
  6.97547031e-02 8.29646136e-02 7.05986275e-02 7.14758429e-02
  5.65748031e-02 3.09173052e-02 4.72662543e-02 4.24475298e-02
  4.48221061e-02 2.70218246e-02 3.00527278e-02 2.81930812e-02
  4.16806756e-02 2.78475527e-02 1.76549357e-02 1.81174671e-02
  1.86108116e-02 1.85978403e-02 7.67895036e-03 1.52300288e-02
  9.33412826e-03 6.60602972e-03 7.46134901e-03 4.57909957e-03
  1.72789659e-03 3.79816464e-03 1.16710810e-02 1.46402799e-02
  2.83586025e-03 4.53662956e-04 1.35308921e-03 2.01679393e-03]
 [2.07004227e-01 1.92610147e-01 1.81356560e-01 1.74874810e-01
  1.37066106e-01 1.26624267e-01 1.07030679e-01 1.16396656e-01
  7.56203035e-02 1.07187607e-01 8.22937023e-02 6.55041163e-02
  5.99421820e-02 4.61627515e-02 6.64379787e-02 4.03714605e-02
  4.98279244e-02 4.88688660e-02 3.03074926e-02 3.47026471e-02
  3.08932274e-02 2.19622064e-02 1.73279008e-02 2.08446164e-02
  1.32715484e-02 1.43503719e-02 1.52586025e-02 8.08962324e-03
  1.83824288e-02 8.47238840e-03 3.98507300e-03 5.66132712e-03
  6.03358650e-03 6.42515124e-03 4.23173943e-03 4.12919388e-03
  6.47466231e-03 3.29346595e-03 4.64483086e-03 5.17116457e-03]
 [1.98017509e-01 1.70013909e-01 1.68742490e-01 1.51914301e-01
  1.32708464e-01 1.31657106e-01 1.03906934e-01 1.03269765e-01
  1.02890362e-01 7.67413807e-02 9.10503000e-02 8.32258801e-02
  7.12636661e-02 6.02660403e-02 6.24596380e-02 4.68997937e-02
  4.52246812e-02 3.66646399e-02 3.29608298e-02 2.77500163e-02
  2.60013498e-02 2.11831528e-02 2.53471518e-02 1.66352315e-02
  2.13237527e-02 1.38129391e-02 1.58799020e-02 1.48509684e-02
  1.62389945e-02 1.11229695e-02 1.72202670e-02 1.58187708e-02
  1.16197840e-02 1.01631764e-02 7.70609485e-03 5.61585948e-03
  4.16723482e-03 9.53452057e-03 4.48754695e-03 2.39225730e-03]]
