args:  Namespace(attack='fgsm', ndim=10)
elapsed time: 7018.759031973
test_losses: [[ -4.59000254  -5.7580558   -6.62812978  -7.23274482  -8.11567844
   -8.63815785  -8.81656347  -9.31503962  -9.71977755  -9.85770486
   -9.98843768 -10.26989646 -10.17666654 -10.42031369 -10.57473743
  -10.65510244 -10.88207137 -10.75303387 -10.78526812 -10.90966812
  -10.91552439 -10.94800496 -11.00970716 -11.00023623 -11.018823
  -11.07910822 -11.09784409 -11.02285698 -11.07827729 -11.11492442
  -11.11481488 -11.09025257 -11.10424484 -11.11972648 -11.14606662
  -11.13929042 -11.11331412 -11.13112803 -11.13775435 -11.12959408]
 [ -4.06048977  -5.59285961  -7.1138283   -7.77523805  -8.06343103
   -8.69838085  -9.14216217  -9.5728676   -9.72246208  -9.95683463
   -9.97142248 -10.30858071 -10.2939196  -10.46777148 -10.57902651
  -10.54949735 -10.76191157 -10.73527535 -10.79832368 -10.88170828
  -10.90346988 -10.88200718 -11.00923094 -10.92647554 -10.88358775
  -11.02586889 -11.03761215 -11.01190797 -11.0773986  -11.03924262
  -11.09507587 -11.0669821  -11.09375112 -11.11006134 -11.13583046
  -11.1311017  -11.11595114 -11.11468708 -11.13252174 -11.11728196]
 [ -4.43600362  -5.68729117  -6.68150974  -7.32613584  -7.9793614
   -8.77698192  -8.82234656  -9.20159219  -9.73301722  -9.76351035
   -9.87135323 -10.07806461 -10.28502503 -10.48992747 -10.43981902
  -10.47068164 -10.55860683 -10.6113342  -10.64027418 -10.69029815
  -10.81704539 -10.84045749 -10.81275722 -10.85662436 -10.8307977
  -10.93464773 -10.98696012 -10.97542528 -11.00619121 -11.02669088
  -11.03824415 -11.0076438  -11.08321025 -11.06823055 -11.10695965
  -11.08706484 -11.07605443 -11.10450791 -11.11169135 -11.09655417]
 [ -4.12586683  -5.59949847  -6.75151281  -7.40797327  -8.09110055
   -8.40471145  -8.70522724  -9.02072817  -9.25307915  -9.59991624
   -9.88724408  -9.95622573  -9.90353943 -10.23853782 -10.33960162
  -10.28307609 -10.34857006 -10.52533178 -10.53543658 -10.54731487
  -10.54049239 -10.75160444 -10.77539837 -10.69247042 -10.72881135
  -10.77374852 -10.80835831 -10.88242285 -10.91669247 -10.90490355
  -10.89806541 -10.94530029 -10.96693081 -10.99713539 -10.98307116
  -10.98002755 -10.99180071 -11.05631476 -11.03830971 -11.0422539 ]
 [ -4.43272084  -5.53179471  -6.50124788  -7.46185362  -7.77151862
   -8.19165049  -8.81840621  -9.11206926  -9.23086805  -9.28182856
   -9.52426761  -9.69530548  -9.78965235 -10.05261618 -10.03511513
  -10.14163424 -10.150161   -10.18264512 -10.33483352 -10.35257622
  -10.40236568 -10.58144029 -10.57838549 -10.59415353 -10.63333344
  -10.65083523 -10.70486957 -10.67061167 -10.7471134  -10.79426743
  -10.77339326 -10.77179864 -10.88448128 -10.88891613 -10.87749044
  -10.94910586 -10.92748488 -10.95084758 -10.97382596 -10.93363679]
 [ -4.14102725  -5.55556179  -6.74041426  -7.45945056  -7.71756287
   -8.3774152   -8.55501381  -8.7806531   -9.04957407  -9.23461321
   -9.28831224  -9.55088215  -9.60919163  -9.93933789  -9.95489719
   -9.95658328 -10.0976173  -10.10986115 -10.25064093 -10.22919385
  -10.29437725 -10.36953112 -10.46610666 -10.52890901 -10.50377253
  -10.57413243 -10.65016809 -10.68286946 -10.75713207 -10.70958073
  -10.79546883 -10.7622415  -10.7593208  -10.85432385 -10.85713165
  -10.82240765 -10.88091652 -10.9145551  -10.88316935 -10.91051705]
 [ -4.12333043  -5.37436225  -6.62278568  -7.22420131  -7.89092393
   -8.30738804  -8.58038951  -8.81420644  -8.95651076  -9.19854597
   -9.37602912  -9.51970212  -9.6417872   -9.66965712  -9.80445557
   -9.9278506   -9.97288582 -10.13283449 -10.13093749 -10.2860668
  -10.22414864 -10.30901347 -10.35206256 -10.47694503 -10.46041035
  -10.50310028 -10.55351181 -10.58290273 -10.58296851 -10.56557091
  -10.65613628 -10.73211549 -10.76137328 -10.74439386 -10.77724686
  -10.78945175 -10.77622922 -10.79336222 -10.8391232  -10.84617422]
 [ -4.2877554   -5.66358016  -6.49363658  -7.13414381  -7.90335726
   -8.13195397  -8.45009631  -8.85377788  -8.68910013  -9.10545192
   -9.19937795  -9.5245489   -9.44451191  -9.72316238  -9.58996955
   -9.92682823  -9.86844074 -10.03388364 -10.0862595  -10.07703014
  -10.191332   -10.28711098 -10.27589247 -10.29316858 -10.37588877
  -10.3669574  -10.40678226 -10.40187051 -10.53302784 -10.4826016
  -10.60378362 -10.55891359 -10.60293341 -10.6698397  -10.69027309
  -10.67446929 -10.76349707 -10.70800372 -10.76814518 -10.76085775]
 [ -4.24312954  -5.559872    -6.21661813  -7.04345753  -7.35113641
   -7.8404569   -8.31981592  -8.62451477  -8.81006584  -8.82738757
   -9.14211971  -9.38677602  -9.32652043  -9.51500511  -9.54698542
   -9.81890056  -9.88452627  -9.71628707  -9.88129849  -9.880144
  -10.01050097 -10.11258893 -10.09135621 -10.24002354 -10.26496823
  -10.11761812 -10.23528862 -10.21907758 -10.38023643 -10.32293677
  -10.44092473 -10.3708667  -10.50485406 -10.58729826 -10.52910001
  -10.53793108 -10.51516669 -10.53373931 -10.61487289 -10.71231801]
 [ -4.10532367  -5.71210118  -6.38058566  -7.1123283   -7.56452918
   -7.96406905  -8.02301898  -8.38863343  -8.52703402  -8.86313967
   -8.95800525  -8.96581316  -9.06392095  -9.32304881  -9.38188818
   -9.46587681  -9.57060437  -9.60614347  -9.59894341  -9.82025454
   -9.78735993  -9.85112475  -9.81113283  -9.89938434 -10.06684423
   -9.99852467 -10.16475855  -9.94610911 -10.19060842 -10.21217497
  -10.26151913 -10.22764437 -10.24012062 -10.32824524 -10.2439686
  -10.32703441 -10.38714042 -10.2630001  -10.29087425 -10.41477129]
 [ -4.24069257  -5.44517346  -6.22548394  -7.19840217  -7.29972428
   -7.77643292  -8.2044289   -8.21679745  -8.59372066  -8.57774457
   -8.84895127  -8.9061883   -8.88623266  -8.99232678  -9.11235186
   -9.28098477  -9.19787939  -9.36201794  -9.32142443  -9.43804504
   -9.56800734  -9.70620495  -9.65671794  -9.77132036  -9.75059916
   -9.63008828  -9.72125577  -9.94462474  -9.82669191  -9.68960245
   -9.96365745  -9.93791822  -9.83613983  -9.97589538  -9.88835094
   -9.92726632 -10.02973871  -9.98625207 -10.0687282  -10.02171751]
 [ -4.05163054  -5.48356812  -6.42164203  -6.7186836   -7.27139566
   -7.57948188  -7.85607179  -7.81973712  -8.1521852   -8.40337743
   -8.44707898  -8.62385321  -8.623361    -8.67005639  -8.78457692
   -8.85049426  -8.91418396  -9.1203886   -9.1230632   -9.11783982
   -9.14206652  -8.99765619  -9.2907515   -9.29123889  -9.30082069
   -8.98811272  -9.49864901  -9.2150985   -9.31772108  -9.46555212
   -9.20305153  -9.2523129   -9.51475324  -9.34970832  -9.33618477
   -9.31212951  -9.24314384  -9.37584211  -9.31442658  -9.53505596]
 [ -4.44200274  -5.23237027  -6.55629741  -6.71576787  -7.14196569
   -7.5400617   -7.75874669  -7.8759077   -8.11656489  -8.3091741
   -8.22565869  -8.0934347   -8.26451041  -8.54253897  -8.42612741
   -8.34383496  -8.80002669  -8.33012405  -8.55328905  -8.57693276
   -8.54476342  -8.54848089  -8.64887518  -8.78568624  -8.51882296
   -8.66391032  -8.42335713  -8.78941415  -8.35107709  -8.77428287
   -8.43259341  -8.51364042  -8.42127061  -8.65838408  -8.47707982
   -8.50541517  -8.35661759  -8.66746787  -8.57495725  -8.45348005]
 [ -3.75118664  -5.22833011  -5.89310893  -5.92616134  -5.84638336
   -5.92543054  -6.03166008  -5.87627039  -5.32544224  -5.69039149
   -5.35874849  -5.33088571  -4.96465086  -4.98714247  -4.9031962
   -4.83732668  -4.21544198  -4.31254669  -4.37670147  -3.88844835
   -4.26219207  -4.22209951  -3.85589093  -3.74611009  -3.83558136
   -3.65565328  -3.87427691  -3.63419021  -3.56345426  -3.5519334
   -3.45325005  -3.44299088  -3.57762727  -3.50569583  -3.38509551
   -3.58723269  -3.43433089  -3.46932683  -3.39947978  -3.37424302]
 [ -4.03969418  -4.94551236  -5.16530028  -5.34245025  -5.31818442
   -4.89332476  -4.24651005  -4.09322029  -3.96503033  -3.77012044
   -3.67715584  -3.48941764  -3.30863976  -3.21624678  -3.24769185
   -3.0179373   -2.98308119  -2.94418628  -2.9553279   -2.88576537
   -2.97163198  -2.94021389  -2.81805615  -2.83393792  -2.8712837
   -2.89806429  -2.88140936  -2.89589688  -2.877824    -2.85238511
   -2.88004174  -2.89834598  -2.85890549  -2.92589555  -2.89001749
   -2.9571756   -2.97122756  -2.92418212  -2.93473757  -2.96287327]
 [ -3.74591955  -4.32613767  -4.41713028  -4.17056848  -3.9611598
   -3.46695897  -3.14161891  -2.97847972  -2.81278398  -2.65976828
   -2.71082995  -2.54235955  -2.53826366  -2.54482361  -2.47538381
   -2.61444591  -2.52828388  -2.53487751  -2.46431299  -2.51568069
   -2.489209    -2.43547851  -2.47179891  -2.49595507  -2.46418237
   -2.4803531   -2.56276905  -2.49379912  -2.4924947   -2.47517703
   -2.48535823  -2.50159245  -2.49896628  -2.48666996  -2.51589999
   -2.5343997   -2.59177425  -2.51993713  -2.52770534  -2.58623697]
 [ -3.60496607  -3.45434145  -3.1606072   -2.76910225  -2.42513097
   -2.31950794  -2.18838118  -2.12590981  -2.13125921  -2.12103727
   -2.01804226  -2.0509646   -2.03944824  -2.06732679  -1.9918409
   -2.024514    -2.01110536  -2.04310043  -2.12542817  -2.00416316
   -2.00775399  -2.06349357  -1.99224115  -2.03564026  -2.06369719
   -2.07556813  -1.98493199  -2.02012181  -2.02080987  -2.03685011
   -2.04976481  -1.99963329  -1.9817403   -2.04859886  -1.99189895
   -2.08927584  -2.00287456  -2.04156457  -2.02308915  -1.98255579]]
variance: [[ 9.94985654  9.06563729  8.51213129  8.01725393  6.29585659  5.16764568
   4.49477744  3.56531136  2.65332019  3.10306116  2.61735807  2.1715836
   2.19808601  1.68497313  1.25154077  1.06494415  0.5919983   0.96814042
   0.79662067  0.57821111  0.55783285  0.48983227  0.29351893  0.37196063
   0.28729552  0.16234729  0.1162537   0.29465528  0.17073638  0.07449531
   0.07625102  0.13145499  0.11943117  0.08211686  0.01359303  0.02723079
   0.0966098   0.04958333  0.03410896  0.05662172]
 [10.63326232 10.33617311  7.13332373  6.70231481  6.19127333  5.26689043
   3.99126648  3.09742242  2.70642955  2.36504624  2.50107984  1.38253788
   1.62791803  1.38887607  1.0732566   1.12258725  0.90130391  0.89051329
   0.68455285  0.49482509  0.47500347  0.59254795  0.25519313  0.41427226
   0.5174866   0.22243182  0.21291148  0.28048638  0.13282012  0.21997001
   0.09700887  0.13933601  0.09703755  0.05998647  0.03040117  0.03718504
   0.04921345  0.0606994   0.03389833  0.06534481]
 [10.55486917  7.95838737  7.19998163  6.21620598  5.72341471  4.3209911
   3.62888739  2.78858835  2.55041525  2.27455206  2.06045464  1.67333265
   1.3794186   1.0272497   0.98811662  0.89273116  0.80014276  0.65368576
   0.73318499  0.57154083  0.43793532  0.34498472  0.43290541  0.35723222
   0.49677408  0.23910367  0.18924935  0.22935575  0.17041649  0.17940527
   0.1116877   0.17965043  0.08490767  0.09730172  0.03844418  0.07183029
   0.07828537  0.04883583  0.04401604  0.06218564]
 [ 9.69403975  8.66295709  6.4205103   5.23534473  4.3254695   3.77151519
   3.53380124  3.45585013  2.56860382  2.02739063  1.6889101   1.4216334
   1.5783921   0.99524534  0.95322935  1.06439395  0.95701959  0.62206441
   0.72375681  0.66014588  0.71183724  0.42468962  0.3785307   0.41955385
   0.39994334  0.4282751   0.39239933  0.30931388  0.22544413  0.26722662
   0.26469262  0.2404322   0.19338057  0.12458088  0.15345309  0.1670641
   0.16519015  0.09608356  0.10899353  0.10845281]
 [ 8.86343939  7.02525104  6.43595711  6.07993956  4.45170259  3.79012297
   2.94395311  2.37757463  2.0091838   2.35106049  2.07040302  1.58307579
   1.50293776  1.14094392  1.09602876  0.99499902  0.93849443  0.98025052
   0.83135875  0.83210409  0.67515354  0.51449548  0.54470009  0.53568595
   0.50187881  0.49214856  0.40368334  0.43786266  0.3732997   0.34890385
   0.37424907  0.32591954  0.25162296  0.22704824  0.23115158  0.21612164
   0.19048305  0.21447541  0.16462002  0.19910433]
 [10.34124094  7.69213276  5.85256748  5.27822755  4.03540328  3.75221097
   3.43683596  2.913529    2.47724939  2.01169683  2.06730423  1.60847951
   1.65879291  1.23278797  1.15086163  1.36026098  1.00571786  1.01000585
   0.951744    0.87589184  0.86503516  0.73026145  0.66411568  0.54689617
   0.59777983  0.55021257  0.44804561  0.38520945  0.36191824  0.43280457
   0.31213073  0.40848961  0.31949153  0.29372751  0.25780312  0.29316353
   0.22610148  0.21086417  0.23959157  0.22922937]
 [10.11900081  8.16885462  6.22395198  4.99238314  4.04703962  3.76342302
   2.94259926  2.69224332  2.46953661  2.02732748  1.9484389   1.89929317
   1.59767883  1.54596187  1.25641556  1.30893098  1.11514218  1.01053179
   1.00436067  0.75777219  0.88413414  0.88125803  0.70784151  0.58707201
   0.73273034  0.59179965  0.54078173  0.52120136  0.55753203  0.52944019
   0.44173417  0.39414963  0.33251301  0.3907283   0.28494761  0.3332534
   0.280364    0.30755589  0.21908751  0.25896544]
 [ 9.67700758  7.59858716  6.5814312   5.88062717  4.09660147  3.18012218
   3.02022962  2.50309768  2.65381855  2.61328256  2.02308342  1.70762137
   1.61423504  1.46825395  1.70651297  1.17642681  1.29990051  1.14936576
   0.91880144  1.08676037  0.92791915  0.86928458  0.80331737  0.78942266
   0.67956604  0.76153949  0.59934703  0.67525243  0.4778878   0.70762361
   0.82295468  0.55360036  0.4153851   0.39747767  0.47859659  0.40471425
   0.34242424  0.45554816  0.33012373  0.27636188]
 [ 8.11671221  7.20664776  5.41862921  4.92897184  4.10598595  3.70587633
   2.94393588  2.59420718  2.59088343  3.03081426  2.30017195  1.84873151
   1.76731262  1.89678017  1.60411801  1.38513754  1.23758269  1.57175017
   1.20053269  1.9341151   1.2586201   1.05159733  1.05660351  0.9435814
   0.76825882  1.4903628   1.17492924  1.0302215   0.63971844  1.14536861
   0.47014287  0.72580115  0.64183863  0.90381854  0.96520242  0.55650485
   1.07631451  0.6312618   0.39586914  0.52828145]
 [ 8.05691541  6.38214863  6.25769644  4.70458403  4.71500333  3.66829585
   3.48530372  2.72538208  2.95526064  2.19727907  2.47784067  2.40781512
   2.11814089  2.13864724  1.68960704  2.00272681  1.70514966  1.7108792
   1.79994895  1.51979471  1.90123824  1.66597946  2.1349161   1.6124171
   1.34157307  1.81746263  1.50420173  2.11220518  0.99536021  1.83324486
   1.14544735  1.51220038  1.66640056  1.16831379  1.67886231  1.48544065
   1.48382197  2.18936789  1.78554161  1.68400812]
 [ 8.70805082  6.34241249  5.86384254  4.51574586  3.94522677  3.9085253
   3.62839012  3.22379909  2.50501702  2.79119962  2.90928358  2.69507741
   2.95449375  2.86895866  2.63235404  2.21240898  2.73917985  2.98267649
   2.72163705  2.64504932  2.36838354  2.11163523  2.24658057  2.17532988
   2.2084679   3.10294604  2.69486226  2.02584373  2.58948283  3.56037428
   2.30633872  2.24506531  2.8918985   2.57343049  3.14011199  3.36267999
   3.05376803  2.93922008  2.6454742   2.87010602]
 [ 8.53471647  6.32096471  5.58450937  5.46228801  4.70192678  4.74418596
   3.11574059  3.56426035  3.53219437  3.37938822  3.45977621  2.59429294
   3.77505744  4.41855654  3.14277608  3.49474106  3.60896158  2.79870509
   2.83335679  3.68698911  4.35508506  4.59152226  3.57651583  3.7195652
   3.81591869  5.57880208  3.27366342  5.01296035  4.49997932  3.915111
   5.38414205  5.52759153  4.416636    5.49280191  5.70798423  5.69021758
   5.88424025  4.65036086  5.86548806  5.23068217]
 [ 7.65907531  6.46862478  4.73369814  4.8958136   4.59602091  4.52332821
   4.51347005  4.37308547  2.99868826  3.26275174  4.71494828  4.8401555
   4.46970097  4.77712046  4.93588941  5.12520786  4.23604158  6.2820181
   5.32305465  5.26399101  5.78194194  5.36979329  5.75846444  5.35650061
   6.36212398  6.80155701  7.26080288  5.87953566  7.58161806  6.85270055
   7.83117208  7.70623091  7.70797453  7.33888068  7.93441948  7.85375843
   8.68574656  7.46025214  8.24593583  8.3862923 ]
 [ 8.70068065  6.54704273  5.53824325  6.08681073  5.93807921  6.62621246
   6.47269967  7.5037849   6.37557795  7.27599849  7.49105638  7.48346967
   7.72895591  7.26030934  6.45260445  6.80430237  4.93679166  5.38777111
   5.50486174  3.89054879  5.1113595   4.73555634  3.63669113  3.28814505
   3.73000904  3.04179816  3.42842716  2.64036587  1.9856117   1.60447085
   1.51494693  1.19377421  1.52157327  1.6598125   0.95415969  1.77123941
   1.24075567  1.25138333  1.26382165  0.81078532]
 [ 7.66017901  6.70193047  5.66730159  5.68967354  6.85229604  7.16109559
   5.67926083  5.30139009  5.15273395  4.48980542  4.70986313  3.63663615
   2.99934738  2.76419216  2.75049779  1.56891549  1.33442674  0.96946411
   1.32751676  0.68636217  1.15869518  0.98736671  0.80382011  0.58079523
   0.6750216   0.61386934  0.6443158   0.59722359  0.6686862   0.5582102
   0.51340239  0.56580718  0.49088145  0.50344252  0.49154459  0.51751778
   0.54328294  0.51673173  0.44471892  0.54778755]
 [ 7.61428841  5.75347523  5.78892562  5.61232378  5.07309261  4.56537312
   3.13411779  2.8745688   2.17594596  1.51342537  1.58926132  1.19547539
   1.06518529  0.81299049  0.66194519  0.78582235  0.835156    0.62064028
   0.50881006  0.51108504  0.49713179  0.54733387  0.43598386  0.53601835
   0.48830918  0.4960323   0.44457401  0.50994525  0.46412217  0.49442915
   0.43557592  0.53515771  0.56397662  0.42519428  0.54722825  0.46101324
   0.51577615  0.45698282  0.44450605  0.44150528]
 [ 6.02435351  5.56634658  4.23770223  3.17571988  1.87917772  1.36590849
   1.17688914  0.74947006  0.66615333  0.62906352  0.54424306  0.51555588
   0.48418697  0.52395296  0.46718121  0.4642666   0.41666858  0.41412577
   0.46878232  0.41792437  0.42242391  0.46943303  0.42872499  0.44513611
   0.46882443  0.4132836   0.43896819  0.43087461  0.38321834  0.40991212
   0.43826218  0.40244143  0.40213168  0.33571794  0.40924491  0.37555807
   0.40854179  0.43372247  0.44290659  0.38254465]]
