args:  Namespace(attack='fgm', ndim=7)
elapsed time: 6944.292844521
test_losses: [[-2.64669999 -4.03639149 -4.26486044 -4.99957578 -5.37519887 -5.70146694
  -5.91920665 -6.15615647 -6.365477   -6.62653392 -6.67416991 -6.67889521
  -6.79976225 -6.8843764  -6.91460551 -7.02307315 -7.03508449 -7.0616991
  -7.15982486 -7.10909208 -7.15005837 -7.23077156 -7.25872033 -7.24746902
  -7.26028791 -7.25809361 -7.24647437 -7.29827408 -7.28609576 -7.32396287
  -7.29969911 -7.28647703 -7.32286592 -7.32384072 -7.3255527  -7.34498358
  -7.32912318 -7.33044087 -7.34498358 -7.32296822]
 [-2.79324369 -3.82978129 -4.24897274 -4.92001915 -5.53992752 -5.81906574
  -5.8179279  -6.16466992 -6.5204587  -6.51675284 -6.61435392 -6.62825848
  -6.8605694  -6.90095352 -7.08662745 -6.92691976 -7.10778136 -7.10363816
  -7.10775976 -7.1325146  -7.1507611  -7.11753831 -7.2303856  -7.25888657
  -7.18147071 -7.2499219  -7.23700085 -7.30929296 -7.28804144 -7.30716245
  -7.3247826  -7.27699244 -7.31572071 -7.32210876 -7.31728643 -7.33957458
  -7.34498358 -7.30256627 -7.33895516 -7.34498358]
 [-2.6989311  -3.85806318 -4.41158894 -5.23851994 -5.53109666 -5.67811401
  -5.90839872 -6.10850537 -6.41308488 -6.58703019 -6.57697971 -6.72541022
  -6.66898029 -6.9624381  -6.97501282 -7.07356851 -7.10454946 -7.11619493
  -7.12087378 -7.16000265 -7.13986504 -7.19237091 -7.19057699 -7.29755518
  -7.24418324 -7.26795559 -7.24184909 -7.27880367 -7.32187741 -7.29892595
  -7.30737984 -7.31196592 -7.31162874 -7.34498358 -7.32400979 -7.32924972
  -7.33044087 -7.3366171  -7.32969477 -7.34498358]
 [-2.74618925 -3.77661022 -4.3783329  -5.11032836 -5.5501802  -5.81716046
  -5.79749666 -6.11697865 -6.22143283 -6.48117372 -6.77966974 -6.79260359
  -6.83464423 -6.84227332 -6.94519208 -6.96573863 -7.13143809 -7.10769375
  -7.18701243 -7.08184503 -7.19461169 -7.20313834 -7.19807204 -7.25112998
  -7.26732168 -7.29096013 -7.2255501  -7.24684819 -7.26207693 -7.29083625
  -7.27529713 -7.30265968 -7.30010047 -7.28671954 -7.33780276 -7.32567924
  -7.32036425 -7.32183237 -7.32986475 -7.33957458]
 [-2.52664932 -3.72404051 -4.33641112 -5.22236389 -5.48388988 -5.7733908
  -5.97579934 -6.34603242 -6.23152596 -6.49899345 -6.72311549 -6.74553991
  -6.81936929 -6.81962041 -6.96742438 -7.02988645 -7.00478469 -7.10439673
  -7.08636782 -7.11384174 -7.16262928 -7.20506924 -7.23767635 -7.27459814
  -7.23850356 -7.2798754  -7.29296398 -7.32843751 -7.30402999 -7.31227581
  -7.32065673 -7.29577665 -7.30926359 -7.32567924 -7.30049547 -7.33699011
  -7.34088531 -7.29572836 -7.33073286 -7.33083299]
 [-2.74425033 -3.50371551 -4.56380183 -5.08323329 -5.30766523 -6.00397017
  -5.9867583  -6.06477787 -6.35134732 -6.57883016 -6.6966878  -6.76897709
  -6.80245343 -6.91410777 -6.95423908 -6.90071578 -7.06375419 -7.14451344
  -7.13343995 -7.15599278 -7.14953714 -7.23285943 -7.27241279 -7.24883616
  -7.27692127 -7.28267145 -7.25708371 -7.25559615 -7.30852759 -7.29122031
  -7.32640259 -7.31981024 -7.28385146 -7.32683044 -7.33583323 -7.31962221
  -7.32303552 -7.3307322  -7.32273153 -7.34277671]
 [-2.75497742 -3.59306523 -4.51743359 -4.97007948 -5.65345501 -5.75142515
  -5.99876629 -6.25934664 -6.3104542  -6.50761815 -6.57891516 -6.78806545
  -6.79915576 -6.89430717 -6.9501741  -6.92593809 -6.99195935 -7.08599729
  -7.16403363 -7.18726555 -7.20603937 -7.24134297 -7.27815333 -7.23010019
  -7.21872598 -7.25075688 -7.30784637 -7.30991745 -7.3034602  -7.28838755
  -7.30509757 -7.32943261 -7.31383041 -7.32757751 -7.32957276 -7.32859835
  -7.31796731 -7.33196426 -7.33677956 -7.34451421]
 [-2.7330679  -3.65343788 -4.3148434  -4.98642493 -5.36377268 -5.684783
  -6.05866251 -6.15129784 -6.4034439  -6.48203449 -6.59709791 -6.76282631
  -6.84894046 -6.90189746 -6.96023454 -7.00853117 -7.08525322 -7.10586457
  -7.16978007 -7.17311203 -7.15884346 -7.26071428 -7.23849749 -7.26667172
  -7.25566287 -7.27870617 -7.24407167 -7.27033535 -7.30648798 -7.28904826
  -7.31040839 -7.32151573 -7.33785756 -7.32354434 -7.31843611 -7.31268353
  -7.34498358 -7.34377707 -7.33555864 -7.3361196 ]
 [-2.86093112 -3.8078367  -4.4177834  -4.90964034 -5.54337427 -5.5880888
  -5.97128541 -6.01686847 -6.32328142 -6.59156837 -6.60387366 -6.67529358
  -6.79598776 -6.88714043 -6.83565185 -6.90011063 -7.0513175  -7.17104355
  -7.06238811 -7.17238597 -7.16053555 -7.20804905 -7.21790773 -7.22752007
  -7.26477949 -7.30682191 -7.2365664  -7.29010976 -7.31738263 -7.31360222
  -7.31174139 -7.31224199 -7.33388397 -7.30468804 -7.34327562 -7.31826926
  -7.30979758 -7.3349531  -7.31867537 -7.34413231]
 [-2.58426354 -3.76900555 -4.55005824 -4.99832034 -5.35383516 -5.90317173
  -6.13834219 -6.21374794 -6.43005713 -6.53006117 -6.56165663 -6.79112549
  -6.76424751 -6.85497688 -6.97942149 -6.96163049 -7.05837105 -7.11856593
  -7.05307981 -7.18407881 -7.20258226 -7.15956261 -7.24517597 -7.28104554
  -7.28094055 -7.3039892  -7.28844692 -7.31020338 -7.27575934 -7.31749596
  -7.31612877 -7.30679547 -7.31529054 -7.31882629 -7.30622683 -7.33459777
  -7.31385568 -7.309649   -7.33756623 -7.33860016]
 [-2.73088596 -3.76931916 -4.78364032 -4.92861975 -5.43665871 -5.56116923
  -5.9018319  -6.23039511 -6.40720347 -6.68457551 -6.75230841 -6.72613226
  -6.95164703 -6.90501759 -6.94646847 -6.98168986 -7.08286078 -7.09780442
  -7.1069209  -7.18888485 -7.16197073 -7.2221337  -7.19761494 -7.2308596
  -7.25363487 -7.20692152 -7.20566325 -7.30570158 -7.28891857 -7.29167764
  -7.28606652 -7.31038991 -7.32959867 -7.32384958 -7.34424672 -7.32622115
  -7.3253232  -7.32170342 -7.32560522 -7.34375769]
 [-3.24861819 -3.87883257 -4.43732493 -5.2503564  -5.31473277 -5.73489759
  -5.91211429 -6.25043018 -6.36809625 -6.52288644 -6.55116621 -6.70209136
  -6.8968891  -6.92682861 -6.99505478 -7.00003512 -7.027068   -7.10785367
  -7.1680652  -7.14534314 -7.17349024 -7.19874637 -7.20201878 -7.24047087
  -7.28591415 -7.23695271 -7.30619765 -7.29465903 -7.29956774 -7.30715844
  -7.27298553 -7.32118728 -7.31743218 -7.28615502 -7.32649033 -7.31294186
  -7.32460206 -7.32180201 -7.32606061 -7.33684061]
 [-2.75934925 -3.86188874 -4.5486201  -5.15078435 -5.44369059 -5.74660243
  -5.82838865 -5.96943794 -6.31913176 -6.43551948 -6.63872149 -6.68577613
  -6.84365838 -6.84048995 -6.93071603 -7.09458278 -7.05637814 -7.05460405
  -7.11757424 -7.15090456 -7.17365551 -7.237292   -7.18819481 -7.29082416
  -7.27851825 -7.28792079 -7.264226   -7.29404524 -7.26073342 -7.31543993
  -7.2773025  -7.31147741 -7.32489327 -7.32542031 -7.30841256 -7.3353805
  -7.3255527  -7.33430398 -7.33590616 -7.31110448]
 [-2.81493974 -3.83173475 -4.44753258 -4.95132022 -5.41756742 -5.71905173
  -5.93276487 -6.32867199 -6.30144135 -6.32430595 -6.59056105 -6.67568536
  -6.80667489 -6.90313804 -7.04675001 -6.92061557 -7.02795313 -7.04616958
  -7.15338149 -7.15484097 -7.1281847  -7.25053889 -7.25708096 -7.19126097
  -7.27517102 -7.27090036 -7.28209257 -7.27476611 -7.30173783 -7.29938493
  -7.28031262 -7.30300673 -7.29421498 -7.33282354 -7.33044021 -7.32388169
  -7.32093549 -7.33130197 -7.33905888 -7.33895516]
 [-2.48283089 -3.81310681 -4.46075053 -4.95918857 -5.21280768 -5.89549773
  -5.98372692 -6.16475179 -6.31626192 -6.56157182 -6.61029642 -6.61175827
  -6.75898777 -6.78818168 -6.89904443 -6.94539534 -7.10094804 -7.09012234
  -7.11486699 -7.16390375 -7.16319754 -7.23163249 -7.23951022 -7.21590102
  -7.22506337 -7.26105655 -7.25278058 -7.24330066 -7.30715359 -7.28958112
  -7.31872844 -7.30152183 -7.32921826 -7.31937641 -7.32087917 -7.31811206
  -7.32854569 -7.32977623 -7.32697685 -7.32631419]
 [-2.75026255 -3.72443625 -4.61843574 -4.9673035  -5.31256214 -5.8949283
  -5.83363231 -6.26139233 -6.36257591 -6.49440355 -6.6459378  -6.76983445
  -6.83590002 -6.7685592  -6.94505447 -6.98305969 -6.96604447 -7.05631446
  -7.09908031 -7.14235644 -7.19964009 -7.18153482 -7.24018535 -7.28434583
  -7.26505832 -7.24440118 -7.24467485 -7.28508137 -7.28092378 -7.31803906
  -7.31864389 -7.31255243 -7.32169491 -7.33104364 -7.33391841 -7.33409335
  -7.32480956 -7.32470552 -7.31946415 -7.33609198]
 [-2.80027706 -3.77270127 -4.56359588 -5.03199726 -5.36781893 -5.57693804
  -5.884964   -6.10827538 -6.20768864 -6.32500413 -6.52713587 -6.66845875
  -6.86631732 -6.90587553 -6.90617097 -7.04767452 -7.05671932 -7.01519982
  -7.10101145 -7.0953265  -7.14906864 -7.19985437 -7.20640818 -7.27668781
  -7.2586856  -7.25015786 -7.25333495 -7.24974354 -7.30375545 -7.30095064
  -7.30964835 -7.30290188 -7.30485221 -7.31071708 -7.31799601 -7.33404464
  -7.33082564 -7.33581945 -7.34013527 -7.33576175]]
variance: [[7.22504444e+00 5.07836501e+00 4.63679226e+00 4.20686692e+00
  3.37989682e+00 3.07630187e+00 2.91567902e+00 2.31405364e+00
  1.60691931e+00 1.54510930e+00 1.31640078e+00 1.34930073e+00
  1.05328176e+00 1.00932867e+00 8.65439629e-01 6.13966734e-01
  6.53497360e-01 5.44213506e-01 3.66982706e-01 4.56458619e-01
  3.61589990e-01 2.60868934e-01 1.66835442e-01 1.97385656e-01
  1.61995610e-01 1.82604214e-01 2.32195519e-01 9.26635523e-02
  1.14389789e-01 4.42584698e-02 8.76116651e-02 1.60698199e-01
  8.21726961e-02 4.54633174e-02 3.84708217e-02 0.00000000e+00
  3.74837012e-02 3.15248603e-02 0.00000000e+00 4.87552014e-02]
 [6.83909074e+00 5.94877381e+00 4.78199495e+00 4.77740294e+00
  3.10631511e+00 3.37215191e+00 3.07905026e+00 2.09507426e+00
  1.71805187e+00 1.86377065e+00 1.38923931e+00 1.42674676e+00
  9.62689280e-01 9.47392480e-01 5.22909905e-01 8.83270636e-01
  5.05743780e-01 4.91586806e-01 5.10178986e-01 4.72538177e-01
  3.86276298e-01 5.57768507e-01 2.64461649e-01 2.04349979e-01
  3.33733301e-01 2.10590337e-01 2.61144059e-01 7.57677895e-02
  1.18899273e-01 8.45491175e-02 3.89246644e-02 1.36011301e-01
  6.48247871e-02 3.88361587e-02 5.71058049e-02 8.74791905e-03
  0.00000000e+00 9.00184609e-02 1.08661900e-02 0.00000000e+00]
 [7.02219938e+00 5.73497942e+00 4.55722782e+00 3.42675916e+00
  3.32943344e+00 2.68666709e+00 2.73101277e+00 2.35776638e+00
  1.79451941e+00 1.41584505e+00 1.63296665e+00 1.23568574e+00
  1.31174774e+00 7.33545234e-01 7.97231653e-01 5.04132906e-01
  5.33951922e-01 4.77462941e-01 4.56081281e-01 3.45680658e-01
  3.94429816e-01 3.38478239e-01 2.84059246e-01 8.13492809e-02
  2.06663536e-01 1.58194754e-01 2.04170735e-01 1.32054563e-01
  4.09434268e-02 8.35392634e-02 7.06139968e-02 6.35220092e-02
  6.73496579e-02 0.00000000e+00 4.22502921e-02 3.68856072e-02
  3.15248603e-02 1.67053781e-02 2.38959255e-02 0.00000000e+00]
 [6.82246547e+00 5.60163881e+00 5.64666093e+00 3.65476601e+00
  3.33931487e+00 2.77344420e+00 2.94430689e+00 2.19172061e+00
  2.38392604e+00 1.57056654e+00 1.01689487e+00 9.67288938e-01
  1.03000508e+00 9.67996644e-01 7.11304284e-01 7.91479835e-01
  3.83120724e-01 4.94581600e-01 2.92848305e-01 4.93632321e-01
  2.86390205e-01 2.92290282e-01 2.80228728e-01 1.81256376e-01
  1.59809600e-01 1.13765865e-01 2.33161445e-01 1.86934440e-01
  1.98713273e-01 1.04037761e-01 1.40342629e-01 9.20875350e-02
  8.38632874e-02 1.09532028e-01 1.51833908e-02 3.78736313e-02
  4.92510143e-02 5.31023065e-02 3.41713210e-02 8.74791905e-03]
 [7.06033159e+00 5.21139588e+00 5.28037356e+00 3.54900225e+00
  2.86381915e+00 3.06852126e+00 3.02248099e+00 1.75482672e+00
  1.84171960e+00 1.70425613e+00 1.21707839e+00 1.11856788e+00
  1.10484134e+00 1.15151794e+00 7.39528263e-01 5.78758610e-01
  7.20522307e-01 4.23972179e-01 5.04277260e-01 4.87260805e-01
  3.47761520e-01 2.65836364e-01 1.94945241e-01 1.43540976e-01
  2.47186820e-01 1.19658015e-01 1.25830464e-01 2.86271687e-02
  8.32058737e-02 6.33156612e-02 4.60609148e-02 9.50848472e-02
  6.66022670e-02 3.78736313e-02 8.58498527e-02 1.91047772e-02
  5.02193160e-03 1.02002045e-01 3.02593715e-02 3.03414660e-02]
 [6.67688097e+00 6.32006401e+00 3.85135263e+00 3.39760075e+00
  4.02036797e+00 2.27235202e+00 2.45528875e+00 2.42179468e+00
  1.81908911e+00 1.54621605e+00 1.31913669e+00 1.22909788e+00
  1.06265846e+00 9.00935057e-01 8.70149750e-01 1.02215411e+00
  6.00708387e-01 3.54142787e-01 4.26156350e-01 3.66134795e-01
  4.78294697e-01 2.50213986e-01 1.28313322e-01 1.91308909e-01
  1.20849239e-01 1.15842447e-01 2.11386137e-01 1.52121670e-01
  5.91388869e-02 1.34126269e-01 2.74193712e-02 4.12345478e-02
  1.24522491e-01 3.76003565e-02 1.60266496e-02 4.86503314e-02
  4.30032777e-02 3.02621796e-02 4.90202168e-02 1.45621323e-03]
 [6.09788255e+00 5.44218231e+00 4.53438238e+00 4.07356138e+00
  2.91204222e+00 2.54556667e+00 2.33433956e+00 2.09967167e+00
  1.90857777e+00 1.61540713e+00 1.49859903e+00 1.03867450e+00
  1.02925259e+00 9.21348396e-01 9.24252299e-01 9.61391937e-01
  6.58422626e-01 4.55506903e-01 3.52663733e-01 3.39009461e-01
  2.64902291e-01 1.94951810e-01 1.31127374e-01 2.25279156e-01
  2.55277949e-01 1.91852322e-01 6.57016167e-02 6.57957952e-02
  7.39747325e-02 1.44648362e-01 8.87534370e-02 2.71498146e-02
  5.82394634e-02 2.81110387e-02 3.54363029e-02 3.41613709e-02
  5.00790049e-02 2.07171743e-02 1.85333636e-02 6.58725657e-05]
 [6.51834519e+00 5.78219489e+00 5.23676780e+00 4.19849103e+00
  3.68321187e+00 3.11702036e+00 2.43317393e+00 2.61531753e+00
  1.81930728e+00 1.62877785e+00 1.63913889e+00 1.06250473e+00
  9.74133989e-01 7.70778457e-01 8.12260116e-01 7.53741837e-01
  5.86822851e-01 4.19502897e-01 3.26239158e-01 3.12322842e-01
  3.65303915e-01 1.56513870e-01 1.89752457e-01 1.51627893e-01
  1.82337103e-01 1.33713890e-01 1.78383626e-01 1.49829291e-01
  7.47794378e-02 1.01479207e-01 6.83042777e-02 4.38661794e-02
  1.51832741e-02 4.61166873e-02 4.71880901e-02 6.43576917e-02
  0.00000000e+00 3.14186006e-04 1.35266906e-02 1.22796642e-02]
 [6.28526180e+00 5.19132904e+00 4.78762498e+00 4.33009748e+00
  3.35399039e+00 2.91829981e+00 2.67291860e+00 2.10133189e+00
  1.82950443e+00 1.38996525e+00 1.40128847e+00 1.24340419e+00
  9.92890823e-01 8.02473429e-01 9.71048392e-01 8.23162995e-01
  5.45329858e-01 3.44527799e-01 5.59878863e-01 3.51799950e-01
  3.50415752e-01 2.94777479e-01 2.10567788e-01 2.11664145e-01
  1.73697978e-01 7.13483479e-02 2.09023059e-01 1.18496695e-01
  5.31823126e-02 6.77016156e-02 6.24379167e-02 5.97998176e-02
  2.05763553e-02 8.10981529e-02 6.66859003e-04 5.48421076e-02
  6.79186488e-02 1.76625349e-02 5.15782232e-02 1.90172644e-04]
 [5.87599488e+00 5.34797309e+00 4.51482139e+00 3.71115277e+00
  3.64058509e+00 2.60656580e+00 2.17415965e+00 1.98445888e+00
  1.40900494e+00 1.52132392e+00 1.46460585e+00 1.00762254e+00
  1.10987469e+00 9.35888422e-01 7.14899095e-01 7.64928443e-01
  5.48013203e-01 4.49812567e-01 5.62342839e-01 2.85115127e-01
  2.83517410e-01 3.58683276e-01 1.97997185e-01 1.23929572e-01
  1.28785810e-01 7.44849628e-02 1.12438539e-01 5.39419701e-02
  1.40891337e-01 8.02556845e-02 5.74447601e-02 7.41744899e-02
  5.14775710e-02 5.21623029e-02 7.78032928e-02 1.85862048e-02
  6.92121189e-02 7.47969082e-02 1.64501064e-02 1.21836453e-02]
 [6.00794824e+00 5.86745496e+00 4.22889771e+00 3.89236522e+00
  3.83602073e+00 3.87017350e+00 2.80406476e+00 2.27650479e+00
  1.58028298e+00 1.32210964e+00 1.20888321e+00 1.18122834e+00
  6.66145425e-01 8.38825023e-01 7.90653722e-01 7.37269972e-01
  4.91782507e-01 4.47620757e-01 4.24755277e-01 2.85362692e-01
  4.62942096e-01 2.39631311e-01 2.45672602e-01 2.29945093e-01
  1.93922133e-01 2.89399058e-01 2.74789578e-01 7.25772386e-02
  1.07803136e-01 9.94706679e-02 1.09950182e-01 7.15161921e-02
  2.99064845e-02 3.83945928e-02 1.32444553e-04 3.30861998e-02
  3.88559273e-02 4.56112311e-02 4.12829501e-02 3.45995973e-04]
 [6.03736809e+00 5.27326380e+00 4.62690495e+00 3.62362290e+00
  3.65829189e+00 3.08364992e+00 2.74258341e+00 1.89053768e+00
  1.97939139e+00 1.53537422e+00 1.34038873e+00 1.20028287e+00
  9.51753519e-01 8.09155487e-01 6.52058970e-01 6.17105210e-01
  5.44426674e-01 5.28029351e-01 3.04287451e-01 3.39761330e-01
  2.84604711e-01 2.73040928e-01 2.94679771e-01 2.11235985e-01
  1.43150072e-01 2.12256719e-01 5.61998905e-02 9.11056594e-02
  8.07898352e-02 7.50318642e-02 1.37504366e-01 5.32937238e-02
  3.91206255e-02 1.26498993e-01 3.56153151e-02 6.37701730e-02
  4.14236402e-02 3.83487918e-02 2.81261833e-02 1.91090696e-02]
 [6.29493042e+00 5.25785738e+00 4.38167789e+00 3.70661760e+00
  3.47886155e+00 3.43433126e+00 2.42105992e+00 2.40624602e+00
  1.89761873e+00 1.78489672e+00 1.19395427e+00 1.18329205e+00
  8.18207097e-01 1.06363012e+00 7.47489210e-01 4.64973922e-01
  5.58332620e-01 5.76470876e-01 4.11029747e-01 3.97555945e-01
  3.23828385e-01 2.00593582e-01 3.05902069e-01 8.97298942e-02
  1.17715484e-01 9.54342484e-02 1.52585671e-01 9.85426096e-02
  1.66463032e-01 5.56517521e-02 1.14665889e-01 5.26055000e-02
  3.80621412e-02 3.50406682e-02 6.51076030e-02 1.92804097e-02
  3.84708217e-02 1.69969058e-02 1.62919838e-02 7.31330083e-02]
 [5.93878793e+00 5.75813311e+00 5.04398908e+00 3.80392620e+00
  2.64423590e+00 2.69083851e+00 2.24094161e+00 1.66743962e+00
  1.92744422e+00 1.71062068e+00 1.44440030e+00 1.34459121e+00
  1.05198781e+00 8.13716271e-01 4.96904861e-01 8.56109301e-01
  5.73777665e-01 5.43094831e-01 3.27591838e-01 3.98522640e-01
  3.60782931e-01 1.57449274e-01 1.60014178e-01 2.90053226e-01
  1.12433541e-01 1.24992901e-01 1.15956330e-01 1.20807234e-01
  6.25872907e-02 8.85015956e-02 1.36339469e-01 5.47561197e-02
  1.01620516e-01 2.02297819e-02 3.15276681e-02 3.56779819e-02
  3.94132410e-02 2.86879659e-02 7.85060260e-03 1.08661900e-02]
 [6.09647343e+00 4.54834353e+00 4.48790643e+00 3.64798746e+00
  3.35085350e+00 2.47859366e+00 1.98885690e+00 1.75041535e+00
  1.80306240e+00 1.32924634e+00 1.40065236e+00 1.37839709e+00
  1.07681237e+00 1.03711827e+00 8.31039203e-01 7.94159862e-01
  4.09027092e-01 5.35055194e-01 4.00737313e-01 3.35616139e-01
  3.29794408e-01 1.72902760e-01 1.82786691e-01 2.07525390e-01
  2.18777062e-01 1.62837360e-01 1.45936361e-01 1.89067573e-01
  6.89216561e-02 9.73970894e-02 4.86858579e-02 8.75889170e-02
  1.98909035e-02 4.45260822e-02 3.07230629e-02 3.70880829e-02
  2.60842986e-02 2.82316079e-02 2.91977288e-02 2.61049149e-02]
 [6.17862182e+00 5.31924688e+00 4.47812448e+00 4.00053368e+00
  2.98410987e+00 2.49691514e+00 2.48560723e+00 1.97531928e+00
  1.63847882e+00 1.51879771e+00 1.17340172e+00 1.18347766e+00
  9.00203679e-01 9.69157556e-01 6.78629202e-01 6.84621732e-01
  6.33029957e-01 5.47365863e-01 4.07380330e-01 3.31965009e-01
  2.46785161e-01 2.95500400e-01 2.04467327e-01 8.15091569e-02
  1.51538356e-01 1.73741495e-01 1.75816971e-01 1.08163338e-01
  1.17172258e-01 4.77881380e-02 4.77423612e-02 6.64023957e-02
  4.12152639e-02 1.82061668e-02 1.23701435e-02 1.73556752e-02
  3.65008316e-02 3.61989970e-02 5.28136232e-02 1.93316013e-02]
 [6.33472685e+00 4.57068951e+00 4.05633167e+00 3.53887034e+00
  3.10284616e+00 2.52724653e+00 1.96398262e+00 1.76758189e+00
  1.92746600e+00 1.74893252e+00 1.31971577e+00 1.09829277e+00
  8.43835209e-01 7.55137347e-01 6.78076959e-01 4.22560386e-01
  4.87133837e-01 5.39340461e-01 4.01178184e-01 3.74134278e-01
  3.67241158e-01 2.34101084e-01 2.69592798e-01 1.46570360e-01
  1.23245613e-01 1.42987731e-01 1.51314666e-01 1.60318042e-01
  6.08209207e-02 7.46027442e-02 6.51298239e-02 6.26479344e-02
  7.97558147e-02 5.56048728e-02 4.78317771e-02 1.94745807e-02
  1.78656562e-02 1.09090029e-02 7.02831346e-03 9.97480209e-03]]
