args:  Namespace(attack='fgsm', ndim=5)
elapsed time: 6925.83030349
test_losses: [[-1.88245814 -2.56207625 -3.02791208 -3.27794602 -3.55466406 -3.7391278
  -3.82034198 -3.98043373 -4.22602224 -4.23299144 -4.36629895 -4.40075231
  -4.47562597 -4.492858   -4.52565559 -4.61569123 -4.66881781 -4.64311724
  -4.63554379 -4.64375843 -4.70007985 -4.68810276 -4.72232737 -4.76863934
  -4.7419976  -4.73567138 -4.76825335 -4.76834454 -4.74972504 -4.76525092
  -4.76760577 -4.77566352 -4.77245747 -4.76360828 -4.7985096  -4.78495666
  -4.7985096  -4.7985096  -4.7985096  -4.7985096 ]
 [-1.79590694 -2.52650499 -3.14256338 -3.24975029 -3.49666234 -3.71080868
  -3.94872933 -4.09826477 -4.18896194 -4.18281466 -4.26923876 -4.44948949
  -4.48973557 -4.47983289 -4.54431187 -4.57002338 -4.54487854 -4.65217752
  -4.61990354 -4.68859487 -4.63511587 -4.74752803 -4.7248091  -4.75132477
  -4.7655891  -4.71197438 -4.73585565 -4.75952904 -4.76372903 -4.76682518
  -4.76532497 -4.75337886 -4.78271536 -4.79397142 -4.79286647 -4.78808595
  -4.75923554 -4.79202634 -4.7985096  -4.78183408]
 [-1.87554205 -2.55299227 -2.78040819 -3.32954575 -3.50148216 -3.68368222
  -3.80271077 -4.04886899 -4.12589999 -4.244045   -4.23856824 -4.40149831
  -4.41372337 -4.3437563  -4.5677968  -4.47697886 -4.53561466 -4.5778552
  -4.59614352 -4.60138264 -4.6735726  -4.64954266 -4.67794189 -4.68467382
  -4.70357464 -4.72646605 -4.73612897 -4.71562752 -4.74312069 -4.75921556
  -4.75224144 -4.73062971 -4.7527852  -4.77968154 -4.76464888 -4.77026104
  -4.77074606 -4.75047296 -4.77210661 -4.78162918]
 [-1.95299798 -2.35710182 -2.8817508  -3.2919949  -3.48182698 -3.76149442
  -3.7703382  -3.83725297 -4.0706931  -4.15232341 -4.07012024 -4.22102823
  -4.21892576 -4.3113762  -4.42716513 -4.42728375 -4.40592267 -4.47500754
  -4.5304762  -4.51263825 -4.52517085 -4.53985412 -4.60174301 -4.61741273
  -4.63789752 -4.6528111  -4.64764318 -4.6374693  -4.67312978 -4.68242214
  -4.68985417 -4.67337841 -4.70429962 -4.71603843 -4.70527792 -4.70867867
  -4.73313356 -4.72030123 -4.73340255 -4.74031575]
 [-1.8770046  -2.28824466 -2.82705067 -3.30513989 -3.31575717 -3.51994723
  -3.67586919 -3.84482072 -3.89256599 -4.07314436 -4.08013291 -4.08742016
  -4.16685072 -4.21399104 -4.30554726 -4.37623929 -4.35305386 -4.38611299
  -4.45746122 -4.39961506 -4.51543661 -4.51676188 -4.53559761 -4.5391475
  -4.56495194 -4.5537183  -4.60905962 -4.58137659 -4.60894566 -4.61821349
  -4.61417144 -4.65330175 -4.67807281 -4.65827281 -4.68854008 -4.66240274
  -4.66888462 -4.67753723 -4.71313223 -4.73747814]
 [-2.01588379 -2.26328035 -2.78801344 -3.17346578 -3.29305189 -3.50732173
  -3.63890726 -3.72285604 -3.90633727 -3.87833683 -3.97951729 -4.12347626
  -4.12646176 -4.23580166 -4.19056586 -4.2865686  -4.36514773 -4.38880272
  -4.36675578 -4.40009509 -4.46670101 -4.46292598 -4.49529219 -4.59019576
  -4.51220314 -4.55346079 -4.54224599 -4.52488098 -4.58041266 -4.60277514
  -4.60920268 -4.6493811  -4.6129767  -4.64331352 -4.61978497 -4.60647884
  -4.66297584 -4.65156578 -4.64138843 -4.66535902]
 [-1.69921536 -2.53683584 -2.88808966 -3.12874677 -3.12835066 -3.4476465
  -3.61722265 -3.73393365 -3.79266706 -3.92772271 -3.93310718 -3.95589106
  -4.1053467  -4.14384938 -4.1142155  -4.20702399 -4.34976223 -4.25427777
  -4.30534404 -4.29431999 -4.28136524 -4.41873467 -4.35100874 -4.42365902
  -4.48008547 -4.46673231 -4.45043438 -4.51766359 -4.493236   -4.49663415
  -4.54246172 -4.56676819 -4.57963074 -4.54990288 -4.54579157 -4.6275665
  -4.57395122 -4.63881568 -4.63729295 -4.67264062]
 [-1.84947454 -2.48434662 -2.76650529 -3.1017919  -3.25442996 -3.43354972
  -3.69129865 -3.71532883 -3.67347779 -3.82768343 -3.90546592 -3.95010883
  -4.0119721  -4.02844767 -4.0884139  -4.08337164 -4.20318834 -4.28023025
  -4.26885467 -4.26451922 -4.31689353 -4.31248707 -4.35157492 -4.40053932
  -4.38285462 -4.37895667 -4.42672632 -4.41655212 -4.41669636 -4.489408
  -4.45912871 -4.51668211 -4.51890193 -4.48082035 -4.53249752 -4.56067891
  -4.55697635 -4.56784926 -4.55158217 -4.53307085]
 [-1.72760563 -2.43483298 -2.53568057 -2.92237335 -3.24759657 -3.33681803
  -3.43048781 -3.66962064 -3.79991828 -3.73693683 -3.71625168 -3.91571556
  -3.95385347 -3.98571827 -4.08285726 -4.00957988 -4.12228483 -4.15231602
  -4.12158099 -4.15212488 -4.19705239 -4.23744291 -4.26759012 -4.28753159
  -4.30387738 -4.25622624 -4.39092266 -4.34311614 -4.32901492 -4.38022214
  -4.36294483 -4.42345127 -4.33823727 -4.37097871 -4.48078336 -4.41932137
  -4.43997615 -4.45370639 -4.48265744 -4.43640206]
 [-1.58018478 -2.37011982 -2.74000158 -2.89690901 -3.18613    -3.25713901
  -3.41997057 -3.49868954 -3.67704448 -3.64307763 -3.69063483 -3.78451632
  -3.89660827 -3.7552141  -3.88375302 -3.95850206 -4.01419275 -4.01452056
  -3.92530934 -4.0471303  -4.11121348 -4.13458298 -4.14053757 -4.15425673
  -4.11252072 -4.16444385 -4.29063649 -4.15709322 -4.12746163 -4.19394327
  -4.40111015 -4.25582698 -4.31988393 -4.21789613 -4.17865356 -4.21154417
  -4.30915254 -4.29988364 -4.31482385 -4.34907181]
 [-1.91729222 -2.42480845 -2.74946366 -2.93878845 -3.078557   -3.26829035
  -3.40033308 -3.53116022 -3.5198682  -3.47405406 -3.63215407 -3.72361827
  -3.77969894 -3.71301445 -3.77359661 -3.74806815 -3.85106757 -3.82754081
  -3.81011229 -3.94976942 -3.9560292  -3.93407639 -3.88141045 -4.00373446
  -4.01197899 -4.02489995 -3.93497567 -4.11937194 -3.93867196 -4.05673916
  -4.02876942 -4.0672043  -4.12744279 -4.06656793 -4.06580424 -4.23439682
  -4.10357077 -4.17197279 -4.20035682 -4.04310323]
 [-1.72492025 -2.39721879 -2.67904247 -2.83112274 -3.0988423  -3.17348737
  -3.34030692 -3.25812953 -3.42593845 -3.42366271 -3.49721842 -3.55158896
  -3.58132352 -3.53846605 -3.67745698 -3.58614972 -3.6470914  -3.73448684
  -3.63236825 -3.70546218 -3.69646675 -3.79806219 -3.78765882 -3.71838247
  -3.64566481 -3.85596874 -3.71995708 -3.86455544 -3.79354772 -3.80637822
  -3.76614489 -3.71683572 -3.90309023 -3.85786053 -3.88745685 -3.84934831
  -3.78114814 -3.83877339 -3.820553   -3.89227288]
 [-1.74180172 -2.27582793 -2.6521052  -2.73641592 -2.97433964 -3.25973406
  -3.20227407 -3.27433389 -3.36432638 -3.20944081 -3.3511317  -3.44591025
  -3.41878219 -3.55740055 -3.39318701 -3.43018698 -3.61175698 -3.54859395
  -3.53786874 -3.38154663 -3.49579441 -3.48948893 -3.53795936 -3.55887067
  -3.5102786  -3.42446149 -3.48453218 -3.5075     -3.60282955 -3.44566454
  -3.64406514 -3.49758303 -3.44034729 -3.53080527 -3.53300475 -3.42333567
  -3.52951425 -3.41105042 -3.46296786 -3.63789097]
 [-1.65578952 -2.12676465 -2.40738957 -2.5246978  -2.48885261 -2.551236
  -2.58746349 -2.52254285 -2.46222829 -2.49092589 -2.45375819 -2.29851807
  -2.26341979 -2.34262321 -2.3908399  -2.31804055 -2.27950225 -2.18775949
  -2.13491804 -2.22794648 -2.13093576 -2.03410637 -2.14703298 -2.17622963
  -2.07837511 -2.12652659 -2.07188245 -1.90122122 -1.86932528 -1.92635585
  -1.94649384 -1.97072569 -1.8898945  -1.94920819 -1.90417231 -1.80693002
  -1.86975258 -1.81610835 -1.89859177 -1.83477126]
 [-1.58759116 -2.13885467 -2.15592606 -2.15835346 -2.09982304 -2.03152236
  -1.99074627 -2.02668688 -1.89773355 -1.9065123  -1.75541186 -1.82472941
  -1.73390141 -1.76729673 -1.6055948  -1.75116768 -1.65168642 -1.63109017
  -1.64369265 -1.58870842 -1.58291007 -1.51317132 -1.56019497 -1.57482185
  -1.59478481 -1.57591311 -1.55581954 -1.49205645 -1.49834412 -1.55986192
  -1.51527908 -1.52390776 -1.53415137 -1.51415459 -1.50699486 -1.55141948
  -1.54718876 -1.49103305 -1.59353231 -1.57895331]
 [-1.52587669 -1.76093593 -1.78425455 -1.80334167 -1.86554845 -1.80578846
  -1.66491018 -1.5204701  -1.53414003 -1.54120665 -1.40358008 -1.37561057
  -1.36767977 -1.34542665 -1.35706085 -1.39217689 -1.28202759 -1.38663074
  -1.30794333 -1.33308071 -1.34660768 -1.35413974 -1.35364444 -1.31357907
  -1.30863879 -1.31400543 -1.31328371 -1.36470512 -1.3337104  -1.35320608
  -1.28289278 -1.39616709 -1.29770926 -1.38650552 -1.32099212 -1.30513699
  -1.33792921 -1.34108568 -1.40135139 -1.31692456]
 [-1.50931595 -1.57780795 -1.48054841 -1.37942666 -1.25757671 -1.22824705
  -1.14658445 -1.17766572 -1.17789171 -1.12543695 -1.08440418 -1.09140294
  -1.12078534 -1.07016913 -1.06096604 -1.11344398 -1.02361173 -1.08148158
  -1.12469752 -1.08990558 -1.07476388 -1.09581317 -1.06792901 -1.02291626
  -1.05431246 -1.05498211 -1.09096391 -1.0196486  -1.05615448 -1.12190868
  -1.07563649 -1.09794896 -1.05569323 -1.06884237 -1.01295558 -1.04403007
  -1.05197005 -1.04738195 -1.07428928 -1.0579477 ]]
variance: [[4.06422974 3.63057313 3.15626795 2.47510912 2.34690147 1.88727336
  1.93087444 1.82290442 1.27711258 1.04098556 0.97088759 0.68188442
  0.75416914 0.5272366  0.59095131 0.35169168 0.25059484 0.28175191
  0.34047985 0.29324925 0.16760189 0.2281241  0.15550237 0.05664331
  0.11409508 0.15090964 0.06017692 0.0598712  0.10605037 0.07116621
  0.05951715 0.03862568 0.05258325 0.07571168 0.         0.01885065
  0.         0.         0.         0.        ]
 [3.8247274  3.42575966 2.9210227  2.76743161 2.29082721 1.84732693
  1.47373916 1.23880559 0.91815735 1.13045663 0.93573022 0.62865067
  0.59626934 0.53172628 0.41591648 0.42191203 0.42311864 0.21739535
  0.31514929 0.1596875  0.27303437 0.06831236 0.12142869 0.06354449
  0.05584061 0.18054586 0.10233633 0.05125281 0.03813801 0.05623403
  0.04017772 0.08176929 0.01411577 0.00615792 0.00952164 0.01289168
  0.06091536 0.00731391 0.         0.0347667 ]
 [3.47970088 3.00889362 2.6559327  1.90857702 1.90876052 1.81994006
  1.70701468 1.2440154  1.06826833 0.84623312 0.72719095 0.55042544
  0.46285361 0.58797732 0.28477218 0.46879904 0.31312847 0.2747603
  0.25249168 0.25414151 0.13776848 0.15731563 0.12069355 0.10191896
  0.10739701 0.07742376 0.05471349 0.09371061 0.05575093 0.03669015
  0.04144356 0.07629254 0.05796791 0.01743495 0.02804922 0.02716007
  0.02503418 0.06051266 0.02784992 0.01418384]
 [4.03628216 2.96614817 2.38631178 1.86967555 1.53053839 1.20928713
  1.11736508 1.2012131  0.97673791 0.73219055 0.70857659 0.62103989
  0.65317051 0.49283717 0.36779393 0.35871563 0.3882738  0.33176838
  0.24145857 0.31522153 0.25146308 0.25111504 0.18999173 0.16887293
  0.12209434 0.15450949 0.14073518 0.13991087 0.09829126 0.10402292
  0.10089997 0.10502897 0.07303536 0.06874472 0.07169775 0.06191449
  0.06178819 0.06321968 0.05456852 0.03945577]
 [3.64270217 2.84047926 2.07830304 2.10966974 1.96888215 1.40310225
  1.24627391 1.01005953 1.00957785 0.64282014 0.75503322 0.737097
  0.53685588 0.59909178 0.55385397 0.41629119 0.48472661 0.37984835
  0.30762997 0.44746146 0.22665804 0.27938452 0.19397937 0.19401709
  0.19691586 0.20693212 0.1659924  0.19220635 0.15666632 0.15403279
  0.17777862 0.10197609 0.09638455 0.12411209 0.09055449 0.11616065
  0.11473851 0.09387728 0.05105495 0.03518633]
 [3.54834144 3.07297534 2.51513185 1.89125516 1.70578922 1.29744249
  1.40416414 1.06726945 0.90290146 1.00461079 0.78716397 0.62555165
  0.60022361 0.60076943 0.5564864  0.48003246 0.35317833 0.38490188
  0.42418574 0.37968082 0.3328609  0.32203038 0.26148767 0.16559731
  0.29612851 0.20391604 0.23250884 0.23639393 0.15351635 0.14999296
  0.15299775 0.09694358 0.23416287 0.11501366 0.19133718 0.17741362
  0.13395632 0.14838089 0.1570161  0.10194702]
 [3.91338992 2.40232144 2.32389847 1.68209705 1.91970591 1.42264495
  1.22962679 0.89633967 1.01180892 0.81890676 0.84811767 0.8309327
  0.73997271 0.57576666 0.61687516 0.61086624 0.38660881 0.52685578
  0.45796113 0.45629038 0.53879396 0.42475421 0.37361103 0.32377365
  0.28706086 0.27078047 0.29574999 0.2570431  0.24424269 0.32933183
  0.21833121 0.25312055 0.15797314 0.18383114 0.20776428 0.13778944
  0.21162308 0.12617594 0.14885044 0.11490769]
 [3.75350179 3.00529843 2.21869494 1.83210427 1.76707372 1.59942594
  1.01662714 1.09166561 0.99976147 0.94244321 0.79399692 0.83041
  0.77538649 0.7792861  0.69915848 0.72466985 0.62940611 0.43321914
  0.55110577 0.4978128  0.40255731 0.50433826 0.42017276 0.3653135
  0.45897068 0.43380196 0.32571739 0.39366876 0.36505363 0.30992459
  0.36863523 0.24830492 0.23469507 0.31814373 0.29601066 0.26845521
  0.2215029  0.24602285 0.28986054 0.27085757]
 [3.6461399  2.32343974 2.19705671 1.95694727 1.45062147 1.52260441
  1.30083271 1.11499642 0.92089935 1.06002563 1.02281989 0.86741133
  0.79898837 0.70107833 0.64202574 0.6878609  0.7312875  0.65470267
  0.64632983 0.68350235 0.65003647 0.5427385  0.57455956 0.51884505
  0.53172168 0.64011752 0.37858714 0.52168491 0.61294973 0.4003781
  0.48619568 0.42547948 0.57691133 0.46839845 0.32971471 0.46463636
  0.44422965 0.46770924 0.40884169 0.44738948]
 [2.97641181 2.64939997 2.04432863 2.05902016 1.58872792 1.55056647
  1.19752258 1.28801169 1.16254277 1.11277741 1.09325136 0.94298382
  0.98839276 1.06362841 0.94046935 0.85191378 0.79162471 0.78511534
  0.89108917 0.72925971 0.73543415 0.76631402 0.78580579 0.68050324
  0.76836417 0.82994264 0.51275285 0.7339837  0.90608443 0.62915156
  0.44111858 0.68529969 0.54604471 0.72032919 0.79995346 0.79676065
  0.63955902 0.63693018 0.6808071  0.61157081]
 [3.11103242 2.91547655 2.12879896 1.8406931  1.74657201 1.53274342
  1.3712221  1.12398023 1.32429628 1.29513421 1.11908856 1.13299306
  1.06972708 1.15015318 1.09819477 1.04527747 1.02243937 1.09539766
  1.16206804 0.89864427 0.93884392 0.94315658 1.11569239 0.96212715
  0.93264314 0.87443459 1.11053531 0.87222524 1.10543158 0.9069921
  0.96750453 1.01894497 0.89118538 0.93375495 0.96835416 0.78355714
  0.91628088 0.89523201 0.80552118 1.08325562]
 [3.37704019 2.33815521 1.96297737 1.90594132 1.72020218 1.61111284
  1.48600181 1.35207686 1.23371108 1.3224034  1.16355542 1.2326141
  1.08601954 1.33207472 1.04858792 1.20534217 1.16430064 1.11255522
  1.34647098 1.06188069 1.21105815 1.14223552 1.19971548 1.356341
  1.3215781  1.14198332 1.30426281 1.21143405 1.3290306  1.14140524
  1.25132738 1.28009973 1.23858377 1.33339606 1.22831897 1.28721666
  1.38578228 1.37575739 1.32111076 1.27278714]
 [3.31872358 2.66829709 2.11529909 1.72573232 1.63300863 1.46356377
  1.51511833 1.26078297 1.46718594 1.42919142 1.39455517 1.38629259
  1.46275366 1.34622557 1.40360178 1.37072954 1.28961582 1.35058593
  1.41460938 1.62715554 1.39991697 1.38747033 1.59857425 1.44235678
  1.50250554 1.71794459 1.55224448 1.57718085 1.43709794 1.60991125
  1.44560902 1.66552471 1.50598366 1.58256118 1.49880131 1.70302472
  1.65610063 1.63001016 1.55936474 1.45622484]
 [2.92596953 2.34565994 1.91455325 1.72050305 1.66413487 1.57625236
  1.3791769  1.55654011 1.59787234 1.47950931 1.48399665 1.41631112
  1.1582616  1.46485533 1.54331139 1.42551364 1.33297736 1.23583975
  1.19843285 1.37377866 1.3102002  1.06503508 1.28605922 1.11799111
  0.99765313 1.14082887 0.98335543 0.93009003 0.68624551 0.80952883
  0.93012152 0.96631661 0.77173874 0.75814212 0.73007938 0.64849197
  0.70368955 0.65275084 0.62773445 0.63201884]
 [3.09582613 2.37945565 1.76068382 1.69291503 1.66072415 1.38638873
  1.36052586 1.33188549 1.16339636 1.16612709 0.97702548 0.95153371
  0.84316455 0.7937479  0.67986594 0.81442173 0.6420045  0.64348151
  0.62774775 0.5139668  0.50502826 0.48474831 0.4420204  0.35486653
  0.46438348 0.37984005 0.48439751 0.36462856 0.32532469 0.45173164
  0.29780905 0.31657052 0.34432221 0.34452868 0.3477142  0.33053831
  0.32277238 0.3164971  0.37165376 0.35618541]
 [2.50820567 2.07458908 1.81133652 1.39348955 1.4719147  1.20672392
  1.06789886 0.94739934 0.81569782 0.70911599 0.64536635 0.53748132
  0.57205166 0.44110602 0.45677692 0.46198484 0.38184866 0.42949142
  0.33958801 0.33976451 0.3162124  0.32872932 0.30136126 0.32611598
  0.32669107 0.36631997 0.27409617 0.28299517 0.29896944 0.3042181
  0.25825713 0.33946533 0.28138209 0.30496317 0.26832217 0.28116311
  0.27619233 0.30173216 0.27805612 0.27151799]
 [2.2521841  1.50938594 1.14772104 1.11803785 0.88060797 0.54210845
  0.54963658 0.44316186 0.4420786  0.35472927 0.29764879 0.31691775
  0.33365804 0.29155764 0.27519305 0.28925811 0.24205737 0.23620919
  0.31997825 0.30292546 0.25025668 0.23973897 0.23762139 0.24382688
  0.26177934 0.26276253 0.25266505 0.25001285 0.24230624 0.2714278
  0.24552255 0.275119   0.24674475 0.27255482 0.23805588 0.27428008
  0.25038237 0.21791504 0.24686608 0.26082239]]
