args:  Namespace(attack='fgsm', gaussian=False, l2=0.1, ndim=1)
elapsed time: 1215.2790152
mins: [[2.17172442e-06 9.06981732e-05 1.57559086e-07 6.66089531e-04
  1.05239182e-04 1.07372773e-03 1.34535301e-02 5.90323098e-03
  1.03109959e-03 2.34858990e-02 8.64483975e-03 7.48773590e-02
  7.90860038e-04 1.40857813e-03 3.42646241e-03 2.34116483e-02
  4.66242665e-04 1.06777263e+00 1.18003711e-01 7.57042095e-02
  2.43888497e-02 8.75784957e-04 2.50321049e-02 2.98624882e-03
  2.43344735e-02 1.51166432e-02 1.38433753e-02 8.28987733e-03
  5.51316977e-01 2.10282225e-02]
 [3.79966914e-05 6.47518784e-04 2.67153629e-03 5.79049252e-03
  2.96853110e-02 1.45598513e-03 2.09429348e-03 6.40099309e-03
  1.04125766e-02 4.69703116e-02 4.70425561e-03 1.39415124e-02
  2.13517230e-02 2.47331033e-03 3.88129763e-02 4.28523112e-04
  5.08002285e-03 2.50109792e-01 1.63571653e-03 1.36265010e-01
  1.57072376e-02 3.29238884e-02 3.28130065e-03 2.15623919e-02
  6.19913489e-02 5.49934618e-02 7.72867526e-04 1.65424496e-02
  1.56200025e-02 3.39088440e-02]
 [2.98767227e-05 1.52504002e-03 3.01942765e-03 7.45087396e-03
  1.84568344e-05 3.84292207e-06 1.06297515e-03 2.26343963e-02
  4.47155535e-02 5.51426725e-04 7.63951242e-03 2.03259711e-04
  8.42028239e-04 8.43082526e-05 6.10678131e-03 4.72984929e-03
  2.68554012e-03 7.53945278e-05 1.70827168e-03 3.92677300e-02
  2.90720537e-02 5.50578594e-01 2.14254149e-04 3.97682656e-03
  3.81030738e-02 2.96129435e-02 1.84884220e-01 3.30932147e-04
  4.06396016e-02 7.96651065e-01]
 [1.61147582e-05 3.54458971e-05 2.00612674e-04 1.88709237e-04
  4.12890017e-02 8.15103529e-04 5.84954768e-02 3.30095254e-02
  1.63067062e-03 6.45981729e-03 2.02483311e-03 5.16476994e-03
  9.18850055e-05 1.90542208e-03 4.48618978e-02 6.82972223e-02
  1.55887306e-02 1.25664413e-01 6.77896023e-01 1.98395308e-02
  1.94151085e-02 4.50073835e-03 1.00130832e+00 6.04663566e-02
  6.95272624e-01 8.01532030e-01 1.29795633e-02 9.63826895e-01
  3.15606534e-01 4.39919159e-03]
 [2.11751412e-05 1.06999578e-05 1.02501153e-05 4.94030071e-04
  6.56142311e-06 1.46034465e-04 2.22511720e-02 5.89031260e-05
  8.15381017e-03 1.53529079e-04 3.38492071e-04 1.81060331e-03
  1.67240296e-02 4.26347181e-03 1.84544735e-02 1.55106897e-03
  1.24509089e-01 5.19413035e-04 6.93884119e-03 4.10400964e-02
  9.64801908e-02 9.94481379e-04 1.61314338e-01 2.33696555e-04
  9.46429148e-02 2.10830432e-04 2.31468249e-02 1.04730425e-03
  1.83009468e-02 5.80982529e-02]
 [3.86332658e-06 1.51808071e-03 3.66694912e-05 1.41727478e-05
  1.36454264e-03 9.86430791e-07 1.59718399e-03 5.36612934e-05
  1.27147685e-03 5.78484091e-04 2.63938913e-03 3.76524695e-04
  3.41274193e-03 1.37233146e-04 5.24719199e-03 2.24730279e-02
  4.40006377e-04 3.43594514e-02 7.02861638e-04 7.16204522e-04
  1.76777178e-03 1.68552548e-02 2.22676923e-03 5.29305835e-04
  2.18199417e-02 2.10224360e-01 5.73705533e-04 1.19627057e-05
  3.99131291e-02 1.73875801e-02]
 [1.83998779e-07 8.96172060e-05 1.17847485e-04 6.36765384e-04
  1.11088259e-04 5.22402581e-04 5.74224168e-06 1.14551152e-03
  3.38772428e-04 1.99463131e-04 9.72173410e-04 1.35202566e-03
  4.21186676e-04 7.53832310e-02 1.75888289e-03 2.51432510e-08
  1.46984376e-05 3.17525642e-04 2.53251661e-03 8.92247714e-04
  6.06110543e-02 2.39660330e-02 2.95311020e-06 3.32323834e-02
  4.93500047e-05 3.44079162e-04 1.24986609e-03 6.35438785e-02
  8.56756233e-03 1.16244815e-01]
 [1.42254393e-07 4.00453755e-05 9.64656938e-05 6.07634312e-04
  9.47040692e-03 3.44851753e-03 9.20989551e-03 4.11001791e-04
  1.20828813e-03 1.26976357e-03 5.54472581e-03 3.54443211e-03
  7.82359857e-03 6.74792053e-03 4.82518338e-02 5.13129053e-04
  6.27914196e-05 1.54484983e-03 2.39050202e-03 7.15044269e-04
  9.29912478e-02 6.39448091e-02 1.45510328e-03 2.72657955e-04
  1.91844214e-04 4.09161253e-03 5.11874398e-03 1.15055598e-01
  8.21408757e-05 8.40382203e-02]]
maxs: [[8.63176956e+01 1.88810684e+02 5.95918701e+02 4.75718323e+02
  7.61225952e+02 8.17132446e+02 1.11578589e+03 1.49850854e+03
  1.55693079e+03 2.34626392e+03 2.73724854e+03 3.34064478e+03
  4.84618066e+03 4.33746436e+03 4.05660303e+03 5.88919336e+03
  6.23701123e+03 7.69734521e+03 5.75326807e+03 8.47537109e+03
  8.21180273e+03 8.75926172e+03 8.81434375e+03 1.10124648e+04
  1.27366260e+04 1.25489570e+04 1.26297012e+04 1.39991650e+04
  1.59590449e+04 1.56673408e+04]
 [1.60285233e+02 1.56960190e+02 4.62519562e+02 8.28766541e+02
  6.09909912e+02 1.32181421e+03 1.38200220e+03 1.67576270e+03
  2.08442822e+03 3.48371997e+03 2.39449902e+03 3.50348462e+03
  4.09528906e+03 5.03208105e+03 4.78563232e+03 6.16684668e+03
  6.55931250e+03 8.65860645e+03 5.48507568e+03 8.51043652e+03
  9.76620410e+03 8.56605664e+03 9.87873145e+03 1.32153467e+04
  1.17553877e+04 1.17124902e+04 1.48798447e+04 1.42058574e+04
  1.71308828e+04 1.76534824e+04]
 [1.10268265e+02 3.02838013e+02 8.44508301e+02 9.19118896e+02
  1.46608350e+03 1.50487781e+03 2.52002539e+03 2.54711792e+03
  3.22369653e+03 5.93061768e+03 6.22901172e+03 5.92156445e+03
  4.90086133e+03 6.43684863e+03 7.95671631e+03 8.12975439e+03
  9.92305273e+03 9.45645508e+03 1.32932451e+04 1.47347305e+04
  1.40317822e+04 1.42239463e+04 1.55150928e+04 2.18663301e+04
  1.59588477e+04 1.98119297e+04 2.35582559e+04 2.28558770e+04
  2.73857598e+04 3.09205898e+04]
 [1.49581528e+02 5.98587708e+02 8.17024475e+02 1.11879065e+03
  2.12533521e+03 1.97142749e+03 3.46897632e+03 2.99700659e+03
  3.59251074e+03 4.14581299e+03 4.09647949e+03 7.44285547e+03
  7.02176367e+03 6.94728271e+03 9.56474023e+03 9.75433789e+03
  1.31970625e+04 1.16731934e+04 1.28468164e+04 1.44940879e+04
  1.90628105e+04 2.17235742e+04 2.17723730e+04 1.89160996e+04
  2.43626016e+04 2.83460918e+04 2.65011367e+04 2.38697695e+04
  3.37324492e+04 3.74392617e+04]
 [3.66307220e+02 7.02707031e+02 1.10368201e+03 1.92423340e+03
  2.42452051e+03 2.54816895e+03 3.31895068e+03 4.03119043e+03
  5.28240186e+03 6.82325830e+03 9.99088477e+03 1.15612686e+04
  1.02264834e+04 1.21083164e+04 1.51082900e+04 1.44017637e+04
  1.77621582e+04 2.39737070e+04 2.25686641e+04 3.32653984e+04
  2.48671172e+04 2.73098750e+04 3.73051875e+04 3.75248438e+04
  3.59542930e+04 4.16102070e+04 4.64922461e+04 5.08073164e+04
  4.51146094e+04 5.21663164e+04]
 [1.64672302e+02 5.45977295e+02 1.16802966e+03 1.45665747e+03
  3.33651001e+03 3.38989697e+03 4.88063477e+03 5.99689453e+03
  8.50892480e+03 1.15148584e+04 9.28030957e+03 1.15416963e+04
  1.39548096e+04 1.29240811e+04 1.74522227e+04 2.23283008e+04
  2.30986152e+04 2.70084082e+04 2.46672656e+04 2.59130684e+04
  3.64734375e+04 3.29551289e+04 3.62641445e+04 3.86388867e+04
  4.25821836e+04 5.20129062e+04 5.66388164e+04 5.56509648e+04
  6.66353125e+04 5.50647266e+04]
 [2.27995865e+02 7.10433838e+02 1.78595874e+03 2.81739941e+03
  3.76544995e+03 5.17886084e+03 6.36895752e+03 7.87895996e+03
  1.00026221e+04 1.19189941e+04 1.72990430e+04 1.57825947e+04
  1.75016816e+04 2.24653633e+04 2.53363125e+04 2.52453906e+04
  3.15602949e+04 3.66817031e+04 3.79861836e+04 4.24891562e+04
  3.89374336e+04 4.91698789e+04 5.98232500e+04 6.41238555e+04
  5.87205312e+04 6.46874258e+04 6.60972969e+04 8.59476172e+04
  7.72047422e+04 8.59933438e+04]
 [3.84656860e+02 8.16624634e+02 1.90318140e+03 2.84291260e+03
  5.37286377e+03 5.16830078e+03 9.56381641e+03 1.11621240e+04
  1.30051025e+04 1.57855635e+04 2.02165020e+04 2.24805547e+04
  2.50616934e+04 3.21512422e+04 3.87661211e+04 2.93397871e+04
  3.92476719e+04 5.73329609e+04 5.58577461e+04 6.25874453e+04
  5.97256211e+04 6.55382188e+04 6.25092812e+04 7.74528359e+04
  7.85287812e+04 9.07324922e+04 1.03374758e+05 1.06993320e+05
  9.70577031e+04 1.67132344e+05]]
test_losses: [[6.23162405e+00 1.68810803e+01 3.84859548e+01 5.37258620e+01
  1.00321737e+02 1.45010272e+02 1.70258358e+02 2.41457320e+02
  2.96202821e+02 3.67979495e+02 4.20294473e+02 5.96607125e+02
  6.68737555e+02 7.25492625e+02 8.67110312e+02 9.77408745e+02
  1.14536871e+03 1.24519910e+03 1.49444202e+03 1.40423102e+03
  1.55153275e+03 1.68133706e+03 2.07086036e+03 2.17403951e+03
  2.51779951e+03 2.25824341e+03 2.70127567e+03 2.88864610e+03
  3.24134006e+03 3.29480176e+03]
 [6.39369050e+00 1.65111485e+01 4.04133375e+01 8.36073968e+01
  1.11526613e+02 1.46787699e+02 2.17508755e+02 3.12156935e+02
  3.48103000e+02 4.40828732e+02 4.99130879e+02 6.74851233e+02
  7.20193105e+02 9.38447677e+02 9.95037160e+02 1.14009972e+03
  1.27091644e+03 1.31004734e+03 1.43908332e+03 1.79544823e+03
  1.99034359e+03 1.99320568e+03 2.08157732e+03 2.71116845e+03
  2.50406518e+03 2.75509559e+03 3.08851148e+03 3.67473162e+03
  3.45945988e+03 3.92298086e+03]
 [6.64015467e+00 2.54551193e+01 6.10049596e+01 9.95521068e+01
  1.57048249e+02 2.36813437e+02 2.99490097e+02 3.79670286e+02
  4.79347312e+02 6.57773639e+02 6.63216635e+02 9.39933504e+02
  9.65194706e+02 1.30443090e+03 1.31266216e+03 1.65862630e+03
  1.79879044e+03 1.96497613e+03 2.26640136e+03 2.36582081e+03
  2.76204757e+03 2.75970841e+03 3.05334557e+03 3.05069374e+03
  4.07207906e+03 4.26406354e+03 4.23627178e+03 5.11533588e+03
  5.38824550e+03 5.97230063e+03]
 [8.28536533e+00 3.50404684e+01 7.58308317e+01 1.21178828e+02
  1.92773377e+02 2.46409318e+02 4.04965774e+02 4.63594953e+02
  6.31425895e+02 7.25783791e+02 8.77430875e+02 1.13786257e+03
  1.18000927e+03 1.23243878e+03 1.67692385e+03 1.87340964e+03
  2.36269330e+03 2.30176318e+03 2.62052125e+03 2.56815862e+03
  3.30529438e+03 3.05722072e+03 3.92056659e+03 3.96823663e+03
  4.38572953e+03 5.15003270e+03 5.69498859e+03 4.89685700e+03
  6.98775486e+03 6.42502776e+03]
 [1.38209881e+01 5.03521898e+01 1.00514380e+02 2.29566880e+02
  3.11280361e+02 4.67944699e+02 5.83451279e+02 6.15802319e+02
  9.63561846e+02 1.15223085e+03 1.31080090e+03 1.63736260e+03
  2.34052268e+03 2.32636735e+03 2.31780616e+03 3.19134527e+03
  3.02712850e+03 3.12960156e+03 3.93834937e+03 5.29529908e+03
  4.48708342e+03 5.97864087e+03 6.24483382e+03 6.65561648e+03
  7.63566074e+03 7.44187037e+03 9.35040393e+03 8.14798122e+03
  1.06444288e+04 9.93464518e+03]
 [1.40751273e+01 6.27168720e+01 1.26625341e+02 2.29770716e+02
  3.71737679e+02 5.31405641e+02 7.50990976e+02 8.79241081e+02
  1.13397190e+03 1.41131328e+03 1.64432105e+03 1.97589170e+03
  2.34556727e+03 2.36380770e+03 2.87751284e+03 3.81703246e+03
  4.50414452e+03 4.11752031e+03 4.92994817e+03 5.36084610e+03
  6.08287984e+03 7.31442688e+03 7.45760720e+03 7.90978101e+03
  8.57794623e+03 8.47598337e+03 1.00249162e+04 1.13120616e+04
  1.24198098e+04 1.15020320e+04]
 [2.03475863e+01 8.35885831e+01 1.79554476e+02 3.01460195e+02
  5.29192872e+02 8.06145371e+02 1.02153271e+03 1.26738571e+03
  1.80463415e+03 1.96783363e+03 2.43016985e+03 3.01293560e+03
  2.78732691e+03 3.66517844e+03 4.23962584e+03 5.07715411e+03
  5.93075560e+03 6.27211767e+03 7.27780670e+03 8.08273648e+03
  7.40449109e+03 1.01024784e+04 9.38453479e+03 1.16178300e+04
  1.26566459e+04 1.23353316e+04 1.47093080e+04 1.27923865e+04
  1.51281281e+04 1.74304937e+04]
 [3.11415509e+01 9.70578602e+01 2.06584444e+02 4.18753190e+02
  7.44533241e+02 8.53928924e+02 1.29373548e+03 1.63190770e+03
  2.34716129e+03 2.52552694e+03 3.38133395e+03 3.75814483e+03
  5.34603358e+03 6.56068611e+03 6.54758081e+03 5.67427922e+03
  7.25817589e+03 8.95569275e+03 8.11466671e+03 1.03694745e+04
  1.13860262e+04 1.15516608e+04 1.24512472e+04 1.28073541e+04
  1.78349430e+04 2.09375460e+04 1.74432172e+04 1.85946401e+04
  2.24048585e+04 2.41301791e+04]]
