args:  Namespace(attack='fgsm', gaussian=False, l2=1.0, ndim=1)
elapsed time: 1276.69176576
mins: [[1.48855897e-05 9.78727476e-05 9.16769030e-04 5.32457372e-04
  1.18347023e-04 2.20111734e-03 2.86917742e-02 3.04511836e-04
  1.12882431e-03 6.84383791e-03 5.52440137e-02 1.68407425e-01
  5.27585682e-04 4.35804464e-02 3.37037742e-02 7.90899247e-03
  2.45061945e-02 5.36145316e-03 3.13436352e-02 1.71557331e-04
  1.05302438e-01 7.26097031e-04 6.00298755e-02 3.29569429e-02
  3.98271799e-01 1.05157460e-03 2.51086265e-01 3.37739266e-03
  2.80770641e-02 6.06624562e-05]
 [6.96193911e-06 8.89277726e-05 8.67283496e-04 5.38351422e-04
  8.55113287e-03 1.77679001e-03 1.62744592e-03 7.65056484e-06
  2.36614533e-02 1.88554113e-05 2.29424943e-04 7.44148798e-04
  5.40887611e-03 1.17953137e-01 1.68833330e-01 7.44370976e-03
  3.77888918e-01 2.95430142e-03 8.32839310e-02 6.80020303e-02
  1.43224802e-02 2.17430480e-03 2.07677372e-02 3.78079079e-02
  6.13821845e-04 3.46879428e-03 5.49177174e-03 1.28011018e-01
  3.10575634e-01 2.34810250e-06]
 [7.93501300e-08 1.19710367e-05 2.92738015e-03 1.28623471e-03
  4.97677363e-04 8.12055729e-03 3.92360642e-04 1.13643073e-02
  2.44131614e-03 1.20974134e-03 1.90853719e-02 4.45581740e-03
  2.09240802e-02 8.32687467e-02 6.09442517e-02 7.34683990e-01
  5.63796144e-04 1.43716745e-02 7.14999682e-04 2.94124763e-02
  3.11554909e-01 1.05897654e-02 7.84935132e-02 2.88733681e-05
  2.10777647e-03 6.02342725e-01 1.01551302e-02 3.35480534e-02
  2.29604098e-06 5.09888772e-03]
 [2.72308876e-06 3.63583502e-04 8.88925337e-04 5.97823644e-04
  3.30393412e-03 1.18304905e-03 4.04112646e-03 7.00371433e-03
  2.93748621e-02 4.19796631e-03 7.23694917e-04 4.19046655e-02
  1.75524014e-03 1.02189258e-01 3.23224701e-02 1.67770813e-05
  5.81782579e-01 1.18774973e-04 3.49407226e-01 9.87298191e-02
  1.09521288e-03 1.41158372e-01 5.36638254e-05 1.33708669e-02
  2.39839442e-02 1.39439749e-02 2.20521330e-03 3.15005124e-01
  9.09636736e-01 1.33516833e-01]
 [4.38446390e-10 1.53270573e-03 3.50753398e-04 2.07730009e-05
  2.13227957e-03 3.71613819e-03 1.02853263e-03 7.14532845e-03
  6.85050264e-02 7.16381054e-03 8.44877504e-04 1.78479546e-04
  1.13463451e-04 3.25951532e-06 1.15515504e-04 9.00909975e-02
  8.83006840e-04 1.72351375e-02 4.37782481e-02 4.57404973e-03
  2.13943604e-05 4.82616387e-02 4.90186037e-04 4.12053289e-03
  1.51040746e-04 1.51498197e-02 3.49199795e-03 4.73732315e-03
  4.90203872e-03 2.71433815e-02]
 [5.46626552e-07 5.89099363e-06 6.55174654e-06 7.97017474e-09
  2.13887263e-03 1.26072590e-03 1.18308351e-03 1.06617006e-06
  4.36384522e-04 2.25948123e-03 3.64454021e-03 2.02920847e-02
  2.78838823e-04 6.22415314e-07 5.68795158e-03 3.37154567e-02
  5.33096939e-02 3.26407980e-03 8.54713935e-03 3.79551668e-03
  1.53850857e-03 3.90319130e-03 5.82775858e-04 1.87633373e-02
  2.55546309e-02 1.44495107e-02 3.08716204e-02 2.60501029e-03
  3.35647314e-06 6.41231099e-03]
 [5.39844177e-06 1.37924580e-04 1.44549611e-03 6.36093551e-04
  4.95809014e-04 1.03499005e-04 1.03753423e-02 3.17622539e-06
  4.04633101e-06 4.49467871e-06 3.20237572e-03 2.56880507e-04
  4.80422721e-04 1.03734412e-04 9.01820022e-05 1.04766304e-03
  1.79906652e-04 1.16822608e-02 3.97287235e-02 8.71096039e-04
  4.06917483e-02 3.29807139e-04 2.39151772e-02 2.94483360e-03
  3.27523984e-03 8.79355073e-02 6.69079658e-04 3.35519901e-03
  2.95120329e-01 4.05782275e-02]
 [1.52328343e-03 1.29209075e-04 1.10507768e-03 1.26323791e-03
  2.54332810e-03 3.87905049e-04 1.49470347e-04 1.87003301e-04
  5.70441953e-05 7.94013788e-04 4.61497670e-03 1.61004101e-03
  8.55862600e-05 1.32312579e-03 4.73287975e-04 2.84414637e-05
  1.51660503e-03 1.81064960e-02 2.84378271e-04 1.21316342e-02
  1.10613786e-01 3.07516602e-04 1.92246120e-03 1.56752020e-03
  1.92786523e-04 7.63149094e-03 6.16038451e-03 2.11104434e-02
  3.41004729e-01 5.31044882e-03]]
maxs: [[7.61575775e+01 2.68621765e+02 5.00075928e+02 6.33842224e+02
  9.06606262e+02 1.42407568e+03 9.73121643e+02 2.25940747e+03
  2.22752930e+03 2.03177234e+03 3.16784229e+03 3.49880396e+03
  4.55271680e+03 7.17947363e+03 4.70333838e+03 4.88434619e+03
  5.07261182e+03 5.30194385e+03 6.05690820e+03 7.01951416e+03
  8.66260645e+03 8.48521094e+03 1.05579238e+04 9.73387109e+03
  1.72823418e+04 1.12557441e+04 1.20742695e+04 1.17365371e+04
  1.49358926e+04 1.54025908e+04]
 [1.05543381e+02 2.55732498e+02 5.94741943e+02 7.36643799e+02
  9.50095764e+02 1.10174426e+03 1.49558643e+03 2.17901978e+03
  2.09233789e+03 2.57387793e+03 3.69977930e+03 3.24482666e+03
  4.15998486e+03 4.84129492e+03 5.21654150e+03 5.22654004e+03
  6.09690771e+03 7.11009619e+03 8.61575195e+03 7.96733008e+03
  8.42601758e+03 1.07197188e+04 1.19502871e+04 1.06418896e+04
  1.06899502e+04 1.47513623e+04 1.70357578e+04 1.44415049e+04
  1.77120488e+04 1.87869980e+04]
 [1.90332291e+02 3.50151611e+02 4.54716827e+02 1.30934131e+03
  1.36213049e+03 1.90545667e+03 1.76589075e+03 2.92354199e+03
  3.14438306e+03 3.95326929e+03 4.36220166e+03 6.58259424e+03
  6.63985547e+03 7.45499316e+03 7.39612305e+03 8.08059131e+03
  8.95647949e+03 1.03604736e+04 1.12120752e+04 1.25826963e+04
  1.29984189e+04 1.50312471e+04 1.74412773e+04 1.56658965e+04
  1.93247598e+04 2.40727383e+04 2.06137832e+04 2.15954648e+04
  2.23975684e+04 2.28681484e+04]
 [1.54156509e+02 4.41806519e+02 6.14020996e+02 1.36840479e+03
  1.41228906e+03 1.58664221e+03 1.94536792e+03 2.63720752e+03
  3.71717334e+03 4.85785938e+03 6.48363574e+03 6.82126074e+03
  9.00024316e+03 8.37343164e+03 8.45442871e+03 9.50088574e+03
  1.16688389e+04 1.97105254e+04 1.50237236e+04 1.18090225e+04
  1.46838516e+04 1.66082891e+04 2.15692734e+04 2.40382324e+04
  2.19333496e+04 2.31141191e+04 2.35494121e+04 2.90220469e+04
  3.18259805e+04 3.30791016e+04]
 [2.83484344e+02 3.77945984e+02 9.77345093e+02 1.30893994e+03
  2.74944507e+03 4.27828174e+03 4.40976709e+03 4.53289014e+03
  4.75148877e+03 7.40074707e+03 1.04921436e+04 1.10277305e+04
  1.03691514e+04 1.38844629e+04 1.93627363e+04 1.71508027e+04
  2.04303086e+04 2.42959941e+04 2.23909727e+04 3.32928164e+04
  2.79597227e+04 3.12078027e+04 3.48122344e+04 4.16233789e+04
  4.16517422e+04 3.83586523e+04 4.40727500e+04 6.33019609e+04
  4.20893359e+04 5.75042148e+04]
 [3.81650543e+02 1.53172693e+03 1.27146826e+03 2.08958325e+03
  2.79225098e+03 3.54670020e+03 4.32264844e+03 6.76095947e+03
  1.07370771e+04 8.88403125e+03 9.35901270e+03 1.09450137e+04
  1.45238984e+04 1.71779902e+04 1.63912637e+04 1.97692734e+04
  2.29385977e+04 2.43098594e+04 3.29746367e+04 2.67519531e+04
  3.22806699e+04 3.28233906e+04 4.94378594e+04 5.90879688e+04
  4.27904609e+04 4.98222969e+04 4.94122188e+04 5.01407344e+04
  5.80721758e+04 5.66973984e+04]
 [3.54145691e+02 8.14387512e+02 1.88904736e+03 2.22489136e+03
  3.19312939e+03 4.52921777e+03 7.60960791e+03 7.93233643e+03
  9.97879785e+03 1.08598516e+04 1.24021885e+04 2.05938027e+04
  2.52037656e+04 2.46416016e+04 2.41127109e+04 2.38872578e+04
  2.74335723e+04 3.57534961e+04 3.11291094e+04 5.06233398e+04
  3.79803633e+04 4.72069961e+04 4.44115898e+04 5.42777695e+04
  5.17086406e+04 6.89128125e+04 7.05254062e+04 7.71679062e+04
  7.87142188e+04 8.22667969e+04]
 [3.41418823e+02 8.26344055e+02 2.65609131e+03 2.97182910e+03
  5.41097803e+03 5.96125439e+03 8.30914062e+03 9.17051465e+03
  1.44861348e+04 1.34096152e+04 2.02915195e+04 2.04149004e+04
  2.14403359e+04 2.24711309e+04 2.91869199e+04 4.22938086e+04
  3.93216289e+04 4.22201953e+04 5.12997734e+04 5.93382266e+04
  6.53731250e+04 5.54051250e+04 7.91394922e+04 7.86531172e+04
  8.49805469e+04 8.68988125e+04 9.94919297e+04 1.11087023e+05
  1.01507250e+05 1.17657406e+05]]
test_losses: [[4.88723153e+00 2.00835478e+01 3.67882878e+01 6.35348599e+01
  9.67632944e+01 1.59352703e+02 1.71728268e+02 2.37681512e+02
  3.23200590e+02 3.56713393e+02 4.45376505e+02 5.13882869e+02
  6.58081849e+02 7.57984605e+02 7.51277080e+02 9.35182863e+02
  1.11187249e+03 1.14299077e+03 1.33305405e+03 1.58325438e+03
  1.60895435e+03 1.78057433e+03 1.92429862e+03 2.17403379e+03
  2.27862006e+03 2.69516182e+03 2.67444834e+03 3.05962324e+03
  2.97143902e+03 3.30549214e+03]
 [5.58046420e+00 1.94912166e+01 4.54391725e+01 7.97052809e+01
  1.00239751e+02 1.65921038e+02 2.13374927e+02 3.08642931e+02
  3.43115493e+02 4.03250564e+02 5.72892837e+02 6.11067929e+02
  8.09773174e+02 8.51816792e+02 1.05506234e+03 1.00573272e+03
  1.18952032e+03 1.38717146e+03 1.41101134e+03 1.75505884e+03
  1.84198729e+03 1.93867347e+03 2.29829154e+03 2.45124144e+03
  2.62803698e+03 3.12885141e+03 3.18372804e+03 3.59178693e+03
  3.63684937e+03 3.59412695e+03]
 [9.40201730e+00 2.73557526e+01 5.79643510e+01 1.07079658e+02
  1.57977859e+02 2.31148524e+02 2.98041249e+02 4.01811245e+02
  4.51842578e+02 6.05207310e+02 7.06002702e+02 1.03664494e+03
  9.94328008e+02 1.21724107e+03 1.27786724e+03 1.62696657e+03
  1.72137513e+03 1.78807712e+03 1.97296936e+03 2.24672316e+03
  2.86659583e+03 2.68958950e+03 2.85100471e+03 3.35032786e+03
  3.86583804e+03 3.93962539e+03 3.95552825e+03 4.61650937e+03
  5.00516539e+03 4.86041752e+03]
 [8.45907113e+00 3.58639984e+01 6.67297968e+01 1.31327010e+02
  1.63077149e+02 2.49075160e+02 3.63028958e+02 4.87325560e+02
  5.80785318e+02 8.06681092e+02 8.77074826e+02 1.15799645e+03
  1.38628644e+03 1.42109055e+03 1.61363399e+03 2.06739416e+03
  2.29786109e+03 2.64924377e+03 2.42194688e+03 2.64328733e+03
  3.42542374e+03 3.28977543e+03 3.52314141e+03 4.37274897e+03
  4.36203119e+03 4.68806435e+03 5.08601963e+03 5.77364531e+03
  6.06796403e+03 6.64166764e+03]
 [1.71838185e+01 4.69443945e+01 1.15073389e+02 1.92772829e+02
  3.05043228e+02 4.79705272e+02 5.74756680e+02 8.29046108e+02
  9.05046061e+02 1.15324109e+03 1.27997785e+03 1.51926611e+03
  2.06690096e+03 2.19178759e+03 2.70996429e+03 3.37751052e+03
  3.30961282e+03 4.01759854e+03 3.26275617e+03 4.39081822e+03
  5.50753157e+03 5.71650664e+03 6.72116435e+03 6.78740720e+03
  6.81271144e+03 8.90207230e+03 8.44914229e+03 9.90273721e+03
  8.88608629e+03 1.12997229e+04]
 [1.93051003e+01 6.62165044e+01 1.57861986e+02 2.52919394e+02
  3.58833547e+02 5.01992423e+02 6.25343387e+02 9.60916386e+02
  1.22417922e+03 1.35423167e+03 1.80960152e+03 2.04955371e+03
  2.54236873e+03 2.77822823e+03 3.02825119e+03 3.64937120e+03
  3.51845538e+03 4.74401982e+03 5.06793606e+03 5.70829677e+03
  6.35790958e+03 6.50882848e+03 7.03874351e+03 8.27116705e+03
  8.17396606e+03 9.22389346e+03 9.70906085e+03 1.03883595e+04
  1.08383105e+04 1.20230585e+04]
 [2.16139431e+01 7.88720981e+01 1.93055124e+02 2.70975391e+02
  4.66512146e+02 6.55919839e+02 9.41218802e+02 1.16905453e+03
  1.45811543e+03 1.86623776e+03 2.10373110e+03 2.73102336e+03
  3.34117029e+03 3.58495540e+03 4.33638790e+03 4.47946715e+03
  5.93700861e+03 6.27409441e+03 6.69847310e+03 7.83965508e+03
  7.18804977e+03 9.26034212e+03 8.67575746e+03 1.15317861e+04
  1.20902007e+04 1.31774000e+04 1.35672384e+04 1.75027690e+04
  1.45769992e+04 1.77167707e+04]
 [2.65289870e+01 1.14899906e+02 2.62799878e+02 4.71437523e+02
  6.65731368e+02 1.00544916e+03 1.37364432e+03 1.46392116e+03
  2.24383090e+03 2.62949680e+03 3.19821558e+03 3.60152740e+03
  4.47504250e+03 4.63487219e+03 5.93760668e+03 6.23848068e+03
  7.21997170e+03 8.77250677e+03 9.82836023e+03 1.01269327e+04
  1.10802257e+04 1.19648816e+04 1.43113609e+04 1.49597636e+04
  1.78676853e+04 1.81101084e+04 2.11332069e+04 1.79557613e+04
  2.03004141e+04 2.28375571e+04]]
