args:  Namespace(attack='opt', gaussian=False, l2=0.01, ndim=1)
test_losses: [[7.77869276e-04 2.00621524e-04 1.00436854e-04 7.71076312e-05
  6.57272349e-05 6.09905328e-05 5.02607949e-05 4.48970800e-05
  3.30960660e-05 3.29452781e-05 2.36091598e-05 2.78780768e-05
  2.71452623e-05 2.47565640e-05 2.76292290e-05 2.13269322e-05
  1.89724470e-05 2.17493251e-05 2.17261801e-05 1.95650058e-05
  1.90362284e-05 1.41653587e-05 1.73451071e-05 1.51193225e-05
  1.53067281e-05 1.74871511e-05 1.42958469e-05 1.58042788e-05
  1.54312795e-05 1.47248252e-05 1.55163609e-05 1.38586759e-05
  1.34395534e-05 1.47543347e-05 1.43862518e-05 1.41150382e-05
  1.42117309e-05 1.19150167e-05 1.19409756e-05 1.47960196e-05
  1.13198129e-05 1.21684161e-05 1.15996935e-05 1.35644119e-05
  1.24046149e-05 1.16774914e-05 1.07443378e-05 1.08124423e-05
  1.12089013e-05 1.08942041e-05]
 [4.70895416e-04 1.86902761e-04 1.12930034e-04 8.67938406e-05
  7.37817017e-05 6.99087664e-05 5.90353018e-05 4.55558856e-05
  4.83081361e-05 4.03061487e-05 3.83053872e-05 3.33266335e-05
  3.30038149e-05 3.48355571e-05 2.76311693e-05 3.03875079e-05
  2.91633657e-05 2.86310047e-05 2.48189501e-05 2.35324458e-05
  2.24258285e-05 2.26882807e-05 2.36161327e-05 1.90797383e-05
  2.14641397e-05 2.13809431e-05 1.96321674e-05 2.08771940e-05
  2.09581523e-05 2.05573987e-05 1.65691343e-05 1.70656646e-05
  1.81004704e-05 1.95151719e-05 1.71819822e-05 1.77295093e-05
  1.41389221e-05 1.85357658e-05 1.63091976e-05 1.49744297e-05
  1.56103106e-05 1.72076867e-05 1.46584961e-05 1.67030319e-05
  1.44170392e-05 1.73868863e-05 1.45803861e-05 1.52544547e-05
  1.39858957e-05 1.48926772e-05]
 [8.50464682e-04 2.27294554e-04 2.04083095e-04 1.21931927e-04
  1.03841840e-04 9.13231032e-05 7.52388328e-05 6.90232277e-05
  7.69187449e-05 6.25758839e-05 7.06119522e-05 5.82628834e-05
  5.42515931e-05 5.39416610e-05 5.68855123e-05 5.02008714e-05
  5.51960893e-05 5.07572520e-05 4.48519997e-05 4.15930735e-05
  4.54136744e-05 4.77906755e-05 4.58602389e-05 4.43577488e-05
  4.25875186e-05 4.08005581e-05 4.22977468e-05 4.81583650e-05
  4.41011082e-05 4.15974474e-05 3.96426125e-05 4.25282515e-05
  3.45261058e-05 3.86235917e-05 3.70724091e-05 3.86835902e-05
  3.56733769e-05 3.64761874e-05 3.81113546e-05 3.66229712e-05
  3.75362767e-05 3.70685875e-05 3.95256305e-05 3.69167839e-05
  3.89711443e-05 3.90470124e-05 3.96305664e-05 3.37061857e-05
  3.70038392e-05 3.79560357e-05]
 [1.14207355e-03 5.17415368e-04 2.62680376e-04 2.11532078e-04
  1.77739550e-04 1.57476679e-04 1.38052664e-04 1.31541199e-04
  1.28179501e-04 1.24160635e-04 1.17198405e-04 1.20550307e-04
  1.28328293e-04 1.17023835e-04 1.07282014e-04 1.09758677e-04
  1.07217153e-04 1.11160942e-04 9.95422052e-05 9.13060969e-05
  9.72053833e-05 9.47846074e-05 8.80533966e-05 9.27034228e-05
  8.86970261e-05 8.72325831e-05 9.36476174e-05 9.43590471e-05
  8.37126544e-05 9.21334923e-05 9.10098377e-05 9.30758497e-05
  9.23683139e-05 8.94569058e-05 1.00956125e-04 8.91885625e-05
  8.34715397e-05 8.70277091e-05 8.72873315e-05 8.76788868e-05
  8.54632822e-05 8.61406678e-05 9.01552597e-05 8.49662278e-05
  9.10143274e-05 8.42634423e-05 8.00127419e-05 8.45243551e-05
  7.91502136e-05 8.72705706e-05]
 [2.28925556e-03 1.05411615e-03 5.60608990e-04 4.99232432e-04
  4.58710682e-04 2.89290568e-04 2.98111386e-04 3.20690517e-04
  2.22541963e-04 2.63332320e-04 2.35936427e-04 2.32974748e-04
  2.35841724e-04 2.25605913e-04 2.10353862e-04 1.84596865e-04
  2.05252719e-04 2.16022934e-04 1.99905043e-04 2.06576876e-04
  2.02620238e-04 2.18659629e-04 2.03457512e-04 2.12910174e-04
  1.93066863e-04 1.92035833e-04 2.01329150e-04 1.96153186e-04
  2.03936063e-04 1.89140662e-04 1.94985081e-04 1.97764108e-04
  1.84644934e-04 1.90894048e-04 1.78351043e-04 1.83010472e-04
  1.88583470e-04 1.81308560e-04 1.97292314e-04 1.85919631e-04
  1.76431854e-04 1.84817740e-04 1.78397752e-04 1.89880100e-04
  1.91096641e-04 1.66306775e-04 1.78014402e-04 1.84410147e-04
  1.76153307e-04 1.70195197e-04]
 [3.50694650e-03 2.41384562e-03 1.58544801e-03 1.34125056e-03
  1.08518524e-03 9.50623840e-04 9.82201230e-04 7.69719660e-04
  7.69617697e-04 6.39450494e-04 6.64984462e-04 5.91763720e-04
  5.21629912e-04 6.11987333e-04 5.46501357e-04 4.68602158e-04
  5.01390313e-04 5.12727326e-04 4.60129381e-04 4.64041191e-04
  4.63726644e-04 4.64423487e-04 4.52972791e-04 4.31778281e-04
  4.22547910e-04 4.49606747e-04 4.51481667e-04 4.89096656e-04
  4.38115821e-04 4.43965293e-04 4.28492604e-04 4.26474837e-04
  4.07819075e-04 4.07162640e-04 3.93080877e-04 4.18457752e-04
  4.34363801e-04 4.40212544e-04 4.23386989e-04 3.96396422e-04
  4.17260712e-04 3.90014442e-04 4.19214073e-04 4.17156617e-04
  4.20453304e-04 4.31144849e-04 4.11890536e-04 4.14131516e-04
  4.06854155e-04 3.94393927e-04]
 [5.59369245e-03 4.14151148e-03 4.23248752e-03 3.66334167e-03
  3.72818352e-03 3.21368155e-03 3.17682326e-03 3.28878345e-03
  3.02649823e-03 3.04103945e-03 2.90523612e-03 2.66410178e-03
  2.46991952e-03 2.40010089e-03 2.80322558e-03 2.61685440e-03
  2.43977963e-03 2.48370332e-03 2.41083991e-03 2.25603146e-03
  1.95184561e-03 2.14637337e-03 2.06594378e-03 2.08585831e-03
  1.84532854e-03 2.11431389e-03 2.33002019e-03 1.88578047e-03
  1.84121074e-03 2.05149298e-03 1.67696812e-03 1.88303386e-03
  1.77570478e-03 1.92263161e-03 2.03450079e-03 1.90844913e-03
  1.77940064e-03 2.00072241e-03 1.88581892e-03 1.84917069e-03
  1.79611278e-03 1.66921701e-03 1.81732446e-03 1.69431245e-03
  1.66889927e-03 1.55046798e-03 1.55661316e-03 1.51867818e-03
  1.62592491e-03 1.65870338e-03]
 [7.87681285e-03 8.03117275e-03 8.17303279e-03 8.28898021e-03
  8.65479627e-03 8.73803014e-03 8.91290966e-03 8.93604801e-03
  9.04119830e-03 9.20641688e-03 9.03365234e-03 9.05151246e-03
  8.96966451e-03 9.06668876e-03 9.13822037e-03 9.21955313e-03
  9.05024929e-03 9.15781746e-03 9.29261554e-03 9.09385821e-03
  9.09275855e-03 9.08841102e-03 9.01499947e-03 9.09472506e-03
  9.14679526e-03 9.19785873e-03 9.25490077e-03 9.17726857e-03
  9.23362646e-03 9.14331463e-03 9.22871346e-03 9.10974884e-03
  9.27910486e-03 9.23795518e-03 9.27814138e-03 9.20513465e-03
  9.19505400e-03 9.22027679e-03 9.31191603e-03 9.17002322e-03
  9.21423589e-03 9.25894255e-03 9.30031735e-03 9.20778536e-03
  9.18359340e-03 9.13381006e-03 9.09809892e-03 9.23011413e-03
  9.26299948e-03 9.24536706e-03]
 [9.20607017e-03 9.22954808e-03 9.48541276e-03 9.50482102e-03
  9.53470594e-03 9.49510433e-03 9.50904551e-03 9.54137162e-03
  9.49296053e-03 9.48547327e-03 9.49400607e-03 9.44450486e-03
  9.41635548e-03 9.49178629e-03 9.35313519e-03 9.43269122e-03
  9.46878613e-03 9.63642931e-03 9.55917196e-03 9.48785725e-03
  9.48079818e-03 9.55401851e-03 9.51137176e-03 9.52856310e-03
  9.42046792e-03 9.52175634e-03 9.53027162e-03 9.44886840e-03
  9.53166744e-03 9.47382048e-03 9.46710261e-03 9.58192060e-03
  9.55532884e-03 9.54788172e-03 9.39767397e-03 9.53033181e-03
  9.60703469e-03 9.57624806e-03 9.41162090e-03 9.40994945e-03
  9.52754135e-03 9.44316468e-03 9.65473105e-03 9.55398472e-03
  9.55474289e-03 9.53764873e-03 9.39284987e-03 9.50600691e-03
  9.47850746e-03 9.47198259e-03]
 [9.70988267e-03 9.69600213e-03 9.70641905e-03 9.70332554e-03
  9.67767577e-03 9.73367758e-03 9.70116979e-03 9.76702901e-03
  9.78448336e-03 9.89876559e-03 9.73273017e-03 9.70593961e-03
  9.67681354e-03 9.63680256e-03 9.71846043e-03 9.80968602e-03
  9.73785950e-03 9.69372415e-03 9.76562065e-03 9.76139112e-03
  9.77774294e-03 9.60140232e-03 9.66034250e-03 9.73159863e-03
  9.73725422e-03 9.68718307e-03 9.61173387e-03 9.73591183e-03
  9.77091256e-03 9.68815677e-03 9.72304320e-03 9.69393753e-03
  9.68133640e-03 9.70619967e-03 9.67326826e-03 9.77193201e-03
  9.64478835e-03 9.61904483e-03 9.65033392e-03 9.78333903e-03
  9.79885519e-03 9.65265334e-03 9.72924827e-03 9.76922227e-03
  9.69026248e-03 9.72361111e-03 9.74337832e-03 9.76095131e-03
  9.69756848e-03 9.82275919e-03]]
variance: [[1.80418010e-05 1.19862913e-07 2.13011675e-08 1.07637691e-08
  1.04663962e-08 8.87633247e-09 5.39747150e-09 3.44578121e-09
  2.64578149e-09 2.30028727e-09 1.24838301e-09 1.84827150e-09
  1.11001779e-09 1.09766981e-09 1.70265426e-09 8.69897257e-10
  8.27380912e-10 9.99008146e-10 8.92897317e-10 7.20091654e-10
  7.52954946e-10 4.40489943e-10 8.79597899e-10 4.82139472e-10
  5.24246195e-10 1.06891348e-09 6.12920967e-10 6.64026369e-10
  5.12807961e-10 4.61640418e-10 6.92336927e-10 3.98892348e-10
  4.55519065e-10 6.40182249e-10 5.56515828e-10 5.34070755e-10
  5.53524592e-10 3.90313759e-10 4.42698195e-10 6.56830766e-10
  3.31900029e-10 3.58456951e-10 4.54170409e-10 5.04271933e-10
  5.41051187e-10 3.50284671e-10 3.00456782e-10 3.57922290e-10
  3.15331099e-10 3.05826721e-10]
 [8.80482287e-07 1.46056145e-07 3.07543296e-08 1.65757341e-08
  1.17696733e-08 9.13685046e-09 6.89458350e-09 3.62570966e-09
  5.11542170e-09 3.52928933e-09 2.57961099e-09 2.48360797e-09
  2.20001163e-09 2.96402573e-09 1.78874742e-09 1.80411273e-09
  1.38880908e-09 1.34027242e-09 1.05706907e-09 9.08213216e-10
  1.32281284e-09 9.31712728e-10 8.85160174e-10 5.28599301e-10
  9.04769813e-10 8.25858512e-10 6.65825348e-10 7.54144820e-10
  7.48288377e-10 8.32300249e-10 3.93741955e-10 4.84603315e-10
  6.25739790e-10 5.71444251e-10 4.43215298e-10 5.67905735e-10
  3.41814714e-10 5.42273545e-10 3.91561377e-10 4.06806495e-10
  3.88745318e-10 4.97251127e-10 3.97680379e-10 3.65629076e-10
  3.19481583e-10 4.08635952e-10 3.00052458e-10 3.49917495e-10
  3.46492218e-10 4.46322367e-10]
 [4.83194222e-06 1.72405981e-07 1.53178549e-07 3.90304025e-08
  2.72444134e-08 1.79236520e-08 1.62899766e-08 9.85742717e-09
  1.10688759e-08 7.19208502e-09 9.91524805e-09 4.93058743e-09
  4.47808747e-09 3.72451155e-09 4.56388670e-09 4.65596371e-09
  3.36485397e-09 3.21789344e-09 3.06615599e-09 2.49422114e-09
  2.59532316e-09 3.17693706e-09 2.75979324e-09 2.56903734e-09
  1.93889610e-09 2.39894621e-09 2.16407998e-09 2.63275448e-09
  2.64705734e-09 1.97613595e-09 1.63004027e-09 2.20001768e-09
  1.35825392e-09 1.53299772e-09 1.69991076e-09 1.66647284e-09
  1.24115793e-09 1.38029786e-09 1.57443801e-09 1.27452242e-09
  1.12268347e-09 1.39095381e-09 1.35638557e-09 1.19065997e-09
  1.53643522e-09 1.52193595e-09 1.59305655e-09 1.32359454e-09
  1.36550290e-09 1.48533218e-09]
 [6.30633926e-06 1.92804666e-06 1.75116548e-07 1.13289531e-07
  5.70197846e-08 4.29129942e-08 3.39472343e-08 2.61527208e-08
  2.00535523e-08 2.49599783e-08 1.92682481e-08 1.92722930e-08
  2.05511573e-08 1.43208551e-08 1.37657567e-08 1.26921215e-08
  1.07347138e-08 1.05476236e-08 1.00920208e-08 7.39334556e-09
  9.56327996e-09 6.68130215e-09 6.79637580e-09 6.78824353e-09
  5.69613714e-09 6.01623115e-09 6.54487525e-09 7.52074642e-09
  5.92842002e-09 5.97965805e-09 7.03379288e-09 6.44323495e-09
  5.58927073e-09 6.05871838e-09 5.67359202e-09 4.61078183e-09
  4.84742548e-09 5.40591526e-09 4.90977860e-09 4.04666566e-09
  4.26602673e-09 4.79261473e-09 4.57361551e-09 3.54482911e-09
  4.61834093e-09 3.31745907e-09 3.37092478e-09 3.54438304e-09
  3.38146973e-09 3.70335435e-09]
 [1.29043198e-05 6.34532046e-06 1.99030958e-06 1.53289546e-06
  1.57590292e-06 1.47258702e-07 1.56447335e-07 2.20404528e-07
  5.46585230e-08 7.41450191e-08 8.27461509e-08 5.17123464e-08
  6.30630406e-08 3.80799282e-08 3.72007614e-08 2.14799468e-08
  3.13917844e-08 4.18570458e-08 2.52290920e-08 3.02281663e-08
  2.64477058e-08 2.81413404e-08 2.15927296e-08 2.51160514e-08
  2.27221198e-08 1.96748578e-08 2.04117828e-08 2.09484816e-08
  2.15023505e-08 1.92526487e-08 1.67023081e-08 1.63702652e-08
  1.63988684e-08 1.76063286e-08 1.30592971e-08 1.26298449e-08
  1.78553996e-08 1.64140196e-08 1.64104858e-08 1.26025925e-08
  1.15775922e-08 1.30025046e-08 1.17106363e-08 1.29189671e-08
  1.61957407e-08 9.01379881e-09 9.39490302e-09 1.37580393e-08
  1.02191929e-08 9.75788103e-09]
 [1.76863582e-05 1.41398396e-05 8.86903096e-06 6.39945382e-06
  4.63349336e-06 3.67922009e-06 3.83707914e-06 2.14536502e-06
  1.99587405e-06 1.22338007e-06 1.26548197e-06 9.07788910e-07
  3.98273046e-07 7.76447271e-07 5.60275692e-07 2.05752692e-07
  3.24965248e-07 5.02090205e-07 2.21278990e-07 1.86597657e-07
  1.55637689e-07 2.15851190e-07 2.42205150e-07 9.57435332e-08
  1.04361269e-07 1.90396756e-07 1.74999394e-07 4.12863408e-07
  8.18396904e-08 1.14830189e-07 8.03902113e-08 8.02348199e-08
  5.88209899e-08 5.63063096e-08 6.61806823e-08 6.28873411e-08
  7.65177634e-08 1.21812906e-07 6.01141907e-08 5.20157853e-08
  5.87696334e-08 5.11032398e-08 4.54340904e-08 6.15753542e-08
  4.32792773e-08 4.67487539e-08 5.97984482e-08 4.52128914e-08
  5.12466968e-08 3.36968640e-08]
 [1.95853922e-05 1.93749864e-05 1.92561794e-05 1.61989044e-05
  1.65357299e-05 1.26904177e-05 1.30527593e-05 1.31838502e-05
  1.28331426e-05 1.16492919e-05 1.05537596e-05 1.12390798e-05
  8.79923371e-06 9.32880493e-06 9.49171983e-06 9.50485795e-06
  8.49155261e-06 8.45152574e-06 9.02383811e-06 6.58053863e-06
  5.36442512e-06 5.71970393e-06 5.82792892e-06 5.98133076e-06
  5.09107233e-06 6.35145679e-06 6.31158479e-06 4.86562539e-06
  3.92423584e-06 4.33490136e-06 3.16576327e-06 4.28372468e-06
  3.48948792e-06 4.14769025e-06 5.43207211e-06 4.05441853e-06
  3.81300933e-06 4.15983807e-06 4.29283738e-06 3.52304233e-06
  4.18663894e-06 2.80404888e-06 3.36378704e-06 2.44831267e-06
  2.74795552e-06 2.24155724e-06 1.98389515e-06 2.20200902e-06
  2.46909684e-06 2.20111210e-06]
 [1.22912973e-05 1.11725569e-05 9.42990432e-06 7.81422637e-06
  5.87707517e-06 4.44812867e-06 4.06943036e-06 4.52163784e-06
  3.33235077e-06 2.76066974e-06 2.96714433e-06 3.20369175e-06
  2.68059932e-06 2.21204217e-06 2.52705512e-06 2.22634829e-06
  2.07680658e-06 1.90927977e-06 2.10965016e-06 2.46272795e-06
  2.16299422e-06 2.45759015e-06 1.84582564e-06 2.17681542e-06
  1.97378029e-06 1.96512422e-06 1.87106514e-06 1.79584811e-06
  2.01414702e-06 1.95122361e-06 1.81453440e-06 1.98284022e-06
  2.10127399e-06 1.92360934e-06 1.97097020e-06 1.79713789e-06
  1.87739436e-06 1.86008126e-06 1.81558676e-06 1.85997749e-06
  1.99350091e-06 1.82410532e-06 1.88471882e-06 2.01870575e-06
  1.83356379e-06 1.79089307e-06 1.97157225e-06 1.86457229e-06
  1.82659740e-06 2.05893133e-06]
 [4.03027294e-06 3.30346579e-06 1.81825346e-06 1.21769566e-06
  1.39467930e-06 1.48719501e-06 1.29155958e-06 1.21374699e-06
  1.33082881e-06 1.26509853e-06 1.30921547e-06 1.48226365e-06
  1.29861068e-06 1.28160080e-06 1.31905570e-06 1.29031882e-06
  1.09384916e-06 1.31458928e-06 1.11919306e-06 1.25211818e-06
  1.23667667e-06 1.02181450e-06 1.38741321e-06 1.16971783e-06
  1.38485754e-06 1.23601790e-06 1.24992726e-06 1.20077176e-06
  1.22753413e-06 1.16365041e-06 1.35817061e-06 1.11646793e-06
  1.23157930e-06 1.33950690e-06 1.28693080e-06 1.18640330e-06
  1.18318265e-06 1.30976200e-06 1.31881718e-06 1.41143297e-06
  1.20721387e-06 1.20898658e-06 1.15920003e-06 1.22756660e-06
  1.03082298e-06 1.16982692e-06 1.24758730e-06 1.24328405e-06
  1.35212619e-06 1.40669649e-06]
 [1.31606135e-06 1.11147697e-06 8.50237657e-07 9.44327470e-07
  9.08142050e-07 8.53738910e-07 1.01494305e-06 8.53032540e-07
  9.85384996e-07 7.04364608e-07 8.13544864e-07 8.68151143e-07
  8.67068134e-07 1.01169763e-06 7.07625184e-07 7.06731293e-07
  8.06502815e-07 8.91783833e-07 8.42999644e-07 8.09092554e-07
  9.06342440e-07 1.05843149e-06 9.68013851e-07 8.57642131e-07
  8.51645983e-07 9.34374583e-07 1.09566129e-06 8.96695574e-07
  8.52842610e-07 7.94226163e-07 7.49278626e-07 1.01311194e-06
  7.90365932e-07 9.45124754e-07 8.84869498e-07 8.81332363e-07
  8.64882745e-07 1.02815357e-06 9.06409007e-07 8.68489904e-07
  8.88465274e-07 1.02825095e-06 7.65239093e-07 9.08932797e-07
  9.42168371e-07 9.24108603e-07 7.86388865e-07 8.50338244e-07
  9.15080713e-07 8.04085981e-07]]
