args:  Namespace(attack='pgd', gaussian=False, l2=0, ndim=1)
elapsed time: 27019.176559467
mins: [[1.00271787e-12 1.16157839e-09 1.25099420e-09 5.24141841e-10
  4.18948654e-10 6.80322521e-10 3.71801767e-09 1.19758287e-10
  8.91022867e-10 1.97201755e-10 1.25605892e-09 4.36311343e-09
  2.30291022e-10 7.18465565e-10 1.15107923e-12 3.04788750e-10
  2.66437896e-11 2.56079949e-11 1.01459596e-09 1.05103480e-12
  9.60653779e-12 1.11554641e-10 1.40113346e-11 8.59984046e-12
  3.11251823e-11 9.20898882e-13 1.13250975e-09 4.87995061e-11
  5.02268453e-12 1.70391701e-10]
 [4.52282078e-09 1.12210330e-09 9.67316005e-10 2.75516889e-08
  2.26238230e-11 1.17298227e-09 1.52819132e-10 2.56695776e-10
  2.73000289e-09 6.57109946e-13 8.42561589e-13 2.16590701e-09
  7.13043860e-12 2.85854534e-11 6.01881434e-10 2.84517654e-09
  3.07500303e-10 1.18716911e-10 6.26173513e-09 3.41415785e-12
  3.94430238e-10 4.18542756e-09 6.00712147e-10 6.81566782e-12
  2.83729512e-10 9.09494702e-11 3.66759734e-10 7.32271101e-12
  3.68359565e-10 1.02552668e-10]
 [2.67978439e-09 1.37317917e-08 2.20271801e-10 2.62147994e-11
  3.48500756e-10 2.59651500e-09 2.66437896e-11 2.43872479e-12
  3.20362470e-09 3.61074504e-10 5.96628691e-10 1.66831493e-10
  6.93549351e-09 2.86547674e-12 5.64028824e-11 1.78547559e-08
  3.90047017e-09 1.29796618e-08 3.87078138e-08 4.95638091e-08
  3.57639607e-08 2.98371244e-10 2.56695776e-10 1.05834497e-09
  2.87769809e-15 6.39735598e-09 9.58570023e-09 1.61910343e-08
  5.27750572e-08 1.04751408e-09]
 [2.37143247e-08 5.76270409e-09 4.35524283e-09 9.00298724e-10
  2.61464834e-07 1.45519152e-09 2.45849794e-08 2.36482833e-10
  1.20332970e-08 9.45858005e-08 1.04000399e-07 2.41607296e-07
  5.09211837e-08 3.81753118e-09 1.35950262e-09 4.20536175e-08
  1.59673164e-12 9.87733539e-09 1.75378556e-09 4.49877362e-08
  5.88039939e-07 1.00746981e-07 4.96022245e-09 1.85316633e-08
  1.11779471e-07 3.11064285e-10 7.39385220e-10 1.22082056e-07
  4.88103211e-08 7.01104966e-07]
 [5.04568689e-08 8.16500145e-10 8.77494166e-09 1.21003438e-06
  4.03478140e-08 5.24253323e-07 6.32663478e-06 1.68976567e-05
  2.89048930e-05 6.99989469e-05 3.46599478e-07 5.17320368e-05
  7.10297027e-05 1.78963557e-04 1.82944368e-05 2.54285424e-05
  1.59102317e-04 1.34439993e-04 2.56249448e-04 2.86982511e-04
  2.17420573e-04 1.56460184e-04 3.35030811e-04 2.60784320e-04
  2.99522799e-04 4.57331305e-04 2.90982192e-04 3.57919402e-04
  5.41534740e-04 3.97739845e-04]
 [2.77340317e-10 3.39998724e-06 4.89828844e-09 1.21733638e-06
  6.42192148e-08 7.98124745e-07 1.70441501e-06 2.79867654e-05
  2.26602802e-04 4.56721231e-04 8.39979562e-04 6.61616563e-04
  6.16581354e-04 1.05498801e-03 1.72890176e-03 1.12196920e-03
  5.04276436e-03 4.67093941e-03 3.41702765e-03 2.28695711e-03
  2.43501435e-03 2.97368551e-03 3.02149076e-03 2.01235805e-03
  6.92636333e-03 4.37460002e-03 1.37008762e-03 6.80717127e-03
  6.03402732e-03 6.34548254e-03]
 [2.33807768e-07 5.10569080e-04 1.21212819e-04 4.07838589e-03
  5.94922202e-03 5.64426044e-03 7.17621855e-03 7.01002125e-03
  7.09931273e-03 7.09576625e-03 7.10853375e-03 5.21221105e-03
  7.14182016e-03 7.22839963e-03 6.96392078e-03 7.18949735e-03
  7.07592349e-03 7.18849758e-03 7.04745343e-03 7.18732225e-03
  7.10505201e-03 7.08277943e-03 7.18737068e-03 7.18129380e-03
  7.08190165e-03 7.03503471e-03 7.12400815e-03 7.02509889e-03
  7.20427884e-03 7.23417895e-03]
 [8.29008568e-05 9.76822630e-05 7.10791396e-03 7.25512393e-03
  7.12196343e-03 7.36478763e-03 7.33578019e-03 7.24222325e-03
  7.12951645e-03 7.32077798e-03 7.38388533e-03 7.24502048e-03
  7.25642219e-03 7.35936919e-03 7.36633176e-03 7.17698038e-03
  7.24334409e-03 7.39564793e-03 7.33731408e-03 7.42296921e-03
  7.44659314e-03 7.19017163e-03 7.36011704e-03 7.38729909e-03
  7.40744732e-03 7.34531507e-03 7.25748017e-03 7.41895800e-03
  7.36979069e-03 7.35540688e-03]]
maxs: [[0.01635035 0.00177438 0.00110268 0.00090646 0.00043009 0.00063121
  0.00064211 0.00034142 0.00033928 0.00027545 0.00037983 0.00021759
  0.00035231 0.00017835 0.00021579 0.00027921 0.00021939 0.00015171
  0.00022135 0.00028251 0.00026287 0.00023147 0.00018197 0.00022045
  0.00025073 0.00023798 0.0002092  0.00013078 0.00015686 0.0001566 ]
 [0.01294591 0.01002533 0.0024789  0.00070578 0.00159121 0.0007568
  0.00055917 0.00053345 0.00042638 0.00042478 0.00041102 0.00037047
  0.00034741 0.00040429 0.00027524 0.00025201 0.00031725 0.00024174
  0.00023991 0.0001846  0.00012711 0.00014919 0.00022186 0.00017727
  0.0001232  0.00019786 0.00020891 0.00020268 0.00015118 0.00014344]
 [0.01073135 0.01189705 0.00729018 0.00221599 0.00129011 0.00082637
  0.00149977 0.00181974 0.00093166 0.00074667 0.00108524 0.00061102
  0.00071102 0.00065906 0.00074738 0.00058286 0.00070473 0.00051765
  0.00055751 0.00047044 0.00053602 0.00054626 0.00052275 0.00043227
  0.00058438 0.00042836 0.00048376 0.00046202 0.00050378 0.00033123]
 [0.01204479 0.01200147 0.01032952 0.01092378 0.00837066 0.00745201
  0.00428952 0.00243286 0.00866331 0.00129239 0.0023366  0.0016224
  0.00231432 0.00121971 0.0013772  0.00130329 0.00102159 0.00103967
  0.00088971 0.00131201 0.00104228 0.00121893 0.00112484 0.0009422
  0.00148063 0.00092978 0.00078735 0.00108031 0.00082895 0.00079083]
 [0.01209507 0.01208493 0.01204581 0.0120814  0.01206029 0.01199563
  0.0119829  0.01208658 0.01200924 0.01208888 0.01205641 0.01201894
  0.01206519 0.01208346 0.01204223 0.01201313 0.01197979 0.01203594
  0.0120947  0.01196169 0.01204053 0.01194143 0.01200718 0.0119513
  0.01201205 0.01202877 0.01197698 0.01194472 0.01200533 0.01200195]
 [0.0120775  0.01205854 0.01204965 0.01206565 0.0120917  0.01204055
  0.01206399 0.01201819 0.01208351 0.01204211 0.01206318 0.01198354
  0.01197555 0.01209627 0.01204822 0.01206258 0.01200387 0.01206234
  0.01209237 0.01207781 0.01205602 0.01203231 0.0120353  0.01198054
  0.01204324 0.01195856 0.01208749 0.01208997 0.01206546 0.01208195]
 [0.0120196  0.01204591 0.01208647 0.01205034 0.01207142 0.01197887
  0.0119632  0.01208643 0.01200594 0.0120291  0.01208901 0.01199509
  0.0120193  0.01207249 0.01194763 0.01194722 0.01196963 0.01206329
  0.01207019 0.01198524 0.01207971 0.01206803 0.01207971 0.01205344
  0.01207477 0.01206946 0.01200945 0.01209041 0.01198261 0.01209546]
 [0.01202646 0.01203478 0.01202348 0.01201026 0.01204023 0.01206621
  0.01200896 0.01203269 0.01205613 0.01207831 0.01209697 0.01208789
  0.012065   0.01206997 0.01190449 0.01206674 0.01208764 0.0119676
  0.01204461 0.01198233 0.01208916 0.01199653 0.01208287 0.01201502
  0.01207447 0.01205549 0.01204685 0.01203668 0.01200854 0.01206245]]
test_losses: [[4.62132611e-04 1.58888276e-04 8.94831433e-05 9.05969642e-05
  5.33400146e-05 6.00066366e-05 5.02479895e-05 4.19287494e-05
  3.42703622e-05 3.15671133e-05 2.88873204e-05 2.53746512e-05
  3.05913828e-05 2.46142961e-05 2.35467708e-05 2.26633690e-05
  2.28063785e-05 2.05288447e-05 1.80479830e-05 1.89124480e-05
  1.85627409e-05 1.90139579e-05 1.81064079e-05 1.69906948e-05
  1.69110696e-05 1.54603914e-05 1.77982431e-05 1.53463616e-05
  1.46211871e-05 1.41113228e-05]
 [5.57513917e-04 2.53720659e-04 1.22626266e-04 8.51212157e-05
  8.38801317e-05 6.51406303e-05 5.35940955e-05 4.44209988e-05
  4.86493654e-05 3.89878440e-05 3.44280480e-05 3.39661125e-05
  3.47170157e-05 3.08904475e-05 2.53519397e-05 3.05908016e-05
  2.70039786e-05 2.61200890e-05 2.24832064e-05 2.35100628e-05
  1.88913547e-05 2.31616306e-05 2.04929040e-05 2.27813663e-05
  2.03785451e-05 1.97652553e-05 1.90520709e-05 1.79018912e-05
  1.68853117e-05 2.11169349e-05]
 [1.15166748e-03 5.31927912e-04 3.09817721e-04 1.92499439e-04
  1.71916040e-04 1.29835140e-04 1.44009352e-04 1.42405409e-04
  1.27634155e-04 1.25047605e-04 1.16761345e-04 1.09021100e-04
  1.03169958e-04 1.05996932e-04 1.06905185e-04 1.00532679e-04
  1.02242737e-04 9.67840184e-05 1.11139596e-04 9.88095098e-05
  9.59602066e-05 9.56063727e-05 9.66439619e-05 9.12883012e-05
  9.58829630e-05 8.99008734e-05 9.26806586e-05 8.49624545e-05
  9.66679929e-05 8.65007975e-05]
 [1.87062658e-03 1.04619363e-03 5.47753494e-04 5.24132985e-04
  3.99743638e-04 3.46039825e-04 2.84135821e-04 2.47949817e-04
  2.84635637e-04 2.46610874e-04 2.41944437e-04 2.18033017e-04
  2.35261086e-04 2.22529145e-04 2.30033172e-04 2.08755089e-04
  2.13414597e-04 2.03759992e-04 1.94587935e-04 2.17921115e-04
  2.25409218e-04 1.85853080e-04 1.92537021e-04 2.10432022e-04
  1.88169883e-04 2.10881545e-04 1.85087715e-04 2.04494413e-04
  2.06996347e-04 1.80112967e-04]
 [6.67568267e-03 6.33086198e-03 6.71772617e-03 6.28497256e-03
  6.67045034e-03 6.88929575e-03 6.34318220e-03 6.64777041e-03
  6.90997050e-03 7.10868773e-03 7.07810501e-03 7.39051609e-03
  7.39453543e-03 7.30331397e-03 7.40434484e-03 7.15801834e-03
  7.14337620e-03 7.18597654e-03 7.48709595e-03 7.34552321e-03
  7.21871060e-03 7.38630539e-03 7.59061105e-03 7.31210925e-03
  7.64314360e-03 7.47156210e-03 7.63371920e-03 7.52334373e-03
  7.41658245e-03 7.57955936e-03]
 [7.99093069e-03 7.96291600e-03 8.15937167e-03 8.54977419e-03
  8.76564274e-03 8.59671919e-03 8.72106084e-03 8.93186457e-03
  8.83210637e-03 8.96363916e-03 9.06939553e-03 8.87404944e-03
  8.91590420e-03 9.10100127e-03 9.16046354e-03 9.08421700e-03
  9.16416014e-03 9.15968030e-03 9.00253223e-03 9.24262447e-03
  9.09746351e-03 9.13689252e-03 9.10070616e-03 9.09606330e-03
  9.16507859e-03 9.15350565e-03 9.20110793e-03 9.11528559e-03
  9.14102821e-03 9.26455341e-03]
 [9.18664217e-03 9.43095497e-03 9.50101248e-03 9.45238340e-03
  9.54513196e-03 9.52233157e-03 9.47539741e-03 9.49577150e-03
  9.55485348e-03 9.58613040e-03 9.61511599e-03 9.48262685e-03
  9.54842877e-03 9.59325765e-03 9.44258494e-03 9.46276258e-03
  9.55727684e-03 9.54872413e-03 9.50573557e-03 9.47887887e-03
  9.53532309e-03 9.41770261e-03 9.52314086e-03 9.59757142e-03
  9.60624348e-03 9.52757222e-03 9.45267876e-03 9.52972280e-03
  9.45836036e-03 9.50183948e-03]
 [9.71282629e-03 9.74160368e-03 9.81060253e-03 9.74857204e-03
  9.75481560e-03 9.73624803e-03 9.65732307e-03 9.66638546e-03
  9.73401505e-03 9.75947507e-03 9.69909606e-03 9.81792461e-03
  9.66049857e-03 9.76928153e-03 9.72887026e-03 9.72533753e-03
  9.74247656e-03 9.69825722e-03 9.72777514e-03 9.68217774e-03
  9.65470615e-03 9.73168845e-03 9.78173702e-03 9.74650026e-03
  9.73157790e-03 9.67558860e-03 9.67740609e-03 9.72788676e-03
  9.70951108e-03 9.72675703e-03]]
