args:  Namespace(attack='opt', gaussian=False, l2=0, ndim=1)
test_losses: [[6.43811721e-04 1.82012215e-04 9.40829934e-05 8.45540677e-05
  5.57642477e-05 4.71705029e-05 4.58071487e-05 4.22979186e-05
  3.53864615e-05 2.66408897e-05 2.62875896e-05 2.41679134e-05
  2.80414826e-05 2.17517469e-05 2.04270010e-05 2.40457058e-05
  2.18599136e-05 2.06017741e-05 1.69260036e-05 1.81115531e-05
  1.63773833e-05 1.63538245e-05 1.56920035e-05 1.59906865e-05
  1.60360874e-05 1.59788256e-05 1.43747832e-05 1.59944578e-05
  1.30021303e-05 1.43479014e-05 1.50222917e-05 1.71811852e-05
  1.32322866e-05 1.23490303e-05 1.17787442e-05 1.34657776e-05
  1.24643817e-05 1.13615818e-05 1.17907293e-05 1.42190556e-05
  1.11049075e-05 1.06318177e-05 1.05010323e-05 1.19626222e-05
  1.19757209e-05 1.31521715e-05 1.00619470e-05 1.15591916e-05
  1.11274771e-05 1.01370389e-05]
 [5.67463936e-04 1.85949013e-04 1.31264767e-04 8.25416569e-05
  8.19018201e-05 6.43818379e-05 4.99561980e-05 5.70779279e-05
  3.89627110e-05 3.69803671e-05 3.62528607e-05 3.43115528e-05
  3.20009493e-05 3.01954956e-05 3.03012470e-05 3.05360014e-05
  2.53372014e-05 2.28781306e-05 2.68686793e-05 2.38226475e-05
  2.40352965e-05 2.36058438e-05 2.27123852e-05 2.37128070e-05
  2.27642124e-05 1.91502450e-05 1.91211396e-05 2.16442108e-05
  1.89854204e-05 2.00301856e-05 1.78265968e-05 1.60990253e-05
  2.14119136e-05 1.74203201e-05 1.69915071e-05 1.80055360e-05
  1.91857875e-05 1.75177029e-05 1.67692312e-05 1.68230976e-05
  1.60716330e-05 1.79512567e-05 1.47747979e-05 1.63788383e-05
  1.66375151e-05 1.58752457e-05 1.73054339e-05 1.50384774e-05
  1.44278139e-05 1.60100491e-05]
 [7.86450135e-04 2.31799856e-04 1.56049857e-04 1.19032477e-04
  1.09734174e-04 9.52463895e-05 8.23602104e-05 7.95531384e-05
  7.09978430e-05 6.14183295e-05 6.73605418e-05 5.71526674e-05
  6.11764053e-05 6.25074266e-05 6.05538475e-05 5.07078377e-05
  4.66941919e-05 4.47532565e-05 4.81226266e-05 4.99507126e-05
  4.66470555e-05 4.49638149e-05 4.46760459e-05 4.36745483e-05
  4.42070556e-05 4.34247183e-05 4.52372865e-05 4.29536726e-05
  3.87323275e-05 4.19554221e-05 4.69276159e-05 3.66921536e-05
  3.93787916e-05 4.00019266e-05 3.91312715e-05 4.04742035e-05
  4.38501296e-05 4.02515467e-05 3.49537128e-05 4.28581985e-05
  3.97815491e-05 4.05068541e-05 3.93229977e-05 3.58864433e-05
  3.35451282e-05 3.79869902e-05 3.92958173e-05 3.47535742e-05
  3.85637871e-05 3.68475261e-05]
 [9.00931979e-04 5.61472016e-04 2.22637973e-04 2.74798038e-04
  1.65815611e-04 1.29223891e-04 1.61512630e-04 1.33209606e-04
  1.34766010e-04 1.32224050e-04 1.22297530e-04 1.09767605e-04
  1.07808428e-04 1.09512341e-04 1.03159826e-04 1.18015719e-04
  9.61155473e-05 9.98973497e-05 1.02979375e-04 9.60770042e-05
  1.00445186e-04 9.52209422e-05 1.00664684e-04 9.14434582e-05
  8.57233711e-05 9.37303957e-05 9.78910870e-05 9.16666724e-05
  9.42217589e-05 9.38544362e-05 9.00113339e-05 9.21784795e-05
  8.53898416e-05 8.09622814e-05 9.41377710e-05 8.65756383e-05
  8.86336255e-05 9.21856299e-05 8.88183801e-05 7.99521585e-05
  8.95327770e-05 8.86547751e-05 8.43898765e-05 8.62489844e-05
  9.20546766e-05 8.82008956e-05 9.60563230e-05 8.43345500e-05
  8.76899121e-05 8.57682524e-05]
 [2.24412144e-03 1.01962274e-03 5.91616291e-04 4.57517670e-04
  4.52224775e-04 2.28241096e-04 3.37452348e-04 2.89516430e-04
  2.43907971e-04 2.58350483e-04 2.04970156e-04 2.52207572e-04
  2.15707857e-04 2.18779837e-04 1.97929829e-04 2.12574120e-04
  2.09420231e-04 2.17137859e-04 1.93226057e-04 1.76588371e-04
  1.86749223e-04 1.99609144e-04 1.90737601e-04 1.88591895e-04
  1.98486964e-04 1.83911638e-04 1.85324908e-04 1.87252103e-04
  1.82777974e-04 1.93475927e-04 1.93801799e-04 1.86460494e-04
  1.77968822e-04 1.93041816e-04 1.90847616e-04 1.86908761e-04
  1.89005000e-04 1.93344636e-04 1.89373664e-04 1.87943558e-04
  1.81737747e-04 1.78248151e-04 1.81795908e-04 1.76388846e-04
  1.81620537e-04 1.84598410e-04 1.88733526e-04 1.89214561e-04
  1.83712429e-04 1.83708839e-04]
 [3.50980018e-03 2.43285492e-03 2.02294309e-03 1.54098148e-03
  1.28907905e-03 1.06774929e-03 8.26893904e-04 8.28785113e-04
  7.52694519e-04 6.28626356e-04 7.89505819e-04 5.65205797e-04
  6.20923959e-04 5.17756718e-04 5.57267348e-04 5.06574279e-04
  4.95704949e-04 4.54732434e-04 4.82487784e-04 4.64817550e-04
  4.48396145e-04 4.61850366e-04 4.44603885e-04 4.53385720e-04
  4.31622249e-04 4.32732082e-04 4.52545931e-04 4.27752550e-04
  4.47427662e-04 4.78397860e-04 4.03107495e-04 4.43873759e-04
  4.11193421e-04 4.21177469e-04 4.32596258e-04 4.40192140e-04
  4.12873261e-04 4.40604470e-04 4.21771088e-04 4.16552589e-04
  4.34070807e-04 4.21461012e-04 4.06999257e-04 3.85614292e-04
  4.02299675e-04 3.80477946e-04 4.01607468e-04 3.79886105e-04
  4.01041520e-04 3.81239933e-04]
 [5.66192658e-03 4.14218481e-03 3.67668945e-03 3.62877317e-03
  3.29243861e-03 3.47155801e-03 3.40306493e-03 2.86364776e-03
  3.33390017e-03 2.76278585e-03 2.87014718e-03 2.81497683e-03
  2.68117342e-03 2.25746267e-03 2.76195711e-03 2.39940512e-03
  2.86184765e-03 2.42849054e-03 2.53457510e-03 2.43014067e-03
  2.76880758e-03 2.18571741e-03 2.07211166e-03 1.95383880e-03
  2.19555449e-03 1.85036440e-03 2.22897923e-03 2.12551685e-03
  1.84684064e-03 2.15940207e-03 1.84230213e-03 1.99484274e-03
  1.76258599e-03 1.75921809e-03 1.81568496e-03 1.89331845e-03
  1.84050239e-03 1.82541615e-03 1.53036379e-03 1.93103953e-03
  1.71140605e-03 1.69304608e-03 1.68647867e-03 1.70214018e-03
  1.84474180e-03 1.80864994e-03 1.73265310e-03 1.80023048e-03
  1.54306117e-03 1.62375226e-03]
 [7.74213522e-03 8.16272201e-03 8.34845798e-03 8.53403440e-03
  8.63217170e-03 8.45922505e-03 8.79168228e-03 8.93333033e-03
  8.87434260e-03 8.83415698e-03 9.03657438e-03 9.04650593e-03
  8.93440286e-03 9.18170485e-03 9.16776152e-03 9.17639129e-03
  9.01102931e-03 9.08690916e-03 9.14259399e-03 9.24407765e-03
  9.12423281e-03 9.02580130e-03 9.17412807e-03 9.27181139e-03
  9.31358487e-03 9.17938923e-03 9.25357367e-03 9.22258779e-03
  9.25603363e-03 9.33849050e-03 9.13681394e-03 9.15638390e-03
  9.29393357e-03 9.30723409e-03 9.25373319e-03 9.21164084e-03
  9.16567142e-03 9.25033102e-03 9.14992806e-03 9.24713012e-03
  9.23776822e-03 9.25039708e-03 9.27369107e-03 9.14668542e-03
  9.24724061e-03 9.22449767e-03 9.14792557e-03 9.21404155e-03
  9.14835641e-03 9.44021390e-03]
 [9.11139730e-03 9.20377883e-03 9.51264502e-03 9.56939848e-03
  9.51663777e-03 9.46462293e-03 9.43969147e-03 9.44023350e-03
  9.61063778e-03 9.51426178e-03 9.53772010e-03 9.57801148e-03
  9.47412703e-03 9.52230440e-03 9.53402953e-03 9.45721872e-03
  9.50114917e-03 9.59261304e-03 9.50362605e-03 9.56427615e-03
  9.47574359e-03 9.38843709e-03 9.41245674e-03 9.52575384e-03
  9.41010641e-03 9.39701851e-03 9.48836035e-03 9.48699096e-03
  9.49731167e-03 9.47131084e-03 9.43166797e-03 9.56154538e-03
  9.43492205e-03 9.44995755e-03 9.54964167e-03 9.44602026e-03
  9.50246647e-03 9.56220436e-03 9.45264420e-03 9.63969573e-03
  9.49393178e-03 9.50244364e-03 9.53517667e-03 9.48050639e-03
  9.54681084e-03 9.54370739e-03 9.53294612e-03 9.45384296e-03
  9.50943331e-03 9.49883084e-03]
 [9.69916539e-03 9.63904881e-03 9.67069859e-03 9.70374272e-03
  9.68824229e-03 9.72985849e-03 9.72026478e-03 9.75215792e-03
  9.73158926e-03 9.65481661e-03 9.84796674e-03 9.72574479e-03
  9.70136494e-03 9.72840189e-03 9.73461546e-03 9.73121824e-03
  9.73839518e-03 9.64477758e-03 9.72468429e-03 9.63606239e-03
  9.69951379e-03 9.61788916e-03 9.70138407e-03 9.72985557e-03
  9.69550301e-03 9.63277706e-03 9.71689844e-03 9.72421660e-03
  9.71661053e-03 9.74359426e-03 9.72412211e-03 9.76118024e-03
  9.76811736e-03 9.70779987e-03 9.79147441e-03 9.83430570e-03
  9.77929508e-03 9.72246800e-03 9.74530214e-03 9.70701331e-03
  9.76487680e-03 9.76469432e-03 9.68779903e-03 9.69835525e-03
  9.73547916e-03 9.77555516e-03 9.67776271e-03 9.78237982e-03
  9.73234823e-03 9.72208298e-03]]
variance: [[1.50054623e-05 8.12598849e-08 2.01196686e-08 1.79704198e-08
  7.30418481e-09 4.57288167e-09 7.47087326e-09 3.54616086e-09
  3.43384001e-09 1.21468935e-09 1.70281959e-09 1.03995240e-09
  1.74053406e-09 1.21543654e-09 9.70708191e-10 1.14489662e-09
  1.18310612e-09 9.54301725e-10 5.75963193e-10 1.02171752e-09
  5.84627407e-10 5.41289140e-10 4.67791287e-10 6.75197242e-10
  6.13583898e-10 6.27896745e-10 4.60745845e-10 5.63566343e-10
  4.81938731e-10 4.62537580e-10 5.93594308e-10 7.89319973e-10
  3.75679293e-10 3.10916994e-10 3.17382972e-10 4.23426311e-10
  4.52858011e-10 3.68500539e-10 3.88558613e-10 5.72693239e-10
  2.90292654e-10 3.24525081e-10 2.68906945e-10 4.50512425e-10
  4.72084788e-10 4.40462481e-10 2.66038086e-10 2.98204757e-10
  3.24466343e-10 2.68643669e-10]
 [1.42144086e-06 1.46868838e-07 2.99649759e-08 1.53129425e-08
  1.92708220e-08 1.06479772e-08 5.51793870e-09 6.80370421e-09
  3.46409318e-09 2.34751336e-09 2.74282739e-09 1.87596109e-09
  1.74352483e-09 2.22381957e-09 1.96240060e-09 1.78847527e-09
  1.03972539e-09 9.27022315e-10 1.55201439e-09 1.01650326e-09
  1.05402404e-09 7.63448273e-10 1.00799917e-09 9.70376523e-10
  8.56505544e-10 6.76079961e-10 6.52021477e-10 8.10383372e-10
  6.77315081e-10 6.96200744e-10 5.26425146e-10 4.83126695e-10
  8.44350680e-10 5.48442989e-10 4.01338732e-10 5.26626725e-10
  6.46754349e-10 5.31793254e-10 4.25061123e-10 3.96686009e-10
  3.94912138e-10 4.85299708e-10 4.03582810e-10 3.96258833e-10
  4.16950540e-10 3.63117993e-10 4.59620079e-10 3.51243779e-10
  2.62193032e-10 3.80374699e-10]
 [3.18666132e-06 1.59004091e-07 7.16540784e-08 4.83660551e-08
  2.67685956e-08 2.32123965e-08 1.37998791e-08 1.21143550e-08
  9.12461103e-09 5.75076824e-09 8.60428865e-09 6.19237460e-09
  5.05812603e-09 8.18276981e-09 6.20105689e-09 3.56235241e-09
  3.64369798e-09 3.25863203e-09 3.32328419e-09 3.36595253e-09
  3.19859910e-09 2.89027553e-09 2.33214578e-09 2.74365666e-09
  3.30652064e-09 2.53499482e-09 2.76702957e-09 2.63616715e-09
  1.73273211e-09 2.69975168e-09 2.32907170e-09 1.77657249e-09
  1.67569691e-09 1.57824931e-09 1.72974037e-09 1.81120312e-09
  1.58913937e-09 1.66371034e-09 1.23064529e-09 1.61125775e-09
  1.52978010e-09 1.60478393e-09 1.66221542e-09 1.23277525e-09
  1.16787081e-09 1.43044242e-09 1.43409642e-09 1.10043667e-09
  1.52239431e-09 1.18073831e-09]
 [4.79241283e-06 2.05491606e-06 1.34941797e-07 4.55484805e-07
  5.62713864e-08 4.38501815e-08 6.65256311e-08 3.36413615e-08
  2.20755575e-08 2.43450295e-08 1.90445783e-08 1.49670832e-08
  1.58391131e-08 1.20194675e-08 1.18903741e-08 1.66421627e-08
  8.70117750e-09 1.07055182e-08 1.05641471e-08 8.22680685e-09
  8.26215841e-09 7.53472151e-09 6.34649421e-09 6.57045345e-09
  4.43505503e-09 6.57279716e-09 8.08374742e-09 8.40074366e-09
  8.18809549e-09 6.88178584e-09 6.23822716e-09 5.21946190e-09
  5.68214514e-09 5.12882181e-09 6.79658103e-09 4.35224619e-09
  5.08729526e-09 5.01251727e-09 4.70202173e-09 4.12400614e-09
  5.16302800e-09 4.76632375e-09 4.75851286e-09 4.32985390e-09
  4.63344165e-09 4.75261156e-09 6.18427990e-09 4.13093193e-09
  3.78967097e-09 4.14382441e-09]
 [1.29779354e-05 5.86730381e-06 2.15661630e-06 1.15875321e-06
  9.83338506e-07 8.08372784e-08 2.48468081e-07 1.39294046e-07
  7.73595656e-08 7.05733657e-08 4.78506630e-08 8.72252889e-08
  4.33492296e-08 4.54301768e-08 3.02836332e-08 4.17179211e-08
  3.39308470e-08 3.86336812e-08 2.34502964e-08 1.95210763e-08
  2.42013524e-08 2.61899104e-08 1.82802305e-08 1.92168874e-08
  2.33001756e-08 1.99836510e-08 2.12389757e-08 1.55978183e-08
  1.42464651e-08 1.99989191e-08 1.47787376e-08 1.42079066e-08
  1.44369488e-08 1.71834850e-08 1.55802032e-08 1.38357586e-08
  1.34098782e-08 1.30764790e-08 1.33359332e-08 1.44388552e-08
  1.17460037e-08 1.21642213e-08 1.30085535e-08 1.09619403e-08
  1.19599606e-08 1.07984140e-08 1.18314553e-08 1.25028350e-08
  9.17533630e-09 1.21168698e-08]
 [1.74180000e-05 1.36374175e-05 1.19300327e-05 8.19777372e-06
  6.01337068e-06 4.58411935e-06 2.83797828e-06 2.67925350e-06
  1.76352198e-06 1.08289920e-06 2.49929592e-06 7.65398361e-07
  8.31403028e-07 2.32366184e-07 7.79663194e-07 3.05470379e-07
  4.78556929e-07 1.69345410e-07 2.16760932e-07 1.19515080e-07
  1.21421348e-07 1.39841209e-07 1.01840897e-07 9.11156329e-08
  9.88649939e-08 9.31275123e-08 1.16755111e-07 8.69631555e-08
  6.85084046e-08 4.57279080e-07 6.16327879e-08 8.61330572e-08
  7.08660574e-08 7.37282690e-08 8.33658032e-08 2.33331748e-07
  5.74778329e-08 7.25586162e-08 5.62042941e-08 5.38600734e-08
  6.37911648e-08 5.19967411e-08 4.38604428e-08 4.55215515e-08
  4.33091139e-08 4.17417447e-08 4.54310357e-08 4.39522049e-08
  3.85342791e-08 3.86777276e-08]
 [2.00550600e-05 1.90164553e-05 1.61825834e-05 1.64857542e-05
  1.44060381e-05 1.46715042e-05 1.38043020e-05 1.20558007e-05
  1.30070089e-05 1.03784443e-05 1.10816767e-05 1.03328675e-05
  9.49166162e-06 7.48875285e-06 8.60154167e-06 7.67655744e-06
  9.70342769e-06 8.39720312e-06 8.38055512e-06 8.53331681e-06
  9.57217827e-06 6.57320218e-06 6.19532683e-06 5.50397009e-06
  5.74077994e-06 4.62708296e-06 5.90239116e-06 5.70693986e-06
  4.64221518e-06 5.88426328e-06 3.98036796e-06 5.07295504e-06
  3.70266670e-06 4.06571400e-06 3.71507162e-06 3.94002133e-06
  3.75965834e-06 3.85637804e-06 2.56423126e-06 4.27615638e-06
  3.38313375e-06 2.83724380e-06 2.50027445e-06 2.87256849e-06
  3.37174179e-06 3.11777700e-06 3.05228839e-06 2.96733506e-06
  1.79840317e-06 2.09095873e-06]
 [1.32282586e-05 1.00604974e-05 8.06287378e-06 7.15947767e-06
  6.07192252e-06 7.57571915e-06 4.02674224e-06 4.05087284e-06
  3.89427362e-06 4.14295351e-06 2.92580559e-06 2.67592940e-06
  2.97546661e-06 2.46674490e-06 1.78651054e-06 2.10655059e-06
  2.29065684e-06 1.98447457e-06 2.03385564e-06 2.22917453e-06
  2.02631904e-06 1.84982721e-06 2.17054129e-06 1.80652171e-06
  1.69002216e-06 1.77393285e-06 2.01966688e-06 1.89360525e-06
  2.03124966e-06 1.91725820e-06 1.71429135e-06 1.96525743e-06
  1.84832904e-06 1.75859645e-06 2.01481612e-06 1.77573599e-06
  1.81010672e-06 1.86286461e-06 1.91096323e-06 1.74469258e-06
  2.07026510e-06 1.71878819e-06 1.95166069e-06 2.03306345e-06
  1.87678228e-06 1.85085219e-06 1.84579848e-06 1.64680610e-06
  1.91865169e-06 1.90643511e-06]
 [5.16969811e-06 3.43286947e-06 1.29143679e-06 1.17899102e-06
  1.27469636e-06 1.34074857e-06 1.26521824e-06 1.33551735e-06
  1.08467274e-06 1.33281649e-06 1.33065494e-06 1.19906938e-06
  1.34986894e-06 1.27023553e-06 1.20728491e-06 1.23743604e-06
  1.25058267e-06 1.19221005e-06 1.24858185e-06 1.30862813e-06
  1.28849194e-06 1.15371656e-06 1.26034035e-06 1.19051608e-06
  1.10091447e-06 1.29608873e-06 1.31176045e-06 1.15953726e-06
  1.25400891e-06 1.25149868e-06 1.25894836e-06 1.24496500e-06
  1.29785182e-06 1.35012438e-06 1.39190987e-06 1.24106152e-06
  1.35583857e-06 1.25040600e-06 1.14983298e-06 1.17346870e-06
  1.27137201e-06 1.13430583e-06 1.26543938e-06 1.33203011e-06
  1.37228972e-06 1.10515904e-06 1.25553649e-06 1.32162491e-06
  1.29294707e-06 1.29864584e-06]
 [1.93112172e-06 1.25473089e-06 8.63110384e-07 7.82478998e-07
  1.01225594e-06 9.59189858e-07 7.71633859e-07 8.56887520e-07
  9.49570712e-07 1.03126831e-06 7.22345189e-07 7.85518209e-07
  9.16769197e-07 7.92168413e-07 1.06520453e-06 8.82928334e-07
  7.50446402e-07 9.73617165e-07 7.85255324e-07 9.12573168e-07
  9.37466945e-07 1.01214984e-06 8.35907112e-07 7.71677127e-07
  8.70613727e-07 8.96260938e-07 8.61296033e-07 9.65145159e-07
  8.77175801e-07 8.62499364e-07 8.37440123e-07 1.01152849e-06
  8.48362665e-07 9.00990755e-07 7.83557731e-07 8.57747439e-07
  8.53791925e-07 8.74253493e-07 7.58157236e-07 9.22275380e-07
  7.65624008e-07 8.71006894e-07 1.06027372e-06 7.70641133e-07
  8.65750978e-07 8.16844079e-07 9.59875810e-07 8.29642410e-07
  8.82088737e-07 9.13288907e-07]]
