args:  Namespace(attack='fgsm', gaussian=True, l2=0.5, ndim=1)
elapsed time: 2599.8736746289997
mins: [[2.84493087e-08 6.23360776e-08 1.00856738e-07 1.08126471e-06
  2.93041480e-10 1.82745339e-08 6.60980959e-09 6.96510995e-07
  5.24072050e-07 1.04173466e-07 2.85181136e-06 1.97885356e-06
  1.31192834e-07 1.02544220e-06 2.53061789e-05 2.80364134e-06
  1.09757668e-04 2.49694458e-05 1.27328909e-04 3.54651347e-05
  3.96516407e-06 7.23163539e-05 3.94259769e-06 3.29551549e-04
  1.50960041e-04 1.30423199e-04 1.39281938e-05 2.62009712e-06
  1.68192321e-06 9.00513351e-06]
 [8.36444958e-09 2.77189429e-07 1.11325583e-07 1.26545572e-07
  1.10507727e-07 2.01549089e-09 1.98871433e-07 4.96123050e-07
  1.14209286e-06 6.17375179e-07 1.24934622e-05 3.01617553e-09
  5.72124179e-07 4.88494845e-09 1.18185044e-05 7.95953611e-07
  2.95338032e-05 4.52418391e-07 3.44049596e-07 4.32253046e-06
  9.12400355e-06 7.94699133e-07 3.07793039e-06 9.45426734e-07
  1.34065922e-05 6.94329901e-06 2.96194594e-06 1.08615322e-05
  1.42382123e-05 4.94396818e-06]
 [5.36495126e-10 2.13291258e-07 1.65221010e-07 1.15363852e-08
  1.07872495e-07 3.07646673e-08 8.02121107e-08 8.53633324e-08
  1.91353156e-08 2.49112873e-08 2.63412494e-06 1.05423815e-07
  5.20480216e-06 5.85482394e-06 5.45634521e-06 4.82928590e-06
  1.05092759e-05 1.59053144e-07 4.47047432e-06 5.62600053e-06
  6.96971028e-06 2.12748200e-05 5.92874640e-05 3.66166404e-08
  4.77919639e-05 7.73130159e-05 7.32709941e-06 2.48701838e-07
  1.53178917e-06 6.67073482e-06]
 [2.05782180e-06 3.23331363e-07 4.07799767e-08 6.74118039e-10
  1.73063006e-06 1.49323182e-06 1.41966780e-07 1.51569793e-07
  4.46145918e-07 7.99894408e-08 1.06498703e-07 3.95742927e-06
  4.19090202e-06 1.04496920e-07 1.44811520e-05 1.71134652e-05
  2.41476891e-06 3.58812855e-08 5.28060591e-05 5.69980159e-07
  2.10758571e-05 3.93677692e-06 2.71739864e-05 5.88771456e-07
  1.79696293e-08 4.16225157e-06 2.66740099e-05 3.60095233e-04
  6.85038140e-06 9.39721019e-07]
 [3.78306538e-07 8.22711428e-08 2.08610032e-07 7.70103057e-08
  1.98967143e-07 9.62834932e-08 1.52122581e-07 4.61743070e-07
  5.08808391e-08 8.88889105e-08 1.13197451e-08 3.82445791e-07
  2.46980790e-07 3.57603540e-06 2.14443480e-05 2.33607207e-05
  6.25147791e-08 7.65347124e-07 4.19974100e-08 8.02571890e-07
  2.22113886e-06 6.24387985e-06 1.40009843e-05 1.74461547e-06
  1.04060773e-05 8.86860835e-06 2.04039884e-06 5.94474670e-07
  9.22542458e-05 1.25329985e-04]
 [1.91597292e-06 1.02456115e-08 8.85977087e-08 1.02118527e-08
  5.02761610e-09 5.67687493e-07 3.69687783e-08 7.01574152e-07
  1.99821901e-08 9.27235988e-07 2.23820939e-06 6.16045895e-07
  3.81708958e-07 1.43407533e-06 1.21933637e-08 8.96939554e-08
  9.97806637e-08 1.72348464e-05 2.05193955e-05 1.99793249e-06
  3.03063825e-06 1.64004596e-05 2.33085373e-08 3.48713766e-05
  1.15835464e-05 1.67253643e-06 3.98353450e-06 1.29652688e-06
  5.78975869e-06 1.29874891e-07]
 [2.53838888e-08 2.65171821e-07 4.67467167e-08 4.60124397e-07
  2.74622147e-09 1.13827411e-06 2.40320492e-06 3.86629836e-07
  7.55681526e-08 1.67782866e-06 1.46612592e-07 5.29455292e-06
  1.26062602e-07 2.86134127e-06 3.76989328e-06 5.85391888e-07
  1.28633951e-06 2.21657524e-06 2.48496121e-06 3.10675455e-06
  4.31737681e-06 8.77199091e-10 5.35914587e-05 3.27964813e-06
  1.10721427e-04 6.46734115e-05 3.16950027e-05 7.34805144e-05
  1.81129360e-06 5.17484796e-06]
 [1.32428295e-06 4.00690696e-11 3.46732861e-07 1.08255422e-08
  5.56835403e-06 1.71555570e-09 6.69390829e-06 9.60291709e-06
  2.16291429e-08 5.57797080e-07 6.24998802e-06 1.11678060e-06
  2.41466694e-07 1.10904367e-07 1.17546927e-06 2.83950445e-08
  1.17124682e-06 1.55512976e-06 6.96253619e-06 1.97321078e-05
  2.86406430e-06 6.53774896e-06 2.78770149e-05 6.19022913e-08
  9.29853377e-06 4.54015435e-07 5.58699185e-06 1.72513810e-05
  4.65722478e-05 1.96651376e-06]
 [1.38538169e-07 3.99703630e-08 7.68635800e-07 3.13650683e-09
  2.54110546e-06 3.62914854e-09 1.39983968e-07 4.02284456e-07
  1.82131998e-09 5.23159756e-08 2.51346009e-05 2.20133558e-07
  2.27942457e-11 2.73439218e-06 1.25552669e-05 1.13935539e-06
  1.78334187e-06 1.49686770e-07 8.98036160e-05 4.35431275e-06
  5.02164221e-06 1.21682342e-06 2.50160483e-05 1.48398146e-06
  5.01630457e-05 1.11731651e-07 5.01714055e-07 9.08471787e-09
  2.57085571e-06 1.75284435e-06]
 [5.66681990e-07 1.13571912e-06 7.26596072e-09 5.34540106e-07
  3.32375265e-07 8.02433078e-07 1.24922735e-06 3.70006433e-06
  1.67118003e-06 3.27752423e-05 3.71110218e-08 1.35742876e-05
  1.46681074e-07 4.40695794e-06 1.83004886e-06 5.30921079e-06
  2.70910073e-06 6.59818454e-07 1.18191451e-06 5.65489074e-07
  2.50852590e-05 6.59489233e-05 2.02171077e-06 1.32558207e-05
  1.11169697e-06 3.27113958e-05 1.16515650e-07 8.05835862e-06
  8.92339995e-06 3.75871787e-05]
 [3.12984707e-06 1.07001141e-09 6.60506146e-07 8.47163619e-07
  1.27608462e-06 6.69976927e-08 1.88048725e-05 1.20503034e-06
  1.35262405e-06 3.56941072e-08 3.99627396e-07 1.97822337e-05
  3.62211381e-07 4.20256612e-07 5.02448056e-05 2.24811615e-07
  8.17366530e-09 6.58908561e-07 1.29508862e-06 2.71628669e-04
  8.17864493e-05 1.52114690e-05 3.22435731e-08 3.69229497e-06
  3.21332141e-06 4.47831638e-08 3.80594770e-06 1.75044624e-06
  3.40246072e-04 2.09045851e-07]
 [6.31220985e-07 1.53084496e-08 2.84517654e-09 5.70475265e-07
  7.51064192e-07 5.81531083e-07 4.83712211e-06 1.69251450e-06
  4.19692697e-07 5.00465139e-05 1.04403996e-04 9.99803405e-08
  5.28369867e-07 4.61386747e-07 1.17171643e-04 9.34304408e-05
  6.74809125e-05 4.95119311e-05 4.41491966e-06 8.13311708e-05
  1.91952586e-05 2.39460478e-05 1.13886526e-05 7.40040150e-06
  1.47514220e-04 3.39893377e-05 1.17441177e-05 8.74918769e-05
  1.14344368e-06 4.24058862e-06]
 [5.07064726e-07 4.16025750e-06 4.88423175e-05 5.08296362e-05
  6.72687675e-05 2.31393686e-04 5.33116872e-05 6.41908218e-06
  3.07894690e-04 1.44099281e-03 3.28671100e-04 6.54991454e-05
  9.21486819e-04 2.35899497e-04 8.03752337e-04 2.07478533e-05
  8.42141686e-04 1.94821791e-06 8.40637949e-05 3.72136965e-05
  4.93150073e-05 1.59430387e-03 1.05136237e-03 4.17156192e-03
  9.37948190e-03 1.35632217e-05 2.33661573e-04 1.16790191e-03
  1.01593335e-03 3.73314659e-04]
 [2.37584032e-08 5.60614012e-07 7.43664774e-09 1.30038202e-09
  5.87701688e-05 5.39313024e-03 6.11897631e-05 2.68752920e-04
  2.71238182e-02 1.44463237e-02 5.84620284e-04 7.45878497e-04
  1.08538335e-03 3.93081531e-02 1.39408056e-02 2.97370441e-02
  4.40023392e-02 4.57624301e-05 7.42758438e-02 1.93572100e-02
  1.25148548e-02 1.03607681e-03 1.26208533e-02 2.34602690e-02
  6.61735460e-02 1.65593475e-02 7.77999461e-02 7.69205987e-02
  2.58556865e-02 2.28579804e-01]
 [1.55366450e-07 2.01164457e-05 7.21344262e-10 2.14835236e-04
  1.06307091e-02 1.25971666e-04 1.57417299e-03 1.33128641e-02
  9.14845690e-02 6.79047182e-02 1.79183464e-02 3.39249596e-02
  7.53214676e-03 1.41050396e-02 8.96154866e-02 8.73572528e-02
  1.56163305e-01 2.36880183e-01 1.94898203e-01 1.12207308e-01
  2.41447866e-01 2.69074321e-01 2.92820305e-01 5.21470547e-01
  1.77411079e-01 2.53655404e-01 4.63677317e-01 1.81962967e-01
  1.14665888e-01 6.36617899e-01]]
maxs: [[1.97409719e-01 8.67863834e-01 1.76126635e+00 1.04662883e+00
  1.67517471e+00 1.04846776e+00 4.20016193e+00 2.20657325e+00
  1.81549764e+00 2.07263374e+00 2.01248646e+00 2.92573833e+00
  2.99808192e+00 3.97492194e+00 5.55792189e+00 4.59898329e+00
  7.89087057e+00 1.23744459e+01 1.11919222e+01 6.37261677e+00
  6.41167641e+00 6.56758595e+00 5.24448967e+00 1.47928457e+01
  9.35329342e+00 1.17563829e+01 1.04709215e+01 1.01309433e+01
  1.11202860e+01 1.16485481e+01]
 [3.56814951e-01 5.85845232e-01 6.29017115e-01 7.21594632e-01
  2.35208058e+00 1.80051374e+00 2.02670312e+00 2.26319027e+00
  2.40016794e+00 2.93521357e+00 1.79548645e+00 4.58658981e+00
  2.97665834e+00 3.09129977e+00 4.36491966e+00 4.07899570e+00
  8.28155041e+00 8.95997334e+00 6.49183702e+00 7.24983835e+00
  7.13286972e+00 9.94807053e+00 8.29408646e+00 1.02998495e+01
  1.88311481e+01 9.77781391e+00 1.95482216e+01 1.01158619e+01
  9.92727089e+00 1.55282154e+01]
 [1.31164879e-01 9.40627694e-01 2.79868722e-01 5.62956572e-01
  7.55660713e-01 1.25249004e+00 9.43455815e-01 9.97594535e-01
  3.81934333e+00 3.33668447e+00 4.16159534e+00 3.88086057e+00
  4.15439463e+00 3.34775639e+00 4.06970882e+00 5.89192247e+00
  6.13698912e+00 9.94190884e+00 5.62730455e+00 7.18273354e+00
  6.13714123e+00 1.85137424e+01 1.03106089e+01 1.90024338e+01
  9.84915638e+00 1.14784899e+01 1.18124256e+01 9.93270683e+00
  1.80136108e+01 1.78445148e+01]
 [1.76670700e-01 4.12279636e-01 9.19779837e-01 1.07026982e+00
  1.62526858e+00 1.08083320e+00 1.13123655e+00 2.09135270e+00
  3.12580729e+00 4.03612185e+00 3.91480923e+00 6.22437143e+00
  5.12009144e+00 5.54500961e+00 4.82463980e+00 6.42505264e+00
  6.26682854e+00 8.94254303e+00 8.12283039e+00 1.03466654e+01
  9.65125370e+00 1.16191196e+01 9.49803162e+00 8.71994114e+00
  1.13300591e+01 1.21004372e+01 1.36256132e+01 1.92805099e+01
  2.09437447e+01 1.21326723e+01]
 [3.98595363e-01 1.70830473e-01 7.37860024e-01 8.54387999e-01
  1.80250013e+00 1.34784174e+00 2.35710645e+00 5.13297892e+00
  2.63640666e+00 3.64799523e+00 5.19252491e+00 5.97947407e+00
  5.25187540e+00 8.13608932e+00 4.81058884e+00 8.58687401e+00
  8.40756416e+00 1.08530159e+01 7.15152645e+00 8.34470272e+00
  8.63362789e+00 1.27252340e+01 1.30319443e+01 1.31532974e+01
  1.56168480e+01 1.23726473e+01 2.21330109e+01 1.62444611e+01
  1.72824821e+01 2.24494514e+01]
 [1.24520756e-01 2.49200270e-01 4.86834764e-01 1.66556871e+00
  1.26673782e+00 2.69213295e+00 5.12042618e+00 3.27632165e+00
  2.02610087e+00 3.44953775e+00 5.70792246e+00 8.18883705e+00
  1.20318298e+01 7.90101385e+00 6.91931295e+00 6.87594652e+00
  8.14311123e+00 7.87325382e+00 1.01791945e+01 1.48091116e+01
  1.32446032e+01 2.00527802e+01 1.48494387e+01 1.54163208e+01
  1.73413887e+01 1.43486032e+01 1.96220570e+01 1.55047054e+01
  2.14573631e+01 1.93795185e+01]
 [1.32428303e-01 4.52285528e-01 4.91352230e-01 1.10658753e+00
  7.92479873e-01 2.39816427e+00 4.36407375e+00 2.94384551e+00
  3.35030365e+00 3.49577188e+00 1.01090031e+01 6.11996317e+00
  8.35346699e+00 6.09016657e+00 6.09393740e+00 8.41654778e+00
  1.04740486e+01 7.14611578e+00 1.13815556e+01 1.96772041e+01
  1.94868317e+01 1.66866837e+01 1.74132576e+01 1.17609463e+01
  1.99903584e+01 2.38880367e+01 2.76393261e+01 1.45499239e+01
  3.26440239e+01 1.86409836e+01]
 [3.89293909e-01 4.79248703e-01 4.33229297e-01 1.13548243e+00
  2.78319979e+00 2.22649026e+00 3.27650595e+00 5.24969530e+00
  3.24332976e+00 4.24399519e+00 4.72375202e+00 5.55912352e+00
  7.77811766e+00 8.46944714e+00 8.86909008e+00 1.06456356e+01
  8.36233425e+00 1.16287727e+01 1.27334557e+01 1.37456017e+01
  1.48050222e+01 1.50696573e+01 1.86665173e+01 1.33694973e+01
  2.17615337e+01 1.68050175e+01 1.96816559e+01 2.40160007e+01
  2.58981037e+01 2.68186092e+01]
 [3.19474220e-01 2.93078512e-01 3.41365242e+00 1.67573881e+00
  1.24796033e+00 2.17099071e+00 2.00848985e+00 3.53829122e+00
  4.22468042e+00 5.43902111e+00 5.23188114e+00 5.44233656e+00
  6.90708113e+00 7.70667887e+00 8.31644154e+00 8.72222042e+00
  1.20476780e+01 1.10148716e+01 2.14648933e+01 1.63892937e+01
  2.11407280e+01 1.65258732e+01 1.70049267e+01 1.81099854e+01
  1.80544987e+01 2.93815384e+01 2.04360600e+01 2.71251545e+01
  1.94439945e+01 2.83431492e+01]
 [5.17406881e-01 5.10626137e-01 1.45238209e+00 1.02018082e+00
  2.23525715e+00 2.71680593e+00 2.60672116e+00 4.55255938e+00
  6.66000795e+00 6.70658922e+00 7.46308184e+00 8.57873917e+00
  8.20383835e+00 9.94344616e+00 9.62338638e+00 9.89130116e+00
  1.14113131e+01 2.73141537e+01 1.83564568e+01 1.32510977e+01
  1.57535286e+01 1.92134724e+01 2.26381512e+01 1.91286335e+01
  2.41365356e+01 1.83545132e+01 2.83422165e+01 2.56734524e+01
  3.42524872e+01 2.48265438e+01]
 [1.36877999e-01 7.86484778e-01 6.97265387e-01 1.54588735e+00
  1.79439116e+00 2.16079950e+00 5.51941490e+00 3.34917116e+00
  6.55087090e+00 5.08809185e+00 5.52848864e+00 8.84574509e+00
  8.38907719e+00 1.03457108e+01 1.15744114e+01 1.01642084e+01
  3.58829918e+01 1.12382622e+01 1.34088268e+01 2.29176311e+01
  3.10584602e+01 2.22412281e+01 2.66152782e+01 2.30047665e+01
  3.88176918e+01 2.68033466e+01 3.01780415e+01 3.14817276e+01
  3.89854851e+01 3.46068192e+01]
 [2.38065705e-01 2.14906335e+00 1.43700182e+00 1.55983627e+00
  3.59994316e+00 3.89246154e+00 7.09802246e+00 6.12172365e+00
  4.18907261e+00 1.29119759e+01 1.17719555e+01 1.45916252e+01
  1.36669321e+01 1.41493111e+01 2.09356346e+01 1.94868336e+01
  1.95210571e+01 3.49506111e+01 2.47010574e+01 2.88640213e+01
  4.07638092e+01 3.75916977e+01 2.76481476e+01 3.29586487e+01
  3.35737991e+01 3.58955841e+01 5.06240005e+01 6.48236313e+01
  6.53169327e+01 5.39028778e+01]
 [1.19909072e+00 9.34028029e-01 2.38552785e+00 3.16302347e+00
  4.78524160e+00 6.79968834e+00 5.28871632e+00 1.01638632e+01
  9.11674976e+00 1.40220032e+01 2.23193245e+01 3.03200417e+01
  2.45036125e+01 1.74110374e+01 3.24004135e+01 2.68134880e+01
  3.37761993e+01 2.85834408e+01 3.42986221e+01 4.22701454e+01
  7.62570496e+01 3.79721184e+01 5.43575592e+01 5.39932213e+01
  5.93526840e+01 7.68920593e+01 7.26262436e+01 7.08964233e+01
  8.66244125e+01 8.99029846e+01]
 [5.29420912e-01 8.23733151e-01 4.05963945e+00 3.75351691e+00
  7.82249069e+00 9.11203575e+00 9.61924744e+00 1.29490080e+01
  1.54126844e+01 2.00634785e+01 3.08922844e+01 2.21828346e+01
  2.70169182e+01 3.55227203e+01 4.04242439e+01 4.12021942e+01
  6.91167221e+01 4.78839874e+01 6.59834595e+01 5.58411369e+01
  8.21618729e+01 8.25428162e+01 8.14905777e+01 1.24295891e+02
  8.32654724e+01 1.10105225e+02 1.27400642e+02 1.04066994e+02
  1.26876770e+02 1.15927269e+02]
 [1.29524112e+00 3.06391811e+00 3.19371009e+00 8.32891846e+00
  6.15820599e+00 9.65138626e+00 1.48632984e+01 1.73687325e+01
  2.26430511e+01 2.99083195e+01 3.58116264e+01 3.76375999e+01
  4.21769905e+01 5.94097519e+01 5.62425156e+01 5.57795868e+01
  7.63745575e+01 1.02591896e+02 9.35030060e+01 8.01060791e+01
  1.15017220e+02 1.44398071e+02 1.25663109e+02 1.10736549e+02
  1.21456886e+02 2.05754166e+02 1.61801727e+02 1.56014420e+02
  2.03350235e+02 1.88656921e+02]]
test_losses: [[1.44858784e-02 1.60683969e-02 2.85480852e-02 2.75294110e-02
  5.84475976e-02 4.00825132e-02 1.15823047e-01 1.18298449e-01
  1.39670098e-01 1.64638260e-01 1.86213193e-01 2.50582372e-01
  3.78566194e-01 3.55881434e-01 4.48356298e-01 4.49290980e-01
  5.57608237e-01 6.18443952e-01 8.07458280e-01 7.39736994e-01
  8.75272620e-01 9.50847547e-01 9.59953006e-01 1.10495788e+00
  1.26046663e+00 1.22212800e+00 1.54296224e+00 1.41889795e+00
  1.68643667e+00 1.69424530e+00]
 [1.65412349e-02 1.43510279e-02 1.58076851e-02 3.41427630e-02
  5.77373988e-02 7.39282197e-02 9.15909114e-02 1.12199747e-01
  1.36879533e-01 2.04383268e-01 2.16851668e-01 3.47157942e-01
  3.04441360e-01 4.35414100e-01 4.59549394e-01 4.23951920e-01
  6.34994710e-01 7.38890915e-01 7.20669874e-01 8.59553982e-01
  9.47794763e-01 1.09783388e+00 1.20287751e+00 1.23907781e+00
  1.29409998e+00 1.57465115e+00 1.60316756e+00 1.67344141e+00
  1.84241701e+00 1.88730833e+00]
 [1.23236944e-02 1.84884304e-02 1.48430451e-02 2.03767741e-02
  4.54125257e-02 8.28857775e-02 8.12136910e-02 1.10811229e-01
  2.04843959e-01 1.75209786e-01 2.26640401e-01 3.64408440e-01
  4.53971088e-01 4.33747470e-01 4.49506085e-01 6.50547637e-01
  6.94077070e-01 8.29834897e-01 7.00242150e-01 7.84951222e-01
  9.38128784e-01 1.13058351e+00 1.27580697e+00 1.60212452e+00
  1.37179662e+00 1.73478842e+00 1.71887430e+00 1.79145680e+00
  2.02346269e+00 2.30168343e+00]
 [1.14087907e-02 1.64262987e-02 2.08068275e-02 4.52607680e-02
  5.71300141e-02 6.65098257e-02 9.69655188e-02 1.30425983e-01
  2.27718579e-01 2.25244240e-01 2.62915314e-01 3.56315179e-01
  4.23188348e-01 5.36381928e-01 5.91779490e-01 7.43872314e-01
  7.70798852e-01 9.09904977e-01 1.04265376e+00 1.27077039e+00
  1.24889630e+00 1.43552143e+00 1.35269262e+00 1.51506052e+00
  1.74084431e+00 1.87930701e+00 2.09162691e+00 2.26683579e+00
  2.02598852e+00 2.13031819e+00]
 [1.26784885e-02 1.04129378e-02 2.07808191e-02 3.04305674e-02
  5.84207225e-02 1.03888136e-01 1.49496764e-01 1.55482220e-01
  2.34318972e-01 2.48769869e-01 3.21812925e-01 4.05585504e-01
  4.30317357e-01 6.02928831e-01 6.50633307e-01 6.68842851e-01
  7.73785291e-01 9.75876038e-01 8.96003515e-01 1.06647475e+00
  1.06049933e+00 1.32453341e+00 1.63188598e+00 1.68633664e+00
  1.80478058e+00 2.19948413e+00 2.09062308e+00 2.26445509e+00
  2.22319877e+00 3.20672599e+00]
 [1.03536871e-02 1.22955342e-02 2.52407693e-02 4.02760427e-02
  6.77883508e-02 1.04345059e-01 1.54641990e-01 1.95532044e-01
  2.71617463e-01 3.44703327e-01 3.52611986e-01 4.38289136e-01
  6.64566783e-01 6.10357302e-01 7.04857888e-01 6.97978235e-01
  9.71830853e-01 9.21518218e-01 1.10718797e+00 1.43532044e+00
  1.53303087e+00 1.77646600e+00 1.63764982e+00 1.97500974e+00
  1.87027594e+00 2.06229186e+00 2.25168666e+00 2.31817570e+00
  2.85850940e+00 2.75538106e+00]
 [9.52551857e-03 1.54954384e-02 2.57906061e-02 5.55875771e-02
  8.03185291e-02 1.12539511e-01 2.06516472e-01 2.28802743e-01
  2.89659498e-01 3.50227130e-01 4.50286843e-01 5.27837631e-01
  6.00861955e-01 7.07756673e-01 7.56256959e-01 7.18072688e-01
  1.06283209e+00 1.09066088e+00 1.28658788e+00 1.55088417e+00
  1.59963502e+00 1.85068142e+00 1.99404701e+00 1.92878880e+00
  2.59948019e+00 2.68619742e+00 2.96337569e+00 2.71020686e+00
  3.18567640e+00 3.14123175e+00]
 [1.23696730e-02 1.52909413e-02 2.99617575e-02 5.45309307e-02
  8.82469379e-02 1.26753077e-01 1.47194779e-01 2.56517702e-01
  3.07429801e-01 3.80254299e-01 4.16880833e-01 4.91125452e-01
  6.84453074e-01 8.55340765e-01 9.54701076e-01 9.71737268e-01
  1.05094046e+00 1.32372984e+00 1.31538498e+00 1.58862897e+00
  1.86772055e+00 2.18467830e+00 2.26624039e+00 2.12990788e+00
  2.85091411e+00 2.93351004e+00 3.40866917e+00 3.86915321e+00
  3.35720618e+00 3.40463180e+00]
 [1.10233080e-02 1.51803231e-02 3.92447205e-02 7.78201325e-02
  9.36435652e-02 1.51837277e-01 1.67174863e-01 2.29642926e-01
  3.40319291e-01 3.98350166e-01 5.33369336e-01 5.86958151e-01
  7.65614675e-01 9.09904088e-01 8.90136626e-01 1.14352604e+00
  1.25171173e+00 1.49333130e+00 1.89250413e+00 1.70533999e+00
  2.11167518e+00 2.18854629e+00 2.26874152e+00 2.70770324e+00
  3.06365362e+00 3.15279005e+00 3.22058365e+00 3.78264186e+00
  3.38800697e+00 4.33607604e+00]
 [1.02318367e-02 1.85519573e-02 4.45682101e-02 6.27122337e-02
  9.92673728e-02 1.56934686e-01 2.12159264e-01 3.20081334e-01
  3.72598738e-01 4.85436433e-01 7.18955295e-01 7.09062482e-01
  8.65162770e-01 9.37221858e-01 1.08785755e+00 1.28117602e+00
  1.47105395e+00 1.63800960e+00 1.75113959e+00 1.88185302e+00
  2.21077044e+00 2.41397892e+00 3.12047258e+00 2.76489769e+00
  3.50535298e+00 3.26646732e+00 3.83511142e+00 3.75917199e+00
  4.20462479e+00 4.64235254e+00]
 [9.60898961e-03 1.44454314e-02 4.53311749e-02 8.10815715e-02
  1.50825882e-01 1.71377655e-01 2.52771345e-01 3.70324043e-01
  4.60777981e-01 4.81983540e-01 6.30506703e-01 9.51664423e-01
  8.68261392e-01 1.01056855e+00 1.25802690e+00 1.37635332e+00
  1.60825468e+00 1.77431562e+00 1.98214255e+00 2.45449897e+00
  2.31502123e+00 2.77727017e+00 2.97328842e+00 3.41289547e+00
  3.89045284e+00 4.17632747e+00 4.16055550e+00 4.87069307e+00
  5.51595594e+00 5.25567136e+00]
 [1.25786698e-02 3.50031286e-02 7.52259968e-02 1.40270161e-01
  2.15941591e-01 3.65407174e-01 4.97645018e-01 6.48323891e-01
  6.49806286e-01 1.10178872e+00 1.13875434e+00 1.36684181e+00
  1.59812846e+00 1.92815456e+00 2.03130156e+00 2.89947158e+00
  2.80499287e+00 3.23128585e+00 3.28062110e+00 3.84789437e+00
  4.38288930e+00 4.53162655e+00 4.98623999e+00 6.45543979e+00
  6.15839008e+00 6.42656430e+00 7.71475858e+00 8.13678726e+00
  9.07382272e+00 8.68397277e+00]
 [2.10595475e-02 5.20386456e-02 1.51806977e-01 2.61999811e-01
  3.86546074e-01 6.22620713e-01 6.73514402e-01 9.94066386e-01
  1.15850687e+00 1.58930937e+00 2.18365593e+00 2.48393380e+00
  2.88469655e+00 3.15990047e+00 3.75633179e+00 4.04508677e+00
  5.02636530e+00 5.89402987e+00 6.10024522e+00 7.08639265e+00
  8.10570584e+00 7.52150836e+00 1.07118932e+01 1.01652481e+01
  1.14387641e+01 1.13235372e+01 1.28299593e+01 1.31834029e+01
  1.57461390e+01 1.68532987e+01]
 [2.47558822e-02 8.07896348e-02 2.54597157e-01 3.53833145e-01
  6.93742918e-01 1.08665273e+00 1.29887015e+00 1.69239337e+00
  2.33088096e+00 2.77870000e+00 3.17835486e+00 3.75875100e+00
  4.44034728e+00 5.97042706e+00 6.85654510e+00 7.44362615e+00
  8.74718425e+00 9.49304536e+00 1.03052561e+01 1.16934129e+01
  1.31908981e+01 1.43465073e+01 1.59303890e+01 1.67616287e+01
  1.62687090e+01 1.93671764e+01 1.92965535e+01 2.04518005e+01
  2.36354033e+01 2.41117259e+01]
 [5.43645979e-02 1.77690881e-01 3.51060353e-01 6.81067030e-01
  1.01835495e+00 1.66730468e+00 2.15044337e+00 2.82047217e+00
  3.45658996e+00 4.44350833e+00 5.44118232e+00 6.73797372e+00
  7.50749817e+00 8.69752129e+00 1.03130470e+01 1.06057843e+01
  1.34530253e+01 1.62921041e+01 1.58261733e+01 1.56893993e+01
  2.06548627e+01 2.37327402e+01 2.41409697e+01 2.47093030e+01
  2.58366402e+01 3.22792959e+01 3.38253236e+01 3.59182365e+01
  3.46118690e+01 4.40415338e+01]]
