args:  Namespace(attack='pgd', gaussian=True, l2=0, ndim=1)
elapsed time: 54637.731276679995
mins: [[6.70317846e-09 8.76154704e-09 4.35445591e-09 6.06716668e-08
  1.99254369e-09 4.60981919e-09 3.16863469e-09 1.67355410e-08
  5.18606402e-09 3.87852452e-08 4.63763037e-08 4.95350827e-09
  8.56596429e-08 1.56798180e-07 1.24553932e-08 1.07549605e-08
  7.71493092e-10 3.82047831e-11 4.19005629e-11 2.19918098e-10
  5.10397724e-09 2.20130278e-08 2.28377441e-08 6.95635727e-09
  1.15312648e-08 2.23557066e-08 3.37988233e-08 3.37462475e-10
  2.99154266e-08 1.35507925e-08]
 [1.97512833e-07 7.16996524e-08 6.22876239e-09 4.04775857e-09
  1.01277408e-07 9.13364140e-09 6.22688123e-09 5.49662893e-08
  5.29504725e-08 1.54103912e-08 5.60927411e-08 9.29141042e-10
  2.39794101e-10 2.75747758e-09 1.13692693e-07 1.42893564e-09
  5.95430949e-09 3.06151859e-09 6.19963103e-09 2.06345163e-08
  1.62031704e-08 1.64277481e-11 1.61273892e-08 1.85402538e-09
  5.28785904e-11 4.10693716e-14 1.57122634e-10 2.12243165e-08
  1.09798892e-10 6.32035713e-09]
 [3.05690318e-09 6.53076881e-07 5.27805319e-08 2.61806321e-07
  1.17835315e-08 9.01336321e-08 1.32122807e-07 1.01961986e-08
  1.61364735e-08 6.45277742e-09 3.95733473e-08 7.81258507e-08
  8.89600060e-10 8.05636224e-10 4.34737890e-09 1.59612910e-08
  1.73989498e-08 7.35500549e-10 3.47788962e-08 3.20106714e-08
  1.53352539e-11 1.57092739e-08 4.19021866e-08 3.92255117e-08
  5.07336395e-09 3.91075474e-08 4.36468817e-09 4.26054525e-10
  2.20980068e-10 5.58669916e-11]
 [1.95631316e-08 4.41523795e-09 8.63833876e-08 4.20473043e-07
  2.24201591e-09 9.31913835e-09 7.36729575e-08 8.07695510e-09
  1.25353470e-08 1.16957013e-08 2.67658855e-08 8.26065771e-10
  3.41759909e-09 2.17812968e-09 2.34188358e-09 9.33215318e-08
  5.60447511e-08 2.44817215e-07 3.68473962e-08 1.05145318e-07
  1.02857932e-07 9.07790199e-09 4.33010433e-11 1.88183780e-08
  2.51575560e-09 1.75470731e-08 7.41720925e-08 3.68085047e-08
  1.69812125e-07 1.65755409e-08]
 [2.38861162e-07 4.47528947e-08 2.82205495e-08 3.07803072e-09
  3.93928090e-09 6.39821394e-07 2.89691457e-07 2.47459884e-08
  4.66076400e-10 1.00974141e-07 1.86633429e-08 2.61300093e-10
  6.67633984e-08 3.29672956e-09 1.79440693e-08 1.16426143e-07
  1.36108540e-07 2.25898109e-08 3.43356881e-08 1.44429805e-07
  2.25432526e-08 1.28290210e-07 3.25361327e-07 6.97657256e-08
  7.48945936e-08 3.83316205e-07 3.28154819e-08 1.30675204e-07
  1.08818142e-07 3.86303753e-07]
 [7.54995199e-07 4.72055195e-09 7.64423547e-08 1.85094695e-09
  1.76859388e-07 6.77557992e-08 2.43723566e-08 1.30721789e-08
  1.07512506e-08 5.48936470e-08 7.84720022e-09 2.44244944e-08
  3.78159939e-07 1.59853979e-08 1.33099547e-07 1.18574075e-08
  1.48522176e-07 3.52652307e-08 3.68336686e-08 2.38884468e-11
  8.22027744e-08 1.33460773e-07 4.61386298e-06 6.65018888e-07
  1.96977498e-06 4.14925864e-07 2.39646436e-08 3.24365139e-08
  9.71432110e-06 3.77938925e-08]
 [2.36576966e-07 3.68899945e-11 3.01984301e-07 2.96274614e-08
  7.60411822e-09 1.82680875e-08 3.09160384e-07 1.67491635e-07
  2.84956570e-07 1.98393266e-07 4.62121506e-08 4.52764471e-06
  1.70369913e-06 1.39646614e-08 1.32584739e-06 1.64277486e-13
  2.49489318e-10 6.02466466e-10 2.71082765e-08 1.28984566e-05
  2.23693860e-07 3.48162066e-05 4.18192576e-06 3.29195391e-05
  2.02663796e-05 3.93625669e-06 9.45058946e-06 1.00800105e-06
  4.81834195e-06 5.77290739e-05]
 [1.49271973e-09 1.57630065e-09 8.08413176e-08 1.58140381e-08
  1.81501764e-06 9.71138618e-08 3.95169263e-06 1.55039106e-06
  2.55364375e-06 7.54984796e-07 6.44520455e-08 1.22909679e-12
  2.36603842e-06 1.01292592e-07 5.58006241e-06 5.74046396e-07
  7.89299156e-05 7.37473940e-08 2.70838282e-05 3.99761557e-05
  6.39687232e-06 1.60566688e-05 7.21321669e-09 2.46948184e-05
  2.73862406e-05 3.66325403e-04 2.51790862e-05 6.66754349e-05
  1.58089722e-04 6.82122336e-05]
 [3.19688070e-07 9.81346185e-11 2.19194916e-07 3.60548835e-09
  4.80363781e-07 5.99808345e-07 5.24360217e-08 1.20652260e-06
  2.44468561e-06 2.79467349e-05 7.38533590e-09 2.74950216e-05
  2.43539544e-05 1.41702803e-05 6.79073082e-06 2.13122275e-05
  1.16799788e-06 2.10636106e-04 1.85774552e-04 8.02084978e-05
  8.97890422e-05 5.75182275e-05 8.86057678e-05 2.16022745e-04
  4.66331985e-04 3.42983461e-04 1.46124090e-04 3.52012139e-04
  2.45780247e-04 7.31285661e-04]
 [2.58328953e-07 4.01899314e-08 2.48042369e-07 3.44203421e-09
  2.49263417e-06 4.71408384e-07 8.38170138e-08 9.89607088e-06
  1.26459825e-04 6.74718030e-05 2.44510593e-05 7.96082350e-06
  6.56524426e-05 2.16360873e-04 8.64773538e-05 5.82965265e-04
  6.94460876e-04 1.02788334e-04 4.74307715e-04 7.59402872e-04
  5.22208633e-04 7.13257119e-04 4.58101567e-04 6.42694358e-04
  8.46435432e-04 3.10567440e-04 4.57170710e-04 1.15212065e-03
  8.58244719e-04 9.81800957e-04]
 [7.00176997e-07 7.59290519e-10 1.81024603e-07 5.26209897e-06
  1.12702040e-07 2.23643128e-05 2.68433678e-06 1.56773167e-04
  5.51999372e-04 7.26514770e-07 1.47026431e-05 4.58536815e-05
  2.32154052e-05 1.05221523e-03 8.60249838e-06 3.53058975e-04
  5.64528978e-04 1.63521816e-03 1.00400951e-03 1.10225275e-03
  1.03672047e-03 8.57261941e-04 5.03158481e-06 1.66425866e-03
  9.68336535e-04 9.95347742e-04 1.20526215e-03 2.71115010e-03
  1.49148051e-03 4.78805130e-04]
 [1.47417055e-07 1.00182285e-06 3.29581624e-08 2.11995386e-04
  1.83159893e-04 2.19885278e-05 2.79381685e-03 1.90810754e-03
  3.98249459e-03 4.10107477e-03 4.69844416e-03 6.92194980e-03
  3.23836436e-03 4.85082762e-03 4.21622023e-03 5.24105178e-03
  6.99093565e-03 5.97666670e-03 5.77640301e-03 7.00391550e-03
  4.51184995e-03 7.07441755e-03 7.24607334e-03 7.23739015e-03
  7.11077452e-03 7.27712549e-03 7.48994946e-03 7.63677340e-03
  7.31934234e-03 7.21113337e-03]
 [7.41513168e-06 1.46523143e-05 5.18849026e-03 7.08627841e-03
  2.24459684e-03 6.41682325e-03 7.30019948e-03 5.18842507e-03
  7.41060032e-03 5.93431946e-03 7.36195548e-03 7.39904959e-03
  7.41325598e-03 7.62098003e-03 7.96508137e-03 7.50894798e-03
  7.23717967e-03 7.15416297e-03 7.46899005e-03 7.71051645e-03
  7.32365251e-03 8.10304657e-03 8.08353350e-03 8.12001713e-03
  7.72332866e-03 7.66090397e-03 7.69488886e-03 8.05682875e-03
  8.01809039e-03 7.60143064e-03]
 [1.66379425e-04 7.39601115e-03 6.76959520e-03 7.46306963e-03
  7.05742557e-03 7.41767045e-03 8.18023179e-03 7.28916517e-03
  7.41825067e-03 8.15092586e-03 8.22050124e-03 8.12477525e-03
  8.14633723e-03 8.12978297e-03 8.12998414e-03 8.16112291e-03
  8.15831218e-03 8.14585015e-03 8.26787576e-03 8.15594289e-03
  8.35852418e-03 8.34846403e-03 8.17160122e-03 8.26723967e-03
  8.12597480e-03 8.23189225e-03 8.26191809e-03 8.27315357e-03
  8.30820762e-03 8.18611588e-03]
 [7.33402418e-03 1.04580598e-03 7.19413022e-03 8.15760903e-03
  7.28911441e-03 8.14058632e-03 7.88954180e-03 8.16684403e-03
  7.92789925e-03 8.27093795e-03 7.98305124e-03 8.23444407e-03
  8.27375520e-03 8.14678427e-03 8.18352681e-03 8.47559050e-03
  8.25244747e-03 8.19814950e-03 8.31770152e-03 8.26869160e-03
  8.18704255e-03 8.12896527e-03 8.23838916e-03 8.15853197e-03
  8.19427427e-03 8.18829238e-03 8.14327598e-03 8.25984497e-03
  8.23477190e-03 8.19330662e-03]]
maxs: [[9.85824394e+00 5.67812395e+00 3.14487696e-01 1.75787270e-01
  5.03665060e-02 2.65615899e-02 2.14924142e-02 4.27220501e-02
  1.86462477e-02 5.65111525e-02 1.32633829e-02 1.78239327e-02
  7.44943693e-03 6.04203064e-03 8.73856619e-03 6.01761881e-03
  8.57813936e-03 6.57721749e-03 5.54778706e-03 7.16942782e-03
  5.68921026e-03 4.97388374e-03 5.49713895e-03 8.72111693e-03
  5.01293736e-03 4.72406019e-03 4.87499870e-03 3.21167638e-03
  4.31851158e-03 2.39238027e-03]
 [1.36920452e+00 8.79175544e-01 9.30017158e-02 2.60766506e-01
  3.60679738e-02 1.86062101e-02 2.36058738e-02 1.40967956e-02
  2.57171076e-02 1.05430093e-02 1.02173956e-02 8.54839943e-03
  8.55456851e-03 7.14415032e-03 9.50203743e-03 7.60114333e-03
  1.01584224e-02 9.93932504e-03 9.55955777e-03 9.28591657e-03
  6.24418491e-03 5.69795771e-03 5.73082827e-03 3.94819118e-03
  4.48429119e-03 6.84696715e-03 5.51314279e-03 7.45484838e-03
  7.54581951e-03 3.31286690e-03]
 [9.62208807e-01 1.61505178e-01 1.23658828e-01 3.02245356e-02
  1.85711794e-02 1.82765443e-02 1.57005135e-02 1.72998458e-02
  1.10698724e-02 1.05205188e-02 1.20767066e-02 1.07421847e-02
  9.90489405e-03 1.01569900e-02 1.03785992e-02 1.01851085e-02
  1.07998708e-02 9.57319699e-03 1.02127679e-02 9.14328452e-03
  1.01566827e-02 7.37097999e-03 1.00177443e-02 6.98532211e-03
  1.02371527e-02 6.80056447e-03 9.27496515e-03 5.09230606e-03
  7.45502673e-03 5.09251701e-03]
 [4.72045600e-01 3.04803133e-01 3.60763520e-02 2.32344791e-02
  1.09505914e-02 1.20226657e-02 1.17936982e-02 1.37328934e-02
  1.09613147e-02 1.14345849e-02 1.06498087e-02 1.06554301e-02
  1.17549384e-02 1.06136836e-02 1.04440665e-02 1.16602648e-02
  1.02811586e-02 1.03176078e-02 1.04891919e-02 1.03119854e-02
  1.03121093e-02 9.81921609e-03 1.04299858e-02 1.01884389e-02
  1.00806542e-02 1.03966901e-02 6.93258457e-03 1.02369273e-02
  9.81660560e-03 9.63231176e-03]
 [1.40996799e-01 8.38171467e-02 3.89535651e-02 2.53397562e-02
  4.33630645e-02 1.19212819e-02 1.20983962e-02 1.09501490e-02
  1.15898279e-02 1.17437197e-02 1.06099984e-02 1.16904760e-02
  1.05755795e-02 1.18688550e-02 1.11455070e-02 1.02802329e-02
  1.07363965e-02 1.02920048e-02 1.04948524e-02 1.15200412e-02
  1.14962449e-02 1.06586209e-02 1.06126042e-02 1.04852049e-02
  1.13363657e-02 1.02082491e-02 1.03164017e-02 9.80081595e-03
  8.73313192e-03 1.03510888e-02]
 [1.51337609e-01 9.20727253e-02 2.71724518e-02 1.19609227e-02
  1.18697118e-02 1.21549200e-02 1.18956650e-02 1.15921311e-02
  1.19435964e-02 1.15959607e-02 1.12410598e-02 1.19926520e-02
  1.11404769e-02 1.04824342e-02 1.20474277e-02 1.08015183e-02
  1.15852412e-02 1.10364044e-02 1.18760122e-02 1.04965474e-02
  1.15997018e-02 1.06309745e-02 1.20465271e-02 1.18234064e-02
  1.04326401e-02 1.06297359e-02 1.17138419e-02 1.04750004e-02
  1.06905671e-02 1.03669157e-02]
 [7.82901794e-02 2.21819729e-02 1.53745040e-02 1.22510931e-02
  1.14693474e-02 1.18485149e-02 1.19347991e-02 1.20735113e-02
  1.20247314e-02 1.15925716e-02 1.17164645e-02 1.19672539e-02
  1.15895113e-02 1.13155581e-02 1.16084432e-02 1.14429286e-02
  1.18763009e-02 1.16661433e-02 1.20080700e-02 1.06626879e-02
  1.11576496e-02 1.15469871e-02 1.05246399e-02 1.18889837e-02
  1.19002126e-02 1.19702006e-02 1.16540520e-02 1.20923193e-02
  1.16270473e-02 1.14670238e-02]
 [7.28814825e-02 2.59705614e-02 2.98366211e-02 1.19584370e-02
  1.20929778e-02 1.17834052e-02 1.19719850e-02 1.19123980e-02
  1.20388484e-02 1.16090318e-02 1.20068863e-02 1.13304779e-02
  1.14957206e-02 1.20853297e-02 1.17779020e-02 1.18693225e-02
  1.20194899e-02 1.19332466e-02 1.20484661e-02 1.17398035e-02
  1.17147015e-02 1.20324632e-02 1.13167465e-02 1.18241273e-02
  1.17722638e-02 1.16641531e-02 1.18018957e-02 1.15733529e-02
  1.10118901e-02 1.15241315e-02]
 [9.83295813e-02 5.51401153e-02 1.97193176e-02 1.18620144e-02
  1.20222867e-02 1.20562091e-02 1.20925792e-02 1.20166512e-02
  1.20382514e-02 1.19339004e-02 1.17372200e-02 1.20284678e-02
  1.20691620e-02 1.18159810e-02 1.16596231e-02 1.18038701e-02
  1.16287209e-02 1.19988546e-02 1.19610652e-02 1.17591107e-02
  1.19509660e-02 1.15876254e-02 1.18705668e-02 1.19955298e-02
  1.20605556e-02 1.14223482e-02 1.18639590e-02 1.18318656e-02
  1.18207857e-02 1.20106433e-02]
 [5.73145188e-02 2.38221772e-02 1.51827196e-02 1.19984495e-02
  1.17776012e-02 1.20198373e-02 1.20473672e-02 1.18885040e-02
  1.18202697e-02 1.20945517e-02 1.19781746e-02 1.20718237e-02
  1.19047109e-02 1.16343722e-02 1.20723732e-02 1.20386099e-02
  1.19926585e-02 1.15819238e-02 1.18742259e-02 1.20829418e-02
  1.19090974e-02 1.20026497e-02 1.20958937e-02 1.20713580e-02
  1.16238464e-02 1.20578371e-02 1.20865162e-02 1.17172292e-02
  1.18609462e-02 1.16839418e-02]
 [3.72965969e-02 1.69714503e-02 1.20065920e-02 1.20605938e-02
  1.19768269e-02 1.20560015e-02 1.19978283e-02 1.20636811e-02
  1.18955197e-02 1.19206151e-02 1.17484042e-02 1.20821083e-02
  1.19439578e-02 1.19802179e-02 1.20376237e-02 1.17143895e-02
  1.19694080e-02 1.20812617e-02 1.19223287e-02 1.19803455e-02
  1.20149245e-02 1.20721087e-02 1.19563639e-02 1.20888539e-02
  1.20687596e-02 1.20536694e-02 1.17582968e-02 1.20471064e-02
  1.20427143e-02 1.19466316e-02]
 [2.48789210e-02 1.24428617e-02 1.20550357e-02 1.20069049e-02
  1.20314276e-02 1.19735459e-02 1.20435730e-02 1.19825378e-02
  1.20535912e-02 1.20960828e-02 1.19222580e-02 1.19788134e-02
  1.20403990e-02 1.20776184e-02 1.20715508e-02 1.19031370e-02
  1.19307721e-02 1.20729133e-02 1.20609393e-02 1.19316420e-02
  1.20967459e-02 1.19054858e-02 1.20264329e-02 1.20402351e-02
  1.20965783e-02 1.19970832e-02 1.19933281e-02 1.20255910e-02
  1.20773101e-02 1.20744333e-02]
 [1.20248199e-02 1.18884314e-02 1.20946933e-02 1.20444922e-02
  1.19339526e-02 1.19954180e-02 1.20838033e-02 1.19797839e-02
  1.20568573e-02 1.20398393e-02 1.20111192e-02 1.20820105e-02
  1.19647570e-02 1.18947756e-02 1.19745079e-02 1.18880151e-02
  1.20232329e-02 1.20376861e-02 1.19200787e-02 1.20541640e-02
  1.20385047e-02 1.20568266e-02 1.20688537e-02 1.20826373e-02
  1.20241167e-02 1.20943831e-02 1.18787661e-02 1.19097186e-02
  1.19291190e-02 1.19428094e-02]
 [1.20550068e-02 1.20978840e-02 1.18772639e-02 1.20708179e-02
  1.20480815e-02 1.17874322e-02 1.19475126e-02 1.18998075e-02
  1.20111872e-02 1.20848203e-02 1.20449495e-02 1.19954385e-02
  1.20292809e-02 1.20109860e-02 1.19665135e-02 1.20271007e-02
  1.18817911e-02 1.20175900e-02 1.18833790e-02 1.19658196e-02
  1.20230345e-02 1.20316753e-02 1.20043941e-02 1.19581847e-02
  1.19473040e-02 1.18124327e-02 1.20795583e-02 1.20065631e-02
  1.20275188e-02 1.20026413e-02]
 [1.20472424e-02 1.20158829e-02 1.20657710e-02 1.20397666e-02
  1.19935758e-02 1.20893791e-02 1.20681571e-02 1.20232357e-02
  1.19482549e-02 1.18976831e-02 1.20081855e-02 1.20500466e-02
  1.20472098e-02 1.20474920e-02 1.20542897e-02 1.19241588e-02
  1.20399045e-02 1.19008459e-02 1.19230524e-02 1.20612625e-02
  1.18067143e-02 1.20311733e-02 1.17651466e-02 1.19312182e-02
  1.19944885e-02 1.20666586e-02 1.20152188e-02 1.19659388e-02
  1.18886344e-02 1.20064970e-02]]
test_losses: [[3.04015719e-01 3.92097986e-02 8.74129925e-03 5.30300955e-03
  3.69659093e-03 2.26195353e-03 1.79074829e-03 1.81961389e-03
  1.57523842e-03 1.47861302e-03 1.08315687e-03 1.15589366e-03
  9.19430121e-04 8.83780306e-04 7.80238104e-04 6.84556971e-04
  6.60720718e-04 6.84295149e-04 5.58569601e-04 6.21615682e-04
  5.28113425e-04 5.28610063e-04 4.46158535e-04 4.46648567e-04
  5.12701711e-04 4.20819988e-04 4.37388313e-04 3.58392779e-04
  3.54763665e-04 2.98303186e-04]
 [5.28577743e-02 1.38398784e-02 4.86111413e-03 4.40160650e-03
  2.55376932e-03 2.27606916e-03 2.06679469e-03 1.65904060e-03
  1.32144206e-03 1.23422995e-03 1.07674197e-03 1.09449062e-03
  9.18796719e-04 9.24061508e-04 8.54857097e-04 8.67096687e-04
  7.86022672e-04 7.37378578e-04 6.94506423e-04 5.97772090e-04
  5.34556404e-04 6.30104157e-04 5.53638602e-04 5.52170276e-04
  4.90725943e-04 4.71806965e-04 4.57635300e-04 4.56629333e-04
  4.32585233e-04 4.38091152e-04]
 [3.02326530e-02 8.30380453e-03 5.71342302e-03 3.39318431e-03
  2.67264539e-03 2.66911374e-03 2.01066288e-03 1.75779000e-03
  1.62411979e-03 1.81664792e-03 1.57804710e-03 1.38084161e-03
  1.21432270e-03 1.16228992e-03 1.12455838e-03 1.17037977e-03
  1.24297658e-03 9.64528231e-04 1.09365829e-03 8.34321130e-04
  8.59316483e-04 8.69854601e-04 8.23032789e-04 7.15690291e-04
  9.21486846e-04 7.36468162e-04 6.78359068e-04 6.76699201e-04
  7.47851696e-04 6.25127492e-04]
 [1.96970483e-02 9.67403655e-03 4.21246127e-03 3.86580658e-03
  3.17332145e-03 2.88773817e-03 2.66019464e-03 2.62330284e-03
  2.21222409e-03 2.09310764e-03 2.08469013e-03 2.33758281e-03
  1.92342712e-03 1.38730197e-03 1.79153709e-03 1.50024873e-03
  1.54203385e-03 1.59571691e-03 1.45647294e-03 1.50252652e-03
  1.45264277e-03 1.28846346e-03 1.28106536e-03 1.29982621e-03
  1.30508381e-03 1.21084237e-03 1.16501325e-03 1.04760991e-03
  1.25339480e-03 1.14710839e-03]
 [1.39695338e-02 7.11337352e-03 4.93965074e-03 4.04423985e-03
  4.08733489e-03 3.30610652e-03 3.31915469e-03 2.94660500e-03
  2.84231699e-03 2.93067703e-03 2.90006695e-03 2.62774599e-03
  2.79115323e-03 2.34641561e-03 2.57101962e-03 2.75699621e-03
  2.28755996e-03 2.40085762e-03 2.20260033e-03 2.21593438e-03
  2.23856188e-03 2.03030143e-03 2.08170965e-03 2.16186473e-03
  2.08757700e-03 1.81926836e-03 1.88406194e-03 2.05160039e-03
  1.73662816e-03 1.92908533e-03]
 [1.14701673e-02 7.14556660e-03 5.27132623e-03 4.78462433e-03
  4.42371350e-03 4.42998096e-03 4.18798122e-03 3.88820571e-03
  3.58692715e-03 4.05549018e-03 3.59844182e-03 3.91354883e-03
  3.28100038e-03 3.26869446e-03 3.39321932e-03 3.55152038e-03
  3.38730640e-03 3.53033319e-03 3.21253492e-03 3.13566107e-03
  3.01818310e-03 3.11119105e-03 3.28946467e-03 3.17732162e-03
  3.08003113e-03 3.05184887e-03 3.22148305e-03 2.64601329e-03
  2.99812918e-03 2.74746252e-03]
 [1.00908388e-02 6.42827634e-03 5.43577267e-03 5.33662337e-03
  4.62560969e-03 4.95971945e-03 4.97847130e-03 4.81292743e-03
  5.26923828e-03 4.70704045e-03 4.54099395e-03 5.00511379e-03
  4.58872573e-03 4.45667824e-03 4.67612773e-03 4.36473424e-03
  4.44585123e-03 4.42395605e-03 4.41589754e-03 4.40329704e-03
  4.12266393e-03 4.49371162e-03 4.00505507e-03 4.18325232e-03
  4.58996222e-03 4.14610298e-03 4.31887488e-03 4.33960132e-03
  4.16612908e-03 4.14243315e-03]
 [9.48233011e-03 6.25078874e-03 6.60083307e-03 6.00905889e-03
  6.06194497e-03 5.89494142e-03 6.18093928e-03 5.91039204e-03
  5.89384360e-03 5.64123113e-03 5.67013220e-03 5.67842093e-03
  5.59427838e-03 6.02756949e-03 5.65198546e-03 5.92426547e-03
  5.85537777e-03 5.38713771e-03 6.00154738e-03 5.49146453e-03
  5.69368711e-03 5.49613663e-03 5.41675368e-03 5.87957967e-03
  5.76007120e-03 5.36775281e-03 5.72588312e-03 5.59781282e-03
  5.48039449e-03 5.54232289e-03]
 [8.86890988e-03 7.04693162e-03 6.64440415e-03 6.57758478e-03
  6.66068423e-03 6.47520692e-03 6.29526842e-03 6.62215706e-03
  5.96057832e-03 6.77115015e-03 6.51327231e-03 6.73280469e-03
  6.99008949e-03 6.79661941e-03 6.98610681e-03 6.62612535e-03
  6.69641864e-03 6.88334916e-03 6.88215648e-03 6.65249447e-03
  6.79026393e-03 7.14170911e-03 6.75798823e-03 7.06473070e-03
  6.95380403e-03 7.07489378e-03 6.86608135e-03 6.60619214e-03
  6.99489645e-03 7.05344502e-03]
 [8.35533071e-03 6.97410905e-03 7.25296497e-03 7.35482558e-03
  7.17965250e-03 7.10373906e-03 7.55078935e-03 7.81687869e-03
  8.00586230e-03 7.60477112e-03 7.41782588e-03 7.72012544e-03
  7.56972987e-03 7.80906472e-03 7.52315676e-03 7.93716043e-03
  7.78558316e-03 7.71236155e-03 7.99867321e-03 7.86448553e-03
  7.92903563e-03 7.78865368e-03 7.99609629e-03 8.04127006e-03
  8.19773796e-03 8.00592329e-03 7.99985111e-03 7.92341646e-03
  8.23680499e-03 8.16572358e-03]
 [8.12067343e-03 7.66443208e-03 7.71670605e-03 7.54305575e-03
  7.51970495e-03 8.06774840e-03 8.15891552e-03 8.29722022e-03
  8.14053301e-03 8.22551921e-03 8.11106621e-03 8.32351032e-03
  8.46403252e-03 8.46578613e-03 8.45584540e-03 8.60350162e-03
  8.56060532e-03 8.47243836e-03 8.58094262e-03 8.75766704e-03
  8.83862325e-03 8.67084164e-03 8.68388041e-03 8.77692729e-03
  8.79078419e-03 8.71304275e-03 8.86927676e-03 8.80700946e-03
  9.07328526e-03 8.89348051e-03]
 [8.86228516e-03 8.82358237e-03 9.16549202e-03 9.48026180e-03
  9.45051810e-03 9.43413491e-03 9.83090353e-03 9.69853514e-03
  9.73683992e-03 9.78438905e-03 9.81951769e-03 9.81196615e-03
  9.78354087e-03 9.88038501e-03 9.74753087e-03 9.88156206e-03
  9.88239057e-03 9.88832848e-03 9.88775316e-03 9.88713611e-03
  9.76671888e-03 9.90124149e-03 9.86200284e-03 9.92811602e-03
  9.97423123e-03 9.86170348e-03 9.95830644e-03 9.94429738e-03
  9.87267157e-03 9.88484425e-03]
 [9.58939844e-03 9.65983304e-03 9.82295423e-03 9.96633182e-03
  9.87329651e-03 9.85946248e-03 9.92837690e-03 9.90226340e-03
  9.96454866e-03 9.95584367e-03 9.98256434e-03 9.95873588e-03
  1.00022808e-02 9.97174565e-03 9.95661654e-03 9.99218006e-03
  9.93671389e-03 9.92427117e-03 9.97636718e-03 9.99106126e-03
  9.94858557e-03 9.96078233e-03 9.98811994e-03 1.00659739e-02
  9.97569023e-03 1.00325561e-02 9.99073269e-03 1.00279303e-02
  9.93959351e-03 1.00482951e-02]
 [9.64141752e-03 9.84613829e-03 9.96375390e-03 9.96533774e-03
  9.99351723e-03 9.96227154e-03 9.98834099e-03 9.97829097e-03
  9.91811788e-03 1.00483039e-02 9.99599119e-03 9.99854314e-03
  9.94681388e-03 9.99889267e-03 9.91158191e-03 1.00289674e-02
  1.00450162e-02 1.00443017e-02 1.00129056e-02 1.00190338e-02
  1.00324245e-02 1.00493581e-02 1.00038433e-02 1.00373941e-02
  9.96686897e-03 9.98186473e-03 9.96701829e-03 1.00110390e-02
  1.00377719e-02 1.00209038e-02]
 [9.92573814e-03 9.99582250e-03 1.00150665e-02 1.00341091e-02
  1.00052063e-02 9.98761026e-03 1.00110288e-02 1.00065524e-02
  9.96783347e-03 1.00189658e-02 9.97530779e-03 9.99395946e-03
  1.00000874e-02 9.98764541e-03 1.00293981e-02 9.99725423e-03
  9.95498298e-03 9.99225953e-03 9.99612129e-03 1.00749461e-02
  9.95683496e-03 1.00267986e-02 9.98104588e-03 1.00545787e-02
  9.97867906e-03 1.00416874e-02 1.00467018e-02 1.00165386e-02
  9.97767244e-03 1.00079738e-02]]
