args:  Namespace(attack='opt', gaussian=True, l2=0, ndim=5)
test_losses: [[0.0539429  0.0466346  0.05279159 0.0901057  0.11639914 0.05278308
  0.04047575 0.02424377 0.01438546 0.01150051 0.009524   0.00845013
  0.00740109 0.00582491 0.00551075 0.00493145 0.00471294 0.00410123
  0.00395117 0.00372052 0.00365685 0.00317663 0.00289395 0.00268815
  0.00248959 0.00254896 0.00239375 0.00217748 0.00212389 0.00200162
  0.00206223 0.00202307 0.00195477 0.00178256 0.00160212 0.00173401
  0.00152906 0.00157927 0.00162979 0.00144314 0.00143813 0.00136299
  0.00133984 0.00127255 0.00124412 0.00127519 0.0012037  0.00118939
  0.00112616 0.00121337]
 [0.04623293 0.0431202  0.051696   0.04896047 0.04220244 0.02928605
  0.02209527 0.01865693 0.01413013 0.01238652 0.01020956 0.00892032
  0.0081978  0.00696895 0.00709276 0.00642028 0.00574933 0.00576485
  0.00473079 0.00456723 0.00429954 0.00422391 0.00435093 0.00354715
  0.00374136 0.00334082 0.0034407  0.00297531 0.00301065 0.00304961
  0.00262894 0.00274534 0.00273251 0.00233882 0.00269812 0.00235766
  0.00229315 0.00248279 0.00220967 0.00223071 0.00198603 0.00212801
  0.00207412 0.00197118 0.00186075 0.00186734 0.00187049 0.00189494
  0.0016743  0.00176964]
 [0.04639411 0.04648339 0.04734441 0.03849954 0.0323385  0.02560811
  0.02142401 0.01943105 0.01689527 0.01601048 0.01328641 0.01266391
  0.01271908 0.01178403 0.01048661 0.00957645 0.00919258 0.00880695
  0.00931524 0.008397   0.0086521  0.00799062 0.00713529 0.0070371
  0.00677489 0.00684757 0.00719999 0.00583334 0.00654845 0.00576448
  0.00594829 0.00551057 0.00554376 0.00552518 0.00523965 0.00527108
  0.00509618 0.0055318  0.00527732 0.00490972 0.00475295 0.00485576
  0.0046876  0.00444982 0.00458742 0.00429274 0.00434622 0.0045452
  0.00449098 0.00427549]
 [0.04735192 0.04901616 0.04258088 0.03732724 0.03007337 0.02690603
  0.02495657 0.0240437  0.02244038 0.02010921 0.02057025 0.01959706
  0.01902708 0.01840942 0.01712698 0.0181131  0.01850136 0.01619566
  0.01742961 0.01657991 0.01553046 0.01514521 0.01495107 0.01492126
  0.01509966 0.01486845 0.01473782 0.01394759 0.01337906 0.01397038
  0.01410845 0.01382396 0.01396772 0.01376711 0.01292364 0.01250823
  0.01230003 0.01232233 0.01194777 0.01187988 0.01177803 0.01186326
  0.01170712 0.01204901 0.01132515 0.01157347 0.01158931 0.0110832
  0.01150497 0.01154517]
 [0.05116792 0.04823917 0.04191657 0.03600562 0.0328249  0.03071433
  0.02933946 0.02865057 0.02866221 0.02763557 0.02747675 0.02704154
  0.02644712 0.02596165 0.02684608 0.02636148 0.0267778  0.02571811
  0.02624713 0.02622516 0.02685336 0.02571987 0.02533753 0.02567632
  0.02500106 0.02508889 0.02515045 0.02493521 0.02569359 0.02496788
  0.025342   0.02534014 0.02513743 0.02461775 0.025505   0.02540718
  0.02487584 0.02533525 0.02552541 0.02500387 0.0254375  0.02559883
  0.02501826 0.02496912 0.02489019 0.0246348  0.02478882 0.02465607
  0.02403302 0.02425428]
 [0.04988967 0.04743058 0.04148787 0.03612787 0.03540213 0.03457591
  0.03296431 0.03260055 0.03351023 0.03371806 0.0329381  0.03316273
  0.0334859  0.0330213  0.03301999 0.03382717 0.03452845 0.03368355
  0.03371979 0.03407599 0.03435164 0.03494598 0.03508259 0.03478718
  0.03497205 0.03533639 0.03536897 0.03527401 0.03613342 0.03513046
  0.03529557 0.03582998 0.03667203 0.03509316 0.03568465 0.03554551
  0.03567304 0.03578697 0.03556064 0.03605408 0.03639887 0.03685434
  0.03615185 0.03680322 0.03668808 0.03634367 0.03631293 0.03693033
  0.03697524 0.03713444]
 [0.04915481 0.04665111 0.041387   0.03970182 0.03772499 0.03791267
  0.03742689 0.03700263 0.03756719 0.03743351 0.03802727 0.03896442
  0.03831684 0.03814744 0.04018947 0.03936408 0.03966204 0.03922692
  0.04035268 0.03979551 0.04045274 0.04076165 0.04086985 0.04115883
  0.04119056 0.04161784 0.04212177 0.04145785 0.04183531 0.04185922
  0.04177334 0.04232822 0.04247714 0.04251854 0.04258739 0.04222318
  0.04242965 0.04255309 0.04304442 0.04272657 0.04292792 0.04274614
  0.04357031 0.04348954 0.04341261 0.04316081 0.04343924 0.04386026
  0.04356033 0.04343521]
 [0.0498561  0.04641687 0.04123868 0.04022382 0.04003425 0.04004078
  0.04036014 0.04014447 0.04172129 0.0416038  0.04167029 0.04182183
  0.04211119 0.04246557 0.04274045 0.04343099 0.04363285 0.04323182
  0.04379566 0.04442472 0.04421614 0.04460385 0.0447738  0.0452529
  0.04501131 0.04519019 0.04524833 0.0455209  0.04572518 0.04555953
  0.04576898 0.04599861 0.04591962 0.04613524 0.04617141 0.04612025
  0.04628534 0.04605219 0.04675677 0.04655033 0.04665805 0.04689759
  0.04667397 0.04663279 0.04673021 0.04670842 0.04697913 0.04717019
  0.04692567 0.04722241]
 [0.05048541 0.04478178 0.04300827 0.04164775 0.04227182 0.04319121
  0.04277313 0.04289954 0.04377432 0.04472183 0.04501378 0.04497234
  0.04487915 0.04555304 0.04553317 0.04595762 0.04637051 0.04644702
  0.04654619 0.04710914 0.04684608 0.04705981 0.04688719 0.04694243
  0.04717023 0.04714575 0.04746178 0.04768749 0.04755014 0.04750406
  0.04781998 0.04776001 0.04788347 0.04786696 0.0478611  0.04807712
  0.0480673  0.0481153  0.04833064 0.04829248 0.04830286 0.04835218
  0.04862307 0.04837878 0.04838298 0.04845827 0.04838469 0.04847064
  0.04850289 0.04862327]
 [0.05012961 0.04589477 0.04318053 0.04384143 0.04362267 0.04404054
  0.04471019 0.0456655  0.04605652 0.04645366 0.04647518 0.0464006
  0.04696678 0.04710796 0.04738473 0.04762582 0.04782313 0.04796098
  0.04791096 0.04821989 0.04805212 0.04792055 0.04839943 0.0484629
  0.04836115 0.04858605 0.04854086 0.04857535 0.04873304 0.04868003
  0.04873412 0.04883716 0.04890057 0.04886867 0.04885254 0.04894438
  0.04890318 0.04899924 0.04909221 0.0489506  0.0489667  0.04896461
  0.0490379  0.04913841 0.04915534 0.0490595  0.04893192 0.04895277
  0.04910615 0.04907677]
 [0.04807709 0.04513147 0.04428914 0.04481262 0.04544638 0.04608223
  0.04629338 0.04696162 0.04733713 0.04761904 0.0478921  0.04802458
  0.04804576 0.04822307 0.04839273 0.04851408 0.04845545 0.04871815
  0.04872501 0.04886907 0.04868707 0.0488657  0.04902276 0.0490485
  0.04896785 0.04908722 0.04908638 0.04916119 0.04915718 0.04912871
  0.04918896 0.04922719 0.04927351 0.04925394 0.04924247 0.04924667
  0.04930574 0.04935444 0.04936634 0.04935964 0.04928147 0.04935221
  0.04928126 0.04935429 0.04939971 0.04932509 0.04923918 0.04938587
  0.04937165 0.04931234]
 [0.05030133 0.04761003 0.0478134  0.04886385 0.04890291 0.04914934
  0.04929615 0.04948237 0.04959501 0.04960955 0.04954708 0.04962713
  0.04962571 0.04960191 0.04963739 0.04961154 0.04964203 0.04964634
  0.04965901 0.04970594 0.04972303 0.0496478  0.04968696 0.04966584
  0.04972629 0.04963335 0.04969891 0.04967913 0.04961931 0.04966126
  0.04961917 0.04965318 0.04963914 0.04968532 0.04961643 0.04968967
  0.04965455 0.04974092 0.0497085  0.04961407 0.04971868 0.04966185
  0.04971333 0.04970414 0.04970184 0.0496963  0.04966753 0.0496308
  0.04970688 0.04970394]
 [0.04872902 0.0491184  0.04948326 0.04963838 0.04967826 0.04975323
  0.04973896 0.0497235  0.04976625 0.04975769 0.04978957 0.04975739
  0.04986155 0.04972815 0.04975026 0.04973902 0.04976642 0.04977494
  0.04983479 0.04979378 0.04983001 0.04985363 0.04980754 0.04979436
  0.04981671 0.04972158 0.0497971  0.04982483 0.04975244 0.04976021
  0.04980956 0.04978469 0.04978095 0.04980036 0.04982201 0.04979087
  0.0498081  0.04983839 0.04984837 0.04976631 0.04979618 0.04980783
  0.04982639 0.04984674 0.04980791 0.04978362 0.04974684 0.04981004
  0.04979671 0.04984744]
 [0.04954936 0.04972802 0.0497854  0.04974012 0.04987497 0.04984647
  0.04980225 0.04987718 0.0498265  0.04988175 0.04984916 0.04989252
  0.04985828 0.04983385 0.04988056 0.049864   0.04981567 0.04984581
  0.04983645 0.04990101 0.04987436 0.0499259  0.04983243 0.0498177
  0.04986484 0.04980148 0.04984027 0.04983961 0.04987023 0.04984996
  0.0498207  0.04982779 0.04986773 0.04987941 0.04985578 0.04989523
  0.04986457 0.04983539 0.04980704 0.04983822 0.04984624 0.04981865
  0.04986396 0.04982238 0.04989027 0.04989696 0.04988428 0.04986944
  0.0498459  0.04983723]
 [0.049759   0.04987634 0.04991737 0.04987798 0.04987381 0.04985842
  0.0498739  0.04993862 0.04989622 0.04987478 0.04987401 0.04991709
  0.04985819 0.04985445 0.04985161 0.04984293 0.04986628 0.04993014
  0.04983626 0.04982379 0.04986661 0.04981996 0.04984434 0.04992826
  0.04991013 0.04994297 0.04984506 0.04987325 0.04986162 0.04988074
  0.04988104 0.04986398 0.04990695 0.04987669 0.04986659 0.0499163
  0.04990482 0.04989252 0.04982329 0.04988024 0.04985235 0.04990681
  0.04987882 0.04992951 0.04990003 0.04987746 0.04992972 0.04984019
  0.04988896 0.04993599]]
variance: [[6.63461222e-04 1.41831663e-03 2.01522022e-02 2.91915738e-02
  4.04186875e-02 5.78496966e-03 3.55205309e-03 1.21529268e-03
  2.47442560e-04 1.45450917e-04 9.06678036e-05 5.61880009e-05
  4.85008198e-05 1.80136165e-05 2.34769524e-05 1.76656137e-05
  1.17203994e-05 1.18413077e-05 9.11089893e-06 1.02631399e-05
  1.12778417e-05 4.91890318e-06 4.25866489e-06 4.69791855e-06
  4.06763905e-06 3.48874977e-06 3.44184864e-06 2.13794850e-06
  2.51747670e-06 2.27077593e-06 2.27471280e-06 1.78264402e-06
  2.02744764e-06 1.47119155e-06 1.12536702e-06 1.50475916e-06
  1.39894535e-06 1.61440612e-06 1.36539937e-06 8.27663409e-07
  8.31426479e-07 9.32215913e-07 8.85807706e-07 9.53771298e-07
  7.69282978e-07 7.11219700e-07 6.26567868e-07 5.36803427e-07
  5.26184682e-07 7.23811921e-07]
 [2.19292576e-04 3.27438708e-04 1.87896274e-03 2.59253030e-03
  1.15542365e-03 8.63149823e-04 3.39477437e-04 2.49151182e-04
  1.13514060e-04 7.85501017e-05 7.05472609e-05 4.92452919e-05
  4.09163888e-05 2.72263890e-05 3.48903973e-05 2.44076001e-05
  2.21236347e-05 2.09561135e-05 1.61067294e-05 1.21921475e-05
  1.23243380e-05 1.03655209e-05 1.17338926e-05 5.57336589e-06
  9.32353476e-06 6.33150892e-06 6.32348715e-06 3.96569820e-06
  6.11035767e-06 4.86560288e-06 3.49178406e-06 4.39120685e-06
  3.90931042e-06 3.30899611e-06 3.56044471e-06 3.36170379e-06
  3.04841400e-06 3.19647173e-06 2.41021065e-06 3.24934418e-06
  2.25019898e-06 2.18875716e-06 2.18263206e-06 2.10842169e-06
  1.64358099e-06 1.92366143e-06 1.35229936e-06 1.78534266e-06
  1.21991647e-06 1.29292001e-06]
 [2.13967612e-04 7.03451263e-04 1.22124390e-03 5.86262948e-04
  4.41377934e-04 2.43376291e-04 1.24272192e-04 1.52688265e-04
  9.74770071e-05 1.02298544e-04 6.96655532e-05 7.64938251e-05
  6.77085612e-05 5.82056325e-05 5.15612187e-05 4.76234037e-05
  4.52865500e-05 4.55910404e-05 4.32767401e-05 3.56550348e-05
  3.97912345e-05 3.48820635e-05 3.07784019e-05 2.72327234e-05
  2.48506107e-05 2.36705978e-05 2.96074233e-05 1.70269037e-05
  1.86133062e-05 1.79083692e-05 1.81006863e-05 1.49531207e-05
  1.53406665e-05 1.48804426e-05 1.39107037e-05 1.53238431e-05
  1.30777063e-05 1.38687347e-05 1.39962325e-05 9.94912701e-06
  9.79649894e-06 9.54943563e-06 1.03189660e-05 7.10166934e-06
  1.12106188e-05 7.54834995e-06 7.71930410e-06 6.17715836e-06
  6.98494702e-06 6.75811325e-06]
 [3.11874980e-04 5.83713664e-04 3.89689921e-04 2.24280059e-04
  2.19276330e-04 1.30461380e-04 1.04525663e-04 9.67500833e-05
  9.53882262e-05 1.02276542e-04 9.79316486e-05 8.49346573e-05
  8.72182668e-05 8.34145044e-05 9.38810211e-05 7.58964300e-05
  8.41491161e-05 7.59148456e-05 8.48509644e-05 7.93428288e-05
  7.89930288e-05 7.24177894e-05 7.38050137e-05 6.94140716e-05
  6.75385921e-05 6.28182451e-05 5.75774367e-05 6.17684391e-05
  5.71958737e-05 6.77549183e-05 5.93044103e-05 6.56108506e-05
  5.88072801e-05 6.59581321e-05 5.29711331e-05 5.69234251e-05
  4.69781251e-05 4.96757949e-05 4.56625384e-05 4.47255886e-05
  4.94548479e-05 4.35241919e-05 4.23328437e-05 4.30622622e-05
  4.02439751e-05 3.71706060e-05 3.66773091e-05 3.33440515e-05
  3.98153810e-05 4.18675434e-05]
 [5.08079820e-04 3.57381259e-04 3.21813000e-04 1.87883159e-04
  1.06573419e-04 8.73844062e-05 8.03028233e-05 9.02794165e-05
  8.74468603e-05 8.50159324e-05 9.29481565e-05 8.52831584e-05
  7.60200985e-05 8.35301214e-05 8.72441041e-05 7.57141668e-05
  8.57458696e-05 8.88104473e-05 8.74522252e-05 9.16058230e-05
  8.63674082e-05 8.33097405e-05 9.01224644e-05 7.68998836e-05
  8.45531318e-05 8.94508169e-05 7.91181709e-05 7.81841113e-05
  8.04775651e-05 8.23502794e-05 6.87689616e-05 7.24054992e-05
  8.71000017e-05 8.51967783e-05 7.89621942e-05 7.68194342e-05
  6.74387486e-05 8.15162412e-05 6.86071789e-05 7.62592453e-05
  7.03655787e-05 7.48657326e-05 7.26949669e-05 7.80041212e-05
  7.25866240e-05 6.85493714e-05 7.11193295e-05 7.00274140e-05
  6.58613800e-05 6.58859480e-05]
 [2.52766150e-04 3.70774757e-04 2.12078489e-04 1.24632505e-04
  9.47196876e-05 7.30757250e-05 8.11108288e-05 6.95768097e-05
  6.56818831e-05 5.94147106e-05 6.92244405e-05 7.09475032e-05
  7.75216330e-05 7.09309608e-05 7.43245300e-05 5.79387080e-05
  6.76590817e-05 5.99575968e-05 6.98857317e-05 6.47922100e-05
  5.46100189e-05 6.48556686e-05 5.49673242e-05 5.98285730e-05
  5.10919341e-05 5.79356855e-05 5.55440228e-05 5.51820680e-05
  5.52525174e-05 5.20539102e-05 5.11085098e-05 5.68256621e-05
  5.18037474e-05 5.36993311e-05 5.75298248e-05 5.09224235e-05
  5.01034216e-05 4.82258295e-05 5.58893147e-05 4.54317492e-05
  3.95121807e-05 4.24859715e-05 5.09882178e-05 4.35114338e-05
  4.29075877e-05 5.04652459e-05 5.27413978e-05 4.33674296e-05
  4.32551824e-05 4.01720840e-05]
 [2.50070104e-04 2.63216422e-04 1.60953512e-04 8.92671603e-05
  7.76119153e-05 6.90763033e-05 5.29176189e-05 5.63109670e-05
  5.32110460e-05 4.89461613e-05 5.39742302e-05 4.90541707e-05
  4.13411178e-05 4.89199751e-05 3.93973884e-05 5.08170797e-05
  4.47460113e-05 3.86424936e-05 3.49562857e-05 4.11157423e-05
  3.39471923e-05 4.05703840e-05 3.51623933e-05 2.89412904e-05
  2.88352699e-05 2.71653367e-05 2.56951772e-05 2.90245959e-05
  3.10189394e-05 2.80398948e-05 2.91603019e-05 2.86549306e-05
  2.44793738e-05 2.90423268e-05 2.81344880e-05 2.77928193e-05
  2.31729126e-05 2.97732004e-05 2.09071004e-05 2.15565827e-05
  2.12976983e-05 2.30165356e-05 1.82022907e-05 2.10927371e-05
  1.82536012e-05 1.91470474e-05 1.89560406e-05 1.80808809e-05
  1.81733079e-05 1.95310351e-05]
 [2.28239779e-04 2.79813208e-04 8.23741756e-05 5.46388229e-05
  5.51349298e-05 4.75411550e-05 5.13225308e-05 3.92027336e-05
  3.76768188e-05 4.23754045e-05 3.89124234e-05 3.49766932e-05
  3.30967481e-05 2.92536492e-05 3.09127799e-05 2.85861747e-05
  2.15574427e-05 2.30327552e-05 2.43996936e-05 1.93645419e-05
  2.05567848e-05 1.72640954e-05 1.79444184e-05 1.81500241e-05
  1.76501420e-05 1.44282335e-05 1.55603095e-05 1.36906859e-05
  1.63836462e-05 1.41338733e-05 1.37122005e-05 1.17854558e-05
  1.23311325e-05 1.09989599e-05 1.07503382e-05 1.16431912e-05
  1.07609403e-05 1.06367352e-05 8.47365675e-06 8.55147058e-06
  9.79476700e-06 7.45033565e-06 8.99772503e-06 7.67217551e-06
  8.21882631e-06 8.01651677e-06 7.12924214e-06 6.68910295e-06
  7.48001188e-06 5.92641594e-06]
 [2.65363700e-04 1.16500719e-04 7.10860563e-05 5.87584436e-05
  4.85479200e-05 3.32881503e-05 3.29701499e-05 3.14712410e-05
  2.98601307e-05 2.01871796e-05 2.13455660e-05 2.36968742e-05
  2.33990488e-05 1.81393882e-05 1.83539682e-05 1.59239644e-05
  1.29599609e-05 1.31665474e-05 1.19759949e-05 1.02103410e-05
  9.67725712e-06 9.51904047e-06 1.06439066e-05 9.27274274e-06
  9.01599286e-06 8.14229730e-06 7.53946202e-06 6.27372614e-06
  6.07792420e-06 6.75112513e-06 5.40029465e-06 5.87868245e-06
  4.87614294e-06 6.28835668e-06 4.31134911e-06 4.44233190e-06
  4.82011348e-06 3.58776517e-06 3.56922367e-06 3.14517595e-06
  3.30263362e-06 2.83376298e-06 2.15792743e-06 2.61011086e-06
  2.90449264e-06 2.38012097e-06 2.94037599e-06 2.45005698e-06
  2.16861560e-06 2.13813799e-06]
 [2.33558867e-04 2.16566868e-04 5.28325436e-05 4.21126830e-05
  3.43418554e-05 2.85753706e-05 2.43075544e-05 2.08732042e-05
  1.73152570e-05 1.37665135e-05 1.55018962e-05 1.46697977e-05
  1.26815605e-05 1.08548742e-05 8.42195780e-06 7.97309694e-06
  6.81314427e-06 7.07180408e-06 5.90177455e-06 4.88974938e-06
  5.00164381e-06 6.90610653e-06 4.35179925e-06 4.01911540e-06
  4.83620245e-06 3.12351234e-06 2.94425685e-06 3.30991903e-06
  2.46712524e-06 2.08022660e-06 2.69000188e-06 2.23721293e-06
  1.96688291e-06 1.80900648e-06 2.04834045e-06 1.21148544e-06
  1.62303064e-06 8.96119921e-07 9.70719790e-07 1.66539562e-06
  1.98406298e-06 1.62038579e-06 1.21790942e-06 1.02687917e-06
  6.86744478e-07 1.27930210e-06 1.54461320e-06 1.72990644e-06
  8.71737447e-07 1.14417637e-06]
 [1.14247125e-04 5.20774208e-05 4.10937172e-05 3.03999169e-05
  2.42379460e-05 1.94210358e-05 1.83313186e-05 1.37419735e-05
  1.20208803e-05 1.05535333e-05 7.32455398e-06 7.43383710e-06
  7.19829583e-06 5.05137861e-06 5.58103705e-06 3.77992513e-06
  4.39730411e-06 3.14855336e-06 2.62185328e-06 2.62483613e-06
  3.34706280e-06 2.52152763e-06 1.79137617e-06 1.60695388e-06
  1.66171000e-06 1.22346652e-06 1.50466385e-06 1.31096984e-06
  1.09516422e-06 1.14901981e-06 1.00604611e-06 8.71979991e-07
  6.63802626e-07 9.46241557e-07 1.03965718e-06 7.94536767e-07
  6.46508874e-07 6.58149171e-07 6.88005503e-07 6.36609508e-07
  6.30007508e-07 5.58570962e-07 7.68984712e-07 6.03015629e-07
  5.24959393e-07 5.05899370e-07 8.08517508e-07 4.78975740e-07
  5.33945785e-07 5.81761046e-07]
 [1.32826357e-04 1.72064402e-05 1.24522281e-05 4.62700617e-06
  4.44916762e-06 2.93492093e-06 2.21322173e-06 1.24772143e-06
  5.67359782e-07 6.07626199e-07 5.69971795e-07 3.24383637e-07
  4.08952154e-07 4.26344986e-07 4.24492393e-07 4.00845975e-07
  3.63067914e-07 3.30611124e-07 4.22255307e-07 3.30631176e-07
  3.30142182e-07 4.23698316e-07 4.06044630e-07 3.02364038e-07
  3.58489736e-07 4.83990464e-07 3.68201967e-07 3.23898183e-07
  3.79366250e-07 3.84585728e-07 4.33988349e-07 3.83662709e-07
  3.71189993e-07 3.23038685e-07 3.27498329e-07 3.44550445e-07
  3.17389290e-07 3.24688909e-07 3.30230916e-07 5.67553666e-07
  3.20495252e-07 3.81338026e-07 3.31898976e-07 3.69326721e-07
  3.87189893e-07 3.64368961e-07 3.07636267e-07 5.10330098e-07
  3.22395157e-07 3.66233700e-07]
 [1.67072655e-05 4.68320090e-06 1.76320204e-06 6.09926517e-07
  8.82987770e-07 4.00631805e-07 5.28413266e-07 3.76034836e-07
  3.45911376e-07 3.49504529e-07 4.88227912e-07 2.72882169e-07
  2.91180284e-07 3.12989418e-07 3.82847459e-07 4.05841599e-07
  3.65481987e-07 3.98774683e-07 3.62001609e-07 3.31843799e-07
  2.38680081e-07 3.45001950e-07 2.72319428e-07 3.45534587e-07
  3.28775384e-07 3.99795879e-07 3.00035965e-07 2.35580716e-07
  3.36511382e-07 2.87127242e-07 2.68203535e-07 3.16505663e-07
  2.64268995e-07 2.73553803e-07 3.22327771e-07 2.98071747e-07
  3.20355721e-07 2.81512661e-07 2.91517192e-07 3.47813406e-07
  3.84262605e-07 3.15516481e-07 3.22544836e-07 2.89050864e-07
  2.97227976e-07 3.44220689e-07 2.84523362e-07 3.06152765e-07
  2.89845711e-07 3.02624309e-07]
 [7.64907621e-06 8.02363311e-07 3.19056616e-07 4.16779057e-07
  2.98510364e-07 2.81984816e-07 2.87234606e-07 2.93948263e-07
  3.01200914e-07 2.89175307e-07 2.66046004e-07 2.92807060e-07
  2.73272250e-07 2.54499890e-07 2.87114371e-07 3.21137424e-07
  2.82291206e-07 3.37251289e-07 2.60560355e-07 2.88073021e-07
  3.02976183e-07 2.77489811e-07 3.06425329e-07 2.89385596e-07
  2.47726063e-07 3.37486820e-07 4.01814325e-07 3.12753007e-07
  2.70281800e-07 2.35454803e-07 4.15014420e-07 2.63441352e-07
  2.91115203e-07 2.86640105e-07 2.66169380e-07 2.90566481e-07
  2.52194731e-07 2.41038880e-07 2.92130627e-07 3.05304460e-07
  2.56858292e-07 3.29195222e-07 2.96002118e-07 3.07574525e-07
  2.79484780e-07 2.74614858e-07 2.29426579e-07 2.44798787e-07
  2.71285122e-07 3.00125106e-07]
 [1.33312771e-06 3.51275533e-07 2.94305930e-07 2.58681197e-07
  2.96169525e-07 5.02396127e-07 3.47147367e-07 2.66677548e-07
  2.58978300e-07 2.39820956e-07 4.99941758e-07 2.61918536e-07
  2.77329369e-07 2.23307929e-07 3.24303830e-07 3.10327429e-07
  4.15586395e-07 2.78262274e-07 4.28855496e-07 3.59123609e-07
  2.37934561e-07 2.82748713e-07 2.61128092e-07 2.78300254e-07
  2.61415044e-07 2.64521771e-07 2.45930325e-07 2.63267401e-07
  3.13615748e-07 2.75102739e-07 2.55696815e-07 2.59308998e-07
  2.50033707e-07 3.28564361e-07 3.04404797e-07 2.57744030e-07
  2.48121863e-07 2.63510404e-07 2.92310519e-07 2.95835808e-07
  2.68759717e-07 3.10446172e-07 2.82228731e-07 3.37769020e-07
  2.56666446e-07 2.56721171e-07 2.37638970e-07 2.53034533e-07
  2.74412427e-07 2.68660409e-07]]
