args:  Namespace(attack='fgm', gaussian=False, l2=0, ndim=7)
elapsed time: 5175.5744074780005
test_losses: [[0.00300741 0.0027316  0.00243271 0.00229091 0.00215389 0.00185059
  0.00170133 0.00169454 0.00164156 0.00152042 0.00151035 0.00143717
  0.00144103 0.00136184 0.00131014 0.00131027 0.00130489 0.00130461
  0.00121928 0.00122491 0.0011079  0.00117661 0.00121688 0.00116154
  0.00120126 0.00117867 0.00109213 0.00115185 0.00105591 0.00111698]
 [0.00280432 0.0026044  0.00240554 0.00204255 0.00194788 0.00183062
  0.00162834 0.00155443 0.00151599 0.00144528 0.00139913 0.00128372
  0.00127052 0.0012183  0.00126856 0.00112514 0.00121405 0.00110613
  0.00109906 0.00104829 0.0010954  0.00102581 0.00100822 0.00107109
  0.00104359 0.00102591 0.00106519 0.00102516 0.00097256 0.00098358]
 [0.00354861 0.0021011  0.00203745 0.00193683 0.00157916 0.0014992
  0.00136361 0.00124898 0.0012406  0.00112886 0.00107769 0.00107705
  0.00105884 0.00101453 0.0009733  0.0009323  0.00089764 0.0008799
  0.00078807 0.00082568 0.00080965 0.00078855 0.00081888 0.00077392
  0.00074874 0.0007614  0.00071359 0.00074088 0.0007185  0.00074246]
 [0.00514049 0.0021131  0.00189089 0.00184818 0.00158357 0.00141022
  0.00130184 0.00120138 0.00111535 0.00108835 0.00095503 0.00090385
  0.00089265 0.00086546 0.00078513 0.00078694 0.00080121 0.00081868
  0.00077116 0.00077807 0.00078663 0.00081223 0.00076784 0.00078311
  0.0006975  0.00073608 0.00068579 0.00068946 0.00066512 0.00062557]
 [0.00643633 0.0028471  0.00205614 0.00173018 0.00162195 0.00143944
  0.00130711 0.00108395 0.00100788 0.00093097 0.00083728 0.00077666
  0.00075797 0.00071818 0.00069161 0.00068409 0.00059364 0.0005892
  0.00061991 0.00056204 0.00055415 0.00053931 0.00051257 0.00052183
  0.00046628 0.00048743 0.00054757 0.00048286 0.00046965 0.00046072]
 [0.00674802 0.003078   0.00206003 0.00182161 0.00159004 0.00146335
  0.0011339  0.00105866 0.0009451  0.00092074 0.00078295 0.00075645
  0.00069154 0.00068241 0.00061978 0.00060399 0.00055364 0.00053485
  0.0005307  0.00047584 0.0004697  0.00050718 0.00047814 0.0004569
  0.00046026 0.00045823 0.00047802 0.00043776 0.0004347  0.00046091]
 [0.00716023 0.00333177 0.00235328 0.0020648  0.00167357 0.00140889
  0.00114281 0.00108143 0.00096216 0.00089437 0.00081878 0.0007568
  0.00066427 0.00062145 0.00060287 0.00062893 0.00050128 0.00052758
  0.00046138 0.00051581 0.00043912 0.00045235 0.00044788 0.00044716
  0.00042265 0.00037121 0.00040778 0.00038046 0.00034005 0.00035357]
 [0.00732983 0.00354678 0.00233453 0.00207516 0.00173849 0.00150386
  0.00117676 0.00114795 0.00093904 0.00088721 0.0007647  0.00072746
  0.00068289 0.00060091 0.00060066 0.0005231  0.00053392 0.00047004
  0.00048215 0.00042853 0.00042175 0.00041765 0.00040112 0.00035958
  0.00036239 0.00034479 0.00032952 0.0003485  0.00034092 0.00034108]]
variance: [[1.51192788e-06 1.74121625e-06 1.27160900e-06 1.21074154e-06
  1.20731829e-06 9.42139363e-07 8.33114506e-07 7.45401755e-07
  9.13473627e-07 6.43363196e-07 6.19954691e-07 4.68316926e-07
  5.39940696e-07 5.34316235e-07 5.14556416e-07 5.04486195e-07
  5.09964973e-07 3.75632473e-07 4.01403278e-07 3.79750922e-07
  3.44490072e-07 3.70471286e-07 3.60633713e-07 3.13047863e-07
  3.34417900e-07 3.84216308e-07 3.15778392e-07 2.85729123e-07
  2.79595531e-07 3.23985516e-07]
 [1.70471079e-06 1.24365951e-06 1.29496467e-06 9.60026746e-07
  9.40540987e-07 8.97499844e-07 8.81464008e-07 8.39875457e-07
  7.05038376e-07 7.14760923e-07 6.86390402e-07 6.02008072e-07
  6.15131019e-07 4.86714892e-07 5.52614010e-07 4.31580826e-07
  5.15754279e-07 3.65764586e-07 4.60093942e-07 3.59663247e-07
  3.98925688e-07 3.82276523e-07 3.21993087e-07 4.55953215e-07
  4.36313499e-07 3.44598746e-07 3.14247811e-07 3.40738654e-07
  2.96086159e-07 3.25737709e-07]
 [6.01888131e-06 1.83798801e-06 1.53555325e-06 1.13003461e-06
  6.04028924e-07 6.87326936e-07 5.95143018e-07 5.74306567e-07
  5.06600150e-07 4.16781292e-07 3.93120113e-07 4.76768208e-07
  5.60093708e-07 4.38771105e-07 4.08596264e-07 3.17791247e-07
  3.64764324e-07 2.85992238e-07 2.16022658e-07 2.57634862e-07
  2.34172360e-07 2.13578582e-07 2.38777145e-07 2.21302080e-07
  2.03230470e-07 1.87800617e-07 1.71392964e-07 1.60134986e-07
  1.66973110e-07 1.99245012e-07]
 [1.03099714e-05 1.41664981e-06 1.22604471e-06 1.02353694e-06
  7.89465348e-07 5.72659826e-07 5.83462861e-07 5.29186416e-07
  4.41595788e-07 4.71936174e-07 2.91987389e-07 2.74055407e-07
  2.53957196e-07 3.25449394e-07 2.41351544e-07 2.86493702e-07
  2.96296957e-07 3.57537491e-07 3.23110407e-07 2.52099128e-07
  3.30505455e-07 4.17902740e-07 2.53178832e-07 3.67470108e-07
  2.58016519e-07 2.71642021e-07 1.72073680e-07 1.76480686e-07
  1.48516259e-07 1.29348383e-07]
 [1.24536324e-05 3.37012675e-06 1.99357006e-06 1.00451227e-06
  8.01770510e-07 6.80997811e-07 6.87609220e-07 3.91595250e-07
  3.08308156e-07 2.75567119e-07 2.62797102e-07 2.12798546e-07
  2.18357678e-07 1.44007110e-07 1.69293107e-07 1.75991456e-07
  1.23770260e-07 1.20780242e-07 1.65783673e-07 1.20064536e-07
  1.71356239e-07 1.49860675e-07 1.22552396e-07 1.20905707e-07
  8.84408337e-08 1.15596367e-07 2.05701669e-07 1.31329828e-07
  8.84659854e-08 1.11647310e-07]
 [1.22448239e-05 3.15333855e-06 1.90703892e-06 1.16471509e-06
  8.46579881e-07 6.85435043e-07 4.35349937e-07 3.63407977e-07
  3.06166014e-07 3.01941657e-07 1.81925505e-07 2.06985367e-07
  1.60673192e-07 1.81385924e-07 1.66323665e-07 1.43650389e-07
  1.07728496e-07 9.77941632e-08 1.20693680e-07 7.85889718e-08
  6.95598910e-08 9.90121563e-08 9.19534730e-08 1.26016096e-07
  1.14280141e-07 1.49894386e-07 8.87631811e-08 8.96801762e-08
  1.25369223e-07 1.63267124e-07]
 [1.43419657e-05 3.90027053e-06 2.06386998e-06 1.46475419e-06
  1.14522065e-06 6.85524921e-07 4.21104295e-07 4.53237473e-07
  3.16603987e-07 2.78137265e-07 2.31053828e-07 2.34430763e-07
  1.47938702e-07 1.29484491e-07 1.63983026e-07 1.44149513e-07
  8.29614923e-08 1.13045652e-07 7.36138684e-08 1.53409666e-07
  1.03421740e-07 7.50190169e-08 1.00129682e-07 1.47379643e-07
  7.89679494e-08 4.60689175e-08 9.45706975e-08 4.84518850e-08
  3.89575067e-08 5.12136510e-08]
 [1.46040433e-05 3.94822780e-06 1.73975767e-06 1.49857891e-06
  9.99038193e-07 8.22161771e-07 4.61654946e-07 4.83406174e-07
  3.61062825e-07 2.81189733e-07 1.83434649e-07 1.72749739e-07
  1.51529835e-07 1.26579165e-07 1.53623765e-07 1.01765347e-07
  1.04313175e-07 6.73024688e-08 7.59237283e-08 6.80896506e-08
  5.74019115e-08 5.07842515e-08 5.90403645e-08 4.59691321e-08
  4.07732994e-08 4.66139116e-08 5.15095167e-08 4.32375785e-08
  4.09044499e-08 6.26942064e-08]]
