args:  Namespace(attack='opt', gaussian=False, l2=0, ndim=10)
test_losses: [[0.00323011 0.00296525 0.0027386  0.00260757 0.00240618 0.0022701
  0.00201747 0.0021038  0.00192916 0.00195227 0.00186329 0.00186347
  0.00182519 0.00173483 0.0018497  0.00173357 0.00169505 0.00167356
  0.0016286  0.00163492 0.00161089 0.0015923  0.00164704 0.00157713
  0.00158093 0.0015799  0.00151785 0.00156352 0.00155631 0.00159408
  0.00156591 0.00152439 0.00157286 0.00157474 0.0015278  0.00151087
  0.00158444 0.00148989 0.00149791 0.00149246 0.00148538 0.0015064
  0.0014597  0.00149762 0.00150264 0.00148675 0.00148107 0.00150235
  0.00148465 0.00149919]
 [0.015944   0.00931018 0.00629385 0.00511444 0.00428923 0.00389016
  0.00335408 0.00305055 0.00266903 0.00242503 0.00232354 0.00215712
  0.00196239 0.00187642 0.00160726 0.00165599 0.0014725  0.0013887
  0.00129706 0.00126974 0.00125996 0.00118957 0.00111906 0.0009975
  0.0010164  0.00108401 0.0010073  0.0009207  0.00089762 0.00088304
  0.0008356  0.00082363 0.00075758 0.00079143 0.00074611 0.00070434
  0.00073677 0.00071439 0.00069139 0.0006564  0.0006583  0.00060777
  0.00063492 0.00066263 0.00059736 0.00057613 0.00059145 0.00056904
  0.0005558  0.00053186]
 [0.04241542 0.03114613 0.02184872 0.01640815 0.01346406 0.01060939
  0.00918056 0.00738984 0.00653088 0.00555517 0.00502782 0.00417098
  0.00409396 0.00344169 0.00316738 0.00288936 0.00293597 0.00246533
  0.0024246  0.00219586 0.00196038 0.00188402 0.00189049 0.00168844
  0.00165853 0.00149925 0.0014989  0.00141894 0.00139221 0.00123749
  0.00132529 0.00127533 0.00120323 0.0011064  0.00112252 0.00105034
  0.00103274 0.00096961 0.00096438 0.00095097 0.00087203 0.00087672
  0.00082903 0.00090434 0.0008235  0.00078441 0.00075465 0.00078515
  0.0006988  0.00070846]
 [0.06451412 0.05315199 0.04545911 0.03937165 0.03224681 0.02800989
  0.02484085 0.01948416 0.01665382 0.01561262 0.01223077 0.01238627
  0.0105189  0.00906999 0.00863913 0.00794006 0.00650305 0.00607472
  0.00548447 0.00592443 0.00508016 0.0047059  0.0042026  0.0038599
  0.00351148 0.00366634 0.00352596 0.00306993 0.00279702 0.00256811
  0.00255969 0.00242165 0.00243454 0.00218394 0.00215433 0.00217411
  0.00202453 0.00189677 0.00179951 0.00177488 0.00165378 0.00172485
  0.0016103  0.00149876 0.00141411 0.00142466 0.0014085  0.00127544
  0.00124413 0.00123615]
 [0.08718759 0.08195747 0.0717725  0.06381583 0.05903258 0.04984665
  0.04736656 0.04147118 0.03926738 0.03523237 0.03171496 0.02891558
  0.0286074  0.02591912 0.02296672 0.02382292 0.02025949 0.01943705
  0.01796316 0.01631157 0.01488852 0.01446807 0.01370333 0.0124985
  0.01172308 0.01083992 0.00960169 0.00921281 0.00866313 0.00920515
  0.00758463 0.00721201 0.00693861 0.00689901 0.00633416 0.00662841
  0.00574593 0.00523949 0.00508517 0.00531249 0.00515461 0.00494257
  0.00506374 0.00482716 0.00407986 0.00431191 0.00379036 0.00366993
  0.00356185 0.00353214]
 [0.1086764  0.10894308 0.1046681  0.09741745 0.09398241 0.0849299
  0.07890914 0.07629163 0.07539326 0.07146069 0.06904415 0.0633633
  0.06108657 0.05496696 0.05716939 0.05493713 0.05362507 0.05145129
  0.04545888 0.04583161 0.04417561 0.04271201 0.0401202  0.04042982
  0.03899859 0.03691293 0.03596704 0.03556781 0.03215258 0.03298713
  0.0300964  0.02915091 0.02916792 0.02882803 0.02730304 0.02727797
  0.02665121 0.02721241 0.02379221 0.02357822 0.02319517 0.02329594
  0.0221985  0.02134499 0.0197611  0.02011301 0.02083487 0.01938482
  0.01966023 0.01967293]
 [0.14082746 0.14787884 0.14419491 0.13973229 0.13845638 0.13188611
  0.13092469 0.12935408 0.12474177 0.12149249 0.11934473 0.11608069
  0.11776703 0.11587532 0.11056422 0.11065088 0.1127962  0.11151024
  0.10326722 0.10854205 0.10042725 0.09987918 0.10108627 0.09675443
  0.10059586 0.09165706 0.09411657 0.09423632 0.09305322 0.09137803
  0.09052934 0.088464   0.0875303  0.08928443 0.08560257 0.0873428
  0.08253879 0.08673332 0.08131423 0.08151867 0.0809341  0.08423779
  0.08010956 0.07835328 0.08344987 0.07846941 0.07639905 0.07960476
  0.08082988 0.07753128]
 [0.17417109 0.15896062 0.13719004 0.11228545 0.10403947 0.09682725
  0.09976289 0.09733032 0.09567987 0.09385065 0.09496581 0.09490193
  0.09518385 0.09473363 0.09492117 0.09494659 0.0956482  0.09519941
  0.09517725 0.09534432 0.09549038 0.09546335 0.0956106  0.09516495
  0.09538232 0.0951178  0.09576011 0.09543884 0.09559332 0.09559653
  0.09552234 0.09530699 0.09568666 0.09568745 0.09551395 0.09563254
  0.09531905 0.09527344 0.09569145 0.09579638 0.09537253 0.09571255
  0.09560569 0.09572794 0.09548533 0.09571204 0.09560387 0.09543337
  0.09551794 0.09570711]
 [0.1216638  0.10275401 0.09820105 0.09811504 0.09742075 0.09743847
  0.09736698 0.09750565 0.09757912 0.0974999  0.09751033 0.09753099
  0.09752972 0.09772673 0.09759545 0.0976601  0.09754233 0.09758237
  0.09758198 0.09755156 0.09759354 0.09752211 0.09764912 0.0975837
  0.09756353 0.0975148  0.09767789 0.09748721 0.09758195 0.09762327
  0.09755809 0.09750712 0.0975682  0.0975567  0.09756382 0.09763439
  0.09767783 0.09751437 0.09763311 0.09763996 0.09760219 0.09762088
  0.09760528 0.09761438 0.09772119 0.09769525 0.09765446 0.09760409
  0.09764751 0.09765342]
 [0.10340154 0.09817252 0.09818288 0.09818035 0.09827832 0.09827052
  0.09824701 0.09813435 0.09823421 0.09826272 0.09813266 0.09829605
  0.09825254 0.09825865 0.09824987 0.09827021 0.09827663 0.09820852
  0.09832699 0.09821181 0.09829755 0.09829324 0.09833625 0.09825688
  0.09824502 0.09822289 0.09822599 0.09827085 0.09831111 0.09826343
  0.09826758 0.09821003 0.09830965 0.09827582 0.09820745 0.09827515
  0.09834501 0.09831714 0.09831686 0.09825792 0.09827919 0.09825803
  0.09829556 0.09829228 0.09826411 0.09831538 0.09821703 0.09832632
  0.09822672 0.0982213 ]]
variance: [[9.62124533e-07 9.60814749e-07 1.08777651e-06 1.06608146e-06
  8.41531906e-07 7.93600347e-07 5.97002210e-07 8.35631984e-07
  5.31770915e-07 6.43394648e-07 5.83311831e-07 5.70516754e-07
  4.12909218e-07 4.35409908e-07 4.77515408e-07 4.26803480e-07
  4.82094735e-07 4.32731528e-07 3.61995776e-07 3.81358139e-07
  3.94667559e-07 3.40225241e-07 4.05329517e-07 3.72634951e-07
  3.59350522e-07 3.32780528e-07 3.08546380e-07 3.63814678e-07
  4.06077125e-07 3.56122968e-07 3.33281958e-07 3.17046839e-07
  3.34011909e-07 3.71971997e-07 3.20317371e-07 3.51073401e-07
  3.44066780e-07 2.93852645e-07 3.09693216e-07 3.07120487e-07
  3.17208868e-07 3.23166342e-07 2.75714435e-07 3.14345816e-07
  3.78042379e-07 2.99636084e-07 3.28039767e-07 3.33852772e-07
  3.09649228e-07 2.89530257e-07]
 [7.30765407e-05 2.85323863e-05 1.47340254e-05 8.04236869e-06
  4.48840052e-06 4.21116858e-06 3.38129896e-06 2.30918190e-06
  1.56779561e-06 1.49915334e-06 1.38105867e-06 9.87200914e-07
  1.08008247e-06 8.64952111e-07 6.48386877e-07 6.70907765e-07
  5.45260693e-07 4.77769708e-07 4.52270801e-07 4.30973537e-07
  4.48220178e-07 3.61305623e-07 3.53364561e-07 2.62169017e-07
  2.71338531e-07 3.00149908e-07 2.52381692e-07 2.12346404e-07
  2.90075581e-07 2.59256583e-07 2.26152184e-07 1.81975985e-07
  1.72296869e-07 2.05299179e-07 1.42291031e-07 1.28941498e-07
  2.16686311e-07 2.23923690e-07 1.51166258e-07 1.82642597e-07
  1.54955867e-07 9.03407759e-08 1.99061880e-07 2.20895631e-07
  7.81836049e-08 1.30654807e-07 1.66662274e-07 2.17224331e-07
  1.37052677e-07 7.60557287e-08]
 [1.85938783e-04 1.41099635e-04 9.91403638e-05 6.76824736e-05
  5.13341491e-05 4.07770548e-05 2.97850325e-05 2.42305114e-05
  1.38764038e-05 1.12737747e-05 9.00181601e-06 6.18164381e-06
  6.74562739e-06 4.55148775e-06 3.90330985e-06 2.93675628e-06
  3.42093279e-06 1.75482925e-06 2.24510689e-06 2.12719630e-06
  1.18528059e-06 1.17855151e-06 1.22724725e-06 8.92895770e-07
  9.19770283e-07 7.80926016e-07 7.17375297e-07 6.23344294e-07
  7.92355806e-07 5.17652445e-07 5.52509032e-07 4.71427793e-07
  4.68000404e-07 4.95855903e-07 4.33614369e-07 3.86036089e-07
  2.85404845e-07 2.82320831e-07 3.04894540e-07 2.51825633e-07
  2.09445991e-07 2.01177210e-07 1.84840714e-07 2.68525379e-07
  1.97499379e-07 2.13627805e-07 1.35122938e-07 1.78056494e-07
  1.45050462e-07 1.67815175e-07]
 [3.19913192e-04 2.66741044e-04 2.45302630e-04 2.68013294e-04
  1.85248149e-04 1.76164544e-04 1.46025869e-04 1.09311433e-04
  9.52811585e-05 8.36901941e-05 5.39151572e-05 5.48222739e-05
  5.16257266e-05 3.85737226e-05 4.02307573e-05 3.11408083e-05
  2.24381338e-05 1.79511934e-05 1.55881781e-05 1.94441181e-05
  1.21657529e-05 1.09222641e-05 8.63338357e-06 7.26955643e-06
  6.36838471e-06 8.34302899e-06 6.54928683e-06 4.64399450e-06
  4.22802489e-06 3.14069700e-06 3.05255495e-06 3.45646769e-06
  2.65101405e-06 2.26521889e-06 2.20186751e-06 2.41551562e-06
  1.77888011e-06 1.94023081e-06 1.03657348e-06 1.46628981e-06
  1.27135457e-06 1.29136058e-06 1.18935007e-06 1.03487394e-06
  6.95766767e-07 7.16704218e-07 6.96021490e-07 6.04640664e-07
  5.84662339e-07 6.55097770e-07]
 [4.85395459e-04 5.52081297e-04 5.23409312e-04 4.87400821e-04
  4.35120397e-04 3.97911918e-04 4.11279892e-04 2.94922576e-04
  2.91381192e-04 2.65394530e-04 2.59220751e-04 2.21785996e-04
  1.80261530e-04 2.22382307e-04 1.70869615e-04 2.21095643e-04
  1.47581206e-04 1.23677601e-04 1.28938860e-04 1.18135333e-04
  9.34485210e-05 8.80809518e-05 7.18626047e-05 7.27887737e-05
  6.00094855e-05 5.94658450e-05 4.10988114e-05 4.12117023e-05
  4.77946623e-05 5.22835705e-05 3.34853865e-05 2.50482826e-05
  2.87795468e-05 2.57010746e-05 2.32151546e-05 2.45097473e-05
  2.18144742e-05 1.59247329e-05 1.61896093e-05 1.46438911e-05
  1.58182788e-05 1.51474421e-05 1.68182913e-05 1.66054053e-05
  9.06373556e-06 1.42449203e-05 7.28401475e-06 8.61589721e-06
  8.59717750e-06 7.03691787e-06]
 [8.87174075e-04 1.25855123e-03 1.08444862e-03 9.49311814e-04
  9.47881268e-04 9.32461755e-04 7.44240528e-04 8.08789425e-04
  7.94043429e-04 7.97824240e-04 6.18791156e-04 6.30370781e-04
  7.10731995e-04 5.53324384e-04 5.70168984e-04 5.85694097e-04
  5.32666441e-04 5.68296627e-04 3.52042649e-04 4.07746335e-04
  4.17730920e-04 4.50081955e-04 3.52578504e-04 3.48000008e-04
  3.31208751e-04 3.33886480e-04 2.89612227e-04 2.91262367e-04
  3.08822350e-04 2.99734495e-04 2.51409346e-04 2.35419761e-04
  2.55072462e-04 2.33088633e-04 1.86318058e-04 2.36572506e-04
  2.09493804e-04 2.56542557e-04 1.91762382e-04 1.54844119e-04
  1.70205072e-04 1.67355340e-04 1.57655671e-04 1.43538025e-04
  1.55305403e-04 1.39968760e-04 1.78611128e-04 1.06602601e-04
  1.49674617e-04 1.51382728e-04]
 [2.46677950e-03 2.74669114e-03 2.58885087e-03 2.30550203e-03
  2.57310268e-03 2.45825425e-03 2.19132701e-03 2.40646893e-03
  2.41672834e-03 2.01436704e-03 2.11216678e-03 2.02105683e-03
  2.02579224e-03 1.74424389e-03 2.08332662e-03 1.78138081e-03
  2.03903449e-03 2.00880354e-03 1.34060481e-03 1.71681896e-03
  1.32565017e-03 1.35597833e-03 1.53171282e-03 1.06577986e-03
  1.46025061e-03 1.23150428e-03 1.34957341e-03 1.33603215e-03
  1.25767594e-03 1.22566732e-03 1.09204885e-03 1.06198405e-03
  1.04826631e-03 1.52241784e-03 1.18654758e-03 1.11824860e-03
  1.18349371e-03 1.23374980e-03 9.36016160e-04 8.97564087e-04
  1.06251467e-03 1.20283321e-03 9.84946486e-04 1.13370884e-03
  1.16180359e-03 8.56495731e-04 8.63855412e-04 9.97235752e-04
  1.06587720e-03 9.16690228e-04]
 [7.14549428e-03 7.48537690e-03 6.05294763e-03 3.25024259e-03
  1.79790930e-03 5.74000288e-04 9.87105074e-04 4.08765355e-04
  3.55479848e-04 4.61723268e-05 8.10750983e-05 5.57449363e-05
  6.33330510e-05 1.18465703e-05 1.43234962e-05 1.23844392e-05
  3.35874569e-05 9.25118754e-06 1.03728459e-05 1.01984161e-05
  7.06807157e-06 7.39796629e-06 8.93174180e-06 1.12153011e-05
  1.06291605e-05 1.17153480e-05 5.50761884e-06 7.68062331e-06
  5.48800192e-06 6.19035342e-06 8.66081364e-06 1.26360855e-05
  5.41454250e-06 5.73595002e-06 7.87206520e-06 5.60085597e-06
  1.03271603e-05 1.10788376e-05 4.74289428e-06 4.53480247e-06
  1.08486830e-05 7.52118388e-06 8.70878243e-06 6.25276913e-06
  6.51116312e-06 8.78977188e-06 8.07828794e-06 7.57318916e-06
  8.19908068e-06 5.67176196e-06]
 [3.44544086e-03 9.02733129e-04 1.89847888e-04 9.20249149e-05
  3.44956869e-06 1.21886415e-06 1.20987348e-06 1.27709781e-06
  1.08903537e-06 1.37779633e-06 1.16194082e-06 1.15815160e-06
  1.15712045e-06 1.20695093e-06 1.55126600e-06 1.13427022e-06
  1.09652160e-06 1.82212397e-06 1.42050036e-06 1.18209775e-06
  1.14473822e-06 1.96383445e-06 1.37745208e-06 9.70760639e-07
  1.58823140e-06 1.12420327e-06 9.68539313e-07 1.03294452e-06
  1.12865095e-06 1.00915333e-06 1.05713669e-06 1.08519410e-06
  2.02167152e-06 1.07742862e-06 9.46425732e-07 1.06992473e-06
  1.07606182e-06 1.62606222e-06 1.18872290e-06 1.16914987e-06
  1.06239302e-06 1.06427644e-06 1.10013896e-06 9.19493673e-07
  1.08050711e-06 1.64275957e-06 9.72137119e-07 9.25470613e-07
  1.09228858e-06 8.99884893e-07]
 [7.80952598e-04 1.72739402e-06 1.33829764e-06 8.96152849e-07
  9.79572879e-07 1.07635747e-06 9.72038304e-07 9.00062487e-07
  9.63746003e-07 1.46555404e-06 9.45962286e-07 9.59035725e-07
  7.96136486e-07 8.03792654e-07 1.49218026e-06 1.42416221e-06
  1.04783480e-06 1.01923647e-06 8.91693922e-07 7.76699499e-07
  8.21778072e-07 7.84928817e-07 8.42441545e-07 8.71112148e-07
  8.86980227e-07 9.27457936e-07 1.10981269e-06 8.28763354e-07
  8.96178377e-07 8.34720748e-07 9.48390063e-07 9.23506830e-07
  9.45582604e-07 1.02260571e-06 8.46453089e-07 1.10758835e-06
  8.98363824e-07 8.49937766e-07 9.71470153e-07 1.02845142e-06
  9.32311967e-07 1.00236427e-06 9.41281883e-07 1.06321731e-06
  8.13963965e-07 9.27149496e-07 9.54167844e-07 8.53823759e-07
  8.73890946e-07 8.87891714e-07]]
