args:  Namespace(attack='opt', gaussian=False, l2=1.0, ndim=1)
test_losses: [[4.71689917e-04 2.04781058e-04 8.72603450e-05 8.65537956e-05
  5.19876567e-05 4.66999579e-05 4.21799395e-05 3.76002747e-05
  3.03973107e-05 3.28495717e-05 2.73830329e-05 3.30004640e-05
  2.65283706e-05 2.45197274e-05 2.10164502e-05 2.23208242e-05
  2.17830637e-05 1.82451405e-05 1.89520927e-05 1.99020095e-05
  1.62072530e-05 1.75090563e-05 1.76615713e-05 1.45008603e-05
  1.68046050e-05 1.48197528e-05 1.31502469e-05 1.64343725e-05
  1.62327498e-05 1.20725286e-05 1.25894776e-05 1.41067522e-05
  1.36432630e-05 1.32463227e-05 1.12385211e-05 1.24233676e-05
  1.09974123e-05 1.35407214e-05 1.21309806e-05 1.01596424e-05
  1.21025585e-05 9.84369144e-06 1.15974795e-05 1.18141501e-05
  1.20069842e-05 1.26029934e-05 1.17928658e-05 1.11447288e-05
  1.00838706e-05 9.53329105e-06]
 [4.19626306e-04 2.02131718e-04 1.13114725e-04 9.20136098e-05
  8.80134189e-05 5.62886959e-05 6.25774473e-05 5.33903288e-05
  4.18126742e-05 4.20441240e-05 3.26638216e-05 3.81212015e-05
  2.66883132e-05 3.75663137e-05 3.00401177e-05 2.56575388e-05
  2.47283527e-05 2.69090601e-05 2.20403553e-05 2.57482151e-05
  2.33200041e-05 2.16842876e-05 2.01077380e-05 2.08386840e-05
  1.87804874e-05 2.20377179e-05 1.81782650e-05 2.18990558e-05
  1.83648226e-05 1.94392502e-05 1.80748955e-05 1.85992652e-05
  1.68575917e-05 1.69584187e-05 1.84649217e-05 1.88098967e-05
  1.70694736e-05 1.57094159e-05 1.69060111e-05 1.47098602e-05
  1.73126375e-05 1.59605204e-05 1.77354491e-05 1.64129747e-05
  1.47071202e-05 1.58436511e-05 1.72628745e-05 1.51655610e-05
  1.53838444e-05 1.62050088e-05]
 [6.26169377e-04 2.46169660e-04 1.57660069e-04 1.35014694e-04
  9.48361078e-05 9.85718294e-05 8.19783496e-05 7.77203665e-05
  7.75408519e-05 6.00123845e-05 6.26064957e-05 6.23238701e-05
  5.93343370e-05 5.59733672e-05 5.50283036e-05 4.81658155e-05
  5.31541194e-05 5.16091719e-05 4.92869427e-05 5.17811453e-05
  4.55662332e-05 5.10145890e-05 4.92626694e-05 4.75721499e-05
  3.86793106e-05 4.69925422e-05 4.34638220e-05 4.40308959e-05
  4.08674426e-05 3.80936923e-05 4.52402775e-05 4.68262888e-05
  3.85234003e-05 4.11999557e-05 4.54067817e-05 4.08009982e-05
  3.43832555e-05 3.68164560e-05 3.84113006e-05 3.97813074e-05
  3.72508444e-05 4.47178216e-05 4.25532570e-05 4.07551222e-05
  3.65219047e-05 3.40915483e-05 3.48866900e-05 3.72689444e-05
  3.70417320e-05 3.65422291e-05]
 [1.08607481e-03 3.02781769e-04 2.91068660e-04 1.95778413e-04
  1.72902479e-04 1.58580308e-04 1.38032722e-04 1.43783373e-04
  1.34464940e-04 1.21991028e-04 1.32921451e-04 1.10199056e-04
  1.10180686e-04 1.13008065e-04 1.09683220e-04 1.06164241e-04
  1.07702408e-04 9.70971375e-05 9.71457839e-05 9.40303007e-05
  1.04749907e-04 9.31846458e-05 1.00152772e-04 9.26504155e-05
  9.92647221e-05 9.48259556e-05 9.13494548e-05 8.81071351e-05
  8.87255041e-05 8.67039305e-05 9.50960549e-05 9.47816453e-05
  9.56248724e-05 8.72519281e-05 8.74697647e-05 9.63977859e-05
  9.37646160e-05 8.93391773e-05 8.26859637e-05 8.14326509e-05
  8.41946434e-05 8.78262187e-05 9.02402093e-05 8.96909040e-05
  8.88328970e-05 8.37217866e-05 9.43060783e-05 9.08490679e-05
  8.81556332e-05 8.47598548e-05]
 [2.24026317e-03 9.99087249e-04 6.95063621e-04 4.22835634e-04
  4.88939902e-04 3.06644337e-04 2.80469017e-04 2.51390844e-04
  2.29011510e-04 2.75439165e-04 2.35145879e-04 2.20226295e-04
  2.17547467e-04 1.98409940e-04 2.30865629e-04 2.18244560e-04
  2.00902386e-04 2.09999100e-04 2.28590110e-04 2.00643097e-04
  1.73098036e-04 1.84096188e-04 1.86571976e-04 2.04266791e-04
  2.09683213e-04 2.09617557e-04 1.93120749e-04 1.99140138e-04
  2.02460369e-04 2.00776150e-04 1.95682847e-04 1.88723784e-04
  1.83110937e-04 1.94866534e-04 1.87669923e-04 1.93549276e-04
  1.80920398e-04 1.82803921e-04 1.93104322e-04 1.82402571e-04
  1.83971371e-04 1.80855880e-04 1.84291466e-04 1.92043749e-04
  1.86899380e-04 1.84372140e-04 1.80949553e-04 1.83341135e-04
  1.81521295e-04 1.78410258e-04]
 [3.73649788e-03 2.39773716e-03 1.98274315e-03 1.42998090e-03
  1.03892718e-03 9.33102475e-04 9.89208277e-04 6.90844814e-04
  7.53177396e-04 7.49173835e-04 5.72085157e-04 5.69476065e-04
  5.82951430e-04 5.19194441e-04 4.61900410e-04 5.11917356e-04
  4.79366394e-04 5.10066761e-04 4.88655598e-04 4.92732742e-04
  4.76417370e-04 4.88902477e-04 4.42653683e-04 4.79905039e-04
  4.45053902e-04 4.32767596e-04 4.40631558e-04 4.39252979e-04
  4.23666601e-04 4.41360713e-04 4.48074931e-04 4.31377827e-04
  4.19105523e-04 4.24258604e-04 4.50448202e-04 4.27166109e-04
  3.85831780e-04 4.16526084e-04 4.15096831e-04 4.23982864e-04
  3.95466364e-04 4.03313582e-04 4.09943599e-04 4.00775269e-04
  4.12707400e-04 4.16540910e-04 4.05504258e-04 3.95245241e-04
  4.23158554e-04 3.89286558e-04]
 [5.26115056e-03 4.25639297e-03 4.20181949e-03 4.09145874e-03
  3.53933185e-03 3.48700762e-03 3.31598200e-03 3.38785826e-03
  3.05620553e-03 3.19450645e-03 2.98583949e-03 2.81305516e-03
  2.87101125e-03 2.80760232e-03 2.75009477e-03 2.18993840e-03
  2.37228098e-03 2.56499804e-03 2.69117687e-03 2.06494855e-03
  1.99115622e-03 2.18351974e-03 2.32883992e-03 2.03658285e-03
  2.23126997e-03 1.98769512e-03 1.96461972e-03 2.14706163e-03
  2.07319810e-03 1.84324041e-03 2.00062548e-03 1.69792858e-03
  2.09978404e-03 1.64257704e-03 1.83845791e-03 1.92426394e-03
  1.62792602e-03 1.80082789e-03 1.93907490e-03 1.75734337e-03
  1.61121223e-03 1.60578854e-03 1.58324052e-03 1.80769936e-03
  1.63983083e-03 1.60429451e-03 1.73984573e-03 1.85794236e-03
  1.58885255e-03 1.63824659e-03]
 [7.85749936e-03 7.98701937e-03 8.37065748e-03 8.50054866e-03
  8.65478255e-03 8.42813169e-03 8.88056264e-03 8.84181049e-03
  8.84841749e-03 8.72714318e-03 9.00963620e-03 9.07438697e-03
  9.11945717e-03 9.14738601e-03 9.15957042e-03 8.99892521e-03
  9.25950783e-03 9.03299359e-03 9.21429964e-03 9.20871497e-03
  9.23675600e-03 9.18354189e-03 9.16464198e-03 9.15150978e-03
  9.17692828e-03 9.15372500e-03 9.28693752e-03 9.26164340e-03
  9.24690102e-03 9.14662021e-03 9.18739701e-03 9.04468173e-03
  9.22203192e-03 9.15225286e-03 9.16739422e-03 9.23422506e-03
  9.25520121e-03 9.21689209e-03 9.22106033e-03 9.25848023e-03
  9.24211073e-03 9.29744823e-03 9.06328316e-03 9.16832442e-03
  9.22622240e-03 9.27145629e-03 9.27848685e-03 9.14425724e-03
  9.10069843e-03 9.23518230e-03]
 [9.07471932e-03 9.37329517e-03 9.50828518e-03 9.48145812e-03
  9.57494373e-03 9.57144680e-03 9.51749792e-03 9.51030644e-03
  9.55878163e-03 9.51492238e-03 9.51234494e-03 9.61907639e-03
  9.44064750e-03 9.54132287e-03 9.49250565e-03 9.49227653e-03
  9.61935524e-03 9.53306200e-03 9.54895872e-03 9.49503822e-03
  9.49190460e-03 9.49194911e-03 9.49152363e-03 9.50092308e-03
  9.51675993e-03 9.40163636e-03 9.59014301e-03 9.55811680e-03
  9.40872442e-03 9.52513450e-03 9.52385570e-03 9.47726750e-03
  9.47359761e-03 9.59301739e-03 9.51387356e-03 9.49356499e-03
  9.53244838e-03 9.53771626e-03 9.49244961e-03 9.50359735e-03
  9.46582204e-03 9.46781943e-03 9.50990309e-03 9.57444081e-03
  9.38536208e-03 9.58326358e-03 9.42158883e-03 9.42747332e-03
  9.51475735e-03 9.43895392e-03]
 [9.59213859e-03 9.84158322e-03 9.70933763e-03 9.71738829e-03
  9.77255436e-03 9.80578370e-03 9.65538059e-03 9.60605972e-03
  9.66468173e-03 9.71217847e-03 9.70913954e-03 9.78001924e-03
  9.76251555e-03 9.72835710e-03 9.67266458e-03 9.76622540e-03
  9.81647284e-03 9.84367894e-03 9.80208485e-03 9.77678357e-03
  9.77473957e-03 9.65756370e-03 9.64679046e-03 9.70043372e-03
  9.74720234e-03 9.81580100e-03 9.65554019e-03 9.74044737e-03
  9.69077755e-03 9.74849688e-03 9.79757462e-03 9.74004563e-03
  9.73540219e-03 9.85419980e-03 9.73016864e-03 9.69743401e-03
  9.72637270e-03 9.65568143e-03 9.74107055e-03 9.81985865e-03
  9.78131615e-03 9.66862154e-03 9.71323040e-03 9.79027021e-03
  9.79902497e-03 9.65993712e-03 9.80010920e-03 9.77162287e-03
  9.74096382e-03 9.70156651e-03]]
variance: [[1.09210840e-06 1.32347252e-07 2.01365336e-08 1.85851701e-08
  6.67613982e-09 3.30040031e-09 4.94558724e-09 2.70309674e-09
  1.82199055e-09 1.78653114e-09 2.11564265e-09 1.80841849e-09
  2.56328267e-09 1.55684195e-09 7.23350496e-10 1.13017657e-09
  1.14468957e-09 6.93119342e-10 6.65214358e-10 8.20219122e-10
  5.71531658e-10 9.00175797e-10 8.26961679e-10 4.13991161e-10
  6.79715915e-10 4.78183872e-10 3.63178780e-10 7.34807369e-10
  5.17998604e-10 4.20338604e-10 3.56632275e-10 5.10818442e-10
  5.76945831e-10 4.81771883e-10 2.82751079e-10 2.80382355e-10
  2.89080839e-10 4.83499057e-10 4.59359534e-10 2.44709629e-10
  3.52145475e-10 2.53519266e-10 3.06907282e-10 2.94971554e-10
  3.35129136e-10 5.21820548e-10 4.51789706e-10 3.81311861e-10
  3.04357155e-10 2.41436712e-10]
 [1.05617041e-06 1.40504015e-07 3.76401313e-08 2.42732133e-08
  2.39665429e-08 5.77266063e-09 7.14197304e-09 5.65014892e-09
  3.65350635e-09 4.96451185e-09 2.00607497e-09 2.45880339e-09
  1.40267717e-09 4.22331661e-09 1.75958997e-09 1.13702720e-09
  1.46953994e-09 1.14749115e-09 9.78704942e-10 1.24206572e-09
  8.85790115e-10 8.96878268e-10 8.13062427e-10 8.13841060e-10
  7.75697472e-10 7.05698415e-10 6.67591963e-10 9.30781974e-10
  6.23993472e-10 7.10155473e-10 5.15027508e-10 6.17777288e-10
  4.22356899e-10 5.26938479e-10 4.79534951e-10 5.84439031e-10
  4.00503658e-10 4.61788233e-10 4.34368631e-10 3.51600727e-10
  4.67592128e-10 3.44366864e-10 4.59495644e-10 4.52382301e-10
  3.15320491e-10 4.04930789e-10 6.00316705e-10 3.59235595e-10
  3.34159470e-10 4.68000227e-10]
 [2.39612656e-06 1.71325381e-07 1.43183589e-07 4.18412809e-08
  1.47804689e-08 2.13773208e-08 1.15121131e-08 1.37870991e-08
  1.16894459e-08 7.52090654e-09 6.88459224e-09 8.60455898e-09
  6.28674826e-09 4.95550053e-09 6.05740415e-09 4.61409293e-09
  3.50991349e-09 2.66020529e-09 4.14331189e-09 3.10393590e-09
  2.21458930e-09 3.80307778e-09 3.32302073e-09 3.10348463e-09
  2.56072584e-09 2.77149212e-09 2.51222822e-09 2.50454541e-09
  1.76980329e-09 2.01555275e-09 2.06039114e-09 2.42538938e-09
  1.65295746e-09 1.85106110e-09 2.30585757e-09 2.11127069e-09
  1.33949038e-09 1.43696520e-09 1.50089336e-09 1.65748725e-09
  1.31747950e-09 2.14815748e-09 1.75658942e-09 1.80975549e-09
  1.27966247e-09 1.17008744e-09 1.40272413e-09 1.64360194e-09
  1.15401332e-09 1.37296387e-09]
 [6.51443058e-06 3.39970298e-07 8.96589217e-07 1.07997236e-07
  6.28876449e-08 4.27199012e-08 4.11992819e-08 2.98779619e-08
  3.79124129e-08 2.36785078e-08 2.19473540e-08 1.56525463e-08
  1.27187630e-08 1.49532805e-08 1.32495729e-08 1.14548326e-08
  1.30646818e-08 9.98448326e-09 9.00649256e-09 1.02571255e-08
  8.50370768e-09 7.39589962e-09 9.18467411e-09 7.46059457e-09
  7.33153032e-09 7.63015243e-09 6.22692852e-09 6.47882597e-09
  6.88518917e-09 5.94856911e-09 6.36789669e-09 6.48612847e-09
  6.81294167e-09 4.38816550e-09 6.38356832e-09 5.58049744e-09
  5.18777617e-09 4.94621510e-09 3.97673893e-09 4.82111700e-09
  4.42049259e-09 4.39131487e-09 5.14043114e-09 3.88802098e-09
  4.49950212e-09 3.48156195e-09 4.66556457e-09 4.83763680e-09
  4.83441148e-09 4.33006528e-09]
 [1.20734485e-05 5.18294070e-06 2.86322412e-06 8.48953328e-07
  1.39443941e-06 1.83358658e-07 1.34143139e-07 8.47685262e-08
  7.54414587e-08 1.33340705e-07 5.72318579e-08 5.11683345e-08
  4.61046128e-08 2.94348893e-08 4.98760198e-08 3.87073605e-08
  2.58056925e-08 3.39669895e-08 3.90870061e-08 3.28748395e-08
  1.88760247e-08 2.21334926e-08 2.04979411e-08 3.05070790e-08
  2.58407166e-08 2.35357630e-08 1.60940072e-08 1.84235702e-08
  2.21791837e-08 2.03309100e-08 1.83457785e-08 1.69675854e-08
  1.39223435e-08 1.51822236e-08 1.52500269e-08 1.61765080e-08
  1.56809418e-08 1.54360608e-08 1.70682264e-08 1.19915912e-08
  1.27577517e-08 1.35315467e-08 1.41091876e-08 1.12436630e-08
  1.35444127e-08 1.16262530e-08 1.11393737e-08 1.11195832e-08
  8.99649079e-09 1.00832579e-08]
 [1.92240314e-05 1.36525878e-05 1.14799827e-05 7.39343305e-06
  4.22485342e-06 3.06251044e-06 3.57713206e-06 1.41946306e-06
  2.46272993e-06 2.25332396e-06 1.02174377e-06 7.90766900e-07
  7.76317869e-07 5.43966281e-07 1.55009658e-07 3.74027400e-07
  4.46874934e-07 5.95382941e-07 3.49511136e-07 3.17675243e-07
  2.25675190e-07 3.33004287e-07 1.10457850e-07 1.57430863e-07
  1.38497287e-07 1.13988329e-07 9.02482781e-08 8.84877221e-08
  7.50082346e-08 1.01801764e-07 9.09933914e-08 6.72493460e-08
  8.37940918e-08 6.32668855e-08 6.49583379e-08 5.95498061e-08
  3.96310083e-08 5.86771783e-08 5.26742367e-08 5.95996123e-08
  4.92676735e-08 4.25741892e-08 5.67885216e-08 5.93357488e-08
  4.98567177e-08 4.51271879e-08 4.64909333e-08 3.91860604e-08
  5.31035797e-08 4.50634972e-08]
 [1.99206113e-05 1.96843257e-05 1.83191488e-05 1.77365920e-05
  1.49987650e-05 1.51555946e-05 1.42224896e-05 1.33514944e-05
  1.23344633e-05 1.28350378e-05 1.14487038e-05 1.07384622e-05
  1.09441717e-05 1.01335282e-05 9.53086819e-06 7.76578099e-06
  8.35170405e-06 8.98181458e-06 9.19288251e-06 5.48227423e-06
  5.64891384e-06 6.21668868e-06 7.24537971e-06 5.80071685e-06
  6.05179972e-06 4.84929655e-06 5.27549761e-06 5.77613206e-06
  5.51602061e-06 4.14456078e-06 5.11411904e-06 3.15011050e-06
  5.37046925e-06 3.01493125e-06 3.60666795e-06 4.79268043e-06
  2.75656511e-06 3.80125052e-06 4.81163221e-06 2.74162569e-06
  2.88455603e-06 2.75106274e-06 2.60972530e-06 3.57200959e-06
  2.72113100e-06 2.35405218e-06 2.68466791e-06 3.43771214e-06
  2.34900072e-06 2.56592951e-06]
 [1.26279602e-05 1.19050317e-05 7.66707068e-06 6.74380330e-06
  6.79589419e-06 5.50627797e-06 4.41650487e-06 4.62316802e-06
  4.54814001e-06 4.80834330e-06 3.74054291e-06 2.63856442e-06
  1.87709919e-06 2.67695635e-06 2.35424549e-06 2.71393122e-06
  2.26827903e-06 1.98248134e-06 2.41617945e-06 2.36096354e-06
  2.09370292e-06 1.95681784e-06 2.10903150e-06 2.00977509e-06
  1.94816984e-06 2.01391396e-06 2.09357785e-06 2.17379132e-06
  1.65968074e-06 1.85477681e-06 1.98331583e-06 1.80797446e-06
  1.86551360e-06 1.90655179e-06 1.97404002e-06 2.02371512e-06
  2.04876436e-06 1.99032404e-06 1.82403659e-06 1.91916187e-06
  1.75493338e-06 1.90950203e-06 1.98845566e-06 1.94072841e-06
  1.83864139e-06 1.94310280e-06 1.88900142e-06 1.91060580e-06
  1.69467129e-06 1.99521581e-06]
 [4.73731865e-06 2.59298474e-06 1.89652609e-06 1.65993124e-06
  1.25479641e-06 1.31171619e-06 1.23639401e-06 1.27422443e-06
  1.37514569e-06 1.22568381e-06 1.26673284e-06 1.10924528e-06
  1.26774529e-06 1.21193616e-06 1.26218933e-06 1.07873888e-06
  1.17450426e-06 1.24520290e-06 1.08815540e-06 1.27516609e-06
  1.21507094e-06 1.18297801e-06 1.13139297e-06 1.37902666e-06
  1.35569908e-06 1.32312178e-06 1.06393545e-06 1.14371395e-06
  1.13834256e-06 1.24348850e-06 1.37927912e-06 1.26620957e-06
  1.19219784e-06 1.26905558e-06 1.20680758e-06 1.23087637e-06
  1.20998642e-06 1.21086946e-06 1.37132807e-06 1.28335222e-06
  1.16752995e-06 1.21011090e-06 1.27023663e-06 1.16583818e-06
  1.14702060e-06 1.16600343e-06 1.43631669e-06 1.35675976e-06
  1.24615265e-06 1.28290761e-06]
 [1.33006243e-06 8.93422847e-07 7.71245086e-07 8.78517880e-07
  8.77944811e-07 8.96472287e-07 8.93010804e-07 9.06047933e-07
  9.15180709e-07 8.56351683e-07 9.15057549e-07 8.61356257e-07
  8.39371810e-07 8.62650979e-07 9.74050089e-07 7.77325874e-07
  8.82525910e-07 7.71896082e-07 8.06478713e-07 8.70677483e-07
  8.13880714e-07 9.21606398e-07 9.23959301e-07 9.61206584e-07
  8.51164197e-07 7.29114601e-07 8.55691499e-07 7.91292272e-07
  8.71943014e-07 8.08208979e-07 7.95851155e-07 7.98671028e-07
  7.78637448e-07 7.88431119e-07 8.59681714e-07 8.24413539e-07
  9.04984626e-07 9.04524208e-07 9.46881820e-07 6.28088890e-07
  8.32199894e-07 9.16751725e-07 8.95908558e-07 8.62201972e-07
  8.78362658e-07 9.47531612e-07 8.85264903e-07 7.73474805e-07
  9.00065716e-07 1.02254595e-06]]
