args:  Namespace(attack='fgsm', gaussian=True, l2=0, ndim=10)
elapsed time: 9231.244849051
test_losses: [[0.10082152 0.09423483 0.08456386 0.07790036 0.070251   0.05961981
  0.06415213 0.06869998 0.09631329 0.10089905 0.07329587 0.05373081
  0.04609902 0.02866562 0.02185196 0.01911122 0.01818232 0.01373984
  0.01230208 0.01082923 0.01069176 0.00879912 0.00805694 0.00800089
  0.00729166 0.00678775 0.00642244 0.00585943 0.00558987 0.00509126]
 [0.09231122 0.08675705 0.08150762 0.07773055 0.07682012 0.06828739
  0.07333305 0.06629    0.05668041 0.04874788 0.04070937 0.03618144
  0.03014021 0.02546955 0.02342238 0.02038887 0.01819836 0.01622115
  0.01433363 0.0145119  0.01256668 0.01167688 0.01075774 0.00959696
  0.00908715 0.00856875 0.00794235 0.00808582 0.00768673 0.0070913 ]
 [0.09408259 0.09260832 0.09221818 0.08501763 0.08574723 0.07598793
  0.07102767 0.06320959 0.05602579 0.05217859 0.04547758 0.04088021
  0.03774175 0.03445183 0.03123203 0.02947816 0.02798873 0.02536965
  0.02542741 0.02206326 0.0231502  0.02116737 0.02025068 0.01956155
  0.01848295 0.01788741 0.01723139 0.01688516 0.01608502 0.0160917 ]
 [0.09798824 0.09458707 0.09457902 0.09030946 0.0863068  0.07788782
  0.07114595 0.06454423 0.06147496 0.05761863 0.05359746 0.05024236
  0.04818012 0.04605736 0.04377585 0.04331692 0.04278766 0.04024173
  0.04177565 0.03945104 0.03709546 0.03814832 0.03810145 0.03665279
  0.03547696 0.03486254 0.0348633  0.03461655 0.03422651 0.03394953]
 [0.09811397 0.09873592 0.09423151 0.09223899 0.08472311 0.07928262
  0.0723508  0.06867391 0.06389474 0.06174653 0.06076012 0.05806534
  0.05775608 0.0575436  0.05707852 0.05603859 0.05528316 0.05353775
  0.05398371 0.0522182  0.0526909  0.05482839 0.05389036 0.05338714
  0.05262274 0.0535976  0.05319626 0.05263881 0.05363479 0.05278364]
 [0.09868292 0.09733935 0.09838056 0.09135797 0.08471317 0.07780781
  0.07485561 0.07191927 0.07116634 0.06763999 0.067129   0.06643375
  0.06639306 0.06599085 0.06622151 0.06633469 0.06432183 0.06614545
  0.06615932 0.06563843 0.06577274 0.06510115 0.06476285 0.06537079
  0.0651289  0.06593383 0.06528831 0.06519009 0.06568671 0.0653912 ]
 [0.10012965 0.10317224 0.09588471 0.0874137  0.08325885 0.07966229
  0.0768477  0.07481558 0.07435112 0.07343494 0.07338045 0.07265975
  0.07172887 0.07206893 0.0726538  0.07138117 0.07157144 0.07219193
  0.07281801 0.07176981 0.07313676 0.07214575 0.07188115 0.07302131
  0.07263261 0.07188149 0.07201168 0.07234231 0.07313235 0.07257462]
 [0.10215766 0.10015078 0.09431892 0.08874774 0.0843065  0.08040667
  0.07949594 0.07980087 0.07827366 0.07711203 0.07770446 0.07679004
  0.07697585 0.07763016 0.07639075 0.07693368 0.07720235 0.07685775
  0.07695154 0.07730273 0.07782685 0.07818218 0.0775581  0.0783789
  0.07801269 0.07817033 0.07758975 0.07835354 0.07788547 0.07798211]
 [0.10032674 0.10206718 0.09564765 0.08901164 0.08529076 0.08256653
  0.08210172 0.080776   0.08052436 0.08119946 0.08126426 0.08118733
  0.08051797 0.08098623 0.0812606  0.08194637 0.08154432 0.08161851
  0.08102457 0.08185728 0.08223895 0.08226802 0.08211569 0.08217625
  0.08309852 0.08256469 0.08313639 0.08330394 0.08310804 0.08335292]
 [0.10355621 0.09948209 0.09269775 0.08714419 0.0854378  0.08451927
  0.08431386 0.08380902 0.08327773 0.08361434 0.08422118 0.08422459
  0.08440315 0.08435974 0.08486104 0.08516144 0.08452661 0.08536541
  0.08583896 0.0850796  0.08550564 0.0858074  0.08632347 0.0864121
  0.0860495  0.08665751 0.0865248  0.08719116 0.08698424 0.08720575]
 [0.10077179 0.10055201 0.09211731 0.08891914 0.086336   0.08624867
  0.08620104 0.08567663 0.08661704 0.08628169 0.08612171 0.08652389
  0.08731003 0.08595668 0.08722873 0.08722026 0.08770131 0.08860289
  0.08827479 0.08855875 0.08842346 0.08848533 0.08967786 0.08994987
  0.08960277 0.08986333 0.0894751  0.09011199 0.08978721 0.09021587]
 [0.10167791 0.09483025 0.09228093 0.09267165 0.09212169 0.09294321
  0.09321277 0.09384396 0.0939918  0.09476357 0.09516601 0.09545317
  0.09595791 0.09543808 0.09634304 0.09645954 0.09677381 0.09677584
  0.09704822 0.09692354 0.09735151 0.097346   0.09728656 0.09748738
  0.09774327 0.09782024 0.09804524 0.0979345  0.0980866  0.09808893]
 [0.09909006 0.09484483 0.09540624 0.09578879 0.09615002 0.09719566
  0.09733141 0.09779268 0.09813667 0.09839514 0.09839468 0.09875155
  0.0985239  0.09873326 0.09868476 0.09885773 0.098861   0.09901394
  0.09905513 0.09892463 0.09911332 0.09909055 0.09901497 0.09908642
  0.09905532 0.09915721 0.09912794 0.09907526 0.09911113 0.09909488]
 [0.09780521 0.09660613 0.09776969 0.09827658 0.09828556 0.09879164
  0.09897044 0.09920486 0.09917608 0.09930865 0.09934814 0.0994421
  0.09931977 0.09927489 0.09941931 0.09936835 0.09939214 0.09937024
  0.09941398 0.09948168 0.0993613  0.0994448  0.09941351 0.09935035
  0.09941083 0.09944051 0.09946137 0.09945524 0.09935812 0.09944166]
 [0.0979143  0.09841462 0.09869916 0.09902058 0.09939179 0.0994289
  0.0995083  0.09945334 0.09945914 0.09953239 0.09956953 0.09956765
  0.0995033  0.09947008 0.09955979 0.0995995  0.09955182 0.09950569
  0.09951131 0.09954878 0.09949707 0.09953691 0.09954736 0.09957261
  0.09954631 0.09954794 0.09957972 0.09950872 0.09950166 0.09952836]]
variance: [[3.57206091e-04 6.17110647e-04 1.19776524e-03 1.41990352e-03
  1.44762043e-03 1.57068790e-03 3.97740335e-03 5.67760610e-03
  1.19380028e-02 1.50081090e-02 6.71323358e-03 3.03353115e-03
  2.52005116e-03 1.06259761e-03 4.23585330e-04 2.35207051e-04
  2.05434211e-04 1.35912567e-04 9.15682700e-05 5.74421947e-05
  5.17070653e-05 3.58463837e-05 3.92290678e-05 3.45328378e-05
  2.69671533e-05 1.55543942e-05 1.57796134e-05 1.29069944e-05
  1.09663870e-05 8.16566120e-06]
 [1.95550554e-04 3.37234757e-04 4.06856378e-04 4.87770673e-04
  7.94231833e-04 6.30934108e-04 1.10244089e-03 1.01455561e-03
  7.37053063e-04 7.92168671e-04 3.94094165e-04 3.93851919e-04
  2.88273898e-04 2.26344115e-04 2.21687594e-04 1.55689461e-04
  1.18796773e-04 1.35974273e-04 7.63121198e-05 9.06001375e-05
  6.31761543e-05 6.43474879e-05 5.16149031e-05 3.95761597e-05
  3.28062767e-05 2.72110711e-05 2.39099257e-05 2.91515117e-05
  2.74338714e-05 1.45532255e-05]
 [2.29384383e-04 3.72497850e-04 6.38995190e-04 5.32990763e-04
  9.50973892e-04 5.81767046e-04 5.81967500e-04 5.03232478e-04
  4.06366165e-04 3.47446436e-04 2.83509677e-04 2.17116836e-04
  2.27741128e-04 1.98639844e-04 1.95843909e-04 1.66398543e-04
  2.06541598e-04 1.55387125e-04 1.64099462e-04 1.31705122e-04
  1.59158028e-04 1.20482184e-04 1.13251721e-04 1.07997439e-04
  1.05662153e-04 1.05388790e-04 1.00314101e-04 7.93351773e-05
  9.47287906e-05 7.53720595e-05]
 [1.94743117e-04 3.25201029e-04 5.23521151e-04 6.00324922e-04
  6.46699665e-04 4.26426976e-04 3.89523000e-04 4.14952095e-04
  3.23403256e-04 2.56269046e-04 2.80791739e-04 2.07463896e-04
  2.30277145e-04 1.97496559e-04 2.04191083e-04 1.59144228e-04
  1.69706666e-04 1.64357141e-04 2.29565894e-04 1.73817009e-04
  1.66156762e-04 1.88431282e-04 1.59204535e-04 1.78889130e-04
  1.67148182e-04 1.74212787e-04 1.61361439e-04 1.86765471e-04
  1.80767038e-04 1.74523814e-04]
 [2.91049720e-04 4.16089608e-04 4.87112065e-04 7.19142169e-04
  5.79750668e-04 3.96635421e-04 3.45239950e-04 2.70485335e-04
  2.07756897e-04 2.17391667e-04 1.70055294e-04 1.69355589e-04
  1.62603413e-04 1.47597768e-04 1.27693486e-04 1.52851642e-04
  1.58512500e-04 1.62614533e-04 1.38961365e-04 1.83766241e-04
  1.35025557e-04 1.47771193e-04 1.41139238e-04 1.60429999e-04
  1.27199285e-04 1.47535796e-04 1.40297937e-04 1.60019767e-04
  1.49705719e-04 1.43419021e-04]
 [2.46837290e-04 3.68286994e-04 6.59392761e-04 5.45681493e-04
  4.59264915e-04 2.16340004e-04 2.49701646e-04 1.98910366e-04
  1.63150382e-04 1.46083586e-04 1.16624779e-04 1.18617905e-04
  1.25384951e-04 1.09398097e-04 1.26849181e-04 9.43212508e-05
  9.76782237e-05 9.78286107e-05 1.03399634e-04 9.77829419e-05
  7.70224975e-05 9.42132688e-05 1.01589949e-04 8.83638265e-05
  8.25465141e-05 8.26492846e-05 7.82587328e-05 8.69197873e-05
  8.06234779e-05 7.98849730e-05]
 [3.35599385e-04 7.54871032e-04 4.82326685e-04 3.93339067e-04
  2.84257824e-04 2.04662274e-04 1.61772468e-04 1.39848043e-04
  1.15981463e-04 1.15871340e-04 1.05418564e-04 9.84249198e-05
  7.95455604e-05 9.16119512e-05 7.51854353e-05 8.69725947e-05
  8.34934737e-05 7.51218356e-05 6.67805487e-05 6.68014109e-05
  6.25380243e-05 6.49450560e-05 5.90304971e-05 5.70852056e-05
  6.51041245e-05 5.50296204e-05 6.26980216e-05 6.14392220e-05
  4.91461949e-05 4.88148048e-05]
 [3.98461113e-04 5.06037174e-04 4.49660241e-04 3.95914452e-04
  2.30280148e-04 1.49162546e-04 1.45107538e-04 1.13607429e-04
  9.15669161e-05 8.82873227e-05 7.89527428e-05 6.19415493e-05
  6.19043908e-05 5.68126632e-05 6.59495576e-05 6.43195214e-05
  6.23105540e-05 5.04624304e-05 5.93118776e-05 5.17780064e-05
  5.34141420e-05 5.19374876e-05 5.66965130e-05 5.31000763e-05
  4.91038564e-05 4.14376975e-05 4.52429377e-05 4.70214197e-05
  5.05283090e-05 4.93993635e-05]
 [3.29152527e-04 6.53013403e-04 5.43059636e-04 3.20537297e-04
  1.98942383e-04 1.11792742e-04 8.75030751e-05 9.07466503e-05
  7.01815234e-05 5.08083412e-05 7.14002386e-05 4.89354274e-05
  5.56572070e-05 5.76264704e-05 4.78010618e-05 4.72020143e-05
  4.46556564e-05 4.87329109e-05 4.83352322e-05 4.54255000e-05
  4.29287039e-05 4.05728327e-05 4.04780452e-05 3.81266872e-05
  4.18238132e-05 3.39923802e-05 3.99851369e-05 4.52493672e-05
  3.95443714e-05 3.65134440e-05]
 [4.12055224e-04 4.92401818e-04 3.80402087e-04 2.08430132e-04
  1.24360090e-04 8.10867163e-05 7.86010209e-05 5.99926020e-05
  5.35418469e-05 5.73103245e-05 5.06446926e-05 4.81373608e-05
  4.61259563e-05 4.38784783e-05 4.23357495e-05 3.91860225e-05
  3.92965343e-05 4.04422716e-05 4.26353216e-05 3.27330654e-05
  3.62413516e-05 3.39399798e-05 3.29621955e-05 3.68203750e-05
  3.64494895e-05 3.05146898e-05 3.67269173e-05 2.71633604e-05
  3.47381967e-05 3.22982246e-05]
 [2.56614972e-04 6.30852595e-04 1.79812766e-04 1.77804720e-04
  8.19573917e-05 6.51991974e-05 5.22664859e-05 4.93039169e-05
  3.61648486e-05 4.25348274e-05 3.85840472e-05 3.76487361e-05
  3.77303248e-05 4.22550816e-05 3.27221163e-05 3.61137739e-05
  3.09791074e-05 3.17103794e-05 2.95564916e-05 2.86582557e-05
  2.97692977e-05 3.48557421e-05 2.68830961e-05 2.34008532e-05
  2.98807072e-05 3.01357789e-05 2.51660964e-05 2.13518988e-05
  2.47046137e-05 2.53882441e-05]
 [4.38876711e-04 1.54101033e-04 5.71891545e-05 6.13200678e-05
  3.75321992e-05 3.23089114e-05 2.19898200e-05 1.85978365e-05
  2.06484826e-05 1.74822806e-05 1.68861717e-05 1.56990419e-05
  1.21436774e-05 1.51883238e-05 1.00487543e-05 9.27622664e-06
  8.65610475e-06 7.34680922e-06 8.22646998e-06 8.07739610e-06
  5.23622757e-06 5.18529239e-06 5.18276806e-06 5.53843633e-06
  4.03827026e-06 4.31989932e-06 2.44988696e-06 3.64662747e-06
  2.79148570e-06 2.54016336e-06]
 [1.53241865e-04 4.79438149e-05 2.88531151e-05 1.97111566e-05
  1.49182270e-05 1.10504213e-05 9.40394497e-06 8.21411684e-06
  4.85775978e-06 3.86044350e-06 3.06025697e-06 2.09264414e-06
  3.16279684e-06 2.49102629e-06 2.31201638e-06 1.84386611e-06
  1.97245931e-06 1.01938547e-06 1.16145849e-06 1.05869021e-06
  7.52470913e-07 7.88926298e-07 6.81796587e-07 7.92456263e-07
  8.24754472e-07 7.70158101e-07 6.01231040e-07 6.69585239e-07
  6.26988533e-07 6.02736733e-07]
 [6.73390378e-05 2.29937982e-05 8.62212497e-06 5.72282160e-06
  7.10836843e-06 3.87559725e-06 2.11598771e-06 1.25186155e-06
  1.35504803e-06 9.64897621e-07 7.08576012e-07 7.53699835e-07
  8.36712868e-07 7.36948536e-07 7.61824954e-07 7.68590097e-07
  5.81407819e-07 6.63070740e-07 6.61277658e-07 5.95451516e-07
  5.31164435e-07 5.05157526e-07 5.20734815e-07 6.63050758e-07
  7.23396393e-07 5.71385029e-07 6.40423300e-07 6.43695975e-07
  5.39756222e-07 5.57517488e-07]
 [3.93455226e-05 7.61207057e-06 4.79576552e-06 3.61386460e-06
  1.46638444e-06 8.52229279e-07 7.04858728e-07 6.60370436e-07
  7.47386911e-07 6.38024983e-07 5.55499346e-07 5.14823601e-07
  5.12332880e-07 5.39880347e-07 5.36588313e-07 4.78477884e-07
  6.21322768e-07 5.42564213e-07 6.04432413e-07 5.03290099e-07
  4.66016961e-07 5.32286076e-07 4.54932077e-07 4.61584421e-07
  4.75417769e-07 5.12729345e-07 4.67256971e-07 5.04095791e-07
  5.08509101e-07 5.07788909e-07]]
