args:  Namespace(attack='fgsm', gaussian=True, l2=0, ndim=1)
elapsed time: 5084.143804193
test_losses: [[0.30802295 0.01434591 0.01158053 0.00507478 0.00286215 0.00266503
  0.00231019 0.00161464 0.00146901 0.00143308 0.00102831 0.00105994
  0.00097202 0.00084088 0.00073103 0.00071139 0.00059707 0.00055128
  0.00054538 0.00054822 0.00053874 0.00046744 0.00050159 0.0004294
  0.00043653 0.00046852 0.00044798 0.00040161 0.00036616 0.00040145]
 [0.06206248 0.0152714  0.00578716 0.00454757 0.00320711 0.002488
  0.00194277 0.00175078 0.00142801 0.00148269 0.0011537  0.00108782
  0.00094052 0.00091776 0.00098002 0.00079172 0.00068191 0.00069444
  0.0006608  0.00060575 0.00069474 0.00060473 0.00064756 0.00049977
  0.00048475 0.00049618 0.00048184 0.00048907 0.00041215 0.00047174]
 [0.04367329 0.00867437 0.00470725 0.00414962 0.00307427 0.00218014
  0.00198941 0.00174941 0.00169604 0.00153127 0.00130773 0.00136396
  0.00108331 0.00115377 0.00109372 0.00096413 0.00077986 0.00093023
  0.00093712 0.0006921  0.00075846 0.00081895 0.00071907 0.00069815
  0.00064111 0.00069731 0.00068387 0.00062058 0.00065778 0.00069525]
 [0.02577753 0.00633736 0.00470223 0.00361576 0.00233591 0.00242304
  0.0026658  0.002111   0.00214615 0.00182746 0.00176831 0.0016472
  0.00162515 0.00132941 0.00132668 0.00143948 0.00120062 0.00121108
  0.00114939 0.00135774 0.00113514 0.00102673 0.00106698 0.00102651
  0.00099361 0.00105215 0.00090679 0.00100934 0.00106324 0.00088777]
 [0.01390748 0.00609987 0.00434223 0.00333607 0.00284921 0.00298248
  0.00259977 0.00241175 0.00238362 0.00244233 0.00211966 0.00200072
  0.0021623  0.00207398 0.00194072 0.00170608 0.00166266 0.00176219
  0.00153505 0.00148706 0.00168693 0.00138223 0.00143115 0.00150972
  0.00154248 0.0013181  0.00138876 0.00123855 0.00140087 0.00147523]
 [0.01107501 0.00611613 0.00479384 0.0038961  0.00373808 0.00319511
  0.00345873 0.00299672 0.00289283 0.00313866 0.00264847 0.00278174
  0.0028425  0.00252329 0.00250432 0.00256178 0.00279212 0.00234108
  0.00230565 0.00239393 0.0022185  0.00240715 0.00228426 0.00231801
  0.00215299 0.00206694 0.0020284  0.0019475  0.0021279  0.00199791]
 [0.01073286 0.00592387 0.00539306 0.00481503 0.00419831 0.00390017
  0.0039386  0.00361018 0.00353875 0.00340126 0.00377219 0.00313553
  0.00331524 0.00353452 0.00361886 0.00335067 0.00357482 0.0032039
  0.00312552 0.00323164 0.0030418  0.00311667 0.00316951 0.00305989
  0.00315547 0.00306576 0.00284038 0.00308793 0.00323314 0.00302784]
 [0.00930201 0.00539755 0.00514252 0.00498018 0.00467855 0.00480119
  0.00460389 0.00472586 0.00450006 0.00427424 0.00421375 0.00431966
  0.0042605  0.00432513 0.00424881 0.00406842 0.00422405 0.00400516
  0.00419579 0.00388053 0.00409312 0.0040261  0.00411015 0.00409014
  0.00424713 0.0040409  0.0040804  0.00406969 0.0038748  0.00391383]
 [0.00812869 0.00624855 0.0056702  0.00531107 0.00559616 0.00524654
  0.00515082 0.00544837 0.00479643 0.00481039 0.00515924 0.00500814
  0.00495376 0.00507256 0.00488862 0.00511949 0.00499592 0.00495838
  0.00498686 0.00507638 0.0049951  0.00474051 0.00501536 0.00521613
  0.0050091  0.00502361 0.00473599 0.00514614 0.00493848 0.00514922]
 [0.00829116 0.00617997 0.00602072 0.00585337 0.00596393 0.00585853
  0.00548591 0.00598769 0.00575371 0.00585695 0.00591798 0.00601811
  0.00585262 0.00578071 0.00575213 0.00585784 0.00588016 0.00603209
  0.00568885 0.0057492  0.00585181 0.00582655 0.00610321 0.00577274
  0.00581173 0.00557913 0.00577499 0.00563695 0.00580264 0.00567122]
 [0.00802987 0.00654713 0.00700891 0.00637998 0.0063465  0.00601291
  0.00638036 0.00659677 0.00644915 0.00666374 0.00657426 0.00647747
  0.00649987 0.00634457 0.00644796 0.0065684  0.00659491 0.0063623
  0.00623636 0.00649546 0.00681354 0.00652481 0.00649543 0.0063942
  0.00625904 0.0066122  0.00636988 0.00640017 0.00643977 0.00657117]
 [0.00836894 0.00834072 0.00829671 0.00817341 0.0081263  0.00838973
  0.00839352 0.0086019  0.00826314 0.00858822 0.00865588 0.00871408
  0.00860479 0.00870933 0.00860991 0.00845144 0.00871058 0.00858003
  0.00855683 0.00855055 0.00871172 0.00867792 0.0087657  0.00865117
  0.00868972 0.00868628 0.00873383 0.00856621 0.00872154 0.00869727]
 [0.00903153 0.00887993 0.00906693 0.00926614 0.00933942 0.00942323
  0.00936822 0.00944538 0.0093262  0.00939665 0.00948812 0.00945966
  0.00955337 0.00955034 0.00962301 0.00943785 0.00953762 0.00962517
  0.00960018 0.00961992 0.00960439 0.00951391 0.0096892  0.00964401
  0.00958709 0.00958569 0.00964074 0.00962196 0.00959784 0.0095661 ]
 [0.00937804 0.00929887 0.00954537 0.00962911 0.0097976  0.00962206
  0.00977924 0.00980427 0.00976886 0.00976642 0.0097668  0.00969965
  0.00977399 0.00977327 0.00985393 0.00984926 0.0098497  0.00980054
  0.00981745 0.0098413  0.00980567 0.00981205 0.00983918 0.00991186
  0.0098864  0.00991256 0.00989755 0.00992683 0.00984543 0.00985421]
 [0.00966271 0.00978535 0.00984453 0.00985306 0.00986937 0.00991277
  0.00993951 0.0099305  0.00991037 0.0098803  0.00993836 0.00990366
  0.00991635 0.00985628 0.00996396 0.0099407  0.0099365  0.00991985
  0.00994186 0.00989077 0.00992799 0.00997915 0.00991616 0.01001525
  0.01003437 0.00993843 0.00992323 0.00997966 0.00988724 0.00996122]]
variance: [[1.49017438e+00 2.48493296e-03 2.84747661e-03 1.31223061e-04
  2.56355665e-05 2.03928069e-05 1.88079950e-05 5.64704474e-06
  6.62505673e-06 4.80542786e-06 2.59578462e-06 2.18246456e-06
  2.61484720e-06 1.75106552e-06 1.66908240e-06 1.13419836e-06
  7.73465166e-07 7.68214292e-07 6.71813398e-07 6.19648802e-07
  7.25364887e-07 4.93848483e-07 6.32598022e-07 4.21406962e-07
  3.78888500e-07 4.38185554e-07 4.61070364e-07 2.68334580e-07
  2.40398919e-07 3.83045677e-07]
 [5.86582541e-02 3.26205955e-03 2.63556026e-04 1.60305958e-04
  2.34701749e-05 1.58836108e-05 1.36561701e-05 9.78855014e-06
  5.45997637e-06 4.43332208e-06 3.41411758e-06 3.46593525e-06
  1.77753654e-06 1.98449394e-06 2.44215860e-06 1.32630149e-06
  1.40054827e-06 9.58984086e-07 8.05031404e-07 6.90581708e-07
  1.21623212e-06 7.73872610e-07 1.23628053e-06 6.00523036e-07
  5.42878294e-07 4.95669689e-07 5.10163290e-07 4.64412167e-07
  3.40682841e-07 3.85700671e-07]
 [1.59811249e-02 3.26121026e-04 4.63332330e-05 4.75908178e-05
  2.39243351e-05 8.34974903e-06 6.87278471e-06 6.60102885e-06
  6.94869637e-06 4.98872774e-06 3.50214325e-06 4.80743413e-06
  2.82919430e-06 3.10679404e-06 2.26977459e-06 1.87960728e-06
  1.30499909e-06 1.45196309e-06 1.66157139e-06 1.20565321e-06
  1.32404896e-06 1.64131391e-06 1.08785681e-06 9.91411731e-07
  1.08791991e-06 1.01203825e-06 1.20875546e-06 7.69538635e-07
  8.35082526e-07 1.13976481e-06]
 [6.48817763e-03 7.95083854e-05 7.64172877e-05 2.27915528e-05
  1.13417119e-05 8.57052124e-06 1.09777977e-05 7.55816844e-06
  8.40202702e-06 5.91222583e-06 6.21469533e-06 4.28927438e-06
  5.47062354e-06 3.41400503e-06 3.70843879e-06 3.58344853e-06
  3.25361279e-06 2.50595115e-06 2.92319044e-06 3.47949049e-06
  2.85081889e-06 2.25410780e-06 2.32164196e-06 2.11764057e-06
  1.61461856e-06 2.20743408e-06 1.48222203e-06 1.45808738e-06
  1.40962135e-06 1.43968532e-06]
 [5.54645075e-04 7.40670413e-05 2.70723089e-05 1.44235225e-05
  1.08836752e-05 1.17074406e-05 1.00895120e-05 9.36458138e-06
  8.78079486e-06 8.57318138e-06 6.70014116e-06 6.43465613e-06
  5.84104833e-06 5.99922368e-06 4.98610500e-06 3.81932728e-06
  5.02619478e-06 4.60180889e-06 3.93402596e-06 3.38616984e-06
  3.54442396e-06 2.81393634e-06 3.01371498e-06 2.88914153e-06
  3.06964246e-06 2.29708990e-06 2.44320108e-06 2.23352147e-06
  2.28855120e-06 2.85809409e-06]
 [4.41364344e-04 4.19715495e-05 2.07306008e-05 1.49181629e-05
  1.38102211e-05 1.20356850e-05 1.18657765e-05 1.17169402e-05
  9.41552575e-06 9.47286605e-06 7.74973230e-06 8.43258366e-06
  8.68505282e-06 6.66236373e-06 7.02932173e-06 5.84356046e-06
  7.39149752e-06 5.15904324e-06 5.82226608e-06 6.20705651e-06
  4.95889726e-06 5.65817163e-06 4.63523739e-06 4.80624280e-06
  4.30086356e-06 3.94939285e-06 3.67745114e-06 3.37233397e-06
  3.61990271e-06 4.22328767e-06]
 [3.04621095e-04 3.72172448e-05 1.79526575e-05 1.64469720e-05
  1.46400201e-05 1.22698671e-05 1.12918318e-05 1.08888945e-05
  1.08447531e-05 9.40750405e-06 1.00199180e-05 8.92005419e-06
  8.38393553e-06 8.53470528e-06 8.81636927e-06 7.16567216e-06
  7.76036970e-06 7.61737326e-06 6.80367092e-06 6.98734077e-06
  6.14609127e-06 6.63205048e-06 6.73944511e-06 6.41564287e-06
  5.72310617e-06 5.88253131e-06 5.15814663e-06 5.56219180e-06
  5.55406235e-06 5.04162088e-06]
 [1.23070127e-04 2.36907466e-05 1.62031247e-05 1.61305494e-05
  1.35213374e-05 1.29639305e-05 1.28521541e-05 1.24938320e-05
  1.13462224e-05 1.19242476e-05 1.05248717e-05 1.03883452e-05
  1.01159862e-05 9.03182998e-06 8.93721620e-06 8.48090008e-06
  8.01967973e-06 7.31549847e-06 8.03137043e-06 7.87550589e-06
  6.53237357e-06 7.45091588e-06 7.57037824e-06 7.03359270e-06
  6.56429988e-06 6.44587792e-06 5.86065925e-06 6.47540545e-06
  6.26658376e-06 6.43548986e-06]
 [4.72323975e-05 1.93380588e-05 1.69840731e-05 1.44603509e-05
  1.42235390e-05 1.38101007e-05 1.22125570e-05 1.14939024e-05
  1.07801919e-05 1.07698457e-05 1.09942638e-05 1.00397638e-05
  9.51444174e-06 9.23324659e-06 8.23074690e-06 8.56465844e-06
  8.12892101e-06 8.23743007e-06 7.02202555e-06 6.77904004e-06
  7.21010048e-06 7.33053893e-06 6.66178839e-06 6.37543898e-06
  6.72284107e-06 6.40639617e-06 6.26009824e-06 6.42197790e-06
  6.07170924e-06 6.10427079e-06]
 [6.47798789e-05 1.74433445e-05 1.51623393e-05 1.35745390e-05
  1.32505444e-05 1.22004625e-05 1.18692456e-05 1.11831279e-05
  1.04099990e-05 9.31542067e-06 9.16148073e-06 8.40044588e-06
  8.42470683e-06 8.82500094e-06 8.74761590e-06 7.45236417e-06
  7.84282095e-06 6.56327579e-06 7.65034485e-06 6.83032294e-06
  7.09845649e-06 5.78604314e-06 5.78569289e-06 6.56425323e-06
  6.87391345e-06 6.20859183e-06 6.21026197e-06 6.54926267e-06
  6.25811509e-06 5.91408920e-06]
 [3.07498362e-05 1.54005811e-05 1.26981343e-05 1.31969659e-05
  1.14978130e-05 1.11371381e-05 9.52417674e-06 9.81184123e-06
  9.40377777e-06 8.91605154e-06 8.14872000e-06 8.02000806e-06
  7.44684023e-06 7.55663909e-06 6.69130292e-06 6.72489417e-06
  6.16637620e-06 6.69867027e-06 6.45785272e-06 5.82959736e-06
  5.22266377e-06 5.16758680e-06 5.83144026e-06 5.61398541e-06
  5.81218143e-06 5.26799835e-06 5.50279949e-06 5.18960717e-06
  5.47319488e-06 5.18701259e-06]
 [1.15790899e-05 7.97969967e-06 6.42527744e-06 6.94284852e-06
  6.82694984e-06 4.54458587e-06 5.10538537e-06 2.99927682e-06
  4.94454091e-06 3.40263575e-06 3.39808860e-06 2.24422090e-06
  3.00497016e-06 2.55810615e-06 3.32400506e-06 3.43911057e-06
  2.32842648e-06 2.67594127e-06 2.55490428e-06 2.33143620e-06
  2.22068434e-06 2.52261976e-06 2.94365574e-06 2.15935351e-06
  2.29146477e-06 2.15122021e-06 2.28804828e-06 2.23596065e-06
  2.03330988e-06 2.32398496e-06]
 [4.65507924e-06 4.59862019e-06 3.33293619e-06 2.17306218e-06
  1.63101430e-06 1.87588651e-06 1.77639372e-06 1.23831799e-06
  1.62393792e-06 1.34607261e-06 1.24523579e-06 1.56695294e-06
  1.22798489e-06 1.29700330e-06 1.00408309e-06 1.16283946e-06
  1.05880174e-06 9.99338611e-07 8.82382224e-07 8.76379132e-07
  7.87889695e-07 1.07642766e-06 8.66626383e-07 8.23249008e-07
  1.07170176e-06 9.04189004e-07 7.76269711e-07 9.45246068e-07
  7.79710514e-07 9.51916023e-07]
 [3.10041702e-06 2.29934579e-06 1.27209726e-06 1.19484197e-06
  8.88279250e-07 1.09574181e-06 7.28811615e-07 6.58124569e-07
  5.82287622e-07 7.42113149e-07 6.22493710e-07 6.90462235e-07
  5.41926564e-07 6.60195002e-07 5.94160626e-07 6.32888331e-07
  5.45517811e-07 5.28724462e-07 5.31547536e-07 5.22921405e-07
  5.82739114e-07 6.55621626e-07 4.47833739e-07 4.70968139e-07
  5.18319635e-07 4.00392345e-07 4.28760585e-07 4.45619907e-07
  5.27509387e-07 4.50300634e-07]
 [1.61716109e-06 1.02293897e-06 6.65206937e-07 5.94338365e-07
  5.71623296e-07 4.62465220e-07 4.67259388e-07 4.12975348e-07
  3.76475762e-07 3.72778364e-07 4.17267766e-07 4.02402046e-07
  3.63701900e-07 4.05544430e-07 3.93914047e-07 3.65385884e-07
  4.15030050e-07 4.34331087e-07 3.35839712e-07 4.24513854e-07
  3.92363885e-07 3.42519476e-07 4.19885225e-07 3.56992391e-07
  3.23189689e-07 2.64516934e-07 4.03948201e-07 3.55318798e-07
  3.93452117e-07 3.63182380e-07]]
