args:  Namespace(attack='fgsm', gaussian=False, l2=0, ndim=5)
elapsed time: 3697.468530067
test_losses: [[0.00287216 0.00261709 0.00225248 0.0018013  0.00165491 0.00145113
  0.00142382 0.00128048 0.00122098 0.00122903 0.00103544 0.00101401
  0.00101532 0.00105187 0.00095103 0.00089719 0.00084931 0.00085642
  0.00089146 0.00082135 0.00077911 0.00084327 0.0007521  0.00078066
  0.00076873 0.00075508 0.00072365 0.00069502 0.00068642 0.00068467]
 [0.00519874 0.00354638 0.00286467 0.00229139 0.00196443 0.00164209
  0.00143345 0.00144178 0.00109816 0.0010986  0.00096899 0.00091714
  0.00082521 0.00075638 0.00077814 0.00069459 0.00060279 0.00056182
  0.00058754 0.0005373  0.00053504 0.0005026  0.00044245 0.00051437
  0.00043041 0.00044854 0.00046377 0.00044526 0.00038243 0.00037888]
 [0.02328752 0.01615656 0.01110085 0.00859053 0.00707737 0.00537064
  0.00457173 0.00331028 0.00305941 0.00265127 0.00221985 0.00220602
  0.00188833 0.00177676 0.00150223 0.00149261 0.00124636 0.00132465
  0.00104624 0.00105025 0.00102079 0.00106877 0.0008679  0.00089184
  0.00087368 0.00077274 0.00069178 0.00076581 0.00068981 0.00063216]
 [0.03183305 0.02550137 0.01959556 0.0152143  0.01301845 0.01086206
  0.00976265 0.00757797 0.00648386 0.00507801 0.00495758 0.00463581
  0.00403037 0.00332105 0.00335816 0.00318622 0.00266717 0.00257418
  0.00236057 0.00209531 0.00205377 0.0021413  0.00167681 0.0016754
  0.00167485 0.00151566 0.00133982 0.00143847 0.00137037 0.00124028]
 [0.0504     0.04575341 0.03900433 0.03469112 0.03334221 0.03164498
  0.03095849 0.02766268 0.02631593 0.02570764 0.02534914 0.02351803
  0.02406726 0.02332844 0.02417769 0.02313435 0.02297333 0.02315904
  0.0227672  0.02298803 0.02205555 0.02167472 0.02209388 0.02260886
  0.02141147 0.02142875 0.02164592 0.02193846 0.02168235 0.02184465]
 [0.04953831 0.040175   0.03553241 0.03215703 0.02975958 0.02880974
  0.02856718 0.02679054 0.0257979  0.02563082 0.02507362 0.02452589
  0.02458664 0.02436528 0.02429109 0.02365218 0.02371615 0.02373031
  0.02342887 0.02346229 0.02355815 0.02373574 0.02347095 0.02329149
  0.02323839 0.02304375 0.02334536 0.02234692 0.02374425 0.02308294]
 [0.04243169 0.03416015 0.03252586 0.03203827 0.03155559 0.03147585
  0.03146631 0.03135697 0.03129778 0.03059074 0.03096167 0.03032768
  0.03016979 0.03025277 0.03034858 0.03017474 0.03043556 0.03005231
  0.03002264 0.03029966 0.03005797 0.0301452  0.03008692 0.03003758
  0.02963017 0.03014806 0.02997386 0.02948827 0.02955873 0.02947567]
 [0.03944048 0.03796573 0.03901878 0.03856846 0.0388619  0.03907226
  0.03947496 0.03965492 0.03942377 0.03994426 0.03984083 0.03968837
  0.04002899 0.04038401 0.04038187 0.04009006 0.04065728 0.04070941
  0.04031051 0.04082992 0.04050829 0.04041424 0.04067839 0.04091926
  0.04077173 0.04100672 0.04097279 0.04134965 0.04104533 0.04116867]]
variance: [[2.01846849e-06 1.98632131e-06 1.84142896e-06 1.29433660e-06
  1.09953454e-06 1.11565631e-06 9.59565584e-07 8.20540789e-07
  7.70073107e-07 7.56280649e-07 5.61187852e-07 5.35325654e-07
  4.48035011e-07 5.35330258e-07 4.45548859e-07 3.87954897e-07
  3.19754241e-07 4.06618254e-07 4.18302838e-07 3.14261020e-07
  2.95853586e-07 3.86306756e-07 2.97970669e-07 3.13813790e-07
  2.94461341e-07 2.88443891e-07 2.18360527e-07 2.43783660e-07
  1.96616804e-07 2.22862216e-07]
 [1.62663623e-05 7.68693215e-06 4.01221037e-06 2.92607305e-06
  1.83276569e-06 1.37794472e-06 1.04106614e-06 1.28959818e-06
  6.47699777e-07 7.54785130e-07 5.64577390e-07 5.24481404e-07
  3.96776143e-07 3.54863935e-07 4.25505065e-07 2.68432742e-07
  1.74264434e-07 1.74602603e-07 1.88722282e-07 1.64441814e-07
  1.58106321e-07 1.66054092e-07 1.49476463e-07 2.24624718e-07
  1.36593483e-07 1.30632874e-07 1.90614427e-07 1.39405727e-07
  8.95077029e-08 7.91089470e-08]
 [1.15623888e-04 8.08868950e-05 6.42690484e-05 4.72572682e-05
  3.65195255e-05 2.28872255e-05 1.71229822e-05 9.67908002e-06
  9.11298748e-06 6.35058954e-06 3.23855654e-06 3.99888977e-06
  3.50764534e-06 2.45133531e-06 2.13304545e-06 2.14447368e-06
  1.88313039e-06 1.37369584e-06 8.66329949e-07 8.91015166e-07
  7.37569399e-07 9.41711243e-07 6.03983675e-07 5.45139194e-07
  4.93673528e-07 3.54260417e-07 2.83401161e-07 4.00477250e-07
  3.01291611e-07 2.65678379e-07]
 [1.77606900e-04 1.58328914e-04 1.20882247e-04 1.05217571e-04
  7.90751779e-05 6.50981793e-05 6.14827688e-05 4.24936665e-05
  3.45785941e-05 2.03014049e-05 1.92837772e-05 1.90377940e-05
  1.18809052e-05 9.09122132e-06 1.01839956e-05 9.27822747e-06
  7.83809349e-06 5.10445617e-06 5.98764077e-06 3.98444528e-06
  4.30167380e-06 5.27687455e-06 2.16856267e-06 2.35818022e-06
  2.42942616e-06 2.36148409e-06 1.32273946e-06 1.74191774e-06
  1.55350976e-06 1.34519421e-06]
 [3.92630231e-04 4.16173579e-04 4.04493037e-04 2.76133609e-04
  2.58572218e-04 2.10239740e-04 2.30019921e-04 1.38902132e-04
  1.24363216e-04 9.85665305e-05 7.84993904e-05 6.05474484e-05
  7.12136988e-05 6.01291374e-05 7.93916486e-05 7.07442562e-05
  3.98328157e-05 4.86693057e-05 4.82352268e-05 3.97195191e-05
  2.94555767e-05 3.16117944e-05 3.22188347e-05 3.93748006e-05
  2.74711772e-05 2.39551092e-05 2.79529071e-05 3.06846326e-05
  2.77552033e-05 2.54257247e-05]
 [4.98168282e-04 4.16223347e-04 2.98748916e-04 2.40470067e-04
  1.98461018e-04 1.57947584e-04 1.80607423e-04 1.16183683e-04
  8.48579475e-05 7.43872157e-05 6.42559320e-05 6.30856062e-05
  5.72153796e-05 4.85117112e-05 5.34957115e-05 4.15490882e-05
  4.40402366e-05 3.55698443e-05 3.59698208e-05 3.11010981e-05
  2.44463697e-05 3.52075553e-05 3.21884439e-05 2.41083864e-05
  2.69844809e-05 2.76447005e-05 2.36298770e-05 2.18522614e-05
  2.40282094e-05 2.10095052e-05]
 [3.01876641e-04 9.05905570e-05 4.58102779e-05 3.95749867e-05
  3.06632258e-05 3.03560426e-05 2.31247365e-05 2.38275626e-05
  2.20348904e-05 2.13967465e-05 2.52271637e-05 1.95680551e-05
  2.01181730e-05 1.87521989e-05 1.98658792e-05 1.92753779e-05
  1.50502233e-05 1.68125613e-05 1.79923281e-05 1.51696197e-05
  1.54305235e-05 1.73031688e-05 1.38286239e-05 1.50149584e-05
  1.65143388e-05 1.25769687e-05 1.56977245e-05 1.41138829e-05
  1.35427778e-05 1.29759188e-05]
 [8.00182908e-05 2.61294181e-05 2.56111863e-05 2.51487800e-05
  2.06794692e-05 2.06145209e-05 1.79231887e-05 1.76741229e-05
  1.98401011e-05 1.80231428e-05 1.55766204e-05 1.60101970e-05
  1.55649687e-05 1.48548612e-05 1.59942091e-05 1.40191139e-05
  1.27913748e-05 1.34967314e-05 1.29599308e-05 1.29996188e-05
  1.49515498e-05 1.36007595e-05 1.50350066e-05 1.20981027e-05
  1.20792813e-05 1.12087527e-05 1.16315338e-05 1.48970775e-05
  1.27396724e-05 1.17560788e-05]]
