args:  Namespace(attack='fgm', gaussian=True, l2=0, ndim=1)
elapsed time: 5487.063305315
test_losses: [[3.64827992e-01 5.49324637e-02 8.31078861e-03 4.88493072e-03
  3.76109905e-03 2.61403450e-03 2.48559044e-03 1.89962015e-03
  1.49719541e-03 1.20884979e-03 1.18804096e-03 9.77442335e-04
  8.58951523e-04 8.96019324e-04 7.93854340e-04 6.44009473e-04
  6.34638678e-04 7.47392736e-04 6.06398900e-04 6.09031186e-04
  5.66517768e-04 5.10098870e-04 4.58973602e-04 5.34750472e-04
  4.74126109e-04 4.36780321e-04 4.14752001e-04 3.39274328e-04
  3.32160794e-04 3.41257737e-04]
 [1.03519947e-01 1.58958174e-02 5.94569348e-03 4.09449147e-03
  2.98252953e-03 2.37529520e-03 2.21943646e-03 1.59338938e-03
  1.49796990e-03 1.24060133e-03 9.82543962e-04 9.58321648e-04
  8.85502278e-04 7.69380176e-04 7.17819326e-04 8.19928341e-04
  5.76332558e-04 7.25037755e-04 5.35991711e-04 5.55702531e-04
  4.95832801e-04 5.46160169e-04 4.86662612e-04 4.56029782e-04
  4.99684667e-04 5.44164943e-04 3.83081151e-04 3.39394886e-04
  4.27644063e-04 3.26582507e-04]
 [3.35038745e-02 1.18118835e-02 7.40964384e-03 4.45979736e-03
  3.16665868e-03 2.33839456e-03 2.09082359e-03 1.51172551e-03
  1.83939388e-03 1.19207218e-03 1.03857378e-03 1.22094749e-03
  8.80377580e-04 7.97154604e-04 6.77259671e-04 6.78206417e-04
  6.93075864e-04 6.34169101e-04 5.67629592e-04 6.22298478e-04
  4.94579922e-04 5.83941054e-04 4.78940073e-04 4.40101095e-04
  4.69243385e-04 4.51873102e-04 4.42078675e-04 3.68572818e-04
  3.46431634e-04 3.26735457e-04]
 [1.60637787e-02 8.67320254e-03 4.58708926e-03 3.96288697e-03
  3.07667136e-03 2.42858629e-03 2.20916140e-03 1.76073486e-03
  1.64898257e-03 1.49615620e-03 1.04656464e-03 1.04581257e-03
  1.02063206e-03 9.99760984e-04 8.00158693e-04 8.35057045e-04
  8.11420140e-04 6.22597535e-04 7.58525711e-04 7.55573713e-04
  6.27596314e-04 4.75862258e-04 5.36403449e-04 4.65573222e-04
  4.52620717e-04 4.00166009e-04 4.55756780e-04 3.76354764e-04
  4.52594290e-04 3.33679402e-04]
 [1.56015284e-02 7.32476209e-03 5.10613914e-03 3.50013537e-03
  3.01767245e-03 2.56339287e-03 1.92862902e-03 1.76756578e-03
  1.77300987e-03 1.42462037e-03 1.25445878e-03 1.12196965e-03
  1.26925014e-03 9.67773710e-04 7.91666354e-04 8.76873384e-04
  7.99245150e-04 6.44693378e-04 6.46438902e-04 6.32649160e-04
  5.21642364e-04 6.03353828e-04 5.83285775e-04 5.85566815e-04
  4.84509955e-04 5.33043251e-04 4.82203229e-04 4.35753170e-04
  4.40453963e-04 3.87598418e-04]
 [1.15058508e-02 6.35059226e-03 5.03635354e-03 3.58612466e-03
  2.91209974e-03 2.38239595e-03 2.05132590e-03 1.79917689e-03
  1.59542784e-03 1.57554991e-03 1.30229831e-03 1.16486409e-03
  1.14038657e-03 1.02431451e-03 1.01636195e-03 9.14313574e-04
  7.58082929e-04 7.86423624e-04 6.75585576e-04 5.59271995e-04
  7.34603429e-04 5.98371529e-04 6.98681631e-04 6.08676283e-04
  4.99517011e-04 5.10086558e-04 4.96802937e-04 5.68056598e-04
  4.51930128e-04 4.85728002e-04]
 [1.06694888e-02 5.60529365e-03 4.47512216e-03 3.54054584e-03
  3.21719923e-03 2.73928351e-03 2.21091379e-03 2.22509481e-03
  1.63487269e-03 1.40084458e-03 1.58664316e-03 1.36923382e-03
  1.03403684e-03 1.04482118e-03 1.01261295e-03 9.73061072e-04
  8.41962297e-04 9.04813224e-04 7.14214877e-04 7.88123959e-04
  7.29852659e-04 6.42481772e-04 6.23185961e-04 5.17972078e-04
  5.62373256e-04 4.73060140e-04 5.18449328e-04 5.33312689e-04
  5.25701004e-04 5.33563365e-04]
 [8.72286646e-03 6.67636033e-03 4.35010333e-03 3.71523570e-03
  3.33371916e-03 2.91591630e-03 2.33696021e-03 2.08702910e-03
  1.70689291e-03 1.54776580e-03 1.36254954e-03 1.40996590e-03
  1.37305744e-03 1.28851421e-03 1.07651829e-03 9.83285799e-04
  8.89486224e-04 7.57288492e-04 7.90578119e-04 7.68509075e-04
  6.02765530e-04 8.15840099e-04 6.97684639e-04 7.65686767e-04
  5.64959442e-04 5.10439050e-04 4.79249133e-04 5.91426500e-04
  6.02654601e-04 5.61959440e-04]
 [8.94555670e-03 5.78473374e-03 4.86258053e-03 3.89489808e-03
  3.27482129e-03 2.91430920e-03 2.56402703e-03 2.30525101e-03
  2.13480388e-03 1.79058687e-03 1.45790888e-03 1.59849058e-03
  1.27534828e-03 1.33911192e-03 1.31721073e-03 1.05179015e-03
  1.06174651e-03 9.50958033e-04 9.47463344e-04 8.29213202e-04
  7.83618692e-04 6.45496331e-04 6.42709676e-04 7.35298103e-04
  7.06324834e-04 7.00548205e-04 6.48483752e-04 7.18637642e-04
  5.45193666e-04 5.31745742e-04]
 [7.59943404e-03 5.70223195e-03 4.81906795e-03 4.06443633e-03
  3.61401104e-03 3.03167305e-03 2.89295922e-03 2.55005249e-03
  2.41006980e-03 2.30880516e-03 1.61845801e-03 1.52214056e-03
  1.43876433e-03 1.47617291e-03 1.28931870e-03 1.25384984e-03
  9.75737714e-04 1.00179887e-03 8.40825739e-04 7.77213878e-04
  8.52035187e-04 8.01332731e-04 7.06948882e-04 7.06583309e-04
  7.40531441e-04 7.37493404e-04 6.95358328e-04 6.19641122e-04
  5.83190477e-04 6.41659006e-04]
 [7.55440225e-03 6.31553565e-03 5.16100312e-03 4.25121012e-03
  3.82786083e-03 3.50986923e-03 2.89648129e-03 2.69840112e-03
  2.10952788e-03 2.14279580e-03 1.96198366e-03 1.88847400e-03
  1.46261700e-03 1.62052656e-03 1.32753849e-03 1.28679668e-03
  1.04570584e-03 1.10702529e-03 1.16101066e-03 9.27459753e-04
  1.05842328e-03 9.71878844e-04 7.98965902e-04 8.58391872e-04
  8.22649573e-04 8.84793441e-04 5.91590488e-04 6.88213010e-04
  6.55359116e-04 5.93163586e-04]
 [8.52669198e-03 7.35198521e-03 6.79242925e-03 5.69579376e-03
  5.75163183e-03 5.05243119e-03 4.22458497e-03 3.82154106e-03
  3.49585559e-03 3.10010056e-03 2.88178826e-03 2.89117285e-03
  2.67520734e-03 2.38486138e-03 2.35761134e-03 1.93104428e-03
  1.98915117e-03 1.99048243e-03 1.86301826e-03 1.62617071e-03
  1.28242327e-03 1.49926475e-03 1.21058250e-03 1.21009408e-03
  1.16639161e-03 1.10139988e-03 1.16354371e-03 1.08781636e-03
  1.04064175e-03 9.27011487e-04]
 [8.91820263e-03 8.08301693e-03 7.30712395e-03 6.77168651e-03
  6.20985183e-03 6.35042223e-03 5.70383241e-03 5.28896402e-03
  4.70880560e-03 4.76967669e-03 4.67822798e-03 3.81864475e-03
  4.01614562e-03 3.64128070e-03 3.18899926e-03 3.06773287e-03
  3.19715868e-03 2.77477494e-03 2.68808609e-03 2.69997241e-03
  2.48887244e-03 2.43553147e-03 2.14861279e-03 2.13490235e-03
  1.90078161e-03 1.77599710e-03 1.62407104e-03 1.70495771e-03
  1.51025149e-03 1.53992062e-03]
 [9.36824332e-03 8.68116283e-03 8.05518122e-03 8.08419997e-03
  7.79456162e-03 7.41781180e-03 7.04113336e-03 6.43942331e-03
  5.94688862e-03 5.44134775e-03 5.82245100e-03 5.25774513e-03
  4.73375594e-03 4.21397999e-03 4.36686924e-03 4.34487954e-03
  4.24716559e-03 3.94275901e-03 3.59300632e-03 3.62407343e-03
  3.56708825e-03 3.30945553e-03 3.23993250e-03 3.17903272e-03
  2.80955055e-03 2.89107303e-03 2.69612672e-03 2.49635679e-03
  2.46941739e-03 2.16766374e-03]
 [9.48882208e-03 9.35743157e-03 8.90803281e-03 8.70419763e-03
  8.38055622e-03 8.09350052e-03 7.58841658e-03 7.28992743e-03
  7.18143598e-03 7.02846578e-03 6.89419057e-03 6.46026446e-03
  6.27688137e-03 5.79025361e-03 5.92992074e-03 5.69359773e-03
  5.59520893e-03 5.25014425e-03 5.09410592e-03 4.86658270e-03
  4.66975962e-03 4.65321351e-03 4.35296383e-03 4.16041464e-03
  3.84856259e-03 3.61224079e-03 3.62477213e-03 3.66229611e-03
  3.42250138e-03 3.21318661e-03]]
variance: [[1.59545549e+00 1.96057954e-01 5.44384047e-04 1.70208309e-04
  7.33561984e-05 2.31322823e-05 2.29878197e-05 1.05249107e-05
  4.99309960e-06 4.24270805e-06 2.88408906e-06 2.06716109e-06
  1.76215285e-06 2.29659282e-06 1.52121090e-06 8.95521941e-07
  1.07865403e-06 1.32862437e-06 1.00210271e-06 9.28390388e-07
  6.09895788e-07 3.31917868e-07 3.85143706e-07 6.12941728e-07
  6.39810364e-07 4.14286086e-07 4.53983868e-07 2.43864271e-07
  1.71367521e-07 2.95934874e-07]
 [1.11500414e-01 2.07631755e-03 1.62204812e-04 4.97715480e-05
  2.68765111e-05 1.51218281e-05 1.16430771e-05 6.45990547e-06
  4.36619859e-06 4.39513260e-06 2.41817091e-06 1.78404304e-06
  1.64589972e-06 1.48142380e-06 1.37802738e-06 1.60763617e-06
  7.28141063e-07 1.28483199e-06 8.29231478e-07 7.16852646e-07
  5.26396120e-07 7.30717484e-07 4.81532979e-07 4.33552449e-07
  5.70292531e-07 7.12535175e-07 3.30475606e-07 2.44276437e-07
  3.84174531e-07 2.50029235e-07]
 [8.29200457e-03 7.84455087e-04 5.71805411e-04 1.23627287e-04
  2.30543943e-05 1.99800840e-05 1.22868001e-05 5.68686976e-06
  8.23536519e-06 3.43778721e-06 2.42510545e-06 4.11562383e-06
  1.66068779e-06 1.90122324e-06 7.12843761e-07 1.12946338e-06
  1.01785528e-06 8.15028294e-07 1.03817091e-06 9.75596117e-07
  5.05410871e-07 7.15406134e-07 5.93672793e-07 3.61191601e-07
  5.21652873e-07 5.05113104e-07 3.86006015e-07 3.36563985e-07
  3.13957169e-07 2.37563918e-07]
 [1.07315235e-03 2.74316687e-04 6.54944391e-05 5.18548425e-05
  1.93726846e-05 1.09315773e-05 1.15992440e-05 5.91469114e-06
  5.78251235e-06 9.70718245e-06 3.05715744e-06 2.62198430e-06
  3.26426365e-06 2.16848752e-06 1.29649090e-06 1.41529546e-06
  1.43769943e-06 9.61184721e-07 1.57165671e-06 1.64174500e-06
  9.62669358e-07 4.85743635e-07 7.49344094e-07 5.31507006e-07
  4.47048291e-07 3.11304648e-07 5.34105368e-07 2.93771998e-07
  4.54344535e-07 2.67425789e-07]
 [9.90409030e-04 2.49158188e-04 5.04146895e-05 2.49015176e-05
  2.03357023e-05 1.03305576e-05 7.54537973e-06 7.41507179e-06
  6.34137097e-06 4.30056464e-06 3.62872168e-06 2.88722865e-06
  3.84941026e-06 2.45193936e-06 1.30261001e-06 2.03105642e-06
  1.34546978e-06 1.21574736e-06 6.96429469e-07 1.01257363e-06
  4.97655097e-07 6.80744030e-07 8.96976546e-07 7.03671595e-07
  5.65839139e-07 6.36483912e-07 5.44893503e-07 4.14458745e-07
  4.51735796e-07 2.86094995e-07]
 [2.72821727e-04 8.24754589e-05 5.45941627e-05 2.75110348e-05
  1.36553149e-05 1.90132290e-05 6.92187193e-06 5.79978184e-06
  4.59569910e-06 6.51355760e-06 4.29562058e-06 2.35614731e-06
  3.26453693e-06 2.85185264e-06 2.08447247e-06 2.14413618e-06
  1.27319589e-06 1.56669320e-06 1.19698883e-06 7.25270634e-07
  1.47558355e-06 9.06582365e-07 1.24058021e-06 7.04546501e-07
  7.25905644e-07 6.03421594e-07 8.18672236e-07 5.87334329e-07
  5.05746838e-07 3.94111776e-07]
 [1.97923070e-04 5.87936674e-05 2.03092028e-05 1.56415457e-05
  1.61414629e-05 1.36715814e-05 8.67331770e-06 8.24161451e-06
  5.52998713e-06 4.35793577e-06 5.35283573e-06 4.48698162e-06
  2.57760322e-06 2.12220194e-06 2.87385966e-06 2.44903483e-06
  1.53237901e-06 1.67322757e-06 1.01922896e-06 1.53726526e-06
  1.12462908e-06 8.70294887e-07 7.00423136e-07 5.65816825e-07
  7.31700417e-07 4.06678733e-07 6.58012086e-07 7.52381889e-07
  4.57394589e-07 6.64164871e-07]
 [8.44137888e-05 7.21410979e-05 2.27469235e-05 1.52215802e-05
  1.34356645e-05 1.02994064e-05 8.65657610e-06 7.28246785e-06
  5.68640149e-06 5.08728762e-06 4.77320352e-06 3.55958535e-06
  4.39432446e-06 3.51115534e-06 2.78198492e-06 2.26667059e-06
  1.77475605e-06 1.16080823e-06 1.44352676e-06 1.02257248e-06
  8.63745439e-07 1.65695226e-06 9.07999463e-07 1.26930791e-06
  7.27195358e-07 4.81098766e-07 4.58033536e-07 7.84099588e-07
  1.01309346e-06 6.21769259e-07]
 [9.40983536e-05 3.68010536e-05 1.85228856e-05 1.42966645e-05
  1.46564844e-05 1.11462533e-05 9.41568919e-06 9.64858813e-06
  7.15932208e-06 6.61215817e-06 4.03662742e-06 4.14943476e-06
  3.53291090e-06 3.44902728e-06 3.36783112e-06 2.47001978e-06
  2.20443053e-06 2.24708181e-06 2.37767012e-06 1.50505038e-06
  1.11821565e-06 8.53349005e-07 9.49098729e-07 1.00176766e-06
  1.25424890e-06 1.05473938e-06 7.93357488e-07 1.05389690e-06
  8.01595088e-07 6.11076957e-07]
 [2.45036123e-05 2.02707556e-05 1.72849830e-05 1.40566513e-05
  1.37935040e-05 1.09551872e-05 1.12176262e-05 9.90372812e-06
  8.73326014e-06 8.20377635e-06 4.56726607e-06 4.22749656e-06
  4.92875503e-06 4.73408775e-06 3.22820545e-06 3.21756941e-06
  1.77340034e-06 1.92845866e-06 1.20907608e-06 1.16043269e-06
  1.53266757e-06 1.16703992e-06 1.03205392e-06 9.97805615e-07
  1.22059577e-06 1.11851672e-06 9.88557469e-07 8.03049174e-07
  5.47136402e-07 8.28832898e-07]
 [2.21631969e-05 2.01860751e-05 1.89389255e-05 1.63105092e-05
  1.46696821e-05 1.23399559e-05 1.08809499e-05 9.74175164e-06
  6.72556200e-06 6.95995495e-06 6.01388428e-06 6.28458277e-06
  4.23193538e-06 4.55205085e-06 3.41886489e-06 2.49077711e-06
  2.37812881e-06 2.52022910e-06 2.94646032e-06 1.64415853e-06
  2.16946114e-06 1.63746661e-06 1.19832913e-06 1.51168700e-06
  1.75356313e-06 1.90888294e-06 7.70003548e-07 1.02780857e-06
  9.21599534e-07 6.36000686e-07]
 [9.17767168e-06 1.36379939e-05 1.39424144e-05 1.54803499e-05
  1.41319993e-05 1.33334625e-05 1.30722857e-05 1.11074426e-05
  1.17213843e-05 9.98933784e-06 9.70370703e-06 9.24796969e-06
  8.70302261e-06 6.94497290e-06 6.52823731e-06 4.82540393e-06
  5.62479773e-06 5.63882104e-06 4.75264771e-06 4.16594742e-06
  2.40475227e-06 2.84830919e-06 2.77143357e-06 2.31846050e-06
  2.19904585e-06 1.90979069e-06 2.01474654e-06 2.05979560e-06
  1.92440517e-06 1.44543544e-06]
 [6.30387783e-06 9.19907468e-06 1.02666246e-05 1.15882927e-05
  1.25142624e-05 1.27023773e-05 1.33365708e-05 1.24117703e-05
  1.09207669e-05 1.21046465e-05 1.10724300e-05 9.36676558e-06
  1.03179983e-05 8.61432494e-06 8.86052513e-06 7.81427532e-06
  8.65987885e-06 7.55660222e-06 6.73003128e-06 7.54390158e-06
  5.08848070e-06 5.62232198e-06 4.77325330e-06 4.56816785e-06
  3.90109872e-06 3.97527469e-06 3.01289157e-06 3.42818477e-06
  2.86451294e-06 2.63987614e-06]
 [3.78897556e-06 5.95573455e-06 8.98961172e-06 7.49430741e-06
  7.90829716e-06 9.28910395e-06 9.44049076e-06 1.00486747e-05
  1.09396339e-05 1.15921240e-05 1.03639080e-05 1.09612626e-05
  1.01456901e-05 8.98466912e-06 9.54487472e-06 1.03132895e-05
  9.78459005e-06 8.88116195e-06 7.99641907e-06 8.51851421e-06
  7.90975332e-06 7.08218561e-06 6.94417881e-06 6.95795115e-06
  5.68126965e-06 5.98463837e-06 5.42645014e-06 5.63006791e-06
  5.03888227e-06 4.20649137e-06]
 [2.82828404e-06 2.46221767e-06 4.10156148e-06 3.95357878e-06
  5.67711917e-06 6.64351985e-06 7.47992237e-06 8.66413268e-06
  8.20300671e-06 8.29397100e-06 9.20466681e-06 8.95380525e-06
  9.51776018e-06 8.48753663e-06 8.96322292e-06 9.09952199e-06
  9.31229284e-06 8.60897446e-06 8.18143749e-06 8.35602651e-06
  8.47570943e-06 7.93493110e-06 7.92505956e-06 8.30011382e-06
  6.65405286e-06 7.08047609e-06 6.99099007e-06 6.59959094e-06
  5.80783166e-06 6.11891895e-06]]
