args:  Namespace(attack='fgsm', gaussian=False, l2=5.0, ndim=1)
elapsed time: 1280.9768075099998
mins: [[2.70845317e-06 1.47844385e-03 1.10401073e-03 4.15362883e-03
  7.71602645e-05 3.80883785e-03 2.99366470e-03 3.34047452e-02
  1.04909274e-03 2.92733815e-02 2.62758704e-11 2.51255780e-02
  3.20837386e-02 3.93757684e-04 4.55243608e-05 2.17811186e-02
  1.12367660e-01 1.54811013e-02 1.67751852e-02 5.41104227e-02
  1.34385787e-02 1.00335048e-03 1.65135235e-01 9.55108495e-04
  1.04171457e-02 3.80176008e-02 8.74641631e-03 1.78980887e-01
  1.08070955e-01 2.31068939e-01]
 [1.84530963e-05 3.10383108e-03 9.25556757e-03 1.36185968e-02
  9.95663577e-05 2.49699206e-05 1.76313594e-02 2.14408763e-04
  8.99759382e-02 9.69661705e-05 4.25124913e-03 2.44293315e-03
  9.69548535e-04 6.03748718e-03 6.58792442e-06 3.15729820e-04
  1.05938263e-04 3.51857066e-01 1.27419713e-03 6.18092529e-02
  1.17822438e-01 1.29179321e-02 1.01124384e-02 4.07989137e-02
  3.98834236e-02 1.83903170e-03 2.00133631e-03 2.82612965e-02
  8.53910744e-01 3.99543107e-01]
 [7.63296703e-06 8.14767904e-04 2.42380518e-03 1.91103085e-04
  1.59991870e-03 3.95674957e-03 2.36541475e-03 2.16379945e-07
  7.14020207e-05 1.43742800e-01 3.57855018e-03 1.87422484e-02
  6.20587319e-02 7.32022375e-02 2.87231349e-04 6.16533875e-01
  1.58655226e-01 1.04544774e-01 4.15685214e-02 5.00222808e-03
  1.36132864e-02 1.92637544e-03 4.57650312e-04 3.14779162e-01
  7.89435953e-03 1.70036471e+00 1.39840066e-01 9.70328892e-06
  9.07171518e-04 2.45875702e-03]
 [1.84046530e-06 9.45046559e-05 3.37700330e-04 3.39145299e-05
  5.77312836e-04 4.82842675e-04 5.57963550e-03 1.24524804e-02
  2.90656146e-02 5.50931916e-02 3.64770964e-02 5.26932143e-02
  9.20050032e-03 1.77446927e-03 8.10390990e-03 7.23211318e-02
  7.08731860e-02 2.78526898e-02 2.59796605e-02 2.10873224e-02
  8.09422657e-02 3.97595823e-01 2.41968110e-01 1.28748473e-02
  5.34922071e-03 5.30249551e-02 1.29133940e-01 2.37070307e-01
  3.31745706e-02 3.97364683e-02]
 [1.42498186e-06 5.51922945e-04 5.02427793e-05 2.06687037e-05
  1.60483103e-06 2.94389864e-08 1.34806214e-02 6.12084637e-04
  1.56499838e-04 1.42105250e-03 1.74747538e-02 5.43233613e-03
  1.69676650e-06 8.58326163e-03 2.60094617e-04 3.71901728e-02
  1.00739747e-01 2.90461940e-05 8.39696918e-03 1.65339839e-02
  5.45812189e-04 2.15045502e-03 2.25629210e-02 1.35221425e-03
  5.60864091e-01 2.54139632e-01 1.21009074e-01 4.78405207e-02
  5.97635992e-02 5.71735868e-08]
 [2.33536921e-05 6.47915731e-05 8.29686032e-05 4.28246385e-05
  6.62336708e-04 6.72224560e-04 2.42263719e-04 3.84869403e-04
  2.73963087e-03 3.71162826e-03 6.84279799e-02 6.23462838e-04
  1.49892549e-05 6.38258294e-04 1.27195707e-02 5.20413276e-04
  8.68782029e-02 5.57109946e-04 2.89034302e-04 3.26836929e-02
  1.59700285e-03 2.15537124e-03 2.13306677e-03 6.31575137e-02
  4.00592166e-04 3.68227884e-02 9.89339277e-02 2.08837204e-02
  7.10723475e-02 3.63540351e-02]
 [6.51724986e-05 5.25764772e-04 2.43054790e-04 6.19118623e-09
  2.37584609e-05 1.98939870e-06 1.45084084e-06 6.94910530e-04
  2.19423033e-04 2.66521092e-04 6.74727315e-04 9.55220967e-05
  9.58222226e-05 2.69392482e-03 1.03015965e-03 6.30393391e-03
  1.34246573e-02 3.96467559e-03 1.19003691e-02 2.18770001e-02
  8.39760178e-04 3.89610790e-02 6.24209084e-02 1.24864255e-05
  1.34558696e-03 9.77319106e-03 4.58177272e-03 3.60195758e-03
  4.03464801e-05 2.02031620e-02]
 [9.77748306e-04 5.39548455e-05 6.50748331e-03 7.21399032e-04
  1.05163809e-02 4.77894116e-03 6.74163573e-04 2.88453748e-06
  3.18209343e-02 8.88948343e-05 2.10820977e-03 5.61869293e-02
  1.11350755e-06 2.47231161e-04 4.83223237e-03 2.14057993e-02
  1.71625688e-05 5.89382653e-05 9.43568011e-06 5.96382364e-04
  1.12574749e-01 4.50051110e-03 2.39564781e-03 1.47169863e-03
  2.62155011e-02 7.37168938e-02 9.16330982e-03 7.52469059e-03
  2.45814584e-02 1.43680954e-02]]
maxs: [[8.69802856e+01 2.42353043e+02 4.27034576e+02 4.95470581e+02
  8.89643494e+02 1.01526031e+03 1.79976770e+03 1.58362073e+03
  2.17611572e+03 3.24368970e+03 3.19934058e+03 3.38652686e+03
  3.62279150e+03 3.33821729e+03 3.77333887e+03 6.81981104e+03
  5.34580615e+03 5.08037012e+03 6.67584961e+03 7.84972314e+03
  9.10707031e+03 9.10692871e+03 8.97009668e+03 1.00885820e+04
  1.21325254e+04 1.08262725e+04 1.26883291e+04 1.09010137e+04
  1.21408438e+04 1.57906963e+04]
 [2.54026810e+02 3.78214417e+02 7.10584167e+02 8.03727051e+02
  1.19165430e+03 1.53085339e+03 2.30038403e+03 2.43151416e+03
  1.72144934e+03 3.03139966e+03 3.24787720e+03 4.18155762e+03
  3.57556396e+03 4.82529834e+03 5.05313770e+03 8.36765234e+03
  5.33212988e+03 6.39589990e+03 7.42050391e+03 8.61620508e+03
  1.37168271e+04 1.34953223e+04 1.21506680e+04 1.45137988e+04
  1.11717871e+04 1.28238760e+04 1.43889014e+04 1.46546836e+04
  1.87371992e+04 1.78446875e+04]
 [1.52536072e+02 2.95045929e+02 7.85640808e+02 9.10657715e+02
  1.50362817e+03 2.12353882e+03 2.64773242e+03 2.51590161e+03
  3.19527368e+03 4.26549951e+03 4.04397241e+03 6.38724268e+03
  5.48508203e+03 6.14271240e+03 7.07072803e+03 9.06544238e+03
  8.65477051e+03 9.66525586e+03 1.46207715e+04 1.39032197e+04
  1.20031787e+04 1.33737178e+04 1.52896572e+04 2.03684805e+04
  2.06147168e+04 2.02545430e+04 1.99126992e+04 2.36473926e+04
  2.71718008e+04 3.15738379e+04]
 [2.60103516e+02 4.89498657e+02 6.28744629e+02 1.24710437e+03
  1.68454199e+03 1.64987671e+03 2.02167139e+03 3.17764722e+03
  3.44121167e+03 4.45756006e+03 4.68818018e+03 7.37696143e+03
  7.36190820e+03 8.83998340e+03 9.78616406e+03 1.07210078e+04
  8.47967090e+03 1.42427676e+04 1.39970742e+04 1.68767422e+04
  1.56254697e+04 1.84965703e+04 2.07483633e+04 1.99963281e+04
  2.23482520e+04 2.90620449e+04 2.81518867e+04 2.83548652e+04
  3.15682109e+04 2.98806602e+04]
 [2.54630600e+02 1.00630682e+03 1.14402930e+03 1.32789160e+03
  2.58579883e+03 3.09648218e+03 4.45476318e+03 7.37623486e+03
  5.99824072e+03 6.95874170e+03 7.67202881e+03 9.82301660e+03
  1.58445859e+04 1.27987734e+04 1.43977324e+04 1.91496367e+04
  1.74735801e+04 2.21626934e+04 2.20428008e+04 2.41806309e+04
  2.37977617e+04 2.83813691e+04 3.17541094e+04 3.12358633e+04
  3.62757656e+04 3.97274062e+04 4.04151641e+04 3.91254258e+04
  5.17305156e+04 5.85793867e+04]
 [2.45681274e+02 1.02798633e+03 1.24712659e+03 1.64167761e+03
  3.39333569e+03 2.93481689e+03 4.61468018e+03 6.17221484e+03
  9.05893945e+03 8.45966895e+03 1.23552842e+04 1.37152637e+04
  1.24304941e+04 1.55944424e+04 1.67421016e+04 1.77617871e+04
  2.47505449e+04 3.32111641e+04 3.22912344e+04 2.80053691e+04
  3.28307383e+04 3.70434531e+04 3.43040312e+04 4.13035234e+04
  4.25739141e+04 4.56913047e+04 5.52453711e+04 5.87372383e+04
  5.38303359e+04 5.91836758e+04]
 [4.35061523e+02 1.29166248e+03 1.61091760e+03 2.18707275e+03
  3.64306128e+03 5.56532178e+03 5.64767139e+03 7.80444580e+03
  1.15083398e+04 1.16110176e+04 1.31515879e+04 2.14838516e+04
  2.21177852e+04 2.43448379e+04 2.78689648e+04 2.78248945e+04
  2.89661777e+04 2.88283555e+04 4.16970117e+04 4.59293867e+04
  3.99718711e+04 4.91002969e+04 6.04831914e+04 5.25843984e+04
  7.02710469e+04 6.93691016e+04 6.87897500e+04 7.65988750e+04
  8.87400312e+04 9.62356406e+04]
 [5.81508301e+02 1.79532043e+03 1.72743372e+03 3.45617407e+03
  5.86192334e+03 5.98445117e+03 8.53087109e+03 8.23226953e+03
  1.70389258e+04 1.62369941e+04 1.93291816e+04 2.32121016e+04
  2.49033672e+04 3.18681191e+04 4.09300078e+04 3.31906055e+04
  4.08725156e+04 4.18467188e+04 4.86829766e+04 5.82964492e+04
  5.64996406e+04 6.17689688e+04 8.12679766e+04 7.58153281e+04
  8.07801016e+04 9.61839766e+04 9.43054922e+04 1.06556148e+05
  1.05360203e+05 1.09305297e+05]]
test_losses: [[5.30143664e+00 1.81742630e+01 3.66884627e+01 6.12421302e+01
  9.61304522e+01 1.36261175e+02 1.75823024e+02 2.55805102e+02
  3.32700751e+02 3.72690420e+02 4.89343636e+02 5.60208710e+02
  6.46463135e+02 6.31419163e+02 7.65192514e+02 1.00375136e+03
  1.04222666e+03 1.17920207e+03 1.20910633e+03 1.58111748e+03
  1.61955700e+03 1.72185011e+03 1.89646232e+03 2.07947045e+03
  2.24660027e+03 2.19809540e+03 2.54143597e+03 2.91974194e+03
  2.91436318e+03 3.35692918e+03]
 [7.32701199e+00 2.13005838e+01 4.08160518e+01 7.33473371e+01
  1.14242572e+02 1.68628347e+02 2.29798829e+02 3.00573118e+02
  3.43878972e+02 4.74402617e+02 5.25246169e+02 7.09062484e+02
  7.07869733e+02 8.42709278e+02 1.02849533e+03 1.14740381e+03
  1.19242089e+03 1.29394442e+03 1.59797723e+03 1.78248478e+03
  2.12275381e+03 2.12731361e+03 2.27518171e+03 2.40452781e+03
  2.83318867e+03 2.88972825e+03 3.28611297e+03 3.57244574e+03
  3.51200920e+03 3.94708421e+03]
 [8.57888670e+00 2.58388865e+01 6.41603682e+01 1.01506551e+02
  1.78575257e+02 2.23968920e+02 3.09971399e+02 3.97257778e+02
  4.71638697e+02 6.87293190e+02 7.86732192e+02 8.82971784e+02
  1.06754348e+03 1.31293968e+03 1.38083984e+03 1.50842119e+03
  1.75427302e+03 1.73706853e+03 2.13749899e+03 2.53236064e+03
  2.18732901e+03 2.77920734e+03 2.87700777e+03 3.77481778e+03
  3.60751420e+03 3.72944474e+03 4.35241697e+03 4.39223690e+03
  5.13439580e+03 5.84377209e+03]
 [1.00712586e+01 3.39474600e+01 7.56362855e+01 1.15300036e+02
  2.02485693e+02 2.58893594e+02 3.00349296e+02 4.77794206e+02
  6.05294631e+02 6.61363120e+02 8.25284916e+02 9.60786140e+02
  1.26291735e+03 1.35484487e+03 1.54344278e+03 1.97949307e+03
  2.05285207e+03 2.47316295e+03 2.63929153e+03 2.93968937e+03
  3.45014702e+03 3.26503449e+03 3.57053387e+03 4.01023468e+03
  4.48851640e+03 4.28988371e+03 5.14976920e+03 6.31867196e+03
  6.21496511e+03 5.93008095e+03]
 [1.67571399e+01 5.99782124e+01 1.14791396e+02 2.18162011e+02
  3.31406898e+02 3.91716624e+02 5.80537370e+02 8.51532242e+02
  1.04945771e+03 1.15678467e+03 1.36210836e+03 1.82312031e+03
  1.82052076e+03 2.54974932e+03 2.38592747e+03 2.75657638e+03
  3.62059666e+03 4.00878161e+03 3.73528393e+03 5.20475334e+03
  4.88156059e+03 5.99595607e+03 6.45429639e+03 7.56252924e+03
  7.22464503e+03 8.49952480e+03 8.64689254e+03 8.70793653e+03
  1.02764932e+04 1.25596204e+04]
 [1.73990708e+01 6.22892619e+01 1.33548102e+02 2.10361256e+02
  3.48703549e+02 5.42283625e+02 8.01236821e+02 9.72779569e+02
  1.04449535e+03 1.37495101e+03 1.86871632e+03 1.77123208e+03
  2.45831369e+03 2.48652958e+03 2.82523598e+03 3.20998902e+03
  4.03460246e+03 4.63221343e+03 4.96479035e+03 5.44470435e+03
  6.76610827e+03 7.34746709e+03 6.39940599e+03 8.33752484e+03
  9.60289220e+03 9.99254214e+03 1.02947751e+04 1.16369371e+04
  1.14382720e+04 1.23777610e+04]
 [2.59307429e+01 7.61285632e+01 1.87694342e+02 3.01764775e+02
  4.56705149e+02 7.92825756e+02 9.15380586e+02 1.19049716e+03
  1.74781681e+03 1.90176786e+03 2.60591276e+03 2.98622844e+03
  3.21625120e+03 3.75987662e+03 4.58786229e+03 4.95288705e+03
  5.07448146e+03 5.52931520e+03 6.85204423e+03 8.31499055e+03
  8.45318419e+03 9.68300657e+03 1.01032167e+04 1.10819892e+04
  1.23684694e+04 1.28043713e+04 1.33603643e+04 1.50735649e+04
  1.87900203e+04 1.71085605e+04]
 [3.07718100e+01 1.14743422e+02 2.28972478e+02 4.12061848e+02
  6.64006247e+02 9.00334962e+02 1.43396723e+03 1.53667864e+03
  1.79843591e+03 2.58679580e+03 3.60084533e+03 3.69673651e+03
  4.66556600e+03 4.99415534e+03 5.77069071e+03 5.78822591e+03
  8.43035608e+03 8.11629661e+03 1.04619572e+04 1.16978098e+04
  1.10918655e+04 1.21875347e+04 1.66377525e+04 1.39881778e+04
  1.43388826e+04 1.91744264e+04 1.79744918e+04 2.15223369e+04
  2.12438800e+04 2.05370825e+04]]
