args:  Namespace(attack='opt', gaussian=True, l2=0, ndim=7)
test_losses: [[0.07097108 0.06377608 0.06244106 0.05691139 0.07377121 0.0846812
  0.1103538  0.07992385 0.04534535 0.03001724 0.02298143 0.01707016
  0.01389517 0.01193595 0.00938143 0.00843858 0.00807267 0.00733376
  0.00629721 0.00581671 0.00524268 0.00523049 0.00477222 0.00427898
  0.00418164 0.00387637 0.00359956 0.00317242 0.00341578 0.00298515
  0.00303112 0.00290187 0.0026898  0.0027086  0.0025369  0.00244955
  0.00250309 0.00234122 0.00222604 0.00220266 0.00200633 0.00212567
  0.00201627 0.00192345 0.00189186 0.00194252 0.00175601 0.00173697
  0.00172052 0.00167512]
 [0.06319922 0.06126407 0.05793637 0.05583703 0.05647004 0.05146404
  0.04363634 0.03278315 0.02677382 0.02417501 0.02066665 0.01660385
  0.01442739 0.01383002 0.01273633 0.01150761 0.0102061  0.00929133
  0.00849585 0.00810207 0.00735346 0.00657522 0.00673662 0.00607514
  0.0060243  0.00540572 0.00512167 0.00494483 0.00497782 0.00467876
  0.00444402 0.00425905 0.00422561 0.00396832 0.00375482 0.00388874
  0.00350447 0.00369752 0.00343317 0.00334322 0.0034072  0.0032877
  0.00318552 0.00293493 0.00293106 0.00299832 0.00289852 0.002796
  0.00277814 0.00290442]
 [0.06548447 0.06293832 0.06233145 0.05745412 0.05320797 0.04588575
  0.04027389 0.0344355  0.03204122 0.02925468 0.02578469 0.02519028
  0.02274424 0.02234602 0.02131674 0.01932821 0.01868167 0.01766083
  0.01678757 0.01624985 0.01475342 0.01444503 0.01271673 0.01360958
  0.01223946 0.01362901 0.01169263 0.01223867 0.01231931 0.01128522
  0.011173   0.01043117 0.010497   0.0104768  0.00969007 0.00911007
  0.00997779 0.0091926  0.00898261 0.0090764  0.00921832 0.0088049
  0.00768228 0.00790714 0.0086131  0.00824596 0.00767136 0.00762697
  0.00776037 0.00780718]
 [0.06673275 0.07003592 0.06618925 0.05698276 0.05105875 0.04868905
  0.04352105 0.03940377 0.03716411 0.03713341 0.03485656 0.03394424
  0.03256915 0.03302234 0.03102806 0.03095215 0.03067952 0.03084064
  0.02927696 0.03077506 0.02902695 0.02957782 0.02907724 0.02785307
  0.02742621 0.02909792 0.02826694 0.02649177 0.02743942 0.02620595
  0.02601018 0.02754021 0.02576366 0.02611989 0.02525378 0.02506917
  0.02491253 0.02436584 0.02630773 0.02486917 0.02429216 0.02497096
  0.02469904 0.02446135 0.02305262 0.02419813 0.0234454  0.0244837
  0.0233704  0.0227518 ]
 [0.06833828 0.06858844 0.06305775 0.0569405  0.05182013 0.04934554
  0.04804242 0.0461749  0.04539367 0.04376105 0.04438363 0.04475335
  0.04279064 0.04339944 0.04248474 0.04298482 0.04321859 0.04292008
  0.04333286 0.0428734  0.04185435 0.04343214 0.04425343 0.04309045
  0.04397994 0.04340687 0.04311391 0.04343801 0.04440105 0.04284198
  0.04229632 0.04316062 0.04283624 0.04390841 0.04396531 0.04420765
  0.04418795 0.04478852 0.04438561 0.045219   0.04537364 0.04399285
  0.04474955 0.04387344 0.04469887 0.04337889 0.04468223 0.04427497
  0.04507318 0.04445087]
 [0.06881568 0.06919024 0.06246457 0.05827838 0.05361713 0.05355878
  0.05157071 0.05083658 0.05084463 0.05033419 0.05009595 0.05128142
  0.05070539 0.05092953 0.05274274 0.05202861 0.05221105 0.05269922
  0.05292329 0.05336021 0.05367511 0.05385463 0.05397009 0.05470433
  0.05400783 0.05441888 0.05477499 0.05516695 0.05545552 0.05508969
  0.05537585 0.0549415  0.0562594  0.05574666 0.05555559 0.05545524
  0.05631837 0.05602341 0.05636394 0.05654317 0.05725308 0.05657869
  0.0570748  0.05660639 0.05780335 0.05796007 0.05699765 0.05704599
  0.05808636 0.05770967]
 [0.06999717 0.06884014 0.06234657 0.05801648 0.05589191 0.05518936
  0.05608475 0.05563306 0.05638827 0.05640455 0.05627324 0.05662575
  0.05773076 0.05776054 0.05818121 0.0582592  0.05833869 0.05839679
  0.0588034  0.05982068 0.06039915 0.06004054 0.06062068 0.06014597
  0.06087077 0.06122768 0.06161899 0.06176193 0.06103572 0.06173768
  0.06192655 0.06212621 0.06206936 0.06256555 0.06304586 0.06281221
  0.06286732 0.06255106 0.06293557 0.06343734 0.06340519 0.06370819
  0.06387212 0.06370919 0.06366868 0.06403866 0.06380819 0.06393844
  0.06457699 0.06444536]
 [0.07012337 0.06627894 0.06359509 0.06063062 0.05873929 0.05898996
  0.05838588 0.05932757 0.06004219 0.06007641 0.06071602 0.0613523
  0.06132232 0.06134941 0.06217881 0.06295273 0.06341797 0.06323832
  0.06383126 0.06385671 0.06421429 0.06420053 0.06490052 0.06437928
  0.06514264 0.06509323 0.06497544 0.06569972 0.06564278 0.06565102
  0.06624566 0.06591679 0.06601176 0.06646241 0.06626835 0.06650101
  0.06639357 0.06589565 0.06647349 0.06660108 0.06663251 0.06687082
  0.06643969 0.06692    0.06713499 0.0671948  0.06697583 0.06701593
  0.06701664 0.06706004]
 [0.06960927 0.06774017 0.06340596 0.06035118 0.06156634 0.06169553
  0.06194186 0.06161258 0.06290009 0.06381924 0.0639528  0.06483399
  0.06461977 0.06477345 0.06536435 0.06553471 0.06620965 0.06631569
  0.06626346 0.06651444 0.06659441 0.06662257 0.06696013 0.0671468
  0.06724592 0.06718671 0.06711557 0.06749181 0.06725073 0.06760902
  0.06770147 0.06766893 0.06753952 0.06776222 0.06786882 0.06771627
  0.06797743 0.06808876 0.06822199 0.0678577  0.06809374 0.06812566
  0.06821799 0.06815158 0.06818372 0.06836105 0.06821913 0.06827526
  0.06828572 0.06834382]
 [0.07021344 0.06830214 0.06355133 0.06271781 0.0631873  0.06410935
  0.06397896 0.06463824 0.06530939 0.06546859 0.0662225  0.06642083
  0.06646704 0.06673019 0.06703661 0.06750797 0.06731925 0.06764802
  0.0677297  0.06794262 0.0679443  0.06809599 0.06813828 0.06825319
  0.06820529 0.06822882 0.06837107 0.06857399 0.06842647 0.06861551
  0.06840168 0.06860766 0.0686096  0.06863698 0.06878248 0.06880993
  0.06874385 0.06885574 0.06884258 0.06868939 0.06885397 0.06889557
  0.06890982 0.06894776 0.06890473 0.0688892  0.06884884 0.06885133
  0.0688234  0.06891184]
 [0.07174197 0.06647372 0.06468018 0.06403393 0.06468397 0.06485119
  0.0659321  0.06614155 0.0664106  0.06699554 0.0673178  0.0674894
  0.06808618 0.0678574  0.06829628 0.06829579 0.06845608 0.0686424
  0.06851892 0.0686146  0.06868282 0.06877359 0.0687175  0.06875952
  0.06898904 0.06875689 0.06902897 0.06889666 0.068982   0.06899985
  0.06901828 0.06901344 0.06910174 0.06895976 0.06906558 0.06906869
  0.06913206 0.0690583  0.06913013 0.06906148 0.06912728 0.06906098
  0.06915717 0.0691542  0.06911006 0.0691854  0.06908193 0.06910602
  0.06912053 0.0690997 ]
 [0.07012004 0.06732376 0.06790667 0.0683455  0.06870877 0.06912211
  0.06930323 0.06926308 0.06937722 0.06940022 0.06942795 0.06946364
  0.0694279  0.06948017 0.06942953 0.06951703 0.06949914 0.06950113
  0.06950677 0.06945413 0.06953238 0.06952596 0.06955292 0.06953874
  0.06954598 0.06949505 0.06949187 0.06951269 0.06957156 0.06949108
  0.06951515 0.06950797 0.06961008 0.06957589 0.0695827  0.06960706
  0.06948476 0.06949207 0.06958856 0.06954897 0.0695727  0.06950263
  0.06955419 0.06951903 0.0695227  0.06962266 0.06952688 0.069588
  0.06958836 0.06949275]
 [0.06932448 0.06890157 0.06923859 0.06939084 0.06956757 0.06967702
  0.06965544 0.06964311 0.06961603 0.06973405 0.06968872 0.06961405
  0.06973627 0.06968983 0.06969706 0.06966224 0.06970286 0.06963611
  0.06973612 0.06968971 0.0696449  0.06971225 0.06969017 0.06969882
  0.06966292 0.06963177 0.06966921 0.06966319 0.06963845 0.0696526
  0.06972043 0.06972684 0.06965093 0.06970649 0.06971652 0.06965592
  0.06970507 0.0696884  0.06969802 0.06971062 0.06964539 0.06969613
  0.06963307 0.06972033 0.06965835 0.06977876 0.06965625 0.06967734
  0.06967307 0.06967469]
 [0.06945842 0.0695808  0.06968208 0.06971728 0.0697837  0.06979383
  0.06980495 0.06976992 0.06981723 0.06977838 0.06975034 0.06974746
  0.06977055 0.06971929 0.06979856 0.06972825 0.06984398 0.06976756
  0.06977741 0.06979944 0.06973832 0.06976701 0.06973524 0.06973977
  0.06977134 0.06981104 0.06968379 0.06975822 0.06977159 0.06978652
  0.06973599 0.06968208 0.06983054 0.06978772 0.06969835 0.06978517
  0.06976398 0.06972471 0.06979309 0.06974936 0.06981445 0.06976065
  0.06977282 0.06979231 0.0697403  0.06976717 0.06978231 0.06976814
  0.06977904 0.06980586]
 [0.06977398 0.06982583 0.06981521 0.06982908 0.06988762 0.06984626
  0.06982262 0.06985757 0.06980514 0.06983817 0.06976676 0.0698947
  0.06979567 0.06982812 0.06983115 0.06980039 0.06984359 0.06981772
  0.06979461 0.06982094 0.06985591 0.06977129 0.06981307 0.06977875
  0.06980739 0.06983183 0.06978824 0.06980482 0.0698646  0.06975928
  0.06975822 0.06984272 0.06984003 0.06981669 0.06979189 0.06978969
  0.06981065 0.06978229 0.06983009 0.06981636 0.06982645 0.06982077
  0.06980209 0.06978298 0.069768   0.06977345 0.06977473 0.06981728
  0.06979014 0.06982058]]
variance: [[4.93235127e-04 7.01070724e-04 1.41088038e-03 2.04985800e-03
  1.77152071e-02 1.54745918e-02 2.12459984e-02 1.07823024e-02
  3.43329693e-03 1.12219680e-03 5.25702896e-04 1.94071620e-04
  2.10531945e-04 1.28418660e-04 5.40836744e-05 4.15773358e-05
  3.94151779e-05 3.22533928e-05 2.26188856e-05 1.61007162e-05
  1.24629025e-05 1.82822505e-05 9.58716404e-06 8.62110986e-06
  9.53546513e-06 7.46309681e-06 5.69243419e-06 3.68667185e-06
  5.60921877e-06 3.33814783e-06 3.58393246e-06 3.78919046e-06
  2.89349013e-06 3.06759360e-06 2.60093682e-06 2.09226461e-06
  2.46189078e-06 2.09833562e-06 1.61067215e-06 1.93681492e-06
  1.46083836e-06 1.51787833e-06 1.37965622e-06 1.21366592e-06
  1.43135251e-06 1.39341298e-06 1.00900022e-06 1.35899652e-06
  1.10918186e-06 7.68247584e-07]
 [1.58079419e-04 3.71605910e-04 8.57517635e-04 9.69789369e-04
  1.11171378e-03 1.22768174e-03 7.25512555e-04 5.20428884e-04
  2.74704595e-04 2.24831265e-04 1.85907493e-04 1.23359230e-04
  1.08093248e-04 9.70989635e-05 6.69434946e-05 6.40359760e-05
  4.73448084e-05 4.21831676e-05 3.43538130e-05 4.06594843e-05
  2.57154197e-05 2.16413214e-05 2.60763011e-05 1.60929984e-05
  2.28598839e-05 1.91644348e-05 1.26185267e-05 1.20554643e-05
  1.29226432e-05 9.15206153e-06 9.81134541e-06 6.45630659e-06
  7.44146117e-06 6.36590765e-06 4.87115668e-06 7.03332372e-06
  4.31290615e-06 4.94356120e-06 4.97284529e-06 4.44886960e-06
  3.90603320e-06 4.11320678e-06 3.56218016e-06 2.98069366e-06
  3.13188405e-06 3.37900807e-06 3.48994885e-06 3.07226346e-06
  3.38353065e-06 3.82399975e-06]
 [1.76495804e-04 3.55039986e-04 6.52785990e-04 5.18704730e-04
  5.98731574e-04 3.50839986e-04 3.98845318e-04 1.94146202e-04
  2.39606217e-04 1.71489652e-04 1.52814221e-04 1.45113524e-04
  1.37180922e-04 1.26705013e-04 1.19393202e-04 1.06962756e-04
  1.10313594e-04 9.86883111e-05 1.10169733e-04 9.52936152e-05
  7.83170912e-05 7.29350744e-05 6.54588273e-05 7.45762402e-05
  6.31961391e-05 7.82765556e-05 6.37221343e-05 6.21615437e-05
  6.22506043e-05 5.90146832e-05 4.77902584e-05 4.49848960e-05
  5.54886410e-05 4.53721850e-05 4.15131224e-05 3.92587282e-05
  4.40494466e-05 3.87671930e-05 2.99199307e-05 3.04377023e-05
  3.58732232e-05 3.54647998e-05 1.79056225e-05 2.20986876e-05
  2.40741454e-05 1.97254050e-05 1.98010182e-05 1.80051488e-05
  2.00489182e-05 2.30409689e-05]
 [1.95201855e-04 6.67140080e-04 8.16150645e-04 4.43979142e-04
  3.34071768e-04 2.95170671e-04 1.71131293e-04 1.84833360e-04
  1.32537281e-04 1.35490949e-04 1.28843214e-04 1.30118423e-04
  1.35071546e-04 1.14919793e-04 1.38276476e-04 1.31872136e-04
  1.26297973e-04 1.31765510e-04 1.26204231e-04 1.25701982e-04
  1.30001679e-04 1.27950363e-04 1.26827295e-04 1.23136983e-04
  1.35655750e-04 1.16619515e-04 1.31083804e-04 1.37078634e-04
  1.29463873e-04 1.34532451e-04 1.23196711e-04 1.19421950e-04
  1.19146997e-04 1.31758986e-04 1.19663994e-04 1.11026339e-04
  1.34782963e-04 1.25698484e-04 1.20219515e-04 1.17496701e-04
  1.13242280e-04 1.07943392e-04 1.22348516e-04 1.12561410e-04
  9.71707332e-05 1.06367163e-04 1.18835262e-04 1.10339969e-04
  1.21696379e-04 9.54032659e-05]
 [2.39868112e-04 5.06526793e-04 4.35816180e-04 3.17226143e-04
  2.12245258e-04 1.83959574e-04 1.59800442e-04 1.34176512e-04
  1.19594122e-04 1.03605003e-04 1.20885153e-04 1.09481438e-04
  1.21768160e-04 1.09034741e-04 1.11900407e-04 1.12501312e-04
  1.09333180e-04 1.08578016e-04 9.42752772e-05 9.03110477e-05
  9.89875723e-05 9.86387030e-05 1.10524948e-04 1.04728915e-04
  1.09840970e-04 1.04892574e-04 8.45181989e-05 1.02384192e-04
  9.22319204e-05 1.04015053e-04 1.00389132e-04 1.11482900e-04
  1.00869432e-04 9.58858148e-05 8.55382389e-05 1.10841952e-04
  1.04351890e-04 9.26884332e-05 9.83876461e-05 8.85450266e-05
  9.86678188e-05 9.11190843e-05 8.12631050e-05 9.45889033e-05
  8.66507681e-05 8.59480763e-05 8.86801988e-05 9.50673697e-05
  9.02036767e-05 8.04017593e-05]
 [2.95138317e-04 3.08246011e-04 3.00716710e-04 2.58869667e-04
  1.64833055e-04 1.15719294e-04 1.02196513e-04 9.41595708e-05
  6.72506805e-05 8.42941321e-05 8.37560633e-05 8.25774169e-05
  8.33556410e-05 6.68026892e-05 6.19581493e-05 6.72958597e-05
  7.86434768e-05 7.15804490e-05 6.54114170e-05 6.75717342e-05
  6.77291500e-05 6.71127053e-05 6.54865725e-05 6.18728328e-05
  5.64859427e-05 6.26924790e-05 5.26954214e-05 6.14691741e-05
  4.77449631e-05 5.36478543e-05 5.93231951e-05 5.46624253e-05
  4.85449612e-05 4.95415661e-05 5.22014120e-05 4.54615976e-05
  5.53594972e-05 5.18149799e-05 4.63719376e-05 4.46947472e-05
  4.70326181e-05 4.45796410e-05 4.38670471e-05 4.17058766e-05
  4.14958850e-05 3.42790301e-05 5.10712857e-05 4.11707800e-05
  4.03657788e-05 3.17895807e-05]
 [2.53674132e-04 4.99844280e-04 3.22064281e-04 1.41699206e-04
  1.06855421e-04 9.00386908e-05 8.87328311e-05 7.26166394e-05
  6.72331798e-05 5.76544413e-05 6.53338486e-05 5.49609656e-05
  5.29829142e-05 5.11441625e-05 4.85757535e-05 4.61188069e-05
  5.47017700e-05 4.69872810e-05 4.69292063e-05 3.64181420e-05
  3.46807777e-05 3.89204261e-05 3.47355008e-05 3.35214410e-05
  3.63747389e-05 3.37160901e-05 2.68635955e-05 2.62237375e-05
  3.47337554e-05 2.84857143e-05 2.88808355e-05 2.35996836e-05
  2.80635545e-05 2.29974353e-05 2.03653139e-05 2.58837080e-05
  2.06153653e-05 2.05436099e-05 1.93713804e-05 1.67074547e-05
  1.98149777e-05 1.83515723e-05 1.45777861e-05 1.94433122e-05
  1.92179397e-05 1.49389375e-05 1.91297951e-05 1.71188137e-05
  1.35065978e-05 1.36471637e-05]
 [2.24778968e-04 2.68338398e-04 2.66375744e-04 1.40343005e-04
  8.33101971e-05 5.99026861e-05 5.51464801e-05 4.50580148e-05
  4.87421001e-05 3.67192084e-05 3.82593946e-05 3.88677686e-05
  3.81608978e-05 3.42437252e-05 2.75815864e-05 2.67915105e-05
  2.45046375e-05 2.40689571e-05 1.97031607e-05 2.01949911e-05
  2.11569379e-05 1.87694028e-05 1.58070261e-05 1.65423762e-05
  1.80581275e-05 1.55943778e-05 1.76148027e-05 1.25448222e-05
  1.10604474e-05 1.14755437e-05 1.06450557e-05 1.00237392e-05
  1.13398197e-05 1.01890199e-05 1.03264750e-05 8.40822880e-06
  8.79202730e-06 9.62838202e-06 8.58039603e-06 8.35003039e-06
  7.34705748e-06 7.35390500e-06 8.73158134e-06 7.36310616e-06
  5.52580993e-06 4.99795294e-06 5.29013363e-06 5.88499936e-06
  5.03427324e-06 5.89745930e-06]
 [1.85934624e-04 2.69366210e-04 1.75592257e-04 7.17945970e-05
  7.62327878e-05 4.47817652e-05 3.96943855e-05 3.65615704e-05
  3.10175546e-05 2.85761389e-05 2.50704490e-05 2.33946263e-05
  2.02848194e-05 2.09421593e-05 1.50805949e-05 1.50034693e-05
  1.31342670e-05 1.26798983e-05 1.30305218e-05 1.00488979e-05
  1.04447275e-05 1.04025328e-05 8.53174226e-06 7.08390605e-06
  7.24075076e-06 8.82464860e-06 7.06908093e-06 5.47344140e-06
  6.22748002e-06 5.46638737e-06 5.08294956e-06 4.82893171e-06
  4.81615939e-06 5.01310974e-06 3.78380876e-06 4.81485730e-06
  3.08259776e-06 2.84827950e-06 2.19542781e-06 2.94658775e-06
  3.29419047e-06 3.28060673e-06 2.51259607e-06 2.69232455e-06
  2.20521639e-06 2.05370197e-06 2.32206702e-06 2.54963681e-06
  1.90884614e-06 2.21191076e-06]
 [2.62260438e-04 2.80158156e-04 8.81213537e-05 6.04073458e-05
  5.40765235e-05 3.53155277e-05 2.64085112e-05 2.40052468e-05
  2.09545440e-05 1.79959268e-05 1.51429896e-05 1.39929131e-05
  1.30972772e-05 1.14844005e-05 9.17647655e-06 7.31052000e-06
  8.08552388e-06 7.28889668e-06 6.82001057e-06 5.39630823e-06
  5.82268105e-06 3.61951754e-06 3.44607264e-06 3.18379691e-06
  3.67461702e-06 3.88156285e-06 2.75292691e-06 1.69109159e-06
  2.27184070e-06 1.88290810e-06 2.67379449e-06 1.78065223e-06
  1.73454280e-06 1.70261766e-06 1.45074949e-06 1.49642163e-06
  1.23469052e-06 1.25836222e-06 1.18741317e-06 1.16374501e-06
  1.22944539e-06 1.16468030e-06 9.37888405e-07 9.16899634e-07
  9.63803897e-07 7.88083606e-07 7.88931329e-07 8.26662727e-07
  8.00683827e-07 9.04631847e-07]
 [4.13690161e-04 1.45607736e-04 8.43769397e-05 4.55772735e-05
  2.67453238e-05 3.06081708e-05 2.08154505e-05 1.75392480e-05
  1.52847812e-05 1.24800025e-05 9.82762440e-06 8.38136450e-06
  4.49496873e-06 5.74336936e-06 3.60151303e-06 3.62195181e-06
  2.92000978e-06 3.22814171e-06 2.92897413e-06 2.20012125e-06
  2.29594532e-06 1.75531334e-06 2.20017934e-06 2.18128198e-06
  1.27428435e-06 1.56951791e-06 1.00735013e-06 8.33323976e-07
  8.78562883e-07 7.67777347e-07 8.65492664e-07 7.49997303e-07
  6.49873231e-07 1.16783750e-06 7.46054413e-07 9.75370179e-07
  6.82133175e-07 7.21108065e-07 6.30851602e-07 6.71190939e-07
  7.35653416e-07 6.75466432e-07 7.03156689e-07 6.70505497e-07
  6.82358785e-07 7.13283519e-07 8.20021117e-07 7.58184258e-07
  5.96010620e-07 7.01841527e-07]
 [1.70827427e-04 3.44825093e-05 1.02441360e-05 7.77671391e-06
  4.65235847e-06 2.24086891e-06 1.19708447e-06 1.49644224e-06
  8.77201863e-07 5.49166125e-07 5.99876069e-07 5.32231059e-07
  6.84968472e-07 6.19561393e-07 5.54758505e-07 4.29146291e-07
  4.41061633e-07 5.09682348e-07 6.43434961e-07 5.12067730e-07
  5.33954913e-07 4.36885500e-07 5.17810001e-07 5.01059362e-07
  3.87918222e-07 4.93478776e-07 6.48592951e-07 5.43006757e-07
  5.41108716e-07 4.06695000e-07 4.34621506e-07 4.73872024e-07
  4.66425992e-07 4.35345552e-07 4.78415195e-07 4.24745736e-07
  4.24277352e-07 4.61325769e-07 4.12427100e-07 4.48268358e-07
  4.80979386e-07 4.81002628e-07 4.69371101e-07 4.28255717e-07
  4.22859500e-07 4.68819616e-07 4.95190093e-07 3.69446350e-07
  4.29681674e-07 5.10153164e-07]
 [6.15403308e-05 5.97499959e-06 2.84035283e-06 1.99319830e-06
  5.98091380e-07 5.00092500e-07 4.33275432e-07 4.69640950e-07
  4.13900562e-07 6.11842896e-07 5.09889965e-07 4.15512421e-07
  4.06511423e-07 5.09252833e-07 4.30303362e-07 4.27046057e-07
  4.14510322e-07 4.09220065e-07 4.54342627e-07 4.93231609e-07
  3.60437967e-07 4.85925068e-07 4.25718846e-07 5.17467872e-07
  4.68384200e-07 4.21644869e-07 4.02496460e-07 3.74085144e-07
  4.08963686e-07 4.18646698e-07 3.95626746e-07 4.13181366e-07
  4.17030111e-07 4.02368795e-07 4.53213080e-07 4.51246179e-07
  4.46638123e-07 4.15146321e-07 4.06668324e-07 4.45694991e-07
  4.79518310e-07 3.89595587e-07 4.37828173e-07 4.14791067e-07
  4.50887361e-07 3.97925744e-07 4.53943216e-07 4.20597181e-07
  3.72890313e-07 3.96941020e-07]
 [9.66532342e-06 1.21980769e-06 7.01430079e-07 4.81048630e-07
  3.54923573e-07 3.89617424e-07 4.29675516e-07 4.14705906e-07
  4.09341697e-07 4.04042134e-07 3.94563254e-07 4.36129845e-07
  3.91158892e-07 3.68174103e-07 3.92657164e-07 3.63812137e-07
  3.71197783e-07 4.07275777e-07 3.69524348e-07 3.85032009e-07
  3.55025704e-07 3.82296121e-07 3.59739225e-07 3.44866826e-07
  4.06090965e-07 3.94501967e-07 4.06748105e-07 3.78873637e-07
  3.91992796e-07 3.64401010e-07 3.99488617e-07 3.21415370e-07
  4.63763835e-07 5.72401444e-07 3.67186927e-07 3.50815505e-07
  3.66588000e-07 4.36477765e-07 4.02703527e-07 4.05373195e-07
  3.23626445e-07 3.70614837e-07 3.37842193e-07 3.72755003e-07
  3.69211386e-07 3.66979984e-07 3.80141531e-07 4.29829134e-07
  4.13934397e-07 3.80153103e-07]
 [5.60895930e-06 3.61062322e-07 3.18522599e-07 3.44680309e-07
  4.01331594e-07 3.66101489e-07 3.28227982e-07 3.56233737e-07
  3.37983076e-07 3.68841840e-07 3.59633532e-07 3.39635884e-07
  3.59052656e-07 3.13050333e-07 3.39687380e-07 3.35143500e-07
  3.80320032e-07 3.14682965e-07 4.16262498e-07 3.17407027e-07
  3.53032761e-07 3.63058464e-07 3.65369184e-07 3.34977900e-07
  3.77352602e-07 3.78461175e-07 4.10830916e-07 3.81766342e-07
  3.91118628e-07 3.69376355e-07 3.54845640e-07 3.91395076e-07
  3.80811410e-07 3.49695782e-07 3.37652573e-07 3.84262058e-07
  3.90974496e-07 3.91965638e-07 3.58151623e-07 3.19750109e-07
  3.26743275e-07 3.50957281e-07 3.49153122e-07 3.53110646e-07
  3.73553256e-07 4.00191588e-07 4.06191798e-07 3.43899697e-07
  3.09791110e-07 3.02625542e-07]]
