args:  Namespace(attack='fgm', gaussian=False, l2=0, ndim=1)
elapsed time: 3697.112517273
test_losses: [[5.13499824e-04 2.03413635e-04 1.20732213e-04 8.30497792e-05
  5.79318031e-05 4.92622896e-05 5.03645018e-05 4.57672733e-05
  3.70559035e-05 3.67604900e-05 2.86153450e-05 2.87413471e-05
  2.62292132e-05 2.14041214e-05 2.57373402e-05 2.22657934e-05
  1.99850367e-05 2.13696612e-05 1.77173775e-05 2.18312192e-05
  1.75038111e-05 1.76770379e-05 1.72851389e-05 1.74135754e-05
  1.51277956e-05 1.63489171e-05 1.36066922e-05 1.38808666e-05
  1.65827136e-05 1.48708232e-05]
 [5.45374837e-04 1.72315949e-04 8.64332666e-05 8.63971975e-05
  6.72941167e-05 4.34671029e-05 4.23456390e-05 3.78170489e-05
  3.85256172e-05 3.39985212e-05 2.82674993e-05 2.44716571e-05
  2.74310062e-05 2.55055091e-05 2.08051954e-05 2.15188567e-05
  2.08760329e-05 1.86843800e-05 1.81817583e-05 1.83280141e-05
  1.77422332e-05 1.74898397e-05 1.76961879e-05 1.55426380e-05
  1.48924903e-05 1.44099840e-05 1.63130553e-05 1.54591041e-05
  1.58864515e-05 1.29514883e-05]
 [7.95143284e-04 1.86560156e-04 1.37789084e-04 8.37557995e-05
  6.53338350e-05 6.17618962e-05 5.61224410e-05 4.40693603e-05
  3.61954465e-05 3.37365785e-05 3.10719329e-05 2.31142567e-05
  3.30225215e-05 2.65806451e-05 2.70845863e-05 2.37296504e-05
  2.73352226e-05 2.06046200e-05 1.90093304e-05 2.09425981e-05
  1.73179285e-05 1.83107627e-05 1.82066965e-05 1.81755935e-05
  1.64228925e-05 1.61225451e-05 1.52322833e-05 1.61815857e-05
  1.27713232e-05 1.23823390e-05]
 [1.96326084e-03 3.13049396e-04 2.04990484e-04 1.03673542e-04
  7.93875841e-05 5.96261084e-05 5.14450424e-05 4.58169579e-05
  4.00672876e-05 3.83244003e-05 3.68413677e-05 3.52066045e-05
  2.91597140e-05 3.04957113e-05 2.81934352e-05 2.64829505e-05
  2.73354223e-05 2.15027291e-05 2.40792934e-05 2.35091289e-05
  1.79241256e-05 2.02464270e-05 1.88021694e-05 2.00362137e-05
  1.83750669e-05 1.76001182e-05 1.77594234e-05 1.51911963e-05
  1.56394897e-05 1.35442019e-05]
 [4.52428933e-03 1.64549373e-03 6.46991490e-04 2.12902035e-04
  1.40982226e-04 1.19678040e-04 8.83998866e-05 8.43596969e-05
  6.48263588e-05 7.06419346e-05 5.77103341e-05 5.43580681e-05
  4.45401266e-05 4.14637931e-05 3.71119147e-05 3.59487299e-05
  3.20973973e-05 3.54071813e-05 2.99729039e-05 2.92178858e-05
  3.01756389e-05 2.72095544e-05 2.45313025e-05 2.74116323e-05
  2.26260907e-05 2.09295856e-05 1.91080298e-05 1.91324651e-05
  2.15753541e-05 2.00781488e-05]
 [5.88174632e-03 2.82392133e-03 1.07240791e-03 3.72639690e-04
  1.64429304e-04 1.52691581e-04 1.29801999e-04 9.12205415e-05
  7.43485856e-05 7.46555644e-05 5.58830054e-05 6.60848663e-05
  5.45016246e-05 5.23783128e-05 5.27497861e-05 4.38816900e-05
  3.49668283e-05 3.77563989e-05 3.61625726e-05 3.29979437e-05
  2.72842646e-05 3.33615233e-05 3.14770604e-05 2.65180753e-05
  2.88081208e-05 2.93760667e-05 2.39473494e-05 2.76508944e-05
  2.36614647e-05 2.24107730e-05]
 [7.24774996e-03 4.51092494e-03 2.52064246e-03 1.17364166e-03
  5.59513140e-04 2.53489619e-04 2.00949980e-04 1.29373572e-04
  1.07726927e-04 1.06627394e-04 9.34140327e-05 8.53308976e-05
  7.74521398e-05 6.75861082e-05 5.92389609e-05 6.13878475e-05
  5.73106262e-05 5.25778118e-05 4.50400878e-05 4.96570929e-05
  4.21054491e-05 4.49082412e-05 3.88296758e-05 3.90788411e-05
  3.59958684e-05 3.80729760e-05 3.12738885e-05 3.16478330e-05
  3.08150432e-05 3.29199472e-05]
 [8.46782234e-03 6.29781162e-03 4.79103724e-03 2.70828761e-03
  1.51052483e-03 7.37153282e-04 5.55820919e-04 2.84365654e-04
  2.26549440e-04 1.84347042e-04 1.43102338e-04 1.17007690e-04
  1.25735424e-04 9.66287053e-05 8.30125508e-05 8.39792399e-05
  8.00790412e-05 6.40802755e-05 6.68010606e-05 6.02292090e-05
  5.92014880e-05 6.02591083e-05 5.58498310e-05 5.92731481e-05
  4.51113621e-05 4.97974513e-05 4.23800711e-05 3.78794208e-05
  4.13404609e-05 4.25261956e-05]]
variance: [[1.00547236e-06 3.10260682e-07 1.07981489e-07 2.07206601e-08
  7.40167982e-09 7.46509954e-09 5.12749016e-09 3.93462834e-09
  3.11505084e-09 2.74622073e-09 1.60275339e-09 1.97477364e-09
  1.50231377e-09 1.18849637e-09 1.33799795e-09 1.05316521e-09
  8.94133318e-10 9.49351753e-10 7.68201550e-10 1.01716819e-09
  8.15619468e-10 7.94683943e-10 5.91379763e-10 6.65519506e-10
  4.07279209e-10 5.99564125e-10 3.35960009e-10 3.60497618e-10
  5.37337908e-10 4.55846113e-10]
 [1.23800058e-06 1.01886099e-07 1.36329999e-08 1.84374154e-08
  1.19642518e-08 3.03917498e-09 3.10432666e-09 2.66928431e-09
  3.60158817e-09 2.47297936e-09 1.63444456e-09 1.45070334e-09
  1.39480358e-09 1.19787582e-09 8.42685071e-10 9.28024503e-10
  1.01620548e-09 8.87402045e-10 8.09039633e-10 6.12011125e-10
  9.34915066e-10 6.42749818e-10 5.38651490e-10 6.18159687e-10
  4.23486257e-10 3.83004554e-10 6.01421507e-10 5.33906882e-10
  5.30869239e-10 3.64561108e-10]
 [3.61430236e-06 9.42957088e-08 5.59933863e-08 1.48846019e-08
  1.17170829e-08 6.31509101e-09 6.99502797e-09 3.98535072e-09
  2.77755038e-09 2.17970214e-09 2.00004129e-09 1.08247919e-09
  2.41628660e-09 1.22062051e-09 1.76056192e-09 1.17196451e-09
  1.27107652e-09 7.41420153e-10 5.89264427e-10 9.38627153e-10
  7.08307736e-10 7.21383562e-10 6.55938112e-10 5.83084142e-10
  5.13145775e-10 5.07006560e-10 4.23324342e-10 5.62286329e-10
  2.78955708e-10 3.94013266e-10]
 [9.76445739e-06 7.42947680e-07 3.50702795e-07 2.83261951e-08
  1.11022328e-08 6.41903902e-09 5.59824031e-09 4.95106761e-09
  3.06929262e-09 3.18051124e-09 2.57794855e-09 2.60062081e-09
  1.70311022e-09 2.00412967e-09 1.34103300e-09 1.10227175e-09
  1.26303401e-09 9.55410825e-10 9.72271006e-10 1.07827146e-09
  7.68742292e-10 6.71120324e-10 7.11548377e-10 8.20786136e-10
  5.86306595e-10 5.84222018e-10 6.13750769e-10 4.19862932e-10
  4.07905391e-10 3.75707136e-10]
 [1.48170007e-05 7.79217467e-06 2.49678146e-06 9.18245863e-08
  5.45866916e-08 3.04589250e-08 1.57520382e-08 1.58328156e-08
  8.14019768e-09 9.91447881e-09 5.99615021e-09 4.46399191e-09
  3.77306038e-09 2.95748311e-09 2.01226053e-09 2.25783379e-09
  1.86852003e-09 1.52365534e-09 1.43521876e-09 1.50823008e-09
  1.61259081e-09 1.09977232e-09 1.02373278e-09 1.10634808e-09
  7.49620576e-10 6.83843466e-10 4.78213274e-10 5.48810394e-10
  7.07989185e-10 6.06775420e-10]
 [1.23508893e-05 1.10607923e-05 4.43587448e-06 1.08533678e-06
  4.37309421e-08 7.71576750e-08 2.90174906e-08 1.76263371e-08
  7.86513143e-09 7.83871944e-09 5.04714114e-09 6.10217753e-09
  4.63822570e-09 3.95645322e-09 4.55683986e-09 3.57559917e-09
  1.63956336e-09 3.24605230e-09 1.70447768e-09 1.35239359e-09
  1.18734361e-09 1.65774544e-09 1.35053798e-09 1.11940884e-09
  1.34058624e-09 1.07992357e-09 9.52454475e-10 1.06931279e-09
  7.55501174e-10 6.86818332e-10]
 [9.71469340e-06 1.18628184e-05 9.68921162e-06 4.52145775e-06
  1.81061059e-06 3.64281767e-07 1.81048042e-07 2.97180930e-08
  2.48481661e-08 1.58135580e-08 1.52983150e-08 1.01232146e-08
  1.04476808e-08 6.57535925e-09 4.79526960e-09 4.58250964e-09
  3.46803316e-09 3.33077661e-09 2.46062864e-09 3.35160571e-09
  2.05628761e-09 2.36522110e-09 1.88958239e-09 2.06706166e-09
  1.52005787e-09 1.80991228e-09 1.38107386e-09 1.13946861e-09
  1.15554407e-09 1.33260383e-09]
 [4.49323768e-06 8.82120186e-06 1.11843784e-05 9.79619858e-06
  5.62489233e-06 2.21313522e-06 1.48247950e-06 2.72259443e-07
  2.67414445e-07 4.11683331e-08 2.89343159e-08 1.57813250e-08
  1.75278984e-08 9.05173909e-09 8.89900868e-09 9.46893254e-09
  7.02682892e-09 4.99028875e-09 5.96571899e-09 3.67234851e-09
  3.83099806e-09 3.43181663e-09 3.07840848e-09 3.81430265e-09
  2.30395424e-09 2.50382597e-09 2.39662562e-09 1.50032991e-09
  1.74518025e-09 1.77912107e-09]]
