args:  Namespace(attack='opt', gaussian=False, l2=0, ndim=5)
test_losses: [[0.00272203 0.00242258 0.00206859 0.00184877 0.00156522 0.00145292
  0.00141946 0.00125997 0.00119912 0.00112886 0.00111914 0.00106048
  0.00098254 0.00096298 0.00090507 0.00089576 0.00082351 0.00088839
  0.00087406 0.00080496 0.0007652  0.00077954 0.00076335 0.00074797
  0.00071148 0.00078506 0.00072428 0.00073638 0.00071411 0.0006994
  0.00070728 0.00067328 0.00077511 0.00067641 0.00065386 0.00062182
  0.00068394 0.00067015 0.00059379 0.00064225 0.00063084 0.00063276
  0.00063659 0.00061253 0.0005782  0.00061456 0.00060394 0.00059157
  0.00063692 0.0006229 ]
 [0.00834777 0.0049495  0.00371433 0.00302261 0.00241467 0.00202192
  0.00171416 0.00146024 0.00132252 0.00111718 0.00104064 0.00100641
  0.00091072 0.00083093 0.00078218 0.00076368 0.00071823 0.00063893
  0.00063508 0.00054465 0.00059051 0.00051507 0.00052475 0.00049221
  0.00042412 0.00042069 0.00038625 0.00041895 0.00042607 0.00035801
  0.0004136  0.00034068 0.00031608 0.00035377 0.00033541 0.00032031
  0.00029833 0.00027693 0.0002794  0.00028261 0.00026673 0.00029243
  0.00026042 0.00025788 0.00024412 0.00024059 0.00023691 0.00024861
  0.00023516 0.00021275]
 [0.02039851 0.01253875 0.00963514 0.00668741 0.00544647 0.00438177
  0.00326644 0.00266278 0.00225987 0.00195199 0.00171713 0.00155508
  0.00154699 0.00126729 0.00128262 0.00107945 0.00105718 0.00092264
  0.00088743 0.00087855 0.00083498 0.00078628 0.00074671 0.00069846
  0.00067825 0.00059698 0.00059332 0.00057081 0.00056271 0.00050507
  0.00047573 0.00048424 0.00046627 0.00048595 0.00045161 0.00043298
  0.00041174 0.00041048 0.00038704 0.00034836 0.00039195 0.00035649
  0.00033967 0.00032916 0.00036217 0.00031488 0.00031078 0.00032877
  0.0003062  0.00031158]
 [0.0311272  0.02390712 0.01864255 0.01489913 0.01160853 0.0086089
  0.00683    0.00582689 0.00526567 0.00409997 0.00389196 0.00329527
  0.0029641  0.00285331 0.00243522 0.00216614 0.00181833 0.00174101
  0.0015231  0.00146805 0.00135181 0.00122101 0.00126987 0.00110052
  0.00098832 0.00099317 0.00102582 0.00098975 0.00089471 0.00081612
  0.00082717 0.00075928 0.0008023  0.00071755 0.00071695 0.00066492
  0.00067906 0.00062087 0.00062453 0.00057627 0.00061392 0.00060305
  0.00051247 0.00053451 0.00054377 0.00049823 0.00051431 0.0004857
  0.00049591 0.00043137]
 [0.03922662 0.0347755  0.02711859 0.02551782 0.02062983 0.01606842
  0.01563351 0.0139747  0.01233535 0.01035957 0.00939894 0.00826764
  0.00741239 0.00643801 0.00639665 0.00522107 0.00504075 0.0045489
  0.00451753 0.00399399 0.00396863 0.00371937 0.00297241 0.00312455
  0.00235648 0.00286117 0.00262804 0.00254696 0.00233642 0.00191695
  0.00206031 0.00185253 0.00177757 0.00181386 0.00146208 0.00145467
  0.00155841 0.00144562 0.00151484 0.00135427 0.00122599 0.00126646
  0.00116001 0.00107864 0.00116858 0.00107567 0.00103131 0.0009671
  0.00097733 0.00101701]
 [0.04912983 0.04372496 0.04028355 0.03705161 0.0335805  0.03092972
  0.03001813 0.02562655 0.02605711 0.02330862 0.02173726 0.02077769
  0.02001027 0.01872992 0.01592854 0.01709763 0.01620712 0.01531896
  0.01379429 0.01334937 0.01325171 0.01239149 0.01060429 0.01089844
  0.01124567 0.01083701 0.01059344 0.00916374 0.00852007 0.00901099
  0.00785357 0.00783918 0.00759917 0.00709936 0.00734044 0.00669893
  0.00652308 0.00706585 0.00642424 0.00598893 0.00552171 0.00538001
  0.00499417 0.00465249 0.00445879 0.00474871 0.00500819 0.00467875
  0.0041826  0.00457065]
 [0.05936963 0.05468891 0.04949671 0.04750755 0.04535406 0.04513803
  0.04165015 0.0403616  0.03944064 0.0377857  0.03812085 0.03656359
  0.03541838 0.03332357 0.03448474 0.03337605 0.03376641 0.03264187
  0.03161182 0.03208771 0.03041195 0.03143098 0.02958787 0.02980564
  0.03002136 0.02781882 0.02932231 0.02604892 0.02742771 0.02718933
  0.02636978 0.02611858 0.02657815 0.0260214  0.02709509 0.02504908
  0.02529292 0.02395035 0.02472309 0.02521148 0.02433169 0.02333308
  0.02367049 0.02346894 0.02293012 0.02408779 0.02329803 0.02245094
  0.02326844 0.02304775]
 [0.05783794 0.05213595 0.04930803 0.04710443 0.04640959 0.04581695
  0.04633907 0.04627799 0.04546141 0.04568029 0.04605467 0.04642548
  0.04611764 0.04605353 0.04708303 0.04659187 0.04698394 0.04666691
  0.04649732 0.04649791 0.04625964 0.04676671 0.0467995  0.04700568
  0.0462905  0.04670023 0.04657775 0.04682109 0.04665074 0.04678526
  0.04690038 0.04673269 0.04694542 0.04681642 0.04646716 0.04716515
  0.04639905 0.04714332 0.04678904 0.04699818 0.04712708 0.04710938
  0.04716565 0.04702679 0.04688202 0.04676136 0.04656473 0.04712662
  0.04683773 0.04666987]
 [0.05005667 0.04865653 0.04854674 0.04881305 0.04893587 0.0490152
  0.04903349 0.04901013 0.04900623 0.04906121 0.04898742 0.04919272
  0.0489639  0.04913047 0.04916215 0.0491421  0.04910102 0.04914435
  0.04910973 0.04905732 0.0490736  0.04912644 0.04915185 0.049105
  0.04920522 0.04915461 0.04918787 0.04917421 0.04908693 0.04911022
  0.04909983 0.0491627  0.04914437 0.0491105  0.04914276 0.04919065
  0.04917935 0.04913417 0.049043   0.04921218 0.04913775 0.04919816
  0.04920374 0.04907669 0.04918787 0.04914064 0.04911651 0.04912308
  0.04912415 0.04910231]
 [0.04927995 0.04926471 0.0493924  0.04934905 0.04928577 0.04928856
  0.04940908 0.04934249 0.04937306 0.04940528 0.04941377 0.0493758
  0.04935308 0.04944805 0.04939982 0.04950383 0.04940622 0.04937151
  0.04936676 0.04929641 0.04934773 0.04938991 0.04935006 0.04942853
  0.04944951 0.04932046 0.04936936 0.04939237 0.04942796 0.04937442
  0.0494083  0.04948525 0.0494453  0.04934705 0.04937265 0.0493042
  0.0493979  0.04946243 0.04943088 0.04944658 0.04945282 0.04947706
  0.04942687 0.04941403 0.04944114 0.04938516 0.04941558 0.04937789
  0.04937037 0.04938413]]
variance: [[1.64681071e-06 1.89710895e-06 1.40134651e-06 1.47806586e-06
  9.73749223e-07 9.73570007e-07 1.04680967e-06 7.17823858e-07
  6.82395837e-07 6.21277254e-07 6.70449066e-07 5.18464265e-07
  5.16021038e-07 4.97457729e-07 3.59098641e-07 3.75848966e-07
  3.95546317e-07 3.80145203e-07 3.58591423e-07 3.05402088e-07
  2.37644153e-07 2.40743041e-07 2.94859472e-07 2.44692242e-07
  2.04463647e-07 2.77140607e-07 2.54288107e-07 2.54257686e-07
  2.37240779e-07 2.07809765e-07 1.98528987e-07 1.84966273e-07
  2.83114435e-07 1.95571057e-07 1.98028099e-07 1.81188287e-07
  2.04534143e-07 1.80727942e-07 1.81525590e-07 1.97983630e-07
  1.49995137e-07 1.55924565e-07 1.78315148e-07 1.51719293e-07
  1.36025140e-07 1.63720445e-07 1.56573968e-07 1.71488397e-07
  1.75384453e-07 1.65850089e-07]
 [3.32304658e-05 1.55049066e-05 7.84038732e-06 5.70233752e-06
  3.96652692e-06 2.65777151e-06 1.85253757e-06 1.17016550e-06
  1.16588434e-06 6.69437387e-07 5.72747599e-07 6.20351835e-07
  4.57484663e-07 4.37843732e-07 4.58371814e-07 3.40721420e-07
  3.22501215e-07 2.64166559e-07 2.76415314e-07 1.52595645e-07
  1.95675047e-07 1.55685142e-07 1.59993414e-07 1.35131716e-07
  1.31006796e-07 9.58930266e-08 9.14957465e-08 1.04070873e-07
  8.72837242e-08 6.23044362e-08 7.35252272e-08 7.51069804e-08
  4.95662149e-08 5.40826819e-08 5.40312359e-08 6.01885850e-08
  5.64042692e-08 4.12470616e-08 4.96744058e-08 3.91797724e-08
  3.43575277e-08 4.89053270e-08 4.05567122e-08 3.51365175e-08
  3.72193941e-08 2.84333106e-08 3.24706044e-08 3.07444037e-08
  2.88769462e-08 2.45223025e-08]
 [8.97799354e-05 5.23676924e-05 4.92687741e-05 2.97848798e-05
  1.98858952e-05 1.57013039e-05 9.01977632e-06 5.93073783e-06
  4.77337890e-06 3.72776918e-06 2.60268705e-06 1.80671233e-06
  2.42735336e-06 1.20301814e-06 1.35312904e-06 7.93201560e-07
  9.07820429e-07 5.69399683e-07 5.16454370e-07 4.91233286e-07
  4.74380874e-07 4.80258674e-07 4.19699204e-07 3.41555671e-07
  3.54243700e-07 2.40932597e-07 2.17072726e-07 1.73761291e-07
  1.85508680e-07 1.59735684e-07 1.34930255e-07 1.60006010e-07
  1.37645738e-07 1.57712379e-07 1.06513010e-07 1.31680233e-07
  8.51545663e-08 8.33019383e-08 7.95139566e-08 5.87457815e-08
  8.52262531e-08 6.24685803e-08 5.84529548e-08 5.74920616e-08
  8.20606141e-08 5.08771700e-08 4.58082002e-08 6.02377741e-08
  4.30089203e-08 4.97357779e-08]
 [1.43135689e-04 1.68028218e-04 1.29393836e-04 1.05071748e-04
  7.60797470e-05 4.99575149e-05 3.53457505e-05 2.75101944e-05
  2.45639070e-05 1.43784614e-05 1.34290965e-05 1.06706216e-05
  9.21117543e-06 9.99324035e-06 5.43145927e-06 5.03687721e-06
  2.99872058e-06 2.67165182e-06 2.07218942e-06 1.82700285e-06
  2.63231071e-06 1.26200403e-06 1.49491305e-06 7.98943754e-07
  8.31285039e-07 7.50146445e-07 1.03370028e-06 8.04689071e-07
  8.67276576e-07 4.17042546e-07 5.10230641e-07 7.18058028e-07
  4.57128657e-07 3.39463037e-07 4.02243904e-07 2.79675959e-07
  3.89965009e-07 2.64152449e-07 2.87907100e-07 2.49260403e-07
  2.90567111e-07 1.80824122e-07 2.11911783e-07 2.18653353e-07
  2.33400512e-07 1.53394001e-07 1.98396206e-07 1.58730861e-07
  1.60670566e-07 1.39557977e-07]
 [2.28656714e-04 2.46188011e-04 2.34633690e-04 2.04348473e-04
  1.77379205e-04 1.01892111e-04 1.28371138e-04 9.14765453e-05
  9.44598992e-05 7.66590521e-05 7.28051789e-05 5.66556751e-05
  4.48374280e-05 3.53400522e-05 4.85817237e-05 2.50229803e-05
  3.04721878e-05 1.86790065e-05 2.09776760e-05 1.88215611e-05
  1.79109769e-05 1.61265322e-05 1.05732791e-05 1.20839565e-05
  8.01286391e-06 7.45546943e-06 9.56060292e-06 6.43538687e-06
  7.13533848e-06 3.77137103e-06 5.51821076e-06 4.05277328e-06
  4.09701957e-06 3.88385724e-06 2.38377926e-06 1.79039012e-06
  2.46963318e-06 2.16794724e-06 2.20980798e-06 1.95700516e-06
  1.40292465e-06 2.40388288e-06 1.50671353e-06 1.20396007e-06
  1.36263433e-06 1.34368107e-06 8.03988177e-07 7.84480764e-07
  1.18600991e-06 9.85443144e-07]
 [3.43907223e-04 3.25475087e-04 3.15364085e-04 2.98302161e-04
  2.87974664e-04 2.50835711e-04 2.93282471e-04 2.05899103e-04
  2.34587642e-04 1.61878066e-04 1.61864919e-04 1.75441308e-04
  1.44036304e-04 1.32399370e-04 1.26574426e-04 1.49172279e-04
  1.22580321e-04 1.10346318e-04 1.11818549e-04 9.41709937e-05
  1.01065251e-04 9.46962184e-05 7.14539945e-05 7.45620272e-05
  7.44081771e-05 7.09264647e-05 9.35436439e-05 6.63105726e-05
  5.18151638e-05 5.53378969e-05 5.46775804e-05 5.09150701e-05
  5.18025395e-05 4.54581208e-05 5.59831825e-05 4.70966904e-05
  4.63042272e-05 5.24044427e-05 3.69448373e-05 3.74330942e-05
  3.16650237e-05 2.74585672e-05 2.88283471e-05 2.31107817e-05
  2.13866650e-05 2.81029549e-05 2.31619118e-05 2.55786693e-05
  2.33520211e-05 2.66439821e-05]
 [4.34220859e-04 4.53213304e-04 3.55918161e-04 3.74443910e-04
  3.16827842e-04 3.71106233e-04 2.60554069e-04 3.09794204e-04
  2.90538717e-04 2.70938302e-04 2.48302501e-04 2.26554525e-04
  2.16773310e-04 2.14526064e-04 2.13680993e-04 1.88257745e-04
  2.23272519e-04 2.23291512e-04 1.89065163e-04 2.04546672e-04
  1.51171901e-04 2.04693403e-04 1.80476708e-04 1.55958727e-04
  1.58212583e-04 1.47096467e-04 1.48760068e-04 1.47201400e-04
  1.33232960e-04 1.22142801e-04 1.38107910e-04 1.33690433e-04
  1.75810661e-04 1.54701940e-04 1.54732403e-04 1.44385987e-04
  1.27420278e-04 1.08135284e-04 1.16447831e-04 1.19502896e-04
  1.44162501e-04 1.12694915e-04 9.81873762e-05 1.31550911e-04
  1.14491087e-04 1.16098173e-04 1.05604103e-04 1.15571849e-04
  1.16301832e-04 1.11910197e-04]
 [3.85024657e-04 2.35790339e-04 1.84418912e-04 9.98228673e-05
  5.34417418e-05 3.59342960e-05 4.81688480e-05 1.75530682e-05
  2.38858421e-05 2.11546809e-05 1.90910790e-05 1.54602120e-05
  1.90055008e-05 1.86020832e-05 1.24918773e-05 1.58023760e-05
  1.21937255e-05 1.48217430e-05 1.68891212e-05 1.76872189e-05
  1.70592067e-05 1.35212750e-05 1.41066795e-05 1.43931076e-05
  1.80446889e-05 1.52466263e-05 1.66297529e-05 1.56765945e-05
  1.58401819e-05 1.57030863e-05 1.35038788e-05 1.62828069e-05
  1.50435683e-05 1.48591522e-05 1.83723235e-05 1.21542139e-05
  1.80747502e-05 1.26483565e-05 1.57907493e-05 1.41815658e-05
  1.35088691e-05 1.36365892e-05 1.28195681e-05 1.39233486e-05
  1.49611632e-05 1.48420208e-05 1.76939679e-05 1.36007284e-05
  1.54356488e-05 1.56687333e-05]
 [6.74199438e-05 2.34224939e-05 4.48263402e-06 3.18424703e-06
  2.78867731e-06 1.37754340e-06 1.57151719e-06 1.91835035e-06
  1.58211032e-06 1.50427704e-06 1.72766034e-06 6.47772989e-07
  8.27624429e-07 6.54950018e-07 5.70950293e-07 5.04576969e-07
  8.86198788e-07 6.14715124e-07 1.18714873e-06 7.24227137e-07
  1.00540622e-06 7.06576350e-07 8.59163227e-07 6.93027426e-07
  4.94083198e-07 5.16507966e-07 4.09944864e-07 9.80750580e-07
  4.97040004e-07 7.96906305e-07 5.86249370e-07 6.43126324e-07
  7.11413771e-07 1.05987330e-06 4.97265393e-07 5.48724009e-07
  4.34840716e-07 8.52150764e-07 8.35177220e-07 4.48456858e-07
  8.49511013e-07 6.42669488e-07 4.45873605e-07 6.05898772e-07
  4.99078269e-07 7.01219385e-07 7.85738069e-07 6.18065271e-07
  6.94222112e-07 1.03490033e-06]
 [9.03543412e-06 9.52016842e-07 5.55359450e-07 5.89428900e-07
  7.65111735e-07 6.02442411e-07 4.36068179e-07 7.69463648e-07
  5.19759887e-07 3.99681908e-07 6.02337508e-07 3.72586789e-07
  5.45113784e-07 9.89796529e-07 5.21726863e-07 4.40634264e-07
  5.66787122e-07 7.51903709e-07 6.34208356e-07 6.00639232e-07
  4.37955411e-07 5.47080964e-07 5.82262284e-07 5.27194054e-07
  4.37964840e-07 7.97030167e-07 5.36395057e-07 5.90512227e-07
  5.28804983e-07 5.85107386e-07 5.96298549e-07 4.84474111e-07
  4.74962593e-07 4.69066230e-07 6.72809050e-07 9.04933414e-07
  4.74736357e-07 5.41536077e-07 4.44341076e-07 3.59719677e-07
  3.90032175e-07 4.41451299e-07 5.44685402e-07 4.02560227e-07
  3.91900634e-07 7.45811083e-07 7.83919860e-07 6.31799244e-07
  4.74946914e-07 6.26580375e-07]]
