args:  Namespace(attack='pgd', gaussian=False, l2=0, ndim=10)
elapsed time: 37718.439658819
mins: [[9.29127622e-04 4.97604720e-04 2.51363323e-04 6.16054342e-04
  4.22851183e-04 4.51418484e-04 3.60089645e-04 2.62111949e-04
  4.83212178e-04 2.61014968e-04 3.29015107e-04 2.63096386e-04
  2.61206354e-04 4.85618832e-04 2.15137377e-04 4.71354550e-04
  1.97199726e-04 3.97721655e-04 4.14723123e-04 3.12381861e-04
  3.58168822e-04 3.16741120e-04 4.18703246e-04 2.70817050e-04
  3.07192618e-04 3.23704939e-04 2.82482099e-04 2.24709322e-04
  3.92059417e-04 2.99933454e-04]
 [1.85941427e-03 1.13517360e-03 6.63770013e-04 5.59038075e-04
  6.38119178e-04 6.05738896e-04 3.89464840e-04 2.90514465e-04
  5.13760839e-04 3.71839880e-04 3.33534175e-04 2.31855331e-04
  2.49102595e-04 3.06821545e-04 2.97413964e-04 2.06134282e-04
  2.02681782e-04 2.31691112e-04 2.58320768e-04 2.79965723e-04
  2.01113522e-04 1.45745842e-04 1.48416177e-04 1.07876789e-04
  1.51300788e-04 1.46877806e-04 1.73495820e-04 2.03113319e-04
  7.01548779e-05 1.18340788e-04]
 [2.26211715e-02 1.69144217e-02 1.15778698e-02 4.66352282e-03
  4.06687567e-03 2.53848522e-03 2.19502766e-03 1.62927492e-03
  1.15150167e-03 1.13617245e-03 8.21490830e-04 1.30325183e-03
  1.09186838e-03 6.31841947e-04 3.96399177e-04 7.86487246e-04
  6.40678802e-04 4.51013824e-04 3.55681550e-04 7.11689936e-04
  4.56979411e-04 3.39066697e-04 2.91418022e-04 6.29266200e-04
  3.67271015e-04 3.30353505e-04 2.45685718e-04 2.95500911e-04
  3.53315467e-04 1.11661793e-04]
 [2.92249862e-02 2.37397458e-02 2.60226838e-02 9.20079090e-03
  3.84690729e-03 9.11736581e-03 8.47340189e-03 9.91399307e-03
  2.22035148e-03 5.44042385e-04 4.40909574e-03 3.51069123e-03
  1.40921143e-03 1.80723413e-03 1.96014461e-03 1.85543776e-03
  1.42482738e-03 6.17615995e-04 1.25583576e-03 1.02920493e-03
  9.91601381e-04 8.09346559e-04 6.91606430e-04 5.57955704e-04
  1.22270186e-03 8.96863115e-04 6.59776095e-04 6.03560125e-04
  5.83050307e-04 7.41358148e-04]
 [4.68112566e-02 5.75441346e-02 6.23797402e-02 6.33869469e-02
  5.62502779e-02 5.76845445e-02 6.15498684e-02 5.45743182e-02
  5.95255271e-02 6.00569248e-02 5.99730201e-02 5.79800420e-02
  5.41084297e-02 5.85273318e-02 6.36915267e-02 6.21878356e-02
  5.88293970e-02 5.86232953e-02 6.19407073e-02 5.99093325e-02
  6.07513003e-02 6.04983047e-02 5.96398450e-02 5.68220913e-02
  5.57257049e-02 5.98087832e-02 6.20557107e-02 5.94273061e-02
  6.13736585e-02 5.92534058e-02]
 [7.56544545e-02 6.53769746e-02 7.23753273e-02 6.82552755e-02
  6.43192381e-02 7.58348852e-02 7.05598667e-02 7.37832785e-02
  7.50470981e-02 7.55777955e-02 7.35177100e-02 7.37921521e-02
  7.68286064e-02 7.59645924e-02 7.47409165e-02 7.46955425e-02
  7.76199177e-02 7.72027150e-02 7.57049322e-02 7.62202367e-02
  7.21239001e-02 7.57565871e-02 7.58324787e-02 7.61170685e-02
  7.62369037e-02 7.70468712e-02 7.63871595e-02 7.86216706e-02
  7.64676407e-02 7.77506828e-02]
 [7.23351538e-02 8.09945688e-02 8.55078995e-02 8.73749256e-02
  8.67438689e-02 8.01127851e-02 9.16914344e-02 8.54872018e-02
  9.32155028e-02 9.37181562e-02 8.05272684e-02 8.45711157e-02
  8.51933584e-02 9.43631753e-02 9.36365053e-02 9.50606540e-02
  9.50361043e-02 9.48981345e-02 9.42275077e-02 8.90462399e-02
  9.39395130e-02 9.42248031e-02 9.17972103e-02 9.40349400e-02
  9.46417600e-02 9.45757329e-02 9.39733386e-02 8.92623588e-02
  9.27538201e-02 8.80087093e-02]
 [8.22261795e-02 8.96152779e-02 9.00738686e-02 9.43503603e-02
  9.35489535e-02 9.50396359e-02 9.52481851e-02 9.51996148e-02
  9.52389166e-02 9.53422710e-02 9.59534645e-02 9.07884389e-02
  9.40129384e-02 9.49675664e-02 9.54731107e-02 9.47040617e-02
  9.46051627e-02 9.00414288e-02 9.39633101e-02 8.78981054e-02
  9.59881023e-02 9.56912637e-02 9.55129787e-02 9.48233381e-02
  9.59207714e-02 9.54556093e-02 9.42574963e-02 9.56510380e-02
  9.48648080e-02 9.41497386e-02]]
maxs: [[0.00649564 0.00656677 0.00602329 0.00525609 0.00592044 0.00548073
  0.00508394 0.00475406 0.00523756 0.00418903 0.00451439 0.00480019
  0.00405808 0.00354927 0.00418286 0.00401154 0.00472731 0.00385294
  0.00354578 0.00361449 0.00440103 0.00390094 0.00506679 0.00421706
  0.00366889 0.00348682 0.00327592 0.00318686 0.00329304 0.00421347]
 [0.03831156 0.03131593 0.02204648 0.01718982 0.01338492 0.01863322
  0.01198431 0.0070751  0.00814218 0.0083763  0.00776159 0.00793475
  0.0064308  0.00461753 0.00515795 0.00680384 0.00373969 0.00486234
  0.00466398 0.00363157 0.00332993 0.00477102 0.00373698 0.00519288
  0.00363621 0.0047402  0.00401495 0.00300366 0.00356185 0.00358355]
 [0.14427282 0.11607042 0.08560058 0.10192636 0.08120485 0.06587461
  0.05743275 0.06540111 0.06811785 0.06072557 0.05031919 0.0366289
  0.03663006 0.0385322  0.03029999 0.02770582 0.0332939  0.0364934
  0.03256388 0.02258039 0.02391909 0.02536427 0.0234204  0.0200614
  0.01670273 0.01506721 0.02072311 0.01887587 0.01469246 0.01222635]
 [0.15529583 0.15163589 0.15702659 0.15222055 0.13044319 0.1131774
  0.10936546 0.11025202 0.09841817 0.08393019 0.07884917 0.08421722
  0.07528923 0.07207302 0.07528858 0.06774742 0.07296108 0.05097953
  0.06285898 0.05502896 0.04339777 0.05044014 0.06751034 0.03870446
  0.0489165  0.04595169 0.03837812 0.04458907 0.02996421 0.03239143]
 [0.43313903 0.44351193 0.48566207 0.41591755 0.38075456 0.41877246
  0.43675682 0.391862   0.36331829 0.35325155 0.31083056 0.3409999
  0.36427659 0.30048123 0.30692634 0.31318831 0.29187834 0.2922923
  0.36770499 0.31021103 0.31867865 0.29097238 0.24839298 0.29018736
  0.23995987 0.26597291 0.19518702 0.24357347 0.16292754 0.25616902]
 [0.45831391 0.41858369 0.47955161 0.36733124 0.37276965 0.34002388
  0.34999585 0.28695804 0.24284105 0.30370146 0.17878027 0.21046475
  0.115818   0.172566   0.10052662 0.09871082 0.09947518 0.09936675
  0.09891872 0.10026165 0.10001657 0.09943457 0.09954233 0.0990135
  0.09920873 0.10043533 0.09904573 0.09914391 0.09952981 0.09960485]
 [0.37006041 0.34193134 0.31567928 0.10896029 0.10051507 0.1002233
  0.10040367 0.10026127 0.10068631 0.10018751 0.10065416 0.09995269
  0.09988937 0.09986368 0.09995415 0.10047416 0.1005119  0.10001172
  0.10040416 0.10090709 0.10047983 0.10054646 0.10044172 0.10047374
  0.10124786 0.09994268 0.09994847 0.10067235 0.10021327 0.10114229]
 [0.29568237 0.10691438 0.10124731 0.10130232 0.10121784 0.10081198
  0.10065568 0.10060297 0.10102871 0.10093781 0.10077794 0.10061078
  0.10211273 0.10061166 0.10058071 0.10082347 0.10070957 0.10103372
  0.10120729 0.10095824 0.10089921 0.10081359 0.10102535 0.10147776
  0.10077187 0.10080224 0.10134831 0.1012371  0.1009721  0.10084812]]
test_losses: [[0.00313031 0.00291535 0.00281133 0.00253076 0.00237357 0.00225523
  0.00221489 0.0020347  0.00197454 0.00199823 0.00191329 0.00187712
  0.00178862 0.00175735 0.00178081 0.00162766 0.00166344 0.00171625
  0.00171039 0.00165449 0.00162746 0.00165135 0.0016024  0.0016079
  0.001604   0.00157018 0.00149777 0.00152731 0.00156874 0.0015349 ]
 [0.01636444 0.00911234 0.0063334  0.00496681 0.00424727 0.003857
  0.00327337 0.00286593 0.00263911 0.00234617 0.00233384 0.0022243
  0.00188492 0.00185177 0.00167944 0.0016397  0.00147557 0.00143008
  0.00142947 0.00126526 0.00120788 0.00116011 0.00114043 0.00114385
  0.00106989 0.00101025 0.00095394 0.00089233 0.0008765  0.00091319]
 [0.06541536 0.05456132 0.04338063 0.0390014  0.03117482 0.02758771
  0.02284338 0.02040388 0.01683793 0.01507669 0.01381604 0.01193354
  0.01060577 0.0092709  0.00826527 0.0076908  0.00686507 0.00612837
  0.00536463 0.00512177 0.00488681 0.00410248 0.00402792 0.00398773
  0.003726   0.00312097 0.00332721 0.00298827 0.00280709 0.00283094]
 [0.0868453  0.08089539 0.07364348 0.06695969 0.05605862 0.04957446
  0.0478961  0.04280972 0.03809929 0.03568378 0.03254672 0.02920514
  0.02796917 0.02583899 0.02250365 0.02167744 0.02007634 0.01873602
  0.017548   0.0155607  0.01516635 0.01392896 0.01302265 0.01173884
  0.01206706 0.01092625 0.01035003 0.00886365 0.00884738 0.00867564]
 [0.16946802 0.17806799 0.16802474 0.1566166  0.14252436 0.13618701
  0.13296544 0.12788802 0.11415857 0.10724214 0.107254   0.1020537
  0.10367683 0.09675827 0.0969294  0.09474624 0.09813594 0.09115015
  0.09083876 0.08897825 0.09078649 0.08883895 0.0887499  0.08798534
  0.08784186 0.08655252 0.08466766 0.08566569 0.08598238 0.08585634]
 [0.18163996 0.15274297 0.1293256  0.11974441 0.11174394 0.10014512
  0.09722735 0.09690679 0.09554983 0.09566497 0.09442512 0.09557571
  0.0947528  0.09497805 0.09494677 0.09516182 0.09514635 0.0950936
  0.09504953 0.09530516 0.09503995 0.09520368 0.09521461 0.09514375
  0.09548916 0.09545504 0.09533018 0.09562863 0.09550911 0.09558323]
 [0.12717074 0.10322765 0.09816497 0.0974694  0.09729887 0.09723399
  0.09744787 0.09747287 0.09756668 0.09756036 0.09754236 0.09740912
  0.09749246 0.09761348 0.09752093 0.09764083 0.09759905 0.0976363
  0.09760606 0.09766673 0.097605   0.09751309 0.09760445 0.09754339
  0.09766877 0.0976126  0.09754841 0.09763296 0.09759496 0.09757623]
 [0.1014992  0.09810623 0.09808559 0.09818119 0.09829225 0.09827182
  0.09820497 0.09834911 0.09831464 0.09828129 0.09836509 0.09824927
  0.09828569 0.09829335 0.0983442  0.09823007 0.09827763 0.09833782
  0.09822233 0.09824693 0.09821735 0.09834847 0.09831653 0.09819487
  0.09820718 0.0982931  0.0982449  0.09817648 0.09825597 0.09830539]]
