args:  Namespace(attack='opt', gaussian=False, l2=0.1, ndim=1)
test_losses: [[4.27741131e-04 1.76239672e-04 1.12695158e-04 7.56292933e-05
  6.49318489e-05 5.55377298e-05 4.44088366e-05 4.49929501e-05
  3.60166477e-05 3.13758799e-05 2.99785462e-05 2.91430107e-05
  2.35930294e-05 2.62338734e-05 2.13758371e-05 2.43654012e-05
  2.23052475e-05 1.82235569e-05 2.04375062e-05 2.27909192e-05
  1.81386273e-05 1.72586779e-05 1.76484723e-05 1.53080451e-05
  1.60700285e-05 1.95466677e-05 1.68765181e-05 1.54394682e-05
  1.39934129e-05 1.55123185e-05 1.37035740e-05 1.57535801e-05
  1.35375317e-05 1.36246183e-05 1.29635549e-05 1.65574030e-05
  1.41424102e-05 1.41704823e-05 1.21100177e-05 1.22035114e-05
  1.20380933e-05 1.18036108e-05 1.01224676e-05 1.20767975e-05
  1.10553401e-05 1.14992540e-05 1.29041190e-05 8.97192830e-06
  1.09006977e-05 1.02908002e-05]
 [5.14076790e-04 1.75880132e-04 8.66218416e-05 7.28524246e-05
  6.47015440e-05 6.51728780e-05 4.95257558e-05 4.59998657e-05
  4.45047016e-05 4.55776664e-05 3.32915683e-05 3.64516519e-05
  3.66764459e-05 2.90767347e-05 2.67723591e-05 2.57757719e-05
  2.68736678e-05 2.51578825e-05 2.53009493e-05 2.30712209e-05
  2.34408029e-05 1.97567362e-05 2.36954890e-05 2.08039966e-05
  2.37684131e-05 1.93107867e-05 2.01573346e-05 1.81416834e-05
  1.81591369e-05 1.69711238e-05 1.99751992e-05 1.80316247e-05
  1.91320607e-05 2.08159316e-05 2.00892059e-05 1.75188108e-05
  1.84153493e-05 1.81318871e-05 1.59324994e-05 1.47590039e-05
  1.53153523e-05 1.61192328e-05 1.78854570e-05 1.53588152e-05
  1.96923932e-05 1.73516387e-05 1.66443359e-05 1.72404345e-05
  1.61197043e-05 1.71962226e-05]
 [4.98764465e-04 2.83855654e-04 1.85149664e-04 9.89596272e-05
  1.11053900e-04 9.54976103e-05 8.03074592e-05 7.43448802e-05
  6.94486889e-05 6.41473629e-05 5.43541316e-05 5.70257979e-05
  5.58347307e-05 6.12346200e-05 5.60522561e-05 5.13380141e-05
  5.07905570e-05 4.90381641e-05 4.74286473e-05 4.41679253e-05
  4.84008476e-05 5.19409324e-05 3.91901677e-05 4.53158276e-05
  3.82341204e-05 5.16273590e-05 4.14095602e-05 4.57435587e-05
  4.49495317e-05 3.95166901e-05 4.46752044e-05 4.33244810e-05
  4.30654685e-05 4.35827876e-05 3.98183435e-05 3.64447564e-05
  3.73884259e-05 3.76777012e-05 3.38667818e-05 4.20503704e-05
  3.77538493e-05 4.06746960e-05 3.93945597e-05 3.81433317e-05
  3.91110050e-05 3.87449049e-05 3.99377765e-05 3.47529403e-05
  3.63463087e-05 3.65576496e-05]
 [1.08542307e-03 4.80166788e-04 2.24483529e-04 2.04065328e-04
  2.00771026e-04 1.56337932e-04 1.49548466e-04 1.42831669e-04
  1.39347014e-04 1.12537213e-04 1.03447870e-04 1.06657333e-04
  1.16615641e-04 9.88370062e-05 9.96507049e-05 1.03863390e-04
  1.13386865e-04 9.97738113e-05 9.65104601e-05 1.08382147e-04
  9.05204390e-05 1.04052053e-04 1.02792981e-04 9.89888206e-05
  9.95699897e-05 9.48872550e-05 9.09250203e-05 9.15104889e-05
  9.14283847e-05 8.50146472e-05 9.01078952e-05 9.08684524e-05
  8.45795378e-05 8.76473813e-05 9.62561905e-05 8.38029346e-05
  8.48016593e-05 9.13673903e-05 9.50765758e-05 9.05506992e-05
  8.45105100e-05 8.77858140e-05 8.19961731e-05 9.46277771e-05
  8.39744596e-05 8.27653318e-05 8.41617409e-05 8.42686857e-05
  8.26406448e-05 8.48834955e-05]
 [2.25474663e-03 1.21469952e-03 6.51221382e-04 3.60653665e-04
  3.73126759e-04 3.25150787e-04 2.70592297e-04 3.29668642e-04
  2.85050424e-04 2.48143379e-04 2.53897661e-04 2.56075617e-04
  2.21165438e-04 2.32401357e-04 2.22645032e-04 2.13121719e-04
  2.34553152e-04 2.09584609e-04 1.99356672e-04 1.98999401e-04
  1.93747726e-04 2.26367805e-04 2.11982608e-04 1.93879624e-04
  1.82146058e-04 1.82662215e-04 1.91398039e-04 2.01903908e-04
  1.85170925e-04 1.83496979e-04 1.90704779e-04 1.93062606e-04
  1.74476447e-04 2.03110491e-04 2.03577201e-04 1.92815570e-04
  1.99284953e-04 1.88750988e-04 1.90863325e-04 1.87157123e-04
  1.85274489e-04 1.81744992e-04 1.91438865e-04 1.82444030e-04
  1.77217285e-04 1.91859267e-04 1.95888287e-04 1.85303896e-04
  1.78542576e-04 1.79549253e-04]
 [3.96617501e-03 2.50770117e-03 1.93262987e-03 1.27731614e-03
  1.21967624e-03 9.69196946e-04 9.79973466e-04 9.33978758e-04
  7.82705744e-04 8.52494825e-04 6.87443284e-04 6.25300146e-04
  6.10262961e-04 5.19840989e-04 5.09029204e-04 5.12895653e-04
  5.06868762e-04 5.26582375e-04 5.31179423e-04 4.89480183e-04
  4.24923988e-04 4.51068646e-04 4.72612943e-04 4.66185521e-04
  4.24312590e-04 4.26558853e-04 4.59876489e-04 4.50895109e-04
  4.68113113e-04 4.59550506e-04 4.33364318e-04 4.29303794e-04
  4.34264812e-04 4.19416934e-04 3.78731129e-04 4.29918789e-04
  4.46748759e-04 4.18755733e-04 4.17770568e-04 4.17982135e-04
  4.13807827e-04 4.21716249e-04 4.01761480e-04 4.10397419e-04
  4.30478026e-04 3.81020647e-04 4.18641001e-04 4.00432406e-04
  4.24359338e-04 4.09981235e-04]
 [5.53833939e-03 4.16236246e-03 4.11440162e-03 3.73534414e-03
  3.84060514e-03 3.45885226e-03 3.23065741e-03 3.39732760e-03
  3.27206205e-03 2.92600832e-03 2.74961353e-03 3.09992532e-03
  2.56153415e-03 2.63690752e-03 2.70907212e-03 2.33419710e-03
  2.47125156e-03 2.36090212e-03 2.34333370e-03 2.41021481e-03
  2.61994327e-03 2.17763512e-03 1.91522443e-03 2.25095276e-03
  2.22381708e-03 1.95093459e-03 2.22805638e-03 1.80990008e-03
  2.03197961e-03 1.69009163e-03 1.92037196e-03 1.66413707e-03
  1.86197511e-03 1.82602691e-03 1.77103093e-03 1.71554478e-03
  1.78620728e-03 1.75420827e-03 1.84392615e-03 1.99432376e-03
  2.00218126e-03 1.58095234e-03 1.85063698e-03 1.83343139e-03
  1.71668849e-03 1.57793859e-03 1.76119299e-03 1.54194386e-03
  1.68440656e-03 1.63118054e-03]
 [7.76491536e-03 8.20152777e-03 8.60416031e-03 8.55593934e-03
  8.65036513e-03 8.50668569e-03 8.84813587e-03 9.05175212e-03
  8.84661655e-03 8.82540852e-03 8.83230076e-03 8.99701350e-03
  9.11545577e-03 9.06240416e-03 8.92691909e-03 9.12530802e-03
  9.18799546e-03 9.11272692e-03 9.14844692e-03 9.05337028e-03
  9.31841093e-03 9.08948054e-03 9.06912668e-03 9.30222079e-03
  9.05472800e-03 9.25293492e-03 9.13553178e-03 9.28657343e-03
  9.30307628e-03 9.05711091e-03 9.34738864e-03 9.18364497e-03
  9.14744956e-03 9.27715337e-03 9.12740457e-03 9.38308338e-03
  9.18926996e-03 9.33444443e-03 9.26846759e-03 9.21132377e-03
  9.16864784e-03 9.27127469e-03 9.41465341e-03 9.28326151e-03
  9.22085850e-03 9.15021581e-03 9.25015015e-03 9.20093505e-03
  9.21885759e-03 9.17319406e-03]
 [9.01853459e-03 9.43453930e-03 9.45999683e-03 9.57861281e-03
  9.49532217e-03 9.43611582e-03 9.47383213e-03 9.54186259e-03
  9.50342411e-03 9.58154298e-03 9.53263605e-03 9.47935129e-03
  9.46146172e-03 9.56386337e-03 9.52715333e-03 9.54314265e-03
  9.54216799e-03 9.53729349e-03 9.51944642e-03 9.44959523e-03
  9.56355241e-03 9.56127899e-03 9.52177508e-03 9.58606926e-03
  9.59802121e-03 9.52570834e-03 9.58828218e-03 9.50817025e-03
  9.58052421e-03 9.59434947e-03 9.54291485e-03 9.61980900e-03
  9.46042083e-03 9.56200873e-03 9.59601229e-03 9.57006012e-03
  9.37624071e-03 9.47995603e-03 9.42671461e-03 9.46257374e-03
  9.45637187e-03 9.55369820e-03 9.53393517e-03 9.48660369e-03
  9.48397485e-03 9.35646102e-03 9.39116647e-03 9.52286570e-03
  9.51011785e-03 9.51890610e-03]
 [9.69257030e-03 9.62871316e-03 9.78791328e-03 9.76303912e-03
  9.70601468e-03 9.71096877e-03 9.62711290e-03 9.77963897e-03
  9.72084280e-03 9.78757687e-03 9.71944332e-03 9.72921377e-03
  9.70635415e-03 9.72226016e-03 9.68563965e-03 9.74510231e-03
  9.71077795e-03 9.65861973e-03 9.74918939e-03 9.70343253e-03
  9.71371186e-03 9.72879805e-03 9.75066200e-03 9.69149352e-03
  9.70284233e-03 9.76748679e-03 9.64940489e-03 9.81500359e-03
  9.81216896e-03 9.86568589e-03 9.82372002e-03 9.68721083e-03
  9.71453350e-03 9.73156617e-03 9.76915918e-03 9.71738412e-03
  9.74225423e-03 9.76591629e-03 9.80166696e-03 9.80831524e-03
  9.72988455e-03 9.83343993e-03 9.76664177e-03 9.73896819e-03
  9.70826692e-03 9.78269332e-03 9.71522204e-03 9.71876823e-03
  9.72742395e-03 9.63103774e-03]]
variance: [[8.25623773e-07 1.00887298e-07 3.73266874e-08 1.25424482e-08
  9.24978569e-09 6.17636677e-09 4.10591735e-09 5.30384778e-09
  1.89020792e-09 1.92185227e-09 2.32282235e-09 2.08766010e-09
  1.00959911e-09 1.36476425e-09 1.06162608e-09 1.31680626e-09
  1.23299757e-09 5.31124896e-10 1.13300007e-09 1.21836593e-09
  7.22053181e-10 6.93566564e-10 7.62319529e-10 5.82200014e-10
  5.56267276e-10 8.92769918e-10 7.26937159e-10 7.01514312e-10
  4.85106698e-10 5.64045490e-10 4.60306954e-10 4.67587564e-10
  5.39225453e-10 4.45391582e-10 3.02261038e-10 6.59261399e-10
  7.30487306e-10 4.54306638e-10 4.42908087e-10 3.15940723e-10
  4.52499059e-10 3.14875045e-10 3.29482099e-10 3.57308913e-10
  3.35690829e-10 3.98876243e-10 4.94970621e-10 2.47639583e-10
  3.09090285e-10 3.48724022e-10]
 [1.32038387e-06 9.88211266e-08 2.03854565e-08 1.02341100e-08
  9.88392660e-09 6.55246965e-09 5.65311032e-09 3.86488604e-09
  4.80474586e-09 4.47807188e-09 1.92212567e-09 2.89584780e-09
  2.38486412e-09 1.42619458e-09 1.30000547e-09 1.17945580e-09
  1.46681409e-09 1.33636838e-09 1.65536049e-09 8.95885311e-10
  9.35856417e-10 7.38270175e-10 9.77627463e-10 6.41264181e-10
  8.88509046e-10 7.30564521e-10 6.74356588e-10 5.93069096e-10
  6.36613034e-10 6.11253610e-10 7.07520873e-10 5.53677342e-10
  5.33988973e-10 5.68218012e-10 7.08018526e-10 5.38953199e-10
  6.29401012e-10 5.02706205e-10 4.10296175e-10 3.48253784e-10
  4.13017178e-10 4.62258372e-10 4.45501596e-10 3.46222177e-10
  5.27781844e-10 5.61105546e-10 5.02463586e-10 4.44364220e-10
  3.80818664e-10 4.36895904e-10]
 [1.37015862e-06 5.60943120e-07 1.13360213e-07 2.19346468e-08
  5.38089852e-08 2.07211577e-08 1.16354522e-08 9.25477485e-09
  1.00907742e-08 7.69190374e-09 4.46562616e-09 5.06805850e-09
  4.70626668e-09 4.70277647e-09 4.51476887e-09 3.99467919e-09
  3.32767729e-09 4.21340313e-09 3.24030494e-09 2.52811961e-09
  3.08278475e-09 4.15962776e-09 1.99893019e-09 3.22121343e-09
  1.80304383e-09 2.99567281e-09 2.06372273e-09 2.13782908e-09
  2.48931677e-09 1.46348540e-09 2.58036180e-09 2.16225414e-09
  1.89984347e-09 1.95382213e-09 1.77455589e-09 1.24556459e-09
  1.20487174e-09 1.61196178e-09 1.37639214e-09 1.78152529e-09
  1.79942007e-09 1.58613096e-09 1.93296845e-09 1.88639382e-09
  1.19918530e-09 1.60657607e-09 1.42894038e-09 1.14872190e-09
  1.22671447e-09 1.35155223e-09]
 [6.07873090e-06 1.42373427e-06 1.49734066e-07 2.91174593e-07
  1.01822810e-07 4.77831019e-08 4.06187565e-08 3.60417223e-08
  3.38021934e-08 1.85884336e-08 1.48708097e-08 1.54653533e-08
  1.67345094e-08 1.26980579e-08 1.12618846e-08 1.23741592e-08
  1.30547486e-08 1.06703336e-08 1.02123187e-08 1.17958077e-08
  7.07991269e-09 9.53503571e-09 7.79856121e-09 8.20799564e-09
  7.11375619e-09 7.69491633e-09 6.47721236e-09 5.18565278e-09
  5.40320335e-09 5.04339593e-09 6.91588021e-09 5.71559195e-09
  4.73072976e-09 4.56814905e-09 6.46452970e-09 4.26986762e-09
  4.19752716e-09 4.03085050e-09 4.68665980e-09 4.31250085e-09
  3.87504187e-09 4.26758153e-09 4.46725782e-09 5.81672656e-09
  3.75138362e-09 3.46926344e-09 3.81749051e-09 4.43732614e-09
  3.59199619e-09 3.71517826e-09]
 [1.31869364e-05 6.36745755e-06 2.63741612e-06 7.34780303e-07
  9.81145894e-07 3.90432225e-07 1.39058167e-07 3.50510563e-07
  3.53550246e-07 5.27209646e-08 1.71334437e-07 1.30476944e-07
  6.39161218e-08 4.41001221e-08 5.91930423e-08 3.52150621e-08
  3.70845718e-08 3.95558148e-08 3.00344136e-08 2.93870446e-08
  2.59260031e-08 3.00471330e-08 2.66314909e-08 1.79981249e-08
  1.81253040e-08 1.67398045e-08 1.92261363e-08 2.66637237e-08
  1.96928030e-08 1.79653725e-08 1.79417546e-08 1.43208017e-08
  1.48480895e-08 1.99689314e-08 1.64729854e-08 1.40455798e-08
  1.37348889e-08 1.46064531e-08 1.29491245e-08 1.44537963e-08
  1.25901939e-08 1.07604471e-08 1.24303188e-08 1.23866411e-08
  1.01846663e-08 1.32996786e-08 1.16527167e-08 1.01743074e-08
  1.02261326e-08 1.06192443e-08]
 [1.89006831e-05 1.37406769e-05 1.06780630e-05 6.05137181e-06
  5.94760325e-06 3.63416532e-06 3.89979220e-06 3.02120887e-06
  2.33117317e-06 2.94199879e-06 1.25638619e-06 1.15544158e-06
  7.53221603e-07 5.19887225e-07 5.17823978e-07 4.85564740e-07
  2.09395862e-07 3.55032462e-07 5.90730932e-07 5.24907466e-07
  1.21599870e-07 1.95648277e-07 1.53221311e-07 1.26823054e-07
  8.50903762e-08 1.02416725e-07 1.07336962e-07 1.09750881e-07
  1.18421030e-07 9.53892826e-08 9.60471993e-08 7.81425605e-08
  7.71038912e-08 6.75285765e-08 6.03658893e-08 7.62859002e-08
  6.59655076e-08 1.25514426e-07 8.61191578e-08 6.24879668e-08
  4.46009862e-08 6.00861892e-08 4.41997936e-08 4.57006147e-08
  4.79169239e-08 3.32803442e-08 5.18648966e-08 4.78109074e-08
  5.58956312e-08 4.38018039e-08]
 [1.89268411e-05 1.83570921e-05 1.85850849e-05 1.64410315e-05
  1.62887735e-05 1.49110150e-05 1.33320644e-05 1.41189562e-05
  1.30807075e-05 1.17892327e-05 1.08406855e-05 1.06468368e-05
  9.54837858e-06 9.55355306e-06 1.01274987e-05 7.64526701e-06
  8.27011496e-06 7.88929690e-06 7.91269849e-06 7.57656887e-06
  8.76590576e-06 6.26682155e-06 5.16047964e-06 6.74610763e-06
  7.10890705e-06 4.98939429e-06 6.25569431e-06 4.19056244e-06
  5.42957981e-06 3.82951735e-06 4.84724426e-06 3.43392383e-06
  4.05167016e-06 4.05139971e-06 3.80613497e-06 2.58909873e-06
  2.91709014e-06 2.99186358e-06 3.35013679e-06 4.43507237e-06
  4.75560894e-06 2.38836792e-06 3.45385284e-06 3.56655584e-06
  3.27089351e-06 2.39755398e-06 2.94789994e-06 2.14449593e-06
  2.80061521e-06 2.63604369e-06]
 [1.33304289e-05 9.55266925e-06 7.57792626e-06 6.92480291e-06
  5.74051836e-06 6.34373292e-06 4.57097142e-06 3.23532037e-06
  4.28218516e-06 3.66847500e-06 3.82095176e-06 2.36467978e-06
  3.02111313e-06 2.74458963e-06 2.35444983e-06 2.07578430e-06
  2.25602950e-06 2.17619541e-06 2.10101635e-06 2.12976903e-06
  2.14388049e-06 2.11819315e-06 1.92285017e-06 1.75142849e-06
  1.94373339e-06 1.77625963e-06 1.81479793e-06 1.93273815e-06
  1.91937677e-06 1.91007235e-06 1.84331323e-06 1.90111200e-06
  1.90467830e-06 2.13835348e-06 1.79101360e-06 1.90795041e-06
  1.86048580e-06 1.85994333e-06 2.03929314e-06 1.85599268e-06
  1.91806772e-06 1.92903781e-06 1.87122647e-06 1.88888883e-06
  1.88202175e-06 1.86975974e-06 1.92963147e-06 1.81998092e-06
  1.98237513e-06 1.87448878e-06]
 [5.07987055e-06 2.53127123e-06 1.49524637e-06 1.29207333e-06
  1.59509206e-06 1.43380702e-06 1.35836861e-06 1.31960522e-06
  1.23225944e-06 1.09998319e-06 1.22295266e-06 1.26020447e-06
  1.34187830e-06 1.14471156e-06 1.20653474e-06 1.24696309e-06
  1.19042992e-06 1.31060659e-06 1.05408393e-06 1.41994307e-06
  1.25204604e-06 1.14197311e-06 1.35398036e-06 1.16393542e-06
  1.18904084e-06 1.25701633e-06 1.11204064e-06 1.16970723e-06
  1.21762666e-06 1.23827917e-06 1.21863168e-06 1.25021476e-06
  1.38060904e-06 1.12829273e-06 1.11572352e-06 1.34940390e-06
  1.14681841e-06 1.16036566e-06 1.26912238e-06 1.33581002e-06
  1.29159605e-06 1.03729322e-06 1.25266778e-06 1.28917021e-06
  1.20950216e-06 1.25234423e-06 1.43853520e-06 1.26347024e-06
  1.30855818e-06 1.06221304e-06]
 [9.75496745e-07 1.18360297e-06 7.54192130e-07 8.14874593e-07
  9.10724602e-07 8.76470581e-07 1.02199545e-06 7.14637362e-07
  7.09231196e-07 8.90558011e-07 7.97074330e-07 7.64658081e-07
  9.57154098e-07 8.67985626e-07 9.13237682e-07 7.72103281e-07
  7.98358290e-07 9.66583590e-07 8.85902460e-07 7.88344462e-07
  1.00467716e-06 8.96782515e-07 9.55713044e-07 9.53073225e-07
  7.71564441e-07 8.10879099e-07 9.71836622e-07 8.04239176e-07
  8.53431101e-07 9.77436348e-07 9.99228806e-07 8.31073763e-07
  8.23526503e-07 8.07598311e-07 8.45687360e-07 9.13178147e-07
  7.27016546e-07 9.78310810e-07 9.16906513e-07 7.73492416e-07
  9.36076531e-07 7.98008029e-07 9.31027745e-07 8.91609383e-07
  8.77254756e-07 8.10604718e-07 8.77639166e-07 8.81106801e-07
  8.89528316e-07 8.58322677e-07]]
