args:  Namespace(attack='fgm', gaussian=True, l2=0, ndim=2)
elapsed time: 7459.608594693999
test_losses: [[0.05166014 0.15395686 0.04188504 0.01740658 0.01233601 0.00555699
  0.00443274 0.00345297 0.00300971 0.003088   0.00233204 0.00237578
  0.00208405 0.00183814 0.00175533 0.00145665 0.00129948 0.00150191
  0.00137056 0.00114863 0.00104736 0.00101117 0.00108662 0.00109196
  0.00095933 0.00087337 0.00086703 0.00084574 0.00070103 0.00075523]
 [0.02914455 0.0954391  0.0191151  0.01444782 0.00824928 0.0056337
  0.0051653  0.00421325 0.00326551 0.00297535 0.00278187 0.00236779
  0.0020473  0.00179484 0.00158542 0.00137869 0.00148115 0.00129844
  0.00121934 0.00118658 0.00112232 0.00099723 0.00101888 0.0008972
  0.00087592 0.00087518 0.00086925 0.00082563 0.00070304 0.00070988]
 [0.0290248  0.05202595 0.02247205 0.01113836 0.00707755 0.00518565
  0.00427154 0.00368305 0.00342447 0.00255394 0.00251751 0.00239005
  0.0019622  0.00174671 0.00159981 0.00143744 0.00127353 0.00135746
  0.00126538 0.00114467 0.00112427 0.00097959 0.00115238 0.00086228
  0.00094735 0.00082351 0.00097327 0.00073249 0.00072053 0.00074425]
 [0.02376571 0.03445918 0.01693125 0.01042065 0.0066032  0.00506744
  0.00401189 0.00360991 0.00351733 0.00253928 0.00249146 0.00199896
  0.00201422 0.00152656 0.00170429 0.00137266 0.00160677 0.00130623
  0.00134543 0.00111506 0.00125342 0.00099068 0.00088743 0.00096721
  0.00079264 0.00079032 0.00090301 0.00074279 0.00077366 0.00068072]
 [0.01774798 0.02668976 0.01281984 0.00785882 0.00672141 0.00577692
  0.00431356 0.0043047  0.00341524 0.00293651 0.00231708 0.00221906
  0.0018674  0.00174177 0.00174336 0.00163656 0.0014554  0.0014099
  0.00132541 0.00113598 0.00110778 0.00096043 0.0010664  0.00093808
  0.00085267 0.0008802  0.00082599 0.00079345 0.00088074 0.0007215 ]
 [0.01795854 0.01762228 0.01214851 0.00862197 0.00560103 0.00481612
  0.00465808 0.0035775  0.00311005 0.00261193 0.00233484 0.00224279
  0.00198862 0.00184987 0.0018145  0.00156873 0.00151658 0.00131146
  0.00134598 0.00129837 0.00112833 0.00107562 0.00096315 0.00108613
  0.00105067 0.00085564 0.00081766 0.00082757 0.00083177 0.00071742]
 [0.01657775 0.01600515 0.01094189 0.00720982 0.00634809 0.00471341
  0.00422771 0.00327393 0.00300638 0.00273708 0.00239281 0.00242225
  0.00217184 0.00176273 0.00180649 0.00158754 0.00164799 0.00142047
  0.00120436 0.00122832 0.00121965 0.00115143 0.00101763 0.00104631
  0.00098817 0.00097591 0.00110374 0.00086362 0.00080834 0.00071223]
 [0.0174793  0.01529833 0.01151531 0.0073557  0.00637958 0.00521337
  0.0043456  0.00360374 0.00300498 0.00256047 0.00268207 0.00230516
  0.00223634 0.00205494 0.00178922 0.00159842 0.00151414 0.00134561
  0.00128443 0.00126829 0.00127633 0.00107372 0.0010665  0.00102065
  0.0010612  0.00092753 0.00098849 0.0008013  0.00089047 0.00086788]
 [0.01620091 0.01401397 0.01050628 0.00746626 0.00683989 0.00537119
  0.00481283 0.0039058  0.00332192 0.00309341 0.00248912 0.00241585
  0.0020255  0.00205934 0.00184701 0.00160775 0.00149549 0.00146222
  0.00148439 0.00125882 0.00116241 0.00120213 0.00110893 0.00105388
  0.00107007 0.00097215 0.00086916 0.00092665 0.0009575  0.00092123]
 [0.01630168 0.01363195 0.00930857 0.00780466 0.00667189 0.005299
  0.00460912 0.00384468 0.00350665 0.00283347 0.00284994 0.00225364
  0.00234924 0.00218303 0.00184855 0.00168163 0.00144604 0.0015528
  0.00164102 0.00138599 0.00124338 0.00136859 0.00113155 0.00108968
  0.00113494 0.00105613 0.00097674 0.0010649  0.00083393 0.00096464]
 [0.01545535 0.01253807 0.00989892 0.00801705 0.00601243 0.0053446
  0.00532047 0.00469386 0.00355141 0.0033822  0.00293763 0.0025505
  0.00238265 0.0021665  0.00199188 0.00198372 0.00202383 0.00162459
  0.00162821 0.00155136 0.00153099 0.00124741 0.00141466 0.00138168
  0.00117991 0.00115957 0.00106217 0.00097456 0.00098834 0.00096086]
 [0.0165255  0.01332778 0.01117031 0.01031236 0.0082414  0.00761772
  0.0063019  0.00558756 0.00514688 0.00465693 0.00392907 0.00392335
  0.00372133 0.00291987 0.00268331 0.0024295  0.00238562 0.00202408
  0.00220674 0.00208688 0.00194564 0.00194533 0.00161327 0.00164146
  0.00169245 0.00140363 0.00128468 0.00131459 0.00120758 0.00115868]
 [0.01683783 0.01467882 0.01366434 0.01152106 0.01000381 0.01025535
  0.00832919 0.00793572 0.00770331 0.00662646 0.0056555  0.00504506
  0.00557724 0.00436079 0.00420815 0.00397157 0.00343163 0.00335807
  0.00340312 0.00301327 0.00297391 0.00272899 0.0025586  0.00244822
  0.00221447 0.00205325 0.0021059  0.00183073 0.00185179 0.001685  ]
 [0.01805594 0.01617554 0.01573416 0.01407933 0.01296941 0.01172947
  0.01158491 0.01037713 0.00954457 0.00851009 0.00781904 0.00775815
  0.00635931 0.00677949 0.00629205 0.00525669 0.00537352 0.00510953
  0.00516404 0.00418801 0.00369358 0.00399541 0.00401781 0.00303977
  0.00319085 0.00302719 0.00302676 0.00287706 0.00263546 0.00243213]
 [0.01901618 0.01761126 0.01647859 0.0155841  0.01440892 0.01331749
  0.01288714 0.01223981 0.0115348  0.01059602 0.01020024 0.00965765
  0.00990173 0.00851708 0.00854416 0.00770687 0.00722508 0.00680729
  0.00678577 0.00595419 0.00597254 0.00545528 0.00540989 0.00463074
  0.00468798 0.00440155 0.00410181 0.00424965 0.00368857 0.00385185]]
variance: [[3.05007308e-02 1.79703652e-01 6.96567171e-03 2.40639818e-03
  2.20793445e-03 4.62280580e-05 3.05512360e-05 1.97719714e-05
  1.20770588e-05 1.51520934e-05 7.45218661e-06 1.48686478e-05
  5.65931606e-06 4.07845995e-06 4.72948437e-06 3.60330422e-06
  1.76787108e-06 3.62877821e-06 3.00570878e-06 1.28400327e-06
  1.71139008e-06 1.20994242e-06 1.09146866e-06 1.89160971e-06
  9.59552944e-07 8.66624199e-07 1.01465949e-06 9.08801941e-07
  5.68645331e-07 6.07495699e-07]
 [3.55068566e-03 8.12629297e-02 1.40279843e-03 1.18269858e-03
  1.53172300e-04 5.47785838e-05 8.80083620e-05 4.45956432e-05
  1.99000497e-05 2.25109501e-05 1.17632212e-05 1.62452834e-05
  4.49499656e-06 3.96561018e-06 4.31069176e-06 2.64792911e-06
  2.12699016e-06 2.90791323e-06 1.63659923e-06 1.65680003e-06
  1.72249504e-06 1.19811861e-06 1.38056911e-06 8.70075703e-07
  1.20984446e-06 6.35107591e-07 7.56347122e-07 6.52690840e-07
  5.04754652e-07 5.68648307e-07]
 [4.22946092e-03 1.20976561e-02 2.53063981e-03 2.74493511e-04
  7.71076457e-05 4.73954566e-05 2.52084419e-05 2.26461174e-05
  1.87941840e-05 1.19701409e-05 8.93720000e-06 1.13381711e-05
  6.49206154e-06 4.16524091e-06 3.16886190e-06 2.19713179e-06
  1.83105997e-06 2.08726269e-06 1.44721659e-06 1.52373129e-06
  1.24729552e-06 1.25449566e-06 1.84278118e-06 8.50461633e-07
  1.03860707e-06 6.72354745e-07 1.27058913e-06 5.23206453e-07
  4.83870236e-07 6.24453402e-07]
 [1.48436999e-03 3.69376898e-03 7.43489408e-04 2.08650401e-04
  5.16652349e-05 4.38591937e-05 2.27276513e-05 2.14958330e-05
  1.89975033e-05 1.04209802e-05 8.64983539e-06 5.44085409e-06
  5.63141270e-06 2.40200374e-06 3.49785718e-06 3.28219096e-06
  3.57964875e-06 1.88061450e-06 1.81754799e-06 1.56897300e-06
  1.71874041e-06 1.01530845e-06 7.18184880e-07 9.32666561e-07
  7.31066022e-07 8.14629417e-07 7.86733284e-07 6.24985912e-07
  6.80533008e-07 5.28285287e-07]
 [3.21808281e-04 1.27590071e-03 2.20358198e-04 7.74667530e-05
  7.64212420e-05 7.21307122e-05 2.88238964e-05 2.96189027e-05
  1.36578896e-05 1.24112061e-05 6.94178384e-06 5.82814535e-06
  4.08547272e-06 4.20074790e-06 4.84530626e-06 3.68115131e-06
  2.93596668e-06 2.86985087e-06 2.01651532e-06 1.64422532e-06
  1.64435396e-06 1.12592743e-06 1.30955649e-06 1.26597767e-06
  6.76422395e-07 7.30150417e-07 8.57979858e-07 7.49009432e-07
  8.55724802e-07 6.90921222e-07]
 [3.59749949e-04 6.55847150e-04 1.93377016e-04 1.16533260e-04
  3.39003964e-05 3.20191162e-05 2.83358484e-05 1.58884513e-05
  1.58415904e-05 1.13334957e-05 6.10174636e-06 8.03124388e-06
  5.89826509e-06 4.96303960e-06 4.00769898e-06 3.16861686e-06
  2.62156217e-06 2.58273237e-06 1.61010048e-06 2.52252372e-06
  1.65639263e-06 1.23385859e-06 1.00432977e-06 1.28175694e-06
  1.37207154e-06 8.64313342e-07 7.92001183e-07 7.36539076e-07
  9.83547969e-07 5.73416832e-07]
 [1.46841587e-04 3.79209312e-04 1.44309628e-04 5.02768479e-05
  6.15612918e-05 2.59525311e-05 2.35901403e-05 1.33967984e-05
  1.22574481e-05 1.16624358e-05 7.63703196e-06 8.83767778e-06
  5.84770213e-06 5.44958239e-06 5.48905227e-06 3.39413523e-06
  3.52612226e-06 2.50381597e-06 1.46255121e-06 1.47532022e-06
  2.04462077e-06 1.49695285e-06 1.10597151e-06 1.29950316e-06
  9.53890915e-07 1.00496108e-06 1.37335612e-06 8.94783105e-07
  7.47628343e-07 7.19009287e-07]
 [1.73811355e-04 2.21185989e-04 1.64946005e-04 4.62328010e-05
  3.85378739e-05 2.96435944e-05 2.18341702e-05 1.62295492e-05
  1.19178835e-05 8.28768676e-06 9.29076059e-06 9.00257978e-06
  5.11316513e-06 6.11723528e-06 4.38009653e-06 3.59147387e-06
  2.94486649e-06 2.00987019e-06 2.18610337e-06 1.91984449e-06
  2.17783870e-06 1.20848880e-06 1.79101531e-06 1.36334592e-06
  1.46230892e-06 1.00952829e-06 1.29264624e-06 7.34454907e-07
  7.78564332e-07 8.25187856e-07]
 [1.03363320e-04 1.81230180e-04 8.76230830e-05 6.30053624e-05
  4.87129048e-05 3.45740833e-05 2.60859570e-05 2.01181074e-05
  1.82398473e-05 1.39559382e-05 1.13349308e-05 1.11234975e-05
  4.29645381e-06 5.76658686e-06 4.84172188e-06 2.72756450e-06
  2.71485184e-06 2.53871489e-06 3.34846865e-06 1.88380411e-06
  1.65018743e-06 1.86750412e-06 1.64887510e-06 1.28725281e-06
  1.46662780e-06 1.06809293e-06 7.60358194e-07 1.02643789e-06
  1.36620601e-06 8.66457693e-07]
 [1.03277465e-04 1.22625906e-04 7.48195541e-05 5.24192277e-05
  4.22889297e-05 3.22633204e-05 2.52111620e-05 1.85410797e-05
  1.65906351e-05 9.09030172e-06 1.13469380e-05 6.99410545e-06
  6.97810615e-06 5.48439681e-06 3.91617731e-06 3.60657107e-06
  3.52126805e-06 2.99644065e-06 3.46284897e-06 2.22863969e-06
  2.38961087e-06 2.33293650e-06 1.52954329e-06 1.07269230e-06
  1.48789636e-06 1.43860816e-06 1.27505996e-06 1.28242332e-06
  7.50511596e-07 1.09515935e-06]
 [8.27404788e-05 6.54637282e-05 6.11153084e-05 4.27839210e-05
  3.48613074e-05 2.54615793e-05 3.03229337e-05 2.57724703e-05
  1.76917346e-05 1.45061243e-05 1.18087022e-05 8.02260442e-06
  8.33988550e-06 5.53332088e-06 4.98054926e-06 7.58943183e-06
  4.78930109e-06 3.31648293e-06 3.95188836e-06 4.28673116e-06
  2.99772130e-06 2.23475247e-06 2.06678052e-06 3.71323031e-06
  1.48985237e-06 1.60371091e-06 1.29506599e-06 1.29859292e-06
  9.35484484e-07 1.22726782e-06]
 [3.57333940e-05 5.09086898e-05 4.56030484e-05 4.55307010e-05
  4.01497002e-05 3.52165024e-05 3.28881963e-05 2.72407363e-05
  2.61575691e-05 2.12804197e-05 1.84132276e-05 1.79602880e-05
  1.69464816e-05 1.15297979e-05 9.53171503e-06 7.79365447e-06
  6.72738039e-06 4.93468073e-06 7.34979886e-06 5.79044513e-06
  4.25767868e-06 4.90132772e-06 2.79531955e-06 3.61425782e-06
  3.61193738e-06 2.05259605e-06 1.91384287e-06 1.75014408e-06
  1.44666931e-06 2.22186441e-06]
 [2.62556061e-05 3.44792225e-05 4.40164965e-05 4.20081952e-05
  3.87335523e-05 4.14000775e-05 3.68320267e-05 3.73990328e-05
  3.78300335e-05 3.05568439e-05 2.74325883e-05 2.33675892e-05
  2.62845089e-05 1.55443378e-05 1.57036654e-05 1.43249873e-05
  1.07967534e-05 1.53190313e-05 1.33240247e-05 1.05709341e-05
  9.47169863e-06 8.13849077e-06 9.01286379e-06 6.94748273e-06
  5.80307433e-06 5.21692328e-06 3.93330726e-06 3.47347202e-06
  4.65773587e-06 3.22480151e-06]
 [1.51751097e-05 2.71602824e-05 3.07380829e-05 3.80072255e-05
  3.67120272e-05 3.47582057e-05 4.06276909e-05 3.64831021e-05
  3.56016688e-05 3.43106028e-05 2.90426211e-05 3.11309562e-05
  2.42631857e-05 2.75084682e-05 2.57655513e-05 1.92684320e-05
  2.13928160e-05 1.92841935e-05 1.96331947e-05 1.65311319e-05
  1.34241845e-05 1.46730352e-05 1.51223810e-05 8.62189618e-06
  8.35330357e-06 8.40914391e-06 9.58787726e-06 7.83954739e-06
  5.26948193e-06 4.48691272e-06]
 [6.19769945e-06 1.46161459e-05 2.10437390e-05 2.40362641e-05
  2.95258755e-05 3.11129397e-05 3.24446039e-05 3.33762961e-05
  2.87702450e-05 3.26040370e-05 2.93377242e-05 2.87710779e-05
  2.93203036e-05 2.87714470e-05 2.80650200e-05 2.63856161e-05
  2.66613894e-05 2.56227097e-05 2.22759799e-05 2.08124872e-05
  2.09457879e-05 1.80114264e-05 1.78571560e-05 1.64495878e-05
  1.41698825e-05 1.41440572e-05 1.27841472e-05 1.48716329e-05
  1.12992562e-05 1.25177052e-05]]
