args:  Namespace(attack='opt', gaussian=True, l2=0.01, ndim=1)
test_losses: [[0.08717529 0.03350983 0.00835102 0.0042612  0.00275741 0.00225215
  0.0023797  0.00170999 0.00167273 0.00116847 0.00109304 0.00101765
  0.00096267 0.00100647 0.00080617 0.00079929 0.00063354 0.0006768
  0.00054072 0.00054008 0.00061593 0.00051499 0.00052112 0.0005418
  0.0004303  0.0004344  0.00048269 0.00038011 0.00039039 0.00038269
  0.00034967 0.00037287 0.00036788 0.00032381 0.00033116 0.00029358
  0.00030131 0.0002943  0.00026907 0.00029525 0.00028802 0.00024331
  0.00026761 0.0002463  0.00023195 0.00021386 0.00025726 0.00019756
  0.00019873 0.00021677]
 [0.04608708 0.00833194 0.00707057 0.00385851 0.0027254  0.00196175
  0.00192777 0.00174082 0.00141547 0.00130913 0.00119886 0.00099668
  0.00095829 0.00106226 0.00089512 0.00083437 0.00068633 0.00082328
  0.00079093 0.00065288 0.00063401 0.00060965 0.00050388 0.00052459
  0.00053664 0.00050268 0.00043387 0.00051837 0.00050128 0.00047171
  0.00036581 0.00035781 0.00034235 0.00044387 0.00037359 0.00037225
  0.00034047 0.00040623 0.00034345 0.00039106 0.00034836 0.00028155
  0.00029485 0.00030314 0.00032973 0.00033223 0.00031442 0.00032155
  0.00026779 0.0002522 ]
 [0.03574858 0.01160234 0.00528054 0.00391676 0.0026664  0.00252142
  0.00200257 0.00172779 0.0017829  0.00171471 0.00153917 0.00145694
  0.00131205 0.00121151 0.00110206 0.00099173 0.00102073 0.00097123
  0.00097869 0.00088285 0.00089977 0.00078634 0.00100024 0.00082985
  0.00088156 0.00071819 0.00070099 0.00078951 0.00071414 0.00083447
  0.00069616 0.00069998 0.00075479 0.00063904 0.00057468 0.00065847
  0.00066329 0.00060856 0.00060783 0.00057879 0.00055303 0.00059752
  0.00053476 0.00061365 0.00059525 0.0005985  0.00063499 0.00054811
  0.00060207 0.00044414]
 [0.01563658 0.00811444 0.00436088 0.00396798 0.00324918 0.00280812
  0.00278284 0.00197562 0.00210229 0.00207407 0.00199873 0.00180644
  0.00203432 0.00155181 0.00173218 0.00156149 0.00149922 0.00156236
  0.00157223 0.00147624 0.00150766 0.00132235 0.00123956 0.00143237
  0.00136344 0.00139663 0.00127447 0.00122134 0.00115455 0.00109911
  0.00108276 0.0011233  0.00111097 0.00104194 0.00105473 0.0010311
  0.00118872 0.00110872 0.00104066 0.00103832 0.00097635 0.00090272
  0.00095942 0.00103876 0.00098392 0.00095615 0.00103279 0.00091041
  0.00094238 0.00098532]
 [0.01568438 0.00611247 0.00465888 0.00423822 0.00368782 0.0033715
  0.00334441 0.00343562 0.00297291 0.00266685 0.00262192 0.00265627
  0.00245304 0.00276141 0.0023029  0.00223756 0.00224663 0.00236465
  0.00237311 0.00199008 0.00234148 0.00196934 0.00220426 0.00210167
  0.00212115 0.00198671 0.00196153 0.00172399 0.00170359 0.00206324
  0.00178193 0.00191691 0.00193171 0.00185591 0.001604   0.00194644
  0.0017109  0.00179146 0.00170916 0.00173213 0.00151341 0.00167908
  0.0017346  0.0017226  0.00166339 0.00177492 0.00161846 0.001628
  0.00170384 0.00175682]
 [0.01219711 0.00601706 0.0047474  0.00473428 0.00475824 0.00447542
  0.00423812 0.00405337 0.00407607 0.00390015 0.00332874 0.00362366
  0.00362496 0.00309527 0.00314862 0.00338964 0.00321212 0.00364717
  0.00316893 0.00319238 0.00327311 0.00319671 0.00298937 0.00288451
  0.00302125 0.00272693 0.00279373 0.00315534 0.00277073 0.00262132
  0.00277447 0.00273075 0.00305325 0.00298816 0.00282241 0.00296897
  0.00285957 0.00289199 0.00274112 0.00304664 0.00302103 0.00251807
  0.00292503 0.00261975 0.0026501  0.00272054 0.00266706 0.00264337
  0.00265237 0.00250244]
 [0.00997358 0.00655955 0.00548782 0.00543701 0.00500698 0.00518107
  0.00479036 0.00509686 0.0050475  0.00481416 0.00456154 0.0045833
  0.0047973  0.00456545 0.00397924 0.00440349 0.00450557 0.00471421
  0.00450501 0.00452941 0.00472613 0.00448497 0.00435388 0.00439498
  0.00417915 0.00428065 0.00385026 0.00433908 0.00393114 0.00451506
  0.00419542 0.00402935 0.0040724  0.00432689 0.00399079 0.00417693
  0.00409677 0.00415764 0.00403    0.00401988 0.00403363 0.0041674
  0.00409601 0.00394183 0.00389509 0.00424393 0.00414758 0.00415925
  0.00406204 0.00386908]
 [0.00920319 0.00682287 0.00619999 0.00582607 0.00554024 0.00621216
  0.0059522  0.00556225 0.00589525 0.00552212 0.00584353 0.00571494
  0.00585957 0.00562897 0.00570909 0.00588516 0.00560257 0.0052091
  0.00545925 0.005891   0.00558926 0.00572159 0.00584008 0.00558179
  0.00521509 0.00534607 0.00555712 0.00519607 0.00568438 0.00584648
  0.00567038 0.00553643 0.00543739 0.0058263  0.00560229 0.00591386
  0.00575897 0.00563765 0.00551507 0.00558061 0.0055659  0.00553562
  0.00567994 0.00544788 0.00563017 0.00545417 0.00538237 0.00556077
  0.00545817 0.00560319]
 [0.00864498 0.00748947 0.0064433  0.00617661 0.00682812 0.00652543
  0.00638166 0.00692312 0.00669511 0.00697134 0.00681162 0.0070129
  0.00671347 0.00692324 0.00699328 0.00664869 0.00694246 0.00706598
  0.00661695 0.00712662 0.00697247 0.00699529 0.00691507 0.00680472
  0.00705752 0.00666803 0.00712677 0.00718864 0.00665269 0.0068198
  0.00698019 0.00712794 0.00706109 0.0070287  0.00709445 0.00697026
  0.007175   0.00735661 0.00706498 0.0074151  0.00709158 0.00720577
  0.00702347 0.00728472 0.0070491  0.00707516 0.00688051 0.0069024
  0.00706325 0.00713758]
 [0.00826904 0.00716226 0.00683125 0.00740025 0.00710056 0.00698783
  0.0072938  0.00786444 0.00755786 0.00779973 0.00774457 0.00781724
  0.00771089 0.00756818 0.0077513  0.00759212 0.00773114 0.00798018
  0.0077748  0.007807   0.00818212 0.00793768 0.00774022 0.0081191
  0.00803625 0.00822306 0.00795285 0.00808274 0.00810445 0.00814047
  0.0080614  0.00828111 0.00818553 0.0084525  0.00828676 0.0078637
  0.00844082 0.00809842 0.00822864 0.00831318 0.00831773 0.00823506
  0.00812215 0.00837177 0.0082029  0.00821168 0.00850578 0.00820624
  0.00831396 0.00817326]
 [0.00861149 0.00772571 0.00774747 0.00728843 0.00789697 0.00811306
  0.00826392 0.00841951 0.00812614 0.00824704 0.00817135 0.00848632
  0.00858968 0.0086717  0.00863737 0.00846633 0.00875875 0.00856299
  0.00869282 0.00856465 0.0087126  0.00883697 0.00886533 0.00860531
  0.00889584 0.00887735 0.00889116 0.00915232 0.00872606 0.00898457
  0.0088162  0.00895066 0.00885143 0.00899589 0.00899713 0.00901102
  0.00897074 0.00912723 0.0088456  0.00905021 0.00903006 0.00914055
  0.00903639 0.00899886 0.00888936 0.00937689 0.00920623 0.00902685
  0.00908645 0.00907477]
 [0.00909015 0.00901769 0.00938199 0.00960337 0.00958357 0.00950534
  0.00958938 0.00973187 0.0096604  0.00978397 0.00978715 0.00974625
  0.00981449 0.00989353 0.00982902 0.00980212 0.00983163 0.0099381
  0.00982244 0.00990917 0.0099314  0.01000235 0.00982148 0.00986646
  0.00988122 0.00991369 0.00990685 0.00986934 0.00987689 0.00985314
  0.00994265 0.00992074 0.00990504 0.00989463 0.00996466 0.00998287
  0.00996367 0.00982416 0.00995206 0.00997869 0.00997765 0.00989717
  0.00995803 0.00992234 0.00988671 0.00990188 0.00992191 0.00992834
  0.00997625 0.0099369 ]
 [0.00959186 0.00981347 0.00979866 0.00983759 0.00991667 0.00995891
  0.00989935 0.0099561  0.0099282  0.00994308 0.01000168 0.009974
  0.00992095 0.01004355 0.00991324 0.00996256 0.01001322 0.00994924
  0.01000214 0.01004434 0.01000104 0.01003149 0.00996882 0.01002869
  0.0098968  0.01010958 0.00998835 0.01002115 0.01004478 0.00997535
  0.01003108 0.01005632 0.00997984 0.00996945 0.01000825 0.00995683
  0.01003617 0.01003396 0.00996575 0.01002199 0.01002865 0.01002129
  0.01002177 0.00996129 0.01000229 0.01000466 0.00997771 0.00997944
  0.01007007 0.01001985]
 [0.00975546 0.00995037 0.00989984 0.01003703 0.01002275 0.00996357
  0.00999882 0.00995279 0.00997743 0.009935   0.00995837 0.01000634
  0.00997819 0.01000276 0.0100292  0.01005754 0.0099946  0.00999239
  0.00998941 0.01002852 0.00996003 0.01000989 0.01001661 0.01004245
  0.00995916 0.01001924 0.00999652 0.01000676 0.01005268 0.009996
  0.01003517 0.01002638 0.01005518 0.01002607 0.010055   0.00996188
  0.01001258 0.0100178  0.01003249 0.01001094 0.0100443  0.01002696
  0.01001873 0.00996819 0.01004011 0.01001308 0.01000128 0.0099849
  0.01004255 0.01005365]
 [0.0099407  0.00997644 0.0099636  0.00998349 0.0100442  0.0100317
  0.00998525 0.00999495 0.00994291 0.01003129 0.00997083 0.01004485
  0.00992568 0.01001844 0.00995943 0.01004434 0.00999167 0.01002351
  0.01001648 0.01004875 0.01003836 0.01008454 0.00999631 0.01008187
  0.0100334  0.00996729 0.0100401  0.01004189 0.01004128 0.00995031
  0.00999503 0.00998902 0.00998703 0.00995016 0.00998745 0.00999959
  0.00997814 0.00998725 0.01002052 0.01003539 0.00999725 0.00999617
  0.01005377 0.01005442 0.00999435 0.01002863 0.00993833 0.00995749
  0.01001919 0.01004418]]
variance: [[4.48523048e-02 2.58546100e-02 3.33599512e-04 6.89983829e-05
  1.84511603e-05 1.33839760e-05 3.92089935e-05 9.29735496e-06
  1.00978594e-05 3.29562036e-06 3.01903515e-06 2.64518070e-06
  2.34076508e-06 2.68482753e-06 1.29566470e-06 1.54174688e-06
  8.63280627e-07 1.15913102e-06 7.88055731e-07 5.26909794e-07
  1.00621918e-06 5.60846555e-07 5.85168774e-07 6.54774943e-07
  5.58655798e-07 4.29124481e-07 5.29261315e-07 2.73199469e-07
  3.56241513e-07 3.43418541e-07 2.88650336e-07 3.94642399e-07
  2.76306701e-07 2.31969366e-07 2.34902605e-07 2.10526264e-07
  1.98605646e-07 2.06122809e-07 1.43501372e-07 1.70281306e-07
  1.85536064e-07 1.26843262e-07 1.31794574e-07 1.62722646e-07
  1.19645414e-07 9.83382614e-08 1.39336881e-07 7.89360212e-08
  7.65119121e-08 1.37962826e-07]
 [1.18715081e-02 2.76990096e-04 3.15539495e-04 4.81753641e-05
  1.86333244e-05 8.17020823e-06 8.19594197e-06 5.45544467e-06
  4.60665797e-06 3.63731159e-06 2.86696257e-06 2.08759526e-06
  2.07050140e-06 2.59414817e-06 1.84402142e-06 2.07932488e-06
  1.08631387e-06 1.45097818e-06 1.67626810e-06 6.67872449e-07
  1.24943943e-06 1.00901211e-06 4.67680141e-07 5.58251229e-07
  5.34401011e-07 5.25447136e-07 4.13140791e-07 6.71798688e-07
  3.83966356e-07 4.07475902e-07 2.98068356e-07 2.07290348e-07
  1.97432406e-07 3.86764444e-07 3.18572594e-07 2.45050746e-07
  2.16979288e-07 3.48869725e-07 2.49127013e-07 2.68737942e-07
  2.12783965e-07 1.34124580e-07 1.78284105e-07 1.69425636e-07
  2.12049377e-07 2.61281728e-07 1.81987514e-07 1.84464239e-07
  1.38531896e-07 1.34465974e-07]
 [1.12184115e-02 9.14663122e-04 9.64968951e-05 2.99110871e-05
  1.23472092e-05 1.04993050e-05 7.09370523e-06 6.03898298e-06
  5.48201648e-06 5.93382540e-06 4.63939240e-06 4.05453464e-06
  3.63758474e-06 2.89266961e-06 2.51161030e-06 1.93437400e-06
  2.47240749e-06 1.94694171e-06 2.03358420e-06 1.69221574e-06
  1.47216570e-06 1.34017748e-06 1.96022333e-06 1.06530790e-06
  1.66017887e-06 7.28428177e-07 1.12629033e-06 1.11921336e-06
  8.41373281e-07 1.55740288e-06 7.62879454e-07 8.82566729e-07
  1.30939709e-06 7.05542153e-07 5.36702491e-07 5.52500593e-07
  9.55106221e-07 7.09196636e-07 6.43131786e-07 6.17766408e-07
  4.30741208e-07 6.71892695e-07 5.29479764e-07 6.41217610e-07
  4.84996815e-07 4.25069884e-07 6.63642038e-07 4.62181885e-07
  5.22299497e-07 2.65326762e-07]
 [7.16820073e-04 3.76371015e-04 2.44950221e-05 1.75653820e-05
  1.29678530e-05 1.02377845e-05 1.10720618e-05 6.83676994e-06
  7.88923121e-06 6.68824202e-06 5.94516500e-06 5.03824026e-06
  6.84394418e-06 4.46222933e-06 5.51229194e-06 4.22268181e-06
  3.58272330e-06 4.02989378e-06 4.52989468e-06 3.79395609e-06
  3.40674259e-06 2.81023135e-06 2.78026005e-06 3.38542627e-06
  2.89112562e-06 2.61944923e-06 2.84601438e-06 2.08543637e-06
  1.97226736e-06 1.71704642e-06 1.53424985e-06 1.45951078e-06
  1.72739239e-06 1.23898667e-06 1.53183830e-06 1.34924626e-06
  2.02423717e-06 1.28273962e-06 1.13649618e-06 9.90589051e-07
  8.85154841e-07 8.96593831e-07 9.22653839e-07 9.45326205e-07
  9.34656265e-07 8.01576077e-07 1.06076462e-06 7.92854711e-07
  9.52520961e-07 9.25598616e-07]
 [1.70874130e-03 4.39327022e-05 2.05024416e-05 1.64742097e-05
  1.41715553e-05 1.24904315e-05 1.26885603e-05 1.19468979e-05
  1.13502952e-05 9.71970826e-06 9.42546909e-06 8.82199753e-06
  7.75936645e-06 9.02379223e-06 6.15559954e-06 6.32411943e-06
  5.94260914e-06 6.15909719e-06 6.00683124e-06 4.58607423e-06
  6.63653152e-06 3.77266284e-06 5.22867506e-06 4.31521287e-06
  4.95557485e-06 4.05063286e-06 4.34719526e-06 3.19575595e-06
  2.92955919e-06 4.34759365e-06 3.21007993e-06 3.31439394e-06
  3.37999172e-06 3.37133365e-06 2.02567913e-06 3.04062868e-06
  2.01212022e-06 2.27232718e-06 1.99587456e-06 2.65743816e-06
  1.72684837e-06 1.79239926e-06 2.25074298e-06 1.93029600e-06
  2.27973794e-06 2.03693773e-06 1.85499477e-06 1.72134105e-06
  1.91664935e-06 2.07088795e-06]
 [1.55838314e-03 2.57170858e-05 1.91692993e-05 1.75082406e-05
  2.16865856e-05 1.57631785e-05 1.31032776e-05 1.38950459e-05
  1.38144909e-05 1.21707694e-05 1.01718102e-05 1.13180633e-05
  1.09424310e-05 8.15700591e-06 9.14331123e-06 8.83253509e-06
  8.74057009e-06 9.44829780e-06 8.24389280e-06 8.55829672e-06
  7.40671293e-06 7.96524321e-06 7.45079710e-06 6.06617039e-06
  6.24361328e-06 5.73430595e-06 5.93114151e-06 6.39027844e-06
  5.47275993e-06 4.82913737e-06 5.67418749e-06 4.52766098e-06
  5.93441291e-06 5.38479885e-06 4.96308083e-06 4.85431053e-06
  5.02298499e-06 4.71630866e-06 4.12541441e-06 5.27752770e-06
  5.68602699e-06 3.88331895e-06 4.16142946e-06 3.08760387e-06
  3.53210435e-06 4.47039696e-06 3.61568263e-06 3.14873794e-06
  3.17863605e-06 3.15798885e-06]
 [2.32233724e-04 3.17357464e-05 2.00660008e-05 1.71700749e-05
  1.63156037e-05 1.56757169e-05 1.48605182e-05 1.42581237e-05
  1.47360978e-05 1.37552401e-05 1.34214955e-05 1.22322377e-05
  1.33498129e-05 1.21485176e-05 9.82715123e-06 1.12196315e-05
  1.07264034e-05 1.11037491e-05 1.00116886e-05 9.92117461e-06
  1.07200452e-05 1.00270269e-05 9.16392801e-06 9.25053742e-06
  9.04640945e-06 8.53748104e-06 6.99449325e-06 7.95164119e-06
  7.17200697e-06 7.52840902e-06 6.92597637e-06 7.13566405e-06
  7.63605414e-06 7.42053308e-06 6.32831598e-06 6.78349607e-06
  7.12009159e-06 5.86824586e-06 6.19084708e-06 6.26576557e-06
  6.12952155e-06 6.11495076e-06 6.54750694e-06 5.58095591e-06
  5.37243171e-06 5.82881953e-06 5.67037929e-06 5.33010474e-06
  5.59028518e-06 5.16731256e-06]
 [8.59971094e-05 2.67963397e-05 1.73937318e-05 1.57414365e-05
  1.57521659e-05 1.56826333e-05 1.47116495e-05 1.49088135e-05
  1.40190415e-05 1.41510850e-05 1.27770418e-05 1.16870774e-05
  1.24838864e-05 1.17113634e-05 1.11283130e-05 1.05583929e-05
  1.16014786e-05 9.88427967e-06 9.91122909e-06 1.06235738e-05
  1.01558522e-05 1.01123748e-05 1.09780250e-05 9.37217866e-06
  9.27044765e-06 9.27399727e-06 8.84112498e-06 8.84966304e-06
  9.30876345e-06 8.57302241e-06 8.21151402e-06 8.99248324e-06
  7.64366002e-06 8.05851283e-06 7.60820648e-06 8.43153317e-06
  8.09539865e-06 8.17713943e-06 8.22489701e-06 6.86416256e-06
  6.86706244e-06 6.96521137e-06 7.11125603e-06 6.78991814e-06
  6.91513487e-06 6.33231304e-06 7.23887826e-06 6.89924587e-06
  7.32501862e-06 6.27474550e-06]
 [3.90495944e-05 2.52002346e-05 1.58637649e-05 1.65225837e-05
  1.47620057e-05 1.46276819e-05 1.39897185e-05 1.18025471e-05
  1.28818256e-05 1.13324417e-05 1.18556274e-05 1.08883762e-05
  1.20295809e-05 1.03264531e-05 9.75886439e-06 1.02154245e-05
  8.63780665e-06 8.75279067e-06 1.03603555e-05 8.74144347e-06
  9.12418649e-06 8.24555437e-06 9.10556501e-06 8.11965060e-06
  7.37997532e-06 8.82609084e-06 8.43784168e-06 7.37329508e-06
  8.41798601e-06 7.55965065e-06 7.43034075e-06 7.37630316e-06
  7.11767525e-06 7.37068212e-06 6.21933683e-06 7.50076800e-06
  6.37262657e-06 6.51987738e-06 6.92564786e-06 6.76684182e-06
  6.33373991e-06 5.74260476e-06 6.12479663e-06 6.05267466e-06
  6.55393493e-06 5.94380718e-06 5.90787422e-06 6.89218659e-06
  6.44708088e-06 5.52190406e-06]
 [2.49644110e-05 1.58327895e-05 1.66033477e-05 1.35004303e-05
  1.39028812e-05 1.31469437e-05 1.19697836e-05 9.65828675e-06
  1.06906355e-05 9.13025293e-06 8.58375969e-06 8.55253610e-06
  9.00130764e-06 9.37081412e-06 8.65153610e-06 8.48218982e-06
  8.53158772e-06 6.89008722e-06 7.68170888e-06 7.09595417e-06
  5.97200136e-06 6.60202934e-06 7.69496095e-06 6.27765028e-06
  5.49358468e-06 5.95233111e-06 6.45237324e-06 5.96920639e-06
  6.06763942e-06 5.64146307e-06 5.64910645e-06 5.28678621e-06
  5.35553689e-06 4.94145852e-06 4.59394948e-06 5.36664811e-06
  5.01864543e-06 5.10656441e-06 4.55899935e-06 4.16244534e-06
  4.37388465e-06 4.60195915e-06 4.46277843e-06 4.41964178e-06
  5.01231139e-06 4.55581326e-06 3.87821741e-06 4.15780723e-06
  3.75969603e-06 4.18749331e-06]
 [1.48490976e-05 1.34600868e-05 1.39664271e-05 1.40654484e-05
  1.03658455e-05 8.94925420e-06 8.69285296e-06 7.57589377e-06
  8.16753992e-06 8.48068543e-06 7.57412900e-06 6.50880515e-06
  6.27496189e-06 5.81558364e-06 5.10779313e-06 6.21922571e-06
  4.73442275e-06 5.87102617e-06 4.72591635e-06 4.88485524e-06
  4.64963108e-06 3.71918642e-06 4.54586508e-06 4.18901174e-06
  3.45653887e-06 3.87106546e-06 3.71466252e-06 2.56890781e-06
  4.00084891e-06 3.19580133e-06 3.71039703e-06 3.59127600e-06
  3.23792940e-06 3.03148762e-06 2.87660349e-06 3.04423028e-06
  2.80047293e-06 2.60874889e-06 3.23414321e-06 2.53796787e-06
  2.83746609e-06 2.42807870e-06 2.92620529e-06 3.09571861e-06
  2.86335118e-06 2.00823288e-06 2.69084264e-06 2.98729063e-06
  2.46115018e-06 2.54277702e-06]
 [7.18645622e-06 6.25373003e-06 3.64835342e-06 2.57460853e-06
  2.48755863e-06 2.39452258e-06 1.52699502e-06 1.12314576e-06
  1.41440024e-06 9.52849782e-07 8.38735595e-07 9.57981401e-07
  8.73597412e-07 6.79406642e-07 6.64328725e-07 7.65642045e-07
  8.40203793e-07 6.22601318e-07 7.10352024e-07 6.90459350e-07
  6.28121026e-07 5.74500358e-07 6.93339712e-07 6.77055302e-07
  6.06855747e-07 6.42496498e-07 6.08543138e-07 7.18971568e-07
  5.44830157e-07 6.00125733e-07 4.63142063e-07 6.30595005e-07
  5.41374374e-07 6.89017914e-07 4.94042408e-07 5.07068023e-07
  4.97592607e-07 5.99699179e-07 5.63903641e-07 4.67430599e-07
  5.90148269e-07 4.94967468e-07 5.41946489e-07 5.91157323e-07
  6.15483287e-07 5.48434951e-07 4.91655066e-07 6.11100695e-07
  4.72343084e-07 5.33088205e-07]
 [3.32393717e-06 1.24366173e-06 1.21793130e-06 9.27782477e-07
  5.96874563e-07 5.73293374e-07 5.56820755e-07 4.47731691e-07
  5.07604659e-07 5.45939377e-07 3.74552595e-07 4.01864932e-07
  4.42732043e-07 4.57752852e-07 4.91576937e-07 4.48837491e-07
  3.73226449e-07 4.57735312e-07 4.38185226e-07 4.04110956e-07
  4.53801463e-07 3.27908971e-07 3.27959161e-07 4.29854209e-07
  4.56087300e-07 4.12173213e-07 3.58364569e-07 3.70366525e-07
  2.99916852e-07 4.63831717e-07 3.57048310e-07 3.63227611e-07
  3.77572990e-07 3.33559861e-07 3.57505178e-07 4.35249741e-07
  3.90336771e-07 3.39714259e-07 4.25315537e-07 3.31352246e-07
  3.70012681e-07 3.67294002e-07 3.63906735e-07 3.54275117e-07
  2.82642511e-07 4.20397675e-07 3.92671644e-07 4.18033903e-07
  3.63694955e-07 3.65017698e-07]
 [1.62231729e-06 7.81809010e-07 4.74910148e-07 3.62222894e-07
  4.45318476e-07 4.49738586e-07 3.35507510e-07 4.28768475e-07
  3.65086760e-07 3.97131785e-07 3.14379798e-07 3.79192907e-07
  3.93465018e-07 3.17776772e-07 3.31961529e-07 3.47240953e-07
  3.36014159e-07 3.87726791e-07 4.37620417e-07 3.69145775e-07
  3.35596710e-07 2.49344487e-07 4.65028620e-07 3.10610961e-07
  3.00663716e-07 3.77992634e-07 3.03691623e-07 3.83385684e-07
  4.18232233e-07 3.45102992e-07 3.14597969e-07 3.43839485e-07
  2.89607832e-07 3.25553583e-07 3.88762357e-07 3.42567259e-07
  3.36863762e-07 3.30591086e-07 3.09192541e-07 3.71028987e-07
  3.68287175e-07 3.24007598e-07 2.62483175e-07 3.82832352e-07
  4.22389658e-07 4.49177131e-07 4.01467995e-07 4.28218754e-07
  4.33141513e-07 3.37180319e-07]
 [7.02754097e-07 3.95723201e-07 5.36200381e-07 4.00731944e-07
  4.08641240e-07 3.86597544e-07 3.14995999e-07 3.26497480e-07
  3.94494146e-07 3.76350205e-07 3.44962161e-07 2.92052561e-07
  3.87052793e-07 3.45046096e-07 3.73646021e-07 3.12967855e-07
  4.16763942e-07 3.40857727e-07 3.58210650e-07 3.72185788e-07
  3.70827339e-07 3.82442823e-07 3.48022846e-07 3.21886719e-07
  3.59788834e-07 3.14171355e-07 3.29818501e-07 3.30897875e-07
  3.24100679e-07 3.46417530e-07 3.49044898e-07 3.13864660e-07
  3.60805687e-07 3.53097997e-07 3.71005420e-07 3.62077009e-07
  3.65900186e-07 3.40222851e-07 3.12683307e-07 3.85784669e-07
  3.06308402e-07 3.80099175e-07 3.40599920e-07 2.98099600e-07
  3.06743773e-07 3.53968665e-07 4.18285058e-07 3.65715416e-07
  3.66511464e-07 3.09771502e-07]]
