args:  Namespace(attack='fgsm', gaussian=True, l2=1.0, ndim=1)
elapsed time: 2465.523343824
mins: [[7.12852852e-08 8.42801171e-08 1.46066452e-06 1.17053389e-09
  1.17608977e-06 3.87641208e-08 1.98499478e-07 7.57400187e-09
  5.48293599e-07 1.41037654e-05 4.26010274e-06 2.83683335e-06
  3.09554234e-05 4.94060214e-06 2.19624735e-06 1.58951425e-05
  4.86813542e-06 9.52248058e-08 1.67467249e-07 4.24137383e-08
  5.37927122e-07 8.26206303e-07 2.05611050e-05 1.53786985e-07
  3.88567641e-05 4.79261398e-05 2.22951462e-06 9.09096852e-05
  8.46834337e-06 6.59318903e-05]
 [9.80933450e-08 3.40743213e-07 8.36532195e-07 3.79191401e-10
  2.37110712e-07 3.02705331e-07 4.95099206e-09 3.52495633e-08
  1.93657161e-06 1.50934639e-07 5.41593317e-06 8.21207777e-07
  6.70365807e-06 9.27205292e-06 1.44954902e-05 1.86947875e-06
  1.68124498e-05 8.26134325e-08 5.42337055e-08 8.47812862e-06
  3.20374602e-05 2.66353754e-06 2.21675473e-05 1.59290947e-09
  1.15687835e-05 4.44963480e-05 3.26556474e-05 1.51625964e-05
  5.99941086e-06 3.84335399e-05]
 [3.55932798e-06 1.19101526e-11 2.80248059e-07 2.42933396e-07
  9.49952650e-09 9.83638529e-07 5.00304031e-06 6.74579951e-07
  2.75384821e-07 1.73172801e-08 1.10662334e-07 2.34835831e-08
  7.76235254e-08 2.07061163e-07 2.91749097e-06 1.14316325e-08
  2.05650508e-06 1.34618483e-06 3.68217729e-06 3.49771180e-05
  1.37108464e-06 3.06430934e-06 5.06827064e-07 4.34187896e-05
  1.05512863e-05 5.27974807e-05 2.07638345e-06 1.75827779e-06
  5.75847869e-10 2.19405706e-06]
 [1.82386461e-09 6.40784833e-07 4.42298855e-08 2.03405065e-07
  8.15287763e-07 1.00042735e-06 1.20285179e-07 6.98129625e-08
  1.04427563e-07 2.50285694e-07 9.50924277e-06 5.57975170e-07
  7.59704517e-06 6.67424501e-06 9.68168933e-06 3.03138364e-07
  4.63357537e-06 2.74386230e-06 9.35321350e-06 6.15190947e-05
  2.79030363e-08 1.09991570e-05 2.63377638e-06 5.55109546e-06
  5.14505846e-05 5.49852984e-06 7.32303351e-06 2.45071365e-04
  4.54280525e-05 3.92958522e-04]
 [3.97842086e-06 1.18780854e-07 1.67293734e-08 1.80877564e-07
  1.54287605e-07 6.36645652e-08 3.05684331e-08 9.18163536e-08
  1.05595736e-05 1.09626581e-06 4.36927576e-06 2.78445214e-06
  1.77930065e-06 3.07142074e-07 3.98046438e-07 8.24897870e-06
  1.08839163e-06 5.72006968e-07 9.62542313e-09 6.53500763e-07
  3.62380456e-06 3.53445239e-06 9.25075767e-08 9.31853810e-06
  5.47142059e-04 1.18848911e-04 2.98341893e-05 4.78000447e-06
  3.54584654e-06 8.19159231e-06]
 [5.45985495e-06 5.91862879e-08 2.02669156e-07 6.32381592e-10
  3.24043498e-07 1.48591099e-07 1.07933183e-10 1.93108576e-07
  3.95448936e-08 1.75228820e-07 2.41990674e-05 3.39158476e-07
  1.91007032e-08 1.06522048e-05 3.23352560e-06 4.14194437e-06
  4.14081613e-09 3.96874015e-07 1.51915640e-06 3.43688316e-06
  2.71023870e-10 5.48579010e-06 1.28752955e-08 2.35220978e-05
  6.92090737e-07 2.42019996e-05 6.82802875e-06 1.95420412e-07
  9.72332941e-07 4.46462909e-05]
 [6.10952338e-06 2.76637394e-07 2.80841590e-07 5.24754057e-07
  1.03673884e-07 3.44189431e-07 6.16587295e-06 9.31322575e-10
  4.20751377e-07 2.83143481e-06 3.86735792e-06 8.41901601e-06
  2.13638814e-05 3.06541153e-07 3.20512079e-08 3.28133218e-08
  4.64456680e-05 7.29403325e-07 7.00117075e-09 4.93829793e-06
  4.66704523e-06 3.99093733e-06 1.02791792e-05 4.70513442e-08
  2.36532906e-05 7.95880533e-06 2.79138468e-09 1.12564180e-10
  2.54951912e-04 2.55026553e-05]
 [3.55143499e-07 3.52718018e-07 2.30688272e-07 1.31020172e-07
  4.36700842e-10 1.19859720e-07 3.68485394e-06 3.19258402e-06
  2.34396083e-07 7.17277453e-06 1.02468186e-06 2.29082175e-07
  3.93911650e-05 1.83592363e-06 6.45143643e-07 3.15592592e-06
  6.77899379e-06 1.31933530e-06 6.39716518e-07 1.16287584e-08
  3.55978700e-05 2.60997649e-06 1.65622459e-05 9.74720706e-07
  2.13543481e-05 6.12663431e-09 6.24995846e-06 3.10549913e-05
  1.85217800e-07 1.95503671e-05]
 [2.97774386e-06 1.16516526e-06 1.33720960e-06 1.27395126e-07
  9.13942131e-08 2.74185027e-07 8.98229359e-07 9.53103950e-07
  8.25168354e-06 4.14158352e-09 7.15592696e-10 3.35861927e-07
  6.22001289e-06 6.67818767e-06 7.42847988e-06 2.28566678e-05
  2.81124048e-05 1.63039340e-06 2.90566004e-05 1.41617547e-05
  1.26284135e-06 2.39738736e-08 7.24260740e-09 2.51294637e-07
  1.14257705e-06 1.28385307e-06 1.42959361e-05 6.87830379e-06
  4.77599178e-06 2.21605878e-05]
 [1.85206284e-06 1.59671798e-09 2.67873421e-08 5.02863088e-07
  1.26410089e-06 1.67633125e-08 1.03175880e-05 6.71096859e-05
  1.28604211e-06 4.79304526e-06 8.81630768e-09 2.59111789e-06
  3.07736947e-09 7.95114019e-08 1.33247170e-06 1.20306686e-05
  1.11283416e-05 7.43803503e-06 2.03257332e-06 1.07772275e-05
  1.74600132e-06 1.39591680e-06 8.22117654e-05 5.61256857e-05
  7.64871857e-06 4.83941330e-05 1.44309770e-05 7.26739563e-06
  7.90716604e-06 8.15056501e-06]
 [1.46943728e-06 3.52070512e-10 5.62275432e-07 1.79546622e-09
  8.84543461e-09 8.84285328e-06 1.78386713e-07 7.71889631e-07
  5.20722278e-06 1.07700289e-05 1.61382911e-06 1.42350627e-05
  2.98606977e-07 5.29702220e-06 7.05193379e-05 1.60118452e-05
  1.53478572e-06 2.58590103e-06 9.76840283e-07 3.70110058e-07
  6.07380480e-06 1.03222219e-05 5.98056295e-06 2.02086347e-04
  6.98213285e-07 7.63204571e-06 1.57347458e-04 2.84855108e-08
  3.52952361e-06 6.29826609e-05]
 [6.89247372e-07 5.89776583e-08 3.18785709e-08 1.93023948e-06
  2.93127840e-07 4.49462777e-06 1.20685727e-05 1.81446849e-05
  1.72171349e-05 2.26971009e-04 1.90088394e-05 2.13244675e-06
  1.38182309e-04 6.99015363e-05 1.85505211e-09 1.25873894e-05
  4.43864656e-06 3.52099596e-06 2.41816019e-06 6.02240616e-04
  1.95781031e-05 2.46984328e-05 1.44836071e-04 5.16762302e-05
  9.42983257e-04 3.45850887e-04 6.29698525e-06 2.83271879e-06
  1.41571887e-04 4.06785184e-05]
 [2.22179642e-06 1.94504537e-07 3.66153707e-09 2.44205808e-06
  3.19896390e-05 3.10332034e-05 1.08210283e-04 6.50134170e-05
  1.08746581e-05 4.96328357e-06 3.30970739e-04 6.13836863e-04
  5.14830826e-05 2.11757724e-03 1.25193037e-05 1.33967039e-03
  1.33123074e-04 4.83896547e-05 3.49807152e-07 5.24887175e-04
  2.72046338e-04 1.05576338e-02 2.43638965e-07 6.60037994e-03
  6.52025861e-04 3.42334475e-04 1.76876929e-05 1.09503642e-02
  1.02301594e-03 5.13185747e-04]
 [5.38429690e-10 2.19757248e-06 4.27901650e-05 1.43646025e-06
  9.62871054e-05 2.93589430e-04 1.37654511e-04 2.87219230e-03
  4.72460408e-03 5.47521340e-04 1.22547178e-02 1.09413741e-04
  7.19870254e-03 3.11658508e-03 2.49882299e-03 1.57072174e-03
  3.06798909e-02 5.91819553e-05 6.43422548e-03 1.48095647e-02
  5.65565249e-04 3.57891209e-02 6.47917241e-02 5.92154898e-02
  1.06902495e-01 7.71488482e-03 5.98407350e-02 2.53999740e-01
  4.52976301e-03 1.34201134e-02]
 [1.19851464e-07 7.23023618e-07 1.19350560e-04 2.25877331e-04
  5.61975315e-03 2.65827868e-02 1.71204489e-02 3.59083526e-02
  1.48256924e-02 1.89361721e-03 4.04363219e-03 6.47052452e-02
  8.15538317e-02 7.02076498e-03 7.14121982e-02 5.72355837e-02
  2.13636309e-01 1.74970403e-01 2.50855178e-01 2.96948582e-01
  1.39398322e-01 3.19925427e-01 1.23933792e-01 8.46486688e-02
  5.33264041e-01 2.78603584e-01 3.81096303e-01 3.55390280e-01
  6.54549122e-01 5.16291976e-01]]
maxs: [[7.65990317e-02 5.25593996e-01 4.86586988e-01 9.34134066e-01
  1.85773683e+00 1.60839796e+00 2.39794397e+00 1.58550632e+00
  1.81346118e+00 2.23370886e+00 2.81952310e+00 5.21058607e+00
  2.95046449e+00 3.38387704e+00 6.11313963e+00 3.97251129e+00
  3.98446035e+00 7.63871956e+00 4.62804604e+00 7.33064318e+00
  6.80939960e+00 9.92170429e+00 1.13206015e+01 1.44321470e+01
  1.09513693e+01 9.55502605e+00 1.11966114e+01 1.41364431e+01
  1.00317411e+01 2.47712135e+01]
 [3.43358725e-01 7.17982173e-01 8.57884467e-01 9.52580512e-01
  1.34922314e+00 1.53765202e+00 1.58832455e+00 3.77696896e+00
  1.41753817e+00 3.34829926e+00 3.10357761e+00 4.85013723e+00
  3.46080232e+00 4.57852888e+00 9.26435375e+00 5.86209583e+00
  4.19336653e+00 8.84807873e+00 6.61886740e+00 1.09000587e+01
  8.52986813e+00 7.34098768e+00 1.19783134e+01 1.20411730e+01
  1.33333874e+01 1.49335623e+01 1.28133898e+01 1.34609194e+01
  1.32538948e+01 2.80171394e+01]
 [1.23291150e-01 2.37515584e-01 5.70744574e-01 1.07471716e+00
  1.31351793e+00 9.23721313e-01 1.40307510e+00 1.28148377e+00
  3.99337220e+00 3.21205902e+00 1.99004078e+00 3.89399052e+00
  4.45581293e+00 6.48643112e+00 6.95300102e+00 4.64877176e+00
  1.02712765e+01 1.08625793e+01 6.12232351e+00 7.96330261e+00
  7.42421913e+00 8.90296745e+00 1.12468576e+01 1.02428637e+01
  1.13711739e+01 1.30804329e+01 8.14081573e+00 1.46121902e+01
  1.80134544e+01 1.48241358e+01]
 [1.35457084e-01 7.76373804e-01 5.46648085e-01 6.17123783e-01
  1.10904253e+00 1.60743749e+00 1.13331509e+00 2.42118573e+00
  1.57475019e+00 4.44194078e+00 2.80150628e+00 8.74835491e+00
  5.76739645e+00 1.45132179e+01 4.77767992e+00 5.37165117e+00
  1.13562403e+01 6.47926331e+00 6.86392260e+00 9.24119854e+00
  1.48909740e+01 1.46418505e+01 1.28472738e+01 1.52801647e+01
  1.05779505e+01 1.18133097e+01 1.57602730e+01 2.01555157e+01
  1.42117014e+01 1.64834881e+01]
 [6.01487875e-01 1.81218791e+00 1.38418257e+00 1.09244633e+00
  1.65983367e+00 1.92033148e+00 2.75997496e+00 2.68385100e+00
  1.85681915e+00 4.71667385e+00 3.96560311e+00 3.66301084e+00
  3.86197591e+00 7.78045607e+00 5.99389887e+00 7.39226627e+00
  7.17953634e+00 8.87664700e+00 9.04857349e+00 7.62718010e+00
  8.40631390e+00 1.56100111e+01 1.58735361e+01 1.48324766e+01
  1.89299603e+01 1.50499535e+01 1.71046944e+01 1.49723654e+01
  1.94787979e+01 1.43270617e+01]
 [1.96345821e-01 2.46437326e-01 4.85665858e-01 7.44465053e-01
  1.72201812e+00 1.30884612e+00 1.75381851e+00 3.82235146e+00
  2.95319486e+00 4.84118605e+00 4.06933451e+00 5.01023149e+00
  7.01132870e+00 6.09062338e+00 7.79984570e+00 1.28392601e+01
  6.74719048e+00 9.23297024e+00 1.19535360e+01 1.30550289e+01
  1.27765312e+01 1.06433687e+01 1.10107546e+01 1.35563574e+01
  1.59886398e+01 1.74335938e+01 1.45865698e+01 1.99607506e+01
  2.14591942e+01 1.89087067e+01]
 [2.37550065e-01 5.63508272e-01 1.92810869e+00 1.45878804e+00
  1.19770789e+00 1.36722910e+00 2.67461610e+00 4.96709824e+00
  3.62279725e+00 3.40653253e+00 3.27781773e+00 5.67087269e+00
  6.61982059e+00 6.92848921e+00 6.82282734e+00 7.74714518e+00
  7.15692806e+00 1.32156401e+01 1.20292234e+01 9.31204605e+00
  9.47698021e+00 1.55363369e+01 1.60218582e+01 1.48462486e+01
  2.14063015e+01 1.93808346e+01 2.02815056e+01 1.67447281e+01
  2.24397030e+01 2.43876324e+01]
 [2.25090832e-01 2.27012575e-01 1.47466838e+00 1.27317667e+00
  1.62308156e+00 2.89122844e+00 3.69834328e+00 3.65767598e+00
  4.43748569e+00 3.88014793e+00 4.43434429e+00 5.03571272e+00
  6.08930969e+00 1.05664024e+01 1.16053352e+01 8.74913406e+00
  1.46800442e+01 8.54582596e+00 1.21017485e+01 1.93754425e+01
  1.52388992e+01 1.34342871e+01 2.09374733e+01 1.47130699e+01
  2.38502369e+01 1.87757206e+01 2.05822372e+01 2.29917946e+01
  1.95742073e+01 2.50344620e+01]
 [7.32649684e-01 5.38321853e-01 8.68262410e-01 2.02505851e+00
  1.20931101e+00 2.35238791e+00 3.48061919e+00 3.35313225e+00
  3.29558969e+00 4.99919033e+00 4.41918373e+00 6.38409376e+00
  8.00397968e+00 1.16101341e+01 1.16048965e+01 8.77605057e+00
  9.77304173e+00 1.21799192e+01 2.01218281e+01 1.64908485e+01
  1.40546341e+01 1.27373953e+01 1.78595943e+01 2.04228840e+01
  2.52471428e+01 2.48294506e+01 2.20156498e+01 2.28613701e+01
  3.38166962e+01 4.10708847e+01]
 [4.49669480e-01 6.73624218e-01 8.38495016e-01 2.37862587e+00
  2.61844993e+00 3.13324857e+00 3.71666193e+00 3.79993916e+00
  5.63526011e+00 5.19303513e+00 7.60246325e+00 7.62077522e+00
  7.90761757e+00 9.73684788e+00 1.06579666e+01 1.26319551e+01
  1.45182590e+01 1.67178936e+01 1.40987673e+01 1.80000877e+01
  2.21105976e+01 1.31574869e+01 1.53969212e+01 2.01816998e+01
  2.11247921e+01 2.42321243e+01 2.18922634e+01 2.96355515e+01
  2.55892410e+01 3.76622963e+01]
 [7.56790936e-01 8.13981116e-01 7.84352541e-01 1.81636858e+00
  2.35768342e+00 3.57002878e+00 4.17272139e+00 6.72379351e+00
  4.15864182e+00 5.97305346e+00 7.90666199e+00 1.00301752e+01
  1.51258316e+01 1.05647840e+01 1.04546461e+01 7.93855715e+00
  2.17084007e+01 1.27122335e+01 1.62201786e+01 1.66289539e+01
  1.77374477e+01 2.59494743e+01 1.93805618e+01 3.06327057e+01
  2.30076351e+01 2.17379265e+01 2.99565849e+01 2.77967205e+01
  3.73375015e+01 3.76341553e+01]
 [2.75786906e-01 1.39068401e+00 2.21015286e+00 2.07909226e+00
  3.80229402e+00 5.26744127e+00 5.79118824e+00 4.33429527e+00
  7.22778606e+00 9.89802170e+00 1.05477991e+01 1.43888550e+01
  1.15319424e+01 1.41072598e+01 1.60198517e+01 1.86768589e+01
  2.00823307e+01 4.02284050e+01 3.58472099e+01 2.39819584e+01
  3.16298885e+01 2.52297649e+01 3.78725967e+01 4.20952110e+01
  3.08007984e+01 3.49743156e+01 4.75210114e+01 5.16754608e+01
  4.88845520e+01 6.05880356e+01]
 [5.86788952e-01 1.23797989e+00 1.65296996e+00 2.61023426e+00
  5.75985146e+00 6.66620016e+00 1.20410461e+01 1.63232746e+01
  1.33703318e+01 1.25279579e+01 1.60662975e+01 1.62064934e+01
  2.60313225e+01 2.54731636e+01 3.48002739e+01 2.67047138e+01
  3.44482498e+01 2.87647038e+01 4.18587265e+01 5.62663422e+01
  5.21199112e+01 5.89215088e+01 4.81940193e+01 6.27521629e+01
  7.35619507e+01 6.58611069e+01 5.50928116e+01 6.81550293e+01
  1.02035492e+02 8.95953674e+01]
 [8.39534581e-01 2.37428641e+00 3.19094086e+00 4.94611645e+00
  7.92706108e+00 1.77479019e+01 8.73543549e+00 1.11376610e+01
  1.83686810e+01 1.95169811e+01 2.54272556e+01 4.62259521e+01
  3.22533035e+01 3.00516129e+01 3.49138489e+01 4.84364777e+01
  4.48739128e+01 5.23267326e+01 5.49198456e+01 8.57743759e+01
  7.01549301e+01 8.13589859e+01 7.67776642e+01 8.90369110e+01
  1.34257690e+02 1.08795090e+02 1.15612900e+02 1.19821747e+02
  1.16390373e+02 1.29826706e+02]
 [1.03746688e+00 1.42661488e+00 3.72189999e+00 7.68182421e+00
  6.38576174e+00 1.18101025e+01 1.57142029e+01 2.19986992e+01
  1.79158325e+01 3.46538734e+01 3.46516800e+01 4.77300797e+01
  6.23266106e+01 6.08831978e+01 5.19618301e+01 6.70150909e+01
  8.87974777e+01 7.66007004e+01 7.13685074e+01 9.46246490e+01
  1.10461472e+02 1.07660889e+02 1.26906624e+02 1.13756065e+02
  1.14465851e+02 1.93609634e+02 1.72948715e+02 1.57687622e+02
  1.71306976e+02 2.04362671e+02]]
test_losses: [[8.92321202e-03 1.14014244e-02 1.70706671e-02 2.54053674e-02
  6.63082614e-02 6.46562549e-02 9.40980230e-02 9.78912514e-02
  1.29092548e-01 1.75823445e-01 2.40701515e-01 2.43301303e-01
  3.03474542e-01 4.05316677e-01 4.34217601e-01 5.27098318e-01
  4.74706790e-01 5.87998989e-01 6.40743936e-01 7.88086099e-01
  9.08903932e-01 9.21820424e-01 1.00812553e+00 1.21560406e+00
  1.34239197e+00 1.38209317e+00 1.52886175e+00 1.62381953e+00
  1.80065219e+00 1.83072023e+00]
 [1.19111372e-02 1.19027730e-02 2.26546456e-02 2.98238689e-02
  4.18775061e-02 7.09189039e-02 9.24249099e-02 1.32518795e-01
  1.42242067e-01 1.89711253e-01 2.83213542e-01 2.58946565e-01
  3.41437287e-01 3.81548458e-01 5.86926670e-01 4.83170926e-01
  6.03953565e-01 7.59308230e-01 8.28810095e-01 8.70080549e-01
  9.13262785e-01 9.04298510e-01 1.12900646e+00 1.28423754e+00
  1.40410748e+00 1.45963932e+00 1.65330625e+00 1.74573255e+00
  1.73808384e+00 2.10862429e+00]
 [1.00984843e-02 1.11501984e-02 1.62104703e-02 3.21547316e-02
  4.51566613e-02 7.49516752e-02 9.49099335e-02 1.26134851e-01
  1.69494013e-01 2.39388206e-01 2.18181967e-01 3.54860639e-01
  3.65143696e-01 4.21542746e-01 5.46618897e-01 5.19407019e-01
  6.51413094e-01 7.71958378e-01 7.29707853e-01 9.56336899e-01
  1.11064253e+00 1.25826972e+00 1.39053587e+00 1.38080183e+00
  1.37922525e+00 1.42565046e+00 1.65437954e+00 1.97944619e+00
  1.97682837e+00 2.18932773e+00]
 [1.00613778e-02 1.59666107e-02 1.44217880e-02 2.79368164e-02
  5.12694376e-02 7.77164619e-02 8.63955445e-02 1.49713383e-01
  2.06073645e-01 3.01090337e-01 2.82475813e-01 3.73914078e-01
  4.99143871e-01 5.91571863e-01 5.56860006e-01 7.16196474e-01
  7.34196890e-01 7.85310572e-01 8.74090384e-01 9.52511509e-01
  1.05232667e+00 1.39269169e+00 1.35869554e+00 1.52207897e+00
  1.47710578e+00 1.90087987e+00 1.91983684e+00 2.26269935e+00
  2.27221803e+00 2.52722957e+00]
 [1.18006522e-02 2.03372309e-02 2.76670929e-02 3.73448316e-02
  6.00022491e-02 6.78122596e-02 1.48847336e-01 1.73204350e-01
  1.97081707e-01 3.06716075e-01 3.14348075e-01 4.61028056e-01
  4.04036067e-01 4.94375092e-01 6.63059339e-01 6.35001434e-01
  7.78701127e-01 9.34770257e-01 1.02210373e+00 1.18670316e+00
  1.18059365e+00 1.33458312e+00 1.48129931e+00 1.50296089e+00
  2.10077914e+00 1.95440252e+00 1.97496399e+00 2.26737236e+00
  2.49553892e+00 2.74751220e+00]
 [9.97734141e-03 1.34037086e-02 2.27691600e-02 4.12520735e-02
  6.21138608e-02 8.77987848e-02 1.74148882e-01 1.87067423e-01
  2.29146622e-01 2.96085157e-01 3.64536185e-01 4.91599284e-01
  4.85288150e-01 6.01386028e-01 8.24988452e-01 8.47844947e-01
  7.91099321e-01 1.05783832e+00 1.36825777e+00 1.11986971e+00
  1.25202321e+00 1.70440910e+00 1.65337932e+00 1.67238611e+00
  2.00468882e+00 2.34139291e+00 2.32916047e+00 2.33359923e+00
  2.81776621e+00 2.90148908e+00]
 [9.71500418e-03 1.66765507e-02 3.76476791e-02 5.85680397e-02
  8.49424611e-02 1.16283632e-01 1.85529134e-01 2.31033493e-01
  2.53801576e-01 3.16043598e-01 4.45347468e-01 4.98318229e-01
  4.97169401e-01 7.23124366e-01 8.18466719e-01 9.58738323e-01
  1.03427382e+00 1.12771525e+00 1.44106840e+00 1.58867047e+00
  1.58999217e+00 1.65847071e+00 1.80011588e+00 2.25449914e+00
  2.22057808e+00 2.31368301e+00 2.70108058e+00 2.71484250e+00
  3.26352853e+00 3.06612154e+00]
 [1.14081511e-02 1.28166960e-02 4.71658896e-02 5.89005873e-02
  8.78579384e-02 1.48246040e-01 1.70466467e-01 2.17542256e-01
  3.50021199e-01 4.26036851e-01 4.71023609e-01 5.30186401e-01
  7.22294017e-01 6.92135045e-01 9.05967175e-01 1.04769895e+00
  1.05812077e+00 1.06028824e+00 1.41800322e+00 1.68253757e+00
  1.78091605e+00 1.88941936e+00 2.03836304e+00 2.22491814e+00
  2.72908506e+00 2.60421693e+00 2.82183349e+00 2.99780374e+00
  3.54651958e+00 3.44243254e+00]
 [1.41504703e-02 1.99217106e-02 4.49878453e-02 8.22022070e-02
  1.00662786e-01 1.35350645e-01 1.93345046e-01 2.76323053e-01
  3.61400525e-01 4.13739692e-01 5.41993789e-01 6.68128282e-01
  8.06618581e-01 8.69880172e-01 9.67883973e-01 1.17060711e+00
  1.27456442e+00 1.32315303e+00 1.61037371e+00 1.72648650e+00
  1.90353243e+00 1.93529548e+00 2.58342997e+00 2.25336949e+00
  3.17978197e+00 3.43403201e+00 3.02160574e+00 3.68725818e+00
  4.03262582e+00 4.60036543e+00]
 [1.23509948e-02 1.88574739e-02 3.87980609e-02 8.66240904e-02
  1.00350327e-01 1.81097344e-01 2.12449592e-01 3.14089249e-01
  4.21553895e-01 4.47335183e-01 6.12602419e-01 8.36442721e-01
  8.91783964e-01 1.05078819e+00 1.15142100e+00 1.44534172e+00
  1.57003961e+00 1.61773625e+00 1.94702395e+00 2.37533730e+00
  2.33660186e+00 2.17350165e+00 2.45391130e+00 2.63217972e+00
  3.58011279e+00 3.57709019e+00 3.60294470e+00 3.73724390e+00
  4.82712014e+00 5.15442771e+00]
 [1.17072884e-02 2.82187300e-02 4.51127168e-02 8.68012169e-02
  1.23493530e-01 2.11331185e-01 2.84923011e-01 3.77726555e-01
  3.89623202e-01 5.20441771e-01 6.43549728e-01 7.40249406e-01
  1.00637632e+00 1.11434112e+00 1.26139668e+00 1.66072991e+00
  1.48254400e+00 1.85627254e+00 2.24394378e+00 2.12730955e+00
  2.19607284e+00 3.09780703e+00 3.00725203e+00 3.84835099e+00
  3.69510997e+00 3.99499957e+00 3.75689650e+00 4.17952602e+00
  5.05727226e+00 5.17401598e+00]
 [1.43972619e-02 3.46973182e-02 8.52253364e-02 1.36026628e-01
  2.44664991e-01 3.48247874e-01 4.62277058e-01 6.11688255e-01
  7.87255720e-01 1.00714492e+00 1.23874940e+00 1.58351642e+00
  1.79360504e+00 2.01865686e+00 2.29650437e+00 2.70300726e+00
  2.68806786e+00 3.34067952e+00 3.64129069e+00 3.96619435e+00
  4.72845497e+00 5.25144200e+00 4.78579830e+00 6.17996050e+00
  5.58876840e+00 6.53034764e+00 7.03580423e+00 7.63573376e+00
  7.95398118e+00 8.74256263e+00]
 [2.23705756e-02 6.08387900e-02 1.27304153e-01 2.28227837e-01
  3.48602684e-01 6.20702793e-01 8.43875705e-01 1.07532867e+00
  1.33268744e+00 1.68809425e+00 2.06804898e+00 2.70199326e+00
  3.11978815e+00 2.87195420e+00 3.97475951e+00 4.35653985e+00
  5.15892691e+00 5.62357033e+00 6.20575803e+00 6.35719650e+00
  7.57308377e+00 8.85890632e+00 9.22939641e+00 1.07886626e+01
  9.13177312e+00 1.15996068e+01 1.08963467e+01 1.48545932e+01
  1.61242392e+01 1.68392635e+01]
 [3.11741628e-02 1.10048046e-01 2.74068871e-01 3.90053843e-01
  7.71847674e-01 1.02814977e+00 1.26173588e+00 1.61287763e+00
  2.45017557e+00 2.39732477e+00 3.97030073e+00 4.05757313e+00
  4.76898276e+00 4.96092990e+00 6.76062556e+00 7.49576472e+00
  8.24076907e+00 8.61987631e+00 1.04125951e+01 1.21132349e+01
  1.34328817e+01 1.39184683e+01 1.40327443e+01 1.50207918e+01
  1.80524286e+01 1.91392676e+01 1.92933928e+01 2.43423656e+01
  2.48993238e+01 2.49258315e+01]
 [4.65506007e-02 1.48772756e-01 3.94144235e-01 7.40811531e-01
  1.11825958e+00 1.55713109e+00 2.11046576e+00 3.17887349e+00
  3.55824870e+00 5.07202812e+00 5.27865257e+00 6.18003106e+00
  7.94393892e+00 8.90921970e+00 9.43060327e+00 1.09332343e+01
  1.28592720e+01 1.46301476e+01 1.44251860e+01 1.79447216e+01
  2.04699102e+01 1.96709833e+01 2.31908920e+01 2.86090583e+01
  2.63006259e+01 2.94594002e+01 3.36148839e+01 3.24196865e+01
  3.55796712e+01 4.50064657e+01]]
