args:  Namespace(attack='fgm', gaussian=False, l2=0, ndim=10)
elapsed time: 5202.162394607
test_losses: [[0.00306086 0.00300167 0.00274775 0.00253878 0.00229163 0.00223151
  0.00210953 0.00208944 0.00193571 0.00193591 0.00188176 0.00188198
  0.00185327 0.00170075 0.00176654 0.00170193 0.0016859  0.00171092
  0.0017142  0.0016437  0.00164371 0.0015846  0.00160001 0.00155799
  0.00160959 0.00158615 0.00160034 0.00153335 0.00148515 0.00153403]
 [0.00286969 0.00276273 0.00247917 0.00242061 0.00233337 0.0021465
  0.00205393 0.0020864  0.00195063 0.00187366 0.00198049 0.00175975
  0.00172961 0.00171121 0.00180602 0.00165916 0.00170343 0.00169144
  0.00167794 0.00154134 0.00166937 0.00162379 0.00161285 0.00158121
  0.00153195 0.00160498 0.00157429 0.00149555 0.00150486 0.00154032]
 [0.00444869 0.00218489 0.00221554 0.00216361 0.00198848 0.00183075
  0.0018319  0.00177935 0.00163292 0.00160848 0.00155457 0.00150771
  0.00136366 0.00135694 0.00131653 0.00130028 0.0011858  0.00122632
  0.00123369 0.00118779 0.00119505 0.00117043 0.00115641 0.00116006
  0.00117472 0.00119778 0.00120507 0.00120308 0.00119349 0.00128622]
 [0.00582717 0.00230825 0.00222708 0.0020632  0.00187383 0.00191102
  0.00163654 0.00158283 0.00144619 0.00137281 0.00139008 0.00140981
  0.00135273 0.00139094 0.00132263 0.00141081 0.00128292 0.00122085
  0.00130943 0.00128118 0.00126716 0.00118741 0.00113652 0.00111449
  0.00110737 0.00108941 0.00103249 0.00105557 0.00106543 0.00100141]
 [0.00899644 0.00330924 0.00210878 0.00185929 0.00187019 0.00163082
  0.0016001  0.00146403 0.00134139 0.00118518 0.00111735 0.00110092
  0.0011422  0.00109077 0.0011208  0.00106702 0.00107726 0.0009824
  0.00091044 0.00089771 0.00088825 0.00083115 0.00083096 0.00083895
  0.00077478 0.00072342 0.0007194  0.00078184 0.00074461 0.00075291]
 [0.00953545 0.00366084 0.00231466 0.00198362 0.00178956 0.00163331
  0.00150714 0.00133166 0.00130611 0.00128027 0.00118856 0.00108072
  0.00103782 0.00095856 0.00091231 0.00092888 0.00092779 0.00088123
  0.00095983 0.00090816 0.00091096 0.00098172 0.00088217 0.00088832
  0.00082    0.00077716 0.00081371 0.00076592 0.00072098 0.00067253]
 [0.00999222 0.0045982  0.00273256 0.00223087 0.00183323 0.0016683
  0.00143076 0.00139589 0.00123387 0.00125004 0.00104569 0.0010588
  0.00092339 0.00091804 0.00094908 0.00083497 0.00082894 0.00082788
  0.0007227  0.00072394 0.00066158 0.00065108 0.00065659 0.00065446
  0.00067018 0.00063432 0.00072672 0.00073867 0.00076877 0.00075691]
 [0.01073762 0.00483036 0.00312815 0.00242203 0.00201749 0.00177947
  0.00157183 0.00137186 0.00131803 0.00111444 0.00104271 0.00098298
  0.00087838 0.00089703 0.0008298  0.00075918 0.0007184  0.00070663
  0.00067418 0.00069512 0.00069212 0.00064864 0.0007188  0.0006901
  0.00066478 0.00065218 0.00066767 0.00055046 0.00058344 0.00054354]]
variance: [[8.59046862e-07 1.11108879e-06 9.57876682e-07 8.76564537e-07
  7.85875458e-07 7.27226446e-07 7.13108801e-07 6.95912494e-07
  5.79767436e-07 5.89733237e-07 5.52183456e-07 5.61973108e-07
  5.76413414e-07 5.01126469e-07 5.55172508e-07 4.96838058e-07
  4.43941230e-07 4.76726344e-07 4.10765132e-07 4.23378730e-07
  4.12097500e-07 3.79799192e-07 3.49479835e-07 3.75227678e-07
  3.70994558e-07 3.49656543e-07 3.76262491e-07 3.34168225e-07
  3.10805707e-07 3.59798780e-07]
 [1.03170070e-06 9.52455885e-07 1.02845040e-06 9.13077251e-07
  8.64682471e-07 7.46361196e-07 6.92892078e-07 9.19955076e-07
  8.36209626e-07 7.80506840e-07 8.98861656e-07 8.04048726e-07
  8.27723091e-07 7.16176124e-07 6.47749568e-07 6.41839448e-07
  6.52988448e-07 7.61185145e-07 7.94500527e-07 5.79867353e-07
  8.11556559e-07 6.38163269e-07 6.40947063e-07 5.80857669e-07
  5.19235580e-07 5.33262174e-07 5.42979967e-07 4.96647256e-07
  5.76307422e-07 5.20829289e-07]
 [7.59036893e-06 9.41151110e-07 9.72335626e-07 7.87069354e-07
  7.05154734e-07 6.23070578e-07 7.20474770e-07 7.04561187e-07
  7.41316553e-07 6.31381007e-07 6.32677656e-07 6.71946097e-07
  4.61065883e-07 5.12755688e-07 3.52385941e-07 3.51888996e-07
  3.10368479e-07 2.85920825e-07 3.04777562e-07 2.42308234e-07
  2.76947725e-07 2.85127839e-07 2.65880820e-07 2.67896214e-07
  2.27519254e-07 3.14566119e-07 2.99067716e-07 4.31325685e-07
  3.67062257e-07 4.57519553e-07]
 [1.08693464e-05 1.36411453e-06 1.26588367e-06 9.47030721e-07
  7.01087414e-07 8.55677959e-07 6.12389864e-07 5.25328881e-07
  4.78716246e-07 3.80142308e-07 5.51919090e-07 5.99508595e-07
  5.57056961e-07 6.04536921e-07 6.61319062e-07 1.00519650e-06
  6.15014539e-07 4.95841330e-07 7.33464545e-07 8.10864628e-07
  5.83929105e-07 5.60487264e-07 3.58984926e-07 3.34538885e-07
  3.33421207e-07 3.22735385e-07 1.98016765e-07 2.50324746e-07
  1.96961714e-07 2.03761769e-07]
 [1.83475694e-05 2.62828249e-06 1.30258642e-06 9.54864571e-07
  9.69741745e-07 6.09775239e-07 5.78826927e-07 6.03547028e-07
  5.16266938e-07 3.04490339e-07 3.49900978e-07 3.61979100e-07
  5.54419020e-07 4.23942037e-07 6.01359112e-07 6.21402363e-07
  7.12435944e-07 4.39966816e-07 3.51877213e-07 3.30244405e-07
  3.43273230e-07 2.26587372e-07 1.69197319e-07 1.84111845e-07
  1.40284351e-07 1.27145652e-07 1.04638978e-07 1.33691725e-07
  1.42557382e-07 2.25890973e-07]
 [1.87719618e-05 3.41575219e-06 1.60676575e-06 1.06266707e-06
  8.29089985e-07 6.39641234e-07 5.76508160e-07 4.07142703e-07
  4.97314403e-07 4.65662360e-07 4.53812889e-07 3.69557021e-07
  3.46685306e-07 2.36411551e-07 2.03260464e-07 2.66561962e-07
  3.41957277e-07 3.28069905e-07 6.53307563e-07 5.07550753e-07
  4.75152109e-07 8.36436305e-07 4.86469377e-07 6.01119817e-07
  4.52231393e-07 3.57273448e-07 4.33537273e-07 2.89101745e-07
  1.74167937e-07 1.26127449e-07]
 [1.75404299e-05 5.05566661e-06 2.34841798e-06 1.20069862e-06
  8.98798812e-07 6.68561285e-07 4.70781833e-07 4.25016273e-07
  3.58074728e-07 4.35434640e-07 3.02407914e-07 3.39861859e-07
  2.43437818e-07 2.92812445e-07 4.50169676e-07 2.26440393e-07
  2.92016544e-07 4.13214765e-07 1.94015060e-07 2.10377051e-07
  9.72705767e-08 1.39613683e-07 1.22580161e-07 1.49584410e-07
  2.14105950e-07 1.75064629e-07 4.52946323e-07 5.09177331e-07
  6.01931179e-07 5.30748907e-07]
 [2.16943717e-05 5.60044496e-06 2.45254823e-06 1.60496018e-06
  9.51694578e-07 7.71026303e-07 6.27503738e-07 4.05779704e-07
  3.87129839e-07 2.87951141e-07 2.44115300e-07 2.37188164e-07
  1.67347205e-07 3.40113192e-07 2.61007873e-07 1.47198201e-07
  1.46283106e-07 1.37261065e-07 1.40998800e-07 2.24602452e-07
  2.81594829e-07 3.09342464e-07 4.64532926e-07 4.59614341e-07
  4.15227482e-07 3.47761106e-07 3.28326568e-07 1.69946440e-07
  1.99401423e-07 1.13561001e-07]]
