args:  Namespace(attack='fgsm', c=0.001, ndim=2)
elapsed time: 29970.354861107997
mins: [[0.49578249 0.49734342 0.49718294 0.49358329 0.49458373 0.49479663
  0.49301466 0.49771291 0.4999063  0.49624312 0.49353045 0.49484205
  0.49590832 0.4925231  0.49345964 0.49778739 0.49244151 0.49421352
  0.49472982 0.49261808 0.49439698 0.49410313 0.49333888 0.49262774
  0.49256039 0.49280316 0.49452949 0.49394017 0.49506393 0.49402219]
 [0.49701259 0.49931943 0.49336982 0.49518934 0.49247599 0.49652928
  0.50183123 0.49731451 0.49422425 0.496216   0.49403477 0.49354947
  0.49330989 0.49676859 0.49439049 0.49389493 0.49464414 0.49344876
  0.49387199 0.49404541 0.49354571 0.49253032 0.49251714 0.49385113
  0.49350566 0.49237236 0.49338356 0.49295002 0.49206614 0.49301744]
 [0.49589682 0.49221876 0.50398624 0.49405557 0.49911326 0.49747327
  0.49398619 0.49765962 0.49480253 0.49293584 0.49224436 0.49758306
  0.49385583 0.49320069 0.49440765 0.49433064 0.49602282 0.49539235
  0.49373674 0.49525568 0.49327356 0.4934659  0.49490684 0.49637657
  0.49346155 0.49573213 0.49402317 0.49469885 0.49315679 0.49366486]
 [0.51858121 0.50325334 0.49697492 0.51127297 0.49757326 0.49905244
  0.4977935  0.49416116 0.49926546 0.49915892 0.49652106 0.49439922
  0.50119078 0.50022191 0.4958573  0.50195694 0.4948028  0.49416652
  0.49537921 0.5033074  0.49982187 0.50163823 0.50274384 0.50136364
  0.49192899 0.50039083 0.49975795 0.49561322 0.49464369 0.49879575]
 [0.53678083 0.51899159 0.52071577 0.51192164 0.50890076 0.49780881
  0.50410318 0.50083077 0.50498211 0.50494319 0.51961225 0.50562501
  0.50610644 0.51534879 0.50642556 0.51173908 0.49851972 0.50259697
  0.51058447 0.51058471 0.51318121 0.50559151 0.50824606 0.51472211
  0.50962543 0.52282369 0.50814939 0.51030546 0.51484579 0.50999486]
 [0.5328666  0.50561213 0.52086097 0.51187027 0.519274   0.52222598
  0.52339339 0.50793809 0.51582205 0.5213185  0.50945711 0.51004076
  0.52039772 0.52817714 0.50768697 0.51534975 0.51639903 0.53304273
  0.52299106 0.52501798 0.52767539 0.51471108 0.52715814 0.51720738
  0.53050017 0.50802708 0.51086247 0.52075851 0.51461315 0.52867675]
 [0.54754919 0.52777272 0.52608538 0.54578245 0.51659149 0.53513432
  0.53024346 0.5190897  0.52631783 0.53449225 0.51746112 0.53402668
  0.53896153 0.51728356 0.54040641 0.51837623 0.53003109 0.5476355
  0.53006959 0.52897292 0.53705198 0.52917856 0.53091812 0.52864009
  0.54310733 0.54583496 0.54836613 0.55155063 0.53916115 0.54425508]
 [0.58155262 0.58101541 0.5850265  0.53487229 0.53352112 0.55127966
  0.56983244 0.54861027 0.56594688 0.54833859 0.53975099 0.58039773
  0.54809982 0.55064976 0.55249441 0.56681788 0.57990617 0.56786937
  0.57529843 0.57634294 0.58028966 0.57166851 0.55768931 0.60555923
  0.57617384 0.55313134 0.5855031  0.59429461 0.59603924 0.59749663]
 [0.62088513 0.56844163 0.57357329 0.57948458 0.59881926 0.56930399
  0.58064383 0.60767061 0.59511757 0.63297033 0.67543262 0.58740783
  0.61915958 0.64284331 0.62014818 0.66478997 0.6790905  0.61224014
  0.66529071 0.62530953 0.63052732 0.65812743 0.63220984 0.63967609
  0.70224196 0.62547344 0.66663337 0.62352955 0.78682184 0.65337199]
 [0.62152654 0.63419271 0.61382264 0.60028201 0.57772171 0.65926635
  0.62486625 0.65500259 0.79672408 0.67747831 0.66332078 0.67622566
  0.63332528 0.75461996 0.64311892 0.81281185 1.02718067 1.79145312
  1.62064314 1.78513908 1.81577802 0.94067872 1.82121098 1.02161169
  0.69200975 1.86618018 1.74217725 1.81644297 1.83882678 1.87771344]]
maxs: [[11.88123512  4.1646452   3.5424757   2.99017477  3.32640648  2.32494259
   5.08859921  2.33396077  1.69153452  1.623595    1.7155261   1.62180102
   1.55840075  1.45613122  1.81724989  1.16781855  1.27161896  1.20581615
   1.4192673   1.18631399  1.23698354  1.21141279  1.17639685  1.16439068
   1.24506927  1.11271834  1.03199005  0.91224027  1.15571797  0.96931893]
 [ 4.15328407  2.01611876  3.34303117  2.234972    1.90568364  2.29052877
   1.80820322  1.3888526   1.37585664  1.4182868   1.16470885  1.48518944
   1.02004552  1.1676476   1.00279856  0.94175756  1.07583261  1.01156914
   1.11237621  0.87211496  0.93005699  0.82573259  0.88753617  0.91800475
   0.9361341   0.92589509  0.89982915  0.80692178  0.91572851  0.7867462 ]
 [ 5.07163239  4.63269901  2.80480576  1.82662868  1.85750723  1.38457823
   1.34206271  1.50888562  1.18626499  1.21060193  1.21038759  1.09302402
   1.11647737  0.93741435  0.93939936  1.07291985  1.00460124  1.00169539
   0.98797095  0.87788397  0.90700793  0.94606268  0.96765947  0.84033918
   1.02173471  0.83946848  0.85410595  0.90166771  0.92956889  0.88401592]
 [ 5.83261681  3.61589861  1.93440461  1.50747442  1.40281796  1.47751319
   1.22388148  1.40778112  1.13215935  1.3469466   1.13324189  0.99188411
   1.10114002  0.99096197  1.04789889  1.06789362  1.03120279  1.02757645
   0.98642588  1.12109327  0.88907564  0.92969239  0.98092234  0.8677116
   0.8895452   1.09106863  0.89180517  0.87326312  0.88094562  0.85121876]
 [ 4.05104542  2.1017611   2.08807802  1.97841096  1.94386911  2.02237511
   1.44167972  1.97959995  1.62218726  1.35079229  1.98270011  1.70256257
   1.51433635  1.34599817  1.60674119  1.32414901  1.35246074  1.34994543
   1.23135054  1.03404272  1.13349271  1.35133696  1.04324257  1.43858004
   1.13296628  1.13646972  1.3522259   1.04582095  1.48841286  0.97602034]
 [ 3.68826485  2.0628829   2.00369     2.02994657  2.04524541  1.98404264
   1.93023443  1.63963056  1.95381784  1.74503541  2.03859472  1.93468165
   1.92884076  1.59743011  1.61067581  1.77965951  1.99586344  1.37653065
   1.53360236  1.46423316  1.28441322  1.55137444  1.1645571   1.48517203
   1.38378084  1.3761903   1.49693763  1.19950271  1.46498322  1.26573157]
 [ 3.4889431   2.02833438  2.03083158  2.03697944  2.0448432   2.02750278
   2.01020408  2.03845739  1.97313106  1.98149729  1.95876706  2.00841856
   1.9778353   1.96606266  1.81411123  1.99216986  1.87993908  1.98930645
   1.85248411  1.92758608  1.70495749  1.79930663  1.79315937  1.62660754
   1.77033448  1.83992529  1.94367409  1.73926067  1.65869296  1.63515449]
 [ 2.59741783  2.05351257  2.13081694  2.0536027   2.04690909  2.05257559
   2.06268597  2.02577353  2.12931037  2.02963138  2.0550797   2.05611897
   2.03838611  2.04562283  2.0415473   2.03499985  2.04061484  2.03248906
   2.04896498  2.03316021  2.03385568  2.04542828  2.17904258  2.04287481
   2.09143376  2.04177952  2.03716445  2.08657551  2.03675485  2.02862787]
 [ 3.87917709  2.05463696  2.12817931  2.0579021   2.08808279  2.06348062
   2.12648845  2.05540085  2.04726171  2.06110811  2.04953337  2.05605698
   2.04950953  2.08376741  2.13865995  2.05482626  2.05605841  2.04560518
   2.05257654  2.13408685  2.08529949  2.09123707  2.08653784  2.08005857
   2.07469845  2.06781626  2.05232167  2.05779314  2.20786214  2.07944322]
 [ 2.09829473  2.06777287  2.07066822  2.05701923  2.06040001  2.06133628
   2.07566977  2.05920362  2.0752492   2.06841707  2.08953905  2.05572057
   2.07773209  2.05830812  2.05480027  2.058568    2.06548643  2.06744528
   2.07240152  2.08020687  2.09060073  2.06173897  2.06534672  2.04815054
   2.06908894  2.0820694   2.05862188  2.07476711  2.04867125  2.06377363]]
test_losses: [[1.02124067 0.82251134 0.80832459 0.79582627 0.76971285 0.81383408
  0.79033259 0.77072797 0.73235658 0.73530578 0.7145905  0.72018011
  0.68364736 0.67179391 0.68310461 0.65239175 0.65119208 0.64365628
  0.64529988 0.62955331 0.61656936 0.62660581 0.62248053 0.61584022
  0.6241189  0.60456741 0.60076766 0.5981041  0.5937589  0.59771071]
 [0.90770175 0.76599461 0.76016814 0.76169902 0.7153728  0.70459631
  0.69851647 0.66570903 0.66349411 0.64190925 0.63718317 0.62965969
  0.6136486  0.62114501 0.61020401 0.60266606 0.59558904 0.58721051
  0.58606111 0.58172257 0.58132838 0.5832712  0.57311317 0.58240019
  0.56970642 0.56761807 0.56317841 0.56465453 0.5712562  0.56107005]
 [0.93940532 0.80031946 0.75937243 0.73109307 0.71792927 0.70026731
  0.67315476 0.67946707 0.65611087 0.64890735 0.6336734  0.62674567
  0.61570805 0.60479113 0.61609895 0.61631203 0.60021701 0.60254011
  0.59820101 0.59567194 0.58669113 0.59553048 0.59085899 0.58096441
  0.58729261 0.57762204 0.57784843 0.5733569  0.57595633 0.57617124]
 [1.00484957 0.82745285 0.77519467 0.7614407  0.72737469 0.71799971
  0.7062882  0.70322309 0.67997447 0.67069792 0.65764435 0.64812186
  0.63730686 0.63551622 0.63548281 0.62973921 0.63337494 0.62373458
  0.6166393  0.61779421 0.61428021 0.61751328 0.60619493 0.59545735
  0.59880628 0.6031543  0.60318585 0.60107348 0.5959788  0.59812497]
 [0.9980027  0.87786379 0.83682496 0.78393183 0.79723346 0.77239521
  0.74186405 0.73384787 0.73419665 0.70655662 0.7162149  0.70345515
  0.69052224 0.69896693 0.69883689 0.69631629 0.66727839 0.67514426
  0.67691405 0.67346659 0.66892668 0.68340156 0.66401832 0.67384393
  0.66127377 0.65516067 0.66780888 0.65859297 0.65724852 0.66117557]
 [0.96402412 0.91532835 0.89252261 0.88049954 0.83150028 0.80290238
  0.81608364 0.80087572 0.79770814 0.76738562 0.80411887 0.78412464
  0.76146176 0.75680967 0.75327351 0.75159635 0.75512286 0.73111565
  0.74275994 0.74995081 0.73309733 0.72555958 0.73722769 0.74516892
  0.7257297  0.74060278 0.72831973 0.72677986 0.73007117 0.71934233]
 [1.04302659 0.96908193 0.93885721 0.94926891 0.90258995 0.93069728
  0.90829413 0.9162327  0.86526771 0.88860597 0.87709753 0.84938232
  0.85551996 0.85358573 0.84581804 0.88177794 0.8432291  0.86661394
  0.83635287 0.83495723 0.83457275 0.85170465 0.83833269 0.83592912
  0.84609453 0.840472   0.83478964 0.81851658 0.8114308  0.83662591]
 [1.21879067 1.19754015 1.26563266 1.20484701 1.22722294 1.23784973
  1.24366545 1.28549189 1.28183697 1.29543934 1.30638706 1.29126258
  1.32472644 1.34359543 1.39129534 1.32820137 1.36092158 1.31857628
  1.37851721 1.40908689 1.37711913 1.41782437 1.40431983 1.40821134
  1.41155213 1.46233312 1.41273009 1.44466131 1.45941183 1.43745591]
 [1.37536304 1.49472313 1.52275305 1.60043663 1.60528013 1.68328485
  1.67510477 1.78741689 1.78787406 1.7862952  1.79949007 1.79714947
  1.76115548 1.81942149 1.86162544 1.89703981 1.89091212 1.87420746
  1.89103129 1.89861085 1.89762881 1.9244148  1.91609188 1.89253991
  1.90473848 1.91538988 1.93242109 1.92336904 1.93944791 1.9222845 ]
 [1.47979507 1.68094832 1.76590815 1.79757784 1.86375209 1.89302208
  1.90286429 1.93272452 1.94568292 1.95251    1.94908283 1.95000926
  1.96290322 1.96256655 1.95670782 1.96761105 1.97080479 1.97740785
  1.97312091 1.97708025 1.97782554 1.97610024 1.97318329 1.97265627
  1.97109858 1.97974986 1.97463389 1.9732383  1.97374293 1.97700668]]
