args:  Namespace(attack='fgsm', c=0.1, ndim=10)
elapsed time: 28209.638876532998
mins: [[4.16693185e-03 9.21788218e-04 0.00000000e+00 0.00000000e+00
  0.00000000e+00 0.00000000e+00 0.00000000e+00 0.00000000e+00
  1.00692509e-04 0.00000000e+00 0.00000000e+00 0.00000000e+00
  0.00000000e+00 0.00000000e+00 0.00000000e+00 0.00000000e+00
  0.00000000e+00 0.00000000e+00 0.00000000e+00 0.00000000e+00
  0.00000000e+00 0.00000000e+00 0.00000000e+00 3.01984546e-04
  0.00000000e+00 0.00000000e+00 0.00000000e+00 0.00000000e+00
  0.00000000e+00 0.00000000e+00]
 [1.30065379e-03 3.37785488e-04 8.25617928e-04 3.47125519e-04
  0.00000000e+00 0.00000000e+00 0.00000000e+00 0.00000000e+00
  0.00000000e+00 0.00000000e+00 0.00000000e+00 0.00000000e+00
  0.00000000e+00 0.00000000e+00 0.00000000e+00 0.00000000e+00
  0.00000000e+00 0.00000000e+00 0.00000000e+00 0.00000000e+00
  0.00000000e+00 0.00000000e+00 0.00000000e+00 0.00000000e+00
  0.00000000e+00 0.00000000e+00 0.00000000e+00 0.00000000e+00
  0.00000000e+00 0.00000000e+00]
 [2.15140404e-03 5.33553364e-04 0.00000000e+00 0.00000000e+00
  0.00000000e+00 0.00000000e+00 0.00000000e+00 0.00000000e+00
  0.00000000e+00 0.00000000e+00 0.00000000e+00 0.00000000e+00
  0.00000000e+00 0.00000000e+00 0.00000000e+00 0.00000000e+00
  0.00000000e+00 0.00000000e+00 0.00000000e+00 0.00000000e+00
  0.00000000e+00 0.00000000e+00 0.00000000e+00 0.00000000e+00
  0.00000000e+00 0.00000000e+00 0.00000000e+00 0.00000000e+00
  0.00000000e+00 0.00000000e+00]
 [5.44828037e-03 2.74791289e-03 0.00000000e+00 0.00000000e+00
  0.00000000e+00 0.00000000e+00 0.00000000e+00 0.00000000e+00
  0.00000000e+00 0.00000000e+00 0.00000000e+00 0.00000000e+00
  0.00000000e+00 0.00000000e+00 0.00000000e+00 0.00000000e+00
  0.00000000e+00 0.00000000e+00 0.00000000e+00 0.00000000e+00
  0.00000000e+00 0.00000000e+00 0.00000000e+00 0.00000000e+00
  0.00000000e+00 0.00000000e+00 0.00000000e+00 0.00000000e+00
  0.00000000e+00 0.00000000e+00]
 [7.38328462e-03 1.51158450e-03 3.20927030e-03 0.00000000e+00
  3.88613931e-04 0.00000000e+00 0.00000000e+00 0.00000000e+00
  4.63807592e-05 0.00000000e+00 0.00000000e+00 0.00000000e+00
  0.00000000e+00 0.00000000e+00 0.00000000e+00 0.00000000e+00
  0.00000000e+00 1.44225360e-05 0.00000000e+00 0.00000000e+00
  0.00000000e+00 0.00000000e+00 0.00000000e+00 0.00000000e+00
  0.00000000e+00 0.00000000e+00 0.00000000e+00 0.00000000e+00
  0.00000000e+00 0.00000000e+00]
 [3.86315864e-03 3.50422203e-03 1.74723740e-03 1.71188533e-03
  1.37240707e-03 2.56870379e-04 2.07167861e-04 0.00000000e+00
  9.87274107e-04 1.41661288e-03 0.00000000e+00 0.00000000e+00
  0.00000000e+00 1.55427449e-04 0.00000000e+00 0.00000000e+00
  0.00000000e+00 0.00000000e+00 0.00000000e+00 4.64198005e-04
  0.00000000e+00 0.00000000e+00 0.00000000e+00 0.00000000e+00
  0.00000000e+00 0.00000000e+00 0.00000000e+00 0.00000000e+00
  0.00000000e+00 0.00000000e+00]
 [1.87106449e-02 3.16604367e-03 3.07565695e-03 2.69460084e-04
  1.95611129e-03 0.00000000e+00 0.00000000e+00 0.00000000e+00
  1.72044034e-03 0.00000000e+00 0.00000000e+00 2.15928024e-03
  0.00000000e+00 0.00000000e+00 0.00000000e+00 0.00000000e+00
  0.00000000e+00 0.00000000e+00 0.00000000e+00 0.00000000e+00
  3.87357461e-04 6.74790761e-04 7.36597169e-04 0.00000000e+00
  2.68167845e-04 0.00000000e+00 0.00000000e+00 0.00000000e+00
  0.00000000e+00 0.00000000e+00]
 [1.46963838e-02 2.65891966e-03 9.73678660e-03 8.90131574e-03
  3.56659293e-03 2.24540476e-03 2.82544200e-03 4.59941989e-03
  3.60269239e-03 5.09912334e-03 4.53172345e-03 2.47448147e-03
  0.00000000e+00 8.35733430e-04 1.92446227e-03 1.17976253e-03
  3.33409320e-04 1.44989009e-03 1.51509757e-03 3.56332492e-03
  4.11064015e-04 4.33870562e-04 0.00000000e+00 0.00000000e+00
  0.00000000e+00 0.00000000e+00 1.40726333e-03 2.84502213e-03
  4.84678749e-04 1.56371470e-03]
 [2.53185425e-02 1.92570407e-02 1.15327630e-02 1.17552998e-02
  9.45726782e-03 1.02467388e-02 1.25175593e-02 8.84207990e-03
  4.69355332e-03 2.65198457e-03 6.98233861e-03 3.48510267e-03
  4.54013352e-04 3.73555371e-03 4.34529874e-03 2.85471790e-03
  5.86606842e-03 4.77286801e-03 2.24006292e-03 0.00000000e+00
  6.15014974e-03 2.77676107e-03 1.22598046e-03 1.04902382e-03
  0.00000000e+00 4.07353835e-03 2.06614728e-04 1.37720350e-03
  0.00000000e+00 0.00000000e+00]
 [2.62614638e-02 1.67493187e-02 1.86831411e-02 5.96182840e-03
  1.85793545e-02 6.15900941e-03 1.74794812e-02 0.00000000e+00
  6.59105647e-03 1.25642885e-02 6.40963065e-03 9.98908002e-03
  8.24404228e-03 5.86342532e-03 7.30707403e-03 5.50817652e-03
  6.37159776e-03 6.61955820e-03 3.78219970e-03 3.87531100e-03
  2.71253334e-03 6.31995266e-03 3.48031987e-03 1.19071244e-03
  1.25087739e-03 5.88714890e-03 5.44140930e-04 6.51548500e-04
  6.02433318e-03 3.96545883e-03]]
maxs: [[1.33892214 0.95510125 0.52888608 0.25670418 0.27527875 0.29916987
  0.10421143 0.10261989 0.18615876 0.12123021 0.08146796 0.08295827
  0.08959358 0.08167848 0.07353145 0.0948429  0.07972701 0.09567888
  0.08553704 0.09623811 0.09563061 0.09996708 0.07473152 0.07603075
  0.09952907 0.08537813 0.09516843 0.06663261 0.09387163 0.06825244]
 [1.37953997 1.04156709 0.56305337 0.28923702 0.35738388 0.16056673
  0.257173   0.11558758 0.10116495 0.0654231  0.18501352 0.07570972
  0.15470117 0.1107869  0.11620002 0.08538107 0.11065459 0.06563113
  0.1242082  0.06481567 0.05731127 0.05583684 0.09838488 0.05680734
  0.09589744 0.07777832 0.0662301  0.06242857 0.06056947 0.05677405]
 [1.91219664 0.45143697 0.28995356 0.66961038 0.21131524 0.14546824
  0.10778309 0.10946953 0.07874124 0.08921687 0.18844345 0.17517155
  0.10825419 0.10389003 0.05313563 0.13002831 0.16167417 0.06498543
  0.08851276 0.08676685 0.05201843 0.05985338 0.06571776 0.06842805
  0.07819828 0.06798194 0.07598894 0.06026869 0.06131066 0.05078364]
 [1.14373434 0.88766098 0.24206655 0.26379126 0.26608697 0.14106944
  0.14292911 0.09579557 0.12980396 0.10196424 0.11309978 0.16170952
  0.09621682 0.09073204 0.07214087 0.168354   0.24182697 0.06552689
  0.13906804 0.05732734 0.06992549 0.14531955 0.18521518 0.09913917
  0.05604819 0.09277244 0.09865378 0.09063143 0.08436543 0.05477282]
 [1.95939994 1.1384877  0.71824002 0.36362123 0.24741457 0.51001024
  0.22541328 0.14995889 0.23769453 0.18306139 0.14258458 0.12347272
  0.14099118 0.17130277 0.15876594 0.2078523  0.13236383 0.13937396
  0.09882318 0.20498234 0.14714031 0.11331964 0.1752331  0.10010403
  0.10235275 0.1009399  0.14022037 0.14675677 0.09416555 0.16716687]
 [1.94049072 0.63399398 0.94739896 0.39908099 0.19088361 0.2528801
  0.27858844 0.34450126 0.23484354 0.16678417 0.29812494 0.17473245
  0.13243079 0.21473823 0.24179587 0.37541366 0.11294091 0.15288608
  0.14410517 0.13009712 0.29755789 0.19086953 0.1601484  0.12725265
  0.12439734 0.11478943 0.13651696 0.11865053 0.14931622 0.16295981]
 [1.9451139  1.25650346 0.48770747 0.33823657 0.36601061 0.40458024
  0.50467622 0.38277945 0.3327488  0.20914373 0.2573401  0.36901769
  0.22238088 0.28521013 0.18438229 0.19474733 0.24354941 0.23293769
  0.20897305 0.20067161 0.29684806 0.18714696 0.156635   0.17512673
  0.18667823 0.20297083 0.1922195  0.17900376 0.18133955 0.17687103]
 [1.35985947 0.71380806 0.75829864 0.75865698 0.42863464 0.48018944
  0.41107452 0.41191775 0.46788666 0.34354478 0.47127351 0.48815691
  0.45037979 0.49871811 0.33788815 0.28490335 0.34798229 0.39220637
  0.34950918 0.37694514 0.25958455 0.25924134 0.39348233 0.26663259
  0.22961462 0.67107236 0.47952572 0.21679679 0.35893717 1.20520139]
 [1.92342472 1.96939826 1.80133748 1.85227942 1.87567663 1.70008934
  1.90325177 1.79871786 1.64904094 1.93774104 1.71433783 1.74235225
  1.69826269 1.77994084 0.52399933 1.55598235 1.55562305 1.46895969
  0.40253052 1.53995919 1.67952085 1.76642621 1.72855616 0.80272973
  0.38247836 1.66262269 1.63103795 1.51848197 1.81950843 1.73968768]
 [1.93083429 2.07176161 2.07402229 1.98496199 2.09882832 2.01552439
  1.96423602 1.96838164 2.00911045 1.90448809 1.9969821  1.91254139
  1.89242435 1.94328809 1.9341718  1.94638908 2.00921941 1.96364892
  1.92404783 1.93984318 2.01646709 2.06685424 1.99652982 1.93222106
  2.00919485 1.94455552 1.91862774 2.01357937 1.92119169 1.98912179]]
test_losses: [[0.17180799 0.07414403 0.04148651 0.03251872 0.02601155 0.02719388
  0.023414   0.02401747 0.02411815 0.02156668 0.02164006 0.0220583
  0.02044208 0.01968131 0.02058143 0.02099637 0.02075822 0.02184247
  0.02257377 0.02090065 0.02000188 0.01966725 0.02015405 0.02041881
  0.02141617 0.02072392 0.02032932 0.0182221  0.02104443 0.02081857]
 [0.17475578 0.06773564 0.04257884 0.03296943 0.03017545 0.02462421
  0.02044917 0.01871654 0.0188846  0.01721861 0.01881848 0.01681141
  0.01715868 0.01537712 0.01579151 0.01640234 0.01518096 0.01403505
  0.01476684 0.01470479 0.0131183  0.01575513 0.01520336 0.0150944
  0.01519984 0.01718531 0.01523504 0.01513235 0.0163676  0.01527313]
 [0.17348511 0.05924511 0.04181786 0.03516442 0.02958556 0.02795116
  0.02282899 0.02133427 0.01955841 0.01968337 0.01802706 0.01773427
  0.01674941 0.01696783 0.01403465 0.01611467 0.01535485 0.01511918
  0.01475869 0.01387429 0.01415195 0.01401618 0.01437119 0.014283
  0.01429723 0.01258487 0.0139737  0.01384196 0.01262992 0.01253324]
 [0.16843298 0.07235358 0.04835342 0.03878405 0.0332672  0.02651023
  0.02649355 0.02333268 0.02473189 0.02173479 0.01925188 0.02125244
  0.01881039 0.01773083 0.01756113 0.01591136 0.01692037 0.01588346
  0.01759936 0.01501444 0.0150287  0.01612101 0.01556099 0.01484722
  0.01348916 0.01394231 0.01404656 0.01365073 0.01311836 0.01281177]
 [0.15369865 0.08456909 0.05958471 0.04605157 0.04050399 0.03557942
  0.03246867 0.0319229  0.03150858 0.02659725 0.02436575 0.02407638
  0.02478795 0.02278209 0.02109323 0.02242372 0.02200472 0.0215663
  0.01940541 0.0204188  0.02035004 0.01830985 0.018569   0.01712373
  0.01736987 0.01736669 0.01857229 0.01819938 0.01791791 0.01768368]
 [0.19637892 0.08885202 0.07481138 0.05473379 0.04495044 0.04291241
  0.04217872 0.03801392 0.0372271  0.03249306 0.03083562 0.03299443
  0.03105693 0.02936989 0.02928586 0.02866325 0.02666219 0.02531962
  0.02509287 0.024479   0.02544894 0.0257449  0.02478775 0.02312389
  0.02200679 0.02255071 0.02198911 0.02134178 0.02212588 0.02300768]
 [0.20278893 0.10947298 0.08184701 0.06133716 0.05893594 0.05181331
  0.04840049 0.04492143 0.04718995 0.04072733 0.04058603 0.04404555
  0.03907416 0.0387339  0.03728661 0.0343453  0.03705853 0.03726249
  0.03306117 0.03456529 0.03691059 0.03329964 0.03240952 0.03332708
  0.03193141 0.02928094 0.03024194 0.03002586 0.0303044  0.03201714]
 [0.24020605 0.1256677  0.1247576  0.10080946 0.08700715 0.08282454
  0.08000606 0.07491648 0.07473554 0.06968366 0.06658087 0.06322179
  0.06289886 0.06471571 0.05789948 0.05812758 0.06018138 0.05744049
  0.05505531 0.0528724  0.05838654 0.05184432 0.05360624 0.04900034
  0.04949574 0.05408396 0.0507022  0.04854665 0.04722271 0.05430227]
 [0.29759674 0.21245379 0.19464392 0.15275518 0.13405478 0.1271648
  0.11402083 0.13640719 0.10031099 0.11618959 0.09672851 0.09769314
  0.09225512 0.1004802  0.0743943  0.08002995 0.07814534 0.06819336
  0.06744391 0.06745365 0.08006778 0.07826533 0.06930743 0.05836313
  0.05865722 0.07204816 0.0554922  0.05823992 0.06375262 0.07138049]
 [0.38312063 0.30284401 0.28381267 0.2465609  0.29295029 0.24882597
  0.2135876  0.29314763 0.34236348 0.28761082 0.27855514 0.22266298
  0.24224696 0.26853407 0.22583613 0.24096539 0.24406395 0.28812389
  0.24770942 0.2613367  0.33206603 0.23530698 0.20260893 0.24267598
  0.29824248 0.31506645 0.26383839 0.21987945 0.19780761 0.26399754]]
