args:  Namespace(attack='fgsm', c=0.1, ndim=2)
elapsed time: 30030.629758773
mins: [[0.30462661 0.28380424 0.28954786 0.29392278 0.29324719 0.29112345
  0.29469424 0.2955302  0.29589075 0.29016581 0.2927784  0.29350948
  0.29267025 0.28976592 0.29908556 0.28451502 0.29046154 0.29090437
  0.29231673 0.29573771 0.2946004  0.30093801 0.29208153 0.2920754
  0.29328004 0.29069611 0.28771043 0.29285732 0.29572278 0.29754865]
 [0.3107799  0.29613006 0.30165631 0.28722137 0.28468096 0.29007161
  0.28824061 0.29157716 0.28518465 0.2939471  0.28897077 0.2997258
  0.29070425 0.29406488 0.29123884 0.29659104 0.28920692 0.29622379
  0.29228219 0.29344612 0.29643416 0.29774919 0.29562646 0.29006588
  0.29589432 0.29333177 0.29821751 0.29643518 0.29818594 0.30444506]
 [0.29287237 0.29361293 0.29884404 0.30455351 0.29032326 0.28479195
  0.28762293 0.28820992 0.29029104 0.28941205 0.30240095 0.29466248
  0.29862273 0.29211289 0.29183716 0.28595224 0.30316767 0.29485512
  0.28916186 0.29650968 0.29127049 0.29533923 0.30247378 0.29589197
  0.29954514 0.30342138 0.29643816 0.30658212 0.29526851 0.30489898]
 [0.32990476 0.3128835  0.31148446 0.29809543 0.30343178 0.29922575
  0.30186182 0.29670277 0.30362451 0.29779601 0.29399216 0.30004728
  0.30143544 0.2994259  0.30690038 0.2969324  0.31348789 0.30443221
  0.30303052 0.29607365 0.31305248 0.30540913 0.31328067 0.30424857
  0.30186602 0.31104285 0.30699351 0.30908951 0.30887619 0.30097756]
 [0.35223633 0.32386059 0.31828213 0.32095081 0.30956084 0.30237931
  0.30315733 0.31285647 0.3075428  0.31246066 0.31282362 0.31761608
  0.33570576 0.32447773 0.3059324  0.31845325 0.3235645  0.33388051
  0.33183432 0.32142133 0.32800058 0.31990057 0.32565349 0.33027291
  0.33736467 0.32633305 0.32545608 0.32256505 0.33745304 0.32630867]
 [0.3460049  0.3383438  0.33463168 0.3342455  0.32830584 0.31217957
  0.33237201 0.33077216 0.31351122 0.32510233 0.33354712 0.34850806
  0.33188421 0.32448316 0.33996552 0.32793707 0.34123343 0.33573413
  0.33248526 0.3266989  0.34136507 0.33562714 0.33561802 0.34417158
  0.33826858 0.33342248 0.33059588 0.35076147 0.34411871 0.35473487]
 [0.3601853  0.35477918 0.33759707 0.33949369 0.33209607 0.33897716
  0.34808743 0.34887856 0.33092433 0.32862034 0.343198   0.33005923
  0.32707164 0.37254617 0.34152156 0.33871832 0.33480069 0.34767905
  0.35941756 0.35703591 0.36247391 0.34546846 0.34761196 0.35196003
  0.34521699 0.35571134 0.36776477 0.35665733 0.35759804 0.36440939]
 [0.37449774 0.39248109 0.36314812 0.36294836 0.36804247 0.34815827
  0.35441461 0.37660155 0.38086361 0.32734239 0.38631105 0.37239981
  0.37504023 0.36674333 0.36122453 0.38217038 0.39705229 0.40140513
  0.41626126 0.40655738 0.44607228 0.40973747 0.40526795 0.39948437
  0.36599544 0.41578397 0.39287609 0.40846652 0.40579009 0.41508177]
 [0.37624604 0.40151393 0.38391793 0.42994231 0.35479283 0.40488723
  0.39580452 0.41349259 0.43038133 0.43027091 0.38493451 0.44937104
  0.47488946 0.39867055 0.51778185 0.47469181 0.50986761 0.45526576
  0.47778067 0.45532155 0.49655348 0.54163492 0.51066345 0.51078737
  0.46835876 0.44154134 0.50446546 0.63741761 0.65758097 0.673913  ]
 [0.43792868 0.4365291  0.39342189 0.42322615 0.40654957 0.49327227
  0.46866572 0.57352805 0.50632977 0.45440412 0.76524734 0.43665236
  0.63016778 0.4891223  1.49709225 0.66982847 0.46106583 1.70953321
  1.54656613 0.7801981  1.8502984  0.60085595 1.84647632 0.54482096
  1.83074474 0.85057098 1.8145144  1.80380261 0.52207816 1.70271802]]
maxs: [[8.74029446 6.31660891 3.7081871  3.70072746 1.82786131 1.95491672
  1.2213465  1.11646998 0.88517165 1.00275004 1.05726755 0.90786999
  0.88277495 0.96044713 0.79118133 0.6693235  0.75133282 0.61370778
  0.63935435 0.63275754 0.57387924 0.62970144 0.55632436 0.51638281
  0.5848999  0.57477432 0.55595231 0.50813663 0.56127381 0.52247268]
 [7.89591026 6.43730927 1.62016261 1.92887318 1.23775053 1.00577414
  1.07880962 1.15300918 0.87371075 0.87125254 1.03572202 0.95348722
  0.78836846 0.85271931 0.76347208 0.72323322 0.70827579 0.78964108
  0.72447586 0.67069638 0.68388617 0.73350042 0.68371511 0.61897993
  0.74808347 0.59941918 0.58321947 0.63020247 0.54597783 0.6144641 ]
 [6.28527021 2.60543466 1.53673756 1.32846057 1.92527866 1.09412026
  1.12096548 1.09371459 0.8925786  0.8736732  0.93859452 0.92946798
  0.8477999  0.87035573 0.7488386  0.73884165 0.94445884 0.83807409
  0.75022608 0.77310723 0.81438756 0.78660828 0.77078736 0.74043834
  0.75590432 0.64052796 0.65519726 0.82054842 0.69937706 0.74617982]
 [5.44549656 2.02264071 2.04578495 1.53212237 1.91424596 1.35968208
  1.46188498 1.10557628 1.18225884 0.99923891 0.93691695 0.99214613
  1.10961819 0.91148722 1.03837538 0.83834898 0.90787107 0.81821823
  0.8848694  0.8503449  0.83562851 0.86136705 0.83963656 0.77392942
  0.80752999 0.76764214 0.90008688 0.87619013 0.75134343 0.72565103]
 [5.36273766 2.07215309 2.00728083 1.67114139 1.95770848 1.64401913
  1.97281396 2.0634737  1.52339602 1.69518161 1.41195703 1.09439671
  1.22032583 1.86588693 1.53166568 1.35212028 1.13046563 1.22553909
  1.25664365 1.2430321  0.93866777 1.17735422 1.29242277 1.04870582
  1.1740191  1.19990349 1.12802804 1.2239368  1.23495281 0.95023012]
 [4.58735704 2.0694356  2.03713822 2.03137016 2.0824399  1.9929831
  1.98245335 1.60673404 1.55838513 1.9046191  1.83553743 1.72479439
  1.97540283 1.45061636 1.58013368 1.77645075 1.47257686 1.50636554
  1.44857669 1.41005194 1.40856433 1.81764865 1.32740498 1.40121448
  1.45900261 1.49439716 1.39683795 1.2048347  1.31000948 1.37844813]
 [3.88595009 2.05830956 2.03122663 2.025105   2.0244391  2.06983352
  1.99459815 1.98649502 1.98032975 1.94331789 1.96350622 1.98311782
  1.97468531 1.94540739 1.87942326 1.84872532 1.90883124 1.62445354
  1.53524268 1.87400341 1.94532692 1.85647416 1.5330776  1.82003236
  1.81560183 1.66569567 1.48290956 1.60816991 1.83781016 1.49858105]
 [2.06620288 2.05214095 2.04621315 2.03831387 2.04397583 2.0335536
  2.06115723 2.05002236 2.0496912  2.13425541 2.11180711 2.06680489
  2.17934084 2.03998184 2.04704452 2.06664491 2.07656431 2.10911894
  2.05478835 2.03869009 2.0958066  2.04439163 2.05765295 2.06056309
  2.06107807 2.14798284 2.03608036 2.02151012 2.10659432 2.05681324]
 [4.44600868 2.05500269 2.06206226 2.06033707 2.06131387 2.07336664
  2.11669779 2.06552911 2.05965471 2.06489158 2.06305504 2.05034304
  2.06306744 2.08706093 2.06364775 2.10354614 2.10006952 2.11674762
  2.05332279 2.06682277 2.0634551  2.0722785  2.19625115 2.11034608
  2.07775521 2.05476785 2.0877614  2.07069731 2.06472397 2.16374898]
 [2.06420517 2.08963609 2.06376982 2.11263061 2.07616854 2.06254292
  2.13242769 2.05409074 2.06639099 2.08541369 2.07915854 2.0697453
  2.06282377 2.0942688  2.0487287  2.06313968 2.09716415 2.08136964
  2.06169081 2.06560445 2.06635809 2.06247377 2.07320404 2.07004285
  2.07846832 2.06275845 2.06846642 2.06207967 2.06463075 2.07881451]]
test_losses: [[0.81815154 0.59766889 0.51299143 0.48479989 0.46435698 0.4432566
  0.41901416 0.41758426 0.3986983  0.39077876 0.3876033  0.38289679
  0.38636719 0.38551075 0.37910019 0.36844212 0.36917365 0.3708745
  0.37156179 0.36695115 0.37254308 0.37317737 0.36451553 0.36366681
  0.36647411 0.36827782 0.36293605 0.36847493 0.36741269 0.36432531]
 [0.89716908 0.60754135 0.53593083 0.50978558 0.49585092 0.45576072
  0.46310387 0.44629975 0.4403367  0.42748233 0.42876901 0.42439821
  0.40600928 0.41596339 0.40743892 0.39538266 0.39718717 0.40332161
  0.39936654 0.38860971 0.39044042 0.39081388 0.39196782 0.38440185
  0.38587782 0.38043004 0.3800599  0.38472049 0.37417824 0.3725782 ]
 [0.8116888  0.63939701 0.55961441 0.54720848 0.53816145 0.50721297
  0.50732645 0.4707959  0.46856358 0.45374513 0.45462003 0.44586061
  0.43534797 0.43873378 0.43349489 0.4291786  0.42649103 0.41632008
  0.4176184  0.41733867 0.41480652 0.41091886 0.41338148 0.41579601
  0.41231497 0.40543555 0.40434363 0.40825163 0.40399821 0.40744119]
 [0.78537325 0.63631007 0.61127478 0.57646158 0.55777558 0.54486095
  0.52707069 0.51084501 0.4918919  0.49281997 0.48488434 0.47998691
  0.49070204 0.46453329 0.45862204 0.4580713  0.45423928 0.45454647
  0.45125829 0.44376912 0.45232748 0.44229114 0.43491484 0.4397539
  0.43913384 0.43572259 0.42587678 0.4320919  0.43905758 0.43173449]
 [0.89837157 0.75471284 0.69032216 0.62862933 0.62713068 0.58780376
  0.60739601 0.59253897 0.56074452 0.56344679 0.55787991 0.53016293
  0.55038611 0.5482616  0.55170373 0.53837368 0.52949107 0.53228265
  0.50600997 0.51207008 0.49473846 0.50813358 0.51971817 0.49211029
  0.51248949 0.49350551 0.48713549 0.50829071 0.49880542 0.48585706]
 [0.87827947 0.76078249 0.77559266 0.72339563 0.7018977  0.66858622
  0.68186274 0.66505824 0.6505126  0.64145141 0.6318266  0.62886706
  0.64053966 0.63229463 0.57509494 0.61213296 0.5993072  0.61580519
  0.58242368 0.58230882 0.59062345 0.57754955 0.57862669 0.5787704
  0.57745502 0.57483476 0.5707369  0.55341724 0.55775747 0.56308383]
 [0.9283156  0.84700298 0.78933458 0.81192064 0.81220157 0.79307255
  0.76151629 0.73600892 0.74205807 0.76080657 0.74821589 0.77135846
  0.72186841 0.73972393 0.7332873  0.69563143 0.69359408 0.71163533
  0.71309679 0.70566364 0.69543744 0.67950495 0.68720214 0.71635108
  0.68680115 0.71362989 0.67836003 0.67122999 0.68397889 0.69698636]
 [1.04869868 1.08947412 1.10902343 1.13293055 1.18750309 1.21020184
  1.17858048 1.2108208  1.23166226 1.26493142 1.2236471  1.27687163
  1.33456498 1.2412561  1.29650278 1.27242069 1.32543232 1.29828551
  1.33990651 1.31153836 1.34114531 1.33425198 1.3304547  1.32183366
  1.29793598 1.38189815 1.3289166  1.37505344 1.33306565 1.34588672]
 [1.21144521 1.31485156 1.47944987 1.51707057 1.56132248 1.65630642
  1.68838459 1.67388193 1.7288665  1.69057623 1.78646136 1.78912886
  1.81170261 1.82739272 1.82825918 1.87309527 1.84116494 1.83628678
  1.89041037 1.90934    1.88182104 1.88585111 1.90304398 1.91179628
  1.87880961 1.91942959 1.92060788 1.92838262 1.93281351 1.92521617]
 [1.36953269 1.59292175 1.66187454 1.78796216 1.83161386 1.88800239
  1.8886557  1.92672234 1.94198205 1.93436342 1.95662454 1.96048107
  1.94717227 1.95615347 1.97067139 1.95980994 1.9607404  1.97159587
  1.96939702 1.97056119 1.97757619 1.9633491  1.97423559 1.96205748
  1.9717208  1.96824583 1.97105293 1.97319466 1.96689358 1.97326789]]
