args:  Namespace(attack='fgsm', c=1.0, ndim=2)
elapsed time: 29862.199694389
mins: [[0.27442747 0.28711015 0.32285279 0.30988848 0.3226563  0.29414755
  0.3181448  0.31419858 0.27870584 0.30317652 0.30621606 0.31801194
  0.31354457 0.3047708  0.28889865 0.29818475 0.32155007 0.3262895
  0.30358624 0.32249445 0.30212492 0.29706964 0.32678398 0.31531033
  0.30819452 0.29558918 0.32116139 0.29826534 0.29691949 0.30367929]
 [0.29042932 0.27676407 0.28870669 0.29601532 0.29234779 0.27966872
  0.29930532 0.28524601 0.28583831 0.30034307 0.29032052 0.31214267
  0.29187131 0.30070376 0.29498017 0.28650641 0.31867713 0.30181116
  0.29501355 0.2762987  0.31644741 0.30600196 0.31194615 0.30595484
  0.28436482 0.29406428 0.32491657 0.3064276  0.31852725 0.30536363]
 [0.2680696  0.27289405 0.26945865 0.28360218 0.29722917 0.28697044
  0.28453267 0.29586342 0.3037169  0.28527391 0.31794804 0.30945104
  0.26943529 0.27704811 0.29231599 0.28562126 0.28774393 0.2925587
  0.29863003 0.30740774 0.29499879 0.30566883 0.31735736 0.31949633
  0.2876702  0.29860866 0.30298588 0.28356621 0.31619948 0.29923481]
 [0.26785371 0.28173405 0.27013278 0.26955312 0.27520323 0.27644801
  0.2713685  0.30957469 0.28847504 0.29132605 0.31812161 0.28705689
  0.30379692 0.29298547 0.30804375 0.28864571 0.30883259 0.29673022
  0.31056005 0.33143029 0.29489356 0.31245187 0.30985332 0.32870838
  0.3365851  0.32186514 0.33204788 0.31230095 0.31730783 0.32526344]
 [0.28077027 0.297631   0.25968191 0.26927844 0.28883833 0.30231142
  0.27138951 0.29462829 0.27683222 0.3024362  0.28017598 0.32128835
  0.32118154 0.32110038 0.30859014 0.31840703 0.31766239 0.33013827
  0.32092288 0.3416363  0.32784486 0.31796578 0.34463972 0.34793496
  0.34167773 0.32024413 0.32917988 0.34392232 0.30932501 0.34520346]
 [0.29181528 0.2885462  0.28304204 0.2868011  0.29182339 0.28003493
  0.29669264 0.28940362 0.29336762 0.30138272 0.3028934  0.33291379
  0.31618553 0.29171312 0.31847009 0.30660731 0.32985517 0.33318552
  0.32465351 0.35427865 0.35133147 0.32391447 0.33782119 0.36262804
  0.31382674 0.32548848 0.3485474  0.33391804 0.36278975 0.37911385]
 [0.30167651 0.30157578 0.28286737 0.29124862 0.28297341 0.29828703
  0.31127158 0.29764152 0.31035    0.2815693  0.31174374 0.35491937
  0.32102039 0.33084244 0.31756914 0.32763565 0.34206182 0.3225047
  0.30573502 0.34469232 0.34530276 0.32911307 0.34357858 0.33799642
  0.35478944 0.29873478 0.34509909 0.35833487 0.33001941 0.34211487]
 [0.34308738 0.30721936 0.32630694 0.32714218 0.29628396 0.32177055
  0.32893133 0.35226101 0.2915554  0.34087753 0.33863628 0.35745689
  0.37808579 0.40515095 0.34320396 0.39572421 0.39033669 0.35017872
  0.36560422 0.4183515  0.33094397 0.36497271 0.3992798  0.39316893
  0.36924118 0.42107886 0.35951349 0.36993971 0.37290096 0.35128203]
 [0.37115052 0.34377199 0.35576856 0.33143303 0.32978448 0.3436594
  0.35557687 0.41593891 0.37804037 0.42980301 0.37040922 0.32603127
  0.41401327 0.36414245 0.40503621 0.42733881 0.45063835 0.44393197
  0.39957511 0.41469905 0.46192598 0.38349316 0.412862   0.41270584
  0.4679932  0.4616164  0.43667954 0.44654268 0.46491027 0.64570969]
 [0.35935682 0.35605878 0.40356573 0.33658049 0.40546015 0.44223857
  0.77620757 0.7566573  0.56775969 0.38110459 1.24069571 1.35782576
  1.59616566 0.41762665 1.71901119 1.45603347 1.76071405 0.56676811
  1.74425817 1.84380722 1.76125503 1.84381628 1.81371582 1.7721405
  1.83596706 1.85875797 1.32917309 1.85422444 1.7378248  1.78645182]]
maxs: [[4.53938293 3.53018713 2.86940384 1.80920494 1.00136781 1.18444276
  0.97298574 1.43398893 0.97381234 1.09132528 0.86935097 0.94885945
  0.89592969 0.94051909 0.83374763 0.93353784 0.87780094 0.86196315
  0.90777165 0.88090318 0.8587395  0.88052762 0.87037569 0.91937286
  0.84764767 0.81596208 0.86327827 0.84996593 0.86859655 0.87503511]
 [4.35026932 2.38325477 1.99347544 1.33261418 1.19690585 1.29273939
  0.93030977 0.98849517 0.91784179 1.01549351 1.18899417 0.90711188
  0.91002256 0.9892292  0.83087867 0.95747983 0.85198522 1.07135904
  0.81587213 0.85949874 0.91246581 0.86682475 0.70703685 0.84345204
  0.8752768  0.72992563 0.91401452 0.82675189 0.78809196 1.05166733]
 [4.19051075 3.95664954 1.46791744 1.47941101 1.35553503 1.13134241
  1.27193654 1.27367902 1.29015744 1.24710691 1.24562407 0.97024268
  1.23227465 1.07487953 1.01276672 1.14514971 1.01665497 1.08456397
  1.05977511 1.01546097 1.17045498 0.83047611 0.91730237 0.79860353
  1.15032232 1.10591531 1.03061998 1.14013064 0.99904716 1.04809141]
 [4.89779282 2.07269573 1.97548735 1.96504128 1.22421443 1.93765223
  1.43314493 1.26656127 1.41381121 1.23379755 1.27657855 1.28133285
  1.35252583 1.15412128 1.23276091 1.21058118 1.14969695 1.26868391
  1.26434755 1.33258784 1.17774796 1.35803175 1.21259117 1.12848771
  1.34466064 1.24574566 1.1259259  1.06637585 1.32448483 1.11183941]
 [5.22142172 2.02712607 2.33172917 2.0527966  1.94536102 1.93121707
  1.39284301 1.98737419 1.42923677 1.61255717 1.47696877 1.6299963
  1.5998925  1.6619581  1.425421   1.67188132 1.38564312 1.49126053
  1.4096036  1.41177547 1.40403247 1.3662231  1.37039983 1.27616096
  1.37786746 1.29910803 1.3481766  1.30642426 1.41070819 1.36091471]
 [4.33905125 2.02598739 2.01302004 2.02369356 2.02951527 1.9746753
  2.01784134 1.96273184 1.97964573 1.6917758  1.68795013 1.62610245
  1.73905182 1.95023978 1.92996693 1.47333288 1.58821905 1.40936303
  1.4748646  1.4799695  1.50249171 1.43997669 1.44218874 1.45380712
  1.3699671  1.23982263 1.49212694 1.41815686 1.45064676 1.39989209]
 [2.77947927 2.05704284 2.03380871 2.01940155 1.98778248 2.02253747
  2.03197074 1.92199671 2.00993657 2.15404439 1.97770977 1.91626227
  1.96585453 1.98765612 1.90234697 1.92270088 1.907866   1.92441308
  1.92822862 1.90447259 1.64210141 1.72876644 1.49260831 1.70260727
  1.61182165 1.67550182 1.89715981 1.73983741 1.70475662 1.73903537]
 [2.15041423 2.05948901 2.17044592 2.05239272 2.04781628 2.04058647
  2.0608983  2.05497074 2.05531144 2.05910516 2.05581021 2.06459522
  2.06688237 2.05932736 2.04964447 2.22534943 2.18537712 2.04423618
  2.11255813 2.05576468 2.20232105 2.05544615 2.06085253 2.16391897
  2.09125018 2.19151711 2.04671812 2.14343214 2.03394103 2.12683916]
 [2.12880993 2.0898509  2.20496631 2.05972672 2.08076525 2.04717827
  2.08119893 2.06590867 2.10807109 2.07156181 2.07718921 2.2271347
  2.06702614 2.07064676 2.06705427 2.07338476 2.0661037  2.06288481
  2.05219436 2.0627923  2.06876993 2.07054949 2.07541561 2.07178688
  2.07304096 2.12830901 2.08638787 2.07902288 2.07386971 2.09076071]
 [2.22219324 2.11111736 2.05358076 2.08350873 2.08662009 2.06416655
  2.08907557 2.09679151 2.07670379 2.08025789 2.06099343 2.14504385
  2.06028581 2.07845616 2.07058811 2.05608773 2.06847262 2.07277775
  2.08657193 2.11237502 2.06168604 2.06183624 2.07404709 2.1367557
  2.08522248 2.05967283 2.09382343 2.07999539 2.06468558 2.06248236]]
test_losses: [[0.81914466 0.61567873 0.55458607 0.5236618  0.52079406 0.52017762
  0.51228537 0.51674801 0.50127914 0.50705141 0.49271945 0.50576187
  0.50115528 0.50488711 0.51334767 0.4918996  0.50074645 0.49883234
  0.49930055 0.49251728 0.50172992 0.49951624 0.49876254 0.50590206
  0.478934   0.49625172 0.50335918 0.50003979 0.4986516  0.49386039]
 [0.7218416  0.58901538 0.57491557 0.54541974 0.52473784 0.51313278
  0.51709677 0.52339469 0.51041901 0.51264915 0.51121551 0.50547858
  0.49475173 0.4914768  0.49210339 0.49662155 0.48784621 0.49489867
  0.48768021 0.49020668 0.49751711 0.4798353  0.47789947 0.49336047
  0.49121973 0.47588369 0.47771048 0.49092949 0.47645942 0.48375152]
 [0.71702582 0.66238717 0.56613101 0.56053665 0.54826529 0.53014444
  0.53497027 0.53145092 0.5126574  0.51132679 0.50455466 0.50975685
  0.50588011 0.49490077 0.49103379 0.4957054  0.49012016 0.4943376
  0.49344711 0.48535278 0.4883114  0.48299716 0.48919257 0.47953505
  0.48614162 0.48525026 0.48278457 0.47760961 0.46581759 0.47118429]
 [0.73220606 0.65373326 0.61261286 0.5787381  0.54654797 0.58893159
  0.5687798  0.54962792 0.56024565 0.54259457 0.54084936 0.53714152
  0.52657811 0.51752615 0.51739333 0.52646019 0.52096961 0.52363129
  0.52089891 0.52534272 0.5223187  0.51779897 0.51543967 0.50721224
  0.51039196 0.50538431 0.49560824 0.49744721 0.49772799 0.49425648]
 [0.83478972 0.69997161 0.6617943  0.6728805  0.65409251 0.65657485
  0.63903194 0.66458193 0.60196528 0.65812732 0.62622569 0.64609133
  0.63666342 0.61603227 0.6250377  0.60930739 0.6328085  0.62117701
  0.61002278 0.63033985 0.61716516 0.61437669 0.62649782 0.6090028
  0.61940306 0.61667612 0.6165395  0.63242402 0.61348174 0.61241124]
 [0.82867529 0.72882307 0.73426064 0.75062483 0.74490093 0.74077469
  0.71744237 0.72270545 0.73069979 0.72164939 0.7409175  0.69033004
  0.7153108  0.73171119 0.72600487 0.7153484  0.71545938 0.71516954
  0.72833286 0.71814997 0.73244583 0.72592227 0.7260265  0.73183461
  0.71009463 0.68752009 0.72414704 0.70129356 0.71604646 0.71546007]
 [0.90362781 0.7772254  0.835953   0.80125557 0.83081515 0.79322687
  0.80033685 0.80820643 0.84883197 0.84015383 0.84361054 0.83265721
  0.80250031 0.81690507 0.80745641 0.82507628 0.83598007 0.85146539
  0.84519451 0.83553164 0.83718031 0.85581918 0.81311225 0.82879558
  0.82497151 0.84740163 0.81172213 0.84625698 0.86274143 0.82757593]
 [1.08487402 1.05536915 1.08487889 1.14623685 1.18338556 1.26149898
  1.26576856 1.29825981 1.26605328 1.35118008 1.35247748 1.26956994
  1.34657536 1.37043534 1.32156763 1.38620482 1.35789257 1.36558349
  1.40618549 1.4079211  1.40774901 1.41099738 1.43453015 1.42514437
  1.45199405 1.45817523 1.45669644 1.42105386 1.44570259 1.4594906 ]
 [1.22504437 1.30454816 1.54134642 1.50534352 1.61902925 1.64609686
  1.69452705 1.69322319 1.72886645 1.79678003 1.81256808 1.76981286
  1.83375435 1.79795437 1.80950125 1.84781918 1.8662575  1.90519396
  1.89976495 1.88777791 1.91255977 1.90568779 1.92015063 1.92281559
  1.91281121 1.9271683  1.92084728 1.93123205 1.92366213 1.92984739]
 [1.36199078 1.5457649  1.70836648 1.80742229 1.87343854 1.8943528
  1.93970252 1.94023765 1.94321011 1.94363024 1.95934694 1.96243034
  1.97144659 1.95891489 1.97085057 1.97322229 1.96899443 1.96697743
  1.97457467 1.97237269 1.97252304 1.96766724 1.97106865 1.9730781
  1.97428227 1.97350934 1.96948965 1.97111882 1.97616851 1.97280042]]
