args:  Namespace(attack='pgd', ndim=7)
elapsed time: 76077.61934179699
test_losses: [[-2.81576208 -3.66259923 -4.27125135 -4.88885305 -5.47299598 -5.57853442
  -5.76809462 -6.15401162 -6.17762546 -6.415224   -6.4776698  -6.45174327
  -6.72443712 -6.77744563 -6.83676078 -6.80699265 -6.88329233 -6.90076429
  -7.00125892 -6.98495149 -6.96836861 -7.03054822 -7.07149093 -7.0618757
  -7.09323103 -7.10123123 -7.10394635 -7.09544801 -7.14412786 -7.14427608
  -7.12512915 -7.1335356  -7.12909182 -7.12866851 -7.1645565  -7.15153007
  -7.12627986 -7.15746182 -7.1645565  -7.14452287]
 [-2.69342705 -3.82814646 -4.34145226 -5.06279358 -5.23994396 -5.6126979
  -5.71284307 -5.97922875 -6.21583909 -6.35285233 -6.43149094 -6.54465734
  -6.69592286 -6.70571944 -6.76673165 -6.80719907 -6.79375168 -6.87614722
  -6.94188132 -6.94395107 -7.03605863 -6.99441029 -7.05943487 -7.07146484
  -7.03997476 -7.04916406 -7.08408827 -7.09052446 -7.11683769 -7.11031753
  -7.1081667  -7.11003541 -7.11307564 -7.12094757 -7.14579829 -7.11859029
  -7.14298151 -7.13276562 -7.15206905 -7.1511517 ]
 [-2.68247529 -3.70822003 -4.20901743 -4.72741757 -5.03724277 -5.470612
  -5.47753535 -5.89376552 -5.87441105 -6.00124069 -6.22014242 -6.20009547
  -6.42801542 -6.44472839 -6.50727781 -6.52118461 -6.61791709 -6.59988555
  -6.70289846 -6.71438981 -6.75192077 -6.735713   -6.86216273 -6.85442146
  -6.91609074 -6.91559651 -6.94143402 -6.95616914 -6.97032645 -6.98777822
  -7.01211546 -7.00537895 -7.00682388 -6.99761454 -7.02381933 -7.03000775
  -7.0684534  -7.04773724 -7.06800631 -7.07032139]
 [-2.55944989 -3.53417467 -4.05350181 -4.52545122 -4.79760303 -5.11535162
  -5.24305392 -5.30479063 -5.51873443 -5.61621551 -5.70637027 -5.78634836
  -5.86613219 -5.92241585 -6.01650381 -5.99187262 -6.10019945 -6.09754951
  -6.25133308 -6.26925343 -6.30539937 -6.29705716 -6.29606515 -6.57388963
  -6.42184294 -6.40434797 -6.56303371 -6.53639446 -6.59300888 -6.62794261
  -6.56365336 -6.63858267 -6.58846354 -6.69595727 -6.66759676 -6.7110923
  -6.70553539 -6.72347219 -6.69759258 -6.77923845]
 [-2.71599111 -3.44271959 -3.9815895  -4.22602786 -4.59312131 -4.73613058
  -4.88786803 -5.03724841 -5.17020937 -5.23930869 -5.41605197 -5.42053434
  -5.52779127 -5.51733456 -5.68765085 -5.71591479 -5.73974437 -5.81914855
  -5.85222096 -5.86049188 -5.82756221 -5.80677084 -5.97391707 -5.99471995
  -6.00403799 -6.10501456 -6.1517573  -6.13703085 -6.19060614 -6.22074904
  -6.1975836  -6.32275478 -6.30223196 -6.35563565 -6.41058739 -6.38723232
  -6.33100718 -6.3571441  -6.47276132 -6.44514233]
 [-2.82423653 -3.51665121 -3.81251137 -4.06123701 -4.45677184 -4.72616736
  -4.62887196 -4.94532588 -4.98913439 -5.01102266 -5.12388289 -5.37786666
  -5.2382424  -5.49495011 -5.47263557 -5.48057435 -5.50043176 -5.53075982
  -5.52409274 -5.62251192 -5.66079749 -5.64851461 -5.69303782 -5.82853283
  -5.73329965 -5.96645058 -5.96914992 -5.99288632 -6.00142184 -5.99769634
  -5.95400985 -6.01488834 -6.15396045 -6.01767623 -6.10951144 -6.15634095
  -6.18187304 -6.20125266 -6.22268573 -6.27399849]
 [-2.58313275 -3.23514489 -3.89726495 -4.03956269 -4.33466236 -4.41839888
  -4.53792617 -4.75418709 -4.67661223 -5.05901737 -5.10598537 -5.11727383
  -5.10992511 -5.11054648 -5.28600692 -5.26155636 -5.28850525 -5.32440101
  -5.36116967 -5.35754904 -5.52923479 -5.47893805 -5.65063395 -5.5082871
  -5.61601259 -5.73627111 -5.5873065  -5.72218453 -5.72671537 -5.83489605
  -5.72155435 -5.70820109 -5.8321149  -5.81633421 -5.80325168 -5.84346874
  -5.88366174 -5.9948466  -6.01124938 -6.01178455]
 [-2.62138407 -3.32678769 -3.65234032 -3.88257682 -4.28463223 -4.51400085
  -4.56618269 -4.52481744 -4.59400843 -4.68254128 -4.68740563 -4.87558115
  -4.91078555 -4.92444246 -5.06968245 -4.92579946 -4.98510946 -4.91904342
  -5.11447875 -5.19868243 -5.0829929  -5.22982723 -5.29478757 -5.24870826
  -5.30749772 -5.24760484 -5.3742002  -5.37257558 -5.43369134 -5.49250154
  -5.44241087 -5.42712552 -5.45054204 -5.55784301 -5.62516196 -5.69883019
  -5.62403787 -5.60034695 -5.74994887 -5.72227429]
 [-2.65037553 -3.26750678 -3.67485033 -3.92764096 -4.17478345 -4.12808199
  -4.25425135 -4.41414517 -4.45243424 -4.62925533 -4.60732245 -4.7135642
  -4.65341206 -4.75759387 -4.64167213 -4.6503214  -4.74530189 -4.91019606
  -4.77887286 -4.95493157 -4.97449801 -4.91074488 -5.08098824 -5.02861678
  -4.86725064 -4.96877813 -4.951672   -5.18170288 -5.10106993 -5.24522052
  -5.18279267 -5.2448194  -5.28168857 -5.24445508 -5.21002754 -5.26978337
  -5.26656542 -5.2256428  -5.30467714 -5.37037135]
 [-2.48186809 -3.1339782  -3.52784156 -3.8060025  -4.21775691 -4.00669144
  -4.17693804 -4.31139458 -4.29887797 -4.15655199 -4.23679579 -4.3986955
  -4.47444908 -4.42792599 -4.46129501 -4.52887958 -4.40353088 -4.41578745
  -4.49360773 -4.66614738 -4.69662714 -4.7252725  -4.69603827 -4.77133915
  -4.79217626 -4.60502823 -4.68464166 -4.77749304 -4.9760743  -4.79704134
  -4.67481822 -4.85378897 -4.87814987 -4.95663631 -4.66914397 -4.88789005
  -4.93519169 -5.01244669 -4.92502532 -4.91053303]
 [-2.6376289  -3.02419801 -3.49044062 -3.70111158 -3.77032524 -3.85790577
  -3.92080112 -3.89894017 -3.98710938 -4.10148039 -4.01323715 -4.14508756
  -4.06717435 -4.1284192  -4.12599448 -4.28938317 -4.1995749  -4.22961582
  -4.41721006 -4.35425259 -4.27523731 -4.35099522 -4.31420356 -4.33708883
  -4.41906242 -4.4960673  -4.49206954 -4.38989043 -4.22419146 -4.40707504
  -4.644525   -4.55598259 -4.50756909 -4.54345029 -4.42579856 -4.53712708
  -4.53967697 -4.62237945 -4.59349854 -4.58263112]
 [-2.59056578 -3.30498156 -3.4263065  -3.72992131 -3.73109586 -3.81310104
  -3.86514356 -3.88305887 -3.77599759 -3.85802464 -3.83838969 -3.92216245
  -3.92787099 -3.92687842 -3.95729838 -3.92699953 -4.00464958 -3.88340221
  -4.14439155 -4.07782885 -3.99755104 -3.94426945 -3.89316068 -3.91778573
  -4.06685179 -4.03178054 -4.13909917 -4.02647006 -4.1442422  -4.11989618
  -4.10879014 -4.09688894 -4.15491763 -4.04842481 -4.13401122 -4.08537688
  -4.14871037 -4.13167955 -4.22729691 -4.1897297 ]
 [-2.38015434 -3.09680007 -3.24913633 -3.43510214 -3.42827237 -3.46322018
  -3.68978698 -3.70368832 -3.64313234 -3.62866859 -3.65843585 -3.6897978
  -3.74640395 -3.56713599 -3.58183489 -3.71950546 -3.58684648 -3.5727594
  -3.67142739 -3.68831851 -3.89692638 -3.65289261 -3.6801346  -3.73108788
  -3.91789429 -3.76991321 -3.74736314 -3.82080925 -3.69079641 -3.80442922
  -3.7324034  -3.57703755 -3.67954247 -3.76031769 -3.70895683 -3.80098273
  -3.73614649 -3.67228042 -3.84597372 -3.65946241]
 [-2.44591424 -2.64818476 -2.79702315 -2.72180956 -2.66836315 -2.68078526
  -2.73216114 -2.26452002 -2.42164449 -2.32142323 -2.3007033  -2.26511707
  -2.30081384 -2.19798283 -2.21195993 -2.0807565  -2.10655991 -2.04835966
  -1.97780886 -1.95762145 -1.97484789 -1.82565812 -1.76902014 -1.77745659
  -1.76128114 -1.71363781 -1.69359884 -1.84367887 -1.6999457  -1.7172859
  -1.63115446 -1.6149612  -1.59298773 -1.47984349 -1.51385977 -1.54018874
  -1.51049515 -1.56035549 -1.4724821  -1.33161974]
 [-2.29802807 -2.27216866 -2.31542273 -2.2697319  -2.12420799 -2.03107085
  -1.9612401  -1.88007366 -1.73669298 -1.69185744 -1.56541295 -1.5731952
  -1.5431801  -1.36918678 -1.26875634 -1.37707634 -1.20177778 -1.18490926
  -1.20998682 -1.08408097 -1.06447446 -1.08927751 -1.08277869 -1.00607334
  -0.93516985 -0.89409606 -0.88374004 -0.8257284  -0.79284924 -0.75976766
  -0.80572282 -0.71774131 -0.67906548 -0.67158919 -0.61199718 -0.61528791
  -0.65695964 -0.62382326 -0.50398524 -0.59912407]
 [-2.03902616 -2.06058964 -2.05909833 -1.85524749 -1.61474136 -1.43460285
  -1.43407485 -1.32714224 -1.25051247 -1.10380366 -1.06852796 -1.07056906
  -0.78902649 -0.72884527 -0.7846739  -0.69825737 -0.63414723 -0.70121801
  -0.59237954 -0.61382423 -0.54433831 -0.53250848 -0.46619459 -0.40001766
  -0.39756093 -0.38279945 -0.35628391 -0.3410956  -0.35707503 -0.34623054
  -0.3303084  -0.30240189 -0.29979523 -0.27293735 -0.27233261 -0.25963872
  -0.22440186 -0.20706936 -0.20254089 -0.2141705 ]
 [-1.88843812 -1.7254775  -1.39530982 -1.32054938 -1.00019027 -0.81859997
  -0.73425955 -0.66666555 -0.51960806 -0.48748686 -0.42461188 -0.44603546
  -0.31201112 -0.34070872 -0.2330635  -0.24982607 -0.20088093 -0.21085586
  -0.22191363 -0.15488589 -0.16891166 -0.13752855 -0.1341331  -0.13803397
  -0.14115699 -0.10491899 -0.12190151 -0.09357431 -0.09759705 -0.09972743
  -0.08795209 -0.09666701 -0.09583419 -0.07240214 -0.08282779 -0.07377214
  -0.07585119 -0.06986281 -0.07863602 -0.07729056]]
variance: [[5.65869139e+00 5.76825546e+00 4.59488421e+00 3.87600987e+00
  3.02434821e+00 3.09642745e+00 2.70441415e+00 1.75191890e+00
  1.90868011e+00 1.35677698e+00 1.55493151e+00 1.59304908e+00
  8.17027073e-01 7.39530392e-01 6.04711526e-01 6.66827986e-01
  6.11545745e-01 5.68445792e-01 3.61753642e-01 3.73346044e-01
  3.79571609e-01 2.86853501e-01 1.94859804e-01 2.04867662e-01
  1.51603591e-01 1.31199027e-01 1.20372468e-01 1.40874936e-01
  4.17542117e-02 4.08716410e-02 7.83636956e-02 5.71276931e-02
  7.45821577e-02 6.35958315e-02 0.00000000e+00 2.59264630e-02
  8.73045460e-02 1.50500195e-02 0.00000000e+00 4.04250464e-02]
 [6.22498576e+00 5.14286325e+00 4.53006226e+00 3.03736788e+00
  2.97849915e+00 2.39297718e+00 2.58466513e+00 1.92216445e+00
  1.55543833e+00 1.21865072e+00 1.18933603e+00 9.36331084e-01
  6.46138144e-01 6.26408949e-01 7.17465369e-01 6.68046356e-01
  5.44749642e-01 4.29500165e-01 3.65824896e-01 3.22001621e-01
  1.82465237e-01 2.63822518e-01 1.63986436e-01 1.43574665e-01
  1.72179907e-01 1.70654625e-01 1.13961998e-01 1.21604033e-01
  8.41840409e-02 9.59632842e-02 7.74238102e-02 1.11680996e-01
  6.48926550e-02 5.73160507e-02 2.85114882e-02 6.29558448e-02
  2.50239105e-02 5.79646102e-02 1.22543128e-02 1.34623691e-02]
 [5.55017826e+00 4.44755274e+00 4.12471857e+00 3.00668638e+00
  2.45745552e+00 2.15894282e+00 1.97856923e+00 1.45016837e+00
  1.52482777e+00 1.25313655e+00 1.14944497e+00 1.14927588e+00
  8.47850299e-01 7.99902549e-01 7.11424402e-01 6.42179957e-01
  4.65856809e-01 6.11966076e-01 5.24589071e-01 4.40386570e-01
  4.03634155e-01 5.19558884e-01 2.70817536e-01 3.31792687e-01
  2.54603986e-01 2.59224003e-01 2.16397914e-01 2.17350375e-01
  1.84011195e-01 1.53179476e-01 1.51517204e-01 1.45605447e-01
  1.43121255e-01 1.73256610e-01 1.47241352e-01 1.28324101e-01
  8.81480707e-02 1.28863994e-01 1.20385306e-01 8.86947155e-02]
 [5.12778341e+00 3.84916978e+00 3.28746025e+00 2.56947551e+00
  2.14703635e+00 1.70023226e+00 1.82215395e+00 1.77977920e+00
  1.32301183e+00 1.39924586e+00 1.32032009e+00 1.21495869e+00
  1.26366083e+00 1.12152900e+00 1.10193709e+00 9.57801124e-01
  1.14811794e+00 9.62358962e-01 8.09465958e-01 7.90174624e-01
  8.21000554e-01 6.52379870e-01 8.77637896e-01 5.83501349e-01
  6.56864705e-01 6.77499921e-01 5.40212141e-01 5.39826984e-01
  5.02845953e-01 5.05023919e-01 6.47787965e-01 5.46085115e-01
  5.17839125e-01 4.54999385e-01 4.88066589e-01 4.32359743e-01
  4.56430889e-01 4.26212009e-01 4.27977948e-01 3.69050564e-01]
 [4.29549103e+00 4.27641469e+00 3.15893149e+00 2.44028239e+00
  2.41236926e+00 2.19691688e+00 1.70286470e+00 1.60271707e+00
  1.59567768e+00 1.42760744e+00 1.48610150e+00 1.08456884e+00
  1.30500694e+00 1.24355729e+00 1.19135694e+00 1.23176222e+00
  1.21264876e+00 1.02855236e+00 1.08241962e+00 1.10924939e+00
  1.03166180e+00 1.17501834e+00 8.61512130e-01 9.56739601e-01
  8.91544362e-01 9.54912322e-01 9.57131024e-01 8.41445345e-01
  8.62386434e-01 7.74472937e-01 8.59723512e-01 7.29917332e-01
  7.39111435e-01 7.22764343e-01 5.16525236e-01 6.83241311e-01
  7.87410316e-01 7.65398896e-01 6.15245187e-01 7.06695641e-01]
 [4.22016958e+00 3.41519721e+00 3.07418033e+00 2.58917158e+00
  2.35896870e+00 2.25565392e+00 1.85563440e+00 1.65283730e+00
  1.89178411e+00 1.68884757e+00 1.62310639e+00 1.30913300e+00
  1.50916858e+00 1.38000198e+00 1.17978167e+00 1.32759455e+00
  1.13645969e+00 1.19897625e+00 1.27731315e+00 1.30036413e+00
  1.06163043e+00 1.23822815e+00 1.08900988e+00 1.12199831e+00
  1.13350644e+00 1.06549991e+00 1.06382930e+00 1.03472172e+00
  9.55499041e-01 9.81419976e-01 1.04521179e+00 8.84475057e-01
  8.75458412e-01 8.65507932e-01 8.84845747e-01 8.31664621e-01
  7.48673666e-01 9.56387322e-01 7.77267609e-01 7.93002426e-01]
 [4.55942328e+00 4.00506900e+00 2.57970431e+00 2.24917705e+00
  1.96879468e+00 1.90253710e+00 1.81703009e+00 1.74975084e+00
  1.68443184e+00 1.62741869e+00 1.51084397e+00 1.50575307e+00
  1.41306476e+00 1.48099121e+00 1.18275538e+00 1.39817511e+00
  1.44414114e+00 1.42787530e+00 1.34171736e+00 1.26561447e+00
  1.21490205e+00 1.31952049e+00 1.17188548e+00 1.21999530e+00
  1.28076817e+00 1.19145138e+00 1.23856194e+00 9.64094719e-01
  9.60383130e-01 1.01194468e+00 1.20491578e+00 1.02467818e+00
  1.07702010e+00 9.60951671e-01 1.09941279e+00 1.00147139e+00
  9.61265016e-01 9.49019180e-01 9.43922730e-01 9.85241592e-01]
 [3.98964903e+00 3.25841187e+00 2.42510578e+00 2.41606225e+00
  2.21233610e+00 1.82413741e+00 2.13782442e+00 2.00339880e+00
  1.76625460e+00 1.66040376e+00 1.62017337e+00 1.43857080e+00
  1.40465980e+00 1.69863608e+00 1.46499693e+00 1.55820989e+00
  1.62250151e+00 1.38531982e+00 1.44522962e+00 1.52170292e+00
  1.37706665e+00 1.31255030e+00 1.40077249e+00 1.42958360e+00
  1.22958249e+00 1.48619895e+00 1.28046169e+00 1.20027670e+00
  1.07031842e+00 1.17982656e+00 1.30302385e+00 1.24136787e+00
  1.34076677e+00 1.15435980e+00 1.12344578e+00 9.96365698e-01
  1.12278639e+00 1.08599253e+00 1.30059289e+00 1.04958392e+00]
 [4.20099521e+00 3.27308891e+00 2.68680523e+00 2.38330065e+00
  2.09509641e+00 1.81225958e+00 1.77678138e+00 1.69965359e+00
  1.67964566e+00 1.60814235e+00 1.86573220e+00 1.50894772e+00
  1.51596936e+00 1.67587940e+00 1.51543099e+00 1.59928899e+00
  1.49915732e+00 1.57729511e+00 1.57401360e+00 1.40780515e+00
  1.61243268e+00 1.43990146e+00 1.60610777e+00 1.35341624e+00
  1.53146233e+00 1.56127138e+00 1.39466319e+00 1.26701567e+00
  1.43303692e+00 1.49482004e+00 1.28427668e+00 1.30264735e+00
  1.38823138e+00 1.37271813e+00 1.51302854e+00 1.54845164e+00
  1.28797334e+00 1.26107930e+00 1.22437268e+00 1.24031473e+00]
 [4.12405472e+00 3.47923100e+00 2.41810968e+00 2.32454396e+00
  1.77032846e+00 1.97382295e+00 1.83798400e+00 1.49504909e+00
  1.52953283e+00 1.75043718e+00 1.68539251e+00 1.43743171e+00
  1.65108360e+00 1.91213191e+00 1.57991243e+00 1.76354473e+00
  2.00009630e+00 1.91080138e+00 1.77178227e+00 1.40630360e+00
  1.70164081e+00 1.62859711e+00 1.63177856e+00 1.43446865e+00
  1.74099612e+00 1.46669165e+00 1.52809081e+00 1.53271987e+00
  1.50733411e+00 1.38377389e+00 1.41887084e+00 1.59658900e+00
  1.39660914e+00 1.43449283e+00 1.63128333e+00 1.71030808e+00
  1.27226436e+00 1.47336285e+00 1.29710787e+00 1.33158950e+00]
 [4.27136103e+00 2.78777221e+00 2.45553716e+00 2.18721252e+00
  1.96016943e+00 1.77518451e+00 1.85607906e+00 2.13391516e+00
  1.90189572e+00 1.71360648e+00 1.94201273e+00 1.67743657e+00
  1.77536680e+00 1.51283337e+00 1.62109384e+00 1.46055114e+00
  1.97631769e+00 1.72047326e+00 1.68370550e+00 1.59831769e+00
  1.63910742e+00 1.40156094e+00 1.53124227e+00 1.77241963e+00
  1.33043075e+00 1.61598192e+00 1.56342462e+00 1.61437941e+00
  1.68519947e+00 1.34160161e+00 1.40938866e+00 1.60509687e+00
  1.35269614e+00 1.51712123e+00 1.79022012e+00 1.64970964e+00
  1.60824964e+00 1.58850100e+00 1.68300553e+00 1.40897462e+00]
 [3.90463492e+00 2.78127170e+00 2.52380607e+00 2.06935166e+00
  2.15506181e+00 1.95332787e+00 1.76460620e+00 2.05882812e+00
  1.85253909e+00 1.73214726e+00 1.80574167e+00 1.98226810e+00
  1.73011004e+00 1.72891864e+00 1.78484997e+00 1.65263725e+00
  1.68020667e+00 1.90065628e+00 1.95622245e+00 1.75021988e+00
  1.76283673e+00 1.80582695e+00 1.94372345e+00 1.76031372e+00
  1.85070744e+00 1.69496392e+00 1.67033546e+00 1.59925366e+00
  1.40011709e+00 1.77024668e+00 1.49173477e+00 1.57270968e+00
  1.60550336e+00 1.60003309e+00 1.73893340e+00 1.55318738e+00
  1.65671020e+00 1.35048306e+00 1.31914798e+00 1.48756687e+00]
 [3.86013348e+00 3.11973359e+00 2.32458933e+00 2.20853889e+00
  2.05602854e+00 2.06678222e+00 1.85941715e+00 1.78628841e+00
  1.74640215e+00 1.47349901e+00 1.82927311e+00 1.91862697e+00
  1.85972812e+00 1.93017373e+00 1.83773190e+00 1.66097311e+00
  1.95032921e+00 1.63775033e+00 1.61147183e+00 1.73986147e+00
  1.70739157e+00 1.70878526e+00 1.71356558e+00 1.71951434e+00
  1.79950380e+00 1.61504101e+00 1.71939970e+00 1.82810780e+00
  1.73519243e+00 1.79491799e+00 1.74614085e+00 1.55784496e+00
  1.56761253e+00 1.52688210e+00 1.76652935e+00 1.81518545e+00
  1.90984497e+00 1.68106932e+00 1.54014966e+00 1.70625534e+00]
 [3.52894952e+00 2.42735515e+00 1.95933405e+00 1.80317134e+00
  1.83861160e+00 1.75103785e+00 1.68817414e+00 1.53916521e+00
  1.36666556e+00 1.37465522e+00 1.34725301e+00 1.65999963e+00
  1.35579889e+00 1.44191793e+00 1.26527216e+00 1.37096007e+00
  1.35965442e+00 1.22260384e+00 1.37881340e+00 1.31074714e+00
  1.30678188e+00 1.13707609e+00 1.22398570e+00 1.29470237e+00
  1.04528097e+00 1.23656278e+00 1.14856822e+00 1.29357068e+00
  1.09080920e+00 1.17466148e+00 1.15215106e+00 9.60404523e-01
  9.78541595e-01 1.00005358e+00 1.10333282e+00 9.93217903e-01
  9.83690526e-01 1.11957301e+00 1.01968241e+00 9.19426307e-01]
 [2.81178981e+00 2.02241106e+00 1.52280529e+00 1.61671011e+00
  1.37611632e+00 1.49019522e+00 1.48985093e+00 1.32525411e+00
  1.28727267e+00 1.29025974e+00 1.04756539e+00 1.23128981e+00
  1.12087930e+00 1.04723642e+00 1.02428825e+00 9.45110842e-01
  9.09275916e-01 9.19049254e-01 8.92433378e-01 7.68290990e-01
  8.22939027e-01 7.68260113e-01 8.21813099e-01 6.97872294e-01
  5.94888780e-01 6.21930446e-01 6.08975123e-01 5.84668704e-01
  5.65118018e-01 5.20080453e-01 5.18916752e-01 4.94223108e-01
  4.69544915e-01 4.62999336e-01 4.32640792e-01 4.10694060e-01
  4.84787096e-01 4.78049250e-01 3.12532377e-01 4.08279929e-01]
 [2.86509297e+00 2.16202359e+00 1.51293208e+00 1.48041479e+00
  1.25215679e+00 9.72563336e-01 1.22193338e+00 9.26655093e-01
  9.53297779e-01 8.44230601e-01 8.37178237e-01 7.83986084e-01
  6.65971595e-01 5.36061439e-01 5.15232006e-01 5.34180887e-01
  5.21272976e-01 5.76249687e-01 4.68269482e-01 4.53403824e-01
  3.63816184e-01 3.62050795e-01 3.30190310e-01 2.65304175e-01
  3.27949402e-01 2.78649016e-01 2.29973411e-01 2.29548153e-01
  2.21981423e-01 2.20195296e-01 1.89186732e-01 1.77163902e-01
  2.20539763e-01 1.78948752e-01 1.36811248e-01 1.50371890e-01
  1.08434900e-01 1.10627096e-01 1.02690641e-01 1.05496107e-01]
 [2.41061919e+00 1.49341662e+00 1.07434774e+00 1.03894935e+00
  8.01661094e-01 6.96905160e-01 6.13113811e-01 4.82227324e-01
  4.35501657e-01 4.10790793e-01 3.15865055e-01 3.20431350e-01
  2.29341842e-01 2.39684283e-01 1.45858217e-01 1.73423962e-01
  1.23271791e-01 1.28856879e-01 1.47092879e-01 7.74015300e-02
  9.09956499e-02 6.42046354e-02 5.41755528e-02 5.85550764e-02
  6.67053253e-02 3.24214582e-02 4.55391811e-02 2.56562396e-02
  2.69094352e-02 2.68879933e-02 1.94615528e-02 2.92580948e-02
  2.25888219e-02 5.29465200e-03 1.98827532e-02 1.36270721e-02
  1.26288844e-02 7.09677094e-03 1.78149531e-02 1.38953372e-02]]
