args:  Namespace(attack='fgsm', ndim=7)
test_losses: [[-2.89738679 -3.64680851 -4.57837311 -5.086773   -5.37262806 -5.66385464
  -5.70072131 -5.83406129 -6.15862881 -6.40594167 -6.40598571 -6.45360466
  -6.58922774 -6.74273163 -6.72777245 -6.80242416 -6.84710859 -6.88384388
  -6.98168259 -6.93867156 -6.99848427 -7.00873415 -6.975756   -7.03267669
  -7.07613735]
 [-2.64879273 -3.80696325 -4.5334376  -4.78500327 -5.27171319 -5.50335096
  -5.85403883 -5.97416128 -6.26090477 -6.3155799  -6.4270678  -6.54757827
  -6.61213548 -6.63375399 -6.76322959 -6.83216834 -6.87730944 -6.84202829
  -6.96643026 -6.96194657 -6.96334313 -7.01603747 -7.0408948  -6.98326047
  -7.02139043]
 [-2.55954381 -3.87433111 -4.44848911 -4.71209277 -5.1155045  -5.21571739
  -5.60488535 -5.84492113 -6.0349015  -6.06520724 -6.29098273 -6.33984142
  -6.39126343 -6.45585647 -6.58040981 -6.59465253 -6.63039522 -6.69690838
  -6.82311233 -6.69710988 -6.78470284 -6.80254492 -6.86352613 -6.8663862
  -6.93552481]
 [-2.83269108 -3.52639708 -3.99804142 -4.52418681 -4.8976152  -5.16625143
  -5.24466606 -5.47013942 -5.6741494  -5.83422855 -5.89339113 -5.98747518
  -6.11430135 -6.10377862 -6.23739272 -6.26324029 -6.33900313 -6.47146556
  -6.44573984 -6.4807269  -6.55547721 -6.44868213 -6.66953314 -6.59182807
  -6.63350476]
 [-2.62955923 -3.56488955 -4.0863248  -4.43040307 -4.77015338 -4.85707437
  -5.19114725 -5.33799997 -5.46562776 -5.49100567 -5.67216445 -5.80833825
  -5.85999665 -5.87915033 -5.97869641 -6.06496444 -6.18661421 -6.20848288
  -6.32269296 -6.28856892 -6.29882354 -6.34888569 -6.43206613 -6.48934297
  -6.42905782]
 [-2.84690233 -3.57419057 -4.01069865 -4.24889949 -4.76768722 -4.881292
  -5.0901235  -5.2159109  -5.48844523 -5.50266193 -5.57563801 -5.59467868
  -5.84513863 -5.8612399  -5.90520765 -5.86084598 -6.00312776 -6.04568338
  -6.11555081 -6.11557309 -6.18570894 -6.35668346 -6.3668372  -6.41655547
  -6.35844171]
 [-2.70530116 -3.45610246 -4.00404526 -4.34791657 -4.60260598 -4.84069095
  -4.93098834 -5.05279961 -5.2918927  -5.41187631 -5.49433466 -5.53573792
  -5.6375833  -5.74366747 -5.77474479 -5.83928005 -5.86192812 -5.92847022
  -6.01332327 -6.08205845 -6.06104347 -6.20255827 -6.09245951 -6.30652059
  -6.29774065]
 [-2.71163775 -3.53543271 -3.89310342 -4.20391469 -4.52705225 -4.64080701
  -4.83440626 -4.98083543 -5.2061612  -5.19254937 -5.34733068 -5.45511201
  -5.60040436 -5.64695011 -5.66813039 -5.77107854 -5.88374509 -5.82992592
  -5.93447063 -5.91606923 -6.04118427 -6.06477985 -6.05564732 -6.14722159
  -6.16454896]
 [-2.42320379 -3.29348651 -3.81334295 -4.12065077 -4.31227285 -4.68502905
  -4.74512718 -4.87313149 -4.96785141 -5.08461544 -5.21301857 -5.27225372
  -5.42368956 -5.40620754 -5.46600613 -5.47634547 -5.63367881 -5.61858625
  -5.78767164 -5.8053009  -5.75021116 -5.93026985 -6.02529285 -5.94413675
  -6.06419398]
 [-2.65466494 -3.43858318 -3.83365664 -3.99293156 -4.36371839 -4.53370957
  -4.64618084 -4.68347927 -4.87408496 -4.95083508 -5.04232981 -5.24465242
  -5.2704321  -5.26845819 -5.4279723  -5.43445183 -5.49522122 -5.54502538
  -5.57171387 -5.54501036 -5.74837255 -5.71062429 -5.77214392 -5.85794926
  -5.99747722]
 [-2.43229529 -3.37314782 -3.72245285 -3.83832768 -4.18746876 -4.30213348
  -4.45345994 -4.62231632 -4.67284976 -4.79116439 -4.75929473 -4.95897045
  -5.02618317 -5.20469582 -5.15946177 -5.25767663 -5.33086072 -5.41438054
  -5.44204241 -5.47318492 -5.58241378 -5.6279536  -5.71336416 -5.73165805
  -5.84878389]
 [-2.46696897 -3.11594267 -3.62264813 -3.97040074 -4.13811984 -4.26599688
  -4.50606196 -4.57937087 -4.64253575 -4.65556467 -4.73643059 -4.7976466
  -4.92850496 -4.94995692 -4.9409853  -5.19766264 -5.21109823 -5.35519181
  -5.22683239 -5.35402486 -5.366306   -5.43766538 -5.56602573 -5.50779618
  -5.5880915 ]
 [-2.38459799 -3.32001516 -3.54696756 -3.80764037 -3.95174459 -4.29823051
  -4.31634699 -4.3401259  -4.45924496 -4.6488707  -4.63622042 -4.93046954
  -4.83996624 -4.84701358 -4.92953494 -4.86406843 -5.01051745 -5.14355561
  -5.03677974 -5.26312381 -5.28592305 -5.24321031 -5.36123861 -5.42750793
  -5.46452427]
 [-2.13179605 -2.71459036 -3.08454837 -3.4686004  -3.28082682 -3.47253227
  -3.3853439  -3.55370313 -3.68227291 -3.56185321 -3.64725628 -3.55322625
  -3.75498036 -3.75858792 -3.83889582 -3.8998025  -4.01474772 -4.06890407
  -4.099627   -4.26027362 -4.24169895 -4.42261412 -4.44583726 -4.56467221
  -4.66408219]
 [-2.48878033 -2.70806313 -2.70950981 -2.80494313 -2.97998716 -2.79445498
  -2.97307945 -2.85993262 -3.01035793 -3.04957773 -2.98621027 -3.07781148
  -3.10105148 -3.12480778 -3.13215668 -3.31300554 -3.48749115 -3.52613908
  -3.65409196 -3.79681514 -3.81073937 -4.02999642 -4.05902321 -4.12373728
  -4.3869677 ]
 [-2.07198327 -2.44480449 -2.4193115  -2.623323   -2.59773943 -2.55998742
  -2.41983751 -2.39694381 -2.49950907 -2.41656793 -2.49386584 -2.65338972
  -2.75365219 -2.75797809 -2.90666916 -3.08057577 -3.13767665 -3.16126631
  -3.46398852 -3.5076368  -3.53440371 -3.70705994 -3.84140961 -3.84405522
  -3.934832  ]
 [-1.74278493 -1.9981231  -2.03027009 -2.05445102 -1.96356838 -1.90424525
  -1.8187297  -1.86645485 -1.95606727 -1.92360157 -2.15219626 -2.25699245
  -2.41649546 -2.49426797 -2.63920383 -2.75463045 -2.90671085 -2.96770576
  -2.99020909 -3.13650121 -3.20780725 -3.30425741 -3.33833799 -3.50510459
  -3.54560568]]
variance: [[6.51278051 5.48808392 4.07892519 3.48853754 3.08975955 2.89694403
  2.87823971 2.60417209 2.14192448 1.44797828 1.48105341 1.17613612
  0.98046011 0.71131441 0.83177316 0.65240159 0.60868275 0.47582852
  0.34277304 0.42077957 0.26389358 0.27805041 0.31196926 0.21226404
  0.15888485]
 [6.07866554 4.50063545 4.59601989 4.0031546  2.87014052 2.66513951
  2.31952886 2.02614079 1.53434545 1.4197764  1.11538585 0.88289165
  0.92692872 0.87556514 0.61195589 0.49399517 0.43633996 0.51702081
  0.24739399 0.20968347 0.23201897 0.17319439 0.16401368 0.20893806
  0.19502274]
 [5.94012831 3.84202413 3.56944356 3.0553432  3.02502332 2.41886563
  2.04646855 1.76788088 1.41553026 1.44543068 0.85711611 1.0259383
  0.87641892 0.76889154 0.54266583 0.58342769 0.52922407 0.43206369
  0.28115614 0.41731716 0.3664043  0.31135575 0.26480993 0.25212905
  0.17005311]
 [5.30945019 3.96812282 3.21692097 3.10728573 2.46030369 2.10359524
  1.60284092 1.49228449 1.54667949 1.30849253 1.09869243 0.9700511
  0.84532328 0.86451153 0.73077535 0.74919949 0.56160431 0.54643286
  0.53593616 0.4342914  0.44369332 0.5146654  0.31463401 0.37300671
  0.3096241 ]
 [4.65578966 4.41324624 3.59536466 2.37978392 2.04802184 1.90277279
  1.87390362 1.57140968 1.34596884 1.38689157 1.21646213 0.96882719
  1.01694014 0.9699114  1.05511789 0.88564732 0.77064971 0.739371
  0.6335748  0.64208846 0.58717676 0.61540421 0.47384282 0.43419598
  0.62941472]
 [4.55039352 3.79076337 3.07332515 2.92767142 2.29648095 2.06542708
  1.89275683 1.36955191 1.19790617 1.43596254 1.21635037 1.20698845
  0.91854838 0.97104615 1.09466798 0.84604229 0.75711975 0.83677321
  0.69551074 0.69818549 0.63032268 0.51908154 0.49604333 0.51662654
  0.55433169]
 [4.46341904 3.22526147 2.94495099 2.53448674 2.32265019 1.92130329
  1.67901216 1.61196549 1.17131761 1.27152775 1.20637833 1.21698061
  1.03438517 0.96280213 0.88949776 0.83201884 0.95527916 0.81478431
  0.78574753 0.68763073 0.65934907 0.63091182 0.65659202 0.57192937
  0.61094353]
 [4.70250806 3.3402857  2.94023377 2.345342   1.97666076 1.87347981
  1.66489758 1.45094214 1.3799272  1.53214311 1.38891425 1.25274288
  0.97400501 0.87491215 1.02051517 0.9086657  0.81646162 0.79947605
  0.80996182 0.66344299 0.74025462 0.59653729 0.67870928 0.61151751
  0.55365696]
 [4.53050358 3.51944484 2.94277757 2.43326491 1.9775551  1.78661882
  1.7756301  1.50819608 1.26607446 1.23866656 1.06485906 1.15631651
  1.22643397 1.19203821 0.9998161  1.06374271 0.88892186 0.87639682
  0.98109403 0.99150133 0.91735069 0.72374668 0.70424014 0.76554082
  0.71793962]
 [4.9229756  2.97481263 2.85723034 2.4302874  1.95942239 1.90179872
  1.79955629 1.75285665 1.64949606 1.32036802 1.25633314 1.22401384
  1.14645343 1.27295879 1.11995644 1.03836009 1.08608978 0.78564301
  1.01649625 0.93951551 0.85730213 1.04989313 0.77624064 0.77475283
  0.74962155]
 [4.65770489 2.83629718 2.63729318 2.42543411 2.16685218 1.69646717
  1.80298762 1.37548216 1.49579602 1.33311283 1.36825704 1.47198257
  1.23746326 1.21101407 1.19844582 1.29147028 1.06062941 1.08657249
  1.00557156 1.07039222 0.84079741 0.94453141 0.91737515 0.82411621
  0.73424525]
 [4.96967133 3.38859283 2.73918047 2.42991558 2.02331231 1.83417167
  1.97819859 1.47034559 1.5258831  1.41874225 1.23087929 1.44538215
  1.14354334 1.30277136 1.38621694 1.13463375 1.10250777 1.1190397
  1.06540172 1.015483   0.97632995 1.03072939 0.8699351  0.89022182
  0.97873278]
 [4.2810017  2.69066163 2.46355404 2.05814372 1.91879145 1.81480266
  1.5217615  1.69246431 1.67689397 1.344402   1.36699147 1.29534423
  1.45891741 1.21813897 1.23706048 1.32162714 1.33790479 1.36756179
  1.21946895 1.0499911  1.1192965  0.96508529 1.09373162 1.07515588
  1.01097784]
 [3.79696819 2.54679146 2.41488944 2.0595218  1.94035582 1.77153865
  1.86452969 1.64681873 1.66918647 1.66361521 1.6723268  1.59927421
  1.43765845 1.46682436 1.41013237 1.395839   1.40547023 1.18120926
  1.02752115 1.23451685 1.05296497 1.02579571 0.95774413 0.99009897
  0.90629328]
 [3.0156667  2.3820519  1.84833208 1.75693977 1.76303471 1.71594189
  1.60899778 1.68169325 1.49379995 1.39300217 1.37716968 1.29518959
  1.28305162 1.21695676 0.91664867 1.0902885  0.91380024 0.92083859
  0.89644377 0.93643222 1.10961003 0.86717969 0.98800651 1.01880383
  0.9960233 ]
 [3.03244365 2.0378899  1.58950049 1.55415914 1.53965583 1.35653766
  1.02313181 1.23874616 1.10433757 0.89551971 1.03999788 0.982122
  0.78900423 0.77686668 0.90059115 0.8363494  0.95810053 0.84769714
  0.88492569 0.91234191 0.9962827  1.03589152 1.0184255  1.04442058
  1.07928933]
 [2.45500531 1.61498207 1.5336238  1.3557658  1.07611858 0.9506797
  0.71581008 0.69500952 0.67791416 0.53993735 0.75361839 0.69467853
  0.75206743 0.70714887 0.78872092 0.79200937 0.87989493 0.79418944
  1.1051721  0.85863614 0.8738102  1.22674013 1.19777284 1.267239
  1.14233492]]
