args:  Namespace(attack='fgsm', ndim=1)
elapsed time: 6418.480680862001
test_losses: [[-0.26582995 -0.53798918 -0.57596489 -0.62026988 -0.6962213  -0.79748985
  -0.82280699 -0.84179484 -0.82280699 -0.80381913 -0.80381913 -0.86711198
  -0.86711198 -0.86711198 -0.89242912 -0.93040482 -0.92407554 -0.89242912
  -0.93040482 -0.92407554 -0.90508768 -0.94306339 -0.93673411 -0.94306339
  -0.93673411 -0.93673411 -0.94306339 -0.94306339 -0.94306339 -0.94306339
  -0.94939268 -0.94306339 -0.94306339 -0.94939268 -0.94306339 -0.94939268
  -0.94939268 -0.94939268 -0.94939268 -0.94939268]
 [-0.31089761 -0.48455987 -0.59471431 -0.6848552  -0.722488   -0.74733337
  -0.68097802 -0.79150011 -0.82951018 -0.82549152 -0.84300078 -0.88939536
  -0.87164027 -0.88209795 -0.90850046 -0.91184914 -0.8920647  -0.90841108
  -0.90005667 -0.9245108  -0.92534407 -0.92387576 -0.94306339 -0.93181087
  -0.94589404 -0.94467679 -0.93990592 -0.93353004 -0.94000678 -0.94939268
  -0.93959818 -0.94656261 -0.92337141 -0.93881821 -0.94939268 -0.94939268
  -0.94939268 -0.94073794 -0.94939268 -0.94939268]
 [-0.25774249 -0.48019769 -0.53616586 -0.61717921 -0.73898016 -0.71403701
  -0.76676955 -0.77487277 -0.84050296 -0.82552315 -0.82475021 -0.8302871
  -0.83739281 -0.85434728 -0.87296601 -0.88899054 -0.89719977 -0.90295892
  -0.87269379 -0.90681602 -0.89983462 -0.92156881 -0.91667955 -0.92955134
  -0.92026478 -0.92567895 -0.92263204 -0.92823417 -0.93503038 -0.9350521
  -0.92522713 -0.92233974 -0.93490419 -0.92504943 -0.94176534 -0.93974856
  -0.94212537 -0.93572197 -0.93280887 -0.93750999]
 [-0.33703408 -0.49636198 -0.56546434 -0.62625636 -0.70434678 -0.66562081
  -0.77059512 -0.75283042 -0.75300041 -0.79250524 -0.78538587 -0.77199329
  -0.79447995 -0.76981793 -0.8030494  -0.82458694 -0.83536867 -0.86006542
  -0.84041377 -0.87914396 -0.85090021 -0.85459357 -0.86576086 -0.86955556
  -0.84908569 -0.87809833 -0.88042007 -0.87315875 -0.89201841 -0.88052461
  -0.88063206 -0.89945021 -0.88213554 -0.90758245 -0.91727382 -0.91132828
  -0.91550895 -0.9138667  -0.9028632  -0.92690987]
 [-0.31060319 -0.46141263 -0.58891795 -0.6384516  -0.59926223 -0.64423879
  -0.70653774 -0.69325574 -0.70501523 -0.72125454 -0.76176161 -0.75705396
  -0.77817068 -0.81904655 -0.84390419 -0.77660802 -0.80948076 -0.81860341
  -0.80335226 -0.79904385 -0.81513709 -0.80096045 -0.84374851 -0.84771229
  -0.85733502 -0.83255266 -0.84898285 -0.82730144 -0.87434934 -0.86126571
  -0.86945457 -0.86317344 -0.86758193 -0.85361747 -0.87755011 -0.85201327
  -0.88174185 -0.85805661 -0.88051328 -0.8706054 ]
 [-0.38333714 -0.51019319 -0.58810174 -0.59468443 -0.60267293 -0.65981779
  -0.64130621 -0.66926955 -0.7114404  -0.750076   -0.745403   -0.72621902
  -0.73280123 -0.75519932 -0.76426192 -0.74681989 -0.7914807  -0.77752108
  -0.80610383 -0.78732647 -0.78762464 -0.81040623 -0.79426598 -0.83471681
  -0.82309756 -0.83510102 -0.815201   -0.82389243 -0.85920788 -0.81848105
  -0.8180789  -0.85817842 -0.84579088 -0.8664411  -0.85531615 -0.87691186
  -0.84686176 -0.86262637 -0.86351773 -0.85012141]
 [-0.36901293 -0.51870716 -0.44757773 -0.58452606 -0.58432492 -0.65419223
  -0.66077979 -0.66533457 -0.69075789 -0.69264268 -0.72338805 -0.70937568
  -0.74861347 -0.75217989 -0.74062005 -0.73955747 -0.75322083 -0.73288001
  -0.72097036 -0.7709282  -0.74324889 -0.78260505 -0.75469833 -0.78091818
  -0.79370926 -0.7978164  -0.81801995 -0.7836194  -0.82207847 -0.84471163
  -0.82843318 -0.81486389 -0.83556829 -0.83684876 -0.83363182 -0.80961551
  -0.8349171  -0.8469289  -0.83587579 -0.8491973 ]
 [-0.40558092 -0.48862925 -0.59502806 -0.53748564 -0.62798903 -0.63696418
  -0.6621952  -0.64729774 -0.66323791 -0.67814704 -0.71872799 -0.70664443
  -0.69319616 -0.72002335 -0.74219356 -0.67620842 -0.70938408 -0.72456285
  -0.74654287 -0.80627673 -0.74184096 -0.77622636 -0.76478912 -0.77559343
  -0.76460719 -0.74872733 -0.77807938 -0.78406251 -0.81450876 -0.781043
  -0.79008679 -0.78668629 -0.76751105 -0.81446081 -0.78828999 -0.81369079
  -0.80829938 -0.81756617 -0.8151067  -0.80443387]
 [-0.34532206 -0.44242613 -0.53972833 -0.5458562  -0.57692381 -0.58270941
  -0.57246384 -0.64880868 -0.61808505 -0.6468686  -0.65642246 -0.66391295
  -0.7049546  -0.68428609 -0.70521485 -0.72866237 -0.74029661 -0.68375595
  -0.69668666 -0.72316327 -0.73966967 -0.75329649 -0.70859111 -0.76863715
  -0.73334829 -0.79955782 -0.76864789 -0.74699609 -0.7549078  -0.78253212
  -0.70435842 -0.76931181 -0.7785823  -0.77099085 -0.75623729 -0.77556193
  -0.77161504 -0.77914321 -0.77295432 -0.79204051]
 [-0.33482803 -0.46126857 -0.5577592  -0.54547095 -0.56920061 -0.57032636
  -0.61348574 -0.61837093 -0.65212622 -0.6674011  -0.6497998  -0.65589211
  -0.65996672 -0.68333187 -0.64964863 -0.66351303 -0.69044604 -0.69425617
  -0.66996542 -0.7217053  -0.67055417 -0.7107016  -0.68350489 -0.672054
  -0.71059491 -0.74677096 -0.76023254 -0.7279641  -0.73848521 -0.75013169
  -0.75116839 -0.74704438 -0.73535755 -0.71246843 -0.7135819  -0.76176643
  -0.74925316 -0.75118843 -0.72040274 -0.76417211]
 [-0.28219193 -0.51757739 -0.52448835 -0.49458424 -0.55798247 -0.57239365
  -0.64942748 -0.57704116 -0.60973542 -0.63343673 -0.65236544 -0.6432301
  -0.61511325 -0.62412766 -0.6315154  -0.65222444 -0.6446199  -0.60475949
  -0.66848692 -0.66480119 -0.65232509 -0.69103546 -0.67728921 -0.65681111
  -0.69386506 -0.66787771 -0.69101664 -0.71609926 -0.71893899 -0.69666471
  -0.69452863 -0.68754207 -0.66510104 -0.72255796 -0.68471282 -0.7225708
  -0.7146978  -0.67587861 -0.70488444 -0.70808804]
 [-0.28662737 -0.45627634 -0.50600867 -0.46797974 -0.53024575 -0.52278424
  -0.58154274 -0.51775785 -0.59845588 -0.60627418 -0.62294634 -0.62108256
  -0.58384797 -0.59077294 -0.63611803 -0.6146368  -0.65294294 -0.65744759
  -0.61466323 -0.66972536 -0.64022383 -0.63364298 -0.63847799 -0.67116003
  -0.70451775 -0.66272339 -0.67626815 -0.64986116 -0.62690208 -0.63097179
  -0.6504417  -0.64944741 -0.67674498 -0.67964353 -0.71518378 -0.64123769
  -0.67591361 -0.65579041 -0.68189175 -0.65779676]
 [-0.32188931 -0.51837455 -0.48816663 -0.48828943 -0.49394779 -0.54183597
  -0.54487347 -0.55405821 -0.58160753 -0.59500091 -0.55308315 -0.59255546
  -0.58652305 -0.57257115 -0.56996961 -0.56942255 -0.58859666 -0.56736298
  -0.63392355 -0.58923817 -0.61771614 -0.63205385 -0.55435494 -0.64351638
  -0.61285936 -0.61379233 -0.63537255 -0.65843526 -0.61767071 -0.63053518
  -0.60847407 -0.61249753 -0.61210274 -0.64301341 -0.62623369 -0.66757744
  -0.61285854 -0.63758369 -0.60853632 -0.65381744]
 [-0.34723344 -0.41749468 -0.42211871 -0.41350469 -0.4316999  -0.47306747
  -0.47929698 -0.46928072 -0.43128489 -0.44725514 -0.44098772 -0.40013991
  -0.42865315 -0.42449368 -0.42524156 -0.44439234 -0.41870269 -0.40426306
  -0.43733052 -0.42230414 -0.4503264  -0.42778905 -0.40453684 -0.429588
  -0.43187282 -0.42431074 -0.43609712 -0.42389695 -0.42146676 -0.42835511
  -0.39381092 -0.40060708 -0.40573001 -0.37988575 -0.38925581 -0.41248239
  -0.40285848 -0.41824951 -0.41852306 -0.44539889]
 [-0.31943504 -0.35228629 -0.41129265 -0.35794275 -0.38576289 -0.3766788
  -0.34754947 -0.38117764 -0.3736057  -0.34834944 -0.31940696 -0.34130859
  -0.3538199  -0.33149761 -0.33927808 -0.35057387 -0.30599212 -0.30493805
  -0.2815903  -0.32049275 -0.33967897 -0.37040775 -0.31800584 -0.31222197
  -0.34683613 -0.3472247  -0.32632507 -0.34826946 -0.30186011 -0.32865176
  -0.3207682  -0.32078057 -0.3047719  -0.31035169 -0.29445195 -0.30426709
  -0.31515597 -0.30134648 -0.30455221 -0.30712571]
 [-0.27720006 -0.31072647 -0.31775609 -0.36533912 -0.32406311 -0.31963757
  -0.30702692 -0.32941736 -0.28983882 -0.28495125 -0.26080744 -0.27551274
  -0.28459383 -0.25414745 -0.24636659 -0.28400601 -0.28276983 -0.27643615
  -0.2482267  -0.26226454 -0.23686197 -0.2513714  -0.27656043 -0.26744585
  -0.24886985 -0.26830768 -0.21102852 -0.26149797 -0.24382156 -0.24584762
  -0.21935917 -0.24602521 -0.25397718 -0.25714086 -0.22886352 -0.23671969
  -0.25917893 -0.26371237 -0.24021648 -0.240608  ]
 [-0.26185592 -0.23298089 -0.26474296 -0.29759929 -0.22226132 -0.25723257
  -0.26298191 -0.21139149 -0.23434855 -0.21975203 -0.21723057 -0.20959637
  -0.23075386 -0.22298339 -0.18921521 -0.19487154 -0.21075508 -0.21797228
  -0.18884438 -0.20553943 -0.1732428  -0.20391621 -0.17683043 -0.19216965
  -0.19878678 -0.19399203 -0.20226467 -0.1993211  -0.19363086 -0.19405616
  -0.17177537 -0.16107169 -0.21470751 -0.16261891 -0.21296374 -0.20190244
  -0.20044821 -0.17007884 -0.19615262 -0.18861169]]
variance: [[0.83068089 0.61191409 0.5696109  0.51661173 0.41662236 0.2653564
  0.22433512 0.1927279  0.22433512 0.25522126 0.25522126 0.14946327
  0.14946327 0.14946327 0.10491673 0.03569332 0.04743085 0.10491673
  0.03569332 0.04743085 0.08216274 0.01197789 0.02387567 0.01197789
  0.02387567 0.02387567 0.01197789 0.01197789 0.01197789 0.01197789
  0.         0.01197789 0.01197789 0.         0.01197789 0.
  0.         0.         0.         0.        ]
 [0.78095665 0.62589137 0.51898523 0.40907086 0.33050147 0.2993691
  0.40358042 0.2320329  0.18344367 0.20036851 0.1645043  0.09561851
  0.11091381 0.1063891  0.04765966 0.05134323 0.08713312 0.0611565
  0.07352216 0.03477049 0.02773551 0.0364973  0.01197789 0.02120737
  0.00281642 0.00379857 0.01491884 0.02686411 0.01473273 0.
  0.01552433 0.00239477 0.02883963 0.01481508 0.         0.
  0.         0.0125458  0.         0.        ]
 [0.75190332 0.57964845 0.49995591 0.39849681 0.23388738 0.24055
  0.20460755 0.20194337 0.11748136 0.12508269 0.15337598 0.13405821
  0.10635852 0.08978256 0.07423035 0.05713827 0.04195102 0.05174759
  0.06099676 0.04108282 0.04714596 0.02515001 0.02585118 0.01766143
  0.02470028 0.02538216 0.02340154 0.02259822 0.01042925 0.01154175
  0.02476786 0.02462199 0.01129855 0.02771993 0.00583484 0.00701235
  0.00545571 0.0106366  0.01356254 0.00963332]
 [0.62254422 0.51780145 0.39982608 0.34668237 0.23938808 0.27168549
  0.16253621 0.15709623 0.14400634 0.14656909 0.13054086 0.14600532
  0.11581442 0.14992769 0.10853268 0.08987632 0.08509743 0.06685279
  0.07826427 0.05302496 0.07614168 0.07000973 0.06188687 0.06792184
  0.07235818 0.05516894 0.04953444 0.05568262 0.04265243 0.04996016
  0.05225768 0.03721128 0.05278485 0.03065093 0.02292888 0.02872572
  0.02271097 0.02493034 0.03575182 0.0159727 ]
 [0.62276941 0.47901811 0.31177762 0.27550931 0.28907443 0.24228763
  0.20010811 0.19137387 0.17487592 0.14901453 0.14631806 0.15059119
  0.11704337 0.09260793 0.07429682 0.11759531 0.09898281 0.08970371
  0.10707233 0.0993808  0.08482879 0.10494715 0.07269571 0.06998354
  0.06709353 0.07978299 0.07238318 0.0918057  0.05653616 0.06202499
  0.05860944 0.05927461 0.05865483 0.06401676 0.05297846 0.06800855
  0.04818136 0.06440721 0.05029187 0.05351283]
 [0.60100215 0.39029018 0.33961668 0.30973189 0.30247548 0.24694422
  0.22800065 0.1808319  0.15906697 0.16324746 0.14114432 0.1523507
  0.13581473 0.13570508 0.12853603 0.13149238 0.10943876 0.11739474
  0.09585431 0.1080615  0.11436745 0.09209676 0.10462265 0.0745708
  0.08638179 0.07652568 0.08936941 0.08195493 0.06132453 0.08545655
  0.08499229 0.06236233 0.07140131 0.05843929 0.06440618 0.05057471
  0.075793   0.05869723 0.05741867 0.06541125]
 [0.57108167 0.45109272 0.40434995 0.30559408 0.24617653 0.20456488
  0.23465151 0.19781057 0.17236696 0.17881652 0.14783604 0.1610006
  0.13634657 0.12491836 0.13609128 0.13515404 0.12122424 0.13495459
  0.14803517 0.11442054 0.1239381  0.10981563 0.11900949 0.10258254
  0.10058784 0.09780762 0.08733917 0.110661   0.08338213 0.06945409
  0.07658441 0.08461245 0.07385368 0.07542063 0.08025166 0.08660353
  0.07813629 0.06747939 0.07744415 0.06851251]
 [0.56156752 0.43694245 0.26468582 0.31535947 0.24576155 0.20370232
  0.19859955 0.17628439 0.20996419 0.15991456 0.1468886  0.15182784
  0.15334235 0.15657046 0.12784539 0.1529411  0.14888578 0.13376017
  0.12723595 0.09638131 0.12763237 0.10795916 0.11518384 0.10529287
  0.1148848  0.12188362 0.10467539 0.10347045 0.08803024 0.11036698
  0.10012914 0.09923495 0.10797499 0.08494028 0.09901287 0.08773884
  0.08943286 0.08651305 0.08511497 0.09133525]
 [0.56485813 0.44942165 0.32549505 0.28065574 0.25841828 0.23520164
  0.23919723 0.18278382 0.18956286 0.18342422 0.16831397 0.16489619
  0.14689292 0.15436893 0.14182919 0.13131692 0.12558807 0.15158739
  0.14913425 0.13730454 0.12804157 0.11306619 0.13247148 0.10584449
  0.1270693  0.09254014 0.10752933 0.12039327 0.12024684 0.10158526
  0.1323214  0.10742699 0.09989414 0.10773262 0.11474075 0.10359824
  0.11083899 0.10119799 0.106874   0.09194253]
 [0.58337993 0.39389714 0.34164078 0.28648937 0.26968246 0.25219267
  0.18826551 0.19583811 0.17753878 0.17409106 0.16847339 0.17369236
  0.17256475 0.15429794 0.16077061 0.15994149 0.14678719 0.14569807
  0.15697911 0.13122991 0.14556683 0.13913857 0.14221554 0.14852107
  0.13783268 0.11969575 0.11343913 0.12221964 0.12254739 0.11568634
  0.11184886 0.11817163 0.11921709 0.1292435  0.12944766 0.11364933
  0.11620371 0.11115235 0.12445187 0.10955457]
 [0.5699867  0.37712931 0.32682095 0.30672521 0.25892524 0.21533115
  0.17005744 0.21108529 0.1868941  0.17225096 0.16154927 0.16047883
  0.16703321 0.17129006 0.16679596 0.15122522 0.15079301 0.16958683
  0.14432177 0.14764424 0.15644789 0.14538951 0.14283839 0.1549318
  0.13910602 0.15292166 0.14347466 0.13246281 0.13070916 0.13952686
  0.13662951 0.13350129 0.14566204 0.12306    0.14175608 0.12933529
  0.13015768 0.13444599 0.12806268 0.12684709]
 [0.5283563  0.40674762 0.30769036 0.27263589 0.23041201 0.23335962
  0.20077306 0.22140546 0.17991843 0.174714   0.18589908 0.16736193
  0.16855586 0.17103858 0.1585747  0.16706617 0.16462591 0.15843368
  0.1625298  0.14483182 0.15201754 0.14986569 0.15854957 0.14659044
  0.13190232 0.14208604 0.14120285 0.15042466 0.15056337 0.14986823
  0.14630712 0.15083795 0.13385823 0.13766324 0.12285954 0.14834773
  0.13755046 0.14293535 0.13678701 0.14006271]
 [0.53070736 0.33751706 0.27984592 0.28944901 0.25517637 0.22172974
  0.21380716 0.19521817 0.18767058 0.19152953 0.18081389 0.17153844
  0.17911752 0.17457702 0.16318457 0.16816759 0.16762177 0.17100744
  0.1513347  0.16308082 0.16106679 0.15293806 0.16464269 0.14416489
  0.15549225 0.15372476 0.14665684 0.14194771 0.15164958 0.14718814
  0.14851919 0.15414739 0.14898491 0.14162364 0.14513346 0.14099783
  0.14901117 0.147285   0.14874273 0.13793424]
 [0.43206481 0.3652385  0.2679858  0.21573966 0.20149431 0.19339312
  0.1886735  0.19239942 0.18165583 0.17261796 0.1736213  0.16280056
  0.16613877 0.1589103  0.1619263  0.16128546 0.16080558 0.15711292
  0.16588685 0.15502154 0.15975274 0.14861537 0.14814366 0.15073005
  0.14848163 0.14622391 0.15332208 0.13512616 0.14994498 0.14860131
  0.13184709 0.14129762 0.13095376 0.12814849 0.13399525 0.13259024
  0.12863438 0.13408168 0.14209119 0.14086646]
 [0.39803356 0.31055425 0.27320787 0.22635136 0.21342994 0.17390834
  0.17430121 0.16337446 0.164852   0.14298258 0.14650056 0.14137695
  0.14272673 0.13925236 0.1335595  0.1322357  0.12215398 0.12333366
  0.1106897  0.12592614 0.12603742 0.13564738 0.11440311 0.1181571
  0.13385693 0.12610133 0.10988795 0.11826709 0.10551115 0.11382031
  0.11267953 0.11460224 0.10772273 0.10843245 0.08993584 0.10345903
  0.10822819 0.09717814 0.09935448 0.0988809 ]
 [0.35739387 0.28175262 0.23625995 0.20453195 0.16585398 0.16444382
  0.15605921 0.16159152 0.13129874 0.13621832 0.1126366  0.12402475
  0.12293634 0.09762932 0.10498687 0.10990359 0.110124   0.10868063
  0.10005344 0.09725238 0.09465225 0.08869623 0.10719985 0.09754233
  0.09702865 0.10055978 0.06856452 0.09317155 0.09464757 0.09415117
  0.07959415 0.08523644 0.08713307 0.08863878 0.07765119 0.08107391
  0.08779739 0.09096507 0.07955716 0.08477464]
 [0.32990284 0.21717075 0.15688521 0.16182444 0.13423283 0.13961019
  0.12594977 0.09816222 0.10566016 0.10546832 0.08661759 0.08569259
  0.10071369 0.09626274 0.07634905 0.07573717 0.08101117 0.08111405
  0.07275516 0.07751681 0.06464783 0.08219328 0.06318013 0.06565665
  0.07577731 0.07356098 0.07913243 0.07163039 0.07102269 0.06844221
  0.06696344 0.06287487 0.07850181 0.05684224 0.07915975 0.07891594
  0.07806156 0.06645605 0.07220428 0.07045558]]
