args:  Namespace(attack='fgsm', ndim=2)
elapsed time: 6539.530728336999
test_losses: [[-0.66114459 -0.84667802 -0.99290492 -1.17477994 -1.25521022 -1.35265025
  -1.45537732 -1.53756995 -1.50138695 -1.51046613 -1.58080234 -1.62681197
  -1.63399508 -1.6646236  -1.64117819 -1.67268788 -1.69613329 -1.68176706
  -1.67898982 -1.69891053 -1.6763463  -1.68895017 -1.74580133 -1.73495981
  -1.73407863 -1.74126174 -1.75210327 -1.74126174 -1.74756368 -1.74756368
  -1.74668251 -1.75298444 -1.75298444 -1.75840521 -1.75298444 -1.75210327
  -1.7394994  -1.75840521 -1.75210327 -1.75840521]
 [-0.58401708 -0.86543708 -1.03779616 -1.19778184 -1.32841718 -1.30736977
  -1.46276198 -1.54641988 -1.45150345 -1.49527429 -1.56066759 -1.58896626
  -1.61312586 -1.67225915 -1.67045645 -1.65271907 -1.69223986 -1.71336045
  -1.72109868 -1.70778661 -1.71878332 -1.71684951 -1.74264429 -1.74191714
  -1.7280236  -1.74899836 -1.73621056 -1.73697178 -1.73984163 -1.74995139
  -1.75299998 -1.74217091 -1.73712419 -1.75256581 -1.75840521 -1.74904761
  -1.75840521 -1.75772528 -1.75565202 -1.75568568]
 [-0.6309205  -0.98029983 -1.12774312 -1.18274106 -1.27051453 -1.34952757
  -1.33399229 -1.3982462  -1.49987176 -1.5654988  -1.51953546 -1.55949489
  -1.59316887 -1.62524516 -1.6519761  -1.6422836  -1.6596008  -1.67050495
  -1.67953723 -1.66707077 -1.6860084  -1.67729435 -1.69507851 -1.71611213
  -1.73303362 -1.70173182 -1.72573108 -1.73148561 -1.75118164 -1.72033815
  -1.73273897 -1.72143218 -1.72008425 -1.74984183 -1.75498796 -1.74658667
  -1.74892213 -1.73602714 -1.74873036 -1.74402616]
 [-0.70365902 -0.88996202 -1.16456018 -1.12706735 -1.14476407 -1.34582039
  -1.39238318 -1.3583071  -1.34614572 -1.48635821 -1.48976968 -1.5637455
  -1.54336695 -1.52719468 -1.5943805  -1.57732837 -1.57308658 -1.62728062
  -1.62382062 -1.60260331 -1.6512648  -1.64662601 -1.6487944  -1.69480688
  -1.6702831  -1.66786827 -1.69159702 -1.65773521 -1.69346853 -1.68345814
  -1.66936665 -1.69483774 -1.70459618 -1.70937932 -1.71701657 -1.70076736
  -1.72625742 -1.71847514 -1.71561553 -1.7260615 ]
 [-0.72065424 -0.91723054 -1.01939959 -1.15500947 -1.22773895 -1.1328618
  -1.38291129 -1.33194995 -1.36412813 -1.41091686 -1.39918495 -1.49480796
  -1.47420494 -1.4661207  -1.48962741 -1.50890065 -1.5522053  -1.56392241
  -1.56444518 -1.59893003 -1.56836303 -1.5814717  -1.6077503  -1.62723945
  -1.59731779 -1.60872745 -1.64720528 -1.59715011 -1.66043964 -1.67510653
  -1.68689422 -1.66316488 -1.67484818 -1.68990185 -1.65802161 -1.66971506
  -1.66073622 -1.67536061 -1.66392643 -1.68636937]
 [-0.62591633 -0.82130267 -1.01873225 -1.12962908 -1.17658121 -1.27426664
  -1.30472574 -1.33754758 -1.37085227 -1.36923325 -1.36758517 -1.43826432
  -1.42703986 -1.47544654 -1.47357429 -1.50201491 -1.53078097 -1.51089781
  -1.53265375 -1.5255355  -1.55556169 -1.57530157 -1.52699433 -1.56973872
  -1.58026626 -1.60911291 -1.60046687 -1.62264465 -1.61545716 -1.63636832
  -1.6275622  -1.65308762 -1.69579373 -1.65242033 -1.62512894 -1.64884161
  -1.67528431 -1.67850733 -1.68058015 -1.65709683]
 [-0.65694579 -0.93013113 -1.00530865 -1.09071207 -1.17910191 -1.22846838
  -1.30250396 -1.37752951 -1.34534892 -1.36312506 -1.41063828 -1.40792382
  -1.39223944 -1.45741179 -1.48718353 -1.51892821 -1.46843221 -1.48781928
  -1.51244644 -1.50629382 -1.46746151 -1.52459924 -1.51044258 -1.52503845
  -1.52524585 -1.54920608 -1.55474511 -1.60118418 -1.57846829 -1.59060035
  -1.5687386  -1.58402221 -1.59875416 -1.64693772 -1.62816633 -1.60827579
  -1.61524621 -1.60700247 -1.63047778 -1.63850222]
 [-0.63225308 -0.87940973 -0.96830234 -1.06542532 -1.12977206 -1.23510712
  -1.26505497 -1.30034148 -1.28554507 -1.37144478 -1.33766883 -1.38315408
  -1.32604588 -1.35700041 -1.39528197 -1.39264763 -1.40691743 -1.44623551
  -1.51059724 -1.50270172 -1.50340612 -1.46245626 -1.47518836 -1.50052931
  -1.49068925 -1.47257685 -1.52414821 -1.48933889 -1.51950343 -1.57054
  -1.54711155 -1.55500784 -1.57141477 -1.51706901 -1.54101271 -1.61298983
  -1.58565544 -1.59770888 -1.58281912 -1.59621483]
 [-0.58872285 -0.86272042 -1.00741991 -1.0994888  -1.166341   -1.18247604
  -1.25688626 -1.19333559 -1.29568756 -1.33168957 -1.33310914 -1.31928274
  -1.30815359 -1.34350513 -1.37931815 -1.39772845 -1.3949019  -1.41031266
  -1.39768958 -1.40562086 -1.38200644 -1.45060475 -1.41609789 -1.44984973
  -1.44612178 -1.38747977 -1.43283644 -1.50018924 -1.4994492  -1.45638424
  -1.48852915 -1.50506328 -1.46279456 -1.48599568 -1.50546563 -1.51116489
  -1.47319509 -1.53504618 -1.56000019 -1.54167781]
 [-0.68035177 -0.90564496 -0.9455881  -1.00832763 -1.10573566 -1.13364596
  -1.24136889 -1.15970619 -1.26729833 -1.24455517 -1.26078213 -1.2390991
  -1.3437695  -1.30212862 -1.37599594 -1.28218559 -1.33757315 -1.39072083
  -1.38238316 -1.35813899 -1.39223797 -1.34285808 -1.38926732 -1.37755938
  -1.41850048 -1.46241491 -1.43113608 -1.47016013 -1.44434048 -1.47113979
  -1.44873911 -1.45064909 -1.45946919 -1.4046908  -1.44020877 -1.39838517
  -1.41361802 -1.48833322 -1.48097874 -1.47625872]
 [-0.67015503 -0.82147462 -1.03199832 -1.02016308 -1.0628908  -1.11086891
  -1.14628971 -1.23347903 -1.22089905 -1.20133005 -1.25820671 -1.29626552
  -1.25993453 -1.23497818 -1.31110425 -1.24723429 -1.25552824 -1.30417136
  -1.35980919 -1.28623599 -1.35144725 -1.36388689 -1.32721093 -1.32139192
  -1.37082833 -1.3465528  -1.3087062  -1.38879431 -1.39735736 -1.37859998
  -1.36386061 -1.36595056 -1.37059318 -1.39350191 -1.39745811 -1.38560227
  -1.42973845 -1.35994061 -1.40072279 -1.40787816]
 [-0.61745595 -0.79968595 -0.99187114 -1.08408202 -1.05468713 -1.1087165
  -1.1204309  -1.08896415 -1.16209875 -1.17971717 -1.19780344 -1.26066029
  -1.21250655 -1.25607453 -1.19338002 -1.26803369 -1.22527073 -1.28583629
  -1.2587147  -1.29247748 -1.23059991 -1.30643246 -1.26421822 -1.27490844
  -1.30874432 -1.27062785 -1.29367157 -1.2627516  -1.2541668  -1.30055349
  -1.29867045 -1.21282303 -1.27745711 -1.31187157 -1.3363112  -1.30353194
  -1.30814784 -1.31336002 -1.31279409 -1.33028814]
 [-0.59287419 -0.81857875 -0.92020909 -1.01419437 -1.07306242 -1.0651293
  -1.05683688 -1.11851219 -1.17285469 -1.14396001 -1.14453267 -1.11186551
  -1.17098213 -1.20231424 -1.1042538  -1.13726937 -1.19285115 -1.15519587
  -1.15408553 -1.18919464 -1.22498587 -1.17419271 -1.17428714 -1.20771797
  -1.18332181 -1.18889941 -1.17733187 -1.18901052 -1.26581948 -1.26063931
  -1.16880403 -1.19503545 -1.17681744 -1.24395067 -1.24335272 -1.18024828
  -1.22970739 -1.2533635  -1.22304958 -1.22907906]
 [-0.61834643 -0.79465606 -0.85006643 -0.85308372 -0.80402751 -0.88671867
  -0.89255404 -0.85915759 -0.91758589 -0.86414535 -0.86867334 -0.80126632
  -0.85782471 -0.88077129 -0.83193728 -0.80846584 -0.87283123 -0.85994588
  -0.79095864 -0.82470018 -0.88189121 -0.79121878 -0.8343249  -0.84150804
  -0.8023683  -0.82730218 -0.85793226 -0.81401537 -0.75369897 -0.78636885
  -0.81698713 -0.80246766 -0.77310561 -0.73961568 -0.8127571  -0.76214746
  -0.77821356 -0.77309459 -0.73771492 -0.73515518]
 [-0.56517992 -0.73722761 -0.64135929 -0.7869852  -0.73947688 -0.71059312
  -0.76131443 -0.70489143 -0.7708532  -0.70208651 -0.69602877 -0.70026137
  -0.6566533  -0.7232738  -0.68048086 -0.64180625 -0.65147652 -0.66132005
  -0.64902936 -0.6800384  -0.60671617 -0.64535646 -0.63566017 -0.60791453
  -0.63272494 -0.62925141 -0.67253247 -0.61538274 -0.66467538 -0.60747392
  -0.6350173  -0.65050743 -0.65634751 -0.60065333 -0.64928844 -0.63914361
  -0.59636838 -0.6355182  -0.64522003 -0.60690084]
 [-0.54344693 -0.65890725 -0.66748795 -0.65878077 -0.58177385 -0.63071823
  -0.64907724 -0.61983107 -0.55324797 -0.57906387 -0.56607645 -0.55972425
  -0.565344   -0.5416192  -0.50520551 -0.48811485 -0.55696637 -0.54290549
  -0.54754157 -0.54403549 -0.53460323 -0.52828804 -0.51376897 -0.50471873
  -0.52542823 -0.50394385 -0.51033962 -0.51748797 -0.52444551 -0.5054398
  -0.52671356 -0.550656   -0.48083135 -0.52980095 -0.5526415  -0.52214211
  -0.53958158 -0.51792335 -0.51838969 -0.53979782]
 [-0.49508303 -0.56434339 -0.5044407  -0.5602489  -0.51616329 -0.54231302
  -0.45776113 -0.46141192 -0.47661786 -0.50906615 -0.44322787 -0.4397564
  -0.4457266  -0.45625251 -0.39006545 -0.42505152 -0.40165988 -0.41178588
  -0.4136666  -0.38413763 -0.41362438 -0.41898749 -0.43543995 -0.40398839
  -0.39589707 -0.40222646 -0.42281787 -0.44367631 -0.41151494 -0.4293064
  -0.40892814 -0.41321936 -0.42431184 -0.39765058 -0.42032408 -0.42740936
  -0.40214123 -0.4364537  -0.4186372  -0.43269854]]
variance: [[1.28159185e+00 1.12482108e+00 1.12228282e+00 9.22754586e-01
  7.58054981e-01 6.57670906e-01 4.81942796e-01 3.48676933e-01
  4.07393529e-01 4.41538743e-01 3.06097796e-01 2.20007011e-01
  2.06832663e-01 1.57042844e-01 1.93555121e-01 1.40378204e-01
  1.22885202e-01 1.30419297e-01 1.29504534e-01 1.03207952e-01
  1.58871230e-01 1.16455452e-01 2.36697943e-02 4.09097719e-02
  4.39665990e-02 2.92512344e-02 1.18746116e-02 2.92512344e-02
  1.75132680e-02 1.75132680e-02 2.05923077e-02 8.78601870e-03
  8.78601870e-03 0.00000000e+00 8.78601870e-03 1.18746116e-02
  3.53855482e-02 0.00000000e+00 1.18746116e-02 0.00000000e+00]
 [1.14205624e+00 1.04819431e+00 9.81704696e-01 7.96525596e-01
  5.89053874e-01 5.93669156e-01 4.03198669e-01 3.15357905e-01
  4.09376384e-01 3.94205693e-01 3.17010027e-01 2.40294672e-01
  1.96972648e-01 1.26349539e-01 1.33056013e-01 1.53096907e-01
  9.29389364e-02 6.23710593e-02 5.37795198e-02 7.48418466e-02
  5.02636660e-02 4.39494233e-02 1.47350863e-02 2.35172337e-02
  3.95735834e-02 1.44779686e-02 2.51662739e-02 3.02719076e-02
  2.54775921e-02 1.15037715e-02 4.35338756e-03 2.15644006e-02
  3.09524626e-02 5.12770225e-03 0.00000000e+00 1.37699300e-02
  0.00000000e+00 1.38230288e-04 2.26642865e-03 2.21136020e-03]
 [1.44732443e+00 9.48939459e-01 7.43781986e-01 6.51584694e-01
  5.72516909e-01 4.89902692e-01 4.76161544e-01 4.29886588e-01
  3.48672104e-01 1.93963637e-01 2.78279287e-01 2.36896959e-01
  1.74785585e-01 1.31854463e-01 1.24700991e-01 1.23939606e-01
  9.27523519e-02 7.64099418e-02 7.67144348e-02 1.00509512e-01
  6.07900904e-02 7.22684650e-02 5.58681806e-02 3.86479154e-02
  1.95885081e-02 5.78496454e-02 2.31262760e-02 1.93703756e-02
  5.51709207e-03 3.06692645e-02 2.07693535e-02 3.68015913e-02
  3.29919948e-02 1.23411549e-02 1.29150419e-03 9.49604073e-03
  8.06252700e-03 1.94507468e-02 6.56547993e-03 1.14777299e-02]
 [1.11967959e+00 1.07068181e+00 6.69583919e-01 6.81142682e-01
  6.73623848e-01 4.35338939e-01 3.62314245e-01 4.02788235e-01
  3.81763316e-01 2.62120954e-01 2.30274389e-01 1.68423777e-01
  1.99032844e-01 2.36486153e-01 1.50009997e-01 1.53769805e-01
  1.39138997e-01 1.02840173e-01 1.18446380e-01 1.23216284e-01
  9.55238552e-02 9.41318139e-02 8.97856431e-02 4.17447045e-02
  6.11173578e-02 7.03909343e-02 5.81324616e-02 8.09412361e-02
  5.43539182e-02 6.17117534e-02 6.72328453e-02 4.70241170e-02
  3.93109364e-02 3.59546508e-02 3.36444978e-02 5.10490011e-02
  2.34620131e-02 2.80087028e-02 3.13110502e-02 2.09092084e-02]
 [1.12359194e+00 8.44949614e-01 6.60587773e-01 6.17778088e-01
  4.81108425e-01 5.02853339e-01 3.53503905e-01 3.58166845e-01
  2.83831105e-01 3.16334635e-01 2.94542135e-01 2.31866734e-01
  2.16730516e-01 2.56972049e-01 2.38587533e-01 1.83443017e-01
  1.56424793e-01 1.63738893e-01 1.45277862e-01 1.34053614e-01
  1.37706193e-01 1.44727344e-01 1.08909326e-01 9.67660396e-02
  1.26578963e-01 1.10749189e-01 9.69371775e-02 1.15160416e-01
  7.32980472e-02 6.44388694e-02 5.42479417e-02 7.51940540e-02
  6.27405323e-02 5.37325193e-02 7.40059387e-02 7.12574620e-02
  8.10842404e-02 6.48248091e-02 7.35351713e-02 5.45206693e-02]
 [1.13971184e+00 7.82810145e-01 6.44079050e-01 5.81127655e-01
  5.00835826e-01 4.19256622e-01 4.10450331e-01 3.28339380e-01
  3.10574773e-01 2.78125076e-01 2.94935223e-01 2.62463694e-01
  2.61531392e-01 2.29154371e-01 1.95536403e-01 1.82087175e-01
  1.69790233e-01 1.95666984e-01 1.84628379e-01 1.71351276e-01
  1.58117320e-01 1.34107019e-01 1.75366644e-01 1.41132989e-01
  1.33062054e-01 1.03082081e-01 1.16416075e-01 1.03863131e-01
  9.38934430e-02 9.66970411e-02 9.26931474e-02 8.07856579e-02
  4.52538921e-02 8.57331217e-02 8.57938219e-02 7.58546376e-02
  6.34398611e-02 5.82300240e-02 7.08523615e-02 7.25561086e-02]
 [1.03491737e+00 7.08604637e-01 7.04083781e-01 5.48520221e-01
  4.59350987e-01 3.95455036e-01 3.58939915e-01 3.30074169e-01
  2.70404802e-01 3.20076173e-01 2.63806165e-01 2.67773237e-01
  2.62726515e-01 2.10343862e-01 1.91998518e-01 1.71672891e-01
  1.89489276e-01 2.08314189e-01 2.02570981e-01 1.91631163e-01
  2.03411207e-01 1.64771786e-01 1.77187208e-01 1.75484643e-01
  1.83944758e-01 1.64659308e-01 1.38798317e-01 1.28717159e-01
  1.44780914e-01 1.12195240e-01 1.59119287e-01 1.34194282e-01
  1.16447266e-01 7.97791776e-02 1.01496956e-01 1.14261709e-01
  1.06479643e-01 1.29585536e-01 8.84252866e-02 8.34153485e-02]
 [1.06972974e+00 6.89899634e-01 6.64561221e-01 6.05530589e-01
  5.18763739e-01 4.28276605e-01 4.38346000e-01 3.56823861e-01
  3.65119494e-01 2.87066317e-01 2.88206513e-01 2.79675329e-01
  3.05852108e-01 2.91464940e-01 2.35140231e-01 2.55692693e-01
  2.47585247e-01 2.15051728e-01 1.88180250e-01 2.04444254e-01
  1.78281945e-01 2.13423246e-01 1.89887808e-01 1.85169707e-01
  1.84285654e-01 2.10747571e-01 1.64168023e-01 1.92743833e-01
  1.63506358e-01 1.50321725e-01 1.63016656e-01 1.53179216e-01
  1.40246647e-01 1.79614805e-01 1.42168537e-01 1.20172965e-01
  1.21858075e-01 1.12926477e-01 1.51005759e-01 1.23088390e-01]
 [1.06193147e+00 8.67925434e-01 6.70243159e-01 4.60213810e-01
  4.63871280e-01 4.21841907e-01 4.02688036e-01 3.64540523e-01
  3.32334895e-01 2.91151755e-01 2.96156878e-01 3.00540834e-01
  2.97016054e-01 2.80679702e-01 2.55203889e-01 2.63654267e-01
  2.46851211e-01 2.39937574e-01 2.53302575e-01 2.27123048e-01
  2.48522521e-01 2.14093212e-01 2.36765185e-01 2.08843585e-01
  2.19245026e-01 2.39349252e-01 2.35212865e-01 1.85125491e-01
  1.97100808e-01 2.04572550e-01 2.01319826e-01 1.89770888e-01
  2.12356980e-01 1.95530261e-01 1.87781806e-01 1.87813791e-01
  2.13514702e-01 1.64442416e-01 1.40907156e-01 1.64944099e-01]
 [1.01226402e+00 7.28999702e-01 7.02424198e-01 5.59816304e-01
  4.93487867e-01 4.07906785e-01 3.88583624e-01 3.83594203e-01
  3.32560104e-01 3.22949889e-01 2.98178722e-01 3.29672221e-01
  2.72189364e-01 3.10098090e-01 2.53790193e-01 3.12629741e-01
  2.61779654e-01 2.58803052e-01 2.46403469e-01 2.61687076e-01
  2.53606032e-01 2.53931285e-01 2.64480232e-01 2.57440019e-01
  2.30189486e-01 2.21094037e-01 2.31835442e-01 2.00881036e-01
  2.17846566e-01 1.96656288e-01 2.26375692e-01 2.08729986e-01
  2.21841795e-01 2.39965606e-01 2.13263267e-01 2.25038932e-01
  2.57836071e-01 1.87181511e-01 2.00080996e-01 2.05167094e-01]
 [9.64660145e-01 7.86151230e-01 5.46262701e-01 5.22107077e-01
  4.64248856e-01 4.27143496e-01 3.90278075e-01 3.26775343e-01
  3.64479473e-01 3.76253717e-01 3.11950989e-01 3.09892181e-01
  3.02486247e-01 3.32268859e-01 2.77510197e-01 3.03638574e-01
  2.89094643e-01 2.83580564e-01 2.28164197e-01 2.99706080e-01
  2.65359777e-01 2.41499076e-01 2.96062264e-01 2.63542853e-01
  2.65424764e-01 2.67816755e-01 2.67344975e-01 2.57013764e-01
  2.60250353e-01 2.54250257e-01 2.57409819e-01 2.42839854e-01
  2.52262559e-01 2.48904985e-01 2.62226130e-01 2.42938567e-01
  2.28452193e-01 2.63242107e-01 2.34244608e-01 2.47573711e-01]
 [9.92511639e-01 6.95602538e-01 5.77532872e-01 4.16303187e-01
  4.22676374e-01 4.08048870e-01 3.88222101e-01 3.74480950e-01
  3.55787710e-01 3.72804615e-01 3.15508204e-01 3.00123614e-01
  3.30250683e-01 3.14605817e-01 3.23118285e-01 2.97070066e-01
  3.33991358e-01 2.80693657e-01 2.95661087e-01 2.89034612e-01
  3.00493286e-01 2.74056828e-01 2.96211135e-01 2.82097502e-01
  2.63579581e-01 2.97049218e-01 2.82402619e-01 2.71899272e-01
  2.81775878e-01 2.79332474e-01 2.80384465e-01 3.10034929e-01
  2.86476315e-01 2.65192754e-01 2.48358667e-01 2.77737406e-01
  2.89477794e-01 2.68513068e-01 2.72455602e-01 2.80619124e-01]
 [1.02712500e+00 7.89560709e-01 5.25085482e-01 4.92031338e-01
  4.32729030e-01 4.25397202e-01 3.96106095e-01 3.80807586e-01
  3.39387621e-01 3.27801960e-01 3.30293548e-01 3.42486301e-01
  3.37909815e-01 3.14325891e-01 3.26301324e-01 3.05212467e-01
  3.16726065e-01 3.21942666e-01 3.28473875e-01 3.20876112e-01
  2.90361622e-01 3.21053039e-01 3.13902286e-01 2.73252799e-01
  3.17323009e-01 3.09180507e-01 3.23821134e-01 3.01710482e-01
  2.99550677e-01 3.04050951e-01 3.02948291e-01 3.30833196e-01
  2.98955550e-01 2.91226359e-01 3.03441124e-01 3.11011884e-01
  3.10632268e-01 3.09201630e-01 3.04516674e-01 2.68033352e-01]
 [7.28507791e-01 6.13336260e-01 5.01491264e-01 4.36910980e-01
  3.57302689e-01 3.60403593e-01 3.39280339e-01 3.22660884e-01
  3.17838774e-01 3.23947590e-01 2.84563119e-01 3.04211910e-01
  2.76655731e-01 2.89314672e-01 2.79173546e-01 2.71814494e-01
  2.90266097e-01 2.95387211e-01 2.56934057e-01 2.66928985e-01
  3.22843581e-01 2.33481651e-01 2.83702122e-01 2.47672464e-01
  2.27836045e-01 2.60766310e-01 2.47209431e-01 2.25198469e-01
  1.94225047e-01 2.56348438e-01 2.46681554e-01 2.19511607e-01
  2.17653334e-01 1.80951973e-01 2.08994720e-01 2.02028077e-01
  1.79281326e-01 1.97481726e-01 1.80667129e-01 1.85923340e-01]
 [9.10838860e-01 5.87647259e-01 4.36443438e-01 3.79249376e-01
  3.87146530e-01 3.23872986e-01 3.09518634e-01 2.79133570e-01
  2.68044478e-01 2.68820109e-01 2.74236505e-01 2.59711406e-01
  2.17355432e-01 2.19704020e-01 2.68880439e-01 2.25037476e-01
  2.03265629e-01 2.20562971e-01 1.68273885e-01 2.00859602e-01
  1.85944058e-01 1.73303856e-01 1.58041097e-01 1.62571250e-01
  1.41817005e-01 1.69595979e-01 1.84945609e-01 1.53189236e-01
  1.58449173e-01 1.27627977e-01 1.36153855e-01 1.18285852e-01
  1.36651646e-01 1.28531331e-01 1.53887496e-01 1.36839726e-01
  1.00238707e-01 1.20631848e-01 1.38557164e-01 1.30950394e-01]
 [7.68973439e-01 5.11408960e-01 4.00960829e-01 3.25099048e-01
  3.15842656e-01 2.56002319e-01 2.62119453e-01 2.46950705e-01
  1.99452089e-01 2.14036244e-01 1.88874645e-01 1.79381422e-01
  1.65678422e-01 2.13422572e-01 1.50669718e-01 1.61079226e-01
  1.55213144e-01 1.47250464e-01 1.64140637e-01 1.31568223e-01
  1.15154241e-01 1.44975250e-01 1.11618365e-01 1.30823381e-01
  1.18578412e-01 1.16624317e-01 1.10919316e-01 1.15527499e-01
  1.03473152e-01 1.03600237e-01 1.11903113e-01 1.11745813e-01
  1.06057927e-01 1.17294017e-01 1.32432041e-01 1.04221121e-01
  1.07936081e-01 1.11467824e-01 1.08088616e-01 1.11205094e-01]
 [6.50784265e-01 4.06815195e-01 2.93255286e-01 2.86025812e-01
  2.21463872e-01 2.21838551e-01 1.57199226e-01 1.77093367e-01
  1.75647332e-01 1.38427535e-01 1.50691332e-01 1.35830739e-01
  1.30607568e-01 1.34616274e-01 1.02215091e-01 1.27331269e-01
  1.23436037e-01 1.10225994e-01 1.15484024e-01 1.04437059e-01
  1.01015744e-01 1.16940410e-01 1.10712406e-01 1.12967662e-01
  9.86759730e-02 1.13966744e-01 1.15254623e-01 1.08351970e-01
  1.05050746e-01 1.14195227e-01 1.09850403e-01 1.03643423e-01
  1.05736787e-01 9.62195399e-02 1.04951503e-01 1.04391564e-01
  9.97320388e-02 1.22247895e-01 1.13023097e-01 1.03256230e-01]]
