args:  Namespace(attack='fgm', ndim=1)
elapsed time: 6480.235659317
mins: [[-1.02359927 -1.02359927 -1.02359927 -1.02359927 -1.02359927 -1.02359927
  -1.02359927 -1.02359927 -1.02359927 -1.02359927 -1.02359927 -1.02359927
  -1.02359927 -1.02359927 -1.02359927 -1.02359927 -1.02359927 -1.02359927
  -1.02359927 -1.02359927 -1.02359927 -1.02359927 -1.02359927 -1.02359927
  -1.02359927 -1.02359927 -1.02359927 -1.02359927 -1.02359927 -1.02359927
  -1.02359927 -1.02359927 -1.02359927 -1.02359927 -1.02359927 -1.02359927
  -1.02359927 -1.02359927 -1.02359927 -1.02359927]
 [-1.02359927 -1.02359927 -1.02359927 -1.02359927 -1.02359927 -1.02359927
  -1.02359927 -1.02359927 -1.02359927 -1.02359927 -1.02359927 -1.02359927
  -1.02359927 -1.02359927 -1.02359927 -1.02359927 -1.02359927 -1.02359927
  -1.02359927 -1.02359927 -1.02359927 -1.02359927 -1.02359927 -1.02359927
  -1.02359927 -1.02359927 -1.02359927 -1.02359927 -1.02359927 -1.02359927
  -1.02359927 -1.02359927 -1.02359927 -1.02359927 -1.02359927 -1.02359927
  -1.02359927 -1.02359927 -1.02359927 -1.02359927]
 [-1.02359927 -1.02359927 -1.02359927 -1.02359927 -1.02359927 -1.02359927
  -1.02359927 -1.02359927 -1.02359927 -1.02359927 -1.02359927 -1.02359927
  -1.02359927 -1.02359927 -1.02359927 -1.02359927 -1.02359927 -1.02359927
  -1.02359927 -1.02359927 -1.02359927 -1.02359927 -1.02359927 -1.02359927
  -1.02359927 -1.02359927 -1.02359927 -1.02359927 -1.02359927 -1.02359927
  -1.02359927 -1.02359927 -1.02359927 -1.02359927 -1.02359927 -1.02359927
  -1.02359927 -1.02359927 -1.02359927 -1.02359927]
 [-1.02359927 -1.02359927 -1.02359927 -1.02359927 -1.02359927 -1.02359927
  -1.02359927 -1.02359927 -1.02359927 -1.02359927 -1.02359927 -1.02359927
  -1.02359927 -1.02359927 -1.02359927 -1.02359927 -1.02359927 -1.02359927
  -1.02359927 -1.02359927 -1.02359927 -1.02359927 -1.02359927 -1.02359927
  -1.02359927 -1.02359927 -1.02359927 -1.02359927 -1.02359927 -1.02359927
  -1.02359927 -1.02359927 -1.02359927 -1.02359927 -1.02359927 -1.02359927
  -1.02359927 -1.02359927 -1.02359927 -1.02359927]
 [-1.02359927 -1.02359927 -1.02359927 -1.02359927 -1.02359927 -1.02359927
  -1.02359927 -1.02359927 -1.02359927 -1.02359927 -1.02359927 -1.02359927
  -1.02359927 -1.02359927 -1.02359927 -1.02359927 -1.02359927 -1.02359927
  -1.02359927 -1.02359927 -1.02359927 -1.02359927 -1.02359927 -1.02359927
  -1.02359927 -1.02359927 -1.02359927 -1.02359927 -1.02359927 -1.02359927
  -1.02359927 -1.02359927 -1.02359927 -1.02359927 -1.02359927 -1.02359927
  -1.02359927 -1.02359927 -1.02359927 -1.02359927]
 [-1.02359927 -1.02359927 -1.02359927 -1.02359927 -1.02359927 -1.02359927
  -1.02359927 -1.02359927 -1.02359927 -1.02359927 -1.02359927 -1.02359927
  -1.02359927 -1.02359927 -1.02359927 -1.02359927 -1.02359927 -1.02359927
  -1.02359927 -1.02359927 -1.02359927 -1.02359927 -1.02359927 -1.02359927
  -1.02359927 -1.02359927 -1.02359927 -1.02359927 -1.02359927 -1.02359927
  -1.02359927 -1.02359927 -1.02359927 -1.02359927 -1.02359927 -1.02359927
  -1.02359927 -1.02359927 -1.02359927 -1.02359927]
 [-1.02359927 -1.02359927 -1.02359927 -1.02359927 -1.02359927 -1.02359927
  -1.02359927 -1.02359927 -1.02359927 -1.02359927 -1.02359927 -1.02359927
  -1.02359927 -1.02359927 -1.02359927 -1.02359927 -1.02359927 -1.02359927
  -1.02359927 -1.02359927 -1.02359927 -1.02359927 -1.02359927 -1.02359927
  -1.02359927 -1.02359927 -1.02359927 -1.02359927 -1.02359927 -1.02359927
  -1.02359927 -1.02359927 -1.02359927 -1.02359927 -1.02359927 -1.02359927
  -1.02359927 -1.02359927 -1.02359927 -1.02359927]
 [-1.02359927 -1.02359927 -1.02359927 -1.02359927 -1.02359927 -1.02359927
  -1.02359927 -1.02359927 -1.02359927 -1.02359927 -1.02359927 -1.02359927
  -1.02359927 -1.02359927 -1.02359927 -1.02359927 -1.02359927 -1.02359927
  -1.02359927 -1.02359927 -1.02359927 -1.02359927 -1.02359927 -1.02359927
  -1.02359927 -1.02359927 -1.02359927 -1.02359927 -1.02359927 -1.02359927
  -1.02359927 -1.02359927 -1.02359927 -1.02359927 -1.02359927 -1.02359927
  -1.02359927 -1.02359927 -1.02359927 -1.02359927]
 [-1.02359927 -1.02359927 -1.02359927 -1.02359927 -1.02359927 -1.02359927
  -1.02359927 -1.02359927 -1.02359927 -1.02359927 -1.02359927 -1.02359927
  -1.02359927 -1.02359927 -1.02359927 -1.02359927 -1.02359927 -1.02359927
  -1.02359927 -1.02359927 -1.02359927 -1.02359927 -1.02359927 -1.02359927
  -1.02359927 -1.02359927 -1.02359927 -1.02359927 -1.02359927 -1.02359927
  -1.02359927 -1.02359927 -1.02359927 -1.02359927 -1.02359927 -1.02359927
  -1.02359927 -1.02359927 -1.02359927 -1.02359927]
 [-1.02359927 -1.02359927 -1.02359927 -1.02359927 -1.02359927 -1.02359927
  -1.02359927 -1.02359927 -1.02359927 -1.02359927 -1.02359927 -1.02359927
  -1.02359927 -1.02359927 -1.02359927 -1.02359927 -1.02359927 -1.02359927
  -1.02359927 -1.02359927 -1.02359927 -1.02359927 -1.02359927 -1.02359927
  -1.02359927 -1.02359927 -1.02359927 -1.02359927 -1.02359927 -1.02359927
  -1.02359927 -1.02359927 -1.02359927 -1.02359927 -1.02359927 -1.02359927
  -1.02359927 -1.02359927 -1.02359927 -1.02359927]
 [-1.02359927 -1.02359927 -1.02359927 -1.02359927 -1.02359927 -1.02359927
  -1.02359927 -1.02359927 -1.02359927 -1.02359927 -1.02359927 -1.02359927
  -1.02359927 -1.02359927 -1.02359927 -1.02359927 -1.02359927 -1.02359927
  -1.02359927 -1.02359927 -1.02359927 -1.02359927 -1.02359927 -1.02359927
  -1.02359927 -1.02359927 -1.02359927 -1.02359927 -1.02359927 -1.02359927
  -1.02359927 -1.02359927 -1.02359927 -1.02359927 -1.02359927 -1.02359927
  -1.02359927 -1.02359927 -1.02359927 -1.02359927]
 [-1.02359927 -1.02359927 -1.02359927 -1.02359927 -1.02359927 -1.02359927
  -1.02359927 -1.02359927 -1.02359927 -1.02359927 -1.02359927 -1.02359927
  -1.02359927 -1.02359927 -1.02359927 -1.02359927 -1.02359927 -1.02359927
  -1.02359927 -1.02359927 -1.02359927 -1.02359927 -1.02359927 -1.02359927
  -1.02359927 -1.02359927 -1.02359927 -1.02359927 -1.02359927 -1.02359927
  -1.02359927 -1.02359927 -1.02359927 -1.02359927 -1.02359927 -1.02359927
  -1.02359927 -1.02359927 -1.02359927 -1.02359927]
 [-1.02359927 -1.02359927 -1.02359927 -1.02359927 -1.02359927 -1.02359927
  -1.02359927 -1.02359927 -1.02359927 -1.02359927 -1.02359927 -1.02359927
  -1.02359927 -1.02359927 -1.02359927 -1.02359927 -1.02359927 -1.02359927
  -1.02359927 -1.02359927 -1.02359927 -1.02359927 -1.02359927 -1.02359927
  -1.02359927 -1.02359927 -1.02359927 -1.02359927 -1.02359927 -1.02359927
  -1.02359927 -1.02359927 -1.02359927 -1.02359927 -1.02359927 -1.02359927
  -1.02359927 -1.02359927 -1.02359927 -1.02359927]
 [-1.02359927 -1.02359927 -1.02359927 -1.02359927 -1.02359927 -1.02359927
  -1.02359927 -1.02359927 -1.02359927 -1.02359927 -1.02359927 -1.02359927
  -1.02359927 -1.02359927 -1.02359927 -1.02359927 -1.02359927 -1.02359927
  -1.02359927 -1.02359927 -1.02359927 -1.02359927 -1.02359927 -1.02359927
  -1.02359927 -1.02359927 -1.02359927 -1.02359927 -1.02359927 -1.02359927
  -1.02359927 -1.02359927 -1.02359927 -1.02359927 -1.02359927 -1.02359927
  -1.02359927 -1.02359927 -1.02359927 -1.02359927]
 [-1.02359927 -1.02359927 -1.02359927 -1.02359927 -1.02359927 -1.02359927
  -1.02359927 -1.02359927 -1.02359927 -1.02359927 -1.02359927 -1.02359927
  -1.02359927 -1.02359927 -1.02359927 -1.02359927 -1.02359927 -1.02359927
  -1.02359927 -1.02359927 -1.02359927 -1.02359927 -1.02359927 -1.02359927
  -1.02359927 -1.02359927 -1.02359927 -1.02359927 -1.02359927 -1.02359927
  -1.02359927 -1.02359927 -1.02359927 -1.02359927 -1.02359927 -1.02359927
  -1.02359927 -1.02359927 -1.02359927 -1.02359927]
 [-1.02359927 -1.02359927 -1.02359927 -1.02359927 -1.02359927 -1.02359927
  -1.02359927 -1.02359927 -1.02359927 -1.02359927 -1.02359927 -1.02359927
  -1.02359927 -1.02359927 -1.02359927 -1.02359927 -1.02359927 -1.02359927
  -1.02359927 -1.02359927 -1.02359927 -1.02359927 -1.02359927 -1.02359927
  -1.02359927 -1.02359927 -1.02359927 -1.02359927 -1.02359927 -1.02359927
  -1.02359927 -1.02359927 -1.02359927 -1.02359927 -1.02359927 -1.02359927
  -1.02359927 -1.02359927 -1.02359927 -1.02359927]
 [-1.02359927 -1.02359927 -1.02359927 -1.02359927 -1.02359927 -1.02359927
  -1.02359927 -1.02359927 -1.02359927 -1.02359927 -1.02359927 -1.02359927
  -1.02359927 -1.02359927 -1.02359927 -1.02359927 -1.02359927 -1.02359927
  -1.02359927 -1.02359927 -1.02359927 -1.02359927 -1.02359927 -1.02359927
  -1.02359927 -1.02359927 -1.02359927 -1.02359927 -1.02359927 -1.02359927
  -1.02359927 -1.02359927 -1.02359927 -1.02359927 -1.02359927 -1.02359927
  -1.02359927 -1.02359927 -1.02359927 -1.02359927]]
maxs: [[ 1.02359927e+00  1.02359927e+00  1.02359927e+00  1.02359927e+00
   1.02359927e+00  1.02359927e+00  1.02359927e+00  1.02359927e+00
   1.02359927e+00  1.02359927e+00  1.02359927e+00  1.02359927e+00
   1.02359927e+00  1.02359927e+00  1.02359927e+00  1.02359927e+00
   1.02359927e+00  1.02359927e+00  1.02359927e+00  1.02359927e+00
   1.02359927e+00  1.02359927e+00  1.02359927e+00  1.02359927e+00
   1.02359927e+00  1.02359927e+00 -1.02359927e+00  1.02359927e+00
   1.02359927e+00 -1.02359927e+00 -1.02359927e+00  1.02359927e+00
   1.02359927e+00 -1.02359927e+00  1.02359927e+00  1.02359927e+00
  -1.02359927e+00 -1.02359927e+00 -1.02359927e+00 -1.02359927e+00]
 [ 1.02359927e+00  1.02359927e+00  1.02359927e+00  1.02359927e+00
   1.02359927e+00  1.02359927e+00  1.02359927e+00  1.02359927e+00
   1.02359927e+00  1.02359927e+00  1.02359927e+00  1.02359927e+00
   1.02359927e+00  1.02359927e+00  1.02359927e+00  1.02359927e+00
   1.02359927e+00  1.02359927e+00  1.02359927e+00  1.02359927e+00
   1.02359927e+00  1.02359927e+00  1.02359927e+00  1.01933002e-01
   1.02359927e+00  1.02359927e+00  1.02359927e+00  1.02359927e+00
  -1.02359927e+00  1.02359927e+00 -1.02359927e+00 -1.57376826e-01
  -1.02359927e+00  1.02359927e+00 -1.02359927e+00 -1.02359927e+00
  -1.02359927e+00 -1.02359927e+00 -9.12710428e-01 -1.02359927e+00]
 [ 1.02359927e+00  1.02359927e+00  1.02359927e+00  1.02359927e+00
   1.02359927e+00  1.02359927e+00  1.02359927e+00  1.02359927e+00
   1.02359927e+00  1.02359927e+00  1.02359927e+00  1.02359927e+00
   1.02359927e+00  1.02359927e+00  1.02359927e+00  1.02359927e+00
   1.02359927e+00  1.02359927e+00  1.02359927e+00  1.02359927e+00
   1.02359927e+00  1.02359927e+00  1.02359927e+00  1.02359927e+00
   1.35362074e-01  1.02359927e+00  1.02359927e+00  1.02359927e+00
   3.71969670e-01 -1.98942319e-01  1.02359927e+00 -1.02359927e+00
  -1.02359927e+00 -1.02359927e+00 -1.02359927e+00 -2.87248939e-01
   1.06488377e-01 -1.02359927e+00  1.02359927e+00 -1.02359927e+00]
 [ 1.02359927e+00  1.02359927e+00  1.02359927e+00  1.02359927e+00
   1.02359927e+00  1.02359927e+00  1.02359927e+00  1.02359927e+00
   1.02359927e+00  1.02359927e+00  1.02359927e+00  1.02359927e+00
   1.02359927e+00  1.02359927e+00  1.02359927e+00  1.02359927e+00
   1.02359927e+00  1.02359927e+00  1.02359927e+00  1.02359927e+00
   1.02359927e+00  1.02359927e+00  1.02359927e+00  1.02359927e+00
   1.02359927e+00 -1.02359927e+00  1.02359927e+00  1.23096751e-02
   1.35745145e-02 -5.49974386e-03  1.97117943e-02  1.30234465e-01
   1.37604484e-02 -1.02359927e+00 -8.65610689e-02 -1.02359927e+00
  -5.94630279e-02  1.69963747e-01 -1.14506006e-01 -1.02359927e+00]
 [ 1.02359927e+00  1.02359927e+00  1.02359927e+00  1.02359927e+00
   1.02359927e+00  1.02359927e+00  1.02359927e+00  1.02359927e+00
   1.02359927e+00  1.02359927e+00  1.02359927e+00  1.02359927e+00
   1.02359927e+00  1.02359927e+00  1.02359927e+00  1.02359927e+00
   1.02359927e+00  1.02359927e+00  1.02359927e+00  1.73907802e-01
   1.02359927e+00  1.02359927e+00  1.02359927e+00  1.02359927e+00
   2.10289266e-02  1.02359927e+00 -9.83496383e-02  7.19953049e-03
  -8.10356587e-02 -1.15571842e-01  1.02359927e+00  2.59433202e-02
  -1.70775596e-02 -9.10281611e-04  1.02359927e+00  9.51020122e-02
   2.04946119e-02 -1.02359927e+00 -4.68868986e-02 -1.02359927e+00]
 [ 1.02359927e+00  1.02359927e+00  1.02359927e+00  1.02359927e+00
   1.02359927e+00  1.02359927e+00  1.02359927e+00  1.02359927e+00
   1.02359927e+00  1.02359927e+00  1.02359927e+00  1.02359927e+00
   1.02359927e+00  1.02359927e+00  1.02359927e+00  1.02359927e+00
   1.02359927e+00  1.02359927e+00  1.02359927e+00  1.02359927e+00
   1.02359927e+00  1.02359927e+00 -1.97138693e-02  4.50102895e-01
   1.32340789e-01  6.49939120e-01 -9.49343517e-02  2.81010926e-01
   2.15316135e-02  1.02359927e+00 -1.72569871e-01 -1.02359927e+00
  -1.39593169e-01 -8.21126163e-01  3.06431409e-02 -1.15236476e-01
   1.01054713e-01 -4.75777894e-01 -1.24624290e-01  1.61108281e-02]
 [ 1.02359927e+00  1.02359927e+00  1.02359927e+00  1.02359927e+00
   1.02359927e+00  1.02359927e+00  1.02359927e+00  1.02359927e+00
   1.02359927e+00  1.02359927e+00  1.02359927e+00  1.02359927e+00
   1.02359927e+00  1.02359927e+00  1.02359927e+00  1.02359927e+00
   1.02359927e+00  1.02359927e+00  2.88709085e-02  1.02359927e+00
   9.13980186e-01  1.02359927e+00 -2.61807263e-01  1.02359927e+00
   1.02359927e+00  6.62975432e-03  1.02359927e+00  1.02359927e+00
   1.09103648e-02  2.75374595e-02  8.16798866e-01 -4.12489116e-01
   6.41063079e-02  4.07114159e-03  1.02359927e+00 -1.02359927e+00
  -1.02359927e+00 -4.99748617e-01 -1.25030935e-01  4.37746912e-01]
 [ 1.02359927e+00  1.02359927e+00  1.02359927e+00  1.02359927e+00
   1.02359927e+00  1.02359927e+00  1.02359927e+00  1.02359927e+00
   1.02359927e+00  1.02359927e+00  1.02359927e+00  1.02359927e+00
   1.02359927e+00  1.02359927e+00  1.02359927e+00  1.02359927e+00
   1.02359927e+00  1.02359927e+00  1.02359927e+00  1.02359927e+00
   4.74419296e-01  1.02359927e+00  1.02359927e+00  3.01128533e-02
   8.53107721e-02  2.03618314e-02  1.02359927e+00  6.06588880e-03
   1.02359927e+00 -1.50434300e-01  8.77848566e-02  1.02359927e+00
  -1.02359927e+00 -1.02359927e+00 -2.04121955e-02  1.82775147e-02
   2.09712032e-02 -1.02359927e+00 -1.02359927e+00 -1.02359927e+00]
 [ 1.02359927e+00  1.02359927e+00  1.02359927e+00  1.02359927e+00
   1.02359927e+00  1.02359927e+00  1.02359927e+00  1.02359927e+00
   1.02359927e+00  1.02359927e+00  1.02359927e+00  1.02359927e+00
   1.02359927e+00  1.02359927e+00  1.02359927e+00  1.02359927e+00
   1.02359927e+00  2.73935981e-02  1.02359927e+00  1.02359927e+00
   1.02359927e+00  5.18556118e-01  1.02359927e+00  1.01592109e-01
   1.02359927e+00  1.02359927e+00 -1.02359927e+00  7.48376187e-04
   1.02359927e+00 -8.62630382e-02  2.45578978e-02 -1.02359927e+00
   9.34304390e-03  3.74885015e-02 -9.22752172e-02 -1.02359927e+00
   1.89959107e-03  1.69986356e-02 -1.13707200e-01 -1.02359927e+00]
 [ 1.02359927e+00  1.02359927e+00  1.02359927e+00  1.02359927e+00
   1.02359927e+00  1.02359927e+00  1.02359927e+00  1.02359927e+00
   1.02359927e+00  1.02359927e+00  1.02359927e+00  1.02359927e+00
   1.02359927e+00  1.02359927e+00  1.02359927e+00  1.02359927e+00
   6.83910549e-01  1.02359927e+00  9.26792502e-01  1.02359927e+00
   2.34632157e-02  1.19193140e-02  2.91829184e-02  1.02359927e+00
  -6.91794383e-04  1.01853073e-01  1.21351434e-02  2.62619406e-01
   1.02359927e+00  3.31867337e-01  1.02359927e+00 -9.44778919e-02
  -1.02359927e+00 -1.02359927e+00 -1.74051933e-02  3.67864245e-03
  -1.02359927e+00  1.02359927e+00 -2.35825069e-02 -1.02359927e+00]
 [ 1.02359927e+00  1.02359927e+00  1.02359927e+00  1.02359927e+00
   1.02359927e+00  1.02359927e+00  1.02359927e+00  1.02359927e+00
   1.02359927e+00  1.02359927e+00  1.02359927e+00  1.02359927e+00
   1.02359927e+00  1.02359927e+00  1.02359927e+00  1.02359927e+00
   1.02359927e+00  1.02359927e+00  1.02359927e+00  1.02359927e+00
   2.68466100e-02  1.49601310e-01  6.04396537e-02  1.44184148e-02
   2.32746881e-02 -3.10267066e-03  2.93067694e-01 -6.16883812e-03
  -1.78191822e-03 -4.46341466e-03  1.02359927e+00  3.86922136e-02
  -6.12682775e-02 -2.27343947e-01  4.95965965e-02  3.95662570e-03
  -1.70211032e-01  1.02359927e+00 -3.09928153e-02 -9.25017521e-02]
 [ 1.02359927e+00  1.02359927e+00  1.02359927e+00  1.02359927e+00
   1.02359927e+00  1.02359927e+00  1.02359927e+00  1.02359927e+00
   1.02359927e+00  1.02359927e+00  1.02359927e+00  1.02359927e+00
   1.02359927e+00  1.02359927e+00  1.02359927e+00  7.73803473e-01
   1.02359927e+00  1.02359927e+00  1.02359927e+00  1.02359927e+00
   1.02359927e+00  1.02359927e+00  2.49339011e-03  1.04472935e-01
   9.30721685e-02  4.96281162e-02  6.38361741e-03  9.51441824e-02
   1.42428372e-02  3.82749438e-02  1.02359927e+00  1.41491219e-01
   1.02359927e+00 -1.13377973e-01 -1.73433706e-01 -1.69012863e-02
  -2.47317061e-01  7.65290484e-02 -2.30054051e-01 -1.26957968e-01]
 [ 1.02359927e+00  1.02359927e+00  1.02359927e+00  1.02359927e+00
   1.02359927e+00  1.02359927e+00  1.02359927e+00  1.02359927e+00
   1.02359927e+00  1.02359927e+00  1.02359927e+00  1.02359927e+00
   1.02359927e+00  1.02359927e+00  1.02359927e+00  1.77906916e-01
   1.02359927e+00  1.02359927e+00  7.75134742e-01  1.02359927e+00
   9.99896467e-01  1.02359927e+00  1.02359927e+00  1.17692187e-01
   3.28718349e-02  4.89199936e-01  1.02359927e+00  1.13423206e-01
   7.76256919e-02 -1.43574085e-02  1.52153134e-01 -1.08250134e-01
   1.13070868e-01  1.04687855e-01 -1.85031034e-02 -2.51369298e-01
  -1.02359927e+00 -1.02359927e+00 -1.02359927e+00 -1.02359927e+00]
 [ 1.02359927e+00  1.02359927e+00  1.02359927e+00  1.02359927e+00
   1.02359927e+00  1.02359927e+00  1.02359927e+00  1.02359927e+00
   1.02359927e+00  1.02359927e+00  1.02359927e+00  1.02359927e+00
   1.02359927e+00  1.02359927e+00  1.02359927e+00  1.02359927e+00
   1.02359927e+00  1.02359927e+00  3.97658616e-01  1.02359927e+00
   1.00131266e-01  1.24434464e-01  9.93975252e-02  1.83010831e-01
   6.12557113e-01  1.45983040e-01  4.20665964e-02  1.40438918e-02
   5.97231627e-01  1.02359927e+00  9.49842706e-02 -1.49299055e-01
  -1.02977117e-03  5.39138354e-03  8.27906746e-03  1.59560949e-01
  -1.02359927e+00 -1.02359927e+00  5.82650583e-03  1.02212973e-01]
 [ 1.02359927e+00  1.02359927e+00  1.02359927e+00  1.02359927e+00
   1.02359927e+00  1.02359927e+00  1.02359927e+00  1.02359927e+00
   1.02359927e+00  1.02359927e+00  1.02359927e+00  1.02359927e+00
   1.02359927e+00  1.02359927e+00  1.76088348e-01  1.02359927e+00
   1.71256632e-01  1.59058616e-01  1.61050230e-01  1.51816800e-01
   4.10969466e-01  1.00357696e-01  1.40908569e-01  8.20191875e-02
   6.26333505e-02  1.48966601e-02  3.52895260e-02  4.16180454e-02
  -5.46341436e-03  1.41121835e-01 -9.14280117e-02  1.09576425e-02
  -1.02359927e+00  1.60902694e-01  1.08942119e-02 -1.02928951e-01
  -9.37604979e-02 -2.18290426e-02 -1.55338999e-02  1.70984527e-03]
 [ 1.02359927e+00  1.02359927e+00  1.02359927e+00  1.02359927e+00
   1.02359927e+00  1.02359927e+00  1.02359927e+00  1.02359927e+00
   1.02359927e+00  1.02359927e+00  1.02359927e+00  1.02359927e+00
   1.02359927e+00  7.87132204e-01  9.53226388e-02  1.02359927e+00
   8.50230932e-01  1.02359927e+00  1.02359927e+00  1.21510975e-01
   1.02359927e+00  3.90968798e-03  7.21745789e-02  1.02359927e+00
   1.02359927e+00  1.76745243e-02  3.66214998e-02  1.37426019e-01
   1.02359927e+00  2.13516541e-02  5.71799725e-02 -6.17013648e-02
  -1.17231295e-01  2.36749072e-02 -1.28105730e-01 -8.20995215e-03
  -2.00630754e-01 -2.84097102e-02  2.92135663e-02  8.21942370e-03]
 [ 1.02359927e+00  1.02359927e+00  1.02359927e+00  1.02359927e+00
   1.02359927e+00  1.02359927e+00  1.02359927e+00  1.02359927e+00
   7.32791722e-01  1.02359927e+00  1.02359927e+00  1.02359927e+00
   1.31484866e-01  1.02359927e+00  6.91566706e-01  8.55993092e-01
   1.99894384e-02  4.26907718e-01  3.72038521e-02  1.02359927e+00
   9.46847424e-02  1.27191707e-01  9.81480777e-02  9.54763815e-02
   9.57861394e-02  1.02359927e+00  9.35787484e-02  2.13501677e-02
  -6.52830955e-03  1.26520619e-02 -9.76359919e-02  2.86058374e-02
   6.59495950e-01  3.35840769e-02  5.70028909e-02 -6.62142457e-03
   1.97094381e-02  9.73744318e-02  1.79231241e-02  1.30136430e-01]]
test_losses: [[-0.32072777 -0.56639159 -0.60051157 -0.70969549 -0.76428745 -0.8325274
  -0.82570341 -0.82570341 -0.87347137 -0.86664738 -0.93488733 -0.94171133
  -0.9758313  -0.9758313  -0.94171133 -0.98947929 -0.99630329 -0.98947929
  -0.9826553  -0.9826553  -0.99630329 -1.00995128 -1.00312728 -0.99630329
  -1.00995128 -0.99630329 -1.02359927 -1.01677527 -1.01677527 -1.02359927
  -1.02359927 -1.00995128 -1.01677527 -1.02359927 -1.01677527 -1.01677527
  -1.02359927 -1.02359927 -1.02359927 -1.02359927]
 [-0.34710442 -0.45001324 -0.58737664 -0.75941473 -0.73389039 -0.79759694
  -0.84335069 -0.83135125 -0.90692733 -0.90055821 -0.92108474 -0.95183846
  -0.96526596 -0.96288175 -0.97577918 -0.96888363 -0.97059772 -1.00312728
  -1.00312728 -0.98610388 -1.00312728 -1.00312728 -0.99619686 -1.01984749
  -1.01677527 -1.00610304 -1.00995128 -1.00995128 -1.02359927 -1.01677527
  -1.02359927 -1.02071186 -1.02359927 -1.01677527 -1.02359927 -1.02359927
  -1.02359927 -1.02359927 -1.02322964 -1.02359927]
 [-0.50400114 -0.58680313 -0.64237503 -0.63847227 -0.75833709 -0.7949127
  -0.82974073 -0.8698932  -0.8471287  -0.92710782 -0.92628616 -0.95492807
  -0.92143284 -0.91472381 -0.97100847 -0.97942862 -0.96916104 -0.99258774
  -1.00666223 -0.99727469 -1.00995128 -0.9871128  -0.97933471 -0.99980445
  -1.01973606 -1.01677527 -1.00836578 -1.01332294 -1.01894737 -1.02085041
  -1.01030145 -1.02359927 -1.02359927 -1.02359927 -1.02359927 -1.02114477
  -1.01983231 -1.02359927 -1.01677527 -1.02359927]
 [-0.3393665  -0.59510905 -0.60276128 -0.75699624 -0.73285117 -0.73646708
  -0.82958073 -0.81461394 -0.89684125 -0.91335641 -0.91150351 -0.96565391
  -0.97569338 -0.96659675 -0.94760874 -0.94082431 -0.95773328 -0.97981562
  -0.98188376 -0.99070745 -0.9981843  -0.99677181 -1.01593685 -0.98981911
  -1.0105355  -1.02359927 -1.01677527 -1.0157785  -1.01356596 -1.01690568
  -1.01369646 -1.01597998 -1.01720359 -1.02359927 -1.02047581 -1.02359927
  -1.01737706 -1.01962072 -1.01633867 -1.02359927]
 [-0.36678905 -0.55628617 -0.58680702 -0.60334595 -0.7073726  -0.76362943
  -0.83187185 -0.8212228  -0.83234685 -0.91580745 -0.8877295  -0.95533046
  -0.93909346 -0.93761152 -0.96866912 -0.97154858 -0.97916263 -0.9855679
  -0.98142238 -1.00367231 -1.00022334 -0.98505027 -0.98986335 -1.00307819
  -1.00741277 -1.00673054 -1.01461803 -1.02016327 -1.01764421 -1.01765003
  -0.99723003 -1.0172588  -1.01765555 -1.0201903  -1.01328505 -1.01656734
  -1.01722605 -1.02359927 -1.02034356 -1.02359927]
 [-0.36754773 -0.52205131 -0.59783661 -0.68875707 -0.6886942  -0.8100322
  -0.84150733 -0.8216636  -0.91050072 -0.85134357 -0.95057673 -0.91832223
  -0.89249933 -0.9434359  -0.95846958 -0.95975842 -0.9753292  -0.96661956
  -0.96611646 -0.98888228 -1.00519382 -1.00145584 -1.02025298 -1.00755801
  -1.01007213 -1.00826776 -1.02050372 -1.01605535 -1.01798956 -1.00533804
  -1.0207625  -1.02359927 -1.02065258 -1.02292436 -1.01724366 -1.01568353
  -1.01985042 -1.0217732  -1.02060268 -1.01353445]
 [-0.44936136 -0.47083851 -0.61207448 -0.64343637 -0.69988034 -0.74308907
  -0.77510354 -0.86390442 -0.86135571 -0.90067814 -0.92933458 -0.91664574
  -0.98378987 -0.95842841 -0.98406551 -0.97676184 -0.95888022 -0.97234256
  -1.00524302 -0.95942819 -0.99980222 -0.99923374 -1.01832739 -0.99835499
  -0.99831934 -1.01721803 -0.99314235 -0.99969966 -1.01315346 -1.01035494
  -1.0117568  -1.02156223 -1.01502657 -1.0201737  -1.0100252  -1.02359927
  -1.02359927 -1.02098831 -1.02060404 -1.01508168]
 [-0.35000003 -0.53684858 -0.64606943 -0.67798966 -0.74889981 -0.7370177
  -0.8222775  -0.88072496 -0.87437914 -0.89285358 -0.90257818 -0.921192
  -0.90012928 -0.93686004 -0.93544437 -0.97096469 -0.99407978 -0.97474467
  -0.9819323  -0.99492284 -1.00249947 -0.97451059 -0.99993508 -1.00683376
  -1.01698576 -1.0201194  -1.01398958 -1.01706479 -0.99611088 -1.02068872
  -1.01690565 -1.0137856  -1.02359927 -1.02359927 -1.0172498  -1.02012634
  -1.02011737 -1.02359927 -1.02359927 -1.02359927]
 [-0.34449807 -0.50427007 -0.64802263 -0.63122463 -0.64012295 -0.74842872
  -0.83030804 -0.86601543 -0.86254643 -0.86130266 -0.90480239 -0.94637914
  -0.87672931 -0.92730345 -0.96400215 -0.95166086 -0.95351214 -0.98698452
  -0.96054489 -0.97781745 -0.98000779 -1.0029979  -1.00280129 -0.99707316
  -1.00171911 -0.98963786 -1.02359927 -1.0099789  -1.0133566  -1.01444008
  -1.01978847 -1.02359927 -1.02015613 -1.01430921 -1.02049485 -1.02359927
  -1.02018094 -1.01510791 -1.02056629 -1.02359927]
 [-0.29245262 -0.51960256 -0.56700313 -0.6898148  -0.74546313 -0.69321267
  -0.78667332 -0.8025613  -0.84180166 -0.92238436 -0.87338047 -0.9570793
  -0.91103089 -0.91491934 -0.95636638 -0.97503984 -0.97465317 -0.94238592
  -0.98264685 -0.99679707 -1.00241902 -1.00321471 -0.99963047 -1.00420449
  -1.0181165  -1.00631197 -1.01345948 -1.01931187 -1.00355482 -1.01565584
  -1.01087605 -1.0147638  -1.02359927 -1.02359927 -1.01825665 -1.01418935
  -1.02359927 -1.00954996 -1.01608531 -1.02359927]
 [-0.3400134  -0.55237701 -0.54820019 -0.65732309 -0.72247854 -0.75069725
  -0.78368827 -0.80901554 -0.82459531 -0.85973979 -0.87949576 -0.89358159
  -0.91852443 -0.94020388 -0.96295839 -0.95075964 -0.97077903 -0.97136576
  -0.97627792 -1.00359875 -1.00113256 -0.99114729 -1.00422294 -1.0068302
  -1.01378392 -1.01285196 -0.99934217 -1.01713339 -1.02019321 -1.01016084
  -1.01091824 -1.01048384 -1.01744679 -1.01865748 -1.01823782 -1.02017408
  -1.02075464 -1.01677527 -1.01718211 -1.02049561]
 [-0.38203578 -0.4965139  -0.58377907 -0.68701235 -0.71432508 -0.78380873
  -0.83520415 -0.87294269 -0.86487813 -0.85843819 -0.88426278 -0.94048326
  -0.92851494 -0.9622685  -0.95518957 -0.96980966 -0.96423554 -0.97268984
  -0.99719965 -0.96755586 -0.98133286 -0.98881564 -1.00597749 -1.01045219
  -1.01357536 -1.01353862 -1.01374422 -1.00638188 -1.01041394 -1.00456928
  -1.00872286 -1.01105833 -1.00309731 -1.01978652 -1.02076538 -1.01711822
  -1.02101166 -1.01993217 -1.02095412 -1.02061046]
 [-0.37873361 -0.50191889 -0.61930699 -0.67227997 -0.6712852  -0.73166617
  -0.81604656 -0.80153881 -0.83951726 -0.89690957 -0.88886017 -0.93017155
  -0.94277201 -0.91076509 -0.95829946 -0.96812222 -0.95051509 -0.9682914
  -0.99966537 -1.00367415 -0.98290558 -0.9948877  -0.99943322 -0.98618493
  -1.0041457  -1.00238182 -1.00299582 -1.00822433 -1.00988874 -1.01148326
  -1.00919929 -1.01672047 -1.01435724 -1.01645003 -1.01719813 -1.02102517
  -1.02359927 -1.02359927 -1.02359927 -1.02359927]
 [-0.3551861  -0.44409349 -0.51860418 -0.65584073 -0.74147071 -0.69133915
  -0.79577045 -0.84056283 -0.8344514  -0.85244999 -0.89153049 -0.86258786
  -0.91413318 -0.92019161 -0.93790122 -0.934736   -0.96120001 -0.95012408
  -0.96395944 -0.95314274 -0.97900008 -0.97999562 -0.9883966  -1.00037053
  -0.99231226 -0.98142214 -0.99764982 -1.01333751 -1.00638891 -1.00320933
  -1.00987391 -1.01778246 -1.01132729 -1.01718111 -1.01340522 -1.01676031
  -1.02359927 -1.02359927 -1.02016618 -1.01635852]
 [-0.34603189 -0.47178032 -0.48297592 -0.66098987 -0.64250215 -0.65547474
  -0.71777539 -0.79942691 -0.85263722 -0.82799915 -0.8426335  -0.85662485
  -0.88561116 -0.91909595 -0.91183459 -0.95224335 -0.96661398 -0.93396158
  -0.93243082 -0.95595254 -0.97781859 -0.9801914  -0.97715191 -1.00419435
  -0.99726014 -0.9818515  -0.98286832 -0.99502878 -1.00524868 -1.00783987
  -1.01307518 -1.01419021 -1.02359927 -1.01003683 -1.01699163 -1.01774736
  -1.01975358 -1.01763031 -1.01944082 -1.01675717]
 [-0.30302096 -0.42661431 -0.50211089 -0.56267484 -0.61303049 -0.66134602
  -0.69016513 -0.76242577 -0.79248834 -0.84943623 -0.83239344 -0.85136913
  -0.85741428 -0.8893181  -0.89415973 -0.92098567 -0.94322178 -0.93659956
  -0.95833581 -0.96105607 -0.94505102 -0.98606154 -0.96533117 -0.96457738
  -0.98255173 -0.98433923 -0.98882013 -0.99085336 -1.00134066 -1.00695884
  -1.00577315 -1.01385228 -1.00396994 -1.018012   -1.01770523 -1.01004032
  -1.01830085 -1.00890252 -1.00989695 -1.01435331]
 [-0.23006928 -0.40525834 -0.5137957  -0.50482156 -0.59401004 -0.64458775
  -0.6313494  -0.73995876 -0.76461104 -0.77535224 -0.78158188 -0.82912897
  -0.89180116 -0.84027976 -0.90128783 -0.88002254 -0.91465006 -0.92039543
  -0.92878102 -0.92415988 -0.94164471 -0.92940267 -0.97223663 -0.95164918
  -0.97138696 -0.96660395 -0.98425378 -0.97693765 -0.97767479 -1.00345549
  -0.99907087 -0.99820658 -1.00703492 -0.99965352 -1.00204803 -1.01325425
  -1.01093754 -1.00024826 -1.01425302 -1.01058368]]
