args:  Namespace(attack='fgsm', ndim=5)
test_losses: [[-1.97785509 -2.63123566 -3.05330075 -3.55083474 -3.55797688 -3.99978465
  -4.19944604 -4.25283663 -4.28669356 -4.34336053 -4.51062566 -4.67492899
  -4.75868586 -4.75374411 -4.81994828 -4.90878821 -4.80829405 -4.90095808
  -4.94958305 -4.98307673 -5.02060081 -4.99848323 -5.03162127 -5.02024254
  -5.00053997]
 [-2.09366394 -2.55485981 -3.05701405 -3.60368893 -3.77781447 -3.84839955
  -4.15068875 -4.34901775 -4.38676333 -4.48416241 -4.65718334 -4.69770388
  -4.72680048 -4.7963813  -4.72494632 -4.83357816 -4.88547849 -4.92527539
  -4.89899429 -4.91126635 -4.95342364 -4.97824667 -5.02521494 -4.97181107
  -4.99944002]
 [-1.98140418 -2.60833674 -3.14565622 -3.47943468 -3.5979598  -3.7621865
  -4.02784425 -4.18954273 -4.31262351 -4.40067761 -4.39557115 -4.47495216
  -4.44655621 -4.59717866 -4.59461547 -4.75104958 -4.73862723 -4.78701674
  -4.80901786 -4.81674843 -4.86009378 -4.89117352 -4.88390713 -4.88216956
  -4.9120924 ]
 [-1.91764389 -2.53565008 -3.0608207  -3.11087096 -3.39415484 -3.63107505
  -3.78649336 -3.978114   -3.9645405  -4.16662346 -4.18228922 -4.25978212
  -4.40473095 -4.37187899 -4.50545908 -4.505343   -4.58804067 -4.52488457
  -4.62618072 -4.61306725 -4.58602732 -4.65943617 -4.69006777 -4.67053509
  -4.76286619]
 [-1.84774722 -2.48482444 -2.84894188 -3.22696965 -3.34576018 -3.59273354
  -3.72960414 -3.79216178 -3.80206611 -4.03657821 -4.08113556 -4.12761945
  -4.19199556 -4.23220353 -4.36677082 -4.32520726 -4.33409311 -4.37916096
  -4.48457551 -4.44776696 -4.47525979 -4.608154   -4.54262143 -4.55186464
  -4.53050628]
 [-1.8119739  -2.65810456 -2.8584534  -3.09232175 -3.27422981 -3.43559874
  -3.62397628 -3.75788866 -3.81501359 -3.9303273  -3.91781679 -4.07958929
  -4.15903441 -4.16594029 -4.23198196 -4.18964246 -4.25377618 -4.21612504
  -4.39262139 -4.40417489 -4.43951097 -4.49897806 -4.48391009 -4.49672458
  -4.52963753]
 [-2.0858291  -2.28908004 -2.88394951 -3.01896217 -3.33878309 -3.46610333
  -3.60140626 -3.65568965 -3.668398   -3.79082788 -3.90975227 -3.9622066
  -3.90827625 -4.05922652 -4.08965895 -4.26219075 -4.16644324 -4.3710466
  -4.32240207 -4.28050474 -4.34489192 -4.41584464 -4.42899631 -4.47692752
  -4.4754385 ]
 [-1.82787727 -2.41027113 -2.79548871 -2.91984447 -3.16268598 -3.31817395
  -3.51724564 -3.4605798  -3.62033356 -3.68950827 -3.69217812 -3.88149921
  -3.89576912 -3.96116843 -3.95597846 -4.00803283 -4.0928893  -4.14763474
  -4.21491608 -4.22650132 -4.28250613 -4.33142902 -4.29615734 -4.37923055
  -4.31168802]
 [-1.96867877 -2.29940016 -2.68057535 -2.93490143 -3.03809378 -3.28271151
  -3.282568   -3.45251181 -3.53078635 -3.57897587 -3.7302491  -3.77307131
  -3.76784408 -3.82309702 -3.87682357 -3.92493398 -4.00181684 -4.10583341
  -4.17118299 -4.07088341 -4.15972027 -4.18985033 -4.22953702 -4.25029967
  -4.26458067]
 [-1.90862208 -2.29425174 -2.69069627 -2.98949849 -3.12538096 -3.2088569
  -3.21621168 -3.30496737 -3.48010793 -3.46149646 -3.55692885 -3.70858336
  -3.64222632 -3.73235801 -3.75236117 -3.81599459 -3.8513345  -3.92007335
  -3.95506784 -4.0339354  -4.12655097 -4.09811372 -4.18569882 -4.2001402
  -4.22599056]
 [-1.8231288  -2.23785232 -2.63367947 -2.73319019 -2.93087584 -2.95323257
  -3.1606077  -3.21324994 -3.35823769 -3.50720992 -3.4754422  -3.61129564
  -3.61537697 -3.62258832 -3.64145306 -3.73494106 -3.82911967 -3.81530532
  -3.8089214  -3.85321946 -3.9003529  -3.95674362 -3.97084814 -4.13900101
  -4.09432012]
 [-1.90308288 -2.30546995 -2.60900032 -2.83137586 -2.84619799 -3.15829174
  -3.11655573 -3.14041459 -3.25972935 -3.32992524 -3.37096051 -3.4655779
  -3.58602175 -3.58060615 -3.56677775 -3.61051637 -3.69373059 -3.70825331
  -3.6733159  -3.77876657 -3.86522949 -3.87109003 -3.95136078 -4.02933497
  -4.02743886]
 [-1.98053035 -2.47075017 -2.53491219 -2.7168024  -2.83995764 -2.93378846
  -3.06758287 -3.0862549  -3.2599088  -3.20566834 -3.2855652  -3.34886641
  -3.27117845 -3.44347246 -3.44846302 -3.47921177 -3.67040042 -3.54719508
  -3.53910045 -3.69553076 -3.68807423 -3.75391745 -3.87814997 -3.82237886
  -3.87015025]
 [-1.71399182 -2.15310394 -2.27293713 -2.25013849 -2.37771132 -2.47649891
  -2.57730535 -2.52914541 -2.60158549 -2.56777792 -2.51895521 -2.60527864
  -2.64402572 -2.70703768 -2.70976553 -2.77772194 -2.72509347 -2.85418195
  -3.00471952 -2.96019436 -3.04674383 -3.10815376 -3.14817477 -3.24607807
  -3.2960612 ]
 [-1.62548745 -1.85889603 -2.08261856 -2.14368    -2.11475071 -2.11342223
  -2.1866922  -2.222449   -2.24865453 -2.16776686 -2.21117583 -2.25862349
  -2.17555664 -2.25276162 -2.47026507 -2.32639575 -2.4151489  -2.47720679
  -2.5995247  -2.70397588 -2.7674104  -2.9039101  -2.80026535 -3.04948488
  -3.00204982]
 [-1.41902437 -1.74118117 -1.75606874 -1.78828832 -1.71400903 -1.79181122
  -1.79655207 -1.75469388 -1.8305888  -1.77264346 -1.81200037 -1.88176381
  -1.94701578 -2.04935882 -2.14732917 -2.09952257 -2.24612218 -2.34106595
  -2.38696919 -2.47890035 -2.58007401 -2.67980559 -2.65134771 -2.79337969
  -2.77792381]
 [-1.40191254 -1.60127887 -1.58866474 -1.47877419 -1.46990232 -1.40430721
  -1.47706099 -1.45505903 -1.49608585 -1.4778473  -1.55829404 -1.59453732
  -1.62263433 -1.683252   -1.90552343 -1.8968397  -2.05416339 -2.10232822
  -2.14211301 -2.27647569 -2.31630488 -2.30726114 -2.55503014 -2.46539607
  -2.51986973]]
variance: [[4.00965819 3.33541743 3.2969015  2.30004623 2.86578589 2.27005034
  1.56340609 1.56724028 1.40022554 1.51281544 1.10066438 0.74444661
  0.62712555 0.64640963 0.5434022  0.34394598 0.58732396 0.33330845
  0.2593943  0.20262161 0.11997717 0.16238393 0.10477225 0.12042276
  0.17447114]
 [4.76270968 4.04865444 2.91193192 2.58602863 2.00671348 2.0687056
  1.66310945 1.22547866 1.04503793 1.09231188 0.62576554 0.64791426
  0.5686038  0.48479244 0.56894001 0.37021401 0.3281875  0.28667509
  0.28239749 0.27635097 0.17923685 0.15884667 0.06807962 0.17522432
  0.12385107]
 [3.39562633 3.19036585 2.51359625 2.19633487 1.8528685  1.60744884
  1.37754473 1.11557609 0.83214588 0.85444274 0.75093401 0.74306153
  0.81475163 0.55005237 0.51550335 0.37909152 0.34638291 0.30098164
  0.27302662 0.26404622 0.26016915 0.18568975 0.2362954  0.16949555
  0.1775837 ]
 [3.5286569  3.32147858 2.10979036 2.14482193 1.74338781 1.47278195
  1.26319601 1.07427829 0.89936639 0.8965394  0.84935842 0.63716811
  0.54928684 0.57860621 0.51417193 0.42089383 0.42953043 0.38895682
  0.32239755 0.35007793 0.40054435 0.31252809 0.27642384 0.25950745
  0.26956036]
 [3.75433221 2.91141811 2.18690985 1.64061562 1.50597586 1.3104781
  1.33313647 0.96721517 0.94648898 0.8994828  0.73875115 0.7109339
  0.6659018  0.62542279 0.53956155 0.54267074 0.55627033 0.4792607
  0.43655315 0.47664511 0.47117398 0.33045928 0.37936182 0.38932307
  0.38667401]
 [3.50793233 2.35091813 2.22868791 1.6521209  1.70752875 1.46640409
  1.34298578 0.96797274 0.84297147 0.92949504 0.87364867 0.79864923
  0.69755472 0.62547455 0.56896269 0.55629446 0.58478141 0.51423898
  0.4827946  0.49873203 0.46238865 0.37438198 0.41195634 0.42442157
  0.34223435]
 [2.88730285 2.72222665 2.29327153 1.54920386 1.33495084 1.32573235
  1.33829132 1.13318013 0.98627647 0.91002691 0.80367243 0.80598727
  0.77113879 0.79575271 0.69987028 0.54588607 0.6224716  0.42736477
  0.49398567 0.49759842 0.44570495 0.4091113  0.44584252 0.3433403
  0.38662906]
 [3.0971091  2.38421351 1.9657204  1.92472851 1.47927754 1.21796852
  1.19170074 1.14080536 0.97213278 0.85854242 0.85711215 0.82746388
  0.86712301 0.73267946 0.82230511 0.73754281 0.62900934 0.49673467
  0.54841253 0.48149508 0.51837593 0.54305817 0.51589783 0.45986567
  0.51553701]
 [3.2856239  2.33125589 1.86515572 1.81942426 1.45833467 1.31381213
  1.06531235 1.20408406 1.07654487 1.19612969 0.86538261 0.92216071
  0.85061684 0.74217195 0.85689958 0.74205195 0.72298178 0.64925984
  0.48524527 0.69251425 0.58224896 0.55685239 0.50581608 0.51774747
  0.51597793]
 [3.22270649 2.31621818 1.94510828 1.49142683 1.3269144  1.41725159
  1.28900837 1.19026831 0.97865632 1.01330432 0.98973065 0.86781886
  0.89337633 0.88816886 0.84889513 0.69148838 0.78667513 0.72020321
  0.71375232 0.66610369 0.57830357 0.59582187 0.62683257 0.51904749
  0.49740849]
 [2.80248594 2.20639137 1.86328332 1.39291398 1.43625861 1.52544636
  1.19949957 1.1290193  0.9834027  0.97672141 0.93703151 0.93520946
  0.90805537 0.86385036 0.9350151  0.68185487 0.71138351 0.78952419
  0.85498927 0.69062338 0.68853843 0.6549332  0.7078809  0.59547893
  0.58429324]
 [2.85438067 2.16230048 2.14349889 1.28327125 1.52482041 1.30311851
  0.97845915 1.25735872 1.07671789 1.00348951 1.06154013 1.03703559
  0.86862653 0.87436037 0.8306306  0.80056891 0.84242132 0.84329816
  0.88219403 0.78743405 0.67636927 0.66454237 0.63613189 0.52198069
  0.62092357]
 [2.74987577 2.03633659 1.62862688 1.49814615 1.31380267 1.38179754
  1.25489831 0.94199599 1.18725581 1.14920096 1.02451456 1.04590742
  1.06077305 0.94759482 0.88698482 0.92214996 0.77632361 0.87010714
  0.82080549 0.85994024 0.69729415 0.74379217 0.73024172 0.60430627
  0.76540069]
 [2.77410309 1.84599771 1.48548858 1.29400329 1.22239545 1.30171678
  1.13652247 1.05516743 1.16125281 1.00894916 1.05530078 0.97612642
  0.84810942 0.96604788 0.90384699 0.95575086 0.91033293 0.78063056
  0.8507677  0.725225   0.80883165 0.63597195 0.63731648 0.70224507
  0.72521031]
 [2.268008   1.50738146 1.36047015 1.3338498  1.20163865 1.1520069
  1.18479876 0.9331085  0.968755   0.89472907 0.91515811 0.88721031
  0.68400012 0.63826052 0.71715792 0.80411676 0.71432823 0.74429553
  0.62311543 0.63167719 0.62784073 0.61807189 0.74878867 0.58019224
  0.63656614]
 [2.25188055 1.51884607 1.28344072 1.07152105 0.87700613 0.95029398
  0.77037678 0.69734729 0.7008709  0.73200198 0.58340078 0.48633995
  0.63543707 0.57035399 0.5131147  0.54482785 0.71461565 0.60134842
  0.57968249 0.681251   0.69326331 0.72527421 0.5931907  0.70533387
  0.77860489]
 [1.77912282 1.28334314 1.00503471 0.74881887 0.85727994 0.60941485
  0.59634258 0.47762738 0.46278678 0.43218341 0.47870547 0.44250725
  0.48698174 0.50852094 0.60445148 0.62569502 0.69863618 0.67856986
  0.62223994 0.7063489  0.72879339 0.76333237 0.83263137 0.98876281
  0.85120945]]
