args:  Namespace(attack='fgm', ndim=2)
elapsed time: 7000.564262633
test_losses: [[-0.7099146  -0.98079748 -1.22108675 -1.3982128  -1.32831666 -1.44986444
  -1.44901965 -1.54642756 -1.63625414 -1.68004528 -1.67808015 -1.71597591
  -1.80103108 -1.76173217 -1.82966318 -1.79625966 -1.82039953 -1.82966318
  -1.83892683 -1.8476285  -1.86419067 -1.83892683 -1.86952407 -1.86952407
  -1.86755894 -1.88748938 -1.88019086 -1.86952407 -1.87485747 -1.88748938
  -1.88412111 -1.88215599 -1.88019086 -1.89478791 -1.89478791 -1.89478791
  -1.89478791 -1.89478791 -1.88748938 -1.89478791]
 [-0.82233607 -0.96359804 -1.06227444 -1.32332765 -1.39997328 -1.47230927
  -1.5476787  -1.61305428 -1.68897633 -1.62059757 -1.71247579 -1.75153937
  -1.74591988 -1.78041568 -1.76288677 -1.80965898 -1.84095982 -1.83486746
  -1.8435096  -1.85015561 -1.85362991 -1.88019086 -1.87784632 -1.8758466
  -1.86303622 -1.86885645 -1.88289516 -1.86419067 -1.88215599 -1.89126862
  -1.89478791 -1.87682259 -1.89478791 -1.88215599 -1.89478791 -1.88019086
  -1.89478791 -1.89478791 -1.89089595 -1.88945451]
 [-0.71563818 -0.98324775 -1.05505849 -1.32890638 -1.41948559 -1.51782905
  -1.559399   -1.59451587 -1.64743133 -1.63798897 -1.72955142 -1.7354313
  -1.73288618 -1.76546938 -1.8126867  -1.82351271 -1.82645209 -1.84545677
  -1.84166764 -1.84243331 -1.86654587 -1.86779352 -1.86050198 -1.87926015
  -1.88382877 -1.88131772 -1.85902181 -1.87418687 -1.89478791 -1.87485747
  -1.88369636 -1.88239269 -1.88913588 -1.89478791 -1.89478791 -1.89113608
  -1.89478791 -1.88331031 -1.89291991 -1.88895391]
 [-0.68326564 -0.79627484 -1.11174221 -1.33559051 -1.4009979  -1.4818663
  -1.61530088 -1.63324125 -1.72503423 -1.64515728 -1.6904793  -1.80040977
  -1.76794456 -1.79387764 -1.80800813 -1.80547246 -1.844292   -1.82821378
  -1.83876769 -1.85280492 -1.84050757 -1.86097139 -1.87136138 -1.87398584
  -1.8628028  -1.8723695  -1.88846484 -1.88215599 -1.87573794 -1.88674496
  -1.8819052  -1.87864843 -1.89478791 -1.88543587 -1.89478791 -1.88687015
  -1.89478791 -1.88471293 -1.88945451 -1.89478791]
 [-0.6948344  -1.01988281 -1.18961638 -1.19507771 -1.38038771 -1.40077748
  -1.50145179 -1.59793119 -1.61548355 -1.66735272 -1.69221242 -1.73702403
  -1.76998677 -1.75710353 -1.78463128 -1.81380731 -1.82551959 -1.85527989
  -1.82796911 -1.84679184 -1.83810905 -1.8491238  -1.85954887 -1.86559756
  -1.87286695 -1.86325644 -1.85820837 -1.87601886 -1.88020035 -1.87162996
  -1.88583574 -1.88001928 -1.89478791 -1.89111279 -1.88690173 -1.88763592
  -1.89115861 -1.8929889  -1.89352578 -1.89251019]
 [-0.7542256  -1.02141432 -1.09987266 -1.22859742 -1.36222994 -1.41771159
  -1.46430529 -1.577051   -1.60948297 -1.67148382 -1.68604889 -1.7276356
  -1.71599202 -1.77706335 -1.78964922 -1.84619351 -1.79552364 -1.82208979
  -1.85003779 -1.84671177 -1.85212459 -1.8552428  -1.86452092 -1.8625804
  -1.86942489 -1.87801523 -1.86872168 -1.8853326  -1.87320674 -1.87629902
  -1.87939684 -1.88716273 -1.89478791 -1.8909388  -1.88221655 -1.87557221
  -1.88861711 -1.88748938 -1.8857011  -1.88945451]
 [-0.71933255 -0.94887247 -0.97222687 -1.2178029  -1.28239569 -1.46865598
  -1.5055149  -1.62524508 -1.64888528 -1.65621568 -1.72376188 -1.7328919
  -1.7335579  -1.79658594 -1.78157421 -1.80059017 -1.83396683 -1.82649545
  -1.83405495 -1.84761208 -1.8381807  -1.88387564 -1.85447407 -1.86998421
  -1.86094814 -1.85554893 -1.85835114 -1.88474858 -1.87500411 -1.87739365
  -1.88051428 -1.89478791 -1.88461521 -1.88240379 -1.88616329 -1.89478791
  -1.89120186 -1.89269783 -1.89478791 -1.88748938]
 [-0.83919759 -0.83088084 -1.23094288 -1.21873107 -1.37484361 -1.50121809
  -1.54746651 -1.61983607 -1.64569563 -1.69657564 -1.63462767 -1.76334772
  -1.74076018 -1.76197932 -1.81607458 -1.80712523 -1.82394335 -1.82819011
  -1.82410387 -1.81217896 -1.84043011 -1.86018841 -1.86181269 -1.8890866
  -1.87026973 -1.87645098 -1.86621491 -1.85629476 -1.88844706 -1.88791646
  -1.8803316  -1.88303763 -1.88528778 -1.87679416 -1.89291495 -1.88042517
  -1.88519339 -1.89478791 -1.88945451 -1.89207555]
 [-0.69745076 -0.9697855  -1.08640097 -1.22028185 -1.33594709 -1.51477831
  -1.5234204  -1.58131349 -1.58142434 -1.6370375  -1.70368673 -1.68207592
  -1.76972672 -1.82829035 -1.78551299 -1.79296697 -1.83079986 -1.83313357
  -1.85550767 -1.83907523 -1.84841374 -1.85838071 -1.83266425 -1.85489368
  -1.8693062  -1.88567586 -1.87989277 -1.88215599 -1.88556189 -1.88609981
  -1.87194534 -1.88945451 -1.8868834  -1.88491119 -1.88483428 -1.89478791
  -1.88497016 -1.89159455 -1.89478791 -1.88760898]
 [-0.71403528 -0.95564565 -1.13139319 -1.34144012 -1.4265128  -1.46223894
  -1.49036175 -1.68522127 -1.65423641 -1.70759476 -1.74050539 -1.71979117
  -1.7551485  -1.76221686 -1.76242937 -1.811123   -1.79091599 -1.81839759
  -1.81009188 -1.82995308 -1.8352179  -1.85336097 -1.85996843 -1.87199169
  -1.86541537 -1.86946698 -1.85609764 -1.87379196 -1.88215599 -1.87341884
  -1.8796116  -1.89478791 -1.88386628 -1.88656905 -1.89368424 -1.88235973
  -1.88654669 -1.88945451 -1.8928209  -1.89186776]
 [-0.73215565 -0.93117453 -1.24450883 -1.20731456 -1.34309825 -1.5107202
  -1.53244988 -1.59657579 -1.68265511 -1.73324136 -1.7541885  -1.75566622
  -1.7939613  -1.76364755 -1.79442474 -1.76684516 -1.79268458 -1.79929572
  -1.80615704 -1.83112672 -1.8467606  -1.86756704 -1.86275247 -1.86388679
  -1.86295421 -1.8896295  -1.85597786 -1.87345969 -1.87243305 -1.88174628
  -1.88041889 -1.88276858 -1.86986722 -1.89440246 -1.88202289 -1.89478791
  -1.89478791 -1.89440284 -1.88801362 -1.89478791]
 [-0.76268715 -0.97782994 -1.10225177 -1.2618419  -1.36855766 -1.51467287
  -1.53834527 -1.60346527 -1.68229191 -1.67689704 -1.69091173 -1.7479022
  -1.76312502 -1.76521865 -1.7980686  -1.82207725 -1.82754845 -1.8258578
  -1.78126844 -1.8315108  -1.85748995 -1.8697347  -1.86871968 -1.8407136
  -1.85947215 -1.88687494 -1.8886322  -1.88210854 -1.88857348 -1.88261085
  -1.88734509 -1.87517495 -1.88872515 -1.89478791 -1.89301487 -1.89233042
  -1.89478791 -1.89442386 -1.89478791 -1.89478791]
 [-0.81852572 -0.88677674 -1.06752988 -1.26358116 -1.39025328 -1.44595817
  -1.50798288 -1.54526839 -1.63377838 -1.70624341 -1.69753223 -1.74464891
  -1.76079144 -1.77042418 -1.81520845 -1.81623736 -1.81682509 -1.82161854
  -1.84255553 -1.83288178 -1.8275351  -1.85735302 -1.86201248 -1.89047771
  -1.86103759 -1.86575503 -1.87410792 -1.87497022 -1.88805837 -1.88407508
  -1.87396494 -1.88297985 -1.89478791 -1.88229374 -1.89342233 -1.89478791
  -1.88938808 -1.89478791 -1.89065626 -1.87824919]
 [-0.66179049 -0.93366135 -1.06607091 -1.27204523 -1.40487425 -1.38236242
  -1.43817999 -1.61283042 -1.59656046 -1.68516915 -1.72425287 -1.67043573
  -1.805681   -1.79410906 -1.81465167 -1.80696911 -1.80721857 -1.81223632
  -1.84446014 -1.81017388 -1.83612475 -1.86035201 -1.83969478 -1.88075699
  -1.87097116 -1.85755434 -1.88011334 -1.87825479 -1.87365964 -1.88191611
  -1.87676525 -1.88683777 -1.8852453  -1.87781595 -1.89416011 -1.89412762
  -1.89258726 -1.88851695 -1.8889991  -1.88043133]
 [-0.61763495 -0.83978824 -1.05836974 -1.21968753 -1.35113888 -1.43976028
  -1.40776558 -1.578956   -1.59639834 -1.66488359 -1.69765553 -1.72025253
  -1.67843989 -1.75640467 -1.79610944 -1.80020558 -1.7934266  -1.80404089
  -1.82048584 -1.86726442 -1.82215632 -1.87481718 -1.84953811 -1.86188952
  -1.85562196 -1.86825479 -1.86887677 -1.86340244 -1.86681067 -1.86701761
  -1.88211441 -1.87117968 -1.86988791 -1.89196733 -1.88529138 -1.88040497
  -1.88064632 -1.89478791 -1.89405954 -1.89477391]
 [-0.69505609 -0.94278067 -1.04447319 -1.19020082 -1.37196214 -1.4258062
  -1.50040019 -1.59247138 -1.59776553 -1.67894321 -1.66285966 -1.7268995
  -1.71687473 -1.77357791 -1.75586356 -1.79363668 -1.82030852 -1.83185999
  -1.82312843 -1.85276362 -1.84123681 -1.8693125  -1.85499383 -1.83893736
  -1.849146   -1.87371352 -1.87000732 -1.8816917  -1.87341739 -1.87720457
  -1.87795683 -1.88425637 -1.88676452 -1.87759826 -1.89478791 -1.88911574
  -1.89228072 -1.88644383 -1.87942124 -1.88782616]
 [-0.66163874 -0.77665073 -1.01192509 -1.09859139 -1.32131955 -1.38269381
  -1.42165557 -1.55448493 -1.54330236 -1.66739827 -1.67513753 -1.6280913
  -1.73521675 -1.69857016 -1.74637868 -1.81596317 -1.79559889 -1.80631911
  -1.81452399 -1.81515226 -1.83008701 -1.84310641 -1.85661236 -1.85717805
  -1.87385913 -1.87962989 -1.86748026 -1.88651693 -1.86723984 -1.86919693
  -1.87932582 -1.87849032 -1.88896739 -1.89317247 -1.88308485 -1.8906229
  -1.88148075 -1.89476912 -1.88980712 -1.88846009]]
variance: [[1.53309843e+00 1.35538007e+00 1.05984640e+00 8.64489044e-01
  8.44862972e-01 7.17381172e-01 8.24930095e-01 5.79860945e-01
  4.92493709e-01 3.93980283e-01 4.47290524e-01 3.65381296e-01
  1.71341657e-01 2.29609914e-01 1.25776099e-01 1.65150267e-01
  1.47911226e-01 1.25776099e-01 1.03469341e-01 9.47457173e-02
  5.66254773e-02 1.03469341e-01 4.83898714e-02 4.83898714e-02
  5.57337126e-02 1.59272629e-02 3.17479889e-02 4.83898714e-02
  4.00973753e-02 1.59272629e-02 1.69532898e-02 2.43545011e-02
  3.17479889e-02 0.00000000e+00 0.00000000e+00 0.00000000e+00
  0.00000000e+00 0.00000000e+00 1.59272629e-02 0.00000000e+00]
 [1.46316564e+00 1.22616295e+00 1.16187941e+00 9.27647897e-01
  8.78957737e-01 7.34188829e-01 6.17532498e-01 4.73568206e-01
  4.02531311e-01 5.01779552e-01 3.66189328e-01 2.69135533e-01
  2.73414261e-01 2.11387628e-01 2.31146720e-01 1.53180633e-01
  9.60295803e-02 9.80460702e-02 9.94298683e-02 7.37232353e-02
  8.39507896e-02 3.17479889e-02 3.33231144e-02 3.60978007e-02
  6.06476114e-02 5.06258015e-02 1.96610319e-02 5.66254773e-02
  2.43545011e-02 3.70322915e-03 0.00000000e+00 3.27248490e-02
  0.00000000e+00 2.43545011e-02 0.00000000e+00 3.17479889e-02
  0.00000000e+00 0.00000000e+00 4.52905193e-03 8.50509001e-03]
 [1.51948195e+00 1.38391816e+00 1.13529239e+00 8.43884864e-01
  8.25468600e-01 6.41580639e-01 6.03966868e-01 4.66328323e-01
  4.37800923e-01 3.99261549e-01 2.60615970e-01 2.64333179e-01
  2.89972018e-01 2.54073915e-01 1.52501699e-01 1.24646856e-01
  1.14544579e-01 1.03673122e-01 8.89931594e-02 9.47052901e-02
  4.69541524e-02 4.16337234e-02 6.47243446e-02 2.22413497e-02
  1.29102173e-02 2.45434282e-02 6.84196382e-02 3.56699353e-02
  0.00000000e+00 4.00973753e-02 1.20030768e-02 2.36197664e-02
  9.55169307e-03 0.00000000e+00 0.00000000e+00 3.98741147e-03
  0.00000000e+00 1.68251291e-02 1.04333426e-03 9.15652283e-03]
 [1.58085151e+00 1.49201615e+00 1.05153263e+00 8.51222298e-01
  7.37177325e-01 6.30000470e-01 4.33623537e-01 3.92167737e-01
  2.60483423e-01 3.61105730e-01 3.00967963e-01 1.40853020e-01
  2.00207868e-01 1.70949406e-01 1.75603513e-01 1.43086129e-01
  7.30145953e-02 1.14628699e-01 9.87130470e-02 7.67961378e-02
  9.44726394e-02 5.32260095e-02 4.14462648e-02 3.50290313e-02
  5.31864202e-02 3.13576053e-02 8.78738587e-03 2.43545011e-02
  2.70271844e-02 1.00672789e-02 1.75445492e-02 2.61019614e-02
  0.00000000e+00 1.35979023e-02 0.00000000e+00 1.04745260e-02
  0.00000000e+00 1.81916351e-02 8.50509001e-03 0.00000000e+00]
 [1.34183675e+00 1.11971837e+00 1.00695741e+00 8.94140801e-01
  8.24171306e-01 7.24783941e-01 5.90325989e-01 4.16543218e-01
  4.09656526e-01 3.56334512e-01 3.14501459e-01 2.65067319e-01
  2.03647516e-01 2.22344616e-01 2.08388302e-01 1.67778897e-01
  1.11906664e-01 6.22817503e-02 1.03943508e-01 8.12917596e-02
  9.78586346e-02 7.87608918e-02 7.41702072e-02 4.77270670e-02
  3.42254000e-02 4.78421700e-02 6.00915174e-02 2.13206488e-02
  2.54486315e-02 4.28257515e-02 1.08744277e-02 2.37622063e-02
  0.00000000e+00 4.03843266e-03 6.60575151e-03 1.52941213e-02
  3.00644687e-03 6.10778139e-04 4.76298326e-04 1.55121123e-03]
 [1.46323418e+00 1.02267923e+00 1.13441300e+00 9.65480255e-01
  8.44422036e-01 6.89657769e-01 6.91564583e-01 5.18711752e-01
  4.05017878e-01 3.33295527e-01 3.20203906e-01 2.81835436e-01
  2.90033205e-01 1.89660016e-01 1.65028283e-01 5.99364485e-02
  1.41785270e-01 1.19478484e-01 7.91164224e-02 7.73885129e-02
  6.88096043e-02 7.40844464e-02 5.01325526e-02 3.92080780e-02
  4.01098306e-02 2.70896093e-02 3.39545956e-02 8.87313415e-03
  3.88453918e-02 2.68652578e-02 2.38072736e-02 9.47959975e-03
  0.00000000e+00 2.47596682e-03 1.58887677e-02 3.70198509e-02
  4.46839984e-03 1.59272629e-02 1.26773955e-02 8.50509001e-03]
 [1.33573634e+00 1.16633547e+00 1.16957274e+00 9.62011304e-01
  9.18164839e-01 6.14995248e-01 5.85238399e-01 4.30620451e-01
  3.77926397e-01 3.56473294e-01 2.68997708e-01 2.53116998e-01
  2.83257038e-01 1.62771799e-01 1.97947855e-01 1.31233825e-01
  6.42631993e-02 9.87195323e-02 9.61206554e-02 6.44732012e-02
  9.36821739e-02 1.16907629e-02 6.12096589e-02 3.58671847e-02
  5.66055359e-02 6.26949723e-02 5.97319461e-02 1.81333432e-02
  3.02547067e-02 2.79674422e-02 1.64236287e-02 0.00000000e+00
  1.83553059e-02 8.88995389e-03 1.13544689e-02 0.00000000e+00
  3.84505954e-03 1.30616509e-03 0.00000000e+00 1.59272629e-02]
 [1.31747124e+00 1.28512896e+00 9.22027923e-01 9.27865232e-01
  7.20227977e-01 5.77421497e-01 5.01577131e-01 3.63121842e-01
  3.61141283e-01 2.94026968e-01 4.22482992e-01 2.03788743e-01
  2.42888226e-01 1.86726803e-01 9.85503273e-02 1.40340155e-01
  1.18468534e-01 1.20120969e-01 1.04518375e-01 1.23343750e-01
  7.75003870e-02 5.97348123e-02 6.39592743e-02 5.22705256e-03
  4.27091926e-02 3.27527864e-02 4.99239557e-02 6.72148926e-02
  8.74934647e-03 5.53157817e-03 2.06353503e-02 1.33271228e-02
  1.22760094e-02 2.72789516e-02 1.03735891e-03 2.88993689e-02
  1.38886370e-02 0.00000000e+00 8.50509001e-03 2.19970089e-03]
 [1.35454995e+00 1.14388690e+00 1.02474456e+00 9.26088929e-01
  7.17553579e-01 5.46729005e-01 5.15962613e-01 4.68701788e-01
  4.95981163e-01 3.59119658e-01 2.88071733e-01 3.12252536e-01
  1.80955576e-01 9.26466485e-02 1.69208997e-01 1.38005008e-01
  8.99884972e-02 1.12859150e-01 4.13072118e-02 8.40104958e-02
  6.28603961e-02 4.26702005e-02 9.93003016e-02 6.42208769e-02
  3.73287042e-02 5.88968080e-03 3.10010616e-02 2.43545011e-02
  1.21850270e-02 1.12509475e-02 3.67029336e-02 8.50509001e-03
  1.04542376e-02 6.80234519e-03 1.25598948e-02 0.00000000e+00
  1.77880908e-02 3.04905354e-03 0.00000000e+00 1.54095705e-02]
 [1.27983641e+00 1.13393156e+00 9.92523392e-01 6.65471857e-01
  7.18015050e-01 6.14015093e-01 5.73936764e-01 3.61380294e-01
  3.88682157e-01 2.54880258e-01 2.28014681e-01 2.65826669e-01
  1.73743826e-01 2.02489781e-01 1.98113190e-01 1.41684611e-01
  1.56292016e-01 1.00051650e-01 1.16750863e-01 1.10707031e-01
  9.13003536e-02 6.15955117e-02 4.72049320e-02 4.76484558e-02
  4.49104607e-02 3.77673822e-02 5.56539023e-02 2.84446502e-02
  2.43545011e-02 3.36298331e-02 2.40990442e-02 0.00000000e+00
  7.92343977e-03 1.60548205e-02 1.91503086e-04 2.11726994e-02
  1.04131373e-02 8.50509001e-03 1.15686201e-03 1.49540996e-03]
 [1.29498843e+00 1.14479408e+00 8.57987473e-01 9.13973926e-01
  8.00413500e-01 5.54278649e-01 5.33438209e-01 4.38955783e-01
  2.89777701e-01 2.35507896e-01 1.78216983e-01 2.08886177e-01
  1.38381116e-01 2.13578639e-01 1.39782471e-01 1.99508282e-01
  1.28874766e-01 1.33696336e-01 1.41932245e-01 9.90402864e-02
  8.43641458e-02 3.98449475e-02 4.49426657e-02 4.80955446e-02
  4.25897078e-02 3.99777670e-03 6.44191426e-02 4.16746031e-02
  2.69233859e-02 2.05938054e-02 1.43785569e-02 1.82043796e-02
  4.27397455e-02 4.44228762e-05 1.66685600e-02 0.00000000e+00
  0.00000000e+00 4.43346253e-05 6.83836891e-03 0.00000000e+00]
 [1.31228042e+00 1.15124635e+00 8.60687777e-01 7.99899136e-01
  6.96393635e-01 5.13449092e-01 4.89083918e-01 4.23538794e-01
  2.87875862e-01 2.86580995e-01 2.91189100e-01 1.92577624e-01
  1.80394261e-01 1.83240334e-01 1.42327512e-01 8.45082542e-02
  1.00742229e-01 1.06531275e-01 1.79750515e-01 1.08682420e-01
  6.15507367e-02 4.18023988e-02 3.34930152e-02 9.14007141e-02
  4.20732811e-02 1.02961127e-02 8.69635873e-03 1.48990355e-02
  8.72778171e-03 1.78352072e-02 6.22447389e-03 3.91242194e-02
  5.23717800e-03 0.00000000e+00 9.39957894e-04 1.20904169e-03
  0.00000000e+00 2.32086547e-05 0.00000000e+00 0.00000000e+00]
 [1.24271591e+00 1.25420612e+00 9.69013686e-01 8.63183423e-01
  6.16536398e-01 6.40875341e-01 5.69770919e-01 4.86174881e-01
  4.05311660e-01 2.63686656e-01 2.85826082e-01 2.07410849e-01
  1.80868893e-01 1.94538478e-01 9.92537599e-02 1.00536304e-01
  1.04073371e-01 1.01599674e-01 6.75659708e-02 1.08645715e-01
  1.07278419e-01 5.26470598e-02 4.26384146e-02 2.96989878e-03
  5.09738624e-02 5.18433711e-02 3.09954543e-02 3.03037372e-02
  5.87370117e-03 1.76721746e-02 3.10907623e-02 1.48801345e-02
  0.00000000e+00 2.06124365e-02 5.57574699e-04 0.00000000e+00
  8.50570084e-03 0.00000000e+00 2.54962628e-03 2.85329400e-02]
 [1.18101954e+00 1.11404038e+00 9.31180642e-01 7.97050597e-01
  6.53444544e-01 6.20427529e-01 6.02385410e-01 3.63352676e-01
  3.81274925e-01 2.90410110e-01 2.54170608e-01 3.45788313e-01
  1.10760396e-01 1.34038271e-01 1.04996259e-01 1.10173061e-01
  1.12239502e-01 1.02875779e-01 7.14923929e-02 1.35874479e-01
  8.11572273e-02 5.17910580e-02 8.46581628e-02 1.41017239e-02
  3.35202706e-02 4.82351347e-02 1.47687381e-02 2.12328086e-02
  3.55209754e-02 1.14407960e-02 1.50911444e-02 1.05809409e-02
  1.66655698e-02 2.84590355e-02 8.74582814e-05 1.30356342e-04
  1.44801576e-03 5.10034797e-03 7.20099678e-03 2.11110125e-02]
 [1.39737011e+00 1.03803889e+00 8.73839785e-01 8.43889665e-01
  6.58458719e-01 5.37588726e-01 5.87111266e-01 4.27774018e-01
  3.75315715e-01 2.96084847e-01 2.51945522e-01 2.40960052e-01
  2.79599309e-01 2.06151564e-01 1.22134119e-01 1.00369297e-01
  1.19291023e-01 1.05985879e-01 9.58958902e-02 1.83046739e-02
  6.78992341e-02 2.66342064e-02 6.30142913e-02 4.15608614e-02
  4.84488351e-02 2.55020159e-02 2.85531849e-02 3.61803131e-02
  3.10921153e-02 3.14790173e-02 1.02033567e-02 3.61778441e-02
  3.54366343e-02 8.15327189e-04 1.66501078e-02 2.40835306e-02
  2.47231830e-02 0.00000000e+00 1.58626140e-04 5.85835304e-08]
 [1.03139099e+00 9.35656434e-01 8.07122107e-01 6.91386233e-01
  5.26038775e-01 5.29874652e-01 4.59829553e-01 3.72567672e-01
  3.49083732e-01 2.86453332e-01 2.67026801e-01 1.99644706e-01
  2.15442932e-01 1.37584801e-01 1.43731523e-01 1.17947854e-01
  9.48310851e-02 7.79422508e-02 8.05488395e-02 4.04490465e-02
  5.81976938e-02 2.78471815e-02 4.52596475e-02 6.36458148e-02
  5.29816791e-02 1.87786136e-02 3.55441889e-02 1.08919921e-02
  2.52460373e-02 1.91951268e-02 2.26823211e-02 1.00093935e-02
  5.57491325e-03 2.40450068e-02 0.00000000e+00 3.40854027e-03
  1.11176723e-03 9.52833249e-03 2.03483127e-02 9.14094992e-03]
 [9.31852957e-01 8.84391022e-01 8.08514245e-01 7.18336849e-01
  6.67289350e-01 5.50056074e-01 5.08857445e-01 3.75088792e-01
  3.95263897e-01 2.51565344e-01 2.66379649e-01 3.00968881e-01
  1.89159584e-01 2.37563735e-01 1.93624507e-01 7.44738962e-02
  1.03152171e-01 1.01951182e-01 1.00907573e-01 9.20772110e-02
  5.93808411e-02 6.95718979e-02 4.88276565e-02 3.75645213e-02
  2.19435220e-02 1.62883069e-02 3.33304854e-02 1.00007521e-02
  3.18468114e-02 3.38218396e-02 2.24526417e-02 1.32550506e-02
  1.99736229e-03 7.80279714e-04 6.88143238e-03 5.18683839e-03
  1.39086526e-02 1.05594818e-07 4.29742385e-03 4.00246437e-03]]
