args:  Namespace(attack='opt', ndim=1)
test_losses: [[-4.55946951e-01 -6.42397661e-01 -8.40036477e-01 -8.56404008e-01
  -9.00066405e-01 -1.03229369e+00 -1.07772855e+00 -1.10015311e+00
  -1.12875128e+00 -1.14644624e+00 -1.18884986e+00 -1.17110016e+00
  -1.16190720e+00 -1.20586009e+00 -1.23076096e+00 -1.22284421e+00
  -1.25658112e+00 -1.25613107e+00 -1.25658112e+00 -1.29100800e+00
  -1.23076096e+00 -1.26972516e+00 -1.27455590e+00 -1.25658112e+00
  -1.28240128e+00]
 [-5.40215848e-01 -6.93472950e-01 -7.03802669e-01 -8.48263539e-01
  -8.72362167e-01 -9.70556673e-01 -1.02802083e+00 -1.07638093e+00
  -1.14570354e+00 -1.12294516e+00 -1.14032392e+00 -1.17229960e+00
  -1.19323428e+00 -1.15196263e+00 -1.23059359e+00 -1.23513852e+00
  -1.23950946e+00 -1.22138212e+00 -1.23521672e+00 -1.24391083e+00
  -1.26526861e+00 -1.26401408e+00 -1.25221667e+00 -1.24837310e+00
  -1.25223073e+00]
 [-4.33060022e-01 -6.75598105e-01 -7.89401292e-01 -7.26697599e-01
  -9.33244424e-01 -9.57450671e-01 -1.02341892e+00 -1.06309162e+00
  -1.07283573e+00 -1.09646697e+00 -1.12325910e+00 -1.13778075e+00
  -1.16805693e+00 -1.16226487e+00 -1.21238694e+00 -1.18991512e+00
  -1.21216016e+00 -1.18818054e+00 -1.24361664e+00 -1.20118190e+00
  -1.21087042e+00 -1.24437279e+00 -1.21763727e+00 -1.25100905e+00
  -1.22374276e+00]
 [-4.47525935e-01 -6.39482163e-01 -7.01870456e-01 -7.94056914e-01
  -8.33677418e-01 -9.06012911e-01 -9.84005392e-01 -9.64958950e-01
  -9.94593683e-01 -9.36020018e-01 -1.03205447e+00 -1.02846696e+00
  -1.03548904e+00 -1.07808940e+00 -1.06306584e+00 -1.04269756e+00
  -1.13010833e+00 -1.07322747e+00 -1.09853042e+00 -1.15408584e+00
  -1.11644172e+00 -1.13972430e+00 -1.12883661e+00 -1.18029027e+00
  -1.17032279e+00]
 [-5.28580689e-01 -5.92020433e-01 -8.21990490e-01 -8.30954204e-01
  -8.44479208e-01 -8.69016063e-01 -9.15622101e-01 -9.34219926e-01
  -8.92739271e-01 -9.68377101e-01 -9.22624551e-01 -9.97738958e-01
  -1.01704094e+00 -1.02109422e+00 -1.00602881e+00 -1.03259471e+00
  -1.01474268e+00 -1.02853548e+00 -1.05394805e+00 -1.03508329e+00
  -1.05514152e+00 -1.03620390e+00 -1.01064809e+00 -1.08791008e+00
  -1.09077190e+00]
 [-4.45827119e-01 -5.07175958e-01 -7.44846328e-01 -7.61778590e-01
  -7.03851060e-01 -7.21099207e-01 -8.89195737e-01 -8.91052974e-01
  -8.97524239e-01 -9.43569284e-01 -9.23112280e-01 -9.07719382e-01
  -1.01769983e+00 -8.85300561e-01 -9.81417806e-01 -9.57379664e-01
  -9.98236516e-01 -9.62907776e-01 -1.03428733e+00 -9.54504414e-01
  -1.01147272e+00 -1.02035743e+00 -1.04036824e+00 -1.00893928e+00
  -1.02453675e+00]
 [-4.32916429e-01 -5.75768143e-01 -6.88529051e-01 -7.83590613e-01
  -7.93866828e-01 -7.73360024e-01 -7.60615615e-01 -8.47938008e-01
  -8.36870548e-01 -7.57797611e-01 -8.78603910e-01 -9.14687805e-01
  -9.35865303e-01 -9.50738032e-01 -9.02042312e-01 -9.62936765e-01
  -9.38821596e-01 -9.46384912e-01 -8.89257018e-01 -9.98505159e-01
  -9.57936937e-01 -1.02616463e+00 -1.01843749e+00 -1.00058701e+00
  -9.79113888e-01]
 [-4.24530870e-01 -5.34177603e-01 -6.51434761e-01 -6.87825877e-01
  -6.96952364e-01 -7.42923024e-01 -7.42145323e-01 -7.61321285e-01
  -8.80218207e-01 -8.05175186e-01 -8.58698301e-01 -9.10661006e-01
  -8.73828660e-01 -8.68865298e-01 -8.92479488e-01 -8.86687389e-01
  -8.92010378e-01 -9.09177266e-01 -9.35775635e-01 -8.83837141e-01
  -9.07543253e-01 -9.55555378e-01 -9.22308326e-01 -9.71034867e-01
  -9.44517419e-01]
 [-4.94898549e-01 -6.87688454e-01 -6.98739161e-01 -7.66092218e-01
  -7.22497445e-01 -7.89763968e-01 -7.31758290e-01 -8.22163280e-01
  -8.56101424e-01 -8.20754706e-01 -8.45324677e-01 -8.15418178e-01
  -7.92856102e-01 -8.55128121e-01 -8.00663280e-01 -8.20713779e-01
  -9.05803510e-01 -8.66638607e-01 -8.82865844e-01 -9.08155891e-01
  -8.84901923e-01 -8.02672882e-01 -8.39719120e-01 -8.86391231e-01
  -8.99145343e-01]
 [-5.03824241e-01 -5.56842951e-01 -7.03899276e-01 -5.85006123e-01
  -7.16827786e-01 -7.35363893e-01 -7.52323516e-01 -7.80674858e-01
  -7.87350265e-01 -7.48800020e-01 -6.91660120e-01 -7.19363358e-01
  -7.91771876e-01 -7.93471559e-01 -8.39958272e-01 -7.99346475e-01
  -8.11487128e-01 -7.99059216e-01 -8.12213839e-01 -8.01442106e-01
  -7.92735070e-01 -8.02501889e-01 -8.51611643e-01 -8.73348533e-01
  -8.90792807e-01]
 [-4.74675761e-01 -5.76735328e-01 -6.21723263e-01 -6.20144135e-01
  -6.59264938e-01 -6.87271586e-01 -6.34692701e-01 -7.19838915e-01
  -7.25986769e-01 -8.04803952e-01 -7.10234884e-01 -6.80718463e-01
  -7.11181956e-01 -6.90066586e-01 -7.56238514e-01 -7.93348521e-01
  -7.59754540e-01 -7.99169042e-01 -7.51086009e-01 -7.26218097e-01
  -7.30013476e-01 -8.52306026e-01 -7.39153620e-01 -6.80228510e-01
  -8.20595129e-01]
 [-4.92434798e-01 -5.87123006e-01 -5.59800292e-01 -6.41979649e-01
  -6.50644293e-01 -6.65543975e-01 -6.54301348e-01 -6.49023714e-01
  -6.60453935e-01 -7.01285807e-01 -5.90737120e-01 -6.93717170e-01
  -6.33092316e-01 -7.47489428e-01 -6.83186409e-01 -7.22500192e-01
  -7.67350184e-01 -7.19181002e-01 -6.97074239e-01 -6.58760708e-01
  -7.42884912e-01 -7.53272039e-01 -7.31229852e-01 -7.54648593e-01
  -7.17609728e-01]
 [-3.91956734e-01 -5.46207829e-01 -6.11946812e-01 -7.05331864e-01
  -5.70684147e-01 -6.10103303e-01 -6.34015195e-01 -5.90602763e-01
  -6.46756812e-01 -6.18717001e-01 -7.09379970e-01 -6.32558509e-01
  -6.25900441e-01 -6.99226602e-01 -6.58929591e-01 -6.43071327e-01
  -6.29175985e-01 -6.45742637e-01 -6.35580628e-01 -6.66434875e-01
  -6.21327432e-01 -6.26472172e-01 -5.99126300e-01 -6.92190935e-01
  -6.20550677e-01]
 [-3.96490625e-01 -5.18601746e-01 -4.54156407e-01 -4.13097071e-01
  -4.76804152e-01 -3.97078772e-01 -4.48174551e-01 -4.34441121e-01
  -4.04304117e-01 -4.00758076e-01 -3.23572791e-01 -3.59977571e-01
  -3.58190891e-01 -3.42290565e-01 -3.88188371e-01 -4.02865082e-01
  -3.69915733e-01 -3.43895107e-01 -3.32307344e-01 -3.87268541e-01
  -2.73909241e-01 -3.22600383e-01 -3.75646843e-01 -3.20766163e-01
  -3.47905294e-01]
 [-4.49838152e-01 -3.68005940e-01 -4.07160495e-01 -4.18437402e-01
  -3.82918603e-01 -3.22743381e-01 -3.11287922e-01 -2.66586305e-01
  -2.84489499e-01 -2.72241376e-01 -3.32826633e-01 -2.16132977e-01
  -2.26388695e-01 -2.73256462e-01 -2.52678296e-01 -2.27992940e-01
  -1.79702164e-01 -1.88318540e-01 -2.02894885e-01 -1.96246567e-01
  -1.88144003e-01 -1.25932935e-01 -1.24569393e-01 -1.50330665e-01
  -1.10238994e-01]
 [-4.12447970e-01 -2.59922113e-01 -3.12633310e-01 -2.92142521e-01
  -2.85221541e-01 -2.03921409e-01 -2.51413568e-01 -2.18003211e-01
  -1.73805936e-01 -1.66505390e-01 -1.61016034e-01 -1.48556371e-01
  -1.21413271e-01 -1.13461360e-01 -1.21074781e-01 -8.78525563e-02
  -1.12620134e-01 -1.29986540e-01 -1.19624643e-01 -4.62005727e-02
  -7.69924673e-02 -8.12181071e-02 -4.94966016e-02 -5.88576198e-02
  -6.89567471e-02]
 [-3.03219834e-01 -2.69838489e-01 -1.84604053e-01 -1.95599847e-01
  -2.10040302e-01 -1.73219070e-01 -1.04899183e-01 -8.21974961e-02
  -8.00545928e-02 -9.46519065e-02 -1.57917764e-02 -4.87571583e-02
  -2.69096734e-02 -6.63082786e-02 -4.10761231e-02 -8.94370880e-03
  -1.94172474e-02  5.61032115e-03 -4.82050662e-03 -1.66781660e-02
   1.14366245e-02  1.62785142e-02 -2.08456981e-02  5.24773275e-04
   3.03143453e-02]]
variance: [[1.31824176 1.16380131 0.903947   0.88060706 0.81930854 0.57888158
  0.48700744 0.44543475 0.37660711 0.32921718 0.23140517 0.29221633
  0.31667331 0.20122373 0.15192911 0.16181524 0.08770554 0.08773512
  0.08770554 0.         0.15192911 0.04896041 0.040417   0.08770554
  0.02214861]
 [1.19860328 1.06212618 1.0780208  0.83435265 0.76612183 0.63003281
  0.50436836 0.38986591 0.29417454 0.31773181 0.30240994 0.23920394
  0.1926017  0.28070078 0.08568223 0.10224936 0.08588884 0.12720984
  0.11276686 0.09162008 0.04357503 0.04386893 0.08199196 0.07494561
  0.07085658]
 [1.2125301  0.95350636 0.74270458 0.82848743 0.57040889 0.50679758
  0.4107628  0.34922698 0.27707557 0.29839297 0.19959612 0.20642728
  0.15432844 0.18261635 0.09427676 0.12922614 0.09633298 0.13294933
  0.05737705 0.10744022 0.09550053 0.0576715  0.0903534  0.04920382
  0.08076289]
 [1.10182159 0.88271076 0.71246559 0.56889335 0.57002717 0.43912054
  0.34855209 0.38890243 0.31657564 0.39175777 0.26595517 0.2827416
  0.27800508 0.23099718 0.24293018 0.27689434 0.19067845 0.23241337
  0.21126738 0.15594405 0.19450958 0.17061225 0.18267762 0.12973267
  0.13837315]
 [0.96411835 0.73731902 0.55100186 0.55169207 0.46970836 0.42506207
  0.42281171 0.35079676 0.37549651 0.33135851 0.3472403  0.28914869
  0.2759936  0.2743882  0.28036733 0.25727773 0.28136964 0.26832979
  0.24917914 0.26392618 0.25046008 0.2618659  0.2850935  0.22572516
  0.2291439 ]
 [0.99580677 0.84908809 0.54251443 0.54662149 0.53814429 0.52304759
  0.41736416 0.36064001 0.36443376 0.32799556 0.34076508 0.35363242
  0.2782193  0.38062342 0.29680179 0.3150965  0.29063132 0.3213749
  0.26684253 0.32227158 0.28418815 0.27734753 0.25447636 0.28293439
  0.27624408]
 [0.98945727 0.7849272  0.57457261 0.48094661 0.50328509 0.46441383
  0.44684113 0.37895837 0.37558313 0.43401791 0.39521897 0.34239629
  0.31554363 0.32478879 0.35283642 0.30430275 0.33454674 0.33043003
  0.35965623 0.29123797 0.32294388 0.27113722 0.28457552 0.30124375
  0.30946291]
 [0.97455997 0.76894553 0.5919635  0.55634828 0.49874589 0.43037485
  0.45196545 0.41691297 0.35894535 0.39750221 0.37415263 0.33797498
  0.38807405 0.36678959 0.35583268 0.36730777 0.35799436 0.34692547
  0.3352037  0.35533372 0.34931261 0.32309431 0.35337236 0.30596303
  0.32339311]
 [0.9185601  0.63848035 0.54800014 0.48477781 0.46188152 0.41456473
  0.43029735 0.38786352 0.37092987 0.39499483 0.38289952 0.38168006
  0.39488351 0.35932927 0.38990581 0.39273247 0.3459474  0.38948602
  0.35754631 0.35432375 0.36282171 0.39967267 0.38104069 0.3682122
  0.36067528]
 [0.87044125 0.76373318 0.57454679 0.53439497 0.46141797 0.44684373
  0.42421411 0.39366471 0.42976791 0.40088367 0.41495655 0.42759646
  0.39462376 0.39142219 0.38339722 0.39205899 0.39771899 0.38970762
  0.38878475 0.40903892 0.40052081 0.40599081 0.37747765 0.3736384
  0.35930515]
 [0.8550172  0.70711972 0.53840851 0.4974165  0.48583619 0.44744779
  0.42413121 0.4227284  0.4061291  0.39674058 0.41258668 0.42104479
  0.41039607 0.42530014 0.40869231 0.38786448 0.39918505 0.39478002
  0.39775312 0.4153769  0.41360473 0.37451706 0.41830071 0.43591893
  0.38821787]
 [0.83453077 0.58980111 0.56527754 0.48017328 0.45619977 0.4399705
  0.40906943 0.41526385 0.43877652 0.40893621 0.40775091 0.40751361
  0.42412575 0.41911251 0.41488581 0.41454256 0.40138118 0.41783974
  0.42318198 0.41992642 0.43680008 0.42315905 0.41584768 0.42546084
  0.42749478]
 [0.86589331 0.6763918  0.53517562 0.4651046  0.43293703 0.42085766
  0.41682401 0.41815441 0.42615234 0.41325916 0.40291899 0.43075133
  0.43461421 0.41341203 0.40761306 0.42382413 0.42816761 0.42188862
  0.4224039  0.42138236 0.42531789 0.43755371 0.43978707 0.43087646
  0.43774232]
 [0.77403023 0.47559919 0.40745716 0.38059364 0.41239529 0.34975231
  0.38794263 0.37576828 0.35965083 0.36924069 0.32743246 0.34718079
  0.36358346 0.35658711 0.37141603 0.37203035 0.37574313 0.34684658
  0.36120208 0.36298426 0.31465332 0.34827589 0.39365219 0.3542036
  0.37646853]
 [0.58418476 0.45925541 0.3907673  0.37857328 0.35340735 0.32341352
  0.30969727 0.28123681 0.28661336 0.30597191 0.32603972 0.24664943
  0.26559963 0.29623307 0.30740665 0.27147278 0.25917114 0.27760402
  0.29912315 0.26066451 0.27342764 0.25477791 0.25004036 0.26755127
  0.26845826]
 [0.53901175 0.38451135 0.32514733 0.29073514 0.2983259  0.24506423
  0.27696376 0.23082154 0.21594725 0.20121566 0.21716629 0.1976097
  0.20739519 0.17213501 0.18672444 0.16485947 0.19312809 0.24154874
  0.2251079  0.19535299 0.23138911 0.22373358 0.20776542 0.2380598
  0.26816369]
 [0.48473443 0.31227195 0.20349812 0.22003419 0.22625862 0.19856519
  0.14070704 0.14294812 0.14707092 0.15550089 0.09958097 0.12239549
  0.1070365  0.1417478  0.14205515 0.14836632 0.1673059  0.16506503
  0.18445058 0.19691452 0.21730754 0.23197967 0.26987865 0.27367139
  0.27454157]]
