args:  Namespace(attack='fgsm', ndim=10)
test_losses: [[-3.81323982 -5.1086715  -6.04628267 -6.59307101 -7.22529463 -7.47054997
  -7.9453225  -8.27115541 -8.28819241 -8.64523072 -8.78292488 -8.98581112
  -8.93806218 -9.10701026 -9.14383685 -9.32114328 -9.43827487 -9.42055643
  -9.40151933 -9.49189178 -9.54807559 -9.50711148 -9.60240053 -9.62069842
  -9.62596325]
 [-3.73397526 -5.28830021 -5.81213314 -6.46486391 -7.03740972 -7.51111421
  -7.77902804 -8.13660837 -8.34916679 -8.61233675 -8.70424663 -8.90133918
  -9.02350235 -9.10576265 -9.17613805 -9.23685402 -9.29845792 -9.33306083
  -9.41512568 -9.4290129  -9.49176648 -9.47966248 -9.56718469 -9.57882408
  -9.57890095]
 [-3.35745097 -4.91446017 -5.75280697 -6.54141757 -6.97819855 -7.16941901
  -7.70238231 -7.89294697 -8.13812295 -8.34413196 -8.48265522 -8.60549361
  -8.61732784 -8.86450912 -8.86260941 -8.94603694 -9.11988896 -9.06609568
  -9.20017716 -9.22112374 -9.27393373 -9.33839293 -9.34281394 -9.39863025
  -9.41261424]
 [-3.36154738 -4.81436463 -5.56028607 -6.19550052 -6.66454712 -6.96377842
  -7.31155286 -7.4607293  -7.66984392 -7.88255005 -8.03313767 -8.24344539
  -8.32620021 -8.41385435 -8.45343926 -8.66486226 -8.64181902 -8.7305665
  -8.78646774 -8.83455282 -8.90791622 -8.94089717 -8.98425016 -9.09747418
  -9.07103119]
 [-3.7549542  -4.68641233 -5.40848027 -6.13964492 -6.37558377 -6.85329406
  -6.97319571 -7.12550699 -7.31865687 -7.60375224 -7.68145382 -7.69835085
  -7.99348801 -8.14360078 -8.21358556 -8.31053106 -8.34581542 -8.47821634
  -8.47379603 -8.63466816 -8.65110391 -8.61982268 -8.75481115 -8.81587639
  -8.89997457]
 [-3.56862171 -4.97730233 -5.46684621 -6.00346227 -6.34215176 -6.59397462
  -7.00007757 -7.14264475 -7.24339305 -7.42064237 -7.54532585 -7.65532292
  -7.88684468 -7.94267415 -7.98598862 -8.10792837 -8.27773997 -8.21305786
  -8.31421502 -8.45677881 -8.50559187 -8.55888467 -8.64458205 -8.76955907
  -8.73908947]
 [-3.53200878 -4.5818616  -5.26325401 -5.71213098 -6.19907567 -6.48748374
  -6.75457159 -6.97941044 -7.05755064 -7.34032731 -7.45994514 -7.50201739
  -7.80350252 -7.80545269 -7.87404143 -7.90591668 -8.20003315 -8.05763659
  -8.22295898 -8.28266345 -8.3001798  -8.32380947 -8.49730724 -8.54219598
  -8.64367991]
 [-3.6890782  -4.75513155 -5.21540886 -5.84237646 -5.96554049 -6.18623997
  -6.6214155  -6.85576034 -6.99357446 -7.16548616 -7.19453235 -7.36093914
  -7.55262659 -7.61145966 -7.78449472 -7.79678249 -7.93490173 -7.95619823
  -8.05149179 -8.13898458 -8.27709531 -8.1761005  -8.32408959 -8.44310276
  -8.42438021]
 [-3.76201861 -4.41256048 -5.13720267 -5.5772408  -5.97461136 -6.31792256
  -6.3758279  -6.51362184 -6.77945662 -6.83866298 -7.17563857 -7.2655756
  -7.36859952 -7.305009   -7.56813675 -7.5838378  -7.72024813 -7.80423915
  -7.90086198 -7.90447699 -7.95515208 -8.13150552 -8.19021033 -8.36867661
  -8.18371567]
 [-3.51897271 -4.58292666 -5.04997979 -5.72657448 -5.91146961 -6.19128128
  -6.15748916 -6.58578319 -6.46518665 -6.82283419 -6.87250228 -6.92353351
  -7.19985317 -7.26757051 -7.31417935 -7.48184056 -7.51025504 -7.58282004
  -7.58931574 -7.90788553 -7.95342024 -7.87295751 -7.99625968 -8.12572365
  -8.21348619]
 [-3.22986546 -4.40867147 -5.04551638 -5.30243156 -5.74495154 -5.93887346
  -6.21694282 -6.27034388 -6.4180255  -6.53588014 -6.54299127 -6.70300838
  -6.74439153 -6.93066895 -6.98269015 -7.15460957 -7.39466197 -7.42357126
  -7.4412819  -7.47816554 -7.62358773 -7.66857895 -7.72488274 -7.88516695
  -7.94248226]
 [-3.61986853 -4.09801562 -5.19431578 -5.45038313 -5.54289086 -5.66307271
  -5.81032861 -6.26080482 -6.30781881 -6.52004788 -6.53924707 -6.60994647
  -6.71264777 -6.73588884 -6.866402   -6.87416359 -7.05547006 -7.30905246
  -7.20171259 -7.29548596 -7.44116558 -7.48817463 -7.75392591 -7.71681819
  -7.80844836]
 [-3.53597027 -4.50868381 -4.97854518 -5.19036588 -5.48079322 -5.80539374
  -5.78814951 -6.03780014 -6.10419022 -6.207046   -6.27695377 -6.24170262
  -6.37996024 -6.62120995 -6.61279841 -6.72657929 -6.85047965 -7.00349398
  -7.11595736 -7.14399608 -7.21024426 -7.40014588 -7.41754456 -7.42263899
  -7.51100149]
 [-3.29748063 -4.10167356 -4.3675111  -4.44407342 -4.5198175  -4.58351847
  -4.81306761 -4.81848205 -4.9103905  -4.77097019 -4.97072962 -4.91825693
  -4.94483557 -5.00155701 -5.15171221 -5.33388932 -5.38211462 -5.55890839
  -5.77896769 -5.73109615 -5.83876548 -5.97898949 -6.10317589 -6.28992309
  -6.4952134 ]
 [-3.12848504 -3.58095698 -3.81422031 -3.85026582 -3.80902553 -4.12474119
  -3.98354366 -3.87834095 -3.93975973 -4.0498876  -4.17653761 -4.20097717
  -4.13498466 -4.24341917 -4.33137116 -4.55870998 -4.51683948 -4.73285048
  -4.96772835 -5.10652364 -5.2674307  -5.44435877 -5.42168934 -5.63033115
  -5.71614286]
 [-2.8149408  -3.22012465 -3.40705336 -3.22207585 -3.54024112 -3.18889015
  -3.38891928 -3.22260909 -3.12840436 -3.25325375 -3.42769157 -3.46328164
  -3.59125434 -3.95258793 -3.9632249  -4.17976551 -4.26748396 -4.47432869
  -4.57347666 -4.68706544 -4.71243256 -4.81930515 -5.0600561  -5.17856849
  -5.13465246]
 [-2.4395652  -2.70835038 -2.84323365 -2.47090531 -2.43223786 -2.45941656
  -2.44992425 -2.45085488 -2.5062811  -2.71401345 -2.89876363 -3.042082
  -3.24844993 -3.34394301 -3.44082546 -3.58830443 -3.73165386 -3.990153
  -4.13185673 -4.16977028 -4.42081312 -4.42518507 -4.60445479 -4.6179364
  -4.62846678]]
variance: [[8.78057803 7.19105096 6.37810717 5.20625675 4.83081533 4.22697394
  3.19218188 2.570098   2.34815537 2.00123871 1.85170462 1.37588228
  1.39807376 1.11814269 1.10612697 0.77299807 0.51683789 0.55682782
  0.60212572 0.40220835 0.32068552 0.41116736 0.24772944 0.19704575
  0.17483411]
 [8.14297697 6.08346923 5.96766517 4.52278222 4.3296863  3.11596237
  2.86504221 2.67239083 2.23583354 1.83868394 1.4407714  1.36850942
  1.10244678 0.97059958 0.72846539 0.78148304 0.72758754 0.53418537
  0.44540074 0.33933184 0.38460741 0.33110235 0.1766103  0.17616005
  0.22191551]
 [8.19339556 6.19457874 5.18293287 4.38534436 3.3227412  3.32239712
  2.3261588  2.0816714  1.798058   1.53051699 1.58825614 0.95035787
  1.17719542 0.74436676 0.86912604 0.77733299 0.63747637 0.67407339
  0.54444594 0.4390752  0.43016109 0.34963163 0.39688217 0.27061803
  0.24104772]
 [6.41473737 4.65872361 4.00835458 3.15295901 2.9966887  2.36717374
  2.53976846 2.08118257 1.74721505 1.57076566 1.23880534 1.39538106
  1.15686367 1.03849617 1.03118808 0.78650625 0.72391307 0.76084298
  0.74049194 0.72853285 0.62340986 0.55273169 0.54567985 0.45518378
  0.48852795]
 [6.23405628 5.6571714  4.12432003 3.67521568 2.80915185 2.41013063
  2.0630959  2.21273689 1.83392486 1.39118153 1.61028979 1.62183299
  1.34999299 0.93420105 1.24102071 0.8621419  0.95632744 0.85639467
  0.95963357 0.72502898 0.66549979 0.68951138 0.55308807 0.62624886
  0.58352952]
 [5.11406288 4.91559351 3.63334437 4.29012884 2.79001845 2.4224872
  2.37787247 1.91847758 1.72984529 1.64736025 1.69371098 1.44152291
  1.29303268 1.18404492 1.01204663 1.23959881 0.96531644 0.99109148
  0.94558825 0.70221892 0.76980329 0.75304342 0.69760332 0.60144418
  0.58416192]
 [5.74707477 5.01572021 3.88939639 3.46785228 2.5101716  2.6819478
  2.30466806 1.99711829 1.90387508 1.64143787 1.69250818 1.56087369
  1.31959594 1.43957841 1.31311593 1.16512152 0.91121893 1.06515357
  1.01276264 0.91302342 0.94152816 0.88546946 0.72273008 0.69865696
  0.71555101]
 [5.86061252 4.36688693 3.64156137 3.40521913 2.58471985 2.64450416
  2.3638324  2.1129386  2.32063544 1.75844511 1.51357381 1.59533306
  1.32445936 1.23127267 1.33861195 1.43265364 1.06164976 1.21884116
  1.02206772 1.01309491 0.83319998 1.01948372 0.91054077 0.70307295
  0.82859921]
 [6.66688614 4.16318094 3.42312416 3.02978328 2.5334291  2.19063447
  2.28788816 2.11934575 1.80668908 1.6548252  1.54063448 1.56363408
  1.49007132 1.5087311  1.25848066 1.21624154 1.43716215 1.19551007
  1.20693174 1.23079152 1.15871626 0.99453598 1.05388774 0.86629891
  0.86900658]
 [5.72894531 4.00901076 3.29170424 3.02168503 2.78403308 2.25076582
  2.59515226 1.86775969 1.80750448 1.88479355 1.64360588 1.73370909
  1.64665072 1.45915653 1.41459927 1.38405577 1.13857156 1.13400939
  1.27089668 1.02991173 1.09260359 1.17112948 1.02986785 0.91143914
  0.93175613]
 [6.04521513 4.06413597 3.35933193 2.91301495 2.46667633 2.42963159
  2.00580517 2.20589384 1.85145576 1.65532663 1.97817183 1.46113168
  1.68302841 1.92870129 1.47603017 1.44940244 1.33724694 1.24085873
  1.24545768 1.21159209 1.01791771 1.22721274 1.19612822 0.91172027
  0.95734259]
 [5.54609074 4.44610368 3.44428513 2.45703158 2.91456588 2.61673698
  2.07940634 1.81488852 2.02530375 1.80669178 1.74428088 1.92382816
  1.82324449 1.77227466 1.52589467 1.69393898 1.55592687 1.33194661
  1.44851537 1.37456773 1.25262957 1.43805459 1.14485672 1.00331565
  1.02231071]
 [6.22260541 3.78506526 3.10233423 2.43643466 2.40717458 2.1807174
  2.39894819 2.10943349 1.89522315 1.85878168 1.88281325 1.81749173
  1.92383057 1.63359631 1.8840936  1.70254852 1.64830355 1.63574605
  1.56196446 1.44390671 1.35362851 1.33044879 1.13866757 1.19838144
  1.21842677]
 [4.59710739 3.50211603 2.87991452 2.63934208 2.06718815 2.47990717
  2.16354641 2.13727436 2.06078309 2.19231757 2.07320138 2.13255735
  1.98840384 2.28925461 1.83665428 1.9448348  1.71695562 1.57721464
  1.41820088 1.34395191 1.54185448 1.40473725 1.43947926 1.20868941
  1.36305211]
 [4.84866827 3.08071333 2.50737721 2.0918527  2.07241344 2.35829074
  1.87126607 2.18655815 2.0074725  2.08799471 1.80783841 1.84308362
  1.53422918 1.65872423 1.53848064 1.47064252 1.26400631 1.24358026
  1.39158853 1.43339547 1.46755383 1.61859851 1.61560201 1.6050437
  1.41641144]
 [3.75481316 2.6000153  2.19793703 2.08664688 2.12415032 2.07004972
  1.95469168 1.86628717 1.35994264 1.40159048 1.47790791 1.23164889
  1.26197508 1.2831185  1.15960525 1.14159361 1.19526358 1.25174264
  1.28588562 1.3022167  1.34769915 1.44988905 1.63294753 1.66620175
  1.61131367]
 [2.78789442 2.4648779  1.80646129 1.79098634 1.47116724 1.27266489
  0.99914392 0.91855162 0.78284012 0.82553937 0.79758996 0.97575925
  0.9275022  0.95169481 1.01122149 0.95852594 1.05550214 1.27235838
  1.31905997 1.42692101 1.25273341 1.38590777 1.45282219 1.63240396
  1.34893112]]
