args:  Namespace(attack='fgsm', gaussian=False, l2=0, ndim=10)
elapsed time: 3495.929220336
test_losses: [[0.00315648 0.00299789 0.00267101 0.00244238 0.00231723 0.00228819
  0.00214335 0.00205326 0.00198662 0.00198961 0.00188368 0.00185922
  0.00185483 0.00180249 0.00181737 0.00180548 0.00167324 0.00165977
  0.00171789 0.0016644  0.00165101 0.00157684 0.00159051 0.00159789
  0.00155945 0.00160414 0.00157857 0.00156654 0.0016082  0.00155595]
 [0.00937232 0.0051836  0.00399976 0.00348783 0.00307222 0.00281226
  0.00255312 0.00229367 0.00220114 0.00205164 0.00192422 0.00171121
  0.00177808 0.00168445 0.00157042 0.00135717 0.0014778  0.00131303
  0.0014028  0.0012997  0.00125928 0.0011761  0.00112972 0.00118801
  0.00115102 0.00116999 0.00108031 0.00116107 0.00105456 0.00101376]
 [0.04982181 0.03730391 0.02835658 0.02181157 0.01746227 0.01477383
  0.01220065 0.01091803 0.00932702 0.00801385 0.00683816 0.00589219
  0.00545388 0.00500079 0.00442672 0.00447505 0.00388282 0.0035715
  0.00343008 0.00305333 0.00297204 0.00278865 0.00268005 0.00253704
  0.00224753 0.00245001 0.00216522 0.00218566 0.00191939 0.00184589]
 [0.06808419 0.05587141 0.04858217 0.04149149 0.03476633 0.03016158
  0.02794214 0.02358223 0.02064662 0.01754651 0.01640474 0.01523825
  0.0122021  0.01213314 0.01140639 0.00991095 0.00949977 0.009015
  0.00910356 0.00755252 0.00701493 0.00659862 0.00629225 0.00571136
  0.00542464 0.00510008 0.00501361 0.00454322 0.00497615 0.00446813]
 [0.12386628 0.12072407 0.10281868 0.09224234 0.08630098 0.07657883
  0.06542306 0.06039388 0.05624443 0.05299442 0.05230636 0.05057557
  0.04979569 0.0487509  0.04878612 0.04734451 0.04709516 0.04840303
  0.04708229 0.0475497  0.04690045 0.04681481 0.04720716 0.04787908
  0.0476303  0.04677169 0.04629635 0.04790168 0.04628151 0.04636566]
 [0.13443607 0.11108457 0.08018485 0.07085754 0.06355744 0.05605203
  0.05754757 0.05436175 0.0515045  0.05366456 0.05206304 0.05177456
  0.05167999 0.05131571 0.05105492 0.05132788 0.05112826 0.0513442
  0.05132932 0.05164163 0.05184174 0.05194876 0.05157804 0.05120959
  0.05174232 0.05211057 0.05129447 0.05145275 0.05177702 0.05044714]
 [0.10531413 0.07506461 0.0687309  0.06502379 0.06420849 0.06436044
  0.06445012 0.06342566 0.0636143  0.06334803 0.06277195 0.06269352
  0.06209125 0.06280968 0.06242182 0.06216717 0.06225639 0.06190612
  0.06142947 0.0615198  0.06191054 0.0611501  0.06126364 0.06125595
  0.06096279 0.06068928 0.06069068 0.06127506 0.06149373 0.06072021]
 [0.08555613 0.07643419 0.07734763 0.07834282 0.07753457 0.07836632
  0.07855001 0.07898033 0.08014139 0.07954549 0.07943929 0.08020849
  0.08115007 0.08077496 0.0809212  0.08046064 0.08039828 0.0808609
  0.08209199 0.08171858 0.08150114 0.08191916 0.08215672 0.08224503
  0.08169013 0.08197951 0.08192856 0.08260975 0.08254292 0.08268505]]
variance: [[1.02583752e-06 1.08142350e-06 1.03021256e-06 7.83752996e-07
  8.27286129e-07 6.97392613e-07 6.60264829e-07 6.05410246e-07
  7.09418492e-07 7.01013256e-07 5.82696862e-07 5.59201553e-07
  5.57389096e-07 6.02064606e-07 5.82328960e-07 5.43725887e-07
  5.19057310e-07 4.07649202e-07 4.26253930e-07 4.52322143e-07
  3.73508754e-07 4.04435539e-07 4.10532312e-07 3.72959112e-07
  3.78036139e-07 4.25037295e-07 4.06735805e-07 4.00711562e-07
  3.90269754e-07 3.04477550e-07]
 [3.83668284e-05 7.76348469e-06 3.71477689e-06 2.26411456e-06
  1.79776105e-06 1.59777411e-06 1.25910907e-06 1.12028445e-06
  8.31207007e-07 9.36493519e-07 9.56337547e-07 7.43194438e-07
  8.46600396e-07 9.55159816e-07 6.78455939e-07 5.71199357e-07
  7.55922461e-07 5.92361551e-07 7.67960895e-07 6.27286665e-07
  7.68462755e-07 4.96751958e-07 4.66035866e-07 5.95092486e-07
  5.66285865e-07 6.17413277e-07 5.52931037e-07 7.77226190e-07
  5.12073190e-07 5.54652437e-07]
 [2.11290324e-04 1.81566709e-04 1.34995645e-04 1.07243068e-04
  8.23001056e-05 6.20437740e-05 4.53172820e-05 4.35472272e-05
  3.37669697e-05 2.35852367e-05 1.79802744e-05 1.34499022e-05
  1.15640201e-05 1.28251291e-05 8.25004352e-06 7.82750386e-06
  6.02581768e-06 5.29861624e-06 4.98390260e-06 4.21401846e-06
  3.58116955e-06 2.79890480e-06 3.34514019e-06 2.35364722e-06
  2.02556139e-06 2.18534384e-06 2.12161702e-06 2.07567213e-06
  1.31091132e-06 9.99196437e-07]
 [3.27061542e-04 3.09482978e-04 2.52117509e-04 2.76600226e-04
  1.87591381e-04 1.51624125e-04 1.31076882e-04 1.13873433e-04
  1.08516977e-04 9.59437963e-05 9.81015470e-05 7.49085948e-05
  4.99979193e-05 5.03184336e-05 4.61868090e-05 3.48910058e-05
  3.71056762e-05 3.49428628e-05 3.45330463e-05 2.32221134e-05
  1.76078807e-05 2.12491739e-05 1.66168993e-05 1.31167041e-05
  1.23875329e-05 1.01875301e-05 1.15334666e-05 8.04663206e-06
  1.15631795e-05 8.56544936e-06]
 [2.32012556e-03 2.71874720e-03 2.65673545e-03 2.47604544e-03
  2.27893197e-03 1.93496692e-03 1.01521076e-03 8.71697135e-04
  5.00116951e-04 4.36795689e-04 4.78680215e-04 2.67507813e-04
  2.19423066e-04 1.45744943e-04 1.37403551e-04 9.94887739e-05
  1.02714790e-04 1.25382891e-04 7.45633802e-05 1.09144764e-04
  6.73013816e-05 5.60601873e-05 8.87214700e-05 1.05366530e-04
  4.78933358e-05 5.28545937e-05 4.60129496e-05 7.16201293e-05
  4.67954683e-05 4.85188867e-05]
 [3.39788120e-03 4.28783762e-03 2.57867695e-03 2.04598299e-03
  1.18020881e-03 5.29421449e-04 8.53374464e-04 3.08334649e-04
  7.24922624e-05 4.09977853e-04 9.26181301e-05 1.03875042e-04
  9.68985041e-05 4.48722794e-05 5.60823977e-05 5.69433582e-05
  5.04268345e-05 5.31126268e-05 4.61297111e-05 4.94076782e-05
  5.06003011e-05 5.01997984e-05 4.98928561e-05 5.09122188e-05
  5.14172697e-05 5.30021722e-05 5.87983453e-05 5.12792875e-05
  4.78996756e-05 4.20998634e-05]
 [3.98256100e-03 1.54191757e-03 5.81501238e-04 8.53746981e-05
  5.24720240e-05 6.32705317e-05 5.33635184e-05 5.21375754e-05
  5.00284937e-05 4.87829074e-05 4.82790866e-05 4.63211875e-05
  4.46515903e-05 9.78143484e-05 4.24810792e-05 4.43318376e-05
  4.76539384e-05 4.55513679e-05 4.71385641e-05 3.89012391e-05
  4.45733135e-05 3.95028586e-05 3.64145945e-05 3.87744660e-05
  3.74202090e-05 2.98679921e-05 4.11235689e-05 3.69385517e-05
  3.25714030e-05 3.91270585e-05]
 [1.27983799e-03 1.28298079e-04 4.91925285e-05 5.20002389e-05
  5.34564577e-05 4.31444458e-05 4.67840353e-05 4.63236548e-05
  4.41110237e-05 3.53452385e-05 3.47035240e-05 3.61496914e-05
  3.18359629e-05 3.73812837e-05 3.93195304e-05 3.14377644e-05
  3.26672354e-05 3.94913992e-05 3.53782798e-05 3.26165447e-05
  3.66427613e-05 3.71402013e-05 3.24194071e-05 3.59700996e-05
  3.55590905e-05 3.28780143e-05 3.26918278e-05 2.99429635e-05
  3.07988608e-05 3.31301698e-05]]
