args:  Namespace(attack='fgsm', gaussian=False, l2=0.5, ndim=1)
elapsed time: 1271.328657063
mins: [[1.92522293e-07 1.19375100e-03 1.75630953e-03 2.54859310e-03
  7.65287314e-06 5.73995300e-02 5.06523284e-05 2.91301333e-03
  8.71907221e-04 3.30073759e-02 2.78959218e-02 3.93856503e-03
  4.32123095e-02 3.96535508e-02 7.59858266e-02 9.47413908e-04
  1.06252974e-03 3.69338988e-04 2.43769915e-04 1.96421817e-02
  6.90515280e-01 7.17374906e-02 1.24917948e-04 5.15588671e-02
  5.36913835e-02 7.68685117e-02 2.78446406e-01 5.59870945e-03
  4.31728782e-04 7.67728016e-02]
 [1.86648867e-05 1.49113053e-04 6.38862548e-05 4.06555412e-03
  2.35902835e-02 6.86636622e-06 5.31167015e-02 3.02759768e-03
  4.92434674e-06 8.79654139e-02 6.77949633e-04 2.71385331e-02
  9.53726750e-03 4.80060093e-02 8.84665269e-03 4.32455838e-02
  5.07120043e-02 2.14596987e-02 1.27452565e-03 1.33886598e-02
  1.29460126e-01 3.57806385e-02 4.11456637e-03 5.64069813e-03
  1.19309291e-01 1.17686763e-02 3.89101990e-02 8.41027498e-03
  2.09799241e-02 7.78797790e-02]
 [2.87960371e-04 3.91737296e-04 6.88157452e-04 1.54362539e-07
  4.65090212e-04 2.90720258e-03 9.68462409e-05 9.91867762e-03
  1.75366434e-03 1.70661006e-02 3.20943482e-02 7.70872412e-03
  6.68502798e-06 1.50933787e-02 1.17800646e-02 9.62567702e-03
  5.93777150e-02 1.24196634e-02 6.36742637e-02 2.29910528e-03
  1.46247655e-01 5.39362314e-04 4.42326441e-03 3.89058925e-02
  5.56248277e-02 3.50000075e-04 5.56786120e-01 3.51520404e-02
  9.50456504e-03 2.24779114e-01]
 [4.88677506e-06 3.44939413e-04 2.56729103e-03 3.69327888e-02
  1.92737032e-03 7.07138330e-02 2.96262857e-02 3.70100071e-03
  4.02525213e-04 1.24292783e-04 2.16296073e-02 3.01488955e-02
  1.07770320e-05 1.86324846e-02 1.18822756e-03 1.19912118e-01
  4.90321218e-05 1.25261217e-01 1.92517153e-04 5.80919720e-03
  5.19697145e-02 2.56026443e-03 1.08766389e+00 7.32045844e-02
  8.81249681e-02 1.10725060e-01 1.80252224e-01 1.58160776e-02
  4.26635239e-03 1.79021668e+00]
 [3.04860436e-07 2.44653274e-05 3.16958758e-05 6.74285257e-05
  3.48639180e-04 5.11983933e-04 1.86735226e-04 4.43026947e-05
  2.22377516e-02 3.96468723e-03 3.37252468e-02 3.65506239e-05
  2.29537766e-02 2.87754126e-02 2.37648546e-05 1.14337052e-03
  8.38655513e-03 7.05712708e-04 7.15554208e-02 1.62793547e-01
  3.31427087e-03 1.29460663e-01 1.50407150e-01 9.57813871e-04
  1.50242615e-02 1.10274628e-02 6.67381510e-02 5.04464246e-02
  4.73965891e-04 2.12031486e-03]
 [2.48580563e-05 4.21994400e-06 6.86788262e-05 4.81306131e-07
  1.87534699e-03 2.58629967e-04 7.23609628e-06 5.12595871e-04
  9.54914663e-04 5.10612968e-04 2.29003708e-04 1.58964147e-04
  5.73385405e-05 1.53758842e-03 3.42868188e-05 3.59646347e-03
  1.43336877e-03 4.00068760e-02 2.30600759e-02 3.46208108e-04
  4.81334515e-04 1.58364072e-01 1.44058838e-01 1.20530103e-03
  5.74651659e-02 6.78878948e-02 1.01180442e-01 4.44842465e-02
  4.49854619e-04 3.96315306e-02]
 [7.43716157e-07 6.24180902e-05 9.53674295e-09 6.58255522e-05
  2.87334621e-03 5.58688771e-04 1.25124803e-04 7.81823415e-04
  5.05137257e-03 1.30926888e-03 1.19846920e-03 9.23941261e-04
  2.79824133e-03 2.06077155e-02 1.58577132e-05 1.22438840e-04
  1.22429430e-03 1.50489891e-02 9.63970844e-04 2.99089905e-02
  1.15573552e-04 6.99636787e-02 4.85260854e-04 4.17814264e-03
  6.30251914e-02 3.79651133e-03 6.41176151e-03 1.12991259e-02
  2.95116417e-02 4.97054718e-02]
 [1.10439752e-04 1.84650451e-03 8.44958297e-04 1.26986217e-03
  1.97727010e-02 1.35739455e-02 5.15499758e-03 1.16354158e-05
  6.48727728e-05 2.31754761e-02 2.10753940e-02 8.14664672e-05
  2.19926774e-03 5.14201121e-04 4.09740210e-03 1.78445980e-03
  7.81521946e-03 6.31684018e-03 3.20145307e-04 1.95892458e-03
  4.03398229e-03 1.17095802e-02 1.73193067e-02 3.27688968e-03
  1.78874768e-02 9.26923081e-02 3.63806752e-03 8.47422751e-04
  1.14046002e-03 2.23820269e-01]]
maxs: [[1.04376816e+02 3.10764618e+02 3.90622375e+02 5.37445068e+02
  5.81765869e+02 1.42401624e+03 1.22112048e+03 1.62254541e+03
  1.95741223e+03 2.10905664e+03 3.04652661e+03 2.28046948e+03
  5.52031494e+03 4.51112598e+03 5.13454980e+03 5.16081396e+03
  6.98426855e+03 6.36798926e+03 6.86900977e+03 8.08228125e+03
  9.13070508e+03 8.87870117e+03 1.26563164e+04 9.17112207e+03
  1.16576816e+04 1.11131777e+04 1.29865527e+04 1.35326016e+04
  1.34394688e+04 1.23676641e+04]
 [1.60798431e+02 5.23999756e+02 4.04201050e+02 4.54937653e+02
  7.80813049e+02 1.42519128e+03 2.25425244e+03 1.76656677e+03
  2.43050537e+03 2.45535010e+03 2.98085474e+03 3.25998755e+03
  4.01820557e+03 4.99560449e+03 5.22266016e+03 7.28668896e+03
  6.24544434e+03 8.18518555e+03 9.06812109e+03 7.90466211e+03
  9.39093945e+03 1.12928428e+04 1.03063086e+04 1.35922129e+04
  1.13077051e+04 1.37599258e+04 1.26078691e+04 1.84459434e+04
  1.68322461e+04 2.06001445e+04]
 [1.31341858e+02 3.34729218e+02 4.77382690e+02 7.40510986e+02
  1.33202661e+03 2.66542090e+03 2.65723804e+03 3.60324902e+03
  3.45256152e+03 5.36002246e+03 4.76769775e+03 5.72634814e+03
  6.53332520e+03 5.98231055e+03 6.99385449e+03 7.36307666e+03
  8.24026855e+03 1.44345303e+04 1.31194824e+04 1.46038613e+04
  1.41252959e+04 1.23478604e+04 1.62977451e+04 1.39300391e+04
  1.56613125e+04 1.64466855e+04 2.12809453e+04 2.07514043e+04
  3.47835859e+04 3.31220508e+04]
 [2.54910522e+02 4.96261566e+02 7.32489075e+02 1.04818884e+03
  1.73050342e+03 1.81677222e+03 2.26173291e+03 4.86534326e+03
  4.44290771e+03 4.61151514e+03 5.76944629e+03 7.55954053e+03
  6.58745459e+03 1.00405928e+04 9.81882520e+03 1.01154385e+04
  1.32398477e+04 1.20574639e+04 1.61296260e+04 1.47853428e+04
  1.45321680e+04 1.81789199e+04 2.07284453e+04 2.39535430e+04
  2.22749277e+04 2.84747773e+04 2.41218828e+04 3.01128398e+04
  3.24352344e+04 2.75254746e+04]
 [3.43794067e+02 8.06018616e+02 1.15381299e+03 1.96887769e+03
  2.50959497e+03 3.45700708e+03 5.07291553e+03 5.79423145e+03
  7.19502832e+03 6.49655566e+03 1.19402461e+04 1.05248691e+04
  1.34046787e+04 1.44810723e+04 1.69817734e+04 1.38652090e+04
  1.72450371e+04 2.28111895e+04 2.26611094e+04 2.60260469e+04
  2.79539043e+04 3.18774043e+04 3.59905391e+04 3.71916680e+04
  3.66902539e+04 3.95945312e+04 3.97131758e+04 4.19613789e+04
  5.33722891e+04 4.96996914e+04]
 [1.26170876e+02 4.87809723e+02 1.12898315e+03 1.62654517e+03
  2.71335181e+03 4.05193091e+03 4.61665186e+03 5.99303760e+03
  7.54232422e+03 9.54962012e+03 8.66514844e+03 1.00047041e+04
  1.34751377e+04 1.66526934e+04 1.65677031e+04 2.12285566e+04
  2.19433770e+04 2.68714727e+04 3.51022383e+04 2.86177266e+04
  3.34187383e+04 3.88659414e+04 3.74480039e+04 3.63914570e+04
  4.33878555e+04 4.86835898e+04 5.88344688e+04 5.47649453e+04
  5.37114883e+04 5.99262266e+04]
 [2.36084518e+02 8.20074463e+02 1.27653772e+03 2.32343359e+03
  3.49930371e+03 5.10906836e+03 6.30017041e+03 7.32790137e+03
  7.62018799e+03 1.17122861e+04 1.12939551e+04 1.55076641e+04
  2.31797402e+04 2.58112148e+04 2.73215527e+04 2.49455527e+04
  3.42297812e+04 3.78532109e+04 3.82355508e+04 3.91678867e+04
  3.89190938e+04 4.96816250e+04 4.73672109e+04 5.46209492e+04
  6.56082031e+04 6.60467656e+04 7.12429609e+04 8.29404297e+04
  1.04318281e+05 8.91031016e+04]
 [4.24955933e+02 1.06129822e+03 2.07237964e+03 3.63706616e+03
  4.47993604e+03 6.41825293e+03 1.14159814e+04 8.56302930e+03
  1.21417002e+04 1.25088691e+04 1.88016328e+04 1.98871074e+04
  2.82485391e+04 2.35672441e+04 3.03467852e+04 3.81122969e+04
  3.62006484e+04 3.83700039e+04 5.13539531e+04 5.85490664e+04
  7.56465156e+04 6.45910469e+04 7.07259766e+04 8.12866172e+04
  7.84421953e+04 8.48434375e+04 9.97080469e+04 1.17432867e+05
  1.20819508e+05 1.08833352e+05]]
test_losses: [[5.27906209e+00 1.86055030e+01 3.53462690e+01 6.79419809e+01
  9.19603514e+01 1.58610360e+02 1.90196106e+02 2.67147360e+02
  3.15362364e+02 3.44737217e+02 4.36544012e+02 5.30810655e+02
  6.43909376e+02 7.54325819e+02 7.56193032e+02 9.16432403e+02
  1.09639334e+03 1.23842209e+03 1.35862055e+03 1.49342865e+03
  1.71056033e+03 1.66475134e+03 2.10245557e+03 2.24616236e+03
  2.28244319e+03 2.19000540e+03 2.89466224e+03 2.98366753e+03
  3.16443034e+03 3.08138792e+03]
 [6.67494571e+00 2.21379091e+01 4.00647417e+01 6.63956447e+01
  1.06373228e+02 1.44839452e+02 2.28324374e+02 3.11507614e+02
  3.68233593e+02 4.72532714e+02 5.23677778e+02 6.80758012e+02
  7.26055781e+02 9.70859829e+02 9.76601089e+02 1.22782247e+03
  1.25202519e+03 1.53040219e+03 1.52520301e+03 1.95305769e+03
  1.87737828e+03 2.00255866e+03 2.32980498e+03 2.55273651e+03
  2.77857575e+03 2.86767332e+03 2.89377830e+03 3.36496275e+03
  3.63997898e+03 3.71011946e+03]
 [8.46094727e+00 2.67786678e+01 5.22230185e+01 8.84295589e+01
  1.46595920e+02 1.99207350e+02 2.79734453e+02 3.82845188e+02
  5.06781869e+02 5.98491209e+02 7.66757811e+02 9.09012832e+02
  1.04099541e+03 1.27281238e+03 1.19425790e+03 1.42920764e+03
  1.66456049e+03 1.94350360e+03 2.39317346e+03 2.22256419e+03
  2.55048658e+03 2.96418634e+03 3.06835152e+03 2.81533963e+03
  3.77197332e+03 3.50825676e+03 4.37149449e+03 4.74751435e+03
  5.12987828e+03 5.84852937e+03]
 [8.72080704e+00 3.39122496e+01 5.69544850e+01 1.19876938e+02
  1.72914677e+02 2.57736155e+02 3.75276240e+02 4.76968273e+02
  6.36035230e+02 7.27865169e+02 8.48094077e+02 1.00806006e+03
  1.20183412e+03 1.46788919e+03 1.71625498e+03 1.83363122e+03
  2.14338389e+03 2.13669074e+03 2.85109554e+03 2.73992519e+03
  3.07110035e+03 3.10323493e+03 4.24262915e+03 4.57862441e+03
  4.56334562e+03 4.82102644e+03 4.34569578e+03 5.75806316e+03
  5.44016570e+03 6.10149175e+03]
 [1.49387117e+01 5.59246529e+01 1.00838093e+02 2.08569417e+02
  3.53582025e+02 4.68326684e+02 6.64514999e+02 7.84973590e+02
  9.20331835e+02 1.19004187e+03 1.43662611e+03 1.79590598e+03
  2.01770438e+03 2.22239356e+03 2.55962809e+03 2.62314928e+03
  3.18455759e+03 4.10102561e+03 4.43374893e+03 4.90916414e+03
  5.73533244e+03 5.74158558e+03 6.23352647e+03 7.15972546e+03
  6.51333304e+03 8.96870887e+03 9.58632867e+03 9.47288768e+03
  1.00196868e+04 1.06737841e+04]
 [1.60543137e+01 6.07664985e+01 1.20769389e+02 2.14803044e+02
  3.58845084e+02 5.37786466e+02 7.50698411e+02 9.91633254e+02
  1.26654290e+03 1.47799700e+03 1.77928901e+03 1.75627705e+03
  2.01635524e+03 2.88289411e+03 3.16492378e+03 3.69900404e+03
  4.27551054e+03 4.56488524e+03 5.32818128e+03 6.22501342e+03
  6.54523288e+03 7.87302210e+03 7.41767983e+03 8.58673661e+03
  8.37259218e+03 9.15906645e+03 9.58233815e+03 1.11834025e+04
  1.13982260e+04 1.16813814e+04]
 [2.13005154e+01 9.16293753e+01 1.66020739e+02 3.02989221e+02
  5.19233192e+02 7.39910005e+02 9.55044181e+02 1.17949596e+03
  1.34498938e+03 2.02796036e+03 2.35823893e+03 2.75532583e+03
  3.46639644e+03 3.39931077e+03 4.23428821e+03 4.53413457e+03
  5.78861521e+03 6.30144002e+03 6.85884317e+03 6.76871226e+03
  7.01646994e+03 8.41685025e+03 9.73797003e+03 1.00154422e+04
  1.22312791e+04 1.39816505e+04 1.38101979e+04 1.51046669e+04
  1.71737842e+04 1.67784794e+04]
 [2.51968856e+01 1.19459119e+02 2.54536225e+02 4.90718754e+02
  6.44752491e+02 8.79977701e+02 1.39484422e+03 1.95535907e+03
  2.07445866e+03 2.43575211e+03 2.71755133e+03 3.36406191e+03
  4.60949833e+03 4.70070321e+03 5.66647353e+03 7.40304751e+03
  7.18342270e+03 8.78155834e+03 9.33127299e+03 9.76357239e+03
  1.19421452e+04 1.43708225e+04 1.26732501e+04 1.64778650e+04
  1.84396817e+04 1.61727939e+04 1.89990881e+04 1.89350985e+04
  2.04180062e+04 2.23454100e+04]]
