args:  Namespace(attack='pgd', gaussian=False, l2=0, ndim=10)
elapsed time: 26751.804628333
test_losses: [[0.08427619 0.08379913 0.07864864 0.06844474 0.06796455 0.05354061
  0.04888267 0.04793986 0.04897191 0.05134003 0.04200839 0.04065782
  0.03505053 0.03205433 0.0335315  0.03740743 0.03815858 0.04609376
  0.04820634 0.04397217 0.04377938 0.04121243 0.0386336  0.0393436
  0.03964682 0.04150649 0.0386848  0.03801021 0.03702052 0.03412159]
 [0.00786342 0.00751758 0.0075212  0.00739858 0.00749803 0.00746596
  0.00745504 0.00738413 0.00741146 0.00741493 0.00748175 0.0074268
  0.00732801 0.00754546 0.00745652 0.00735375 0.00733604 0.00746212
  0.00750384 0.00732611 0.00739448 0.00742207 0.00747358 0.00737777
  0.00732395 0.0074276  0.0075251  0.00741656 0.00738715 0.00746304]
 [0.01686768 0.00958855 0.00875107 0.00771487 0.00739316 0.00723116
  0.00734941 0.00725064 0.0070464  0.00711338 0.0071916  0.00728301
  0.00713715 0.00713002 0.00715696 0.00722216 0.00715712 0.00706195
  0.00704866 0.00716328 0.00695684 0.00724759 0.00701089 0.007046
  0.00700968 0.00714081 0.00692543 0.00696434 0.00717127 0.00698357]
 [0.03020573 0.0256268  0.02220162 0.01821734 0.0142434  0.01229836
  0.01119139 0.01005205 0.0103848  0.00943018 0.00971504 0.00995884
  0.00921375 0.00927066 0.00932434 0.00894678 0.0094499  0.00961147
  0.00921302 0.00911263 0.00931711 0.00882276 0.00928441 0.00912909
  0.00914459 0.00924201 0.00927479 0.00918417 0.00906037 0.00900228]
 [0.09045405 0.08399294 0.08469509 0.08455134 0.08502936 0.08550895
  0.0864231  0.0855888  0.08681861 0.08681126 0.08743242 0.08750796
  0.08722963 0.08712464 0.08779239 0.08747184 0.08762539 0.08789464
  0.08764467 0.08813022 0.08791593 0.08858293 0.08848549 0.08822692
  0.08865414 0.08852945 0.08855097 0.08818445 0.08884486 0.08850428]
 [0.09213943 0.08740102 0.08888436 0.0904264  0.0903934  0.09147406
  0.09135771 0.09169767 0.09229402 0.0920653  0.09217018 0.0915808
  0.09278773 0.09205362 0.09298013 0.09293815 0.09265033 0.09309875
  0.09345047 0.09277514 0.09357852 0.0934982  0.09347599 0.09337002
  0.09314653 0.09377877 0.09356193 0.09376281 0.09396268 0.09334861]
 [0.09420877 0.09546164 0.09687912 0.09739012 0.09770271 0.09759657
  0.09779579 0.09796588 0.09776672 0.09801454 0.09798979 0.09791835
  0.09783445 0.09798998 0.09799304 0.09816383 0.0979211  0.09790684
  0.09800516 0.09786988 0.09793588 0.0978952  0.09796459 0.09805577
  0.09806592 0.09781043 0.09792824 0.09816116 0.09789622 0.09798409]
 [0.09769236 0.09860113 0.0987797  0.09880874 0.09877694 0.0987815
  0.09874871 0.09877906 0.09877441 0.09866953 0.09878556 0.09871084
  0.09864666 0.09869184 0.09872711 0.09866793 0.09870172 0.09868247
  0.09869557 0.09867886 0.09871196 0.09871593 0.09864918 0.09865666
  0.09871619 0.09875543 0.09873601 0.09869055 0.09872525 0.0987409 ]]
variance: [[1.14755656e-04 1.08797697e-04 2.96994472e-04 6.46715432e-04
  7.90289488e-04 1.02503081e-03 1.07514897e-03 1.03101441e-03
  1.01803732e-03 1.02719675e-03 9.95757275e-04 9.80704814e-04
  9.52075511e-04 8.84173404e-04 9.29583985e-04 9.97616483e-04
  1.08457701e-03 1.16037203e-03 1.02981029e-03 1.06311648e-03
  1.06338824e-03 1.09605575e-03 9.67861174e-04 1.02914955e-03
  1.04282727e-03 1.12289000e-03 1.01288670e-03 1.01992451e-03
  1.01836349e-03 9.15337921e-04]
 [5.71738945e-06 1.84607085e-06 1.48561362e-06 1.51225141e-06
  1.61605428e-06 1.46924290e-06 1.45551551e-06 1.23136549e-06
  1.37960954e-06 1.35644664e-06 1.20934231e-06 1.12118536e-06
  1.21876652e-06 1.47456722e-06 1.35106550e-06 1.31059367e-06
  1.33812994e-06 1.29564857e-06 1.35036157e-06 1.32405308e-06
  1.19803916e-06 1.25054227e-06 1.27167921e-06 1.31727597e-06
  1.28891223e-06 1.14875014e-06 1.04152872e-06 1.32408526e-06
  1.33515228e-06 1.13778735e-06]
 [6.93954314e-05 1.30168805e-05 1.78851556e-05 3.32810651e-06
  3.50360652e-06 3.47511255e-06 2.74304235e-06 2.66514781e-06
  3.48181392e-06 3.12004916e-06 2.96462174e-06 3.07823116e-06
  2.87434515e-06 2.56451068e-06 2.67096320e-06 2.34031516e-06
  2.42353943e-06 2.65431237e-06 2.42221328e-06 2.38472404e-06
  2.50777886e-06 2.59351600e-06 2.74653548e-06 2.76223178e-06
  2.43562735e-06 2.60741037e-06 2.36199950e-06 2.23378017e-06
  2.19042966e-06 2.10124899e-06]
 [1.93660855e-04 4.93670741e-04 4.51591702e-04 3.59475619e-04
  1.86043567e-04 1.17914889e-04 9.01929030e-05 3.41275827e-05
  6.41327617e-05 5.93268521e-06 2.08586971e-05 4.04448668e-05
  5.46851394e-06 6.42286689e-06 4.23178813e-06 5.12269017e-06
  4.62761734e-06 1.54259309e-05 4.79411283e-06 4.45921427e-06
  4.62230391e-06 4.91729420e-06 4.18194241e-06 4.98398469e-06
  5.32628555e-06 4.14062146e-06 3.60949839e-06 4.83393374e-06
  4.45938575e-06 4.87319864e-06]
 [3.92589494e-04 3.73949910e-05 3.64900950e-05 2.72557090e-05
  2.72346547e-05 2.70885489e-05 3.06356210e-05 2.94653612e-05
  2.87801356e-05 2.59586734e-05 2.51779793e-05 3.13461756e-05
  2.64026908e-05 2.87816438e-05 2.46370806e-05 2.49232204e-05
  2.17101812e-05 1.87227422e-05 2.37950198e-05 2.66310454e-05
  2.26969783e-05 2.23857355e-05 2.10604876e-05 2.38652534e-05
  2.08765880e-05 2.50803698e-05 2.14537372e-05 2.13967781e-05
  2.16389934e-05 1.94163656e-05]
 [2.06461517e-04 3.24465790e-05 2.98540729e-05 2.98040973e-05
  3.04636634e-05 2.62400351e-05 2.83845806e-05 2.42266440e-05
  2.15718109e-05 2.63783564e-05 2.57666100e-05 2.49019738e-05
  2.45198114e-05 2.59953193e-05 1.98327142e-05 2.34599589e-05
  2.18615832e-05 2.24666677e-05 1.95049985e-05 2.12821215e-05
  2.00739315e-05 1.85239629e-05 2.19329343e-05 2.24917396e-05
  2.10528702e-05 2.05087921e-05 1.92838543e-05 1.81197095e-05
  1.76684381e-05 2.05727214e-05]
 [3.79821917e-05 2.36536347e-05 1.21108977e-05 9.17896460e-06
  3.89982953e-06 6.60618174e-06 3.04896373e-06 2.24871698e-06
  3.27065179e-06 2.33071311e-06 1.69016277e-06 1.57054238e-06
  1.97337357e-06 1.99634610e-06 1.78971271e-06 1.03775934e-06
  1.55974187e-06 1.65100712e-06 1.34688395e-06 1.31230791e-06
  1.27564768e-06 2.00620687e-06 2.13235351e-06 8.30620061e-07
  1.07827968e-06 2.11931169e-06 1.67970527e-06 1.30762912e-06
  1.18655196e-06 8.81741703e-07]
 [1.34888089e-05 3.98283282e-06 2.06675738e-06 8.99936069e-07
  6.85500713e-07 7.67869442e-07 7.25739883e-07 7.25479687e-07
  7.07168395e-07 9.18236677e-07 6.68107105e-07 1.00001043e-06
  1.53712926e-06 1.10834555e-06 9.53952961e-07 5.87190235e-07
  7.67649575e-07 7.05706017e-07 8.11939732e-07 8.51604775e-07
  7.68949770e-07 7.49409306e-07 6.65341695e-07 7.50179913e-07
  9.66081827e-07 1.01161215e-06 7.66786122e-07 5.79166651e-07
  9.35412000e-07 6.98368067e-07]]
