args:  Namespace(attack='opt', gaussian=True, l2=1.0, ndim=1)
test_losses: [[0.00797233 0.00591379 0.00412796 0.0034566  0.00271919 0.00232621
  0.00238935 0.00179779 0.00113765 0.00127001 0.00117331 0.00112806
  0.00081862 0.00086662 0.00066058 0.00085731 0.00062511 0.00075051
  0.00062247 0.00053413 0.00055082 0.00049747 0.00052532 0.00049775
  0.00046668 0.00039188 0.0003576  0.0003637  0.00043543 0.00036862
  0.00037547 0.00034353 0.00030669 0.00035374 0.00027252 0.00029482
  0.00031271 0.00027807 0.00030571 0.00023953 0.00032438 0.00027317
  0.00025232 0.00025233 0.00024035 0.00020055 0.00021871 0.00022348
  0.00023246 0.00020014]
 [0.00826354 0.00604666 0.00356883 0.00306228 0.00265275 0.0020739
  0.00202024 0.0017018  0.00164597 0.00125521 0.0013102  0.00104406
  0.00095793 0.0007988  0.0008764  0.00084127 0.00087709 0.00064559
  0.0007643  0.00074207 0.00054708 0.00069913 0.00054133 0.00052465
  0.00049661 0.0005253  0.00045896 0.00040298 0.0004237  0.00051996
  0.0003851  0.00041902 0.00040148 0.00039922 0.00039151 0.00039554
  0.00035467 0.00036073 0.00029768 0.00033607 0.00038435 0.0003127
  0.00037201 0.00032588 0.00031539 0.0003071  0.00030992 0.00029915
  0.00029685 0.0002973 ]
 [0.0083208  0.00574357 0.0041115  0.00307601 0.00274094 0.00237293
  0.00194041 0.00193107 0.00199629 0.00176973 0.0014013  0.00111484
  0.00124686 0.00106806 0.00116096 0.00104591 0.00109431 0.00087836
  0.00104063 0.00094246 0.00082244 0.00093924 0.00084395 0.00073654
  0.00086287 0.00072974 0.00076409 0.00076442 0.0007151  0.00069124
  0.0007231  0.0006321  0.00059573 0.00066483 0.00061327 0.0006613
  0.00067047 0.0006503  0.00062964 0.00057475 0.0005622  0.00057511
  0.00067285 0.00058527 0.00052379 0.0005229  0.00052472 0.00055154
  0.00054086 0.00057608]
 [0.00720784 0.00519426 0.00393521 0.0040852  0.00316258 0.00272994
  0.00237695 0.00219456 0.00223852 0.00222469 0.00210806 0.00206737
  0.00166742 0.00166351 0.00170937 0.00158326 0.00157328 0.00152981
  0.0013089  0.0014747  0.0013632  0.00148189 0.00142485 0.00124901
  0.00127964 0.00135041 0.00114223 0.00125209 0.00114815 0.00138523
  0.00121194 0.00137294 0.00116735 0.00112907 0.00118331 0.00116561
  0.0010638  0.00110512 0.00109017 0.00109695 0.00107018 0.00108786
  0.00104756 0.00101982 0.00111526 0.00107949 0.00093708 0.00101913
  0.00107657 0.0008984 ]
 [0.00700757 0.00513699 0.00470991 0.00416737 0.00377381 0.00355394
  0.00318984 0.00279939 0.00276917 0.00294743 0.00259895 0.0027122
  0.00218089 0.0025391  0.00240035 0.00223595 0.00221256 0.00214967
  0.00230547 0.00218744 0.00211282 0.0023064  0.00223427 0.00211815
  0.00187856 0.00216282 0.00194247 0.00188615 0.0018718  0.00196035
  0.00196682 0.00197585 0.00198963 0.00182844 0.00180154 0.00189587
  0.00161034 0.00181559 0.00174617 0.00164902 0.00159727 0.00201717
  0.00163815 0.00175213 0.00168064 0.0017232  0.00172499 0.00173027
  0.00157409 0.00176245]
 [0.00741404 0.00593144 0.00517009 0.0050085  0.00456743 0.00408305
  0.00405733 0.00421188 0.00393487 0.00346692 0.00361881 0.00359059
  0.00352151 0.00340197 0.003308   0.00350042 0.00345345 0.00339244
  0.00326693 0.00316424 0.00313112 0.00319789 0.0028699  0.00295411
  0.00324162 0.0031605  0.00316701 0.00294763 0.00276957 0.00275431
  0.00275277 0.00289145 0.002856   0.00276452 0.0029823  0.00270582
  0.0028465  0.00267592 0.00289907 0.00298789 0.0027633  0.00271392
  0.00267125 0.00264958 0.00257776 0.00266354 0.00274875 0.00264209
  0.00277298 0.0027603 ]
 [0.00717097 0.00625047 0.00598722 0.00549354 0.00502944 0.00505238
  0.00497914 0.00495048 0.00510821 0.00478457 0.00442674 0.00471893
  0.00468508 0.00452512 0.00466838 0.00430603 0.00437943 0.00442227
  0.00461249 0.00443447 0.00450832 0.00442756 0.00436886 0.00452248
  0.00444035 0.0042256  0.00429161 0.00416312 0.00377022 0.00397113
  0.00416403 0.00406972 0.00430941 0.00400933 0.00442412 0.00428295
  0.00401862 0.00391774 0.00397085 0.00397715 0.00400926 0.00429109
  0.00407801 0.00407122 0.00420272 0.00395854 0.00411669 0.00401865
  0.00405126 0.00405072]
 [0.00776065 0.00585112 0.00648507 0.00626739 0.00567633 0.00571863
  0.00549284 0.00599192 0.00598001 0.00579398 0.00583998 0.00536096
  0.00559066 0.00608282 0.00566914 0.00569161 0.00567035 0.00578136
  0.00573252 0.0058707  0.00568312 0.00571912 0.0056981  0.00600628
  0.00600265 0.00547613 0.00564444 0.00544496 0.00548853 0.00548615
  0.00545835 0.00541857 0.0054998  0.00552488 0.005491   0.00556807
  0.0057301  0.00518254 0.0056898  0.00580792 0.00563005 0.00534695
  0.00571376 0.00570121 0.005941   0.00551059 0.00557605 0.00549294
  0.00555387 0.00567007]
 [0.00760085 0.00668181 0.00670164 0.00688468 0.00691838 0.00692737
  0.00663081 0.00702873 0.006864   0.00668482 0.00643676 0.00643915
  0.0067927  0.00673342 0.00682426 0.00696135 0.00710879 0.00683065
  0.00668609 0.00719821 0.00643714 0.00721797 0.00698503 0.00702452
  0.00679662 0.00678901 0.00705237 0.0071227  0.00733694 0.00712423
  0.00700414 0.00706965 0.00688829 0.00690904 0.00707837 0.00674192
  0.00696689 0.00689551 0.00727012 0.00695181 0.00700664 0.00701496
  0.00722743 0.006953   0.00733396 0.0071701  0.00717353 0.00705195
  0.00698501 0.00693429]
 [0.00783067 0.00738075 0.00741945 0.00706088 0.00725724 0.00734748
  0.00757111 0.00748462 0.00770123 0.00746923 0.00757185 0.00772902
  0.00748881 0.00764477 0.00782309 0.00778307 0.00778511 0.00805715
  0.00798618 0.00802431 0.00813405 0.00809537 0.00792447 0.0080434
  0.00814352 0.00800759 0.00806469 0.00791763 0.00793163 0.0081154
  0.00801849 0.00827414 0.00810457 0.00819061 0.00828743 0.00831347
  0.00818157 0.00830542 0.00801669 0.00813431 0.00824018 0.0082645
  0.00845255 0.00829854 0.00815657 0.00825359 0.00851324 0.00840001
  0.00856876 0.00830744]
 [0.007931   0.00827812 0.0078901  0.00816411 0.0082673  0.00826385
  0.00816721 0.00800426 0.00821373 0.00828117 0.00811824 0.0086112
  0.00843997 0.00861259 0.00847753 0.00839814 0.00858099 0.00853768
  0.00847505 0.00866419 0.00875087 0.00873106 0.00902216 0.00872527
  0.00878575 0.00907033 0.00890248 0.008956   0.00874971 0.00874411
  0.00895308 0.00900799 0.00898338 0.0089667  0.00909799 0.00892134
  0.0089957  0.00915649 0.0091029  0.00907745 0.00894128 0.00897027
  0.00917795 0.00922228 0.00901438 0.00904813 0.00902916 0.00906693
  0.00909898 0.00908069]
 [0.00877292 0.00926596 0.00939419 0.00955235 0.00968531 0.00964021
  0.00942433 0.00972425 0.00974618 0.00972641 0.00976061 0.00987997
  0.00988311 0.00981066 0.00987727 0.00991244 0.00981067 0.00993413
  0.00980467 0.00985215 0.0098639  0.00993684 0.00993592 0.00992612
  0.00991622 0.00994844 0.00992224 0.00994898 0.00997203 0.00988574
  0.009972   0.0099212  0.00996003 0.00997017 0.00992234 0.00990689
  0.00995748 0.00990334 0.01000251 0.00988616 0.00988845 0.00993852
  0.00998198 0.00993449 0.00997252 0.00986532 0.00989183 0.00993796
  0.01001202 0.00991735]
 [0.00951916 0.00974265 0.00979932 0.00994644 0.00994755 0.0099223
  0.00996491 0.0098825  0.0100036  0.01005924 0.01000233 0.00998668
  0.01001031 0.009985   0.00999056 0.0099838  0.01000599 0.00995842
  0.00995743 0.00999993 0.01001537 0.00998426 0.01001435 0.00997552
  0.0099374  0.00999077 0.00996927 0.01006419 0.0100324  0.01004769
  0.01001206 0.01000183 0.00996571 0.01004366 0.00999553 0.01001568
  0.01000226 0.00995991 0.00997168 0.01000998 0.01000086 0.00994476
  0.00993649 0.01001513 0.01002279 0.01004645 0.00999776 0.01003187
  0.01006808 0.009973  ]
 [0.00980813 0.00995286 0.00994964 0.00998892 0.01000484 0.01001383
  0.01001631 0.01009051 0.01002138 0.00997981 0.00996164 0.01003809
  0.01000814 0.00993475 0.01000633 0.00997367 0.01000097 0.01001389
  0.0100734  0.01003615 0.00992453 0.00995484 0.01003011 0.01001877
  0.01003295 0.01001195 0.01001422 0.01001183 0.00997511 0.0099805
  0.00999842 0.01002712 0.00999043 0.0099628  0.00998302 0.00996342
  0.00999679 0.01000415 0.00996049 0.01000733 0.01001008 0.01007459
  0.01003562 0.00995254 0.01000215 0.00993842 0.00995139 0.00997747
  0.00999963 0.01005255]
 [0.00994229 0.00998375 0.00999424 0.00995204 0.00993946 0.01001649
  0.00999388 0.01001917 0.00996718 0.00999592 0.01000355 0.00996022
  0.00998028 0.0099698  0.00998792 0.00995712 0.00998177 0.00997042
  0.01005136 0.01001548 0.00999178 0.0100036  0.00997006 0.01002141
  0.01002542 0.01000227 0.0100746  0.0100021  0.01002585 0.01000337
  0.01000534 0.00998294 0.01000137 0.01000528 0.01002754 0.01000253
  0.01001087 0.01001365 0.01001741 0.00998675 0.01004925 0.01003675
  0.01000068 0.00999295 0.00996358 0.00997189 0.01006568 0.01003628
  0.00997065 0.01001055]]
variance: [[1.15811237e-04 8.54675984e-05 4.41207113e-05 5.29000306e-05
  2.42868962e-05 1.69232143e-05 1.47533301e-05 1.49610625e-05
  4.15550478e-06 4.97528993e-06 2.63279522e-06 2.59988963e-06
  1.72865699e-06 2.20253734e-06 7.26188001e-07 1.70805219e-06
  7.27314544e-07 1.43055070e-06 1.17909327e-06 5.84222982e-07
  7.11687945e-07 5.96349802e-07 6.27291319e-07 5.50919989e-07
  6.61988432e-07 3.18111742e-07 3.04058243e-07 2.32726983e-07
  4.68555384e-07 2.91061838e-07 2.52374396e-07 2.23987157e-07
  1.79121403e-07 3.60235561e-07 1.87724717e-07 1.65038877e-07
  2.01571993e-07 1.39704065e-07 2.23668993e-07 1.11209627e-07
  2.60342009e-07 1.63671107e-07 1.34696769e-07 1.25383428e-07
  1.22471530e-07 7.33570924e-08 9.94467782e-08 9.43146166e-08
  9.36237218e-08 8.89397909e-08]
 [7.83663884e-05 6.07717439e-05 2.82345076e-05 1.66339069e-05
  1.51423294e-05 9.10249224e-06 1.03647672e-05 7.68794269e-06
  6.15457014e-06 3.78668846e-06 4.53507063e-06 2.35838458e-06
  2.24207929e-06 1.38627952e-06 1.73271757e-06 1.59018307e-06
  2.13267209e-06 9.65407364e-07 1.23369425e-06 1.40455069e-06
  5.86047739e-07 1.33206672e-06 1.02435345e-06 5.46720874e-07
  5.80511102e-07 5.13176086e-07 5.55306820e-07 2.80461335e-07
  3.50615445e-07 7.28764860e-07 3.12844553e-07 3.58186728e-07
  2.90689617e-07 3.77806253e-07 2.94263107e-07 4.67738041e-07
  2.53412647e-07 2.73642625e-07 1.46038601e-07 2.12961227e-07
  2.72506791e-07 2.00458492e-07 3.27535130e-07 1.75388363e-07
  1.92549639e-07 1.82614659e-07 1.82278680e-07 1.68608824e-07
  2.38840642e-07 1.58874306e-07]
 [9.62733911e-05 6.47260470e-05 3.29242850e-05 1.61809993e-05
  1.06830857e-05 9.01753235e-06 8.57607120e-06 7.10840190e-06
  6.69803352e-06 6.09499847e-06 3.97519558e-06 2.58557845e-06
  4.39057003e-06 2.33553675e-06 2.62049152e-06 2.76132180e-06
  2.64302242e-06 1.47981956e-06 2.25958482e-06 1.74184321e-06
  1.13538841e-06 2.14093483e-06 1.52669733e-06 1.11297000e-06
  1.69939785e-06 9.72177082e-07 1.32812593e-06 9.79906136e-07
  1.03930159e-06 8.84473379e-07 1.13547389e-06 8.02192727e-07
  7.16182463e-07 9.72691239e-07 6.47877405e-07 6.51433070e-07
  6.71689578e-07 8.07320518e-07 6.39247931e-07 6.15946081e-07
  6.12060025e-07 5.03878370e-07 8.84914953e-07 5.79703011e-07
  3.41473980e-07 5.03959057e-07 4.86189473e-07 4.76535095e-07
  3.92332334e-07 7.89890898e-07]
 [6.37575778e-05 4.56048446e-05 2.65781812e-05 2.45284102e-05
  1.25295350e-05 1.25107790e-05 9.67979126e-06 7.98376656e-06
  8.14584443e-06 8.41934534e-06 7.92878304e-06 6.14127409e-06
  4.94279820e-06 4.26777285e-06 4.95616051e-06 3.21386573e-06
  4.04957970e-06 3.90237369e-06 3.17781466e-06 4.18109774e-06
  3.22960917e-06 3.82221563e-06 2.40731278e-06 2.41973914e-06
  2.55438575e-06 2.67034224e-06 2.01077220e-06 2.20107431e-06
  2.04819368e-06 2.87452363e-06 1.98782009e-06 1.94640245e-06
  1.88524957e-06 1.96580606e-06 1.69958864e-06 1.87311695e-06
  1.63762153e-06 1.33396358e-06 1.52656964e-06 1.21054180e-06
  1.30280799e-06 1.52738718e-06 1.15239350e-06 1.11677369e-06
  1.31058380e-06 1.16314930e-06 1.04599473e-06 1.08783225e-06
  1.20794412e-06 8.48087771e-07]
 [5.47931768e-05 2.79832130e-05 2.54214487e-05 1.98489104e-05
  1.50894709e-05 1.46240655e-05 1.20986822e-05 1.05981361e-05
  1.03469741e-05 1.02520074e-05 7.92429272e-06 8.82096332e-06
  6.36317863e-06 7.88281668e-06 7.60720211e-06 6.27403321e-06
  6.26437881e-06 6.03511779e-06 6.29125424e-06 6.04679946e-06
  5.04096226e-06 5.44809064e-06 6.44466351e-06 5.12199078e-06
  4.06877146e-06 4.67320404e-06 3.90087154e-06 3.80384341e-06
  3.43701182e-06 3.38799652e-06 3.58679221e-06 3.88532984e-06
  3.18141391e-06 3.59104047e-06 3.00419788e-06 2.93862679e-06
  2.02123304e-06 2.80809955e-06 2.58463665e-06 2.16239816e-06
  2.00260760e-06 3.29369415e-06 1.88341568e-06 2.19335872e-06
  1.96720032e-06 2.00758349e-06 2.30690003e-06 2.00313194e-06
  1.41620888e-06 2.10530098e-06]
 [5.10981865e-05 2.29837878e-05 1.89462431e-05 1.65974489e-05
  1.65463493e-05 1.51200962e-05 1.48293813e-05 1.36811105e-05
  1.32129166e-05 1.17885373e-05 1.20015110e-05 1.16595078e-05
  1.08825283e-05 1.03593445e-05 9.25828464e-06 9.74190087e-06
  8.66983906e-06 8.47188050e-06 8.33142617e-06 9.00187235e-06
  8.21161621e-06 8.32497217e-06 6.26736775e-06 5.98643755e-06
  7.26822753e-06 7.07850909e-06 7.19937438e-06 5.94682555e-06
  4.97512842e-06 5.46680562e-06 5.09291315e-06 4.59029423e-06
  6.03588293e-06 5.27779372e-06 5.53588927e-06 4.33415094e-06
  4.06024909e-06 5.20477692e-06 4.17682478e-06 4.04476294e-06
  3.70964923e-06 4.11287529e-06 3.47235354e-06 3.80096197e-06
  3.51926103e-06 3.09533253e-06 3.54128872e-06 3.76225101e-06
  3.96762049e-06 3.99240241e-06]
 [2.49681887e-05 1.99986754e-05 1.89794524e-05 1.75164321e-05
  1.62626044e-05 1.55561597e-05 1.50850808e-05 1.49264417e-05
  1.38743324e-05 1.36938889e-05 1.29425251e-05 1.16685384e-05
  1.22230996e-05 1.15106081e-05 1.28073351e-05 1.03780609e-05
  1.06424610e-05 1.02655919e-05 1.12105959e-05 1.01005630e-05
  1.01626693e-05 9.44316112e-06 9.08689756e-06 9.40530308e-06
  8.77441479e-06 9.34292996e-06 8.50135210e-06 7.80797153e-06
  6.30910064e-06 6.70934681e-06 8.33820220e-06 7.33055313e-06
  7.35084296e-06 6.67462201e-06 8.26722342e-06 6.70673219e-06
  6.56910003e-06 6.24722980e-06 6.36985131e-06 6.01551579e-06
  5.08614001e-06 5.91682334e-06 5.86341663e-06 6.15907874e-06
  6.09715597e-06 5.48278906e-06 5.46880311e-06 5.63457893e-06
  4.82887767e-06 5.57039107e-06]
 [3.54730962e-05 1.79619332e-05 1.75404338e-05 1.72670559e-05
  1.60774612e-05 1.60074216e-05 1.46231032e-05 1.51870850e-05
  1.31234008e-05 1.38800790e-05 1.26529523e-05 1.23461172e-05
  1.30421758e-05 1.26072084e-05 1.14707423e-05 1.16424578e-05
  1.20634980e-05 1.09238191e-05 1.00981907e-05 1.01524797e-05
  9.74818735e-06 9.63663356e-06 9.46264900e-06 9.51830010e-06
  9.93732908e-06 9.36467115e-06 1.01613540e-05 8.56489915e-06
  8.81919758e-06 8.53050775e-06 8.54907628e-06 8.91392384e-06
  7.27203602e-06 7.71952782e-06 8.54367344e-06 7.43516873e-06
  7.95240708e-06 7.65311809e-06 8.01078245e-06 7.35349435e-06
  6.75718703e-06 6.66650388e-06 6.91366753e-06 6.34549048e-06
  6.78277534e-06 6.57022819e-06 6.69883133e-06 6.84995931e-06
  6.24234610e-06 6.73565083e-06]
 [2.51526993e-05 1.75546693e-05 1.70194843e-05 1.39537786e-05
  1.51026072e-05 1.36248557e-05 1.36638423e-05 1.27126289e-05
  1.23878025e-05 1.14976271e-05 1.24122377e-05 1.11366445e-05
  1.07655671e-05 1.03256032e-05 1.02723099e-05 9.56788992e-06
  9.09189391e-06 8.86827996e-06 9.55638016e-06 8.27559066e-06
  9.81276651e-06 8.22844955e-06 8.44544011e-06 8.40600989e-06
  8.89696793e-06 8.45861543e-06 8.04759561e-06 7.19677024e-06
  6.89644802e-06 7.88997852e-06 7.11626223e-06 7.20972284e-06
  7.45869540e-06 7.14428594e-06 7.45107388e-06 6.91024608e-06
  6.91198443e-06 6.05361690e-06 6.65104672e-06 6.83753005e-06
  6.16529917e-06 6.51942221e-06 6.01326252e-06 6.86757198e-06
  5.76817244e-06 5.89283213e-06 6.05028532e-06 6.30683431e-06
  6.58484965e-06 6.28544446e-06]
 [2.07302165e-05 1.43685964e-05 1.45827544e-05 1.40832233e-05
  1.36248197e-05 1.15242802e-05 1.02627748e-05 9.90193419e-06
  1.02894023e-05 9.90774695e-06 9.54880403e-06 8.66851232e-06
  1.02850970e-05 8.91717758e-06 7.41720305e-06 8.13099852e-06
  7.35399208e-06 7.03477429e-06 6.98331030e-06 6.26112253e-06
  6.48799380e-06 6.18862949e-06 6.79581017e-06 5.46838098e-06
  5.95605771e-06 6.52893241e-06 6.35314008e-06 6.61223149e-06
  6.42335435e-06 5.75317534e-06 5.15168810e-06 5.57034462e-06
  5.04305460e-06 5.14052251e-06 5.09388028e-06 5.08393587e-06
  5.21261722e-06 5.27644649e-06 5.65048407e-06 4.60068507e-06
  5.24990599e-06 5.25509468e-06 3.93518660e-06 4.44573088e-06
  4.31656177e-06 4.65809660e-06 3.64156540e-06 4.25735429e-06
  3.80340859e-06 3.95383183e-06]
 [1.77293024e-05 1.16997463e-05 1.30674011e-05 9.38172071e-06
  8.55738413e-06 8.13731672e-06 8.72087112e-06 8.76714535e-06
  8.32849868e-06 7.34355386e-06 7.53642700e-06 6.17223973e-06
  6.81268448e-06 5.57920900e-06 6.49707997e-06 6.57541034e-06
  6.01733664e-06 5.87356298e-06 5.44890225e-06 3.93889685e-06
  4.33054114e-06 4.41759776e-06 3.33198157e-06 4.50495126e-06
  3.78738016e-06 2.93682945e-06 3.50810162e-06 2.86955753e-06
  4.12263606e-06 3.25234754e-06 3.36993348e-06 3.06200791e-06
  3.13029049e-06 3.39384538e-06 2.55648730e-06 3.15707483e-06
  2.61831253e-06 2.43863444e-06 2.48711420e-06 2.81427619e-06
  2.86499978e-06 2.82254918e-06 2.60219846e-06 2.46575286e-06
  3.10017602e-06 2.67302292e-06 2.35260299e-06 2.33848969e-06
  2.50421097e-06 2.63451909e-06]
 [1.10164955e-05 5.12758841e-06 3.83359686e-06 2.76615935e-06
  1.76015218e-06 1.83130718e-06 2.20639366e-06 1.17104222e-06
  1.45685568e-06 1.31394126e-06 1.11717252e-06 7.17803283e-07
  7.73123211e-07 9.86063933e-07 6.98401158e-07 6.33935339e-07
  6.22952258e-07 6.38716162e-07 7.91038071e-07 7.45655167e-07
  6.69592409e-07 6.25087386e-07 7.57004185e-07 6.16667520e-07
  6.07991899e-07 6.95469867e-07 6.57122487e-07 5.21775849e-07
  5.45750031e-07 6.93677529e-07 4.53496421e-07 5.98650252e-07
  5.57440100e-07 4.78688167e-07 6.24584859e-07 6.14724333e-07
  6.03871102e-07 6.09178216e-07 5.69591665e-07 5.83285505e-07
  5.29480891e-07 6.19584352e-07 5.33196792e-07 6.38253832e-07
  5.03017884e-07 5.29384929e-07 6.44318485e-07 5.11797703e-07
  5.18667614e-07 5.43136999e-07]
 [4.09352097e-06 1.11304220e-06 9.87464781e-07 5.88786815e-07
  5.67199944e-07 8.95358867e-07 5.54929697e-07 5.14052262e-07
  4.71616274e-07 3.80993438e-07 3.98288777e-07 4.63248762e-07
  3.65208111e-07 4.15092448e-07 3.71660446e-07 4.54134728e-07
  3.98644476e-07 3.99197865e-07 3.42850789e-07 5.87059166e-07
  3.83613348e-07 3.88743066e-07 3.43751367e-07 3.93297509e-07
  3.61158733e-07 3.88946634e-07 3.48068378e-07 3.79503976e-07
  4.60844548e-07 3.44340238e-07 4.10105155e-07 3.61170437e-07
  3.98438218e-07 3.17898441e-07 4.25642781e-07 3.22249089e-07
  3.02369240e-07 3.72501296e-07 3.62980537e-07 3.85275629e-07
  3.86714274e-07 3.89598241e-07 4.03002332e-07 3.04938439e-07
  4.15023237e-07 4.04693170e-07 3.98567277e-07 3.19706809e-07
  4.02101574e-07 4.01322213e-07]
 [1.22953874e-06 5.40678531e-07 4.50260381e-07 3.46335792e-07
  3.64294187e-07 3.95740640e-07 3.19381204e-07 3.71595524e-07
  4.07920804e-07 3.52879450e-07 3.75534282e-07 3.71613457e-07
  3.63762402e-07 4.31369412e-07 4.10976027e-07 3.83092708e-07
  3.62041062e-07 3.28537472e-07 4.32003107e-07 4.00575751e-07
  3.24207760e-07 4.19514685e-07 3.40210088e-07 4.09845383e-07
  3.52509295e-07 3.68300539e-07 3.27216007e-07 3.97238864e-07
  3.85254418e-07 2.75265872e-07 2.93064243e-07 3.20073525e-07
  3.42391140e-07 4.03720357e-07 4.30794589e-07 3.07110248e-07
  3.44056732e-07 4.02312358e-07 4.12559710e-07 3.98779019e-07
  3.83124895e-07 3.91037342e-07 2.99447662e-07 3.14986060e-07
  3.82380433e-07 3.03413011e-07 3.66792018e-07 2.67419276e-07
  3.97305848e-07 4.09279363e-07]
 [3.91281132e-07 4.11421889e-07 4.28343450e-07 3.87190526e-07
  5.28134617e-07 3.33923756e-07 3.23988152e-07 3.30821392e-07
  3.01139242e-07 2.82470701e-07 3.52361371e-07 3.74866008e-07
  3.18524152e-07 3.08896814e-07 3.63237810e-07 4.15025507e-07
  3.50032544e-07 3.73945367e-07 3.09863871e-07 3.80121695e-07
  2.99174627e-07 3.35454740e-07 3.92634580e-07 3.63970315e-07
  3.97792339e-07 3.28491135e-07 3.62529970e-07 3.55844088e-07
  3.51283136e-07 2.73913131e-07 3.46497006e-07 2.96187801e-07
  3.82763658e-07 3.50248838e-07 4.14838025e-07 2.94128122e-07
  2.81494937e-07 3.40079297e-07 3.32640454e-07 4.04361194e-07
  3.65803876e-07 3.19935995e-07 3.42065027e-07 4.02885236e-07
  3.45758153e-07 3.73741924e-07 3.79203877e-07 3.93359061e-07
  3.85970667e-07 3.43616442e-07]]
