args:  Namespace(attack='opt', gaussian=True, l2=0, ndim=2)
test_losses: [[0.05138999 0.16016251 0.06356613 0.01367535 0.00677566 0.006094
  0.00519196 0.00378567 0.00388794 0.0028745  0.00263487 0.00216177
  0.00219532 0.00177106 0.00163428 0.00153385 0.00142412 0.00132407
  0.00123779 0.0012076  0.00106893 0.00116249 0.00097182 0.00103556
  0.00092322 0.00086768 0.00081346 0.00085568 0.00076754 0.00076723
  0.00072728 0.00066174 0.00065613 0.00067381 0.00062586 0.0005998
  0.00063078 0.00052104 0.00058121 0.00048942 0.00050357 0.00049988
  0.00050934 0.00045885 0.0004881  0.00043815 0.00042379 0.00045702
  0.00040234 0.00040257]
 [0.03431762 0.05501704 0.02008631 0.01058053 0.00773882 0.00642711
  0.00420714 0.00446113 0.00315408 0.00268792 0.00257016 0.00257893
  0.00230415 0.00224533 0.00191644 0.00186555 0.00154302 0.00154725
  0.00145827 0.00133976 0.00136746 0.00138714 0.00121022 0.00117322
  0.00127491 0.00105966 0.00109275 0.00094219 0.0009387  0.00082511
  0.00089187 0.0008941  0.00085403 0.00082312 0.00077038 0.00076875
  0.00071934 0.00071824 0.00068814 0.00071107 0.00075461 0.00067603
  0.00065316 0.0006713  0.00066954 0.00068466 0.00064073 0.00061215
  0.00069937 0.00059372]
 [0.02629481 0.02406923 0.0128431  0.01048475 0.0080966  0.00591184
  0.00528891 0.00495754 0.00425701 0.00380251 0.00382514 0.0031879
  0.00316213 0.00281348 0.00292048 0.00252878 0.00255115 0.00236273
  0.00223404 0.00222126 0.00216601 0.00178206 0.00193745 0.00166369
  0.00162047 0.00158687 0.00166066 0.00175982 0.00154131 0.00159209
  0.00146886 0.00158158 0.00141171 0.00146511 0.00134385 0.00148352
  0.00147256 0.00141374 0.00127973 0.00120172 0.00138411 0.00117845
  0.00117917 0.00138242 0.00131196 0.00131532 0.00125454 0.00117316
  0.00115034 0.0011277 ]
 [0.02136908 0.0187455  0.01305088 0.00913734 0.00799659 0.00723129
  0.0062431  0.00583748 0.00512171 0.00556742 0.00530278 0.00466478
  0.00453558 0.00446129 0.00415612 0.00446881 0.00438154 0.00411821
  0.00375555 0.0036032  0.00325098 0.00349007 0.00340133 0.00286116
  0.00325303 0.00306286 0.00292579 0.00282604 0.00335935 0.00296951
  0.00292634 0.00303499 0.00268979 0.00277765 0.00287612 0.00262185
  0.00279806 0.00281899 0.00255071 0.00236805 0.00255589 0.002401
  0.00252379 0.00238161 0.00275344 0.00248453 0.00235388 0.00231622
  0.00235556 0.00247011]
 [0.02557488 0.01526394 0.01155224 0.01020745 0.00903166 0.00836641
  0.0078641  0.00750827 0.00686753 0.00685954 0.00715404 0.00690554
  0.00661232 0.00598857 0.00619907 0.00679395 0.00651305 0.006047
  0.00646398 0.00572535 0.00578775 0.00548801 0.00529705 0.00584197
  0.00545178 0.00574507 0.00556331 0.00533851 0.0050181  0.00559272
  0.00500721 0.00509383 0.00510804 0.00493722 0.00478457 0.00487391
  0.00489561 0.00537785 0.00471238 0.00430905 0.00486282 0.00478923
  0.00448716 0.00440467 0.00479616 0.00437712 0.00471384 0.00468628
  0.0047931  0.00419525]
 [0.02382414 0.01433571 0.01198691 0.01133925 0.01050505 0.0102521
  0.01013918 0.00995817 0.01011554 0.00973098 0.00937676 0.00967327
  0.00901668 0.00886486 0.00880866 0.00910317 0.009148   0.00919377
  0.0083749  0.00893456 0.00872903 0.00851372 0.00802927 0.00846539
  0.00838149 0.00857351 0.0085251  0.00874021 0.00858788 0.00853149
  0.00841546 0.00855208 0.00849369 0.00793865 0.00856049 0.00809776
  0.00795106 0.00776715 0.00802178 0.00851559 0.0079212  0.00860173
  0.00850916 0.00765459 0.00811079 0.00802855 0.00804031 0.00777376
  0.00789563 0.00755564]
 [0.0215022  0.01494242 0.01228215 0.01243691 0.01244317 0.01266884
  0.01181816 0.01226883 0.01127932 0.0117048  0.0113982  0.01243404
  0.01157344 0.01211731 0.01201379 0.01218349 0.01164688 0.01187226
  0.01200723 0.01156581 0.01211222 0.01157723 0.01252696 0.01151197
  0.01186106 0.01139424 0.01145966 0.01172731 0.01154382 0.01171451
  0.01136928 0.01159944 0.01195219 0.0118836  0.01184554 0.0121641
  0.01228871 0.01177196 0.01156301 0.01145164 0.01196659 0.01205371
  0.01209803 0.01205136 0.01141777 0.01196974 0.01176779 0.01125799
  0.01198466 0.01202595]
 [0.0188822  0.01515452 0.01398838 0.0138846  0.0133552  0.0133496
  0.01365207 0.01346044 0.01385725 0.01361282 0.01387816 0.01411667
  0.01351482 0.01466025 0.01397561 0.0146509  0.01416031 0.0137282
  0.0145291  0.01461197 0.01404929 0.01472809 0.01488332 0.01475318
  0.01461837 0.01529314 0.01484252 0.01494263 0.0147747  0.01491182
  0.01501812 0.01483054 0.01495352 0.01543753 0.01549652 0.01532022
  0.01503821 0.01517408 0.01457597 0.01527396 0.01521503 0.01510326
  0.01487316 0.01502124 0.01575608 0.01538338 0.01554813 0.01538521
  0.01556723 0.01559227]
 [0.01809865 0.01504765 0.01454708 0.01515561 0.01512336 0.01505646
  0.01532951 0.01554865 0.01514925 0.01566485 0.01589832 0.01586689
  0.01620091 0.01620091 0.01578795 0.01676858 0.01611166 0.01640584
  0.01637    0.0165905  0.01683681 0.01636283 0.01649178 0.01639175
  0.01699179 0.01691222 0.01709182 0.0166447  0.01715149 0.01719769
  0.01745494 0.01703849 0.0173331  0.01726369 0.0172962  0.01706068
  0.01706813 0.01739608 0.01760648 0.01744756 0.0176579  0.01738566
  0.01734982 0.01746479 0.01776167 0.01720276 0.0176468  0.01766895
  0.01788724 0.01796378]
 [0.01775135 0.01552286 0.01529582 0.01561937 0.01567911 0.01663419
  0.01612363 0.01654638 0.01726505 0.01703469 0.01712235 0.01680328
  0.01743069 0.01749474 0.0173521  0.01732199 0.01792796 0.01762639
  0.0178656  0.01796714 0.0178397  0.01845388 0.01825311 0.01788094
  0.01842234 0.01840911 0.01830152 0.01803327 0.01830557 0.01841526
  0.01858213 0.01853615 0.01840894 0.01853795 0.0186317  0.01855649
  0.01878951 0.0187297  0.01863403 0.01883329 0.01885594 0.01860336
  0.01891661 0.01874022 0.01894331 0.01890906 0.01890333 0.0188722
  0.01899341 0.0190436 ]
 [0.01817393 0.01678236 0.01660057 0.01675636 0.01702497 0.01711201
  0.01732126 0.01760402 0.01791123 0.01773019 0.01813704 0.01834574
  0.01831238 0.01802029 0.01844335 0.01852524 0.01853382 0.01876516
  0.01879664 0.01882393 0.01888792 0.01933309 0.01874578 0.01919649
  0.01898526 0.01914408 0.01909813 0.01906294 0.01906462 0.01925926
  0.01925386 0.01931248 0.01922209 0.01942017 0.01935662 0.01924704
  0.01932419 0.01943265 0.0193478  0.01931243 0.01938794 0.01939386
  0.01953821 0.01934876 0.01942221 0.0194669  0.01942335 0.01957261
  0.01944363 0.01951868]
 [0.01869913 0.01857343 0.01891555 0.01930008 0.01944605 0.01942125
  0.01951363 0.01979545 0.01975003 0.01983828 0.0197774  0.01982556
  0.01990495 0.01975431 0.01996131 0.01988504 0.0198418  0.01987492
  0.01989933 0.01990798 0.0198733  0.01992463 0.01990631 0.01987861
  0.01995473 0.01983294 0.01991695 0.01991318 0.01998625 0.0199765
  0.01997623 0.01991882 0.01986019 0.01996064 0.01992341 0.01987031
  0.01994282 0.01998325 0.01992634 0.01994307 0.01998124 0.02000237
  0.01996078 0.01988993 0.01994493 0.01990275 0.01992563 0.01995048
  0.01991088 0.01989037]
 [0.01929504 0.01945252 0.01980268 0.01991473 0.01989953 0.01995444
  0.01994799 0.01997822 0.0199636  0.02003132 0.01995509 0.01994451
  0.01994323 0.01995983 0.01997034 0.01998173 0.01998202 0.01995718
  0.01998133 0.01993657 0.02003558 0.02000528 0.01995829 0.01998098
  0.02002395 0.01994568 0.01991423 0.0199826  0.01996086 0.02001192
  0.01994762 0.02001381 0.01998142 0.02001019 0.0199429  0.01999042
  0.01997142 0.02005324 0.01999763 0.01995021 0.01995098 0.01996478
  0.01995776 0.01999356 0.02005031 0.02000219 0.01994723 0.01992082
  0.01999118 0.01994566]
 [0.01972087 0.01991656 0.01997183 0.01991775 0.0200082  0.01998671
  0.01996591 0.01999357 0.01996268 0.02001738 0.01996815 0.01997055
  0.01989154 0.0200337  0.01996206 0.01995025 0.01992857 0.0199355
  0.01997145 0.02004387 0.02005121 0.01998889 0.02001884 0.01997792
  0.01991378 0.01997509 0.02000726 0.01996356 0.01994647 0.01997971
  0.02005932 0.0200067  0.01995291 0.02001933 0.02000629 0.01992058
  0.0199851  0.01993584 0.01995008 0.01999098 0.01998865 0.01994315
  0.01995232 0.01999704 0.01998631 0.0199779  0.02000486 0.01991126
  0.02004279 0.01998931]
 [0.01987953 0.02000113 0.01998129 0.02000219 0.01990824 0.01994033
  0.01996866 0.01989918 0.01995389 0.01996815 0.01992234 0.01995782
  0.02002257 0.0200148  0.01997494 0.01995692 0.01992132 0.01995826
  0.01995182 0.02001682 0.01999653 0.01996078 0.01999161 0.01993978
  0.02003146 0.01997678 0.02000323 0.02001073 0.02001593 0.02002975
  0.02004071 0.02002399 0.01998437 0.0200138  0.01998562 0.0199703
  0.02000886 0.01996771 0.02000294 0.01995512 0.01999423 0.01994372
  0.01996781 0.01991666 0.01999259 0.01994986 0.01999965 0.0199435
  0.02003719 0.02000047]]
variance: [[2.49340918e-02 2.48226068e-01 8.08523691e-02 6.87159427e-04
  8.46144525e-05 4.90276986e-05 6.09107912e-05 2.58045200e-05
  3.09747762e-05 1.18840401e-05 1.31576314e-05 5.86203858e-06
  8.93642782e-06 4.09312717e-06 3.23841997e-06 2.62106882e-06
  2.28435395e-06 2.26766428e-06 1.79900959e-06 2.34236004e-06
  1.25158035e-06 1.38715889e-06 1.08339130e-06 1.54292023e-06
  9.74670308e-07 7.86498829e-07 7.73041213e-07 9.67274379e-07
  4.88414877e-07 6.43260841e-07 6.09887767e-07 4.83070428e-07
  4.89586333e-07 4.78607648e-07 4.47585108e-07 3.52885836e-07
  4.65734124e-07 3.00192596e-07 3.56606948e-07 2.28776505e-07
  3.32149469e-07 2.39253424e-07 2.76747008e-07 2.04701629e-07
  2.78798306e-07 2.68188311e-07 1.44243917e-07 2.25011837e-07
  1.71814880e-07 1.90719742e-07]
 [5.42023468e-03 1.04397056e-02 1.83439821e-03 2.84934018e-04
  1.20016565e-04 4.89794496e-05 2.00079892e-05 6.81935433e-05
  1.19620795e-05 8.46542031e-06 9.57676122e-06 7.87861202e-06
  6.64712453e-06 6.03173593e-06 4.17475212e-06 4.31318804e-06
  2.39157915e-06 2.87061822e-06 2.93070755e-06 2.53339628e-06
  2.38515995e-06 2.28351496e-06 1.49534564e-06 1.74286100e-06
  2.32735111e-06 1.02080968e-06 1.38883030e-06 1.16014362e-06
  9.32162873e-07 8.23873411e-07 1.05213261e-06 9.24305624e-07
  9.93165230e-07 8.07616717e-07 6.44138556e-07 5.89007429e-07
  5.04095400e-07 5.26331663e-07 4.60543218e-07 5.71664422e-07
  5.92396723e-07 4.94630338e-07 4.49722148e-07 5.18082621e-07
  3.91189560e-07 5.35220195e-07 5.07230066e-07 4.23902342e-07
  5.45108272e-07 2.94074117e-07]
 [1.26777139e-03 2.94520611e-03 2.00178263e-04 1.91674322e-04
  5.29029680e-05 3.14680670e-05 2.19763886e-05 2.44177553e-05
  1.69867036e-05 1.59009160e-05 1.49180530e-05 1.12618952e-05
  1.03778205e-05 9.70542410e-06 1.01547656e-05 7.94575968e-06
  8.85721862e-06 8.01471092e-06 6.25516136e-06 5.70666409e-06
  5.37438978e-06 4.22861049e-06 3.41163015e-06 2.95865773e-06
  2.80893492e-06 2.52584471e-06 2.30228952e-06 3.54125963e-06
  2.51231830e-06 2.33081505e-06 1.67730688e-06 3.14017925e-06
  1.75870320e-06 1.94766668e-06 1.41027645e-06 2.02032074e-06
  2.02779241e-06 1.68915591e-06 1.50629261e-06 1.21577461e-06
  1.75670473e-06 1.08656857e-06 1.30246661e-06 2.05251918e-06
  1.21623252e-06 1.31577895e-06 1.25753073e-06 1.19030598e-06
  9.99541725e-07 1.05006868e-06]
 [8.38885304e-04 4.65166838e-04 1.67649402e-04 6.09576041e-05
  4.07850432e-05 3.25865062e-05 2.86854455e-05 2.33123394e-05
  2.26536022e-05 2.10684560e-05 2.03488665e-05 1.81999165e-05
  1.73362873e-05 1.73539940e-05 1.52041531e-05 1.54387871e-05
  1.54560203e-05 1.50103186e-05 1.19916711e-05 1.06096447e-05
  8.88748372e-06 1.23931535e-05 9.05685784e-06 7.56996144e-06
  7.87627614e-06 8.52192838e-06 6.69781552e-06 7.66998704e-06
  8.20681721e-06 5.70820684e-06 5.93759439e-06 7.38551152e-06
  5.15953855e-06 5.40672529e-06 5.27570855e-06 4.71931615e-06
  5.48173841e-06 4.78207991e-06 5.11569538e-06 3.61990590e-06
  4.13020021e-06 3.07890577e-06 3.64547950e-06 3.63080820e-06
  5.29250268e-06 3.72810896e-06 2.79339201e-06 2.90951661e-06
  3.02624283e-06 3.80112371e-06]
 [7.23347751e-04 1.36015456e-04 5.37039956e-05 5.52207269e-05
  3.93898842e-05 3.18337156e-05 2.93103085e-05 2.79821624e-05
  2.73231783e-05 2.67380830e-05 2.73200798e-05 2.48440932e-05
  2.37326516e-05 2.07161173e-05 2.03012722e-05 2.28874857e-05
  2.18187138e-05 1.88884462e-05 1.95294517e-05 1.73435584e-05
  1.93871063e-05 1.70392711e-05 1.74699951e-05 1.75014778e-05
  1.75330749e-05 1.56366520e-05 1.45359100e-05 1.37511107e-05
  1.34731667e-05 1.61917273e-05 1.18028637e-05 1.11321809e-05
  1.26123246e-05 1.13098229e-05 1.06850641e-05 1.07057548e-05
  1.08539310e-05 1.32765307e-05 1.09386994e-05 7.56752283e-06
  1.09403285e-05 1.03027797e-05 9.05557416e-06 9.14664256e-06
  7.65074564e-06 7.42763428e-06 7.65354737e-06 9.88252530e-06
  8.97988296e-06 5.62647840e-06]
 [8.02598493e-04 8.02722967e-05 6.35488036e-05 4.19955583e-05
  3.53162420e-05 3.61309703e-05 3.09004180e-05 3.55318782e-05
  3.05685443e-05 3.39898530e-05 3.08375281e-05 3.08509715e-05
  2.97498425e-05 2.76501605e-05 2.57168685e-05 2.38908846e-05
  2.64345645e-05 2.55632054e-05 2.55592751e-05 2.76660417e-05
  2.62678826e-05 2.12977880e-05 2.07239819e-05 2.44460149e-05
  2.21408291e-05 2.32231404e-05 2.17379248e-05 2.46572496e-05
  2.43191859e-05 2.23276734e-05 1.95743187e-05 2.12267352e-05
  1.97335501e-05 1.77703546e-05 1.96932543e-05 2.16139559e-05
  1.65285757e-05 1.73908010e-05 1.71341615e-05 2.00050324e-05
  1.69137522e-05 2.06110133e-05 1.77926238e-05 1.56108413e-05
  1.72495245e-05 1.62183637e-05 1.57412191e-05 1.27586478e-05
  1.58967171e-05 1.36587393e-05]
 [2.61672714e-04 7.71945788e-05 3.43591979e-05 3.08307345e-05
  3.68152331e-05 3.18764836e-05 3.44515685e-05 2.98460093e-05
  2.97341378e-05 3.01403875e-05 2.85868010e-05 2.79820355e-05
  2.69496147e-05 2.85493205e-05 2.68478089e-05 2.80058015e-05
  2.81152768e-05 2.83612117e-05 2.55759749e-05 2.50662881e-05
  2.27085725e-05 2.60625117e-05 2.49678431e-05 2.32100690e-05
  2.19246923e-05 2.15047686e-05 2.66737854e-05 2.19607157e-05
  2.16426779e-05 2.33557960e-05 1.99203144e-05 2.32335826e-05
  2.17659171e-05 2.09069644e-05 1.99612798e-05 1.98112640e-05
  2.06424832e-05 2.10046985e-05 2.39322901e-05 2.13594825e-05
  1.84356877e-05 1.80916959e-05 2.05813517e-05 1.98998839e-05
  1.95247385e-05 1.89839611e-05 2.00000463e-05 1.76135052e-05
  1.78784271e-05 1.65735185e-05]
 [1.83551709e-04 3.44658620e-05 2.82670586e-05 2.78671631e-05
  3.11225778e-05 2.82480853e-05 2.85250625e-05 2.76354529e-05
  2.86359238e-05 2.40982831e-05 2.33852799e-05 2.36184443e-05
  2.51966285e-05 2.04696991e-05 2.09891354e-05 1.95113430e-05
  1.97554534e-05 2.13759144e-05 2.20764898e-05 1.93223282e-05
  2.35876436e-05 1.77609898e-05 1.66410755e-05 1.71545125e-05
  1.75286418e-05 1.84007302e-05 1.78711675e-05 1.49073587e-05
  1.68698319e-05 1.76358075e-05 1.70495775e-05 1.58274795e-05
  1.48436111e-05 1.34039702e-05 1.39964607e-05 1.51106994e-05
  1.65129846e-05 1.50395865e-05 1.62977415e-05 1.44172143e-05
  1.37606414e-05 1.30425668e-05 1.42286797e-05 1.43482211e-05
  1.26079758e-05 1.28269381e-05 1.22385150e-05 1.16248055e-05
  1.42248984e-05 1.20254170e-05]
 [8.90482987e-05 3.20656008e-05 2.97775348e-05 2.48808874e-05
  2.65432077e-05 2.46272278e-05 2.31394939e-05 2.15559424e-05
  2.30858572e-05 1.88259691e-05 1.76966016e-05 1.60589165e-05
  1.66290585e-05 1.54287862e-05 1.57267225e-05 1.25148745e-05
  1.52999194e-05 1.50316840e-05 1.41952808e-05 1.17930455e-05
  1.14396509e-05 1.37348375e-05 1.23116452e-05 1.20245280e-05
  8.49722993e-06 1.10814464e-05 9.98453659e-06 1.14885613e-05
  9.48230276e-06 8.69399015e-06 8.28286509e-06 1.05246540e-05
  8.07286226e-06 9.74540069e-06 8.65289027e-06 9.45339498e-06
  9.34359409e-06 8.68060934e-06 6.82234294e-06 8.02194210e-06
  7.93366145e-06 7.13034306e-06 7.59312779e-06 7.30463708e-06
  6.67864791e-06 8.88346609e-06 7.13486553e-06 7.10605210e-06
  6.10473596e-06 5.63121048e-06]
 [6.61766526e-05 2.68451244e-05 2.37494597e-05 2.56457372e-05
  2.19032543e-05 1.63131847e-05 1.77943655e-05 1.52586970e-05
  1.13917901e-05 1.23390731e-05 1.27131391e-05 1.34771425e-05
  9.81992066e-06 9.03388689e-06 1.17806489e-05 1.00724696e-05
  7.81926197e-06 1.00254274e-05 8.58922893e-06 7.72226090e-06
  6.73010472e-06 4.90180379e-06 6.55148156e-06 7.44805601e-06
  5.40593260e-06 5.48367680e-06 6.43453085e-06 6.32732742e-06
  5.94553799e-06 5.35495304e-06 5.32408810e-06 4.90171762e-06
  4.79913812e-06 4.55431787e-06 4.25595393e-06 4.53711806e-06
  3.85113016e-06 4.30648717e-06 4.68897087e-06 3.94204612e-06
  3.61140487e-06 4.12697634e-06 3.31901964e-06 3.81500697e-06
  3.55923942e-06 3.52292198e-06 3.18431629e-06 3.70591648e-06
  3.31384647e-06 2.84506321e-06]
 [6.97236754e-05 2.08847309e-05 2.17576960e-05 1.72271615e-05
  1.56690667e-05 1.55015513e-05 1.20551044e-05 1.11243873e-05
  9.92094550e-06 1.03991541e-05 8.42697291e-06 7.50626483e-06
  7.37314842e-06 8.47342183e-06 6.03405890e-06 5.92697898e-06
  5.42151484e-06 4.28076562e-06 4.16555354e-06 4.06437795e-06
  3.97818048e-06 2.48871118e-06 5.06613555e-06 2.61586161e-06
  3.96187174e-06 3.09752004e-06 3.23235261e-06 3.58237341e-06
  3.71214762e-06 2.31493518e-06 2.22206700e-06 2.19569621e-06
  2.50775941e-06 1.72475897e-06 2.17504893e-06 2.26414594e-06
  2.52353056e-06 1.66755392e-06 1.82452223e-06 2.40961570e-06
  2.04242353e-06 1.93791919e-06 1.68288008e-06 2.17789159e-06
  2.02401552e-06 1.48325219e-06 2.23624404e-06 1.43580367e-06
  1.84486194e-06 1.68122298e-06]
 [1.27415753e-05 8.68475889e-06 5.92895606e-06 3.81418012e-06
  2.57574300e-06 3.00847411e-06 2.32533490e-06 1.01782236e-06
  1.00782329e-06 7.42431480e-07 9.03982894e-07 6.02678280e-07
  4.69542028e-07 8.70784767e-07 4.14305990e-07 4.14203636e-07
  5.39154072e-07 4.98400176e-07 6.17725834e-07 3.72710321e-07
  5.95474576e-07 4.96986184e-07 5.59878530e-07 5.87153372e-07
  3.11712938e-07 5.81885702e-07 5.03769557e-07 3.82193371e-07
  5.73299254e-07 3.63646887e-07 3.21732684e-07 5.66066598e-07
  6.69044821e-07 6.19763602e-07 4.74829609e-07 4.30021752e-07
  4.41247691e-07 4.93628729e-07 4.56069117e-07 3.11179620e-07
  3.12538704e-07 2.86841406e-07 4.25257512e-07 5.58053975e-07
  4.42290721e-07 4.56322132e-07 3.99482245e-07 5.35707507e-07
  4.68598614e-07 4.62247188e-07]
 [5.59791979e-06 3.60147133e-06 1.18448623e-06 7.93175207e-07
  6.66378714e-07 2.48198192e-07 2.50871495e-07 5.41165485e-07
  2.29525416e-07 4.82677628e-07 3.78893708e-07 2.95015740e-07
  4.40903556e-07 3.26822580e-07 4.02441951e-07 4.27548687e-07
  3.45469272e-07 5.00654348e-07 2.88895087e-07 3.63153626e-07
  3.08193306e-07 2.56728660e-07 2.53993930e-07 3.06578895e-07
  3.42801401e-07 3.54108434e-07 4.18217843e-07 3.32395056e-07
  3.44584158e-07 3.62937723e-07 3.67107947e-07 2.48079460e-07
  3.68615010e-07 2.47974415e-07 2.54118492e-07 2.47382973e-07
  2.63231280e-07 2.03146136e-07 3.35183538e-07 3.54960109e-07
  3.42831685e-07 2.80421572e-07 3.62171968e-07 2.67597010e-07
  3.16316220e-07 2.63754196e-07 3.89830257e-07 4.93855493e-07
  3.83307989e-07 2.76411190e-07]
 [2.29425464e-06 4.68109585e-07 3.33920040e-07 3.87716702e-07
  3.50225174e-07 2.38867364e-07 4.08518730e-07 2.75360139e-07
  3.33888900e-07 2.54906871e-07 4.16257244e-07 2.85817183e-07
  3.96989356e-07 2.28632285e-07 2.29151882e-07 3.37105033e-07
  3.85166214e-07 3.62196546e-07 1.97713608e-07 2.74655892e-07
  2.41648233e-07 2.08464535e-07 2.70928383e-07 3.16400062e-07
  3.08148328e-07 3.29156562e-07 3.18841840e-07 3.71649258e-07
  2.69518458e-07 2.85915003e-07 2.62745917e-07 2.18374802e-07
  3.56089091e-07 2.40397796e-07 4.15253866e-07 2.66822360e-07
  3.06560115e-07 3.34766129e-07 4.10283299e-07 2.08292593e-07
  3.09416105e-07 3.89047537e-07 3.19510548e-07 2.82978691e-07
  3.42608978e-07 2.30573311e-07 2.92783296e-07 2.97377914e-07
  2.21853850e-07 2.22118827e-07]
 [1.17806490e-06 3.51848080e-07 4.92153488e-07 3.46161729e-07
  2.75102631e-07 3.71789165e-07 2.81063019e-07 4.54733970e-07
  3.07239761e-07 2.83025874e-07 3.24091430e-07 1.94041638e-07
  2.79178190e-07 2.60647449e-07 2.39454073e-07 3.21320575e-07
  4.11456600e-07 3.40645586e-07 2.60036325e-07 3.47323696e-07
  3.01491310e-07 2.98641890e-07 2.48755772e-07 3.24119907e-07
  3.07745444e-07 2.73792307e-07 3.24193777e-07 2.56251456e-07
  2.53771447e-07 2.47948736e-07 3.03535580e-07 2.93355234e-07
  2.12503839e-07 2.41744027e-07 2.21189784e-07 3.02867640e-07
  2.46896373e-07 3.17592624e-07 2.17478565e-07 2.59027266e-07
  1.77882743e-07 3.17367319e-07 2.61204499e-07 4.27364425e-07
  3.30992951e-07 2.77825319e-07 2.64735873e-07 3.30191359e-07
  2.70516383e-07 2.24093968e-07]]
