args:  Namespace(attack='fgm', gaussian=False, l2=0, ndim=2)
elapsed time: 4857.264832746
test_losses: [[2.00150506e-03 1.62548755e-03 1.06864762e-03 7.06472217e-04
  6.28734581e-04 4.85005163e-04 4.25314520e-04 3.03459176e-04
  3.09693346e-04 2.75237056e-04 2.80329995e-04 2.04521440e-04
  2.55624991e-04 1.69261884e-04 2.08873954e-04 1.96608896e-04
  1.84700868e-04 1.55603155e-04 1.53189880e-04 1.59217923e-04
  1.32767218e-04 1.62258461e-04 1.17437241e-04 1.26499998e-04
  1.41628919e-04 9.56311061e-05 9.86951601e-05 1.09078768e-04
  1.01449916e-04 9.90328186e-05]
 [1.27208580e-03 1.54450309e-03 1.02650531e-03 7.57417290e-04
  5.47377771e-04 4.03889384e-04 3.36764261e-04 3.21574340e-04
  2.88603818e-04 2.79500341e-04 2.13536804e-04 2.02753476e-04
  1.97511249e-04 1.74315043e-04 1.84279586e-04 1.56420423e-04
  1.55071528e-04 1.23593423e-04 1.49260930e-04 1.31732304e-04
  1.17328858e-04 1.23487415e-04 1.10355515e-04 1.01559335e-04
  1.08102192e-04 1.05442674e-04 7.59727307e-05 1.03642283e-04
  9.94341554e-05 8.18243241e-05]
 [1.25384372e-03 1.10137633e-03 8.35720405e-04 4.85365830e-04
  4.79156029e-04 3.57371155e-04 3.18852122e-04 2.26387920e-04
  1.99062562e-04 2.03557041e-04 1.75416191e-04 1.87137703e-04
  1.43291089e-04 1.73752545e-04 1.31069504e-04 1.41640049e-04
  1.33813794e-04 1.11084168e-04 1.12244332e-04 1.02724467e-04
  1.08171275e-04 8.69969390e-05 8.95204766e-05 9.28243519e-05
  8.25556023e-05 8.45060349e-05 7.48378099e-05 7.54365728e-05
  8.51289158e-05 6.31295103e-05]
 [1.35018254e-03 1.10909781e-03 7.09387267e-04 4.91283252e-04
  3.97775739e-04 3.18916176e-04 2.92254000e-04 2.77495279e-04
  2.26112222e-04 2.09780726e-04 1.81255154e-04 1.65776167e-04
  1.43869869e-04 1.39055283e-04 1.41400663e-04 1.28862661e-04
  1.13978767e-04 1.00287468e-04 1.07559941e-04 1.08376348e-04
  9.80073498e-05 8.53409311e-05 8.74360924e-05 8.81657040e-05
  7.50409960e-05 7.63306315e-05 7.16599496e-05 6.81556325e-05
  7.15607924e-05 6.46983351e-05]
 [3.27427555e-03 8.97296797e-04 5.07269517e-04 4.51292200e-04
  3.71006259e-04 2.69125434e-04 2.20244374e-04 2.32336266e-04
  1.97671168e-04 1.43041380e-04 1.63273511e-04 1.46974898e-04
  1.33281587e-04 1.24893320e-04 1.30872763e-04 1.24487630e-04
  1.11166807e-04 9.59360163e-05 9.41725189e-05 9.00471330e-05
  8.89844775e-05 7.62743836e-05 8.85057960e-05 7.19553916e-05
  7.24734341e-05 6.74394913e-05 6.08115234e-05 6.61567929e-05
  6.22731814e-05 6.76102381e-05]
 [4.48747932e-03 1.11776757e-03 5.65638919e-04 4.53523435e-04
  3.42836053e-04 2.50482445e-04 2.27220508e-04 2.08173537e-04
  1.83854670e-04 1.77684888e-04 1.58832293e-04 1.32033238e-04
  1.19957097e-04 1.27635094e-04 1.09474687e-04 1.09233238e-04
  1.00309753e-04 9.81000265e-05 9.91279212e-05 7.76526909e-05
  9.55663864e-05 8.24350609e-05 7.71727995e-05 7.73223386e-05
  7.78325072e-05 6.63831677e-05 6.79445422e-05 6.12267932e-05
  6.59972626e-05 6.78034569e-05]
 [7.99200842e-03 1.59607369e-03 5.11577705e-04 3.82639672e-04
  3.10143793e-04 2.48661257e-04 2.08506972e-04 1.82977768e-04
  1.94673635e-04 1.53156969e-04 1.48540033e-04 1.30276054e-04
  1.33149575e-04 1.10954624e-04 1.02569469e-04 1.09297081e-04
  1.03288792e-04 8.61718411e-05 8.36657167e-05 9.08497178e-05
  8.25317685e-05 7.34768669e-05 7.54100811e-05 7.17275413e-05
  6.49950592e-05 7.03213325e-05 6.03811992e-05 6.35392397e-05
  5.97117297e-05 5.86058833e-05]
 [1.06301079e-02 3.06514035e-03 1.00694904e-03 4.61896477e-04
  3.43799221e-04 2.90255636e-04 2.27667317e-04 1.77761708e-04
  1.74653975e-04 1.53626475e-04 1.49498440e-04 1.25334086e-04
  1.25633194e-04 1.28904359e-04 1.12502906e-04 9.94696616e-05
  9.17090506e-05 1.01925699e-04 9.63975242e-05 8.33592433e-05
  8.18496434e-05 7.85828250e-05 6.67032466e-05 7.53437763e-05
  6.84939884e-05 5.77566906e-05 6.26554304e-05 6.57788413e-05
  6.52270806e-05 5.76810713e-05]]
variance: [[5.25680957e-06 5.51550200e-06 2.65651238e-06 9.10593584e-07
  9.09457987e-07 6.40299790e-07 3.22030640e-07 1.87264316e-07
  1.88063015e-07 1.73376120e-07 1.77605904e-07 1.47220347e-07
  1.65023604e-07 5.07975542e-08 1.40442458e-07 1.06673591e-07
  8.15455822e-08 5.55314622e-08 4.43671488e-08 4.30971445e-08
  3.91998460e-08 7.05002099e-08 4.13333477e-08 5.01891315e-08
  5.63156538e-08 1.90243243e-08 2.12668407e-08 4.05025156e-08
  2.05504885e-08 1.96281661e-08]
 [2.07345710e-06 5.43717364e-06 1.95205092e-06 1.45990208e-06
  5.75056916e-07 3.69457284e-07 1.99831412e-07 2.26511917e-07
  2.76560144e-07 2.18169651e-07 1.04178656e-07 9.45076965e-08
  8.32668253e-08 5.93234452e-08 8.69460552e-08 5.71796076e-08
  6.35107098e-08 2.25147827e-08 4.38478732e-08 4.09620660e-08
  2.76261142e-08 3.67521852e-08 2.74348467e-08 2.23574587e-08
  2.46357029e-08 2.41610678e-08 1.38781399e-08 2.16781784e-08
  1.80999557e-08 1.55870079e-08]
 [1.84872457e-06 2.15019232e-06 1.35700231e-06 3.78093433e-07
  4.63053245e-07 2.51592007e-07 1.74446278e-07 9.14101087e-08
  6.98404401e-08 6.61497591e-08 5.53402673e-08 5.76853632e-08
  3.93398265e-08 6.11494048e-08 2.98664026e-08 3.93891025e-08
  3.15484575e-08 2.36498456e-08 1.87823849e-08 2.42749888e-08
  2.34406773e-08 1.12610862e-08 1.19667267e-08 2.61198857e-08
  1.45398784e-08 1.18841533e-08 1.17033075e-08 9.25998378e-09
  1.65858330e-08 8.12551205e-09]
 [2.67077106e-06 2.16207124e-06 9.43978447e-07 5.79166943e-07
  3.34606771e-07 1.59888290e-07 1.49732470e-07 1.45541245e-07
  1.01347894e-07 7.51228807e-08 6.60930282e-08 4.70315413e-08
  3.92136891e-08 3.84624688e-08 3.40359022e-08 3.81134081e-08
  2.34347983e-08 1.93136736e-08 2.04584336e-08 1.73723156e-08
  1.85277296e-08 1.44439083e-08 1.54333608e-08 1.49626687e-08
  9.80827398e-09 1.02914228e-08 1.01920230e-08 7.75629505e-09
  1.01089386e-08 7.36322026e-09]
 [1.98492376e-05 1.41322854e-06 4.45267313e-07 2.97552502e-07
  2.30166082e-07 1.18706751e-07 6.51084477e-08 8.68903665e-08
  6.38571396e-08 4.31355661e-08 3.56854434e-08 2.94884450e-08
  2.48635189e-08 2.91732831e-08 2.48885205e-08 2.01159349e-08
  2.57446969e-08 1.84016128e-08 1.59274088e-08 1.39400560e-08
  1.46796699e-08 9.37407816e-09 1.36285204e-08 8.30953249e-09
  8.03090491e-09 9.05568824e-09 6.19200822e-09 6.47357518e-09
  4.65523633e-09 7.16466835e-09]
 [2.80304818e-05 3.95364802e-06 3.86024630e-07 2.81348918e-07
  1.98116798e-07 7.63993391e-08 6.74815589e-08 5.75256629e-08
  4.96210932e-08 5.43338058e-08 4.87154746e-08 2.72940996e-08
  2.28454691e-08 3.65193798e-08 1.56024424e-08 1.91091499e-08
  2.23659828e-08 1.97219375e-08 1.48616600e-08 7.48633249e-09
  1.27910771e-08 1.30309641e-08 9.87516380e-09 1.01378751e-08
  1.02171699e-08 6.54258121e-09 8.71713974e-09 6.09783150e-09
  6.75071152e-09 6.81557854e-09]
 [4.23401685e-05 7.94250125e-06 3.54994414e-07 1.68110672e-07
  1.07477643e-07 7.00036493e-08 6.50436436e-08 5.07334249e-08
  5.82644634e-08 2.97805707e-08 4.47014806e-08 2.25837834e-08
  3.05691238e-08 1.83807113e-08 1.42573565e-08 1.43905002e-08
  1.46722923e-08 1.02963317e-08 1.02352987e-08 9.53820187e-09
  9.27786260e-09 7.39736742e-09 7.49785206e-09 6.66780405e-09
  5.48408589e-09 7.15919269e-09 5.51625707e-09 6.10150327e-09
  4.62031555e-09 6.34371510e-09]
 [3.93696285e-05 1.76720254e-05 3.13329068e-06 2.46277399e-07
  1.30714051e-07 1.08475311e-07 6.38814436e-08 4.26328616e-08
  4.02502991e-08 3.04860412e-08 3.44643550e-08 1.92445308e-08
  2.21424711e-08 2.03025073e-08 1.46460422e-08 1.59302782e-08
  1.09245892e-08 1.39167477e-08 1.22954152e-08 8.66121306e-09
  1.16518810e-08 6.58268234e-09 6.18737789e-09 7.17622359e-09
  8.86247978e-09 3.92612721e-09 5.28523668e-09 6.39814806e-09
  5.47306894e-09 3.55948692e-09]]
