args:  Namespace(attack='pgd', gaussian=False, l2=0, ndim=5)
elapsed time: 26377.240369670002
test_losses: [[0.04433434 0.04424651 0.04070284 0.03695325 0.031464   0.02952473
  0.02514126 0.02395655 0.02531641 0.02313011 0.02251334 0.02139498
  0.02069291 0.01961347 0.01893723 0.0220566  0.02041738 0.0247421
  0.02467433 0.02338378 0.02176608 0.02286082 0.02039283 0.02193784
  0.02249532 0.02014859 0.01971226 0.01973415 0.02011715 0.0191543 ]
 [0.0052311  0.00468381 0.00483208 0.0049782  0.00469689 0.00468869
  0.00469213 0.0047276  0.00485627 0.00468829 0.00479201 0.00471177
  0.00474375 0.00475673 0.00473867 0.00458531 0.00471398 0.00469476
  0.00477792 0.00489172 0.00471738 0.00469834 0.00482673 0.00473993
  0.00472577 0.00459441 0.00468478 0.00472557 0.0046915  0.00468744]
 [0.00974816 0.00674921 0.00516032 0.00468033 0.00441614 0.00437417
  0.00431549 0.00425032 0.00424894 0.0041849  0.00431458 0.00416368
  0.0042875  0.00439386 0.00423192 0.00417859 0.00430072 0.00435112
  0.00413896 0.00417887 0.00421015 0.00448446 0.00442273 0.00417569
  0.00407064 0.00432604 0.00426837 0.00416232 0.00406584 0.00425148]
 [0.01466223 0.01599427 0.01144682 0.01086942 0.00862808 0.00888808
  0.00831502 0.00772446 0.00736399 0.00795352 0.00705238 0.00606614
  0.00628511 0.00655656 0.00747804 0.0058669  0.00568942 0.00610819
  0.00614153 0.0068871  0.00589904 0.00534775 0.00594625 0.00545137
  0.00512737 0.00562223 0.0054227  0.0057758  0.00524057 0.00528139]
 [0.04316999 0.04223445 0.04091888 0.04107927 0.04182682 0.04214803
  0.04216559 0.04236963 0.04228585 0.04279604 0.04256372 0.04291419
  0.04260799 0.04274895 0.04315022 0.04313024 0.04330998 0.04329752
  0.04307864 0.04334868 0.0433473  0.04360707 0.04345153 0.04332705
  0.04343908 0.04371703 0.04328683 0.04359092 0.04356453 0.0438842 ]
 [0.04782338 0.04405686 0.04411254 0.04507554 0.04490968 0.04535246
  0.04505447 0.04583436 0.04563687 0.04604104 0.04611558 0.04611964
  0.04610349 0.04634214 0.04613609 0.04648317 0.04624427 0.04650053
  0.0464926  0.04621439 0.04626081 0.04631749 0.04624238 0.04636595
  0.04636837 0.04663183 0.04631424 0.04617965 0.04625905 0.0467435 ]
 [0.04789492 0.04825646 0.04825353 0.04862707 0.04875234 0.04896588
  0.04912145 0.04905747 0.04903559 0.04918207 0.0492457  0.04927877
  0.04912439 0.0492451  0.04932358 0.04918929 0.04928018 0.04916566
  0.04929724 0.04920227 0.04922903 0.04919981 0.04911982 0.04926493
  0.04929172 0.04919324 0.04926596 0.04923841 0.04920796 0.04919636]
 [0.04898732 0.04934495 0.04957125 0.0495112  0.04957945 0.04955247
  0.04960332 0.0496233  0.04963332 0.04950546 0.04958275 0.04963729
  0.04956286 0.04952226 0.04957656 0.0495278  0.04956363 0.04959859
  0.0495159  0.04954896 0.04956161 0.04957801 0.04953975 0.04953259
  0.04947476 0.04957428 0.04955714 0.04955283 0.04953775 0.04957234]]
variance: [[1.09642805e-04 1.07444365e-04 1.70794683e-04 2.37112623e-04
  2.96639744e-04 3.01316849e-04 3.34138949e-04 3.00980643e-04
  3.10341286e-04 3.00121777e-04 2.80116948e-04 3.04641547e-04
  3.20374185e-04 2.67267646e-04 2.81838846e-04 3.03794844e-04
  2.89444799e-04 3.25689420e-04 3.17821755e-04 2.87585422e-04
  3.34578260e-04 3.10536133e-04 2.89322934e-04 3.31072287e-04
  3.05538216e-04 3.14433225e-04 2.67052561e-04 2.78498347e-04
  2.92713466e-04 3.01191702e-04]
 [8.01539710e-06 2.51375924e-06 2.62735412e-06 2.80135862e-06
  2.06328093e-06 2.19520736e-06 2.14964849e-06 2.56002372e-06
  2.05191313e-06 2.11669244e-06 2.21223280e-06 2.08591313e-06
  1.99533905e-06 2.00102126e-06 1.92735121e-06 1.95573753e-06
  2.10242466e-06 2.09427151e-06 1.93265093e-06 2.00993255e-06
  2.05130448e-06 1.85357852e-06 1.81731589e-06 1.99451612e-06
  1.76816560e-06 2.03480324e-06 2.00157896e-06 2.02191443e-06
  1.78841361e-06 1.82756917e-06]
 [6.40688362e-05 4.25833476e-05 1.48501621e-05 8.79451991e-06
  5.04980154e-06 3.17905685e-06 3.04779738e-06 2.68285305e-06
  3.07968780e-06 2.84889710e-06 3.12982268e-06 3.10065135e-06
  2.63703880e-06 3.29665563e-06 2.65472356e-06 2.50092928e-06
  2.71289278e-06 2.62728937e-06 2.54875504e-06 2.34381072e-06
  3.13774615e-06 2.86859461e-06 2.86859568e-06 3.09809150e-06
  2.77217428e-06 2.64957285e-06 3.04618647e-06 2.37065927e-06
  2.69318547e-06 2.38224774e-06]
 [9.70039278e-05 2.21169388e-04 1.23375248e-04 1.31848569e-04
  9.50082818e-05 1.07651048e-04 1.05600781e-04 8.85323832e-05
  8.39790537e-05 1.07404917e-04 7.38020626e-05 4.08344857e-05
  5.06424913e-05 5.88098400e-05 8.56292927e-05 5.04923018e-05
  4.40166470e-05 5.25419787e-05 4.89951400e-05 7.44286824e-05
  4.10733137e-05 3.37794823e-05 4.88970513e-05 3.02572730e-05
  2.86873336e-05 3.39816718e-05 2.36265723e-05 4.26404943e-05
  2.20743393e-05 2.50686924e-05]
 [1.51307707e-04 6.63276135e-05 2.83111644e-05 1.73152417e-05
  2.15913857e-05 1.72221640e-05 1.31148333e-05 1.36370572e-05
  1.42433301e-05 1.41273100e-05 1.34938137e-05 1.48926513e-05
  1.18072618e-05 1.31848345e-05 1.27455684e-05 1.12459989e-05
  1.18089688e-05 1.14691819e-05 1.17520233e-05 1.05371668e-05
  1.14462118e-05 1.22511649e-05 1.13906232e-05 1.33781603e-05
  1.16934865e-05 1.19461053e-05 1.14819323e-05 1.02907317e-05
  1.11814921e-05 9.45374614e-06]
 [1.23751849e-04 2.40024595e-05 1.80737454e-05 1.44456718e-05
  1.44316607e-05 1.35551382e-05 1.49398684e-05 1.19639556e-05
  1.20573743e-05 1.23936934e-05 1.03383284e-05 1.03746349e-05
  1.02794491e-05 1.06045269e-05 1.13703675e-05 9.92818440e-06
  1.00787838e-05 8.49063136e-06 9.36270539e-06 9.63325769e-06
  1.09254944e-05 1.01848991e-05 1.07489679e-05 1.10816265e-05
  9.00060231e-06 9.44171804e-06 1.14650851e-05 1.08492487e-05
  1.01676044e-05 8.27119980e-06]
 [2.70572236e-05 7.41695279e-06 6.44049796e-06 5.30535357e-06
  4.56336207e-06 3.33660119e-06 1.92763867e-06 2.39858844e-06
  2.57823171e-06 1.55197103e-06 1.36187175e-06 7.69545825e-07
  1.88424468e-06 1.40712946e-06 6.45257915e-07 1.38941214e-06
  8.08608222e-07 1.32479025e-06 5.21733294e-07 8.84653129e-07
  1.48831468e-06 1.24601796e-06 1.61615080e-06 9.03355423e-07
  4.20042329e-07 9.81368193e-07 8.66458808e-07 1.13250512e-06
  1.11555276e-06 1.09133901e-06]
 [5.40108493e-06 1.71872457e-06 4.43464015e-07 9.79117929e-07
  4.66920991e-07 3.29694803e-07 5.19387874e-07 3.71232498e-07
  5.41868132e-07 6.13387923e-07 5.59279959e-07 3.59933530e-07
  6.88788748e-07 3.61866316e-07 3.90768304e-07 3.31539682e-07
  4.91371004e-07 4.74145357e-07 7.52136422e-07 4.74245160e-07
  5.65163686e-07 5.42712656e-07 5.35703404e-07 5.90967794e-07
  5.52385317e-07 4.17413649e-07 6.98006133e-07 4.34481585e-07
  3.75578961e-07 3.95742524e-07]]
