args:  Namespace(attack='fgm', gaussian=True, l2=0, ndim=10)
elapsed time: 13409.746660013
test_losses: [[0.10237023 0.09491117 0.08828795 0.07695155 0.0712268  0.06409791
  0.06731861 0.07496928 0.10277876 0.09740047 0.06937736 0.05356124
  0.0405313  0.03151534 0.02298858 0.01971349 0.0165618  0.01408215
  0.01221611 0.01168282 0.01056669 0.00983002 0.00827292 0.00753551
  0.00719496 0.00691866 0.00629927 0.0061717  0.00548431 0.00520457]
 [0.0942828  0.08939396 0.08229155 0.07406951 0.06088426 0.06382979
  0.06938077 0.07771856 0.10291576 0.10202744 0.06738986 0.04996727
  0.03795276 0.02842805 0.02095462 0.02012492 0.01616481 0.01408057
  0.01122565 0.01092491 0.00951302 0.00853804 0.00794977 0.00755995
  0.00760094 0.00639892 0.00609643 0.00577655 0.00525969 0.00550297]
 [0.09361283 0.08663212 0.07929929 0.06787408 0.06559615 0.05524591
  0.05792166 0.07258048 0.08043447 0.09893231 0.05937123 0.04220297
  0.0304545  0.02376928 0.02069384 0.01678785 0.01471006 0.01273628
  0.01197298 0.01062969 0.00952386 0.00859302 0.00768635 0.00749402
  0.00652584 0.00668851 0.00610378 0.00596075 0.00558517 0.00527289]
 [0.09156329 0.0859189  0.07568562 0.06775567 0.05830703 0.05916301
  0.05586711 0.06630082 0.07967859 0.07619195 0.05610021 0.03835742
  0.02785513 0.02428967 0.01908453 0.01750672 0.01372939 0.01272493
  0.0117661  0.01019222 0.00999448 0.00844618 0.00848161 0.00707657
  0.00702486 0.00624611 0.00559353 0.00567243 0.0054132  0.00495949]
 [0.09135643 0.0839736  0.07334257 0.0692182  0.06349104 0.05741284
  0.05743233 0.06074524 0.06603165 0.06895045 0.04304728 0.03405606
  0.02717948 0.02328843 0.01736963 0.01651301 0.01354464 0.01234206
  0.01109223 0.00983198 0.00909928 0.00823968 0.00804966 0.0076241
  0.00661496 0.0064851  0.00601011 0.005368   0.00575861 0.00502957]
 [0.09071064 0.0839017  0.07366956 0.06536971 0.06154273 0.05688414
  0.06047204 0.05958506 0.06876577 0.05958518 0.04300157 0.03298155
  0.02441249 0.02073434 0.01786176 0.01500693 0.01330587 0.01208096
  0.01054231 0.00970525 0.00886651 0.00893939 0.00743677 0.00727123
  0.00655362 0.00638433 0.00552429 0.00581314 0.00516589 0.00493033]
 [0.0919815  0.08315116 0.07509988 0.06862307 0.05824828 0.05896039
  0.05698138 0.05839305 0.0562204  0.05097983 0.03586434 0.02922098
  0.02358393 0.02056536 0.01708953 0.01558837 0.01469221 0.01155173
  0.0109724  0.00987036 0.00889601 0.00810189 0.00743285 0.00674091
  0.00670073 0.00615594 0.00605441 0.005496   0.00528397 0.00475853]
 [0.09221911 0.08324139 0.07556203 0.06704236 0.06101177 0.05649423
  0.05688182 0.05634388 0.05388183 0.04592203 0.03491921 0.0291851
  0.02171507 0.01869677 0.01783106 0.01512353 0.01325521 0.01153206
  0.01040044 0.00996122 0.009002   0.00841106 0.00753129 0.00677475
  0.00624636 0.00634486 0.00590795 0.00537801 0.00530744 0.00493072]
 [0.09189828 0.08254811 0.07327534 0.06754996 0.05901082 0.05770227
  0.05123607 0.0539077  0.04681119 0.04224805 0.03104527 0.027372
  0.02155255 0.01848741 0.01532078 0.01425646 0.01316265 0.01122616
  0.01066288 0.0094813  0.00817385 0.00809873 0.00804492 0.00669264
  0.00653303 0.00644722 0.00581396 0.00545671 0.00504642 0.00511272]
 [0.09078692 0.08316206 0.07341739 0.06734655 0.05911807 0.05443329
  0.05221675 0.05094836 0.04564413 0.03530408 0.03145863 0.02693553
  0.02151736 0.01818181 0.01546952 0.01478505 0.01238095 0.01186742
  0.0107188  0.01003014 0.00879816 0.00782547 0.00742011 0.00683916
  0.00649889 0.00588379 0.00607178 0.0053834  0.00538105 0.00468904]
 [0.09212191 0.08294211 0.07635359 0.06837061 0.06097827 0.05584755
  0.05173709 0.04767792 0.0420548  0.03421423 0.02959396 0.02509992
  0.02204945 0.01855334 0.01670378 0.01473054 0.01197687 0.01209581
  0.00974429 0.0088712  0.00856746 0.0084689  0.00714612 0.00697245
  0.00670312 0.00632803 0.00580129 0.00527082 0.0049186  0.00494026]
 [0.09116806 0.08392989 0.07306461 0.06668827 0.06201559 0.05186156
  0.04853372 0.04331885 0.0364839  0.03085478 0.02593606 0.02294086
  0.01965711 0.01743388 0.01523255 0.0137464  0.01221117 0.01116149
  0.01043593 0.00966423 0.00897681 0.00885132 0.00731246 0.00676512
  0.00682947 0.00630828 0.00598601 0.00576043 0.00560952 0.00494945]
 [0.09090693 0.08394752 0.07435324 0.06728926 0.06004235 0.05114356
  0.04727254 0.04050251 0.03589498 0.03195262 0.0262608  0.02347596
  0.02088629 0.01944485 0.0157054  0.01436688 0.01396345 0.01264978
  0.0118604  0.0113581  0.00983551 0.00906694 0.00896352 0.00811408
  0.00761967 0.00695409 0.00652487 0.00648434 0.00616899 0.00571212]
 [0.09079158 0.08382004 0.07419774 0.0667601  0.0626294  0.05606342
  0.0500104  0.04405022 0.03882874 0.03453152 0.03186343 0.02735427
  0.02447872 0.02203317 0.01915139 0.01722577 0.0167053  0.01533415
  0.01434557 0.01174867 0.01098364 0.01040035 0.01012492 0.00919128
  0.00882035 0.00832625 0.00760934 0.00762534 0.00683286 0.00669635]
 [0.09210478 0.08409606 0.07830885 0.07100478 0.06538411 0.05974298
  0.05687346 0.05155089 0.04548776 0.04107128 0.03520915 0.03416128
  0.02879506 0.02743939 0.02642089 0.02258722 0.02136781 0.01942549
  0.01737991 0.01559195 0.01501142 0.0134763  0.01226299 0.0117671
  0.01123462 0.01021758 0.00992865 0.00922904 0.00907812 0.00861644]]
variance: [[4.69994101e-04 5.55728735e-04 9.64431139e-04 1.28065995e-03
  1.44303893e-03 2.48126501e-03 5.50466528e-03 4.92745921e-03
  2.32162610e-02 1.28691675e-02 4.87635885e-03 3.94789348e-03
  1.78887125e-03 1.57578040e-03 3.76396297e-04 3.42535807e-04
  2.31192931e-04 8.78626022e-05 1.06066116e-04 6.65727941e-05
  6.75259212e-05 4.15125107e-05 3.33768907e-05 2.74287190e-05
  2.56961291e-05 2.19291190e-05 1.56131470e-05 1.55768487e-05
  1.05149223e-05 6.08197290e-06]
 [2.70817356e-04 3.97816520e-04 7.54187851e-04 1.03450161e-03
  1.14627635e-03 1.68168043e-03 8.21432123e-03 1.07069451e-02
  1.26866054e-02 1.17514442e-02 5.86989155e-03 2.34814840e-03
  1.81382698e-03 5.96730102e-04 3.15881496e-04 4.04726130e-04
  1.88590651e-04 9.97053898e-05 6.16567087e-05 8.22499507e-05
  4.79705387e-05 2.99344651e-05 2.23696321e-05 2.06255908e-05
  2.25816056e-05 1.46929621e-05 1.28893322e-05 1.27592210e-05
  8.41696471e-06 1.51730045e-05]
 [1.82261275e-04 3.86706425e-04 6.20980104e-04 9.25553840e-04
  1.16324803e-03 1.03692301e-03 1.93729550e-03 6.55849431e-03
  5.95452218e-03 1.27798310e-02 3.03305935e-03 1.44463298e-03
  5.90802703e-04 4.09455619e-04 3.30164618e-04 1.37592567e-04
  9.95938813e-05 9.65504429e-05 7.24751284e-05 4.62510196e-05
  3.77640101e-05 2.67320107e-05 2.62593117e-05 2.38067803e-05
  1.25511027e-05 1.76710465e-05 1.67336956e-05 1.17918921e-05
  1.06937416e-05 8.63107473e-06]
 [1.75850598e-04 3.27584652e-04 4.91310234e-04 7.62681006e-04
  8.38095016e-04 1.67205782e-03 1.76398648e-03 3.28507546e-03
  5.27992086e-03 5.17391493e-03 2.92470368e-03 1.33926311e-03
  7.82870813e-04 4.73202308e-04 2.19105862e-04 1.91794185e-04
  1.05964841e-04 7.28312410e-05 9.72845343e-05 4.24896577e-05
  4.65774276e-05 2.88499095e-05 2.59599701e-05 1.85083105e-05
  1.80900829e-05 1.35214585e-05 1.05590761e-05 1.14540951e-05
  8.71343135e-06 7.23086415e-06]
 [1.73439565e-04 3.31893880e-04 5.08203758e-04 5.63269345e-04
  7.18367886e-04 1.09383698e-03 1.47077802e-03 2.63419487e-03
  3.62472471e-03 3.77464919e-03 1.35592109e-03 7.78303383e-04
  5.22536732e-04 4.37686627e-04 1.55829223e-04 1.40846084e-04
  8.96116665e-05 7.85938383e-05 6.10961482e-05 3.91855817e-05
  3.01307119e-05 3.09251520e-05 2.50251700e-05 2.28895851e-05
  1.71751574e-05 1.67372099e-05 1.44271290e-05 9.06770924e-06
  9.35235060e-06 6.43605512e-06]
 [1.65457509e-04 3.39308171e-04 4.55718364e-04 5.24635239e-04
  8.97887568e-04 9.34495219e-04 1.56910066e-03 1.80214071e-03
  3.41079660e-03 2.24054290e-03 1.22281770e-03 7.75877882e-04
  3.24441079e-04 2.45253130e-04 1.64749704e-04 1.27357233e-04
  8.83596546e-05 6.83457820e-05 4.88790424e-05 3.58607759e-05
  2.77583846e-05 4.17625054e-05 2.30848928e-05 1.84272566e-05
  1.36032587e-05 1.39226237e-05 9.17537590e-06 1.13909676e-05
  8.45555987e-06 6.38438793e-06]
 [1.36757874e-04 3.10768805e-04 4.12997392e-04 5.38550149e-04
  7.17390494e-04 1.08435821e-03 1.22864821e-03 2.11279841e-03
  1.92963167e-03 1.21697483e-03 7.05510973e-04 5.44436787e-04
  3.21104281e-04 2.52368036e-04 1.31200068e-04 1.07440462e-04
  1.20651103e-04 5.48374582e-05 5.45865343e-05 3.36818518e-05
  2.85044062e-05 2.12190102e-05 1.93415168e-05 1.60085013e-05
  1.41183890e-05 1.40468266e-05 1.20233850e-05 1.24053743e-05
  8.61038952e-06 7.72014985e-06]
 [1.27528192e-04 2.76366496e-04 4.46976451e-04 5.31546147e-04
  5.72485661e-04 7.82433830e-04 1.22317850e-03 1.32740456e-03
  1.47959306e-03 9.57589166e-04 6.31178674e-04 5.34323323e-04
  2.03337892e-04 1.95666881e-04 1.64459751e-04 1.19405749e-04
  7.88541085e-05 5.42931783e-05 3.57297821e-05 4.68029037e-05
  3.49697616e-05 3.29792871e-05 2.55596478e-05 1.49110757e-05
  1.35846186e-05 1.39474471e-05 1.04544943e-05 9.18364877e-06
  7.61092487e-06 6.53938599e-06]
 [1.41741292e-04 2.76348926e-04 4.39927926e-04 6.11819731e-04
  6.19072150e-04 7.24948779e-04 1.07321150e-03 1.19169931e-03
  8.68984685e-04 7.41732173e-04 4.07085444e-04 3.28647920e-04
  2.24985592e-04 1.54081365e-04 9.67232403e-05 6.72452964e-05
  6.45008159e-05 4.97510447e-05 4.59122815e-05 3.20059224e-05
  1.99968298e-05 2.27943411e-05 2.94458612e-05 1.47539610e-05
  1.54807346e-05 1.93693387e-05 1.00218147e-05 7.54161246e-06
  9.86994336e-06 1.08819680e-05]
 [1.60067673e-04 3.13413671e-04 4.18632513e-04 4.36297937e-04
  5.96490942e-04 5.61575469e-04 6.74701698e-04 7.84364418e-04
  7.61001973e-04 4.66472469e-04 3.89322722e-04 3.71782518e-04
  1.94844197e-04 1.58040201e-04 1.13125526e-04 1.16002128e-04
  6.58029143e-05 5.00390293e-05 4.98670372e-05 4.13090822e-05
  2.99577253e-05 2.36909102e-05 1.69897019e-05 1.54563005e-05
  1.33088143e-05 1.10694699e-05 1.31541107e-05 9.43759875e-06
  9.16603930e-06 6.59457313e-06]
 [1.16138142e-04 2.78989652e-04 3.47508338e-04 4.48991539e-04
  5.35331510e-04 6.32827554e-04 7.01801107e-04 7.38107050e-04
  7.22215989e-04 3.78999531e-04 3.64167700e-04 2.78480146e-04
  1.98356826e-04 1.80564012e-04 1.50123049e-04 1.18376058e-04
  5.25045683e-05 6.91305777e-05 2.97867300e-05 3.02461502e-05
  2.56458502e-05 2.81791137e-05 2.66008342e-05 1.92243391e-05
  1.49267105e-05 1.39478087e-05 1.08612129e-05 8.94010339e-06
  7.29724462e-06 8.03226950e-06]
 [1.63992564e-04 2.64349056e-04 4.11406738e-04 4.36731864e-04
  4.59473035e-04 5.21539463e-04 4.89573390e-04 5.23551641e-04
  3.69686170e-04 2.97282775e-04 2.48497602e-04 2.28067563e-04
  1.51791922e-04 1.13798722e-04 9.79766597e-05 8.03788486e-05
  6.03057738e-05 4.26382918e-05 3.84173595e-05 3.64288576e-05
  2.68245763e-05 2.99039162e-05 1.82807495e-05 1.35690527e-05
  1.31012859e-05 1.54195208e-05 1.08857552e-05 1.19962360e-05
  1.01653274e-05 7.54799412e-06]
 [1.54315879e-04 2.37065963e-04 3.23172695e-04 4.86507918e-04
  4.51494001e-04 4.45570515e-04 4.35415751e-04 3.79521277e-04
  3.69351423e-04 2.83845234e-04 2.26474994e-04 1.93035841e-04
  1.74486007e-04 1.54855176e-04 8.41115618e-05 8.79608786e-05
  1.05891827e-04 8.58090472e-05 6.61619262e-05 5.25958403e-05
  4.10951219e-05 3.35990594e-05 2.85518710e-05 2.43716187e-05
  2.07908512e-05 1.91713498e-05 1.03926141e-05 1.58106153e-05
  1.40674999e-05 1.17093097e-05]
 [1.37276525e-04 2.52635710e-04 3.47092677e-04 3.86564627e-04
  3.97281618e-04 4.57642810e-04 4.59501799e-04 3.94576888e-04
  3.84105375e-04 3.45129783e-04 3.42965493e-04 2.75357173e-04
  2.54784856e-04 2.05976655e-04 1.75284976e-04 1.33528562e-04
  1.36399290e-04 1.28598164e-04 8.78423250e-05 5.53455583e-05
  5.02007954e-05 5.39110521e-05 5.47685779e-05 3.47951601e-05
  3.45036384e-05 3.48618490e-05 1.73977779e-05 1.79663798e-05
  1.77290974e-05 1.62908924e-05]
 [1.35823930e-04 1.98996786e-04 2.75376652e-04 3.63022199e-04
  4.06771415e-04 4.45036367e-04 4.04559675e-04 4.14981776e-04
  4.03891395e-04 4.37559886e-04 3.48622393e-04 3.69777166e-04
  2.90501736e-04 3.22349990e-04 3.00525557e-04 2.75329023e-04
  2.48239661e-04 1.65873311e-04 1.45974277e-04 1.20664521e-04
  1.06635478e-04 8.96394440e-05 7.21466922e-05 6.60428086e-05
  7.21474674e-05 4.19690387e-05 4.73133358e-05 4.41099519e-05
  3.37938906e-05 3.30218527e-05]]
