args:  Namespace(attack='fgsm', gaussian=True, l2=5.0, ndim=1)
elapsed time: 2468.9413849109997
mins: [[4.03389123e-07 6.21277874e-09 2.14611653e-08 1.90990548e-08
  2.04108002e-08 1.93204528e-06 5.92559068e-08 1.25394735e-07
  1.03905468e-05 1.24603173e-06 8.58027488e-06 1.79281033e-05
  1.43520623e-07 6.85195687e-07 3.00387995e-07 6.44799002e-07
  9.95973551e-06 9.08256865e-08 2.59841477e-06 1.43288358e-04
  6.01858028e-06 1.35779075e-04 1.89163347e-05 6.18993212e-08
  1.07063053e-04 7.31027103e-05 6.40961371e-05 1.55429734e-06
  5.07744153e-06 3.86794418e-05]
 [1.94825134e-06 1.76148205e-07 8.00576117e-07 2.09111342e-08
  3.19283801e-11 5.58268994e-07 7.07645768e-06 5.56604618e-07
  1.09021939e-05 1.07346943e-06 1.42851320e-06 1.25588485e-06
  2.68175927e-06 4.86869831e-05 1.10375993e-04 2.37070068e-07
  1.44379931e-06 1.56486792e-07 1.96167330e-05 1.85345834e-06
  1.79819494e-07 2.59031185e-06 2.15555724e-06 3.76966182e-06
  2.92119807e-06 1.37265897e-05 6.31045305e-06 7.71068662e-05
  5.46466144e-05 1.75712048e-03]
 [2.70173643e-07 4.82124688e-06 3.54804683e-06 1.61920968e-06
  1.62423453e-06 3.20025184e-09 1.00512907e-05 1.04928958e-07
  1.15568810e-06 9.95639766e-07 1.55822329e-06 8.10376150e-07
  9.13293570e-06 1.16344800e-07 4.21069262e-06 4.36090886e-07
  2.93886060e-05 7.85415796e-06 3.19351168e-09 5.56571013e-06
  2.73995397e-06 3.52285269e-06 1.55469849e-07 5.34564073e-08
  2.49580080e-05 3.08524392e-07 1.27086227e-04 7.34841160e-06
  5.41243753e-06 9.29786040e-07]
 [1.56873725e-07 3.59183286e-06 9.64449669e-07 1.45519149e-13
  5.04978630e-07 5.28577857e-07 1.21657578e-07 6.93033201e-07
  5.87518969e-07 1.48012123e-06 4.08668342e-07 7.20288114e-08
  9.80732239e-07 5.93232517e-06 3.05134336e-06 1.42094325e-06
  2.31094958e-07 8.65253558e-09 4.76536843e-06 6.85590408e-07
  6.94631865e-07 8.58171312e-09 1.58150178e-05 3.58767700e-08
  9.56438907e-06 1.53036715e-04 5.34288502e-10 3.10706120e-04
  2.98463675e-07 1.28605516e-05]
 [8.91734686e-10 3.13170325e-08 1.26348448e-06 1.51906818e-06
  1.17861205e-08 7.55615943e-08 3.24236316e-06 6.86222279e-07
  2.36647857e-08 4.87650323e-06 2.19887511e-07 1.53939418e-05
  4.10973030e-07 1.57598843e-05 3.30751284e-08 7.70367734e-08
  9.72274165e-07 1.80489781e-06 4.04135244e-05 3.34480246e-05
  1.88427833e-07 5.25534597e-06 7.31463369e-05 3.92134458e-09
  1.33444293e-04 3.73037165e-06 2.57384642e-07 6.74993207e-05
  5.86516107e-04 5.55248291e-04]
 [3.34433395e-07 2.44799509e-07 6.92377498e-08 2.33634879e-07
  2.36061211e-07 1.98882066e-09 1.50411879e-08 1.62219931e-06
  4.18655866e-08 5.11905398e-08 3.74793649e-06 1.62871947e-06
  6.70884049e-07 3.09160387e-05 1.07522396e-06 2.15364689e-05
  1.34451184e-05 2.00288028e-07 2.90171176e-08 2.12614615e-09
  1.39186739e-07 1.78705307e-06 1.39108479e-05 4.32967136e-06
  1.77411275e-05 7.55358778e-05 2.77340320e-08 5.15932044e-08
  4.91214792e-07 3.12137480e-08]
 [3.96373991e-08 2.12754048e-06 1.00746981e-07 2.83234669e-07
  1.29986821e-08 1.21857241e-07 8.99902204e-07 5.19241894e-07
  3.04926130e-06 4.34470707e-07 6.16119706e-08 1.02903812e-07
  2.01023886e-05 2.90209755e-06 3.68220003e-06 1.38546166e-05
  1.86346904e-06 8.63502521e-07 1.71673207e-06 1.37113133e-07
  1.19771323e-06 8.21644971e-06 1.26499901e-06 5.43853787e-07
  7.48309867e-06 1.30260162e-06 2.48427241e-05 3.21907214e-06
  5.34178248e-08 2.21082610e-05]
 [1.17980301e-06 5.35865695e-07 1.45450954e-07 6.79759466e-07
  3.84268795e-08 5.52741533e-08 1.47769683e-07 2.71349768e-06
  5.69890290e-06 2.71861666e-07 1.07092664e-08 6.55101439e-06
  1.49978405e-05 8.53835354e-06 1.83632310e-05 1.90927949e-06
  5.23173221e-05 1.00927014e-06 3.69137888e-06 4.96009716e-06
  6.57051942e-07 1.64828180e-06 3.70710804e-05 1.27749900e-06
  2.01737407e-06 3.45990557e-05 4.22445146e-06 3.30618207e-07
  5.29913446e-09 7.91068828e-07]
 [2.20038473e-07 1.48821039e-06 1.20202515e-07 1.34179015e-08
  1.32101135e-07 1.26189605e-07 1.61080109e-07 7.14534053e-07
  5.74046396e-07 3.49074298e-07 7.21738161e-06 6.08992593e-07
  1.51634779e-07 1.11302970e-12 3.08713925e-06 7.80792107e-08
  3.94706632e-07 2.57371576e-04 4.18214540e-06 1.72307882e-05
  3.11950535e-05 2.04012645e-06 2.80190488e-06 8.97054690e-07
  1.26241275e-05 1.51744343e-05 6.33932586e-07 5.49618198e-06
  9.90034459e-05 6.98312351e-06]
 [3.64662401e-06 2.90204971e-09 1.37989264e-08 1.25593829e-08
  2.60481784e-06 3.84432397e-08 1.64393455e-07 4.30940474e-08
  4.73612660e-09 3.19957763e-07 4.53297289e-10 5.07249993e-08
  1.78809898e-07 5.34233413e-06 1.45174567e-06 4.51881306e-07
  8.66806715e-09 6.22114442e-07 5.55365159e-06 9.63930142e-06
  1.11368377e-06 3.23867221e-06 4.42652436e-06 2.60842244e-05
  1.42140663e-04 1.18731547e-09 1.62304961e-08 3.75576604e-07
  8.53539461e-11 6.47088825e-07]
 [2.39513588e-06 1.04030757e-08 9.50626713e-07 2.00483009e-06
  5.64122260e-08 1.97493159e-06 6.23985943e-06 1.37109862e-06
  8.58602050e-07 2.47422388e-10 9.46407965e-08 8.25383040e-07
  5.93046707e-06 1.84705334e-06 9.34193736e-07 4.88524670e-08
  6.49882415e-09 4.13483895e-06 2.06304071e-06 1.61956862e-07
  2.97117083e-07 2.95772243e-05 2.04800040e-06 6.60272708e-05
  3.02680419e-05 1.31408811e-07 5.29575061e-07 2.90976132e-11
  9.97083771e-06 3.53884637e-08]
 [8.11194880e-08 3.90533472e-08 9.94510174e-07 1.09180228e-07
  1.86141388e-05 7.86628298e-05 5.21029733e-06 5.09943811e-06
  3.52363600e-06 9.37152467e-10 6.30382056e-05 7.91350249e-06
  9.95513692e-05 4.15240764e-04 2.81768498e-05 6.03578883e-06
  1.51158863e-04 3.39302301e-06 1.03355160e-05 4.32198904e-05
  4.25139376e-07 2.57637494e-05 1.95511093e-04 3.47064961e-05
  6.39321806e-05 6.22197113e-05 3.17000784e-04 3.68865381e-06
  1.00018883e-06 3.45849985e-04]
 [1.13491808e-07 5.95430947e-07 7.86398218e-08 5.74549813e-06
  3.83677339e-04 1.58226030e-05 2.18537461e-04 3.54223797e-04
  3.98072007e-05 8.17538967e-05 1.27179297e-02 4.71126878e-05
  4.83933036e-05 3.66712688e-04 3.05133697e-04 1.53080371e-04
  3.47607606e-03 4.29790543e-06 3.44475557e-04 3.64703825e-04
  4.39307094e-03 2.61568406e-04 1.07174809e-03 2.26670818e-04
  7.02123996e-03 1.68688013e-04 5.56494459e-04 1.49322907e-03
  1.97688281e-03 2.52766156e-04]
 [5.23269762e-07 8.48028139e-06 8.47421470e-05 4.60730022e-04
  8.64627218e-05 2.08681638e-04 7.74854049e-03 1.06793796e-05
  2.00258708e-03 9.97538911e-04 7.38478207e-04 2.98323762e-03
  1.85807032e-04 2.24071518e-02 1.35954712e-02 1.29274616e-03
  7.72193959e-03 2.80821398e-02 1.14821410e-02 3.21744708e-03
  7.50493407e-02 2.71624257e-03 1.42317653e-01 7.12615699e-02
  2.08125517e-01 8.95713642e-02 6.88847713e-03 3.31500284e-02
  7.61856209e-04 1.70349211e-01]
 [6.19414504e-06 1.36080398e-05 8.36521303e-06 3.83675424e-03
  2.41334550e-03 6.99254277e-04 5.89856529e-04 5.87174157e-03
  4.92063239e-02 1.09222922e-02 4.45296206e-02 1.63560621e-02
  5.60114086e-02 1.18367732e-01 9.18198004e-02 1.98550642e-01
  3.06019604e-01 1.09616607e-01 2.24442065e-01 2.65056044e-01
  1.65935710e-01 1.77972317e-01 1.18838333e-01 3.27474438e-02
  3.43897164e-01 5.65234661e-01 1.45945698e-01 3.62068534e-01
  2.67830938e-01 4.26826179e-01]]
maxs: [[2.65681297e-01 5.60469925e-01 6.86786354e-01 3.28576267e-01
  1.03930008e+00 1.07629728e+00 1.32394147e+00 1.96482313e+00
  3.97361541e+00 2.30937123e+00 3.10658622e+00 2.75313544e+00
  4.18380165e+00 4.19390488e+00 6.13971376e+00 6.18093157e+00
  4.72189713e+00 4.95106888e+00 1.09301090e+01 8.19666386e+00
  6.76072693e+00 8.06876564e+00 1.32297964e+01 1.00752115e+01
  1.05228415e+01 1.14205008e+01 1.01766853e+01 1.44212303e+01
  9.85999107e+00 1.24230862e+01]
 [5.70400953e-01 3.04775208e-01 5.24006009e-01 5.15044987e-01
  1.33333981e+00 1.56815624e+00 1.63000500e+00 1.95369136e+00
  1.61945498e+00 2.13550043e+00 3.51658988e+00 4.14970493e+00
  4.07406235e+00 3.21136713e+00 5.74676895e+00 1.03021421e+01
  5.09814978e+00 4.69152451e+00 8.03433228e+00 7.95901966e+00
  1.36283951e+01 1.06090727e+01 1.14897346e+01 8.76167107e+00
  1.33841743e+01 1.69438534e+01 1.26026115e+01 1.54361277e+01
  1.33494120e+01 1.32714834e+01]
 [1.67989984e-01 3.86185527e-01 8.08881164e-01 8.95694017e-01
  1.13634455e+00 1.82584202e+00 2.17099476e+00 1.54193914e+00
  3.50702953e+00 2.02708292e+00 5.46327877e+00 3.20888829e+00
  5.39072227e+00 4.38412428e+00 4.21872997e+00 8.65245819e+00
  6.11560249e+00 5.06153536e+00 6.95107460e+00 8.73031712e+00
  6.35015011e+00 1.46911621e+01 1.14147959e+01 1.26294823e+01
  1.73019581e+01 1.09787598e+01 1.83742638e+01 1.54202061e+01
  1.55322018e+01 2.02909622e+01]
 [1.75482571e-01 3.00320715e-01 5.62985778e-01 9.18477476e-01
  2.13928843e+00 1.65051436e+00 1.73490798e+00 3.03271770e+00
  2.60037708e+00 3.05296230e+00 5.30703259e+00 3.00250697e+00
  4.20510435e+00 5.34084702e+00 5.84357834e+00 5.81703854e+00
  8.52891159e+00 1.28347006e+01 1.36852188e+01 7.75209093e+00
  1.16441679e+01 9.00415039e+00 1.39023094e+01 1.07580757e+01
  1.13790817e+01 1.34797840e+01 1.46647892e+01 1.17010536e+01
  1.72001152e+01 1.60948696e+01]
 [1.48567170e-01 1.68706417e+00 9.27781582e-01 9.43689406e-01
  1.56993413e+00 2.10598564e+00 1.80376589e+00 3.14437842e+00
  2.35857964e+00 3.08415461e+00 5.00413370e+00 4.38227177e+00
  8.69817543e+00 6.67240334e+00 4.76126957e+00 5.60409784e+00
  9.52489853e+00 7.57175112e+00 8.10382938e+00 8.74725914e+00
  1.39304295e+01 1.30639353e+01 2.62105808e+01 1.13188162e+01
  1.54937534e+01 1.55017643e+01 1.68870411e+01 1.45382128e+01
  2.01968880e+01 1.55240946e+01]
 [2.53461659e-01 5.22433460e-01 5.34704268e-01 7.07379162e-01
  1.40816987e+00 2.14427996e+00 1.64902711e+00 2.25515461e+00
  2.16650486e+00 6.85990858e+00 8.28118610e+00 6.17123652e+00
  6.46924067e+00 9.28254128e+00 1.01055717e+01 8.52282810e+00
  8.97734547e+00 1.42404861e+01 9.38492870e+00 2.30773220e+01
  1.49803638e+01 9.35162067e+00 1.60273857e+01 1.92558651e+01
  1.48748684e+01 1.52990780e+01 1.42841454e+01 1.36350965e+01
  1.91654778e+01 2.17573299e+01]
 [3.34004432e-01 2.75894076e-01 1.35033655e+00 1.24883354e+00
  1.00072742e+00 2.31387806e+00 2.04239798e+00 4.24650764e+00
  3.37235951e+00 4.46220207e+00 4.99632406e+00 7.73764515e+00
  8.21290493e+00 6.84508038e+00 8.91516781e+00 5.57295895e+00
  9.15169621e+00 1.43070869e+01 1.19385538e+01 1.05519371e+01
  1.22567024e+01 1.08652744e+01 1.34755325e+01 1.33404198e+01
  1.34851151e+01 2.26776848e+01 2.67171307e+01 2.32016373e+01
  2.10275555e+01 2.91919918e+01]
 [4.38656718e-01 6.13942027e-01 5.96503973e-01 9.69702065e-01
  1.23760211e+00 2.95466852e+00 1.60134900e+00 3.21973658e+00
  3.80860806e+00 4.24997234e+00 5.21521044e+00 5.86052322e+00
  7.31444216e+00 7.66642475e+00 9.61437416e+00 1.30559168e+01
  9.38006687e+00 9.80193424e+00 1.16134529e+01 1.09127035e+01
  1.28394041e+01 1.23789759e+01 1.23008785e+01 1.79173832e+01
  2.14129639e+01 2.17129498e+01 2.83356991e+01 2.09604053e+01
  2.83570023e+01 2.00200806e+01]
 [1.05487990e+00 1.03684509e+00 7.08081007e-01 1.19369388e+00
  3.98140645e+00 1.76708722e+00 2.77970243e+00 7.08691645e+00
  6.33319521e+00 5.46364880e+00 6.24283695e+00 6.68864727e+00
  8.94147682e+00 6.21468019e+00 9.85436726e+00 1.16231356e+01
  7.10440969e+00 9.35383606e+00 1.20084724e+01 1.37336082e+01
  1.88071728e+01 1.67226620e+01 1.94808369e+01 2.56561966e+01
  1.67033062e+01 3.05891094e+01 2.56832085e+01 3.00473042e+01
  2.52290649e+01 2.90646172e+01]
 [1.13631535e+00 5.54461122e-01 1.21834564e+00 1.54926801e+00
  1.27568543e+00 2.70708394e+00 1.93181920e+00 6.59987020e+00
  7.67075968e+00 4.59537697e+00 5.12524605e+00 6.30010605e+00
  7.84343004e+00 1.06082678e+01 9.14900494e+00 1.70091171e+01
  9.25668526e+00 1.42604942e+01 1.53335476e+01 1.74447708e+01
  2.07308598e+01 2.13966293e+01 1.69659615e+01 2.02760124e+01
  2.51256294e+01 2.71832047e+01 2.63716087e+01 3.14713802e+01
  2.44590912e+01 3.75630798e+01]
 [3.80540848e-01 5.11110246e-01 6.46985650e-01 1.37823558e+00
  1.41593337e+00 3.33692360e+00 2.34980178e+00 5.73486519e+00
  4.25726271e+00 6.95920753e+00 6.65931225e+00 9.61880493e+00
  8.52083111e+00 1.00740690e+01 1.01203365e+01 1.22906542e+01
  1.36317940e+01 1.23053703e+01 1.55334921e+01 1.85125809e+01
  1.67250290e+01 2.84062233e+01 2.57168560e+01 2.50605640e+01
  3.01323490e+01 2.43013058e+01 3.49385185e+01 2.67046928e+01
  3.63681412e+01 3.25130501e+01]
 [6.96553111e-01 5.54246545e-01 1.88708115e+00 2.44116664e+00
  2.28624463e+00 3.43834901e+00 5.49778986e+00 4.76300859e+00
  8.80131245e+00 1.17504225e+01 1.06942673e+01 1.12438135e+01
  1.26034975e+01 2.20919971e+01 2.11841526e+01 2.26710529e+01
  2.54471016e+01 3.07886715e+01 2.18990059e+01 3.21773872e+01
  4.30649223e+01 3.77019691e+01 2.91845074e+01 5.18207512e+01
  4.15360756e+01 5.13830910e+01 3.58957291e+01 5.10288391e+01
  5.05912781e+01 6.48519211e+01]
 [5.59883356e-01 2.41601801e+00 3.39220524e+00 2.55088091e+00
  3.71903419e+00 6.15607166e+00 1.23455420e+01 1.13162317e+01
  1.08869762e+01 1.06645679e+01 2.26551666e+01 1.68424187e+01
  1.81237507e+01 1.78159027e+01 2.66001148e+01 2.93919334e+01
  3.12365837e+01 3.24402313e+01 3.74664383e+01 4.26597366e+01
  4.42857475e+01 3.88622208e+01 5.13902206e+01 6.63068695e+01
  8.66441116e+01 7.29282150e+01 1.03858154e+02 8.71305695e+01
  9.46880112e+01 8.41949997e+01]
 [9.43700016e-01 1.75742352e+00 2.78313899e+00 4.99313927e+00
  5.20238447e+00 7.74922037e+00 1.20792942e+01 2.02789288e+01
  1.30470753e+01 2.25057144e+01 2.41618290e+01 2.75304737e+01
  3.46492157e+01 3.42794914e+01 4.05131111e+01 5.28908501e+01
  5.72051849e+01 5.22207031e+01 7.57559128e+01 6.61701431e+01
  7.08746796e+01 6.67061462e+01 9.21673126e+01 1.09909004e+02
  9.48346405e+01 8.33460388e+01 1.07591377e+02 1.54393875e+02
  1.41762589e+02 1.31968216e+02]
 [1.40701532e+00 3.12489128e+00 5.09479380e+00 6.25021553e+00
  6.83341551e+00 1.19332714e+01 1.46210718e+01 1.58848972e+01
  2.63406487e+01 2.78748531e+01 2.74636593e+01 3.71330261e+01
  4.75985565e+01 5.42743492e+01 6.75829849e+01 6.55484543e+01
  6.51716080e+01 7.55064468e+01 1.00247940e+02 9.54006424e+01
  9.59205170e+01 9.79229889e+01 1.23760429e+02 1.20801620e+02
  1.22833588e+02 2.05027740e+02 1.79041153e+02 1.94075134e+02
  1.76383698e+02 2.12465103e+02]]
test_losses: [[8.70049332e-03 1.16784554e-02 1.82540834e-02 2.05443926e-02
  4.02375307e-02 6.12345401e-02 9.33847699e-02 1.41248097e-01
  1.37367028e-01 1.75159244e-01 2.40097633e-01 2.81228655e-01
  3.17189928e-01 3.44924066e-01 4.63965265e-01 5.64444004e-01
  5.22628946e-01 6.21912556e-01 7.80472505e-01 7.39363897e-01
  8.49800885e-01 8.05198190e-01 1.18086923e+00 1.07269977e+00
  1.15463809e+00 1.19139057e+00 1.47156180e+00 1.69787836e+00
  1.56618200e+00 1.86875140e+00]
 [1.12723619e-02 1.04087933e-02 1.69038895e-02 2.14380751e-02
  5.18816922e-02 9.72718945e-02 9.99542112e-02 1.43024121e-01
  1.74141540e-01 1.77863538e-01 2.50334776e-01 3.09323933e-01
  3.31077171e-01 3.28290695e-01 4.99490451e-01 5.94623014e-01
  6.41507349e-01 7.36372482e-01 7.32167878e-01 7.87639978e-01
  8.86026592e-01 1.06924165e+00 1.23511126e+00 1.25190878e+00
  1.31370272e+00 1.50704592e+00 1.48829579e+00 1.66335718e+00
  1.82737564e+00 2.06200504e+00]
 [9.10073721e-03 1.87305326e-02 3.04683993e-02 3.81201950e-02
  5.89732168e-02 7.41208150e-02 1.22340630e-01 1.38235570e-01
  2.15732508e-01 2.24979412e-01 2.82941403e-01 2.98282553e-01
  3.78245317e-01 4.61381095e-01 5.81854707e-01 6.04027501e-01
  6.14180967e-01 7.41478622e-01 8.85320294e-01 1.07754364e+00
  1.07742807e+00 1.28685801e+00 1.23683561e+00 1.70257163e+00
  1.53752665e+00 1.56725759e+00 1.64365894e+00 2.06327943e+00
  2.15555007e+00 2.24351886e+00]
 [7.60515804e-03 1.32931510e-02 2.55743107e-02 4.45772044e-02
  6.78395244e-02 8.32360878e-02 1.25724988e-01 1.62098509e-01
  2.10425270e-01 2.77432192e-01 3.41989279e-01 3.82395496e-01
  4.66829169e-01 4.44459475e-01 5.84103106e-01 5.63004582e-01
  7.18181230e-01 8.52555967e-01 9.83873574e-01 9.92530027e-01
  1.28897343e+00 1.18187123e+00 1.56124752e+00 1.45497605e+00
  1.50286601e+00 1.70622899e+00 1.82023754e+00 2.02709739e+00
  2.42862047e+00 2.32077844e+00]
 [7.60927438e-03 2.26232409e-02 2.78571997e-02 3.46593173e-02
  8.91430277e-02 1.19794054e-01 1.26667350e-01 1.73401854e-01
  2.39971054e-01 2.97501074e-01 3.56867655e-01 4.73865766e-01
  5.69093069e-01 5.54924647e-01 6.49272200e-01 7.23992188e-01
  8.38801853e-01 1.06944647e+00 1.00042051e+00 1.16633029e+00
  1.27358993e+00 1.34100319e+00 1.72958824e+00 1.64168477e+00
  1.89061481e+00 2.11912121e+00 2.26287371e+00 2.40715920e+00
  2.37968852e+00 2.51426380e+00]
 [8.67320786e-03 1.93365345e-02 2.92087384e-02 4.42183794e-02
  5.41864497e-02 1.03962868e-01 1.58340206e-01 1.83348413e-01
  2.22107342e-01 3.74587741e-01 3.89851294e-01 5.13402185e-01
  5.77330790e-01 6.06194520e-01 6.40504847e-01 8.44647247e-01
  9.34807679e-01 1.09099493e+00 1.23080050e+00 1.25181343e+00
  1.63671100e+00 1.62538682e+00 1.58947976e+00 1.75183371e+00
  2.03005093e+00 2.35319511e+00 2.45654489e+00 2.62147460e+00
  2.66130059e+00 3.24680864e+00]
 [1.13695660e-02 1.49757649e-02 3.76720988e-02 5.04603879e-02
  9.23484062e-02 1.39414571e-01 1.42018468e-01 2.53580941e-01
  2.98898126e-01 3.78617183e-01 4.67409876e-01 4.95631218e-01
  6.75047350e-01 7.09830784e-01 8.16120843e-01 8.19040930e-01
  1.01894590e+00 1.23446090e+00 1.43440825e+00 1.32593687e+00
  1.70021668e+00 1.47390836e+00 1.62800907e+00 2.07793863e+00
  1.99106765e+00 3.06072207e+00 2.65088760e+00 3.28688281e+00
  2.97542555e+00 4.01823033e+00]
 [1.05640816e-02 2.09719695e-02 3.84264232e-02 6.06500162e-02
  9.70835035e-02 1.79912478e-01 1.50883286e-01 2.36063809e-01
  2.83397107e-01 3.84582393e-01 3.99908429e-01 6.09134276e-01
  8.43335153e-01 7.81273887e-01 8.48704490e-01 1.22891711e+00
  9.76822746e-01 1.41347557e+00 1.37349961e+00 1.82928174e+00
  1.75668269e+00 1.88069550e+00 2.09451260e+00 2.48207486e+00
  2.48457799e+00 2.67041944e+00 2.88940599e+00 3.19752593e+00
  3.31982828e+00 3.81724180e+00]
 [1.36681728e-02 2.23600084e-02 3.40071685e-02 6.57973311e-02
  1.45306473e-01 1.66897355e-01 1.96530866e-01 2.59318064e-01
  4.16851375e-01 3.95208582e-01 4.78277053e-01 7.05187508e-01
  7.97481917e-01 8.52158104e-01 1.07556817e+00 1.12289753e+00
  1.18220449e+00 1.43503293e+00 1.71613476e+00 1.83349425e+00
  2.24503199e+00 2.02078234e+00 2.74637567e+00 2.59219254e+00
  3.11754998e+00 3.32604227e+00 3.89134105e+00 3.57011664e+00
  3.34049341e+00 4.22368900e+00]
 [1.44471280e-02 2.27515244e-02 5.33596727e-02 8.56092141e-02
  1.11365263e-01 1.77376263e-01 2.04108107e-01 3.11137462e-01
  4.58769613e-01 5.02721210e-01 5.51751126e-01 7.16654358e-01
  8.62916746e-01 1.01275122e+00 1.22990365e+00 1.42536616e+00
  1.32972341e+00 1.61797483e+00 1.92993811e+00 2.25550201e+00
  2.81640434e+00 2.24866994e+00 2.69725557e+00 3.20445093e+00
  3.74857510e+00 3.65819835e+00 4.16431816e+00 4.57998444e+00
  4.60338797e+00 4.33434197e+00]
 [1.27313306e-02 2.15503390e-02 5.22343618e-02 8.61324751e-02
  1.32171210e-01 1.94564528e-01 1.97027945e-01 3.85981175e-01
  4.43243758e-01 5.17572810e-01 7.60428319e-01 9.13559630e-01
  1.09930281e+00 1.26112573e+00 1.24868915e+00 1.43980047e+00
  1.70327873e+00 1.69509125e+00 1.87173419e+00 2.32364434e+00
  2.54053567e+00 2.90135350e+00 2.83351484e+00 3.16150287e+00
  3.73552654e+00 3.76330242e+00 4.03015333e+00 4.19255701e+00
  4.74658498e+00 5.46162634e+00]
 [1.59613331e-02 3.64654861e-02 8.90977723e-02 1.54246028e-01
  2.34814493e-01 3.59100060e-01 4.80597900e-01 6.45712054e-01
  9.87255539e-01 1.05204832e+00 1.16493249e+00 1.57061101e+00
  1.79232199e+00 2.27087121e+00 2.41426065e+00 2.83493306e+00
  3.06998151e+00 3.06006937e+00 3.43155985e+00 4.19652018e+00
  4.68803352e+00 4.97504661e+00 5.29063310e+00 6.13036068e+00
  6.62013319e+00 7.26511077e+00 6.57565464e+00 8.26988784e+00
  8.79575551e+00 9.28224379e+00]
 [2.47307911e-02 6.81410838e-02 1.89391334e-01 2.45228382e-01
  3.99837519e-01 6.69909517e-01 8.25355278e-01 1.09145714e+00
  1.35672462e+00 1.84531100e+00 2.29696041e+00 2.42031897e+00
  3.28919352e+00 3.07602657e+00 3.45057766e+00 4.20717726e+00
  4.94931295e+00 5.84096186e+00 5.78317854e+00 6.72929354e+00
  8.29410370e+00 7.91429820e+00 9.58503698e+00 9.57601976e+00
  1.21425355e+01 1.15195997e+01 1.26449335e+01 1.43517302e+01
  1.44161361e+01 1.47152400e+01]
 [3.61923363e-02 1.09973364e-01 2.42581348e-01 4.51181175e-01
  6.07139723e-01 9.79388320e-01 1.30926434e+00 1.84673054e+00
  2.34434137e+00 2.79339889e+00 3.64714163e+00 3.90024765e+00
  4.79158490e+00 5.01911408e+00 5.66124302e+00 7.26468036e+00
  8.90923177e+00 9.23523388e+00 1.00750376e+01 1.15252728e+01
  1.27302651e+01 1.30240427e+01 1.59427659e+01 1.68204680e+01
  1.81111701e+01 1.83755207e+01 2.08514521e+01 2.35313183e+01
  2.65686034e+01 2.54055139e+01]
 [5.19641771e-02 1.87968082e-01 4.02259374e-01 7.28823731e-01
  1.09022301e+00 1.44420233e+00 2.19519885e+00 2.77523043e+00
  3.57260237e+00 4.76733965e+00 4.92555079e+00 6.27263962e+00
  6.83885453e+00 9.23872727e+00 1.00494174e+01 1.26728997e+01
  1.38569576e+01 1.33405323e+01 1.82892931e+01 1.62949794e+01
  2.04186558e+01 2.00199252e+01 2.49612975e+01 2.61366709e+01
  2.57377447e+01 3.24823302e+01 3.29872334e+01 3.59007841e+01
  3.57947336e+01 4.05083582e+01]]
