args:  Namespace(attack='opt', gaussian=True, l2=0.1, ndim=1)
test_losses: [[0.02279941 0.01345278 0.00790344 0.0042794  0.00347949 0.00277495
  0.00201221 0.00195571 0.00144839 0.00139995 0.00110853 0.00114895
  0.00088783 0.00078884 0.00070017 0.00083924 0.0006927  0.00058241
  0.00057597 0.00064534 0.00065763 0.00048075 0.00048195 0.00041597
  0.00040167 0.0005058  0.00042193 0.00043287 0.00039225 0.00032838
  0.00039503 0.00032478 0.00039464 0.00031739 0.00035776 0.00031376
  0.00031585 0.00027802 0.00032135 0.00024008 0.00025859 0.00024832
  0.00027112 0.00027388 0.00025582 0.00023802 0.00026826 0.00022449
  0.00022444 0.00022797]
 [0.0219616  0.0096429  0.00599387 0.00341621 0.00344433 0.00261947
  0.00209732 0.00150202 0.00115878 0.00128374 0.00117487 0.00114572
  0.00102428 0.00100534 0.00089693 0.00075564 0.00082907 0.00077148
  0.0007055  0.00060398 0.00063797 0.00057326 0.00064003 0.00047353
  0.00047951 0.00050901 0.00051768 0.00043758 0.00047179 0.00041653
  0.0004052  0.0003687  0.00043929 0.0003673  0.00039973 0.00044709
  0.00035238 0.00036316 0.00032718 0.00033638 0.00032507 0.0003256
  0.00034121 0.00033411 0.00033352 0.00031887 0.00027591 0.00033539
  0.00026804 0.00025177]
 [0.01870479 0.00799617 0.00508761 0.00367914 0.00288676 0.00297915
  0.00248546 0.00189712 0.00216411 0.00155399 0.00162408 0.00152724
  0.00132831 0.00114441 0.00122783 0.00108003 0.00107077 0.00095902
  0.0009573  0.00107204 0.00084013 0.00099606 0.00090042 0.00091122
  0.00074155 0.00073252 0.00062414 0.00068517 0.00071413 0.00069038
  0.00068079 0.0007612  0.00069752 0.00059958 0.00055348 0.00058067
  0.00062956 0.00067199 0.00056222 0.00054532 0.00059119 0.00055039
  0.00049417 0.00058458 0.0005182  0.00057619 0.0005601  0.00056659
  0.00051647 0.00046402]
 [0.01680261 0.00719865 0.00508008 0.00384388 0.00352102 0.00274171
  0.00250354 0.00252564 0.00223861 0.00218282 0.00221523 0.00213455
  0.00180739 0.00192597 0.00150118 0.00161228 0.00159354 0.00166039
  0.00166112 0.00130189 0.00154028 0.00162018 0.00130048 0.00128331
  0.00125419 0.00122117 0.00134805 0.00114882 0.00122873 0.00119947
  0.00116668 0.00124829 0.00120382 0.00106536 0.00093152 0.00095479
  0.00099257 0.00107393 0.00100421 0.00110931 0.00104322 0.00094141
  0.00116904 0.00098481 0.00114246 0.00092677 0.00111705 0.00095952
  0.00093331 0.00097093]
 [0.01225149 0.00610232 0.00511576 0.00413089 0.0036401  0.0033523
  0.00304748 0.00314807 0.00283451 0.00302473 0.00250329 0.00241832
  0.0025388  0.00242571 0.00223728 0.00242652 0.00222021 0.00232323
  0.00220716 0.00223011 0.0022579  0.00228485 0.00232682 0.00196442
  0.00217834 0.00208612 0.0021452  0.00193025 0.0019497  0.0019682
  0.00189012 0.00205425 0.00200944 0.00189771 0.00200853 0.00171003
  0.00205779 0.00178908 0.00182577 0.00166227 0.00170236 0.00166084
  0.0019943  0.00163964 0.00176244 0.0015146  0.00170983 0.00156292
  0.00170699 0.00169348]
 [0.01154395 0.00683726 0.00511618 0.0048539  0.00435467 0.00438712
  0.00400659 0.00379202 0.00345624 0.00371761 0.00354867 0.00375939
  0.00355823 0.00380949 0.00317466 0.00312148 0.00352437 0.00322692
  0.00284767 0.00324527 0.00318636 0.00335469 0.00322713 0.00300803
  0.00317277 0.00287115 0.00301776 0.0028798  0.0031508  0.00290279
  0.00300879 0.0030873  0.0025565  0.00274519 0.00286291 0.00275156
  0.00297968 0.00280886 0.00285921 0.00298262 0.0029659  0.00277706
  0.00285331 0.00259761 0.00265249 0.0025929  0.00287577 0.0026066
  0.00261553 0.00269241]
 [0.00814095 0.00588133 0.00577659 0.00561135 0.00525669 0.00533501
  0.00479714 0.00444588 0.00471521 0.00463352 0.00468709 0.00482394
  0.00475986 0.00469486 0.00453409 0.00444044 0.00441959 0.00420964
  0.00455945 0.00421251 0.00437878 0.00443413 0.00405603 0.00423683
  0.00428756 0.00436204 0.00410814 0.00423142 0.00419346 0.00436957
  0.00425015 0.00431188 0.00405199 0.00380727 0.00419162 0.00414096
  0.00410775 0.00403764 0.00393158 0.00426445 0.00434745 0.00406349
  0.00426435 0.00423848 0.00390416 0.0039262  0.00412059 0.00400002
  0.00408408 0.00406497]
 [0.00841874 0.00605452 0.00595002 0.00587842 0.00599492 0.00614973
  0.0054824  0.00583668 0.00588832 0.0056099  0.00546531 0.00550446
  0.00559758 0.00525829 0.00565449 0.00578278 0.0056374  0.0054661
  0.00538939 0.00569119 0.00576089 0.00578062 0.00569544 0.00543559
  0.00575134 0.00573533 0.00586965 0.00556407 0.00572338 0.00516489
  0.00553884 0.0054444  0.00574122 0.00537917 0.00560606 0.00543783
  0.00564043 0.00566901 0.00574818 0.00551096 0.00544757 0.00548657
  0.00568987 0.00566175 0.00537798 0.00546991 0.00548204 0.00536629
  0.00587034 0.00551365]
 [0.00838487 0.00677556 0.00651433 0.00651566 0.00654593 0.0067303
  0.00649939 0.00655634 0.0065591  0.00652702 0.00690614 0.00700641
  0.00709043 0.00699567 0.00734302 0.00700778 0.00703511 0.00718135
  0.00695677 0.00694133 0.0069048  0.00688469 0.00675237 0.0069957
  0.007095   0.00698685 0.00726246 0.00675901 0.00717862 0.00699911
  0.00693016 0.0070881  0.0069681  0.00722099 0.00728367 0.00695599
  0.00694293 0.00705861 0.00722352 0.00718185 0.00708538 0.00704349
  0.00678822 0.00697687 0.0067037  0.00701236 0.00720342 0.00699561
  0.00699959 0.00705417]
 [0.00797678 0.00723883 0.00723119 0.00742202 0.00716716 0.00741617
  0.00746784 0.00780912 0.00698811 0.00789083 0.00757343 0.00770959
  0.00781083 0.00804181 0.00782957 0.00769372 0.00830574 0.0078228
  0.00796999 0.00795998 0.00792444 0.00780172 0.00787302 0.0078399
  0.00834572 0.0082447  0.00791692 0.00818622 0.00812824 0.00785975
  0.00804086 0.0082528  0.00812401 0.00831548 0.00820917 0.00798781
  0.00841113 0.00819452 0.00814218 0.00794546 0.00824557 0.00833859
  0.00831831 0.00815067 0.00850609 0.0082305  0.00829757 0.00848336
  0.00835551 0.00824713]
 [0.0084296  0.00731386 0.00760897 0.00768021 0.00783805 0.00807492
  0.0081977  0.00802187 0.00821896 0.00848617 0.00828905 0.00860555
  0.00843584 0.0084944  0.00845181 0.0085205  0.00884841 0.0085256
  0.008784   0.00864754 0.00874926 0.00887241 0.00872904 0.00895004
  0.00865301 0.0088052  0.00896575 0.00880257 0.00888586 0.00893585
  0.00885691 0.00893253 0.00897445 0.00897218 0.00872862 0.00919153
  0.00904587 0.00903002 0.00898497 0.00904027 0.00894057 0.00904733
  0.00904693 0.00917372 0.00921457 0.00916392 0.00912206 0.00911381
  0.00916925 0.00908986]
 [0.00882007 0.00895989 0.00933588 0.00935552 0.00954378 0.00960968
  0.00967008 0.00965661 0.00982866 0.00969184 0.00985677 0.00987517
  0.00981787 0.00983925 0.00987464 0.00979975 0.00989777 0.00987929
  0.00985081 0.0098282  0.0099095  0.00996098 0.00986027 0.00995115
  0.0098516  0.00989777 0.0099506  0.00996094 0.00993132 0.00989453
  0.00994644 0.00989709 0.0098993  0.00995494 0.00993855 0.00992083
  0.00996458 0.00995928 0.0099537  0.00983465 0.00988374 0.00992151
  0.009957   0.00991322 0.00993335 0.0098428  0.00986998 0.00995372
  0.00994824 0.00994753]
 [0.00944646 0.00969423 0.00992576 0.0099527  0.00991002 0.0099465
  0.00993002 0.00986824 0.0099741  0.00998495 0.00997372 0.00992226
  0.00989168 0.01002485 0.01003618 0.00998953 0.00998402 0.00995209
  0.01006155 0.00992619 0.00998132 0.00994437 0.01004382 0.00999762
  0.00993575 0.00996328 0.0100233  0.01004468 0.00998661 0.01002298
  0.00998717 0.00995135 0.00998132 0.00997704 0.01001246 0.01004002
  0.00999292 0.01006545 0.00997464 0.00996235 0.00998685 0.0099806
  0.00997458 0.01001027 0.0100481  0.01000532 0.00997677 0.00999161
  0.00997913 0.01002402]
 [0.00983752 0.00987814 0.00995347 0.00996875 0.010054   0.00999807
  0.00998148 0.00999541 0.00998865 0.01001254 0.01003929 0.00991548
  0.00998718 0.00999627 0.01000171 0.0100367  0.01002643 0.01002084
  0.00997278 0.00996706 0.00999614 0.00999077 0.00995932 0.00997955
  0.00997877 0.01001214 0.01000627 0.01001958 0.00998303 0.01006466
  0.00997453 0.01009067 0.01000831 0.01002882 0.00995625 0.01002505
  0.01007788 0.01003006 0.01001072 0.00999751 0.01004241 0.00999007
  0.00997236 0.01003146 0.0100324  0.01005197 0.00994997 0.01002336
  0.01004448 0.01007825]
 [0.00984918 0.01002224 0.00997446 0.00996715 0.00998561 0.00998135
  0.00998886 0.0100613  0.0099123  0.01002544 0.00997602 0.00999535
  0.00997886 0.00998616 0.0100736  0.01002816 0.0100573  0.00992487
  0.01001778 0.01002514 0.01007991 0.00999747 0.01000715 0.00998877
  0.01001288 0.01004217 0.01007935 0.01001651 0.01002508 0.00998443
  0.00995716 0.0100124  0.0099993  0.01003932 0.00998099 0.0100479
  0.01003198 0.01005635 0.00997721 0.01001967 0.009918   0.00997925
  0.01004664 0.00996606 0.01003047 0.01004195 0.00994088 0.00998803
  0.01001595 0.01001384]]
variance: [[1.55014545e-03 9.55297083e-04 2.81542766e-04 7.12957199e-05
  4.78694758e-05 5.26796593e-05 1.26241594e-05 1.82870932e-05
  4.65340064e-06 6.36752125e-06 2.75517099e-06 2.77230539e-06
  2.04016837e-06 1.40355925e-06 1.59557156e-06 1.33187626e-06
  1.27857424e-06 9.13187562e-07 8.36055534e-07 9.71233147e-07
  1.24756193e-06 5.70286159e-07 3.78171488e-07 3.40541022e-07
  4.44158421e-07 5.76471661e-07 3.67189792e-07 3.55997475e-07
  3.73316178e-07 2.31420149e-07 3.35408071e-07 2.10891035e-07
  3.55186222e-07 1.99541797e-07 2.79702969e-07 2.53584851e-07
  1.83578960e-07 1.22265127e-07 2.41691294e-07 1.16338064e-07
  1.15155116e-07 1.51223869e-07 1.37293655e-07 1.45514890e-07
  1.42735811e-07 1.03199229e-07 1.43205873e-07 9.61877276e-08
  9.02696108e-08 1.15832769e-07]
 [1.67608084e-03 5.83266916e-04 1.24869646e-04 3.23776261e-05
  6.46665502e-05 1.27513110e-05 1.08185781e-05 4.67141051e-06
  3.26109944e-06 3.70866388e-06 3.13272513e-06 3.51257033e-06
  1.85265673e-06 3.21054816e-06 2.13396913e-06 1.61530779e-06
  1.82396182e-06 1.43503483e-06 8.98615319e-07 6.37739702e-07
  7.87462815e-07 7.51325170e-07 1.33294689e-06 5.81576197e-07
  4.99650491e-07 3.91030833e-07 5.24286220e-07 5.58181180e-07
  6.23965870e-07 4.32419817e-07 3.85947520e-07 2.94233354e-07
  3.31822058e-07 2.36104270e-07 3.52361638e-07 4.19271673e-07
  2.83840374e-07 2.43400477e-07 2.41359168e-07 2.66306739e-07
  2.48074124e-07 2.21260725e-07 2.32808895e-07 2.91740482e-07
  1.87479227e-07 1.56665569e-07 1.36222378e-07 2.39739623e-07
  1.57106740e-07 1.29125907e-07]
 [2.24029907e-03 1.50937524e-04 6.37614026e-05 2.04213290e-05
  1.62530098e-05 2.11266038e-05 1.37522507e-05 7.32373236e-06
  8.53125967e-06 4.72792509e-06 4.86165232e-06 4.49866917e-06
  3.51464031e-06 2.81632485e-06 3.02644679e-06 2.78626052e-06
  2.50299377e-06 2.25186265e-06 1.84074179e-06 2.62386676e-06
  1.32682238e-06 2.11151928e-06 1.91153434e-06 1.72370716e-06
  1.04646330e-06 1.18236952e-06 7.20360851e-07 7.81876434e-07
  9.06930048e-07 1.05041012e-06 9.90595473e-07 1.18874396e-06
  1.04378827e-06 7.55329470e-07 5.02019943e-07 5.14310847e-07
  6.20842323e-07 9.12358923e-07 5.37135036e-07 4.46129612e-07
  6.22475423e-07 4.54319942e-07 4.55749451e-07 5.45096729e-07
  4.07210038e-07 5.36453192e-07 4.85185316e-07 5.14596335e-07
  4.47938223e-07 2.50423766e-07]
 [9.88556105e-04 9.22933836e-05 5.57164991e-05 2.35191385e-05
  1.73518805e-05 1.05926116e-05 8.64044825e-06 9.51594327e-06
  7.49196760e-06 7.94604797e-06 7.50395359e-06 7.40427937e-06
  6.39716928e-06 5.62592601e-06 3.93028947e-06 4.52651227e-06
  3.59497692e-06 4.57521251e-06 4.50132713e-06 3.27546156e-06
  3.23428351e-06 3.47083366e-06 2.49878486e-06 2.80340232e-06
  3.17809905e-06 2.26537953e-06 2.71801369e-06 1.89605914e-06
  2.37909485e-06 2.36304193e-06 1.64232351e-06 2.00568509e-06
  1.92488510e-06 1.58580107e-06 1.11732843e-06 1.35731729e-06
  1.01661736e-06 1.52525641e-06 1.24054518e-06 1.38602152e-06
  1.02136950e-06 7.74938393e-07 1.38768526e-06 1.17582321e-06
  1.51913083e-06 1.02742168e-06 1.43441172e-06 9.52440460e-07
  8.70592261e-07 1.12511640e-06]
 [5.63542875e-04 5.88658529e-05 2.57930729e-05 1.72808198e-05
  1.44175815e-05 1.46362707e-05 1.10818940e-05 1.21422994e-05
  1.10573633e-05 1.08213915e-05 8.56184454e-06 7.92888467e-06
  7.94615768e-06 7.52793306e-06 6.64088916e-06 7.16437294e-06
  5.14482447e-06 6.36325661e-06 5.29837989e-06 5.42639354e-06
  5.66592052e-06 5.90017153e-06 5.77527836e-06 4.13936831e-06
  5.24004032e-06 3.92561293e-06 4.16153388e-06 3.94128497e-06
  3.69480788e-06 4.19401783e-06 3.34746433e-06 4.09036457e-06
  3.42586846e-06 3.19555277e-06 3.03625580e-06 2.45868934e-06
  3.30437795e-06 2.70133059e-06 2.71912988e-06 1.92646151e-06
  2.00814670e-06 1.62720801e-06 2.63980113e-06 2.17080369e-06
  2.14212345e-06 1.74579486e-06 2.02529564e-06 1.41619159e-06
  1.98604383e-06 1.92360507e-06]
 [4.02702394e-04 8.59127593e-05 1.99145646e-05 1.77962828e-05
  1.61429013e-05 1.56475065e-05 1.41367902e-05 1.30126861e-05
  1.14806658e-05 1.22446696e-05 1.05122724e-05 1.16506531e-05
  1.03515326e-05 1.17577041e-05 7.92795603e-06 8.79197585e-06
  9.73232791e-06 8.80358115e-06 6.42127559e-06 7.83650186e-06
  8.61052131e-06 7.92917262e-06 7.45955291e-06 6.72786574e-06
  7.15144874e-06 5.88647966e-06 6.31868495e-06 5.09545321e-06
  6.73997939e-06 5.37925769e-06 5.24432347e-06 5.55485026e-06
  4.51611384e-06 4.51205583e-06 5.15463416e-06 4.19239682e-06
  5.40364500e-06 4.48732293e-06 5.16360543e-06 4.89723069e-06
  4.69978217e-06 4.06163323e-06 4.02902487e-06 3.48767134e-06
  3.24733282e-06 3.58061483e-06 4.54427797e-06 3.81929662e-06
  3.35567910e-06 3.66492230e-06]
 [6.91315426e-05 2.11347577e-05 1.98281611e-05 1.68095642e-05
  1.60137541e-05 1.60665157e-05 1.49795617e-05 1.37492931e-05
  1.40582985e-05 1.38607743e-05 1.34205092e-05 1.25611658e-05
  1.24481619e-05 1.22786053e-05 1.21372841e-05 1.08577198e-05
  1.17048411e-05 1.02579366e-05 1.05292735e-05 9.51774691e-06
  9.93738133e-06 8.95251607e-06 8.24234982e-06 8.69070208e-06
  8.93043989e-06 8.69423323e-06 7.47183584e-06 7.75629759e-06
  7.05648789e-06 7.70950771e-06 7.90564935e-06 8.21716538e-06
  6.69865565e-06 5.67401305e-06 7.14066090e-06 6.56087853e-06
  7.06921416e-06 6.35074200e-06 5.28927203e-06 6.78494794e-06
  7.08435310e-06 5.18804185e-06 6.24081311e-06 5.96794055e-06
  5.80205982e-06 4.63791385e-06 5.72627902e-06 5.54305441e-06
  5.56811962e-06 5.56578117e-06]
 [4.27713721e-05 1.83024614e-05 1.64313168e-05 1.70793990e-05
  1.51291809e-05 1.56624531e-05 1.54821448e-05 1.38067930e-05
  1.39410196e-05 1.30642043e-05 1.33196386e-05 1.32296854e-05
  1.29512722e-05 1.18021163e-05 1.14742260e-05 1.16729990e-05
  1.16120081e-05 1.15380645e-05 1.15711542e-05 9.95255556e-06
  1.11833502e-05 9.71862643e-06 1.00859828e-05 9.83303989e-06
  1.04376231e-05 8.91348268e-06 8.18908504e-06 8.69384175e-06
  8.11977988e-06 8.75700510e-06 8.18349180e-06 7.96339095e-06
  8.54176348e-06 8.23920436e-06 7.80809843e-06 7.78478691e-06
  8.40321546e-06 8.09030966e-06 6.95983426e-06 6.74866590e-06
  7.73976835e-06 6.83804192e-06 6.10123438e-06 7.02497226e-06
  6.53051011e-06 6.81462313e-06 6.30954086e-06 6.25649747e-06
  6.55354022e-06 6.47951830e-06]
 [3.60502093e-05 1.72214675e-05 1.58315497e-05 1.64787496e-05
  1.51590581e-05 1.37963389e-05 1.44060332e-05 1.25639102e-05
  1.19539150e-05 1.26005182e-05 1.07102439e-05 1.13573481e-05
  1.06906409e-05 1.09566650e-05 9.49490092e-06 9.99796933e-06
  9.27458387e-06 9.53800608e-06 8.69402239e-06 8.46970665e-06
  1.00903105e-05 9.94033158e-06 9.11854665e-06 8.58483941e-06
  7.92402133e-06 8.50177896e-06 8.34786982e-06 8.30106399e-06
  6.99738564e-06 7.62416544e-06 7.72106046e-06 7.34949874e-06
  7.11143476e-06 6.56331345e-06 6.91531025e-06 7.01413468e-06
  6.97066626e-06 6.54849977e-06 7.53630527e-06 7.26584341e-06
  6.51547155e-06 6.61105742e-06 6.52886145e-06 6.70950500e-06
  6.39981652e-06 6.33417107e-06 6.43317282e-06 6.17709031e-06
  6.10974534e-06 5.60119909e-06]
 [2.72257547e-05 1.58336640e-05 1.36066457e-05 1.32046827e-05
  1.30724078e-05 1.11419622e-05 1.12988005e-05 1.06243951e-05
  1.12697639e-05 8.80943837e-06 9.68266351e-06 8.45238926e-06
  8.55412921e-06 7.70586055e-06 7.91150741e-06 8.35592907e-06
  6.93716437e-06 7.94073381e-06 6.87799673e-06 7.52204467e-06
  6.76959304e-06 7.00731772e-06 7.08852808e-06 7.17169640e-06
  5.13749151e-06 5.76391976e-06 5.85123376e-06 4.86992800e-06
  6.07224687e-06 6.43919711e-06 5.44354071e-06 5.58545532e-06
  5.47296664e-06 5.40201106e-06 4.75821647e-06 5.30524358e-06
  4.56885072e-06 4.80738962e-06 5.59481802e-06 5.46968174e-06
  4.53927153e-06 4.34809073e-06 4.69468573e-06 4.74051198e-06
  4.47684528e-06 4.17280380e-06 4.71784090e-06 3.90926274e-06
  4.12228824e-06 4.48124638e-06]
 [1.73453908e-05 1.47945123e-05 1.41793951e-05 1.29486801e-05
  1.04542840e-05 9.30980531e-06 9.50197871e-06 9.03506132e-06
  7.79612251e-06 8.08206114e-06 6.61623944e-06 5.27949915e-06
  6.62092237e-06 5.55380314e-06 6.93932113e-06 5.21926111e-06
  4.28785227e-06 4.97392193e-06 4.90125254e-06 4.38534154e-06
  4.75420147e-06 4.29058683e-06 4.07284313e-06 3.45566084e-06
  4.01343913e-06 3.77676872e-06 3.69955930e-06 3.88100960e-06
  3.41485104e-06 3.24094207e-06 3.51343496e-06 3.31662844e-06
  3.28910266e-06 2.99345656e-06 3.35912451e-06 2.85071152e-06
  2.58645696e-06 2.78136160e-06 3.05010317e-06 2.63849959e-06
  3.12161968e-06 2.63452453e-06 2.83164399e-06 2.62156125e-06
  2.21769056e-06 2.48359135e-06 2.14094124e-06 2.49674957e-06
  2.25703414e-06 2.18118014e-06]
 [9.55075096e-06 6.53428090e-06 5.31598184e-06 3.36856408e-06
  2.50993138e-06 1.60248374e-06 1.42991539e-06 1.34018251e-06
  9.14406791e-07 1.20327264e-06 9.02724570e-07 8.58813108e-07
  1.12571212e-06 7.99844989e-07 8.48778075e-07 7.69473362e-07
  5.19869264e-07 6.16202453e-07 7.76349018e-07 9.10681967e-07
  5.17895379e-07 5.41567308e-07 6.73259919e-07 6.01141836e-07
  6.55078542e-07 5.49216647e-07 5.52805305e-07 4.92074983e-07
  6.27590846e-07 6.32361299e-07 6.49464714e-07 6.50867893e-07
  6.56096572e-07 5.28237969e-07 5.40323637e-07 5.70591955e-07
  5.22144656e-07 5.48277446e-07 5.26737317e-07 6.63864314e-07
  5.16251994e-07 5.34310821e-07 4.23604982e-07 5.75625394e-07
  5.30229820e-07 6.37139401e-07 5.04897048e-07 4.60316633e-07
  4.78939123e-07 6.17157396e-07]
 [3.58005793e-06 1.87728718e-06 6.26150976e-07 8.65465851e-07
  9.11365864e-07 5.67046728e-07 5.53673282e-07 5.37286968e-07
  5.58059534e-07 4.70665805e-07 4.29251135e-07 4.41997912e-07
  4.59414452e-07 3.81076193e-07 4.06496732e-07 3.80742825e-07
  3.86422007e-07 3.82475075e-07 3.94349124e-07 4.70681921e-07
  4.02325824e-07 4.09160255e-07 3.47341832e-07 3.91576232e-07
  3.40757820e-07 4.55009727e-07 3.80878821e-07 4.33611243e-07
  3.24213634e-07 3.01805733e-07 3.23777108e-07 3.46641641e-07
  4.21459013e-07 3.71266624e-07 4.05373703e-07 3.30692293e-07
  3.03290776e-07 3.51304049e-07 4.12658081e-07 3.51453995e-07
  4.22322454e-07 4.05331343e-07 4.29230238e-07 4.34002772e-07
  3.79381748e-07 4.04583924e-07 3.61940990e-07 3.91640591e-07
  3.11559986e-07 3.86089482e-07]
 [1.20801236e-06 5.21979605e-07 3.99321492e-07 4.12613563e-07
  3.50668671e-07 4.17189722e-07 4.50910766e-07 4.79357794e-07
  3.23926170e-07 3.45162797e-07 3.87675139e-07 4.20622585e-07
  3.10616548e-07 3.97945578e-07 3.09999805e-07 3.71823378e-07
  3.57290345e-07 3.70028978e-07 3.61722371e-07 3.69603493e-07
  3.78477896e-07 3.93814186e-07 3.67483326e-07 3.68944327e-07
  4.09235810e-07 3.62271528e-07 3.49916799e-07 4.00208305e-07
  3.86022908e-07 3.60371545e-07 2.97251572e-07 3.14664799e-07
  3.45325049e-07 3.68086508e-07 2.78481079e-07 3.87469680e-07
  3.88774136e-07 4.23476866e-07 3.20870054e-07 3.58375061e-07
  3.41737873e-07 4.03207904e-07 4.03209573e-07 3.68561732e-07
  3.37484416e-07 3.79620939e-07 3.89367309e-07 4.10395299e-07
  3.63271360e-07 3.46978962e-07]
 [4.81926895e-07 4.01881327e-07 4.38070539e-07 4.28319582e-07
  3.82146850e-07 3.12161269e-07 3.48505902e-07 2.75984311e-07
  4.00795741e-07 3.05311475e-07 4.18489592e-07 3.44022847e-07
  3.64583235e-07 3.26828787e-07 3.46853579e-07 3.27550303e-07
  2.50731199e-07 3.28288527e-07 3.76981062e-07 3.92170495e-07
  3.59694911e-07 3.87468615e-07 3.50609686e-07 3.78131244e-07
  3.09952418e-07 3.61208048e-07 3.35513764e-07 3.73357124e-07
  3.07013995e-07 3.64000405e-07 3.81078637e-07 3.06410152e-07
  2.96210670e-07 3.17202803e-07 3.47692153e-07 3.60175030e-07
  3.44831634e-07 2.89651229e-07 3.33156649e-07 3.79443326e-07
  3.80808106e-07 2.82207070e-07 3.22674849e-07 3.27406905e-07
  3.07429211e-07 3.65497216e-07 3.07964102e-07 3.92406373e-07
  3.56941133e-07 3.42924071e-07]]
