args:  Namespace(attack='pgd', gaussian=False, l2=0, ndim=2)
elapsed time: 31262.553004701
mins: [[6.93172433e-06 1.09063365e-07 2.00000414e-07 3.74462644e-07
  5.68892176e-07 4.92151912e-07 9.16886222e-07 5.92050071e-07
  3.63621581e-07 8.15668841e-07 8.11256598e-07 1.55141564e-07
  2.44509636e-07 5.99093255e-08 4.03261673e-08 1.62534349e-07
  3.50334233e-07 3.04819849e-07 2.86997874e-07 1.94858472e-07
  3.69577400e-08 3.52605269e-08 1.93228260e-08 9.18356662e-08
  4.21328110e-08 1.27759991e-09 8.78179236e-08 6.56248602e-08
  4.70614516e-08 1.05401121e-07]
 [3.67781013e-06 2.64741016e-06 2.57606434e-08 1.96400450e-07
  3.04249897e-06 1.50238020e-06 3.69757593e-08 3.46745736e-07
  4.22885307e-07 1.15885568e-08 3.06422635e-07 2.99584684e-07
  1.94695900e-07 6.74242642e-07 7.70112010e-08 1.61199296e-07
  1.77682864e-07 3.38281382e-07 5.91652105e-09 2.82594897e-07
  1.64432961e-07 5.86872524e-08 5.26249153e-07 3.32820719e-07
  1.02075482e-07 1.21515612e-07 2.09981323e-07 1.48410182e-08
  3.47088474e-08 2.78622707e-08]
 [1.16394415e-06 6.98044096e-06 1.47503400e-07 1.75630908e-06
  7.15921851e-06 1.48174615e-06 3.95046800e-06 2.55034342e-06
  4.74948308e-07 8.59461409e-07 2.31391098e-07 4.74860997e-07
  1.40844762e-07 9.96042104e-07 1.56691428e-07 1.18991954e-06
  1.63075538e-06 1.37608822e-06 7.90287004e-07 2.35616267e-06
  1.69402495e-06 1.93033088e-06 2.29726902e-06 2.96538792e-06
  1.98266548e-06 2.68226387e-07 9.72349540e-07 8.66741004e-07
  4.16131525e-06 4.10716652e-08]
 [5.59836444e-05 3.99845612e-06 1.73608453e-06 1.43029365e-05
  2.42762644e-06 1.75122909e-06 3.24373832e-06 8.75926048e-07
  4.46052400e-06 6.01376769e-06 8.86214912e-06 1.64273661e-05
  1.87687988e-06 4.06651225e-07 6.23472488e-06 3.58759826e-06
  2.54767065e-06 1.12523758e-05 2.88867477e-06 7.16411841e-06
  1.76453455e-06 1.41256578e-05 6.92637514e-06 7.45706893e-06
  1.17091531e-05 4.24299060e-06 7.23002302e-07 5.56373288e-06
  1.63810382e-05 5.57041494e-06]
 [2.32701987e-05 1.02359329e-04 2.77768286e-05 9.59696990e-05
  1.51773871e-04 1.17012278e-04 6.76425989e-04 2.43302638e-04
  5.40958659e-04 2.73953512e-04 5.20133879e-04 5.78247527e-05
  5.23269700e-04 6.22988446e-04 2.22106511e-03 5.29679586e-04
  9.54883115e-04 5.91618475e-03 1.02042314e-03 4.24885377e-03
  5.79157704e-03 3.47796944e-03 4.57543321e-03 6.02384564e-03
  5.64453658e-03 7.58000743e-03 6.36157021e-03 7.30223116e-03
  7.16002099e-03 4.85909032e-03]
 [2.36605498e-04 6.01752945e-05 8.06677341e-03 7.99620524e-03
  9.19974223e-03 2.82359053e-03 4.20694659e-03 9.09823272e-03
  6.24728343e-03 9.83672217e-03 9.14030895e-03 9.47564840e-03
  8.16983171e-03 1.02560595e-02 7.41692586e-03 7.51021737e-03
  1.04084834e-02 1.15424050e-02 1.04681933e-02 1.16165830e-02
  1.04572596e-02 1.09619582e-02 1.08685968e-02 1.13507761e-02
  1.14593860e-02 1.07776988e-02 1.13232043e-02 1.14840008e-02
  1.16474247e-02 1.10962614e-02]
 [8.90285708e-03 9.96532571e-03 1.11028766e-02 1.24014877e-02
  1.31087191e-02 1.20293023e-02 1.22352596e-02 1.35988947e-02
  1.32789938e-02 1.26402332e-02 1.25518199e-02 1.24838063e-02
  1.18080704e-02 1.29236458e-02 1.30632427e-02 1.28236227e-02
  1.38870338e-02 1.35127269e-02 1.30012492e-02 1.31712388e-02
  1.40525401e-02 1.29855881e-02 1.24624781e-02 1.30279521e-02
  1.34469606e-02 1.32531775e-02 1.26544274e-02 1.35754384e-02
  1.26984715e-02 1.41767040e-02]
 [1.08260224e-02 1.27252992e-02 1.30349221e-02 1.45294834e-02
  1.51330531e-02 1.44344065e-02 1.38289109e-02 1.52603844e-02
  1.46867204e-02 1.42090013e-02 1.41923390e-02 1.56216575e-02
  1.56122185e-02 1.52737424e-02 1.50958933e-02 1.51935127e-02
  1.44693442e-02 1.60728861e-02 1.54190231e-02 1.61190517e-02
  1.53997187e-02 1.45562878e-02 1.42394947e-02 1.59563590e-02
  1.51613653e-02 1.46993445e-02 1.37161771e-02 1.47118839e-02
  1.53665785e-02 1.55777838e-02]]
maxs: [[0.01193839 0.03195642 0.00958653 0.01783363 0.00762348 0.0056744
  0.0044678  0.00566821 0.00259364 0.00278135 0.00253039 0.00277442
  0.00165321 0.00282815 0.00361357 0.00255107 0.00232143 0.00192721
  0.00222225 0.00119923 0.00161102 0.00214037 0.00134007 0.00119322
  0.00116549 0.00114795 0.00102899 0.00148977 0.00181821 0.00089995]
 [0.01250094 0.02141293 0.01768372 0.01462639 0.01446294 0.00625478
  0.00418537 0.0050014  0.00440296 0.00327704 0.00343113 0.00288996
  0.00280602 0.00266865 0.00483058 0.00199706 0.00175538 0.00159117
  0.00097328 0.00210916 0.00219407 0.00111987 0.00139974 0.00113396
  0.00122383 0.00149073 0.00080539 0.0009187  0.00082776 0.00091313]
 [0.02361609 0.01794535 0.01870109 0.01679402 0.01502391 0.01563551
  0.01568108 0.01252999 0.01244058 0.0128469  0.01433856 0.00720062
  0.01403623 0.0039456  0.01306743 0.00477147 0.00754606 0.00481546
  0.00282904 0.0062514  0.00384659 0.00418556 0.00173916 0.0032389
  0.00237255 0.00217705 0.00204327 0.00232565 0.00235758 0.00277192]
 [0.02175596 0.01868311 0.01858158 0.01717523 0.01598959 0.01443855
  0.01504575 0.01503916 0.01314711 0.0141789  0.01417032 0.01408228
  0.01387618 0.01172319 0.01298337 0.00965526 0.01182472 0.01107143
  0.01179332 0.00713029 0.01166618 0.01215303 0.00710258 0.00483602
  0.01143853 0.00754744 0.00566619 0.01183895 0.00617717 0.00419434]
 [0.02173555 0.02147417 0.02140825 0.02326484 0.02315352 0.02157325
  0.02303692 0.0228427  0.02317371 0.02345675 0.02309308 0.02289025
  0.02286674 0.02250561 0.02263124 0.02344901 0.02325306 0.02371378
  0.02409237 0.02272197 0.02331351 0.0234748  0.02356715 0.02373632
  0.02331019 0.02320414 0.02311105 0.02334355 0.0228659  0.02388075]
 [0.02125036 0.0228873  0.0220037  0.02301465 0.02328035 0.02145307
  0.02404994 0.02364804 0.02409113 0.02325824 0.02102216 0.02183421
  0.02316855 0.02257106 0.02399177 0.02269175 0.02285365 0.02163249
  0.02340445 0.02366465 0.02289315 0.023529   0.02312273 0.02322079
  0.02352528 0.02345051 0.02305999 0.02327812 0.02128827 0.02406005]
 [0.02188647 0.02332305 0.02347053 0.02363265 0.02105875 0.02134196
  0.02096668 0.02072064 0.0236072  0.02310921 0.02143308 0.02326772
  0.02371509 0.02408251 0.02113284 0.02219845 0.02347177 0.02358899
  0.02136318 0.02108732 0.021708   0.02386914 0.02333829 0.02172763
  0.02337538 0.02348092 0.02124526 0.02302258 0.02372776 0.02377366]
 [0.02380152 0.02108148 0.02271441 0.02264807 0.02270867 0.02126433
  0.02228419 0.02194766 0.02177099 0.0217032  0.02141965 0.02114522
  0.02202741 0.02340331 0.02140476 0.02117165 0.02152898 0.0237756
  0.02189711 0.0213808  0.02352867 0.02126197 0.02129211 0.02173742
  0.02103817 0.02394192 0.02238849 0.02336038 0.02174467 0.02353951]]
test_losses: [[2.22058414e-03 1.58764377e-03 1.09827496e-03 8.09646714e-04
  6.04660325e-04 4.74429397e-04 4.60027231e-04 4.78680961e-04
  2.79301191e-04 2.88876460e-04 2.40528440e-04 2.34825516e-04
  1.90355922e-04 2.05781168e-04 2.00279061e-04 1.75144716e-04
  1.70318671e-04 1.61162590e-04 1.70532455e-04 1.32770182e-04
  1.55123030e-04 1.38336304e-04 1.31263502e-04 1.02184553e-04
  1.33783878e-04 9.51939913e-05 1.20167287e-04 1.01371676e-04
  9.74684232e-05 9.54744934e-05]
 [3.19278329e-03 2.16560157e-03 1.54822701e-03 1.10620882e-03
  8.27012714e-04 5.76816621e-04 4.38146554e-04 4.12606603e-04
  3.84041338e-04 2.98897286e-04 2.39162039e-04 2.39349939e-04
  2.27408507e-04 2.12470611e-04 2.23005556e-04 2.07583455e-04
  1.81799388e-04 1.70001714e-04 1.45880326e-04 1.69888178e-04
  1.47065307e-04 1.30553674e-04 1.22600758e-04 1.14365976e-04
  1.24883059e-04 1.24451554e-04 9.60869796e-05 1.05097534e-04
  1.00395272e-04 9.45307310e-05]
 [7.52501944e-03 5.08937941e-03 3.01263933e-03 2.63051031e-03
  1.80055587e-03 1.82447451e-03 1.07084789e-03 9.54144364e-04
  8.78899943e-04 6.57439050e-04 7.26837412e-04 5.45694235e-04
  6.93209579e-04 4.46077347e-04 4.29515164e-04 3.90161916e-04
  4.60111634e-04 3.76612003e-04 3.60493278e-04 3.27970822e-04
  3.22492099e-04 2.93213404e-04 2.55949570e-04 2.70377928e-04
  2.39267077e-04 2.30652179e-04 2.23406054e-04 2.46774146e-04
  2.21657635e-04 2.20794642e-04]
 [1.03194579e-02 6.60807744e-03 5.17564818e-03 4.40424724e-03
  3.19753367e-03 2.97867034e-03 2.36218726e-03 2.09848322e-03
  1.66213860e-03 1.56689783e-03 1.43414109e-03 1.27189524e-03
  1.21735281e-03 1.00039075e-03 8.56266441e-04 9.87108073e-04
  7.91119835e-04 7.93310856e-04 7.19881043e-04 6.20645890e-04
  6.86948928e-04 6.47905311e-04 5.61664524e-04 5.25951196e-04
  4.98162085e-04 5.40634235e-04 5.55421280e-04 4.72696413e-04
  4.50909412e-04 4.19532217e-04]
 [1.49123414e-02 1.41778812e-02 1.40557890e-02 1.42183623e-02
  1.37309345e-02 1.41031445e-02 1.40697520e-02 1.49740952e-02
  1.44143659e-02 1.42983106e-02 1.50718571e-02 1.46026890e-02
  1.43680489e-02 1.47616325e-02 1.49588946e-02 1.53078292e-02
  1.52571188e-02 1.51767959e-02 1.53276496e-02 1.51691363e-02
  1.52567198e-02 1.54252138e-02 1.54759271e-02 1.52441211e-02
  1.54862849e-02 1.52081971e-02 1.54784311e-02 1.56636128e-02
  1.61291698e-02 1.59142495e-02]
 [1.62868157e-02 1.63799428e-02 1.69647819e-02 1.71207725e-02
  1.68637207e-02 1.70790238e-02 1.73627907e-02 1.74878346e-02
  1.73925873e-02 1.74422478e-02 1.76866420e-02 1.73158827e-02
  1.73054717e-02 1.73767253e-02 1.74061402e-02 1.73484588e-02
  1.72852425e-02 1.72504869e-02 1.76622998e-02 1.75530526e-02
  1.75548525e-02 1.76474133e-02 1.75973791e-02 1.78535083e-02
  1.76994898e-02 1.74023205e-02 1.76754780e-02 1.73523834e-02
  1.74571507e-02 1.74931741e-02]
 [1.83643209e-02 1.86891258e-02 1.89928666e-02 1.91774226e-02
  1.92978732e-02 1.91928075e-02 1.92986504e-02 1.92360288e-02
  1.92830029e-02 1.93341116e-02 1.93501730e-02 1.92543686e-02
  1.94846881e-02 1.95520336e-02 1.93586532e-02 1.93302812e-02
  1.94678503e-02 1.93799041e-02 1.94497549e-02 1.93513801e-02
  1.95272029e-02 1.93615626e-02 1.93725084e-02 1.94215957e-02
  1.94430739e-02 1.95002203e-02 1.94213030e-02 1.94636275e-02
  1.93692405e-02 1.94084394e-02]
 [1.94209327e-02 1.96822717e-02 1.96771078e-02 1.97588265e-02
  1.97881603e-02 1.98163739e-02 1.98437627e-02 1.98703852e-02
  1.98321122e-02 1.98162302e-02 1.99342767e-02 1.98742217e-02
  1.98623959e-02 1.99006015e-02 1.98676465e-02 1.98480579e-02
  1.98083580e-02 1.99305465e-02 1.98278710e-02 1.98929500e-02
  1.98870729e-02 1.99241595e-02 1.98136186e-02 1.98648234e-02
  1.98381656e-02 1.98957299e-02 1.99055823e-02 1.98560399e-02
  1.98706448e-02 1.99668666e-02]]
