args:  Namespace(attack='fgm', gaussian=False, l2=0, ndim=5)
elapsed time: 5016.741952915
test_losses: [[0.00277107 0.00245064 0.00217844 0.00180456 0.00158483 0.00140399
  0.00120059 0.0012639  0.0012619  0.00111134 0.00109386 0.00106009
  0.00105827 0.00090026 0.0009475  0.00087168 0.00085722 0.00083099
  0.00088179 0.00084503 0.00075196 0.00080174 0.00076099 0.00073659
  0.00075704 0.00071305 0.00074901 0.00066574 0.00069357 0.00070991]
 [0.00242381 0.00220915 0.00215562 0.00178361 0.0016716  0.00144724
  0.00132635 0.00114032 0.00106265 0.00098169 0.0009288  0.00089213
  0.00084314 0.0008094  0.00085034 0.00075461 0.00078369 0.00073725
  0.00071698 0.00062594 0.00070597 0.00065471 0.00068721 0.00070317
  0.00058907 0.00060033 0.00062033 0.00058141 0.00060678 0.00056317]
 [0.00296568 0.00192521 0.00183137 0.00158711 0.00138825 0.00120202
  0.00103405 0.00097844 0.00091152 0.00083631 0.00080967 0.00072217
  0.00063368 0.00069112 0.00060974 0.00052515 0.00053037 0.00052138
  0.00057416 0.00048085 0.00051693 0.00050097 0.00045891 0.00048682
  0.00047443 0.00042778 0.00047003 0.00045587 0.00044108 0.00045064]
 [0.00346711 0.00203118 0.00171757 0.00147654 0.00125324 0.00117976
  0.0009363  0.00090619 0.00084782 0.00073849 0.00065251 0.00068599
  0.00060162 0.00058786 0.00053135 0.00053625 0.00049881 0.00048727
  0.00050117 0.00046115 0.00044437 0.00048669 0.00043381 0.0004166
  0.00044974 0.00039439 0.00038064 0.00040266 0.00038371 0.00039393]
 [0.00448715 0.00235062 0.00181739 0.00157138 0.00126191 0.00106423
  0.00090398 0.00080945 0.0007601  0.00070394 0.00056167 0.00055905
  0.00047973 0.00044693 0.00045078 0.00040479 0.00039842 0.00038749
  0.00038195 0.00037032 0.00033515 0.00032508 0.00033075 0.00029372
  0.00032783 0.00030118 0.00027485 0.00028463 0.00028956 0.00027937]
 [0.00462204 0.00247965 0.00184814 0.00157175 0.00123838 0.00113409
  0.00094161 0.00082269 0.00072165 0.00063626 0.00056583 0.0005287
  0.00051329 0.00051085 0.00042301 0.00042704 0.00034285 0.00035956
  0.00036572 0.00037306 0.0003246  0.00031827 0.00029968 0.00027716
  0.00029586 0.00029286 0.00026851 0.00027298 0.00024191 0.00024727]
 [0.00509678 0.00246278 0.00189036 0.00151554 0.00113976 0.00106364
  0.00088074 0.00083213 0.00072682 0.00067781 0.0005398  0.00050994
  0.00052993 0.00044701 0.00044811 0.00037299 0.00038004 0.00036902
  0.00034041 0.00031442 0.00030225 0.00026329 0.00028462 0.00024694
  0.00025603 0.00025447 0.0002355  0.00022253 0.00022963 0.00023188]
 [0.0068701  0.00241653 0.00182056 0.00155022 0.00122419 0.00102256
  0.00093201 0.00074697 0.00064781 0.00058547 0.0005368  0.00050682
  0.0004751  0.00046062 0.00042231 0.00037711 0.00037932 0.0003237
  0.00031533 0.00031183 0.00029952 0.00029007 0.00026811 0.00025951
  0.00023729 0.00022112 0.0002249  0.00021715 0.00021855 0.00020366]]
variance: [[1.85311570e-06 2.13918087e-06 1.64166413e-06 1.13784037e-06
  1.20477526e-06 8.35144044e-07 6.69472288e-07 7.32759588e-07
  7.62024348e-07 6.17858910e-07 6.76930750e-07 4.69338315e-07
  5.51730180e-07 4.16076829e-07 4.32301635e-07 3.99563021e-07
  3.35458505e-07 3.34155678e-07 4.16664034e-07 3.63654811e-07
  2.78581107e-07 3.49720672e-07 2.76093843e-07 2.60716730e-07
  2.68710312e-07 2.25192924e-07 2.46493658e-07 1.76162498e-07
  2.56379174e-07 2.28448256e-07]
 [1.81234993e-06 1.94904884e-06 1.86585440e-06 1.28960184e-06
  1.11926081e-06 9.97888804e-07 8.75753534e-07 6.61183108e-07
  5.47824149e-07 5.49749407e-07 5.08038125e-07 3.69469029e-07
  3.92934322e-07 3.64784959e-07 4.54899073e-07 3.26138990e-07
  2.84471896e-07 2.82496209e-07 2.70506052e-07 1.66192214e-07
  2.58478569e-07 2.08318931e-07 2.58457787e-07 2.81633915e-07
  1.68723629e-07 2.06482419e-07 2.24750726e-07 1.60008685e-07
  2.05037843e-07 1.61758453e-07]
 [5.60251871e-06 2.01569064e-06 1.84716358e-06 1.19819332e-06
  8.91292929e-07 6.51888084e-07 4.66214924e-07 4.69071995e-07
  4.35562277e-07 3.84796081e-07 3.84441947e-07 3.19102898e-07
  1.87178067e-07 2.69558325e-07 1.95835852e-07 1.79896794e-07
  1.45409560e-07 1.60854893e-07 2.07332765e-07 1.07277175e-07
  1.85627497e-07 1.81444360e-07 1.51940427e-07 1.47667496e-07
  1.21139158e-07 1.01801688e-07 1.22125556e-07 1.13564350e-07
  8.25897530e-08 1.13772883e-07]
 [4.78868886e-06 2.72010482e-06 1.50687492e-06 1.22230411e-06
  7.39000980e-07 7.25208934e-07 4.26221922e-07 3.99906081e-07
  5.00824549e-07 2.99822162e-07 2.26197936e-07 2.50241129e-07
  2.27279888e-07 2.17488871e-07 1.59928323e-07 1.83823821e-07
  1.29790511e-07 1.08932273e-07 1.54042877e-07 1.30911224e-07
  1.01759872e-07 1.47745745e-07 1.14108432e-07 1.00586740e-07
  1.61616911e-07 8.25293856e-08 8.33393095e-08 1.54052886e-07
  9.51680713e-08 1.20816139e-07]
 [8.05028441e-06 2.77939122e-06 1.89690851e-06 1.46980013e-06
  9.53467312e-07 6.74517005e-07 4.21614967e-07 2.77891244e-07
  3.11828299e-07 2.82338291e-07 1.66182049e-07 1.61364721e-07
  1.14062487e-07 1.24165704e-07 1.08579496e-07 8.24855373e-08
  1.02275612e-07 7.59471737e-08 7.99377199e-08 6.89374443e-08
  5.24741951e-08 5.89558892e-08 8.10874142e-08 4.76519510e-08
  8.20231963e-08 5.13942797e-08 4.09363225e-08 4.92426032e-08
  6.69876622e-08 5.28743153e-08]
 [8.38644493e-06 3.26561188e-06 2.17058788e-06 1.36667600e-06
  8.46031546e-07 6.86742290e-07 5.16712976e-07 3.52404170e-07
  3.05598472e-07 1.83369127e-07 1.60650511e-07 1.90795630e-07
  1.15988287e-07 1.17441491e-07 8.10562961e-08 9.88203335e-08
  5.41217528e-08 7.96148754e-08 7.80432692e-08 6.52459244e-08
  4.94244953e-08 4.70332982e-08 5.15131707e-08 3.73474619e-08
  5.04629245e-08 5.23424119e-08 3.94873059e-08 4.25728761e-08
  2.74502292e-08 3.75381833e-08]
 [1.29798889e-05 3.16073957e-06 2.32812290e-06 1.00214261e-06
  6.77824473e-07 6.09823540e-07 3.72315422e-07 4.33129175e-07
  2.64041268e-07 2.36066799e-07 1.38461046e-07 1.57830137e-07
  1.32610411e-07 1.06887295e-07 9.33033122e-08 7.93219942e-08
  7.07291570e-08 6.53585298e-08 6.53834957e-08 4.71345390e-08
  4.67399552e-08 3.24619230e-08 5.25084284e-08 2.81739808e-08
  3.58472884e-08 3.99741019e-08 2.83624415e-08 2.53034617e-08
  2.64950846e-08 3.59751322e-08]
 [3.91581921e-05 2.74684307e-06 1.54618259e-06 1.22101767e-06
  6.15149463e-07 5.37111042e-07 3.99898723e-07 2.63326073e-07
  2.53817777e-07 1.39319803e-07 1.51600688e-07 1.36571232e-07
  1.26494723e-07 9.90682611e-08 9.15902158e-08 5.92764223e-08
  7.76631131e-08 5.76051856e-08 5.38089023e-08 5.16357119e-08
  3.85027911e-08 3.60961935e-08 4.42593281e-08 3.87643432e-08
  3.44902609e-08 2.59281190e-08 2.52955064e-08 2.46959827e-08
  2.37322968e-08 2.24464309e-08]]
