args:  Namespace(attack='fgsm', gaussian=False, l2=0, ndim=2)
elapsed time: 3289.394699763
test_losses: [[1.81148705e-03 1.54338761e-03 1.07645814e-03 7.48496135e-04
  6.38326113e-04 4.66273757e-04 4.88917161e-04 3.67646071e-04
  3.43358305e-04 2.68131221e-04 2.39177406e-04 2.57626035e-04
  2.14044544e-04 1.82316668e-04 1.89044551e-04 2.02030389e-04
  1.72972052e-04 1.71682071e-04 1.36569818e-04 1.39231581e-04
  1.26972345e-04 1.41421830e-04 1.65682853e-04 1.01742685e-04
  1.37248375e-04 1.18755605e-04 1.24901080e-04 8.92095458e-05
  1.07656961e-04 1.13612261e-04]
 [2.72577103e-03 2.00211035e-03 1.08930136e-03 8.95242680e-04
  7.74194077e-04 5.27506124e-04 4.90020202e-04 3.46748040e-04
  3.59506137e-04 3.08336510e-04 2.48847911e-04 2.74895141e-04
  2.37383989e-04 2.27148365e-04 2.09782974e-04 2.03843745e-04
  1.63598072e-04 1.45275113e-04 1.66673088e-04 1.23598260e-04
  1.23434369e-04 1.29681642e-04 1.14291278e-04 1.10025114e-04
  1.11174295e-04 1.13680432e-04 1.09657637e-04 9.13039475e-05
  9.78152428e-05 8.07308112e-05]
 [6.75699631e-03 4.14532894e-03 2.78420698e-03 1.94513457e-03
  1.37176461e-03 1.01815841e-03 1.09387203e-03 6.86479545e-04
  7.08073018e-04 5.74951901e-04 4.96337637e-04 4.50378162e-04
  3.70118583e-04 4.10706799e-04 4.11220849e-04 3.46906540e-04
  3.61615003e-04 3.23077976e-04 2.63284278e-04 2.40780652e-04
  2.54967032e-04 2.18323119e-04 2.46780823e-04 2.26781290e-04
  2.03287675e-04 1.93057692e-04 1.95788208e-04 1.87131357e-04
  1.85414189e-04 2.07299550e-04]
 [9.07379992e-03 5.73635666e-03 3.92365532e-03 2.75321511e-03
  2.12722775e-03 1.91466476e-03 1.46212529e-03 1.31600543e-03
  1.02723660e-03 1.09964100e-03 1.00810062e-03 7.82188984e-04
  7.75265771e-04 6.41940033e-04 7.20744248e-04 4.68582521e-04
  5.31978950e-04 6.06874550e-04 3.61457718e-04 4.85372628e-04
  3.81704742e-04 4.09145234e-04 3.30702452e-04 4.08634803e-04
  4.04399846e-04 3.53710321e-04 3.16970273e-04 3.18480639e-04
  2.83844157e-04 3.37938745e-04]
 [1.21471286e-02 1.04721917e-02 1.01136034e-02 9.58668249e-03
  9.09484531e-03 9.12142211e-03 8.91031868e-03 9.08272795e-03
  9.20754742e-03 9.23979837e-03 8.71445180e-03 8.78227617e-03
  8.64368430e-03 8.67520336e-03 9.04058620e-03 9.09414398e-03
  8.99712497e-03 9.06820192e-03 9.35813120e-03 8.96666052e-03
  8.91322163e-03 8.72846760e-03 8.72885107e-03 8.59364681e-03
  8.77796473e-03 8.92501498e-03 8.74923356e-03 9.00145777e-03
  9.06710071e-03 8.81356136e-03]
 [1.23277705e-02 1.11183406e-02 1.08118470e-02 1.09143301e-02
  1.04148866e-02 1.02788267e-02 1.02284532e-02 1.00275252e-02
  1.01143127e-02 1.00740070e-02 1.01459521e-02 9.90347732e-03
  9.78453321e-03 9.50418858e-03 9.88259209e-03 9.97047055e-03
  9.63170767e-03 9.86788601e-03 9.99090329e-03 9.52072862e-03
  9.58159469e-03 9.41626738e-03 9.55688517e-03 9.76362633e-03
  9.51866246e-03 9.53365906e-03 9.72011145e-03 9.49383869e-03
  9.68828953e-03 9.63157201e-03]
 [1.42100643e-02 1.35317091e-02 1.32735436e-02 1.29286436e-02
  1.29878465e-02 1.28823691e-02 1.27285131e-02 1.27287803e-02
  1.27861864e-02 1.27650489e-02 1.26177012e-02 1.25050892e-02
  1.27012537e-02 1.26397734e-02 1.25389334e-02 1.27299877e-02
  1.22561716e-02 1.27640055e-02 1.25336828e-02 1.24593903e-02
  1.24501979e-02 1.22363383e-02 1.23812225e-02 1.23483785e-02
  1.24652905e-02 1.23291502e-02 1.22546165e-02 1.22804808e-02
  1.22185360e-02 1.22919143e-02]
 [1.59160806e-02 1.58611559e-02 1.58810415e-02 1.58877789e-02
  1.61961439e-02 1.61131808e-02 1.61433841e-02 1.64446852e-02
  1.63130463e-02 1.61934834e-02 1.62549168e-02 1.62026941e-02
  1.62756743e-02 1.66301729e-02 1.63257671e-02 1.63883767e-02
  1.63239751e-02 1.64587388e-02 1.62710284e-02 1.64659753e-02
  1.64049769e-02 1.66215798e-02 1.64537114e-02 1.64017505e-02
  1.63642661e-02 1.65935804e-02 1.62885892e-02 1.64872148e-02
  1.64203538e-02 1.65849582e-02]]
variance: [[4.62470670e-06 4.14270604e-06 1.86817470e-06 1.12585555e-06
  9.24626053e-07 5.42592848e-07 7.40734776e-07 3.70773142e-07
  2.81792691e-07 1.75475303e-07 9.09701298e-08 1.98676424e-07
  9.80192388e-08 8.18448466e-08 9.35562100e-08 1.07314791e-07
  8.79699884e-08 7.06898131e-08 4.43387627e-08 4.54464390e-08
  2.67755420e-08 4.73705081e-08 7.35769171e-08 2.29496202e-08
  5.64743001e-08 3.22093388e-08 3.35515786e-08 1.38070711e-08
  2.30790700e-08 3.12394176e-08]
 [8.76895167e-06 7.90893469e-06 2.38958066e-06 1.61999280e-06
  1.45855275e-06 7.49995593e-07 5.94619944e-07 1.99071243e-07
  3.11188115e-07 2.64604470e-07 9.95984108e-08 1.58519637e-07
  1.51808500e-07 1.65065933e-07 1.02071311e-07 7.69692639e-08
  7.02598438e-08 4.71753640e-08 6.38183827e-08 2.39531977e-08
  2.59548930e-08 3.76038384e-08 2.25209337e-08 2.02750895e-08
  2.46598221e-08 3.24271437e-08 1.59545372e-08 1.30708180e-08
  2.41360288e-08 9.78215621e-09]
 [2.75864313e-05 2.23777436e-05 1.51598823e-05 1.05114357e-05
  4.85551933e-06 2.93136500e-06 3.51173262e-06 1.02847476e-06
  1.56728630e-06 8.57348761e-07 4.53919181e-07 3.77576284e-07
  3.11099923e-07 3.81621129e-07 2.86018456e-07 2.21151809e-07
  5.18462824e-07 2.62408726e-07 1.35305278e-07 6.82124679e-08
  1.31074052e-07 6.95406344e-08 8.04245726e-08 7.65894349e-08
  4.86565420e-08 4.58854505e-08 5.01669219e-08 3.83896694e-08
  5.29887313e-08 6.49073947e-08]
 [2.77473327e-05 2.65691055e-05 1.96204425e-05 1.29462273e-05
  9.48426495e-06 9.72668943e-06 6.00301278e-06 4.42430525e-06
  2.74970969e-06 3.81504136e-06 2.37755607e-06 1.59540079e-06
  1.37206854e-06 7.74860669e-07 1.98881583e-06 3.99685996e-07
  4.09185844e-07 1.07705173e-06 1.53828704e-07 3.20626517e-07
  2.13874315e-07 2.97966927e-07 1.31011415e-07 2.32420149e-07
  2.56695917e-07 1.49100125e-07 2.27266524e-07 1.13945124e-07
  1.07165983e-07 1.40990385e-07]
 [1.23251385e-05 1.37068419e-05 1.22193938e-05 1.24046754e-05
  1.48229790e-05 1.26123922e-05 1.35013812e-05 1.27178371e-05
  1.23361170e-05 1.19923617e-05 1.20831016e-05 1.09601555e-05
  1.31544775e-05 1.17096108e-05 1.12862522e-05 1.04158987e-05
  1.22174475e-05 9.10513814e-06 1.08950013e-05 1.15086077e-05
  1.14479229e-05 1.20936995e-05 1.00354863e-05 1.03942573e-05
  1.03136507e-05 1.03536225e-05 1.08655289e-05 1.07138186e-05
  1.11425221e-05 1.02966232e-05]
 [1.19240202e-05 1.14456411e-05 9.61258709e-06 9.33718428e-06
  8.31036196e-06 8.74247915e-06 8.23992049e-06 8.80840329e-06
  8.32867869e-06 8.41393564e-06 7.26554719e-06 7.72900784e-06
  9.46473518e-06 8.30347025e-06 6.85024654e-06 8.75270492e-06
  8.49799404e-06 8.66562818e-06 1.04891721e-05 9.24495554e-06
  9.12549657e-06 8.55138335e-06 9.20750764e-06 9.42045223e-06
  8.34428032e-06 9.15601042e-06 9.82225840e-06 9.48538590e-06
  8.93972736e-06 1.01346806e-05]
 [1.19246720e-05 1.20701716e-05 1.02236628e-05 1.05125682e-05
  8.36707254e-06 7.79785358e-06 7.98707847e-06 7.69702330e-06
  8.78876727e-06 6.48545241e-06 6.64121974e-06 5.94666043e-06
  5.62521722e-06 5.37362298e-06 6.32772409e-06 5.87222474e-06
  5.49210587e-06 5.30804006e-06 5.78720779e-06 5.47484925e-06
  5.72525153e-06 5.90285445e-06 5.20773594e-06 5.64980884e-06
  5.71185325e-06 6.17173683e-06 5.44162413e-06 5.07510762e-06
  5.11823094e-06 5.77089274e-06]
 [1.15510810e-05 9.91946031e-06 8.82558487e-06 7.23498214e-06
  7.62166479e-06 8.03493813e-06 5.91372190e-06 6.36119825e-06
  5.89123348e-06 5.48386430e-06 5.50959815e-06 5.81836713e-06
  5.23224980e-06 5.11960422e-06 5.39367223e-06 4.85077017e-06
  5.23679891e-06 4.22367513e-06 4.76142166e-06 4.09693407e-06
  4.55474689e-06 4.91394150e-06 4.12719005e-06 5.46142790e-06
  4.14105687e-06 4.59731767e-06 4.75623667e-06 5.02417392e-06
  4.53453317e-06 4.14368471e-06]]
