args:  Namespace(attack='pgd', gaussian=True, l2=0, ndim=5)
elapsed time: 56182.043135811
test_losses: [[0.05049396 0.04887326 0.04770569 0.04482494 0.04017982 0.03571848
  0.03590117 0.03031927 0.03011688 0.02746538 0.02543419 0.02225937
  0.02258647 0.02286752 0.02243049 0.02279089 0.02254487 0.02141464
  0.02151561 0.02145226 0.02011092 0.02184175 0.02045103 0.0208836
  0.02223396 0.02163147 0.02231584 0.0213961  0.02175455 0.02044304]
 [0.05548017 0.0492279  0.03844857 0.03269907 0.02623447 0.02419964
  0.02130252 0.01929135 0.01965181 0.02065583 0.01878895 0.02047908
  0.02040921 0.02039459 0.02178465 0.02262154 0.02070536 0.0198686
  0.02028252 0.02269253 0.02164325 0.02335936 0.02292671 0.0230266
  0.02586006 0.02611016 0.02609245 0.02431077 0.02517913 0.02528345]
 [0.04867879 0.04269223 0.03516832 0.0304471  0.0285304  0.02975851
  0.02937739 0.03039918 0.0292862  0.0299929  0.03109736 0.03104933
  0.03260117 0.03158055 0.03390281 0.03354511 0.03468416 0.03302356
  0.03431955 0.03615793 0.03669887 0.03478648 0.03566717 0.03590172
  0.03626547 0.0362256  0.03491172 0.03629573 0.03601027 0.03614907]
 [0.04844147 0.03967308 0.03467834 0.03580562 0.03402694 0.03204325
  0.03428782 0.03604298 0.03481044 0.03544228 0.03589928 0.03715325
  0.0375952  0.03776516 0.03845237 0.03783086 0.0386321  0.03747875
  0.03766616 0.03784979 0.03773773 0.03797448 0.03811622 0.03737322
  0.0377088  0.03775882 0.03779503 0.03758323 0.03755459 0.03769164]
 [0.04738074 0.0404151  0.03700933 0.03633738 0.03745267 0.0376219
  0.03863438 0.03920194 0.03869246 0.03909056 0.03936133 0.03965074
  0.03911964 0.0387752  0.03910282 0.03910024 0.0384683  0.03888276
  0.03902985 0.03902709 0.03833766 0.03873197 0.03904471 0.03867371
  0.03843508 0.03844187 0.03871116 0.03844188 0.03876095 0.03891735]
 [0.04793052 0.04123015 0.03986732 0.03953209 0.03966851 0.04097686
  0.04015885 0.03988314 0.04058895 0.04068049 0.04042398 0.04089001
  0.04035419 0.04111297 0.04034798 0.04094088 0.04083975 0.04047947
  0.04070442 0.04081698 0.04095798 0.04110343 0.04051438 0.04077978
  0.0409979  0.04132299 0.04124861 0.0410853  0.04118467 0.04132508]
 [0.04563148 0.04136488 0.04189176 0.04223287 0.04161139 0.04133804
  0.04269905 0.04264923 0.0423192  0.04237058 0.04237013 0.04247011
  0.04225255 0.04259952 0.04281876 0.04260406 0.04264736 0.04307452
  0.04316532 0.04310346 0.04374056 0.04301116 0.04332175 0.04351163
  0.04349711 0.04334947 0.04345222 0.04368927 0.04392561 0.04381871]
 [0.04696485 0.0420158  0.04228984 0.0427293  0.04300984 0.04385351
  0.0444195  0.04363131 0.0439293  0.04420896 0.04406586 0.0446071
  0.04461252 0.04525717 0.0449082  0.04464089 0.04521543 0.04509988
  0.04581726 0.04519103 0.04573841 0.04588042 0.04585365 0.04584462
  0.04618649 0.04575506 0.04614376 0.04612846 0.04624765 0.04625422]
 [0.04507051 0.0434205  0.04331931 0.04418417 0.04388709 0.04533902
  0.04456834 0.04534919 0.04565881 0.04550805 0.04599144 0.04599478
  0.04636455 0.04646205 0.04636828 0.04639819 0.0469947  0.04685782
  0.04691459 0.04711804 0.04714486 0.04731053 0.04736819 0.04771173
  0.04766355 0.04740976 0.04785867 0.04759895 0.0479224  0.04789021]
 [0.04591689 0.04381558 0.04480885 0.045308   0.04557825 0.0459018
  0.04614199 0.04641002 0.04685299 0.04654967 0.04684145 0.04768849
  0.0476233  0.04791123 0.04812596 0.04811221 0.04783127 0.04831864
  0.0483219  0.04847014 0.04830759 0.04864349 0.04850609 0.04864382
  0.04896161 0.04881575 0.0487499  0.04890336 0.04898912 0.04886137]
 [0.04604855 0.04537621 0.04555938 0.04551063 0.04651855 0.04645866
  0.04730276 0.04721324 0.04785145 0.04809969 0.04828163 0.04863751
  0.04872691 0.04853273 0.04868419 0.04885492 0.04894599 0.04891643
  0.04928401 0.04907525 0.04925794 0.04930956 0.04923056 0.04916036
  0.04934388 0.04925069 0.04925728 0.04938038 0.04933284 0.04939561]
 [0.04696556 0.04750995 0.04849829 0.04881991 0.04927119 0.04920268
  0.04955567 0.04968253 0.04958597 0.04972884 0.04974574 0.0497922
  0.04979094 0.04980829 0.04978099 0.04982194 0.04984986 0.0498416
  0.04981989 0.04980487 0.0498169  0.04982967 0.04987169 0.04984457
  0.04987254 0.04985981 0.04984175 0.04980934 0.04977175 0.04982201]
 [0.04836774 0.04904696 0.04948829 0.04961677 0.04971374 0.04978039
  0.04978473 0.04981893 0.04983993 0.04983981 0.04987786 0.04987253
  0.04987859 0.04986846 0.04990103 0.04989114 0.04990363 0.04990186
  0.04987622 0.04991673 0.04991154 0.04993196 0.04989617 0.04989187
  0.04991351 0.04991009 0.04991915 0.04990856 0.04987552 0.04992186]
 [0.04935521 0.04944521 0.0497161  0.04979167 0.04983509 0.04982887
  0.04984926 0.04985216 0.04986145 0.04989618 0.04988185 0.04989893
  0.04990801 0.04990614 0.04991516 0.04991211 0.04991037 0.04990845
  0.04989119 0.04992251 0.04991939 0.04994462 0.04989989 0.0499585
  0.04991244 0.04989214 0.04992551 0.04992521 0.04990094 0.04993151]
 [0.0492645  0.0496977  0.04981884 0.04980988 0.04986435 0.0498734
  0.04987733 0.04989171 0.04989844 0.04992495 0.04990593 0.0499196
  0.04993894 0.04993004 0.04995759 0.04995582 0.0499537  0.04995564
  0.04996757 0.04994962 0.04996169 0.04988744 0.0499498  0.0499434
  0.04990762 0.04995945 0.04996199 0.04995108 0.04994009 0.04991735]]
variance: [[1.61779222e-04 1.30259284e-04 1.84817640e-04 2.35971982e-04
  2.58661263e-04 2.80342764e-04 2.52718105e-04 3.42103334e-04
  3.03596036e-04 3.32165973e-04 3.18128694e-04 2.80145017e-04
  2.86260786e-04 3.29496856e-04 2.87545532e-04 2.99713871e-04
  3.07799403e-04 3.08427893e-04 2.94674997e-04 2.92059592e-04
  3.20573010e-04 3.15563618e-04 2.94442590e-04 3.06951514e-04
  2.97929058e-04 3.36600964e-04 3.66788753e-04 3.09299933e-04
  3.08156802e-04 3.05370876e-04]
 [6.90597700e-04 8.73058418e-04 5.85642983e-04 7.96460179e-04
  4.19051933e-04 3.02014529e-04 2.49849832e-04 2.22253392e-04
  2.32258473e-04 2.76952040e-04 2.70276231e-04 2.75483696e-04
  2.81397678e-04 2.65132554e-04 2.84562017e-04 3.10264261e-04
  2.89135378e-04 2.89165310e-04 2.88779452e-04 2.98304214e-04
  3.09265880e-04 2.77121116e-04 3.04526710e-04 2.92700797e-04
  2.78264369e-04 2.74247468e-04 2.78157072e-04 2.98118947e-04
  2.95383250e-04 2.95146862e-04]
 [3.84843337e-04 4.51388802e-04 4.13063516e-04 3.13071345e-04
  2.36472897e-04 2.10003952e-04 2.18913638e-04 2.06634451e-04
  2.22448259e-04 2.12196670e-04 1.92637431e-04 1.70961185e-04
  1.56218245e-04 1.71201181e-04 1.32732932e-04 1.31135699e-04
  1.36965315e-04 1.45828446e-04 1.16008033e-04 8.50754611e-05
  6.94555979e-05 9.56912658e-05 8.53037848e-05 7.14006592e-05
  6.66850184e-05 7.52570615e-05 7.24937928e-05 6.02263559e-05
  6.68131973e-05 6.86597401e-05]
 [3.50622374e-04 4.25122748e-04 2.56111392e-04 1.84985082e-04
  1.74413017e-04 1.48873403e-04 1.26700118e-04 1.00389624e-04
  1.12130026e-04 1.03027017e-04 7.82901150e-05 6.20923120e-05
  5.53752818e-05 4.71863525e-05 3.62850201e-05 4.50769827e-05
  3.32990061e-05 3.64085594e-05 3.42341208e-05 3.37076757e-05
  3.17695309e-05 3.39796311e-05 2.90630805e-05 3.39950895e-05
  3.08333253e-05 3.12999577e-05 3.35803815e-05 2.93110264e-05
  2.47018941e-05 3.08695266e-05]
 [3.35302969e-04 2.40737162e-04 1.91587585e-04 1.12548486e-04
  9.23700895e-05 8.27932908e-05 6.52651455e-05 4.64362873e-05
  5.27534850e-05 3.52766666e-05 2.62381267e-05 3.06710117e-05
  2.87673445e-05 2.94720748e-05 2.52495830e-05 2.82232392e-05
  2.65834981e-05 2.55585461e-05 2.46164765e-05 2.52890587e-05
  2.55474595e-05 2.60740939e-05 2.39080235e-05 2.19552132e-05
  2.76774433e-05 2.42980232e-05 2.31284383e-05 2.14914874e-05
  2.65970463e-05 2.48883702e-05]
 [2.06799655e-04 1.90373177e-04 1.05054173e-04 8.09041277e-05
  5.53292913e-05 4.58721124e-05 3.44223203e-05 3.09615624e-05
  2.91011564e-05 2.49867374e-05 2.81180475e-05 2.05510510e-05
  2.68315840e-05 2.29109299e-05 2.37035080e-05 2.15283022e-05
  2.61878717e-05 2.28444625e-05 2.02663971e-05 2.14993084e-05
  2.28327373e-05 2.23224847e-05 2.07298992e-05 2.22212114e-05
  1.87221090e-05 1.95937557e-05 2.17471806e-05 1.77444337e-05
  1.79463309e-05 1.91513375e-05]
 [2.16978183e-04 1.34578306e-04 7.38034416e-05 4.99661022e-05
  3.33190443e-05 3.29066693e-05 2.64908818e-05 2.29482866e-05
  2.19218304e-05 2.26411467e-05 1.83559385e-05 2.09906577e-05
  2.43222452e-05 2.04827088e-05 2.31978478e-05 2.03177076e-05
  2.03737267e-05 1.99527927e-05 2.06418992e-05 2.00020483e-05
  1.95589849e-05 1.54549732e-05 1.97200467e-05 2.01115466e-05
  1.83561098e-05 1.85916227e-05 1.59697112e-05 1.73563554e-05
  1.52100441e-05 1.75158181e-05]
 [2.12008836e-04 9.95035691e-05 5.13848373e-05 4.03599062e-05
  2.62451176e-05 1.97781335e-05 2.12024180e-05 2.22937951e-05
  2.18851042e-05 1.62183567e-05 1.87940397e-05 1.82033289e-05
  1.89539097e-05 1.68646632e-05 1.81912064e-05 1.64547517e-05
  1.70709452e-05 1.74585064e-05 1.45127815e-05 1.64922808e-05
  1.33189622e-05 1.50466753e-05 1.35617255e-05 1.42028629e-05
  1.16735290e-05 1.30282347e-05 1.45589187e-05 1.19352526e-05
  1.16009514e-05 1.18938602e-05]
 [1.32116607e-04 6.51158595e-05 3.67626267e-05 2.51158676e-05
  2.28490893e-05 1.80244756e-05 1.74055834e-05 1.90213411e-05
  1.49504995e-05 1.58434764e-05 1.42664709e-05 1.54207910e-05
  1.46604182e-05 1.21807135e-05 1.32046236e-05 1.41639563e-05
  1.21460307e-05 1.26191577e-05 1.12530113e-05 1.07559268e-05
  1.08090420e-05 8.99265122e-06 9.09337253e-06 8.33077323e-06
  8.02084234e-06 9.44485798e-06 6.91495854e-06 8.79230571e-06
  7.02125912e-06 7.84822478e-06]
 [1.50430494e-04 5.26150448e-05 2.78335898e-05 1.94449780e-05
  1.86942778e-05 1.57868272e-05 1.36922929e-05 1.48518347e-05
  1.10146167e-05 1.20816610e-05 1.16942640e-05 9.20463764e-06
  9.67295643e-06 7.82779998e-06 6.94445249e-06 7.95149241e-06
  8.01793998e-06 6.39932925e-06 6.81866706e-06 6.32462304e-06
  6.03553843e-06 4.60357782e-06 5.02666729e-06 4.62170986e-06
  3.41860001e-06 4.21286227e-06 4.88656051e-06 3.02399478e-06
  2.72622530e-06 3.41783764e-06]
 [1.19297254e-04 4.03308917e-05 2.27281420e-05 1.79613400e-05
  1.37276253e-05 1.37622642e-05 1.12384536e-05 1.17168114e-05
  8.40496606e-06 6.83320374e-06 7.01664352e-06 4.54789056e-06
  5.28123283e-06 5.32532735e-06 4.93583028e-06 3.92954356e-06
  4.04627735e-06 3.21157360e-06 1.82022478e-06 3.52554838e-06
  2.19561838e-06 1.46775728e-06 2.21483311e-06 2.89052800e-06
  2.14246134e-06 1.85696138e-06 2.32534037e-06 1.55067110e-06
  1.81502438e-06 1.72066981e-06]
 [4.68036158e-05 1.26564207e-05 6.82633922e-06 4.05401411e-06
  1.90657705e-06 2.24226742e-06 6.50052567e-07 3.49956304e-07
  8.24992477e-07 1.95235205e-07 2.25458515e-07 2.91753859e-07
  1.22527159e-07 1.74113225e-07 3.63890996e-07 9.58927008e-08
  8.17417650e-08 9.20298844e-08 1.24783204e-07 3.37000570e-07
  1.99364644e-07 2.28903544e-07 1.36876884e-07 1.30364113e-07
  1.50047120e-07 1.70543246e-07 1.39774180e-07 1.85695521e-07
  2.14369661e-07 1.46206905e-07]
 [1.65964029e-05 3.27086094e-06 1.10312564e-06 5.13882711e-07
  1.60047080e-07 4.79730400e-08 1.98882926e-07 1.55800627e-08
  2.76152656e-08 4.97697181e-08 9.88223905e-08 4.38779622e-08
  4.98130851e-08 4.92181155e-08 7.20769724e-08 6.22672658e-08
  9.71182504e-08 7.86834027e-08 8.71941544e-08 7.88235732e-08
  1.02601363e-07 1.19325799e-07 1.17090662e-07 1.05531454e-07
  1.19804619e-07 1.15872364e-07 1.29882610e-07 1.28867807e-07
  1.44374955e-07 1.32200296e-07]
 [9.76199094e-06 1.36791061e-06 1.28936977e-07 8.01460888e-08
  4.38300159e-08 2.38949804e-08 3.89664619e-08 4.09288608e-08
  2.09173136e-08 2.04139089e-08 3.16384861e-08 3.79906302e-08
  4.91388306e-08 4.93964931e-08 6.87360646e-08 1.67601126e-07
  9.54153614e-08 9.28798251e-08 1.16774558e-07 9.12915827e-08
  1.41384808e-07 1.11045558e-07 1.31775525e-07 1.40424389e-07
  1.19159054e-07 1.30634054e-07 1.11553031e-07 1.50401401e-07
  1.09479035e-07 1.37111589e-07]
 [6.59551764e-06 2.96019260e-07 7.77794404e-08 3.70271808e-08
  1.09451946e-08 9.29990951e-09 7.16659679e-09 8.96240430e-09
  1.58979670e-08 1.30004802e-07 2.47099023e-08 3.46132388e-08
  7.13823324e-08 6.99960643e-08 4.72954515e-08 5.96530709e-08
  6.30074296e-08 7.35002851e-08 7.80415530e-08 1.20809234e-07
  8.90138913e-08 1.09557535e-07 9.94345460e-08 9.46774599e-08
  1.15633160e-07 9.58195493e-08 2.15218883e-07 1.34973349e-07
  1.19791836e-07 1.30281833e-07]]
