args:  Namespace(attack='fgm', gaussian=True, l2=0, ndim=5)
elapsed time: 10341.955220721
test_losses: [[0.05052711 0.04806163 0.05328517 0.07728401 0.12169111 0.05835982
  0.03027884 0.02054141 0.01587113 0.01122806 0.01035289 0.00856164
  0.00762314 0.00691623 0.00572915 0.00538845 0.00419125 0.00424807
  0.00380886 0.00392993 0.0033827  0.00287305 0.00300747 0.00267298
  0.00261549 0.0025202  0.00222496 0.00217531 0.00202972 0.001965  ]
 [0.04660087 0.04103748 0.04923843 0.0646022  0.1085253  0.05464767
  0.02919337 0.02166448 0.01477101 0.01158317 0.00926283 0.00826896
  0.00692817 0.00636436 0.00571882 0.00477277 0.00422085 0.00380366
  0.00377739 0.00362139 0.00358946 0.00314394 0.00295961 0.00271722
  0.0026712  0.00243867 0.00234693 0.00222997 0.00206309 0.00196506]
 [0.0436743  0.03968865 0.04232502 0.05950512 0.08058492 0.04627821
  0.02723004 0.01981658 0.01372274 0.00981493 0.00861664 0.00712006
  0.00670198 0.00588236 0.0054781  0.00520477 0.00441477 0.00399772
  0.00406003 0.00371595 0.00351695 0.00286818 0.00261856 0.00273348
  0.00233022 0.00240563 0.00225242 0.00218309 0.00222355 0.00206699]
 [0.04391034 0.03924827 0.04166179 0.05459952 0.05464573 0.03689307
  0.02303572 0.01727558 0.01417065 0.01009706 0.00863647 0.00716198
  0.0062715  0.00623783 0.00494198 0.00441404 0.00418368 0.00384771
  0.00359341 0.00339668 0.00334896 0.00305751 0.00308741 0.00275054
  0.00256532 0.00247386 0.00232306 0.0022032  0.00211301 0.00208191]
 [0.0445064  0.04006746 0.04114349 0.04745769 0.04752937 0.03108327
  0.01842201 0.01372221 0.01131695 0.00931541 0.00834102 0.00733903
  0.00604286 0.005553   0.00531541 0.00482674 0.0037003  0.00396127
  0.00392033 0.00367828 0.00325293 0.00292819 0.00279567 0.00259035
  0.00245047 0.00245347 0.00222694 0.00233887 0.00204679 0.00197286]
 [0.04406133 0.03680372 0.04011445 0.03834039 0.0378953  0.02500016
  0.01806678 0.01342145 0.01100568 0.00892283 0.00789538 0.00727765
  0.00680615 0.00538587 0.00486591 0.00436489 0.00395744 0.00368767
  0.00371782 0.00320095 0.00308357 0.00307124 0.00241739 0.00245327
  0.00275973 0.00233896 0.0024096  0.00247835 0.00211474 0.00199286]
 [0.04294674 0.03895305 0.03668818 0.03617247 0.03474404 0.02305733
  0.01930884 0.01359096 0.0117707  0.0087237  0.0072854  0.00675935
  0.00566172 0.00545118 0.00529965 0.00493098 0.00410404 0.00368914
  0.00353322 0.00334533 0.00308461 0.00295146 0.00269377 0.00259881
  0.00261284 0.0022846  0.00233032 0.00228622 0.00201528 0.00214085]
 [0.04165367 0.03824421 0.03712473 0.03247142 0.02965314 0.02108819
  0.01544055 0.01316057 0.01082083 0.00888107 0.0078576  0.00652327
  0.00618526 0.00554923 0.00479544 0.00420999 0.00415433 0.00407766
  0.00354745 0.00329373 0.00317624 0.00284913 0.00281657 0.00269226
  0.00261157 0.00233714 0.00225855 0.00217949 0.00205451 0.00199321]
 [0.04289548 0.03770356 0.03440717 0.03176549 0.0252954  0.01957961
  0.01654632 0.01184774 0.01006992 0.00865452 0.00774932 0.00717937
  0.0059115  0.00595634 0.00502585 0.0043707  0.0041521  0.00375602
  0.00344021 0.00328874 0.00315247 0.00301355 0.00299936 0.00274395
  0.00262123 0.00258499 0.00238867 0.00209712 0.00208967 0.00212844]
 [0.0437149  0.03803865 0.03286161 0.02737636 0.02347653 0.0195218
  0.01490153 0.01346494 0.01020742 0.00914377 0.00802357 0.00728658
  0.00671082 0.00518348 0.00520601 0.00460706 0.00459495 0.0036903
  0.00383191 0.00339849 0.00318847 0.00297959 0.00293648 0.00276291
  0.00266795 0.00249545 0.00215858 0.00230501 0.00228321 0.0021583 ]
 [0.0425048  0.03799398 0.03192411 0.02963316 0.02382682 0.01678455
  0.01445936 0.01153072 0.01128749 0.00857232 0.00735284 0.00760379
  0.00599804 0.00532127 0.00522224 0.0045283  0.00468394 0.00419975
  0.00337417 0.0032368  0.00331062 0.00307286 0.00308324 0.00278194
  0.00247503 0.00269369 0.00259916 0.00224347 0.0021783  0.00213367]
 [0.04366749 0.03627363 0.0311917  0.02631829 0.02075894 0.0173198
  0.01537519 0.01276541 0.01042467 0.00923258 0.00858639 0.0072665
  0.00715426 0.00627704 0.00559752 0.00521726 0.00491866 0.00451313
  0.00466743 0.00409346 0.00373755 0.00357521 0.00336422 0.00305275
  0.00286806 0.00283793 0.0028825  0.00279675 0.00237226 0.00229416]
 [0.04333029 0.03716988 0.03339793 0.02715458 0.02440054 0.02032786
  0.01836858 0.01506861 0.01448466 0.01203782 0.01079853 0.00942656
  0.00893906 0.00794458 0.00724428 0.0066259  0.0060749  0.00592555
  0.00483107 0.00438918 0.00459349 0.00442068 0.00416966 0.00389576
  0.00334854 0.00308302 0.00338724 0.00332955 0.00311995 0.00289044]
 [0.04465066 0.03978047 0.03597109 0.03143569 0.02704465 0.02561776
  0.02220075 0.020594   0.01824286 0.01607591 0.01530217 0.01254351
  0.01200084 0.01008946 0.00957149 0.00961434 0.00821334 0.00669593
  0.00740695 0.00611583 0.00647302 0.00536742 0.00538908 0.00466263
  0.00442129 0.00435836 0.00418974 0.0041058  0.00397779 0.00369305]
 [0.04576891 0.04255858 0.03825739 0.03526761 0.03225455 0.03004878
  0.02808539 0.02477922 0.02221811 0.02132261 0.01828125 0.01826826
  0.0153436  0.01485378 0.01373794 0.01313849 0.011092   0.01056132
  0.00964823 0.00963723 0.00851852 0.00729906 0.00748837 0.00684583
  0.00594614 0.00598469 0.0054874  0.00535572 0.00567486 0.00454191]]
variance: [[4.80946480e-04 2.31430891e-03 1.11825757e-02 2.72586212e-02
  4.13979106e-02 7.28762932e-03 1.70705694e-03 6.55501095e-04
  2.67563636e-04 1.41301774e-04 1.09442379e-04 6.33681562e-05
  4.58164762e-05 5.65749783e-05 2.49298859e-05 1.84167382e-05
  1.17091683e-05 1.12152085e-05 1.04463322e-05 9.06082573e-06
  7.91290602e-06 4.77342895e-06 4.60235492e-06 4.09570279e-06
  4.08650730e-06 3.33379859e-06 2.66723136e-06 2.46354637e-06
  1.71204387e-06 2.13571217e-06]
 [2.58461051e-04 6.48194820e-04 4.35290523e-03 7.48308318e-03
  3.39294225e-02 8.52859764e-03 1.88044026e-03 6.47656711e-04
  3.34561573e-04 1.20012769e-04 6.83515369e-05 5.25568604e-05
  4.02599549e-05 3.69503442e-05 2.70227584e-05 1.87003105e-05
  1.20839179e-05 8.77925066e-06 1.23408798e-05 1.17301035e-05
  7.20475690e-06 6.46466082e-06 5.09646601e-06 3.94736776e-06
  4.37494761e-06 3.51588870e-06 2.70156009e-06 3.06242468e-06
  2.09406659e-06 1.92830581e-06]
 [1.57952541e-04 8.32809389e-04 2.16105012e-03 5.07038563e-03
  1.42496816e-02 4.62843677e-03 1.44510733e-03 9.42791614e-04
  2.90359253e-04 1.14648211e-04 6.95623863e-05 3.44110432e-05
  3.24545554e-05 2.81429550e-05 2.08051775e-05 2.06029018e-05
  1.18028976e-05 1.07342071e-05 9.80724738e-06 6.77103284e-06
  8.65857360e-06 4.16688523e-06 3.76167997e-06 4.58663680e-06
  3.53088031e-06 2.94399491e-06 3.08713397e-06 2.51740490e-06
  2.42780843e-06 2.20410830e-06]
 [1.83733791e-04 4.17221144e-04 2.63320129e-03 4.50237419e-03
  4.67998659e-03 3.79387890e-03 1.13360096e-03 3.32007803e-04
  2.60945946e-04 9.10363621e-05 7.73816152e-05 4.13483639e-05
  2.96619786e-05 4.13757072e-05 1.22395745e-05 1.18300710e-05
  1.15007415e-05 1.17340666e-05 7.93332288e-06 5.77194699e-06
  5.15905233e-06 4.50288525e-06 5.34794749e-06 3.67087217e-06
  3.92388325e-06 3.49638826e-06 2.76148887e-06 2.33531728e-06
  2.69915763e-06 2.52345902e-06]
 [1.53285064e-04 4.51317240e-04 1.38836063e-03 2.82310145e-03
  2.53017706e-03 1.69670657e-03 3.71414480e-04 1.75800729e-04
  9.26751732e-05 5.58337384e-05 4.76679746e-05 3.80564913e-05
  2.80637088e-05 2.20834667e-05 1.90295484e-05 1.72049218e-05
  8.24621208e-06 8.41025703e-06 7.76270922e-06 9.66202676e-06
  5.26214013e-06 4.69371307e-06 4.51955839e-06 4.06887198e-06
  2.89980657e-06 3.45626601e-06 2.83679185e-06 2.60762694e-06
  2.17118553e-06 1.75819788e-06]
 [1.98518722e-04 2.96625395e-04 7.52911163e-04 1.25326848e-03
  1.24749334e-03 6.90784811e-04 3.20590720e-04 2.55192980e-04
  1.01379043e-04 5.98476235e-05 4.74943683e-05 3.83034453e-05
  4.45402065e-05 2.18447134e-05 1.67223484e-05 1.41670389e-05
  1.00700391e-05 9.99186951e-06 7.96676639e-06 5.53987177e-06
  5.60403640e-06 4.97881697e-06 2.84512799e-06 3.34057351e-06
  4.77134826e-06 2.62503041e-06 2.70321027e-06 3.90073805e-06
  2.39522192e-06 2.06348151e-06]
 [1.41233028e-04 4.13673673e-04 6.06211178e-04 8.91692732e-04
  7.36459640e-04 4.28546903e-04 3.45088510e-04 1.51734500e-04
  1.05302002e-04 5.26543955e-05 3.41894426e-05 2.69554935e-05
  2.02646342e-05 1.83526052e-05 1.97575832e-05 1.69147859e-05
  8.86673655e-06 8.54312176e-06 7.06301413e-06 6.51347527e-06
  6.06422409e-06 6.75456584e-06 3.89172442e-06 3.57451179e-06
  4.05089186e-06 2.80321031e-06 2.47384081e-06 2.93329467e-06
  2.71455709e-06 2.34529015e-06]
 [1.79509798e-04 3.25246012e-04 7.51462305e-04 6.87306107e-04
  6.60247606e-04 2.49448333e-04 1.59744650e-04 1.33433433e-04
  9.40438622e-05 4.75831623e-05 4.85194221e-05 2.83859041e-05
  2.31767836e-05 1.78285803e-05 1.42727809e-05 1.05483383e-05
  8.73591728e-06 1.41290108e-05 8.23998812e-06 6.00540008e-06
  5.51070380e-06 3.90995108e-06 4.05070474e-06 3.74637021e-06
  3.77535676e-06 2.49175192e-06 2.24501705e-06 2.28449673e-06
  1.96948694e-06 1.92793392e-06]
 [1.61390060e-04 2.80075007e-04 5.56867271e-04 5.73796128e-04
  4.23972790e-04 2.31789264e-04 1.63541939e-04 9.78507827e-05
  6.68313428e-05 5.55662970e-05 4.11471453e-05 3.30325203e-05
  3.10816348e-05 2.65620920e-05 1.40449191e-05 1.21843002e-05
  1.06603503e-05 8.38467200e-06 7.15223410e-06 6.92586766e-06
  5.58550757e-06 4.78567415e-06 5.68714270e-06 3.51359093e-06
  4.33431719e-06 3.81495671e-06 2.74396414e-06 2.08766311e-06
  2.00656968e-06 2.35480178e-06]
 [1.49273019e-04 3.01111179e-04 4.02609772e-04 3.10944054e-04
  3.14105566e-04 2.20735054e-04 1.45817053e-04 1.44063357e-04
  7.05443894e-05 7.20938683e-05 4.11449015e-05 3.48282980e-05
  3.08790683e-05 1.49159454e-05 1.76227251e-05 1.43661036e-05
  1.34925071e-05 7.87832263e-06 7.72495770e-06 6.86529501e-06
  6.38480533e-06 4.79484140e-06 4.69327720e-06 3.93745911e-06
  4.35511017e-06 4.04818733e-06 2.53907092e-06 3.24441417e-06
  2.60852943e-06 2.70974757e-06]
 [1.74415895e-04 2.14000649e-04 2.78569516e-04 3.98857283e-04
  2.91799486e-04 1.71094132e-04 1.32180664e-04 7.79025038e-05
  7.72712301e-05 3.89260777e-05 3.40357005e-05 4.69612183e-05
  2.20730643e-05 1.79760302e-05 1.83857065e-05 9.74330785e-06
  1.19589261e-05 1.22087198e-05 6.25081501e-06 6.65445562e-06
  5.70339598e-06 4.77323489e-06 6.06071088e-06 4.15146884e-06
  3.28784303e-06 4.10810231e-06 3.60494510e-06 2.36248361e-06
  2.55945613e-06 2.42238036e-06]
 [1.11020438e-04 2.09212726e-04 2.16429489e-04 2.32399632e-04
  1.73529694e-04 1.46636548e-04 1.21814309e-04 9.36078145e-05
  7.01418001e-05 5.09658370e-05 4.86901580e-05 3.73306241e-05
  3.36389023e-05 2.71519090e-05 1.86737862e-05 1.84735953e-05
  1.76688199e-05 1.09108468e-05 1.57092433e-05 1.00748988e-05
  1.21902284e-05 7.41523938e-06 5.47010339e-06 4.99567864e-06
  4.56938964e-06 4.27826392e-06 5.06322700e-06 4.79838547e-06
  3.50246342e-06 2.57102792e-06]
 [9.11966445e-05 1.35092666e-04 1.78096957e-04 1.82716782e-04
  1.65942887e-04 1.61879709e-04 1.30261115e-04 1.14231131e-04
  1.19253335e-04 8.49531660e-05 7.59019427e-05 5.94365272e-05
  5.83023120e-05 5.19170732e-05 3.25812091e-05 2.52367977e-05
  2.51398486e-05 2.52399835e-05 1.69071787e-05 1.04625598e-05
  1.44379872e-05 1.33725827e-05 1.04472279e-05 1.00622526e-05
  6.25913733e-06 4.99359348e-06 6.17341119e-06 6.85127838e-06
  4.84744526e-06 4.70666204e-06]
 [7.14079216e-05 1.10248516e-04 1.37413928e-04 1.49971515e-04
  1.66352109e-04 1.60389341e-04 1.59194121e-04 1.51297114e-04
  1.39160865e-04 1.34148416e-04 1.13390384e-04 1.01462087e-04
  8.64358449e-05 6.43995952e-05 7.43314996e-05 6.43375423e-05
  6.19113932e-05 3.46181163e-05 5.09871565e-05 2.77808564e-05
  3.33731414e-05 1.86875215e-05 1.52910172e-05 1.77853089e-05
  9.32885242e-06 1.38432765e-05 1.01459329e-05 1.42963712e-05
  1.25461571e-05 8.78113930e-06]
 [5.25694559e-05 6.56899463e-05 1.17598228e-04 1.33570943e-04
  1.38028020e-04 1.40781361e-04 1.46047436e-04 1.63729934e-04
  1.45508283e-04 1.47399487e-04 1.52123000e-04 1.43263329e-04
  1.04478603e-04 1.18834802e-04 1.07492297e-04 9.80283279e-05
  7.74552276e-05 7.14251888e-05 6.37111132e-05 6.83594313e-05
  4.91760397e-05 3.99486016e-05 4.41450738e-05 3.38154994e-05
  3.14582247e-05 2.31563539e-05 2.01959266e-05 1.79997425e-05
  2.82716468e-05 1.37972035e-05]]
