args:  Namespace(attack='fgm', gaussian=True, l2=0, ndim=7)
elapsed time: 11977.557045604
test_losses: [[0.07125436 0.06445598 0.05958535 0.05032564 0.05872031 0.0849013
  0.1130983  0.08040766 0.04756688 0.03029903 0.02478691 0.01959813
  0.01374213 0.0109169  0.01031606 0.00903345 0.00814971 0.00667058
  0.00612203 0.0058926  0.00553045 0.00460933 0.00475122 0.00416738
  0.00395501 0.00404319 0.0036606  0.00351303 0.00301162 0.00317938]
 [0.06484133 0.05888511 0.05349708 0.04982321 0.06306036 0.09018296
  0.12078152 0.05671909 0.04188595 0.02889396 0.01938956 0.0160767
  0.01256392 0.01205691 0.00960085 0.00855342 0.00738201 0.00636188
  0.00607343 0.00530783 0.0052668  0.00489765 0.00421107 0.00425546
  0.00395265 0.00370591 0.00375864 0.00356372 0.00336493 0.00316975]
 [0.06134249 0.05593155 0.04980755 0.05126994 0.05504554 0.06941617
  0.08735607 0.04589024 0.03181033 0.02287647 0.01806461 0.01370078
  0.01255562 0.01161656 0.00904857 0.00802912 0.00728126 0.00707408
  0.0059332  0.00524311 0.00505677 0.00478464 0.00426895 0.0042331
  0.00376462 0.00396686 0.00368015 0.00350891 0.00332313 0.00318965]
 [0.06205336 0.05425687 0.04806331 0.04640372 0.05464294 0.06960606
  0.0728604  0.04062043 0.0293665  0.02088154 0.01815626 0.01377233
  0.01202967 0.01024072 0.00887698 0.00778089 0.00734208 0.00674095
  0.0056704  0.00532442 0.0052916  0.00441032 0.00451354 0.00390949
  0.00395886 0.00371723 0.0034941  0.00335982 0.00321947 0.00297948]
 [0.06119671 0.05431307 0.05119815 0.04445109 0.04727726 0.05082518
  0.0580877  0.03664792 0.02571608 0.02072572 0.01822213 0.01320056
  0.01295469 0.01077048 0.00961275 0.00777866 0.00708147 0.00648524
  0.00596944 0.00541155 0.00507926 0.00470023 0.0044198  0.00411444
  0.00398038 0.00366421 0.00363888 0.00358565 0.00303453 0.00305905]
 [0.06187406 0.05644806 0.05021742 0.0462224  0.04535348 0.04911593
  0.04490402 0.03423778 0.02559938 0.0195968  0.01607288 0.01398676
  0.00998588 0.00981938 0.00825773 0.00743242 0.00740183 0.00648112
  0.00559222 0.00551608 0.00505971 0.00444142 0.00436564 0.00399117
  0.00378233 0.00377612 0.00344465 0.00315601 0.00319843 0.00320512]
 [0.06231943 0.05398916 0.04970188 0.04417649 0.04306996 0.0437511
  0.04201691 0.0306814  0.02199248 0.01724108 0.01453805 0.01276695
  0.01021206 0.00952416 0.00829596 0.0075956  0.00699129 0.00647746
  0.00565148 0.00571069 0.00505987 0.00489122 0.00448865 0.00420065
  0.0039065  0.00366407 0.00364367 0.00338856 0.00312756 0.00300908]
 [0.06395988 0.05433286 0.04680727 0.04525611 0.04269952 0.04126761
  0.03710722 0.02581808 0.02139367 0.01576836 0.01456669 0.01304827
  0.01079124 0.00935698 0.00803547 0.00754406 0.00697275 0.00613638
  0.00582455 0.00560499 0.00495772 0.00475961 0.00457621 0.00428735
  0.0040687  0.00363082 0.00349142 0.00323068 0.00333455 0.00301817]
 [0.06252918 0.05409936 0.0467515  0.04258704 0.03949057 0.04008407
  0.03217721 0.02652298 0.01944663 0.01590936 0.01337222 0.01161545
  0.01124151 0.00968549 0.00854672 0.00747226 0.0064583  0.00588685
  0.00575012 0.00507716 0.00510666 0.00479274 0.00435825 0.00402142
  0.0039927  0.00364411 0.00373774 0.00345664 0.00317065 0.00311147]
 [0.06056135 0.05426069 0.04799907 0.04277104 0.03883111 0.03786644
  0.03089413 0.02414059 0.01793326 0.01644428 0.013199   0.01158033
  0.00975235 0.00931603 0.00883204 0.00717429 0.0068127  0.00636705
  0.0057031  0.0049537  0.00529222 0.00477603 0.00432483 0.00404992
  0.00410976 0.00374818 0.00362058 0.00326149 0.00325868 0.00298783]
 [0.06184799 0.05451652 0.04945958 0.0414459  0.03779855 0.03588515
  0.03112294 0.02417876 0.01807241 0.01544811 0.01314279 0.01193652
  0.0097315  0.00918984 0.00844456 0.00736289 0.00682475 0.00644422
  0.00558252 0.00530442 0.0049672  0.00467309 0.0044039  0.00420161
  0.00418326 0.00384701 0.00389104 0.0035122  0.00337258 0.00308647]
 [0.06261189 0.05358909 0.047786   0.04225475 0.03499588 0.03042814
  0.026408   0.02064776 0.01724392 0.0172776  0.01374887 0.01244025
  0.01104036 0.01013091 0.00863082 0.00771442 0.00741565 0.00664828
  0.00635045 0.00568838 0.00563424 0.00510611 0.00473765 0.00442096
  0.00462889 0.00449655 0.00387301 0.00344689 0.00369824 0.00335142]
 [0.06300286 0.05446079 0.04774119 0.04031252 0.03671997 0.0311514
  0.027523   0.02427842 0.0202826  0.01732636 0.01488401 0.01426419
  0.01123489 0.01140372 0.01096997 0.01030818 0.00829613 0.0077697
  0.00697344 0.00668036 0.0064347  0.00603235 0.00551058 0.0051962
  0.00509307 0.0048596  0.00445723 0.00430741 0.00411439 0.00385705]
 [0.06238338 0.05655675 0.05035813 0.04528954 0.03861172 0.03427583
  0.03014738 0.02853676 0.02564274 0.0204289  0.01999376 0.01777396
  0.01547573 0.01422777 0.0134536  0.01100444 0.01083281 0.00924002
  0.00912286 0.00836592 0.0083171  0.00714186 0.00733967 0.00654652
  0.00614925 0.00548383 0.00525641 0.00548329 0.00499829 0.00473148]
 [0.06356101 0.05919283 0.05316284 0.04936742 0.04407725 0.04152261
  0.03658385 0.0332991  0.03167458 0.02923574 0.02500585 0.02414023
  0.02060323 0.01866479 0.01935735 0.01680894 0.01372568 0.01317135
  0.01258585 0.01160455 0.01023783 0.00998216 0.00935533 0.00910037
  0.0082227  0.00747748 0.00736609 0.00714824 0.00628537 0.00602772]]
variance: [[5.32103294e-04 7.73198870e-04 1.35665736e-03 1.51625895e-03
  3.34930525e-03 2.21399830e-02 4.77728020e-02 1.35333188e-02
  4.39922032e-03 1.34374436e-03 8.24273014e-04 1.03841852e-03
  1.96496557e-04 6.30017981e-05 7.57916080e-05 7.39589808e-05
  3.30469828e-05 3.23014987e-05 2.19609351e-05 1.68628496e-05
  1.56031756e-05 9.50667034e-06 9.72623197e-06 7.31704380e-06
  6.80841395e-06 7.26697212e-06 6.54164256e-06 3.95017802e-06
  3.40808910e-06 3.95682439e-06]
 [2.74984815e-04 4.92980144e-04 1.20098286e-03 1.16448363e-03
  6.96748096e-03 3.26297142e-02 3.12231046e-02 4.55792192e-03
  5.62377698e-03 1.55705486e-03 3.95733599e-04 1.86748211e-04
  1.34475072e-04 1.19406815e-04 5.80528717e-05 4.42745819e-05
  2.89721060e-05 2.28845757e-05 1.62175933e-05 1.29376097e-05
  1.44206959e-05 9.88427184e-06 8.29406506e-06 1.00454979e-05
  7.17283596e-06 5.14206191e-06 6.63557640e-06 6.20403693e-06
  4.47906783e-06 3.65111004e-06]
 [2.23131301e-04 4.40749406e-04 6.59657787e-04 3.06392729e-03
  2.43784388e-03 7.52835340e-03 1.56539328e-02 2.50592359e-03
  1.46487915e-03 4.12829050e-04 2.46997678e-04 9.29048576e-05
  1.27217307e-04 9.48711242e-05 4.18954435e-05 3.85560050e-05
  3.12605581e-05 3.47650219e-05 2.06956591e-05 1.34019944e-05
  1.21938204e-05 1.33681229e-05 7.72256444e-06 6.42295822e-06
  5.40161639e-06 6.47925572e-06 5.08449962e-06 5.44237478e-06
  4.78531149e-06 4.41755591e-06]
 [2.05418132e-04 2.98672562e-04 5.94900044e-04 9.64544301e-04
  3.23454031e-03 6.83072253e-03 7.39133833e-03 1.59239931e-03
  1.13799122e-03 5.49856005e-04 2.79804611e-04 1.28019812e-04
  9.63061287e-05 5.80146581e-05 5.46617439e-05 3.70997176e-05
  2.73572857e-05 2.44038188e-05 1.23639081e-05 1.01013853e-05
  1.29162796e-05 1.03212104e-05 8.21728019e-06 5.73325238e-06
  7.43397048e-06 5.88704829e-06 5.01133914e-06 4.14993165e-06
  3.48053934e-06 4.62401182e-06]
 [1.78722886e-04 3.28076881e-04 4.98262420e-04 7.73417816e-04
  1.69628029e-03 2.31241863e-03 4.00735558e-03 1.23397973e-03
  6.67150488e-04 3.00353253e-04 2.86202965e-04 1.09260095e-04
  1.08968837e-04 1.01852147e-04 6.45929853e-05 2.99997284e-05
  2.99238911e-05 1.86027570e-05 2.09512874e-05 1.32554041e-05
  1.23874237e-05 9.66002706e-06 7.16232538e-06 8.84495364e-06
  6.02534929e-06 5.50648772e-06 6.06550150e-06 7.15465986e-06
  3.19229218e-06 3.64863344e-06]
 [1.70526657e-04 3.37464765e-04 4.74442268e-04 8.26629381e-04
  1.09205931e-03 1.60833266e-03 2.01877775e-03 8.80452798e-04
  5.46701695e-04 3.42098787e-04 2.07221331e-04 1.19381334e-04
  6.41042298e-05 7.34460902e-05 3.58549186e-05 2.30380584e-05
  2.37061201e-05 2.08324268e-05 1.44131149e-05 1.39066949e-05
  1.08957283e-05 9.29118487e-06 8.41519147e-06 6.37957261e-06
  5.89733411e-06 5.37034755e-06 5.46812859e-06 4.13058375e-06
  4.50437139e-06 4.21064024e-06]
 [1.56667013e-04 2.44022841e-04 4.30655649e-04 5.38212088e-04
  9.05847033e-04 1.42444865e-03 1.12406810e-03 6.77830471e-04
  2.95816394e-04 2.05973917e-04 1.42296103e-04 9.35479537e-05
  6.47624279e-05 5.95399861e-05 3.44505725e-05 3.47985635e-05
  2.22692230e-05 2.04960054e-05 1.27814691e-05 1.50582100e-05
  1.32761331e-05 1.03967145e-05 9.82463484e-06 8.63237531e-06
  6.71940564e-06 6.70810071e-06 5.62813364e-06 4.94130879e-06
  4.21790743e-06 3.19764071e-06]
 [1.35237962e-04 2.92417481e-04 4.61930757e-04 6.09878530e-04
  1.02866594e-03 9.18324846e-04 7.76161915e-04 4.03770479e-04
  2.66957236e-04 1.23052220e-04 1.57248620e-04 1.18218897e-04
  7.04885895e-05 4.68174511e-05 3.43780972e-05 3.44492980e-05
  2.65961838e-05 2.27847643e-05 1.86663131e-05 1.59481692e-05
  1.20733275e-05 9.32467999e-06 1.13910464e-05 7.63842888e-06
  7.78586719e-06 5.34538178e-06 5.16856141e-06 4.36759604e-06
  4.27155553e-06 3.41031826e-06]
 [1.24340849e-04 2.84331716e-04 3.95023452e-04 4.38870782e-04
  6.52797748e-04 6.94080788e-04 4.72754993e-04 4.24283539e-04
  2.26546105e-04 1.30414278e-04 9.36162496e-05 8.92357205e-05
  6.27516798e-05 6.46085207e-05 3.89075373e-05 2.79781945e-05
  1.84603349e-05 1.44406361e-05 1.47307532e-05 1.06774858e-05
  1.21147417e-05 9.21163657e-06 7.08430623e-06 6.22572761e-06
  6.79912115e-06 5.05178951e-06 5.37175334e-06 5.77092608e-06
  3.67516341e-06 3.63281400e-06]
 [1.73687041e-04 2.95767784e-04 3.55353320e-04 4.79513003e-04
  5.18432968e-04 5.78682167e-04 4.44170458e-04 3.45130099e-04
  1.76627747e-04 1.54578518e-04 1.04410575e-04 8.53067639e-05
  5.21135102e-05 4.33661691e-05 5.62603536e-05 2.43799848e-05
  2.22035940e-05 2.46296956e-05 1.17304935e-05 9.45908017e-06
  1.44279348e-05 9.56962292e-06 7.18235178e-06 6.91290634e-06
  7.44321817e-06 6.49343157e-06 5.04195939e-06 4.57542834e-06
  4.99258855e-06 3.27806314e-06]
 [1.32775527e-04 2.44465937e-04 4.36406118e-04 4.24501190e-04
  4.43177686e-04 5.22831083e-04 4.62262536e-04 2.66061016e-04
  1.83659049e-04 1.37026389e-04 9.44417390e-05 7.91442086e-05
  5.45195640e-05 4.54856884e-05 4.28454441e-05 2.42550765e-05
  2.00543477e-05 2.10919981e-05 1.67846626e-05 1.34825037e-05
  7.74482472e-06 8.35511518e-06 1.01151148e-05 6.20347764e-06
  6.92259419e-06 6.01289734e-06 5.76248081e-06 6.29348786e-06
  4.55080555e-06 4.12139328e-06]
 [1.15393573e-04 2.26204129e-04 2.64263882e-04 3.44873477e-04
  3.14062059e-04 2.77135518e-04 2.72738077e-04 1.61875737e-04
  1.30374208e-04 1.39801307e-04 9.70823915e-05 8.51477148e-05
  6.39074465e-05 6.28117312e-05 4.25649382e-05 2.85294205e-05
  3.20872164e-05 1.83375640e-05 2.04749409e-05 1.24167916e-05
  1.69333544e-05 1.33969699e-05 1.20325222e-05 1.03964932e-05
  9.56715265e-06 1.03812049e-05 6.32443603e-06 4.11921737e-06
  7.00217463e-06 4.31094067e-06]
 [1.04205924e-04 2.41545960e-04 2.32837887e-04 2.77244716e-04
  2.83520442e-04 2.50982475e-04 2.45607473e-04 2.05734195e-04
  1.86060917e-04 1.45619452e-04 1.13946610e-04 9.69006786e-05
  6.17795569e-05 6.59995804e-05 7.25459412e-05 6.49651833e-05
  3.67407363e-05 4.15142456e-05 2.55853920e-05 2.38611847e-05
  2.44919139e-05 1.98413627e-05 1.57796040e-05 1.26322563e-05
  1.25188678e-05 1.04438962e-05 9.25958935e-06 9.31962601e-06
  6.14902393e-06 6.66481090e-06]
 [1.22847184e-04 1.91567123e-04 2.40963608e-04 2.53399234e-04
  2.43158789e-04 2.79139374e-04 2.51436341e-04 2.18357602e-04
  1.91841232e-04 1.80380651e-04 1.96152067e-04 1.59449067e-04
  1.25936110e-04 9.65156378e-05 1.00837057e-04 6.80993711e-05
  7.83933588e-05 4.92919134e-05 5.74280650e-05 3.79499699e-05
  5.18627145e-05 2.05627513e-05 3.50236931e-05 2.88282823e-05
  2.28127303e-05 1.28870902e-05 1.73351098e-05 1.67099960e-05
  9.63438170e-06 8.54372729e-06]
 [8.42729591e-05 1.28959010e-04 1.96211210e-04 2.16762545e-04
  2.39030796e-04 2.36356564e-04 2.76196623e-04 2.74563324e-04
  2.43510445e-04 2.48766539e-04 2.47276239e-04 2.04166672e-04
  2.16169847e-04 1.96166944e-04 1.89087853e-04 1.48452749e-04
  1.03129336e-04 1.08372354e-04 1.05104110e-04 8.72893890e-05
  5.77993628e-05 5.78487158e-05 6.02230162e-05 4.93726175e-05
  4.47843742e-05 3.37499165e-05 3.72854887e-05 3.19961082e-05
  2.21300786e-05 2.03915910e-05]]
