args:  Namespace(attack='pgd', gaussian=True, l2=0, ndim=10)
elapsed time: 83651.81823699099
mins: [[0.02915405 0.0082374  0.0051725  0.00421173 0.00170559 0.00356343
  0.00548821 0.00590736 0.00320052 0.00501885 0.00122611 0.00253688
  0.00331908 0.00315772 0.00229731 0.00185137 0.0022241  0.00162578
  0.00189972 0.00102433 0.00134158 0.00073315 0.00108166 0.0009168
  0.00065878 0.00072251 0.00062757 0.00118323 0.00085635 0.00098249]
 [0.04647147 0.03707425 0.0396216  0.02689917 0.02753086 0.01269484
  0.01305635 0.0176671  0.00830002 0.00602443 0.00597195 0.0036353
  0.00351639 0.00343909 0.00237349 0.00187949 0.00109379 0.00149337
  0.00166169 0.00158669 0.00202556 0.00190724 0.00124822 0.0013917
  0.00136241 0.00104157 0.00122254 0.00076547 0.00190691 0.00127386]
 [0.05049908 0.05278565 0.04180494 0.03515832 0.04222032 0.02896058
  0.02464979 0.01302134 0.01520036 0.00631589 0.00711603 0.00776609
  0.00656522 0.00996453 0.00735475 0.00607626 0.00593839 0.00457299
  0.0043062  0.00550779 0.002482   0.00222081 0.00334529 0.00120591
  0.00254191 0.00371603 0.00289941 0.00181256 0.00406274 0.0016076 ]
 [0.05529739 0.0624048  0.05805222 0.04271302 0.04054194 0.03235443
  0.03514894 0.02727186 0.02508501 0.02847696 0.02855783 0.02149807
  0.00710389 0.02401141 0.01360913 0.01910622 0.01729343 0.01778333
  0.00959347 0.01101169 0.01440444 0.02103888 0.01570982 0.01280682
  0.01231712 0.01746536 0.01494026 0.01815207 0.01747631 0.01254658]
 [0.05441784 0.06098709 0.05223574 0.0491372  0.04618187 0.0439686
  0.0412665  0.0411794  0.02701143 0.03996889 0.03809767 0.03549762
  0.0319566  0.0231282  0.04301944 0.03662864 0.03193812 0.04387903
  0.02792473 0.03776489 0.02836715 0.02670549 0.03847512 0.03826252
  0.04033957 0.03667714 0.03711021 0.03962081 0.04073991 0.04517792]
 [0.06144017 0.06790083 0.06178135 0.05302205 0.05486622 0.04493466
  0.04933605 0.03777162 0.04908572 0.04619849 0.05051689 0.0496938
  0.04518278 0.05091397 0.036003   0.0555666  0.0551467  0.05695075
  0.05531751 0.05545765 0.05151715 0.0473012  0.05749437 0.05216492
  0.05630804 0.06062074 0.05817349 0.05930557 0.05656777 0.05949075]
 [0.0457959  0.05982368 0.06154357 0.06122972 0.05219531 0.05372686
  0.05834097 0.04560149 0.05613615 0.05366881 0.05579254 0.06294207
  0.0534513  0.05972103 0.05521887 0.06255752 0.06611452 0.06739274
  0.06200134 0.0602633  0.06086792 0.06795699 0.06454965 0.07190835
  0.07705514 0.07206652 0.07027405 0.07210585 0.07199804 0.073647  ]
 [0.06484765 0.06355743 0.06493999 0.06423952 0.06382054 0.06336349
  0.0553141  0.06422701 0.0640533  0.06842636 0.06346191 0.06664011
  0.06387444 0.07102624 0.06694153 0.07441069 0.07283996 0.06956047
  0.07039379 0.07366728 0.07610676 0.07180014 0.07564188 0.07656708
  0.0793698  0.07763898 0.07846178 0.08055037 0.08137612 0.08278999]
 [0.06582363 0.06235684 0.07161376 0.06244424 0.06229864 0.06902888
  0.06511388 0.06810906 0.07024322 0.07457948 0.07040624 0.07958977
  0.0757177  0.07624322 0.08055687 0.07978445 0.07228036 0.08164988
  0.07929143 0.07702228 0.08389043 0.08333763 0.08267778 0.0819961
  0.08217001 0.08636676 0.08479596 0.08677134 0.08744914 0.08788788]
 [0.06457461 0.06820393 0.07041827 0.06595424 0.07073478 0.06313825
  0.07129293 0.06789993 0.0752245  0.07778706 0.08084497 0.07630322
  0.08397409 0.08201479 0.08040854 0.08135776 0.0817339  0.08010085
  0.0806291  0.08064801 0.08393257 0.08725771 0.08925983 0.08861409
  0.08771703 0.08796252 0.09111635 0.08952564 0.09093901 0.09065355]
 [0.06627338 0.06957462 0.06340031 0.07490575 0.07320968 0.07321155
  0.07948653 0.08077203 0.08063503 0.08164318 0.08172199 0.08464701
  0.08679459 0.08653355 0.08841392 0.08296158 0.08968051 0.08986891
  0.08898232 0.08776325 0.09094194 0.09142747 0.09259408 0.0901071
  0.09120001 0.08933296 0.09163623 0.09294789 0.09047272 0.09046081]
 [0.07188253 0.07852272 0.08292803 0.08437534 0.08592021 0.08861858
  0.0834374  0.09181631 0.09082101 0.09316035 0.09544761 0.09579535
  0.09642014 0.09654656 0.09580432 0.09707583 0.09686078 0.09716589
  0.09711221 0.09668135 0.09689325 0.09705703 0.09605444 0.09727257
  0.09724817 0.09658651 0.09662332 0.09698721 0.09607781 0.0964568 ]
 [0.08748793 0.0894016  0.0893807  0.09341639 0.09338413 0.09613906
  0.09734827 0.09716231 0.09726528 0.09737368 0.09709722 0.09729541
  0.09692896 0.09670945 0.09773478 0.09731665 0.09734348 0.09740312
  0.0972616  0.09748574 0.09747126 0.09771741 0.09737186 0.09760556
  0.09753845 0.09715264 0.09681603 0.09725575 0.09681903 0.09715696]
 [0.0882725  0.09029695 0.09175166 0.09687929 0.09704914 0.09710911
  0.0975528  0.09772229 0.09729056 0.09739842 0.09690057 0.09716116
  0.0970051  0.09742051 0.09757059 0.09759657 0.09754899 0.09783105
  0.09634305 0.09771745 0.09744728 0.09725738 0.09741236 0.0969617
  0.09793537 0.09711389 0.0975762  0.09765533 0.09720156 0.09657077]
 [0.0905464  0.09706756 0.09760748 0.09758423 0.09670292 0.09774487
  0.09746699 0.09750505 0.09770305 0.09776828 0.09735507 0.09755584
  0.09785394 0.09755597 0.09727666 0.09758668 0.09727315 0.09676562
  0.09724082 0.0978279  0.09810127 0.09753498 0.0976137  0.09771097
  0.0975787  0.09771936 0.09749429 0.0977724  0.09754882 0.09779249]]
maxs: [[0.15907064 0.18608129 0.25399467 0.28888381 0.26451811 0.43595299
  0.41855031 0.84531152 0.4749704  0.88651747 0.83540946 0.38273966
  0.35460213 0.2191866  0.30797589 0.13984832 0.2488789  0.14086346
  0.05959197 0.09858795 0.04406425 0.09549661 0.08354297 0.0385993
  0.03426594 0.03372659 0.01863481 0.02295877 0.03262845 0.01687451]
 [0.12882727 0.15720735 0.17879692 0.16208276 0.25144106 0.17245905
  0.18373707 0.17669481 0.17796001 0.17554581 0.11467507 0.14718115
  0.10344137 0.10841025 0.11260232 0.07013214 0.06969654 0.07023999
  0.0798721  0.05660001 0.04427655 0.04987769 0.04444919 0.04192993
  0.04441816 0.03920693 0.0442398  0.03435904 0.04060122 0.02902632]
 [0.16395898 0.2044867  0.19698568 0.25673276 0.2242457  0.17330776
  0.1822947  0.26450536 0.13801134 0.13151801 0.15863292 0.09170349
  0.10047957 0.0986835  0.08052502 0.08429547 0.07938153 0.07401724
  0.07332854 0.06829599 0.07817204 0.06772598 0.07630096 0.06816009
  0.06744084 0.06460951 0.07161366 0.06754554 0.06687597 0.06689219]
 [0.2000173  0.18953781 0.26771352 0.23672754 0.19881363 0.20596403
  0.1748908  0.13916519 0.1172208  0.12495405 0.12647559 0.10304841
  0.09380225 0.09625354 0.08624464 0.08769564 0.09550383 0.08275983
  0.10003664 0.08371218 0.08676457 0.08090622 0.08669588 0.08922901
  0.08201192 0.0868937  0.0898003  0.08681076 0.09108055 0.08737411]
 [0.19761571 0.21925136 0.24243519 0.1834292  0.22618189 0.18580504
  0.13341802 0.13236432 0.10644372 0.11096424 0.10350627 0.10191076
  0.11303221 0.09747174 0.1098659  0.10196668 0.09666239 0.09788268
  0.09854423 0.09141721 0.09483178 0.09358253 0.09821985 0.09496775
  0.09440418 0.09398904 0.09692393 0.09600396 0.09454274 0.09689594]
 [0.2781983  0.24084786 0.17986324 0.30854484 0.18093312 0.13483644
  0.15555561 0.14940283 0.14860669 0.12694336 0.10128216 0.09854576
  0.10176393 0.09883676 0.10403056 0.10679742 0.09921806 0.09870101
  0.10026941 0.1008219  0.09819211 0.0991156  0.09810273 0.09915114
  0.09881289 0.09894703 0.09890305 0.09850425 0.09884146 0.096965  ]
 [0.21577312 0.19322495 0.26279691 0.22343071 0.17585848 0.17172328
  0.12377919 0.12016072 0.11731828 0.13049841 0.1047484  0.10117827
  0.11156482 0.10752429 0.10015849 0.09924959 0.1055176  0.10000882
  0.09920021 0.09968374 0.1001449  0.09993536 0.10065113 0.1009279
  0.09962149 0.09980734 0.09954108 0.10003998 0.09965855 0.0996827 ]
 [0.2535212  0.24695109 0.20158729 0.17551744 0.17024599 0.13163157
  0.12388441 0.11663079 0.10695001 0.11101738 0.10356183 0.10065965
  0.10056322 0.09991529 0.10136089 0.09987849 0.10432989 0.10062063
  0.10005182 0.10026911 0.10135698 0.1002073  0.10058659 0.10126325
  0.10097894 0.10099002 0.1008877  0.10021281 0.10038114 0.10002153]
 [0.23467806 0.19264072 0.17131452 0.17767799 0.13162617 0.12567642
  0.11552497 0.1068592  0.10052006 0.12118946 0.10036783 0.10133021
  0.10216331 0.10086777 0.10080344 0.10059846 0.10108593 0.10058666
  0.10123039 0.10169338 0.10081727 0.10061983 0.10085442 0.10067215
  0.10074732 0.10054278 0.10160623 0.10088918 0.10085712 0.10074175]
 [0.2813479  0.29171667 0.17578541 0.15144627 0.15397161 0.13005829
  0.11012475 0.11430198 0.10043414 0.10114141 0.10780187 0.11277622
  0.10149746 0.10062207 0.10157782 0.10107077 0.10073093 0.10055024
  0.1008626  0.10130004 0.10085388 0.1006548  0.10131635 0.10159466
  0.10146819 0.10091282 0.10154691 0.10069084 0.10056791 0.10071489]
 [0.24726813 0.20218018 0.17885788 0.14345072 0.13087903 0.11370518
  0.10236891 0.10147084 0.10119523 0.10555349 0.1014507  0.1011767
  0.10086575 0.10118556 0.1013792  0.10130915 0.10083696 0.10122339
  0.10219117 0.10188968 0.10125958 0.10095063 0.10207561 0.10168293
  0.10177512 0.10070836 0.1016889  0.10112398 0.10117191 0.10107561]
 [0.20171261 0.14837839 0.14595237 0.10217653 0.1014296  0.10159761
  0.10149302 0.1016288  0.10127949 0.10137697 0.10196448 0.10191636
  0.10145174 0.10155947 0.10139894 0.10146724 0.10156372 0.10132033
  0.10293531 0.10164326 0.10212564 0.10187783 0.10198751 0.1016838
  0.10172523 0.10137901 0.10124967 0.10142426 0.10214502 0.10198175]
 [0.15426357 0.12506288 0.10219748 0.1014347  0.10211491 0.10152485
  0.10177759 0.10146634 0.10150205 0.1014398  0.10231036 0.10204533
  0.1015763  0.10217078 0.10251173 0.10240688 0.10177419 0.10190736
  0.10162733 0.10172853 0.10146531 0.10166578 0.10137128 0.10167957
  0.10207333 0.10139976 0.10163071 0.10190591 0.10180726 0.10150726]
 [0.17226176 0.10203376 0.10228585 0.10202102 0.10246467 0.10169432
  0.1016883  0.10153825 0.10153725 0.10151453 0.10144797 0.10168819
  0.10221738 0.10150518 0.10195375 0.10168593 0.10238495 0.10180643
  0.10209063 0.101628   0.1020017  0.10221644 0.10192858 0.10195491
  0.10160875 0.10218897 0.10225582 0.10206142 0.10170968 0.10160299]
 [0.10221083 0.10196114 0.10197533 0.10239009 0.10149865 0.10160585
  0.10156109 0.10170125 0.10175572 0.10222311 0.10150416 0.10223522
  0.10182238 0.10140163 0.10173275 0.10206124 0.10176157 0.10185657
  0.10202308 0.10117683 0.10216413 0.1014718  0.10156263 0.10177521
  0.10141134 0.10171939 0.1017771  0.1016404  0.10279682 0.101775  ]]
test_losses: [[0.09971878 0.09445718 0.08850011 0.07879211 0.07160545 0.0701879
  0.06558825 0.08127473 0.08478263 0.1044194  0.09175347 0.05662192
  0.04780925 0.02819717 0.02564861 0.01787279 0.01745197 0.01520056
  0.01273624 0.01105861 0.00950847 0.00928484 0.00846057 0.00836997
  0.00717255 0.00667835 0.00659448 0.00567123 0.00553125 0.00522676]
 [0.09326986 0.08823066 0.08193112 0.08053855 0.07519531 0.0736189
  0.07190644 0.06645778 0.05806994 0.05156781 0.04270691 0.03840624
  0.03399061 0.02890035 0.02576223 0.02357412 0.01968693 0.01816877
  0.01694042 0.01587184 0.01393932 0.01498286 0.01258225 0.01208083
  0.01159988 0.01108577 0.01055921 0.00949958 0.00889522 0.00834735]
 [0.09459588 0.09242644 0.09139794 0.0889213  0.0830781  0.07817996
  0.07225361 0.06829044 0.06148378 0.05506461 0.04956901 0.04631525
  0.04397249 0.04237848 0.0410563  0.03731139 0.03725949 0.03454385
  0.03369258 0.03372318 0.03122199 0.03048193 0.02944013 0.0274516
  0.02906612 0.02682125 0.02705093 0.02722552 0.02536682 0.0248243 ]
 [0.09817747 0.09783906 0.09340725 0.09189693 0.08447861 0.08055106
  0.07246233 0.06876436 0.066351   0.06359904 0.06178786 0.05986482
  0.05825608 0.05696777 0.05602907 0.05619912 0.05467365 0.05556905
  0.05350827 0.05284948 0.05344452 0.05217743 0.05126338 0.05256381
  0.05215173 0.05289325 0.05299091 0.05177608 0.05231691 0.05093427]
 [0.09863146 0.10113369 0.09560412 0.09091386 0.08277621 0.08014295
  0.07505579 0.07382096 0.0713765  0.071093   0.07023674 0.06998188
  0.07071068 0.06950134 0.06998859 0.06936888 0.0683112  0.06958611
  0.06964091 0.06990723 0.07030299 0.06974324 0.07029463 0.07044503
  0.07075532 0.07143659 0.07108354 0.07163187 0.07236397 0.07180633]
 [0.10058669 0.10065391 0.09853142 0.09357441 0.08839526 0.08146524
  0.08175635 0.0789904  0.07882743 0.07836151 0.07873378 0.07826987
  0.07801366 0.07822477 0.07857975 0.07979317 0.08033512 0.0804174
  0.0815165  0.08077107 0.08093664 0.08231517 0.08225202 0.08219775
  0.08279606 0.08340861 0.08381727 0.08371285 0.08407378 0.08334196]
 [0.09940673 0.10240247 0.09560668 0.0915865  0.08743856 0.08417044
  0.08383692 0.08449157 0.08425369 0.08370865 0.08546129 0.08560201
  0.08481304 0.08641995 0.08592613 0.08779191 0.08771562 0.08800926
  0.08784207 0.0882544  0.08823009 0.08921704 0.0894103  0.09033666
  0.09090275 0.09086838 0.09106709 0.09114063 0.09084065 0.09177909]
 [0.10386131 0.10313568 0.09640552 0.0916098  0.08911286 0.08784521
  0.08650603 0.08747909 0.08832386 0.08945168 0.08913881 0.08976347
  0.09069487 0.09085085 0.09124963 0.09193802 0.09258887 0.09291465
  0.09258543 0.09308576 0.0937653  0.09390313 0.09379133 0.09442503
  0.09488398 0.09454466 0.09471818 0.09481008 0.09520721 0.0955471 ]
 [0.10364506 0.10270999 0.09425399 0.09172462 0.08976557 0.09014457
  0.09117824 0.09060188 0.09127421 0.09212744 0.09266886 0.09402078
  0.09385963 0.0940488  0.09494878 0.09512886 0.09486172 0.09521574
  0.09581783 0.09588092 0.09613609 0.09667955 0.09657223 0.09654046
  0.09656574 0.09697691 0.09711756 0.09735048 0.09742681 0.09753114]
 [0.10443797 0.1012896  0.09421703 0.09264814 0.09199926 0.09301224
  0.09354647 0.093109   0.09391882 0.09447616 0.09541806 0.09590823
  0.0959582  0.09588156 0.09699794 0.09682133 0.09701587 0.09728922
  0.09724296 0.09734964 0.09766631 0.09768361 0.09778067 0.09795667
  0.09793954 0.09804553 0.09820102 0.09820422 0.09828037 0.0982113 ]
 [0.10425055 0.09935916 0.09546276 0.09374703 0.09368007 0.09410679
  0.09476457 0.09552962 0.09621471 0.09645174 0.09694105 0.09746734
  0.09765633 0.09753223 0.09794299 0.09778511 0.09820976 0.09815728
  0.09813385 0.0983587  0.09825119 0.09846757 0.09851867 0.09845987
  0.098574   0.09854108 0.09855076 0.09871612 0.09860607 0.09866094]
 [0.10025877 0.09700451 0.09677196 0.09765063 0.09861038 0.09863536
  0.09903038 0.09899602 0.09902122 0.09911323 0.09928212 0.0991538
  0.09920729 0.09941033 0.0993286  0.09931279 0.09938738 0.09933787
  0.09936898 0.09938666 0.09930332 0.09934516 0.09929112 0.09932167
  0.09930404 0.09939269 0.09934765 0.09924635 0.09936698 0.09937007]
 [0.09984384 0.09905197 0.09924141 0.0994351  0.09947565 0.09939795
  0.09959243 0.09955968 0.09947743 0.09954509 0.09948879 0.09948854
  0.09954496 0.09956035 0.09958269 0.0995766  0.09960961 0.09958934
  0.09955464 0.09954343 0.09964347 0.0995849  0.09951941 0.09961634
  0.09956436 0.09947377 0.09948875 0.09962165 0.09955188 0.09955102]
 [0.09958475 0.09949138 0.09955171 0.09968539 0.09970188 0.09965201
  0.0996613  0.09966493 0.09966053 0.09962454 0.09966328 0.09965595
  0.09970693 0.09967006 0.09969225 0.09963352 0.09965473 0.09964573
  0.09959787 0.09969049 0.09964995 0.09959613 0.09969366 0.09964434
  0.09964986 0.09959793 0.09972649 0.09960624 0.0996477  0.09965491]
 [0.09953349 0.09978398 0.09976637 0.09980352 0.09972008 0.09970317
  0.09967698 0.09972981 0.09971651 0.0996674  0.09973375 0.09971411
  0.09974286 0.09969388 0.09966537 0.09975036 0.09972893 0.09970836
  0.09968784 0.09966653 0.09975157 0.09970409 0.09972033 0.09972035
  0.09970845 0.09975885 0.09967971 0.0996621  0.09968856 0.09973576]]
