args:  Namespace(attack='fgsm', gaussian=False, l2=0, ndim=7)
elapsed time: 3678.337327558
test_losses: [[0.00300559 0.00283596 0.0024693  0.00210867 0.00197787 0.00188021
  0.00191565 0.00174894 0.0015308  0.00158309 0.00146667 0.00143606
  0.00138043 0.00131687 0.00131245 0.00135097 0.00123207 0.0012076
  0.00119219 0.00120964 0.00117988 0.00116423 0.00115663 0.00122133
  0.00112744 0.00107941 0.00110177 0.00115471 0.00113344 0.00109666]
 [0.00709518 0.00403109 0.00342167 0.00286059 0.00252447 0.00224454
  0.00198171 0.00182926 0.00168695 0.00154597 0.00135765 0.00124281
  0.00121512 0.00117139 0.00111331 0.00099388 0.00100161 0.00090413
  0.00088833 0.00088276 0.00081945 0.00082649 0.00078989 0.0007443
  0.00070474 0.00068103 0.00067065 0.00062313 0.00062525 0.00066963]
 [0.03328682 0.02467641 0.01823484 0.01493745 0.01101096 0.00876998
  0.00775056 0.00595304 0.00596458 0.00470299 0.00423442 0.00390473
  0.00323997 0.00295151 0.00261941 0.00240709 0.00235586 0.00204555
  0.00196555 0.00183125 0.00170007 0.00163025 0.00142113 0.00134733
  0.00131555 0.00131686 0.00120878 0.00117364 0.00114344 0.00108644]
 [0.04817084 0.03847576 0.03071083 0.02548899 0.02142978 0.01840871
  0.01629857 0.01335202 0.01199249 0.01035464 0.00872972 0.00890243
  0.00687731 0.00654378 0.00620672 0.00522505 0.00494526 0.00486198
  0.00466986 0.00376198 0.00374739 0.00364018 0.00347283 0.00303107
  0.00303737 0.00254715 0.00252235 0.00238863 0.00240572 0.00210888]
 [0.08159556 0.07496039 0.06651282 0.05794006 0.05366801 0.04824933
  0.04258577 0.04183317 0.03829385 0.03869034 0.03647075 0.03550828
  0.03417568 0.03340943 0.03284749 0.03277055 0.03236225 0.032878
  0.03195525 0.0321891  0.03106739 0.03158562 0.03139637 0.03098902
  0.03073915 0.03044793 0.03069033 0.03097931 0.03117296 0.03085036]
 [0.08104878 0.0648354  0.05266791 0.04464828 0.04422347 0.04212395
  0.03936845 0.03801697 0.03764576 0.03591372 0.03488559 0.03523251
  0.03452174 0.03489887 0.03465817 0.03331705 0.03341277 0.03337021
  0.03416556 0.0337335  0.03310599 0.03341904 0.03370323 0.03285266
  0.03333732 0.03410149 0.03282728 0.03344719 0.03344964 0.0333462 ]
 [0.06619505 0.05315118 0.04797802 0.04647496 0.04470348 0.04445508
  0.04420566 0.04381936 0.04409278 0.04387022 0.0435931  0.04352394
  0.04346904 0.04330873 0.04261058 0.04315724 0.04267381 0.04269912
  0.04224811 0.04262886 0.04257908 0.04251048 0.04254251 0.04276302
  0.04208366 0.04217075 0.04266148 0.04249216 0.04198891 0.04205226]
 [0.05760985 0.05403443 0.05374311 0.05377056 0.05460486 0.05490387
  0.05504273 0.05519374 0.05584903 0.05576738 0.05640449 0.05612659
  0.05606    0.05643044 0.05657096 0.05693338 0.0567595  0.05699457
  0.05717905 0.05695948 0.05643991 0.05748445 0.05710747 0.05767652
  0.05738759 0.05746734 0.05734306 0.05779369 0.05761386 0.05752219]]
variance: [[1.30687518e-06 1.62052415e-06 1.28294044e-06 1.18639989e-06
  9.31142976e-07 8.91250721e-07 9.86436424e-07 7.55034226e-07
  6.58103481e-07 7.54989450e-07 5.03649061e-07 5.26002601e-07
  5.23400749e-07 4.98291317e-07 4.61355342e-07 4.54655502e-07
  4.29937036e-07 3.90847014e-07 3.43918411e-07 4.12518301e-07
  4.13071180e-07 3.81543053e-07 3.73131622e-07 3.71231643e-07
  4.16792317e-07 2.60069797e-07 3.47965025e-07 3.32131178e-07
  3.02932571e-07 3.19087907e-07]
 [2.60836766e-05 5.91072450e-06 4.35094111e-06 2.09466524e-06
  2.05526001e-06 1.57621172e-06 1.35265966e-06 1.20242522e-06
  1.08943219e-06 8.60437134e-07 6.83225265e-07 6.10556084e-07
  5.20726415e-07 5.59090561e-07 5.41324939e-07 3.74590334e-07
  4.56134370e-07 3.21709708e-07 3.65458710e-07 3.75061767e-07
  2.56807282e-07 3.67839194e-07 2.76196263e-07 3.30914473e-07
  2.18369103e-07 2.44614311e-07 2.47129729e-07 1.63317288e-07
  1.77788744e-07 2.22520996e-07]
 [1.24510879e-04 1.40699939e-04 8.72743414e-05 7.97344018e-05
  5.04201259e-05 4.14240885e-05 2.89844620e-05 1.81610083e-05
  2.25642834e-05 1.35806648e-05 1.14367824e-05 1.02113436e-05
  6.11454157e-06 4.59219374e-06 4.57977594e-06 3.16655286e-06
  3.77466429e-06 2.32486587e-06 2.06988023e-06 2.03788119e-06
  1.75340802e-06 1.43679549e-06 1.16359621e-06 7.60982398e-07
  8.03607470e-07 8.38243202e-07 6.31586545e-07 7.28588575e-07
  5.93452265e-07 5.56469292e-07]
 [2.53684776e-04 2.08883613e-04 1.46683696e-04 1.58753487e-04
  1.34189982e-04 1.06306372e-04 8.19129687e-05 7.61574815e-05
  6.05557696e-05 5.83057634e-05 3.87476037e-05 4.28344012e-05
  3.13237132e-05 2.66015594e-05 2.74012767e-05 1.85068574e-05
  1.32063721e-05 1.74745833e-05 1.57268814e-05 8.28730229e-06
  8.00912123e-06 9.90525450e-06 8.68044439e-06 5.20513427e-06
  7.99296357e-06 4.10375220e-06 3.62480770e-06 3.59857783e-06
  4.76533880e-06 3.38833475e-06]
 [1.08897737e-03 9.55912460e-04 1.11756196e-03 9.43848583e-04
  8.31431149e-04 6.90698182e-04 4.97331649e-04 4.35597935e-04
  2.68307185e-04 3.52720085e-04 2.05959315e-04 2.10460471e-04
  1.38641651e-04 1.22953897e-04 9.64399539e-05 8.52820000e-05
  1.09873681e-04 7.81910038e-05 6.47118064e-05 4.48811002e-05
  5.64565111e-05 6.28552853e-05 7.64961708e-05 6.84763776e-05
  4.81439250e-05 3.72455929e-05 5.54577458e-05 3.79701224e-05
  4.14691292e-05 4.01777650e-05]
 [1.46949864e-03 1.41221732e-03 7.88387347e-04 5.10495032e-04
  5.36422188e-04 5.18429999e-04 3.66001347e-04 3.21628304e-04
  2.96346918e-04 1.42348517e-04 9.79503057e-05 1.08717634e-04
  6.21899352e-05 1.41259272e-04 1.15005797e-04 3.46845679e-05
  3.48189201e-05 3.58598343e-05 1.49430973e-04 6.30321863e-05
  4.61426883e-05 3.25402003e-05 5.59604560e-05 3.49183782e-05
  5.44629429e-05 3.45757544e-05 3.34566352e-05 4.00026897e-05
  4.36347942e-05 3.74692828e-05]
 [1.15137764e-03 5.80897388e-04 2.41256438e-04 1.07464047e-04
  5.92307789e-05 4.54605956e-05 3.66098316e-05 3.37871640e-05
  3.66965500e-05 3.59628830e-05 3.15525849e-05 2.61156190e-05
  2.98879288e-05 3.46404012e-05 2.66428235e-05 2.81007478e-05
  2.92713165e-05 2.51125875e-05 2.19166520e-05 2.61193730e-05
  2.55794633e-05 2.05409740e-05 2.91055311e-05 2.69884280e-05
  2.12876027e-05 2.35762883e-05 2.30339518e-05 2.22922895e-05
  2.18598207e-05 2.03891826e-05]
 [2.97099029e-04 5.63759392e-05 3.19658056e-05 3.38796672e-05
  3.16922654e-05 2.77335731e-05 2.50873123e-05 2.64219393e-05
  2.50166883e-05 2.29395818e-05 2.24339398e-05 2.30352964e-05
  2.29910654e-05 2.25971374e-05 1.93893624e-05 2.17081287e-05
  2.16214781e-05 2.14281240e-05 2.03561072e-05 1.90559292e-05
  2.09138241e-05 1.79141087e-05 2.01996731e-05 2.19348898e-05
  1.83317233e-05 1.92112195e-05 1.84763952e-05 1.83662710e-05
  2.08306222e-05 1.89166789e-05]]
