args:  Namespace(attack='pgd', gaussian=False, l2=0, ndim=1)
elapsed time: 21907.964103237002
test_losses: [[0.01175604 0.01007822 0.00948685 0.01118843 0.00934775 0.00740164
  0.00802022 0.00692065 0.00684347 0.00636197 0.00584143 0.00503398
  0.00549072 0.00534903 0.00613095 0.00682007 0.00636915 0.00628617
  0.0048268  0.00522798 0.00505424 0.00475368 0.00523011 0.00659274
  0.00676833 0.00639242 0.00519429 0.00661344 0.00673256 0.00696797]
 [0.00078359 0.00086728 0.00061452 0.00045589 0.00039101 0.00032427
  0.00037326 0.00035397 0.00031266 0.0003925  0.00037298 0.00029122
  0.00035823 0.00030197 0.00033102 0.0003036  0.00033564 0.00029874
  0.0002962  0.00031742 0.00032619 0.00028988 0.00030706 0.0003066
  0.00029472 0.0003114  0.00032567 0.00030356 0.00031132 0.00033061]
 [0.00115239 0.0022215  0.00192354 0.00191222 0.00212218 0.00197492
  0.00202719 0.00203851 0.00204209 0.00199648 0.00230838 0.00214402
  0.00252082 0.00258255 0.00232452 0.00214971 0.00241056 0.00206379
  0.00213432 0.00207208 0.00180461 0.00218959 0.0025481  0.00226402
  0.00249306 0.00233171 0.00239587 0.00242119 0.00244672 0.00236936]
 [0.00244827 0.0037605  0.00356409 0.00347031 0.00440689 0.00382873
  0.00420592 0.00457158 0.0044493  0.00406654 0.00476706 0.00498912
  0.00444463 0.00476431 0.00471089 0.00450727 0.00451544 0.00465103
  0.00486449 0.00429854 0.00481232 0.00503356 0.00485326 0.00523187
  0.00502071 0.00526874 0.00515867 0.00502089 0.00527076 0.00520473]
 [0.00709269 0.00798678 0.00816302 0.00818107 0.00845481 0.00813702
  0.00849018 0.00852704 0.00838315 0.00839599 0.00840325 0.00855403
  0.00843331 0.00857315 0.00867173 0.00849717 0.00860958 0.00857122
  0.00876448 0.00859235 0.00877472 0.00866487 0.00854697 0.00864622
  0.00875893 0.0087362  0.00859026 0.00879246 0.00866743 0.00886044]
 [0.00795432 0.00861491 0.00895365 0.00915163 0.00904437 0.00906643
  0.00911628 0.00923193 0.0092569  0.00911212 0.00903489 0.00911888
  0.0092029  0.00918557 0.00923559 0.0092579  0.00926844 0.00932988
  0.00919942 0.00923803 0.00921509 0.00934343 0.00919352 0.00925762
  0.00917475 0.00927801 0.00920172 0.00913028 0.00924456 0.0092322 ]
 [0.00916013 0.00937412 0.00940768 0.00951178 0.0095543  0.0094973
  0.0094942  0.009474   0.00944617 0.00946844 0.00943764 0.00941754
  0.00948327 0.00942718 0.00940141 0.00945524 0.00947434 0.00940231
  0.00939624 0.00957218 0.00945607 0.00946769 0.00957495 0.00945991
  0.00948528 0.00941187 0.00951936 0.0094534  0.00942883 0.00954012]
 [0.00941208 0.00968104 0.00955207 0.00970995 0.00962588 0.00973613
  0.00962456 0.00960257 0.00962724 0.00968306 0.0096191  0.00973818
  0.00965692 0.00973943 0.00965947 0.00968042 0.00969576 0.00970981
  0.00957308 0.00962065 0.00966832 0.00964167 0.00962988 0.0096412
  0.00972233 0.0096018  0.00973462 0.00973802 0.00970202 0.00962642]]
variance: [[1.17172412e-04 1.10311812e-04 9.68067478e-05 1.18905884e-04
  1.07704225e-04 8.55894361e-05 9.45545011e-05 7.60198726e-05
  8.07877657e-05 7.44749886e-05 6.35100872e-05 5.48645194e-05
  6.32085005e-05 6.96843437e-05 7.02676194e-05 8.38418277e-05
  7.54873118e-05 7.96774408e-05 5.61140086e-05 6.26392985e-05
  6.08087378e-05 6.05022075e-05 6.73770185e-05 8.11291000e-05
  9.03119049e-05 7.08846904e-05 5.32506320e-05 7.99563296e-05
  8.78997532e-05 8.95267047e-05]
 [1.10311980e-06 3.04290483e-06 1.61949721e-06 8.26992750e-07
  6.36649363e-07 6.61230115e-08 3.18051700e-07 6.95923793e-08
  5.29318024e-08 6.13721948e-07 2.53642976e-07 4.09968272e-08
  2.50226713e-07 3.97769928e-08 4.11569019e-08 4.30358835e-08
  4.16606395e-08 3.63043139e-08 4.03345616e-08 3.75060884e-08
  3.35176186e-08 3.47563483e-08 3.13419917e-08 3.51111035e-08
  3.57694759e-08 3.22940175e-08 2.36382932e-07 3.46699189e-08
  3.23747694e-08 3.38721578e-08]
 [7.02961209e-06 1.11754337e-05 1.06032125e-05 1.02635834e-05
  1.17001018e-05 1.09081908e-05 1.14128083e-05 1.14969996e-05
  1.17508323e-05 1.12573578e-05 1.28387280e-05 1.22287718e-05
  1.37696850e-05 1.32549543e-05 1.32131306e-05 1.18281611e-05
  1.32683057e-05 1.20989241e-05 1.23056852e-05 1.21718987e-05
  1.07279309e-05 1.24129716e-05 1.37256814e-05 1.27816985e-05
  1.36051874e-05 1.30573247e-05 1.33925325e-05 1.37632963e-05
  1.37153008e-05 1.33495825e-05]
 [1.25792871e-05 1.48611662e-05 1.45767795e-05 1.42813731e-05
  1.47863409e-05 1.50701087e-05 1.49357420e-05 1.47772120e-05
  1.46285950e-05 1.45187622e-05 1.48241677e-05 1.39482641e-05
  1.49761783e-05 1.45455126e-05 1.49087150e-05 1.46917862e-05
  1.38650057e-05 1.39713701e-05 1.44975704e-05 1.40217860e-05
  1.46513756e-05 1.42900281e-05 1.39235880e-05 1.34276501e-05
  1.35316425e-05 1.29853350e-05 1.38572864e-05 1.32191877e-05
  1.28764901e-05 1.22473801e-05]
 [1.41685532e-05 7.43662737e-06 5.66663974e-06 4.96979276e-06
  3.63922550e-06 5.04367517e-06 3.53467190e-06 2.77196078e-06
  4.34098936e-06 2.94386622e-06 2.98326504e-06 2.67797055e-06
  3.43224033e-06 2.94344522e-06 2.24720245e-06 2.12493549e-06
  2.59848165e-06 2.45435641e-06 1.86367135e-06 2.48793148e-06
  1.66961613e-06 2.24819121e-06 2.36088480e-06 2.07164822e-06
  1.98948925e-06 1.78275841e-06 1.65349675e-06 1.52491386e-06
  1.92840274e-06 1.66759091e-06]
 [9.91271825e-06 4.75352372e-06 2.01434296e-06 1.46906557e-06
  1.47447467e-06 1.29773479e-06 8.84107827e-07 7.87049151e-07
  7.82680559e-07 1.03470788e-06 8.69168018e-07 1.06599129e-06
  1.02887528e-06 7.04315442e-07 7.88771375e-07 8.78756195e-07
  9.29067460e-07 8.08768086e-07 8.30684988e-07 8.48626215e-07
  8.41479248e-07 9.37952500e-07 7.83833475e-07 8.10845395e-07
  8.01306269e-07 8.16094197e-07 8.19371264e-07 8.51675713e-07
  7.09280195e-07 8.25466601e-07]
 [3.62153248e-06 6.20578654e-07 7.34225974e-07 5.49674031e-07
  6.02090137e-07 5.61586390e-07 6.43335352e-07 6.32228587e-07
  6.63899764e-07 6.59656478e-07 6.85812747e-07 6.14689110e-07
  6.53691325e-07 6.84894411e-07 6.46616920e-07 6.35338919e-07
  6.75048387e-07 7.17433304e-07 6.60686259e-07 6.55992421e-07
  7.30535899e-07 7.03421155e-07 6.49197119e-07 6.19295250e-07
  6.02342160e-07 6.57824056e-07 5.93602848e-07 6.97737683e-07
  6.89673273e-07 6.70006457e-07]
 [2.25260359e-06 3.92442954e-07 9.31065611e-07 4.66648919e-07
  6.64382076e-07 4.20151271e-07 5.46036648e-07 5.30647310e-07
  5.01893678e-07 5.20186602e-07 5.57486274e-07 5.07844336e-07
  5.69434823e-07 4.94520502e-07 4.89183769e-07 4.61059883e-07
  5.23213499e-07 5.84428568e-07 5.97472613e-07 5.51279164e-07
  5.47371092e-07 5.93914165e-07 4.74929395e-07 5.95805795e-07
  5.39682972e-07 5.88540265e-07 5.56090340e-07 6.06591536e-07
  5.87330751e-07 5.85958779e-07]]
