args:  Namespace(attack='fgsm', gaussian=True, l2=0.05, ndim=1)
elapsed time: 2638.190838884
mins: [[2.04159090e-08 4.89209953e-08 2.65712110e-08 1.26168951e-08
  2.36354527e-08 3.71615627e-08 8.04790545e-08 3.53213807e-07
  4.21832773e-08 2.79994970e-06 8.52031974e-08 1.29487148e-06
  1.51701194e-08 9.16385773e-07 2.54802643e-07 1.39792255e-05
  8.14301166e-06 2.67597614e-04 1.01603938e-07 1.94455904e-04
  4.11964065e-05 1.18848526e-04 1.35615537e-05 1.48668391e-06
  4.69397037e-06 3.54941731e-05 8.83672237e-06 1.93562596e-06
  1.68937859e-05 3.37830488e-06]
 [1.95536359e-07 7.83875365e-09 3.84222076e-08 4.31980460e-08
  8.42524344e-08 8.37686969e-08 5.03911849e-07 7.90884229e-08
  6.05877176e-06 2.09456275e-08 6.57651185e-07 4.67479699e-09
  8.88736304e-06 8.35071830e-07 1.50286950e-09 8.97303096e-07
  8.08522818e-05 6.68367238e-06 8.99578808e-05 4.41797603e-08
  1.23449490e-06 3.63475228e-05 6.16285433e-06 6.38635402e-06
  5.69062468e-06 2.16676970e-04 1.01398218e-04 1.50874439e-05
  1.21779805e-04 9.78791504e-04]
 [1.81265758e-08 1.34005688e-07 7.03412582e-07 5.12256122e-08
  1.72663363e-07 4.69421565e-07 5.62198621e-10 1.43286218e-06
  9.09766484e-08 2.58232035e-07 2.20794021e-07 5.90234140e-06
  1.70220574e-06 1.13079523e-06 3.79840543e-07 1.26537092e-09
  7.49814660e-07 1.25825263e-05 1.30539217e-06 4.21069262e-06
  1.10273249e-05 1.93064570e-05 6.02086175e-06 9.88564821e-08
  9.16834779e-06 4.51001833e-05 2.22080143e-06 2.52869941e-05
  5.07937557e-06 4.50324842e-05]
 [3.80296143e-07 5.01958937e-07 3.51600278e-07 1.49139703e-06
  2.33225947e-07 1.78276878e-08 3.48945983e-10 4.56589447e-07
  4.46722326e-10 7.30465786e-08 4.06066203e-09 5.21797361e-08
  3.19064588e-06 1.17149193e-06 2.51575560e-09 1.84233049e-05
  1.11022689e-06 1.30460239e-06 1.25607187e-06 2.62002741e-05
  1.02362026e-06 2.01097100e-05 2.22455185e-07 1.89763512e-06
  1.25823562e-05 2.22318249e-06 4.55406080e-05 6.69790893e-07
  1.96359565e-07 4.25124927e-06]
 [2.54213290e-07 2.50252492e-06 1.14740173e-09 5.47791963e-08
  5.89776583e-08 4.04305752e-07 5.21357135e-09 1.11174487e-07
  2.05885712e-07 1.37262051e-08 3.79032798e-07 4.06598161e-07
  3.83080057e-09 4.12303848e-07 4.79703033e-09 7.80302526e-06
  3.09726420e-06 4.77531466e-06 3.84951454e-06 4.22114972e-05
  1.00108909e-05 9.82195797e-06 1.13002216e-06 1.42362325e-07
  4.33612286e-06 1.67592152e-05 1.02712693e-05 1.91930758e-06
  4.35686343e-05 1.56666028e-05]
 [6.31315686e-07 2.47216168e-08 1.10976214e-06 2.08457607e-09
  4.17617807e-09 2.70396239e-08 9.04237538e-08 2.26465090e-07
  2.16536957e-08 1.14460918e-05 1.12022335e-05 2.57020588e-06
  6.92383719e-06 6.17440082e-06 4.63973538e-06 1.35666896e-05
  1.07086947e-07 3.36171506e-05 2.27783133e-07 2.29430370e-05
  9.24169581e-06 4.22653375e-06 1.24817925e-05 1.10633773e-05
  4.95157849e-07 3.69476948e-06 1.24418002e-04 4.58847126e-06
  5.33093271e-06 4.58645815e-07]
 [2.13946919e-07 5.02795444e-07 6.60593344e-07 3.94761770e-08
  5.18969201e-10 1.27336591e-06 5.36219069e-08 1.91465301e-06
  9.81082735e-08 2.12495047e-06 1.05071706e-06 3.45968409e-08
  3.54795725e-06 1.15841146e-07 5.36045172e-06 1.78385130e-06
  1.08871495e-06 1.79463295e-05 1.14659426e-09 1.74580705e-07
  2.64314846e-08 1.64300582e-06 1.87538845e-07 9.14275806e-05
  3.36181183e-05 8.96151676e-07 4.71714020e-06 6.05110245e-07
  3.95986826e-05 6.82108584e-05]
 [2.63914870e-07 1.84039692e-07 2.55386681e-07 9.10557603e-08
  4.00615221e-07 1.94888528e-07 2.14139945e-07 2.42444844e-06
  1.49317358e-08 4.53246507e-08 1.30063995e-07 1.77278696e-06
  5.27038750e-08 4.69867238e-08 5.53957477e-07 6.42542682e-06
  3.65824313e-08 2.19592475e-05 1.30136368e-06 1.31038189e-06
  2.08530648e-04 4.37338804e-06 2.73750120e-05 2.11289034e-06
  1.87928290e-05 1.48824629e-05 9.06359617e-07 9.55598551e-08
  6.62920760e-11 1.37519521e-07]
 [7.64819106e-08 2.58135117e-07 3.29365228e-08 2.94676283e-08
  2.42393128e-09 2.39240627e-08 8.09192926e-08 1.25874533e-06
  1.62350474e-07 2.77483286e-06 2.99636918e-06 9.97437655e-06
  3.83338374e-07 3.21571349e-07 1.94240693e-05 3.04324840e-06
  4.09573522e-06 3.27233352e-06 4.19280559e-06 2.95224017e-05
  5.58099146e-06 3.63797881e-12 3.19306018e-05 3.61981844e-09
  7.44691306e-06 2.36142299e-07 1.62238155e-06 1.58436160e-05
  2.28519948e-05 5.16988621e-08]
 [3.30944295e-06 1.11867173e-07 4.51522375e-08 8.17258794e-09
  2.73068732e-08 1.56987042e-07 1.11851222e-07 2.21556490e-07
  2.11722462e-08 8.89393505e-07 9.34816057e-07 2.02833417e-05
  5.17645333e-07 2.23717525e-08 1.05207171e-07 2.97344604e-06
  5.76487594e-07 3.92234506e-05 3.74612853e-07 1.37332590e-05
  9.42114566e-05 1.21631070e-08 2.93419653e-05 6.51272712e-05
  1.02074900e-05 1.76328371e-07 3.93403388e-06 1.16715033e-04
  2.97912957e-05 8.97782320e-06]
 [5.48350130e-08 2.52161868e-07 1.12260841e-08 1.03650855e-07
  2.62264484e-06 6.77775205e-08 5.79687458e-06 8.64699450e-06
  1.15412524e-06 3.91224233e-07 1.49649878e-07 1.54992176e-05
  3.62861692e-06 8.03634430e-06 1.00235991e-06 3.85236090e-05
  2.13421208e-05 1.11098179e-05 4.82664018e-06 1.88608993e-07
  1.53040855e-05 3.39519693e-06 7.06311357e-06 2.77515028e-06
  7.80888695e-06 1.75959008e-06 2.79305209e-06 8.58549101e-05
  7.56632630e-07 1.68451170e-05]
 [1.94765244e-06 2.27722148e-06 2.23164193e-07 2.51958369e-07
  3.16380493e-07 3.90344912e-09 2.86854493e-06 9.35707794e-06
  9.08369543e-07 7.36596940e-06 1.91023491e-06 2.13171575e-06
  1.86283378e-05 5.50254981e-07 9.95265145e-05 4.20756230e-08
  1.61255730e-06 2.20412650e-04 8.67650442e-07 2.21419782e-06
  7.05199345e-05 2.87987291e-07 2.23254162e-08 1.93159804e-06
  1.47821032e-04 2.31200993e-05 9.29705550e-07 1.76175727e-05
  4.95047170e-05 1.25871200e-04]
 [7.70831010e-10 3.74332232e-10 5.03091678e-06 1.74568249e-05
  1.41962209e-06 7.34594664e-07 6.98629665e-05 9.78619923e-08
  4.12790832e-05 4.97237079e-06 6.48919195e-06 1.47318817e-04
  3.67835572e-04 8.01279326e-04 7.98976885e-07 1.19328164e-04
  8.05893389e-04 2.10423786e-05 2.28076731e-03 8.51749646e-05
  1.19058741e-03 1.50707929e-04 9.57195662e-05 7.61642994e-04
  1.04674336e-03 6.56058983e-05 1.68077604e-04 3.67805129e-03
  4.65428573e-04 1.11758964e-04]
 [1.76118764e-08 3.30822854e-06 4.13186761e-04 2.54102546e-04
  4.19514300e-03 6.75776799e-04 2.24568474e-04 1.07087726e-06
  1.56335775e-02 9.53541894e-04 6.72324063e-08 6.06410066e-03
  5.75243123e-03 8.98724608e-03 3.33353016e-03 8.41922220e-03
  7.15363324e-02 4.68054495e-05 1.09572167e-04 1.10325448e-01
  8.23813155e-02 5.69646293e-03 1.36558749e-02 7.92910978e-02
  4.80090715e-02 1.05309017e-01 8.29911977e-02 1.83718349e-03
  1.23578580e-02 2.01831162e-01]
 [3.15656745e-09 2.29126672e-05 2.89766540e-05 5.42956579e-04
  1.98904495e-03 4.54771193e-03 1.58152319e-02 1.08600305e-02
  5.54860011e-02 6.27709404e-02 6.23272881e-02 2.51765475e-02
  4.64040935e-02 5.02657518e-02 7.98527226e-02 1.54345348e-01
  2.44851634e-01 1.26795456e-01 2.01119125e-01 1.67766973e-01
  1.64808765e-01 1.83129862e-01 3.88581187e-01 5.86268902e-01
  3.06481808e-01 2.17879236e-01 5.03226280e-01 3.18715662e-01
  1.97647452e-01 1.87812626e-01]]
maxs: [[1.03146243e+00 9.94076788e-01 6.03268862e-01 6.53360307e-01
  6.90502405e-01 3.46497202e+00 1.13883805e+00 1.75945163e+00
  1.36416233e+00 1.73199606e+00 3.74232340e+00 3.49002147e+00
  4.42547750e+00 5.97778034e+00 3.42445016e+00 6.38887501e+00
  7.26369143e+00 1.00643559e+01 4.71140003e+00 6.40620661e+00
  6.66568041e+00 7.08859730e+00 8.86919975e+00 1.10267696e+01
  8.36292362e+00 9.98811817e+00 1.00860634e+01 1.39834013e+01
  2.14990654e+01 1.47188997e+01]
 [4.63429749e-01 4.76698697e-01 6.90817416e-01 1.11658812e+00
  1.62410533e+00 1.66935444e+00 1.24602687e+00 1.80591321e+00
  3.48198581e+00 2.32143092e+00 2.67599344e+00 3.80712676e+00
  3.36092687e+00 5.23228693e+00 4.07234955e+00 6.59682178e+00
  7.16796827e+00 8.47054005e+00 5.64635849e+00 7.17934084e+00
  8.12565327e+00 5.37070799e+00 9.22316742e+00 1.26301413e+01
  9.83867645e+00 1.33088303e+01 1.03006802e+01 1.39000454e+01
  1.86834793e+01 1.33705864e+01]
 [5.40747941e-01 6.60622954e-01 1.04920566e+00 9.50733960e-01
  7.50834942e-01 1.47730100e+00 1.94368851e+00 2.06597996e+00
  4.37839365e+00 3.52733326e+00 5.25221729e+00 4.55399847e+00
  5.03528404e+00 4.60267448e+00 6.80085325e+00 6.40869761e+00
  7.59784985e+00 7.08049631e+00 1.08915024e+01 7.94449997e+00
  9.44032669e+00 1.25191259e+01 1.43224058e+01 1.10089626e+01
  1.06131763e+01 1.45909758e+01 1.45879068e+01 9.48226070e+00
  1.58556519e+01 1.63749123e+01]
 [4.22239184e-01 1.21184036e-01 9.39296007e-01 7.99993336e-01
  1.54852939e+00 8.42030346e-01 1.64916885e+00 3.17680764e+00
  1.92667055e+00 2.84329581e+00 3.56951261e+00 5.18343878e+00
  3.71224499e+00 7.89681816e+00 6.50431633e+00 9.06788349e+00
  6.20674801e+00 5.13239861e+00 6.61239147e+00 7.10408640e+00
  1.22879906e+01 1.21232328e+01 9.04917622e+00 1.43927908e+01
  1.36531191e+01 1.94632053e+01 1.65786037e+01 1.61073990e+01
  1.66548786e+01 2.15896149e+01]
 [3.04408640e-01 2.63687968e-01 6.78108513e-01 1.34355068e+00
  9.69453812e-01 1.21129906e+00 2.60559654e+00 2.74288034e+00
  3.44479585e+00 2.78150821e+00 4.31605577e+00 3.76781654e+00
  4.46385145e+00 4.83212376e+00 5.44795179e+00 1.16295071e+01
  1.04877157e+01 9.15530014e+00 1.13258028e+01 8.47308636e+00
  1.84249630e+01 8.83892727e+00 1.54168148e+01 1.16841135e+01
  1.50053024e+01 2.26219501e+01 1.81937103e+01 1.71539249e+01
  1.67492428e+01 1.81681747e+01]
 [3.28115284e-01 2.54807562e-01 2.76445627e-01 6.67875528e-01
  3.80362177e+00 1.25226355e+00 1.95256472e+00 4.00755501e+00
  3.19686961e+00 4.84199429e+00 7.94401836e+00 7.06745863e+00
  9.91251183e+00 5.28096151e+00 6.72052670e+00 6.40174627e+00
  9.30000210e+00 8.53433323e+00 1.12516012e+01 8.52543354e+00
  9.60800838e+00 9.01437759e+00 1.92652969e+01 1.98169651e+01
  1.98265915e+01 1.93310242e+01 1.42865858e+01 2.04998226e+01
  2.28202019e+01 2.24139347e+01]
 [2.24573657e-01 6.21098697e-01 7.93731451e-01 8.05339992e-01
  2.11915994e+00 1.93770170e+00 2.26504779e+00 2.43108463e+00
  4.11314011e+00 4.09599781e+00 3.73842406e+00 4.80277824e+00
  4.47023296e+00 6.24308586e+00 8.10709667e+00 7.12235737e+00
  7.54784250e+00 9.75196362e+00 1.45892467e+01 1.44499111e+01
  1.05441818e+01 1.19604797e+01 1.32805748e+01 1.37233944e+01
  1.57768698e+01 1.99916916e+01 2.08965797e+01 1.97364941e+01
  1.87242794e+01 1.96715012e+01]
 [3.36489141e-01 8.66747975e-01 1.49462736e+00 1.80578125e+00
  2.13741636e+00 1.22827458e+00 2.82228374e+00 4.74454165e+00
  5.03657198e+00 3.64157104e+00 5.57531738e+00 4.97633171e+00
  5.72546339e+00 8.99500084e+00 6.64360046e+00 8.44139671e+00
  7.20327568e+00 1.26655140e+01 1.67803802e+01 1.45320301e+01
  1.23482609e+01 1.63660870e+01 1.77213326e+01 1.52824936e+01
  1.52828617e+01 2.48309402e+01 2.05559788e+01 1.70409527e+01
  2.76440697e+01 3.38933830e+01]
 [2.90091872e-01 5.99834144e-01 2.03020787e+00 9.87616062e-01
  1.42790890e+00 1.79977190e+00 1.93218791e+00 3.77882266e+00
  3.40403724e+00 5.65774107e+00 6.33538580e+00 7.48277855e+00
  7.88636780e+00 9.36415863e+00 9.67969513e+00 9.50196743e+00
  8.73995018e+00 1.45763588e+01 1.22695360e+01 1.21267757e+01
  1.77076244e+01 1.25647459e+01 1.38915653e+01 2.95026608e+01
  3.10918255e+01 2.16975327e+01 2.39450073e+01 2.05246391e+01
  2.59205494e+01 3.28433838e+01]
 [2.39279062e-01 6.36375368e-01 1.35896420e+00 1.27288771e+00
  2.13695621e+00 3.24478698e+00 1.97977018e+00 4.36766672e+00
  6.34389591e+00 5.29042673e+00 6.14638424e+00 6.54343987e+00
  7.34146833e+00 6.92507696e+00 1.35382528e+01 1.23757381e+01
  1.23413258e+01 1.36759262e+01 2.04549313e+01 1.92079048e+01
  1.68850384e+01 1.91545353e+01 2.00292435e+01 1.74681950e+01
  1.61025200e+01 2.96419697e+01 4.40754776e+01 2.38063774e+01
  2.36592522e+01 3.45171394e+01]
 [3.08148086e-01 8.45098436e-01 8.85657430e-01 9.07380581e-01
  3.07383394e+00 2.71896696e+00 3.15393209e+00 3.97339869e+00
  4.60971260e+00 8.64770794e+00 7.64650011e+00 1.26748915e+01
  4.85489368e+00 1.19021425e+01 1.19224415e+01 8.29295826e+00
  1.46945925e+01 1.37803650e+01 2.07782688e+01 1.85218887e+01
  2.27463493e+01 2.82012672e+01 2.16311741e+01 2.86695900e+01
  2.56712265e+01 2.73325367e+01 2.58450546e+01 2.59280224e+01
  3.82747803e+01 3.71401787e+01]
 [4.28472370e-01 1.04868865e+00 3.86242747e+00 1.77324533e+00
  2.15694070e+00 4.20046377e+00 5.81828356e+00 5.98849487e+00
  7.60136557e+00 7.26242924e+00 1.38167114e+01 7.78769398e+00
  1.81578255e+01 1.54407492e+01 1.77068062e+01 1.84602032e+01
  1.57515373e+01 3.21591644e+01 3.24267273e+01 3.67466469e+01
  3.81108322e+01 2.44878712e+01 2.66647434e+01 4.03061943e+01
  4.42087021e+01 4.57092857e+01 3.81475449e+01 4.79115295e+01
  5.00230179e+01 5.35348015e+01]
 [2.84033418e-01 9.43367779e-01 1.49828494e+00 2.43384767e+00
  4.49876356e+00 6.20381403e+00 6.43585825e+00 9.84962082e+00
  1.00687494e+01 1.28277807e+01 1.60281258e+01 1.61068306e+01
  1.69963398e+01 2.34439430e+01 2.60670071e+01 2.61286793e+01
  4.29247322e+01 5.62619820e+01 5.06321716e+01 3.32777100e+01
  5.33415184e+01 4.96900253e+01 6.53090820e+01 5.79797707e+01
  7.02053452e+01 5.82837486e+01 7.63475342e+01 6.73810959e+01
  7.93793869e+01 8.63182526e+01]
 [5.95901012e-01 3.16050243e+00 3.46296406e+00 2.98104501e+00
  7.63524580e+00 6.21336508e+00 9.49009323e+00 2.00979977e+01
  1.71930008e+01 1.99979115e+01 2.27227859e+01 2.92873917e+01
  3.77120667e+01 4.01133461e+01 3.19138012e+01 5.04094582e+01
  4.63274269e+01 4.21132812e+01 5.45355759e+01 6.99192734e+01
  7.82797089e+01 7.45722427e+01 1.00366516e+02 8.58207932e+01
  8.03928146e+01 1.10522240e+02 1.09946465e+02 1.16197617e+02
  1.16669983e+02 1.25054131e+02]
 [7.00237274e-01 1.30009413e+00 2.46212029e+00 5.20167112e+00
  1.02813864e+01 1.15918369e+01 8.68928242e+00 2.23787498e+01
  3.28359032e+01 2.03319588e+01 4.35560837e+01 3.83724327e+01
  4.19746056e+01 6.90168228e+01 6.42823792e+01 7.30289383e+01
  8.02616653e+01 8.78553543e+01 7.82439804e+01 1.07132149e+02
  7.89653625e+01 1.17349274e+02 1.53403778e+02 1.29306976e+02
  1.34875854e+02 1.56028305e+02 1.49556076e+02 1.74211487e+02
  1.53160248e+02 1.99641418e+02]]
test_losses: [[5.49855346e-02 2.51933147e-02 2.35023472e-02 2.80031019e-02
  3.98942112e-02 7.89127348e-02 7.81954816e-02 1.13333763e-01
  1.26349374e-01 1.62681488e-01 2.46665930e-01 2.81016524e-01
  3.34071696e-01 3.91597455e-01 4.09546256e-01 4.95779994e-01
  4.97292762e-01 7.00390482e-01 6.39055943e-01 8.42570768e-01
  8.28612121e-01 8.48571459e-01 1.02267736e+00 1.26892800e+00
  1.23677600e+00 1.28178715e+00 1.45158256e+00 1.55752773e+00
  1.91600724e+00 1.69244796e+00]
 [3.91654608e-02 2.02762063e-02 2.05533349e-02 3.00117994e-02
  5.01142492e-02 8.77737190e-02 9.12129339e-02 1.07173097e-01
  1.45492196e-01 2.02419475e-01 2.32164677e-01 3.06208681e-01
  3.61399822e-01 4.48515301e-01 4.13758689e-01 5.33397825e-01
  6.98221318e-01 6.72556813e-01 7.78796542e-01 8.61651790e-01
  8.95436194e-01 8.37012779e-01 1.06355717e+00 1.17073494e+00
  1.26514850e+00 1.55067487e+00 1.54042024e+00 1.68936867e+00
  2.09024737e+00 2.09229379e+00]
 [2.95373293e-02 1.29816965e-02 2.84069483e-02 3.41974847e-02
  4.50749004e-02 6.92947787e-02 1.00372168e-01 1.35281083e-01
  1.79750681e-01 2.23943297e-01 2.71916538e-01 3.70483337e-01
  4.05874563e-01 4.32591798e-01 5.49144919e-01 5.68234414e-01
  7.82770496e-01 7.89541359e-01 7.92884432e-01 9.69025325e-01
  1.03600924e+00 1.32830608e+00 1.37874573e+00 1.49976669e+00
  1.44683920e+00 1.64075130e+00 1.53044182e+00 1.82199052e+00
  1.83146948e+00 2.42365025e+00]
 [1.76096063e-02 9.80443695e-03 1.99741436e-02 3.79190466e-02
  6.54392878e-02 6.22691608e-02 1.06748969e-01 1.54574239e-01
  1.51583527e-01 2.30323424e-01 2.30952772e-01 3.66451124e-01
  3.77815907e-01 5.49755565e-01 6.32837844e-01 5.64151423e-01
  7.24887191e-01 8.08308436e-01 1.03268906e+00 9.47848721e-01
  1.19333958e+00 1.32379373e+00 1.43683905e+00 1.38551252e+00
  1.73865080e+00 1.68428982e+00 1.88609179e+00 2.17441721e+00
  2.35961818e+00 2.37831802e+00]
 [1.57437261e-02 1.42457742e-02 3.40444356e-02 4.52212709e-02
  4.93188180e-02 9.95505318e-02 1.22733079e-01 1.88055435e-01
  2.06795544e-01 2.34156718e-01 3.55053843e-01 2.87164695e-01
  4.59410067e-01 4.67773000e-01 5.60894117e-01 8.28722268e-01
  8.66885967e-01 1.06349242e+00 1.03506809e+00 1.16534774e+00
  1.46533912e+00 1.33351226e+00 1.61205326e+00 1.59790944e+00
  1.65282890e+00 2.01337956e+00 2.19770980e+00 2.12981209e+00
  2.65655718e+00 2.94687014e+00]
 [1.30370730e-02 1.12252729e-02 1.63510225e-02 3.16691466e-02
  6.93770043e-02 9.36288234e-02 1.51119862e-01 1.98990591e-01
  2.73602197e-01 3.06523847e-01 3.90168989e-01 5.09097652e-01
  5.85105555e-01 5.41651860e-01 6.22465722e-01 7.33041534e-01
  9.67681675e-01 1.00590999e+00 1.29776934e+00 1.29067012e+00
  1.31776291e+00 1.41475251e+00 1.79390168e+00 1.79401471e+00
  2.17777111e+00 2.24731525e+00 2.09511085e+00 2.45862894e+00
  2.74033378e+00 3.06735915e+00]
 [1.11683828e-02 1.43970163e-02 3.14205170e-02 4.37815874e-02
  8.10750796e-02 9.45556262e-02 1.76111295e-01 2.08419447e-01
  2.77968915e-01 3.31271714e-01 4.04712221e-01 4.46956891e-01
  5.54328241e-01 6.32147372e-01 7.55280655e-01 7.89471389e-01
  1.14089972e+00 1.07323140e+00 1.22919752e+00 1.47701674e+00
  1.51461366e+00 1.65049166e+00 2.10523716e+00 1.87756378e+00
  2.09688961e+00 2.67605784e+00 2.92233408e+00 2.99303472e+00
  2.89690778e+00 3.50426617e+00]
 [1.31995805e-02 1.77880301e-02 4.39526863e-02 6.72091919e-02
  8.52707852e-02 9.68122279e-02 1.73583504e-01 2.66362756e-01
  3.12712010e-01 2.93147606e-01 5.12174042e-01 5.74376700e-01
  6.25519809e-01 7.70132617e-01 8.14422405e-01 1.01354246e+00
  1.07170260e+00 1.41937170e+00 1.44100852e+00 1.81667145e+00
  1.66341710e+00 1.95186470e+00 2.11091750e+00 2.20307801e+00
  2.38728165e+00 2.77901722e+00 3.09318980e+00 2.75982726e+00
  3.05491506e+00 3.49017031e+00]
 [1.12672577e-02 2.37837704e-02 3.90912120e-02 5.65492680e-02
  1.00383640e-01 1.52094671e-01 1.53534084e-01 2.34967133e-01
  3.02844755e-01 3.82083228e-01 5.65050933e-01 6.38502981e-01
  7.00181550e-01 8.54524141e-01 9.23199789e-01 1.31160081e+00
  1.27315913e+00 1.45625687e+00 1.62149256e+00 1.89379749e+00
  1.96602824e+00 1.90592562e+00 2.16424806e+00 2.74034650e+00
  3.06748092e+00 3.07607680e+00 3.86878984e+00 4.22685034e+00
  4.05818545e+00 4.31820177e+00]
 [1.00652770e-02 1.57766028e-02 3.98782975e-02 5.82567357e-02
  1.42551195e-01 2.05279871e-01 2.18741442e-01 3.16263900e-01
  4.84789765e-01 4.60282327e-01 5.85351719e-01 7.56121607e-01
  7.90429047e-01 8.96774461e-01 1.28840315e+00 1.19453559e+00
  1.61249320e+00 1.59387152e+00 1.96474511e+00 2.24483584e+00
  2.17889958e+00 2.05393167e+00 2.98657520e+00 2.75099792e+00
  2.84526823e+00 3.29241144e+00 4.37554487e+00 3.72225678e+00
  4.36793875e+00 4.44565646e+00]
 [1.12441091e-02 2.05276972e-02 3.98922102e-02 6.35037179e-02
  1.35248424e-01 2.13598688e-01 2.17146537e-01 3.15665047e-01
  3.38366315e-01 5.55369117e-01 6.88539499e-01 8.35181794e-01
  8.28580359e-01 1.24593901e+00 1.39342394e+00 1.24298486e+00
  1.70442049e+00 1.89917053e+00 1.95977779e+00 2.15543395e+00
  2.53099368e+00 3.02542157e+00 2.75068228e+00 3.53604147e+00
  3.57295789e+00 3.58283022e+00 4.02488653e+00 4.17515884e+00
  4.61326708e+00 4.87768478e+00]
 [1.41936654e-02 3.60914107e-02 1.03312712e-01 1.38554495e-01
  2.36328390e-01 3.36160433e-01 4.81569452e-01 5.70179015e-01
  8.01945246e-01 9.09281605e-01 1.14737844e+00 1.25390073e+00
  1.55041971e+00 2.29866744e+00 2.35665384e+00 2.48826897e+00
  2.72446577e+00 3.17379328e+00 3.51680265e+00 3.93458368e+00
  4.35949950e+00 4.46135745e+00 4.95273800e+00 5.92599300e+00
  7.45161946e+00 6.99805875e+00 6.64401973e+00 8.71340077e+00
  8.19153264e+00 1.04636147e+01]
 [1.30547985e-02 5.23330973e-02 1.32895361e-01 2.46792157e-01
  4.16718116e-01 5.82455371e-01 8.57020994e-01 9.68507675e-01
  1.37199000e+00 1.81602005e+00 1.74916501e+00 2.17039614e+00
  2.95103074e+00 3.65315752e+00 4.24312276e+00 4.18276707e+00
  4.88131139e+00 5.86455140e+00 6.33084286e+00 6.64229733e+00
  8.46997972e+00 8.31828183e+00 8.97672731e+00 9.47012766e+00
  1.15821806e+01 1.16225148e+01 1.26303639e+01 1.40469047e+01
  1.44328401e+01 1.53093061e+01]
 [2.28990902e-02 1.05610865e-01 2.23788172e-01 4.01129851e-01
  6.43896477e-01 9.49454057e-01 1.18961531e+00 1.85663494e+00
  2.22049147e+00 2.81009776e+00 3.15951294e+00 4.23891518e+00
  5.11745302e+00 5.68753141e+00 6.71026274e+00 7.13669469e+00
  8.35202663e+00 8.81381232e+00 9.85988288e+00 1.15778249e+01
  1.27360164e+01 1.49135202e+01 1.61880039e+01 1.76965738e+01
  2.06766418e+01 1.97599130e+01 2.19217494e+01 2.22037700e+01
  2.10854092e+01 2.23297876e+01]
 [4.09620245e-02 1.22340802e-01 3.66645813e-01 6.28167423e-01
  1.23397595e+00 1.62230171e+00 1.90247989e+00 3.10986628e+00
  3.63176154e+00 4.20664258e+00 5.11352429e+00 6.96275749e+00
  8.02966187e+00 9.10122996e+00 9.78454699e+00 1.14798360e+01
  1.41862303e+01 1.43151194e+01 1.62506126e+01 1.75886923e+01
  1.88446862e+01 2.08547905e+01 2.53354833e+01 2.73109947e+01
  2.66866137e+01 3.13693749e+01 3.05496053e+01 3.59593011e+01
  3.67748068e+01 4.21453613e+01]]
