args:  Namespace(attack='pgd', gaussian=True, l2=0, ndim=1)
elapsed time: 45239.060317528
test_losses: [[0.01221708 0.01181131 0.01161254 0.01013524 0.00934302 0.0083962
  0.00821473 0.00721436 0.00688338 0.0065033  0.00672698 0.00624221
  0.00652869 0.00589845 0.00623807 0.00548881 0.00630606 0.00602417
  0.00646598 0.00581124 0.0056585  0.0053096  0.00518256 0.00593955
  0.00597403 0.00567703 0.00623983 0.00592716 0.00522902 0.00571184]
 [0.01540083 0.00788647 0.00599648 0.00564676 0.00583188 0.00570218
  0.0058061  0.00525649 0.00548629 0.00544496 0.00528749 0.00570168
  0.00543028 0.00500384 0.00570034 0.00513863 0.00534137 0.00523608
  0.00546607 0.00548507 0.00547674 0.00553121 0.00558017 0.00542825
  0.00523112 0.00514713 0.0054514  0.00578613 0.00549186 0.00510805]
 [0.01104859 0.0072765  0.00622179 0.00581069 0.00572042 0.00547551
  0.00571747 0.00550535 0.00578096 0.00554929 0.00548952 0.00561169
  0.00554732 0.00562648 0.00590519 0.00556268 0.00562835 0.0056057
  0.00581461 0.00539983 0.00565129 0.00565577 0.00554024 0.00533653
  0.00568669 0.00533361 0.00553836 0.00553308 0.00537991 0.00550232]
 [0.01134787 0.00696128 0.00642175 0.00627631 0.00599415 0.00611756
  0.00590031 0.00616986 0.00602534 0.00586181 0.0061929  0.00611065
  0.00588344 0.00602711 0.00615083 0.00640932 0.00578664 0.00578739
  0.00580826 0.00607927 0.00545331 0.00574669 0.00585038 0.00602774
  0.00595666 0.00589855 0.00550025 0.00595118 0.00571858 0.0060212 ]
 [0.00979791 0.00667147 0.00686091 0.00697735 0.00641584 0.00656289
  0.00662299 0.00643201 0.00650289 0.00645129 0.00658475 0.00640444
  0.00644066 0.0060308  0.0065043  0.00658249 0.00601302 0.00612716
  0.00625989 0.00670921 0.00608087 0.00623207 0.00626764 0.00582621
  0.00614158 0.00590545 0.00603353 0.00598804 0.00573065 0.00614639]
 [0.00908369 0.00663909 0.00710904 0.00687654 0.00686773 0.00708604
  0.00694012 0.00738678 0.0069727  0.00687865 0.00665929 0.006637
  0.00682345 0.00664345 0.00646386 0.00677271 0.00663984 0.00691426
  0.00691881 0.00647701 0.00695648 0.00666805 0.00663887 0.00676051
  0.00663801 0.00675472 0.00650802 0.00632156 0.00683397 0.00660669]
 [0.00867154 0.00727093 0.00728584 0.0073435  0.00741141 0.00737382
  0.00760423 0.00740199 0.00756949 0.00741322 0.00746245 0.00758856
  0.00740013 0.00746502 0.0075504  0.00694988 0.00752947 0.0072766
  0.00731569 0.00714535 0.00735959 0.00725908 0.0072295  0.00749926
  0.00731964 0.00730273 0.0072822  0.00746612 0.00714019 0.00734141]
 [0.00788183 0.00715515 0.00773317 0.00783971 0.0076743  0.00810451
  0.00751619 0.00771855 0.00784762 0.00795153 0.00794414 0.00787405
  0.00791295 0.00801141 0.00810265 0.00801345 0.00784836 0.00799295
  0.00788672 0.00794915 0.00804625 0.00781329 0.00799936 0.00768769
  0.00797572 0.00805517 0.00786818 0.00797299 0.00796404 0.00790757]
 [0.00785413 0.00777816 0.00813906 0.0080134  0.0083654  0.0080767
  0.0081505  0.00814457 0.00840664 0.00859414 0.00829202 0.00838867
  0.00819224 0.00839153 0.00838662 0.00853252 0.00847696 0.00842334
  0.00838694 0.00848512 0.00858929 0.00864158 0.00835965 0.00852047
  0.00834235 0.00850097 0.00829667 0.00865005 0.00858399 0.00843427]
 [0.00835311 0.00836453 0.00821355 0.00853535 0.00831266 0.00841919
  0.00854739 0.00862645 0.00856348 0.00881894 0.00876381 0.0086892
  0.00886356 0.00878373 0.00874521 0.00907686 0.00881973 0.00889912
  0.00889756 0.00891084 0.00874153 0.00883674 0.00901022 0.00889175
  0.00893075 0.00899874 0.0088689  0.00901985 0.00901469 0.00901834]
 [0.00791112 0.00816825 0.00858693 0.00882811 0.0087845  0.00870929
  0.00886127 0.00896965 0.00898935 0.00901858 0.00902701 0.00910086
  0.00911286 0.00904718 0.00904977 0.00903799 0.00911109 0.00922289
  0.00915684 0.00918927 0.00918359 0.00914402 0.00929749 0.00914566
  0.00924565 0.00921831 0.00914078 0.00916254 0.0093495  0.00930855]
 [0.00875441 0.00912495 0.00945707 0.0094322  0.00963037 0.00964424
  0.00968169 0.00963636 0.00967618 0.00963616 0.00965796 0.00967071
  0.00966986 0.00972817 0.00970092 0.00971385 0.00979016 0.00970441
  0.0097906  0.00979385 0.00975331 0.00971944 0.00976176 0.00975926
  0.00976174 0.00978867 0.00976835 0.00978518 0.00980269 0.00977187]
 [0.00896711 0.00957035 0.00980475 0.00983197 0.00972313 0.00979911
  0.00977239 0.00986083 0.00986582 0.00982177 0.00990731 0.00989657
  0.00982257 0.00986769 0.00983453 0.00990196 0.00992268 0.00986431
  0.00991828 0.00978547 0.00989914 0.00991139 0.0098738  0.00986164
  0.00988255 0.00990968 0.00990363 0.00987627 0.00989515 0.00988071]
 [0.00945246 0.00986935 0.00984037 0.00990136 0.0099071  0.00988624
  0.00990288 0.00992419 0.00988826 0.0098527  0.00987423 0.0099539
  0.00985894 0.00989394 0.00991189 0.009868   0.00987763 0.0099342
  0.00989927 0.00993745 0.00998174 0.00988927 0.00997431 0.00990951
  0.00988551 0.00993823 0.00986338 0.00990656 0.00991741 0.00989851]
 [0.00948018 0.00991589 0.00994051 0.00995147 0.00991307 0.00995247
  0.00992953 0.00988616 0.00996105 0.00996174 0.00995299 0.0099418
  0.00994438 0.00991856 0.00998135 0.01001169 0.00998    0.00992079
  0.00990441 0.01001412 0.00997307 0.00996977 0.00990292 0.00992563
  0.00994758 0.00995252 0.00999764 0.00994106 0.00993524 0.00992896]]
variance: [[1.24093543e-04 1.18505987e-04 1.19409276e-04 9.72797632e-05
  9.82298397e-05 8.53667471e-05 7.29362768e-05 7.49146278e-05
  7.36176892e-05 7.19769022e-05 7.53138765e-05 6.71068632e-05
  7.51389888e-05 7.33539980e-05 7.23746511e-05 6.04940867e-05
  7.66963121e-05 7.10938802e-05 7.50220286e-05 7.15098153e-05
  6.72335654e-05 5.80248723e-05 5.83393199e-05 6.34158958e-05
  7.33141100e-05 6.21468661e-05 7.39670236e-05 7.77479297e-05
  6.32966205e-05 7.20353386e-05]
 [5.98610749e-04 1.52754213e-04 2.68310069e-05 1.29156358e-05
  1.23072479e-05 1.15721768e-05 1.15844624e-05 1.12258674e-05
  1.18394496e-05 1.02701694e-05 1.08131056e-05 1.03715694e-05
  1.02622943e-05 1.11388116e-05 1.03706943e-05 1.11635924e-05
  1.14704819e-05 1.09354492e-05 1.05119549e-05 1.06604922e-05
  1.06123600e-05 1.01002114e-05 9.69679800e-06 1.10938541e-05
  1.09730139e-05 1.12147043e-05 1.08773561e-05 1.04058972e-05
  1.05177769e-05 1.06623675e-05]
 [3.01907490e-04 5.46540542e-05 1.79049073e-05 1.19623037e-05
  1.26429618e-05 1.21713470e-05 1.13568316e-05 1.20128325e-05
  1.05934606e-05 1.16262868e-05 1.09142131e-05 9.91984846e-06
  1.03862402e-05 1.00984905e-05 8.87056112e-06 1.03124597e-05
  1.05182745e-05 1.00010101e-05 1.03555508e-05 1.04636611e-05
  9.97868937e-06 9.43676216e-06 1.05088851e-05 1.04356543e-05
  1.00617861e-05 1.00060864e-05 1.00176243e-05 1.00636502e-05
  1.05242619e-05 1.04489544e-05]
 [2.68821182e-04 2.64917206e-05 1.75628689e-05 1.25536131e-05
  1.25188046e-05 1.13480455e-05 1.14187765e-05 9.82008922e-06
  1.05323113e-05 1.08608410e-05 8.98929324e-06 9.37436929e-06
  9.68686756e-06 8.78857200e-06 8.94521713e-06 8.11063739e-06
  9.43951951e-06 9.51007890e-06 9.01492754e-06 9.23031520e-06
  9.99280815e-06 9.07115341e-06 9.16978306e-06 8.27357477e-06
  9.08160771e-06 9.01400034e-06 9.74113271e-06 8.91914481e-06
  9.36495366e-06 9.28804336e-06]
 [2.68255450e-04 1.76153465e-05 1.39722671e-05 1.06906889e-05
  1.17142799e-05 1.07329686e-05 9.44537015e-06 9.89082712e-06
  9.50427034e-06 8.92412308e-06 9.17536818e-06 8.75859058e-06
  9.02771789e-06 9.48924815e-06 8.31649648e-06 7.97122260e-06
  9.45232898e-06 8.61407101e-06 8.45799331e-06 7.01078990e-06
  8.68396778e-06 8.33825062e-06 7.75484013e-06 9.15085322e-06
  8.71889519e-06 8.49344796e-06 8.09631205e-06 8.31412264e-06
  8.40165132e-06 8.18515345e-06]
 [1.50003247e-04 1.63663391e-05 1.39520984e-05 1.12296791e-05
  9.34099354e-06 9.20105338e-06 8.92911605e-06 7.23554004e-06
  7.52123916e-06 8.41982269e-06 9.13305432e-06 8.36729462e-06
  8.23836042e-06 7.35182043e-06 8.86555310e-06 7.07346233e-06
  8.10601855e-06 7.43644631e-06 7.42921189e-06 7.69585707e-06
  6.30283952e-06 6.95310641e-06 6.87782345e-06 7.53824268e-06
  6.60313612e-06 6.24705848e-06 7.52253460e-06 8.00520926e-06
  6.18091305e-06 6.88980296e-06]
 [6.18674290e-05 1.92331322e-05 1.06303959e-05 9.29609669e-06
  8.10087987e-06 7.70438270e-06 7.01343481e-06 7.55375483e-06
  6.75682230e-06 7.29135449e-06 6.51561706e-06 6.29137273e-06
  6.83677087e-06 5.81827071e-06 5.24485435e-06 8.18066775e-06
  5.57162527e-06 6.87687985e-06 5.84246118e-06 6.66914584e-06
  5.21288863e-06 6.18167209e-06 5.99622683e-06 4.45193416e-06
  5.13503896e-06 4.96255235e-06 5.12939702e-06 4.60176421e-06
  5.97716650e-06 5.09103692e-06]
 [5.07434956e-05 1.69146138e-05 9.27580617e-06 7.76333053e-06
  7.98425401e-06 5.63419737e-06 7.92302258e-06 6.58426405e-06
  5.88586603e-06 5.62779018e-06 5.50347871e-06 5.92367895e-06
  5.03669893e-06 4.90548826e-06 4.72490076e-06 4.48288698e-06
  5.02304862e-06 4.44118079e-06 4.28466009e-06 4.76800519e-06
  3.71231202e-06 4.58546477e-06 3.89826515e-06 5.14163605e-06
  3.72195278e-06 3.94729660e-06 4.35878171e-06 3.91791523e-06
  3.80202182e-06 3.21210599e-06]
 [4.38949181e-05 1.03500037e-05 9.26121517e-06 7.39819873e-06
  5.65155188e-06 5.80176209e-06 5.53938037e-06 5.06531460e-06
  4.43098519e-06 3.67860838e-06 4.44048560e-06 3.73562876e-06
  4.11935242e-06 3.88755787e-06 3.44824087e-06 3.10669757e-06
  3.30886148e-06 3.37256248e-06 2.95528257e-06 3.35221016e-06
  2.65819014e-06 2.17522081e-06 3.71804253e-06 2.70796574e-06
  2.97802353e-06 2.35761672e-06 2.81900395e-06 2.01211792e-06
  2.07258863e-06 2.62766808e-06]
 [4.63176401e-05 9.58109345e-06 7.13330859e-06 5.06478232e-06
  5.38007284e-06 5.57195187e-06 4.36272405e-06 3.84675301e-06
  4.05193189e-06 3.24764795e-06 2.99624856e-06 2.72842856e-06
  2.39200196e-06 2.80991885e-06 2.45949652e-06 1.74604920e-06
  2.06291013e-06 2.45405664e-06 1.84030936e-06 1.92271634e-06
  2.49959528e-06 1.81634450e-06 1.37444674e-06 1.64074570e-06
  1.83873390e-06 1.36101831e-06 1.92006652e-06 1.20310947e-06
  1.52426422e-06 1.61501944e-06]
 [2.55423295e-05 8.31756340e-06 5.81034630e-06 3.24510647e-06
  3.88417097e-06 4.02839793e-06 2.89536699e-06 2.51271801e-06
  3.12970972e-06 2.23928542e-06 1.88470043e-06 2.30171629e-06
  1.69011141e-06 1.94487040e-06 1.89920581e-06 2.19388948e-06
  1.72082457e-06 1.36720824e-06 1.72825194e-06 1.23467843e-06
  1.06301468e-06 1.56480307e-06 9.05205213e-07 9.35848123e-07
  1.09962650e-06 1.05840519e-06 1.20441866e-06 1.29853046e-06
  9.39604266e-07 8.80131785e-07]
 [1.12599830e-05 3.84140815e-06 1.39099967e-06 1.66655675e-06
  7.30250023e-07 6.19221042e-07 4.96285650e-07 6.89839695e-07
  4.81424015e-07 5.60994078e-07 5.85539096e-07 5.04278648e-07
  3.79434090e-07 3.14712166e-07 4.06056754e-07 4.07325177e-07
  3.08036240e-07 3.97153266e-07 4.16501810e-07 3.45882738e-07
  3.56588004e-07 3.95603591e-07 3.42971245e-07 3.91557925e-07
  4.12433029e-07 3.91509885e-07 4.06091896e-07 4.23587299e-07
  3.68558333e-07 3.07568016e-07]
 [7.77331604e-06 1.19450933e-06 4.23153652e-07 3.22549116e-07
  6.14044205e-07 4.25266177e-07 3.58104657e-07 2.45135535e-07
  2.54520528e-07 3.48710412e-07 2.71558480e-07 3.83538605e-07
  3.62271712e-07 2.57438041e-07 3.16565963e-07 2.67375720e-07
  3.09327139e-07 2.96968844e-07 2.90286793e-07 3.50444714e-07
  3.00618642e-07 2.98154155e-07 2.92219760e-07 2.85218829e-07
  3.44277671e-07 2.67063798e-07 2.34699582e-07 2.52137311e-07
  3.18767601e-07 3.22357180e-07]
 [4.65798800e-06 4.51455601e-07 3.58926240e-07 2.92770690e-07
  3.28200082e-07 3.14331674e-07 2.46453094e-07 2.27252030e-07
  3.01910582e-07 2.91526579e-07 2.53157178e-07 2.93533370e-07
  2.69190311e-07 3.16391238e-07 2.82578652e-07 3.37925627e-07
  2.80489236e-07 3.04150501e-07 2.57133585e-07 2.71107370e-07
  2.66495338e-07 2.69180935e-07 2.70691472e-07 2.79665244e-07
  3.16266961e-07 2.91825819e-07 3.25021652e-07 2.82365991e-07
  2.84143318e-07 3.06342893e-07]
 [2.20064873e-06 3.36081558e-07 2.08559043e-07 3.12656241e-07
  3.02175489e-07 2.34925102e-07 2.77623285e-07 2.98668225e-07
  2.54595346e-07 2.61986445e-07 2.43996047e-07 2.17949786e-07
  2.50803604e-07 3.12123182e-07 2.74000238e-07 3.20939792e-07
  2.10996986e-07 2.59219453e-07 2.46892844e-07 2.77201521e-07
  2.41507054e-07 3.02858897e-07 3.41520199e-07 3.32901332e-07
  2.55090989e-07 3.06771305e-07 2.86065725e-07 2.72510988e-07
  3.26389656e-07 2.99146861e-07]]
