args:  Namespace(attack='opt', gaussian=True, l2=0.001, ndim=1)
test_losses: [[2.17268818e-01 3.28270506e-02 8.87657849e-03 3.94365055e-03
  3.14115827e-03 2.09674907e-03 2.19858765e-03 1.99375339e-03
  1.55073394e-03 1.19851868e-03 1.16932250e-03 9.04325971e-04
  9.46005914e-04 9.50931805e-04 6.83968242e-04 7.26847201e-04
  8.00095388e-04 7.25314845e-04 6.50264049e-04 6.41137157e-04
  5.13256174e-04 5.28698244e-04 4.60712064e-04 4.74739544e-04
  4.68102031e-04 4.93348454e-04 3.97490645e-04 4.48876313e-04
  4.21664529e-04 3.45235055e-04 3.63193992e-04 3.40825280e-04
  3.73349086e-04 3.26135183e-04 3.40901703e-04 2.76540936e-04
  2.82778668e-04 2.99142976e-04 2.35301240e-04 2.61616074e-04
  2.48326082e-04 2.39837168e-04 2.40402478e-04 2.45729493e-04
  2.26195410e-04 2.18907861e-04 2.51128696e-04 2.43530154e-04
  2.27565392e-04 1.89780873e-04]
 [6.19926651e-02 1.32789782e-02 7.80485735e-03 3.13257351e-03
  3.12471009e-03 2.15058682e-03 1.97071090e-03 1.48291910e-03
  1.56440023e-03 1.49633806e-03 1.13116020e-03 9.73425157e-04
  1.00572403e-03 9.08547458e-04 8.03929964e-04 8.29414340e-04
  8.59399225e-04 7.02231978e-04 6.61804324e-04 6.41268673e-04
  6.01844280e-04 4.65244752e-04 4.91178993e-04 5.72900745e-04
  5.26064296e-04 4.90699280e-04 4.20054629e-04 4.49970880e-04
  4.46750408e-04 5.02959449e-04 4.32307566e-04 3.86767789e-04
  3.55047181e-04 3.75644104e-04 3.77140273e-04 3.94746645e-04
  3.65167468e-04 3.55042395e-04 3.51701678e-04 3.33310486e-04
  3.28884932e-04 3.47444082e-04 3.62359535e-04 3.09499347e-04
  3.09368565e-04 3.16008497e-04 3.07733947e-04 2.96030852e-04
  2.94184853e-04 2.94129788e-04]
 [3.47378961e-02 1.05928637e-02 4.65126745e-03 4.18002761e-03
  2.57318184e-03 2.56411473e-03 2.39715593e-03 2.28899247e-03
  1.72711403e-03 1.50437589e-03 1.63676264e-03 1.31528065e-03
  1.44725269e-03 1.13833923e-03 1.14267338e-03 1.18200794e-03
  1.12120609e-03 8.85916478e-04 9.85400866e-04 9.24634389e-04
  7.65416661e-04 8.66037014e-04 8.39958185e-04 8.04883265e-04
  6.56553195e-04 7.34002146e-04 7.93488157e-04 7.13178259e-04
  6.48102697e-04 7.44732553e-04 7.01286256e-04 5.63486283e-04
  7.01911867e-04 7.08140763e-04 6.14883056e-04 5.64727787e-04
  6.00505919e-04 5.23130666e-04 6.13094558e-04 5.77156579e-04
  5.52476387e-04 6.26321278e-04 5.50849807e-04 5.79570209e-04
  5.13100124e-04 5.04673010e-04 5.43072625e-04 5.54239969e-04
  5.59578501e-04 5.29868702e-04]
 [1.83388918e-02 7.63263310e-03 4.73485335e-03 3.95253944e-03
  3.68808404e-03 3.10348372e-03 2.76527697e-03 2.48027981e-03
  2.48746434e-03 2.27992591e-03 2.36032284e-03 1.75974751e-03
  2.26555890e-03 1.65757686e-03 1.80714613e-03 1.50624606e-03
  1.43045898e-03 1.56252368e-03 1.44290880e-03 1.43288214e-03
  1.37448579e-03 1.37650135e-03 1.27923510e-03 1.30346865e-03
  1.31575250e-03 1.21829288e-03 1.36554303e-03 1.17507842e-03
  1.20191669e-03 1.09993687e-03 1.23710572e-03 1.13459063e-03
  1.11314401e-03 1.11198673e-03 1.01331469e-03 9.40362904e-04
  1.03720534e-03 1.11238444e-03 9.90692677e-04 9.19299807e-04
  1.01082632e-03 9.96920248e-04 9.65065662e-04 1.01196427e-03
  9.56951204e-04 9.90170643e-04 9.24496509e-04 9.51525022e-04
  1.02745584e-03 1.01005198e-03]
 [1.80328190e-02 6.37593677e-03 4.74223577e-03 4.15986823e-03
  3.65113842e-03 3.44951919e-03 3.06386037e-03 3.06433798e-03
  2.87379507e-03 2.67507405e-03 2.98230370e-03 2.81193865e-03
  2.52500092e-03 2.22743767e-03 2.30743687e-03 2.37135554e-03
  2.20763019e-03 2.30013902e-03 2.21192043e-03 2.12294726e-03
  2.28086642e-03 2.04260052e-03 1.82855886e-03 2.23590454e-03
  1.97613205e-03 1.94730263e-03 2.09824924e-03 2.01966785e-03
  1.92052308e-03 1.80195557e-03 1.80384058e-03 1.86450670e-03
  1.93785766e-03 1.94155033e-03 1.78856373e-03 1.95123411e-03
  1.82941321e-03 1.66067446e-03 1.87984987e-03 1.71208881e-03
  1.64831621e-03 1.59965695e-03 1.59117467e-03 1.58184721e-03
  1.70442653e-03 1.64445340e-03 1.77017771e-03 1.55358813e-03
  1.89596508e-03 1.68860132e-03]
 [1.05392195e-02 5.88674791e-03 4.99027309e-03 4.50617257e-03
  4.24382966e-03 4.59137237e-03 4.09672459e-03 4.03670433e-03
  3.74685826e-03 3.71610532e-03 3.88234379e-03 3.44999560e-03
  3.57572679e-03 3.26962976e-03 3.43687247e-03 3.34446090e-03
  3.27515213e-03 3.20148175e-03 3.40271272e-03 2.93087278e-03
  3.06986426e-03 3.08411162e-03 2.82682160e-03 2.91170382e-03
  3.00965003e-03 3.02080177e-03 3.01534632e-03 3.05890390e-03
  2.91005898e-03 2.92985679e-03 2.73045249e-03 2.67371360e-03
  2.88976824e-03 2.81405584e-03 2.72707517e-03 2.92038140e-03
  2.67967357e-03 2.94391040e-03 2.68307027e-03 2.83374822e-03
  2.81990840e-03 2.74101993e-03 2.66625732e-03 2.80951204e-03
  2.77564785e-03 2.65718482e-03 2.67668411e-03 2.57256566e-03
  2.94760722e-03 2.38814047e-03]
 [1.07018915e-02 5.72959726e-03 5.83494172e-03 4.95350596e-03
  4.99597993e-03 4.75112160e-03 5.22789111e-03 4.82707795e-03
  4.89518236e-03 4.91125736e-03 4.48816589e-03 4.46421534e-03
  4.40679186e-03 4.65570902e-03 4.69963787e-03 4.87269448e-03
  4.62794424e-03 4.38106195e-03 4.19016132e-03 4.66122313e-03
  4.47894227e-03 4.35816071e-03 4.46035139e-03 4.33906053e-03
  4.16692987e-03 4.46692384e-03 4.29982556e-03 3.85667285e-03
  4.09256597e-03 4.23207922e-03 4.50206419e-03 4.07316508e-03
  3.98084394e-03 4.50048307e-03 4.43218221e-03 4.08676306e-03
  4.13211355e-03 4.03154803e-03 3.89203217e-03 4.21791730e-03
  3.95820734e-03 4.31772443e-03 3.79016108e-03 4.15469040e-03
  4.18029513e-03 4.14679804e-03 4.04121861e-03 4.19031621e-03
  4.23948573e-03 3.95274247e-03]
 [9.19381103e-03 6.66504594e-03 5.86454889e-03 5.77354201e-03
  5.92094253e-03 5.76822363e-03 5.84559288e-03 5.44390450e-03
  5.65652214e-03 5.91092835e-03 5.48260683e-03 5.55678191e-03
  5.60476753e-03 5.93981103e-03 5.76916102e-03 5.43497868e-03
  5.67758367e-03 5.73892577e-03 5.70971994e-03 5.63614017e-03
  5.67377801e-03 5.82512312e-03 5.71167712e-03 5.63919672e-03
  5.85719132e-03 5.56730623e-03 5.40276568e-03 5.59642128e-03
  5.68923601e-03 5.72742317e-03 5.52838428e-03 5.68135053e-03
  5.92743411e-03 5.54156567e-03 5.91556610e-03 5.58351931e-03
  5.50059415e-03 5.51505314e-03 5.44636104e-03 5.59024412e-03
  5.43362570e-03 5.64637792e-03 5.48896000e-03 5.36035833e-03
  5.59512428e-03 5.54541255e-03 5.64126885e-03 5.69849909e-03
  5.49129428e-03 5.69402892e-03]
 [9.23281656e-03 7.18502617e-03 7.13079719e-03 6.99822212e-03
  6.40909775e-03 6.90117250e-03 6.86600876e-03 6.56742586e-03
  6.76479096e-03 6.86020251e-03 6.86941251e-03 6.81953693e-03
  7.12509880e-03 6.61530058e-03 6.80618263e-03 7.22070797e-03
  6.77385713e-03 6.87215824e-03 6.81744445e-03 6.84613982e-03
  6.76753756e-03 6.88060938e-03 6.71342213e-03 6.67470586e-03
  7.31124599e-03 7.17986522e-03 6.79800722e-03 7.09388825e-03
  7.05865367e-03 7.26657066e-03 6.81436669e-03 7.12586036e-03
  6.95969070e-03 7.21232573e-03 7.06733323e-03 6.96375244e-03
  6.96689354e-03 7.02398294e-03 7.09140756e-03 7.19881554e-03
  7.03079180e-03 7.15423732e-03 7.06143550e-03 6.90403103e-03
  7.40888789e-03 7.37868017e-03 7.10065123e-03 7.24792963e-03
  7.29268939e-03 7.23421959e-03]
 [8.41374719e-03 7.67867776e-03 6.74540640e-03 7.25094153e-03
  7.11995251e-03 7.29171835e-03 7.65682916e-03 7.57862626e-03
  7.33795531e-03 7.17868073e-03 7.41319542e-03 7.41285973e-03
  7.50674701e-03 7.61878537e-03 7.74912202e-03 7.72074076e-03
  7.44349078e-03 7.88419593e-03 7.89834285e-03 7.85717087e-03
  7.97148706e-03 8.07558536e-03 7.95960262e-03 7.89386679e-03
  7.90053222e-03 8.19354829e-03 7.92296527e-03 8.21406763e-03
  8.13688344e-03 8.20504440e-03 8.21199041e-03 8.18212102e-03
  8.09267167e-03 8.04035418e-03 8.02864746e-03 8.39266309e-03
  8.29335347e-03 8.39652825e-03 8.31055022e-03 8.40192791e-03
  8.02586498e-03 8.18128298e-03 8.35920964e-03 8.01342291e-03
  8.31600780e-03 8.22462964e-03 8.57763962e-03 8.58807472e-03
  8.43027975e-03 8.27138768e-03]
 [8.29570558e-03 7.36089758e-03 8.10093167e-03 7.66399493e-03
  7.82582235e-03 8.06506918e-03 7.94559833e-03 8.22402510e-03
  8.33448361e-03 8.02263815e-03 8.41193511e-03 8.53285984e-03
  8.52876080e-03 8.22672845e-03 8.43207789e-03 8.51955555e-03
  8.65044092e-03 8.67370912e-03 8.96245589e-03 8.56283768e-03
  8.67224086e-03 8.72136407e-03 8.77414241e-03 8.69097043e-03
  8.93553468e-03 8.82561229e-03 8.72512637e-03 8.69857585e-03
  9.00420853e-03 8.88253498e-03 9.04688658e-03 8.91652721e-03
  8.87426922e-03 9.03376399e-03 9.15285047e-03 8.95117043e-03
  8.88205491e-03 8.97743548e-03 9.07206390e-03 8.98564193e-03
  9.12240754e-03 9.06508477e-03 9.06048026e-03 9.12802459e-03
  9.09704679e-03 9.05070188e-03 9.06881338e-03 9.00202804e-03
  9.14169780e-03 9.10034181e-03]
 [8.99616220e-03 8.86355257e-03 9.16010271e-03 9.41697137e-03
  9.50653080e-03 9.59019192e-03 9.73288493e-03 9.71919942e-03
  9.79630673e-03 9.81623319e-03 9.93159076e-03 9.66182736e-03
  9.91997680e-03 9.88606471e-03 9.84032287e-03 9.92857080e-03
  9.85950131e-03 9.84377668e-03 9.81035345e-03 9.94177775e-03
  9.92217487e-03 9.89427563e-03 9.98352484e-03 9.90684094e-03
  9.86775271e-03 9.91309414e-03 9.88689509e-03 9.89198274e-03
  9.87544566e-03 9.88318102e-03 9.97174625e-03 9.97170564e-03
  9.95132046e-03 9.99026855e-03 9.95715293e-03 9.90524485e-03
  9.88285529e-03 9.93704474e-03 9.96097394e-03 9.92368751e-03
  1.00162471e-02 9.93519404e-03 9.91368973e-03 9.98308966e-03
  9.89538826e-03 9.94044113e-03 9.97909127e-03 9.93941830e-03
  9.94605803e-03 9.81454671e-03]
 [9.63745621e-03 9.71913272e-03 9.76259041e-03 9.81342298e-03
  9.92175959e-03 9.85991237e-03 9.93437913e-03 9.93747493e-03
  9.91163931e-03 1.00043324e-02 9.91819240e-03 9.98248166e-03
  9.99472239e-03 9.93977072e-03 1.00147705e-02 9.99519771e-03
  1.00093325e-02 1.00403468e-02 9.97938061e-03 9.95113862e-03
  9.96558807e-03 1.00041224e-02 9.98922674e-03 1.00471865e-02
  1.00236787e-02 9.99271858e-03 1.00286015e-02 1.00153603e-02
  1.00551885e-02 1.00104104e-02 9.96465810e-03 1.00086419e-02
  9.99850548e-03 1.00329105e-02 1.00134548e-02 1.00044809e-02
  1.00030928e-02 9.97769690e-03 9.99780670e-03 1.00278622e-02
  1.00758712e-02 1.00158414e-02 1.00147625e-02 1.00079942e-02
  9.93183293e-03 1.00142637e-02 1.00117422e-02 9.99929232e-03
  9.99887596e-03 1.00087931e-02]
 [9.81268768e-03 9.89715130e-03 9.95033394e-03 1.00867366e-02
  9.99052409e-03 1.00044591e-02 9.99191330e-03 9.98829190e-03
  9.99055009e-03 1.00018379e-02 9.96685559e-03 9.95926602e-03
  9.99064715e-03 9.98778574e-03 1.00018042e-02 1.00769434e-02
  1.00338874e-02 9.97889708e-03 1.00708033e-02 9.97668522e-03
  1.00276004e-02 9.99708783e-03 1.00382116e-02 9.96273933e-03
  9.99993953e-03 1.00158322e-02 9.98730608e-03 1.00183358e-02
  1.00007058e-02 1.00431601e-02 1.00064846e-02 1.00079712e-02
  1.00468632e-02 1.00021943e-02 9.97632736e-03 1.00536894e-02
  1.00569386e-02 9.96348182e-03 1.00254813e-02 1.00048403e-02
  9.98078561e-03 1.00016866e-02 1.00541635e-02 1.00686891e-02
  1.00505098e-02 1.00570500e-02 1.00030453e-02 9.97964652e-03
  9.99961630e-03 1.00095658e-02]
 [9.90765392e-03 9.96478947e-03 1.00123497e-02 9.98577465e-03
  9.99734985e-03 9.97567495e-03 1.00247101e-02 9.93588706e-03
  1.00076689e-02 1.00242814e-02 9.98485857e-03 9.97888408e-03
  1.00249431e-02 9.94112214e-03 1.00168124e-02 1.00230635e-02
  9.97441697e-03 9.99547865e-03 9.99803038e-03 1.00586980e-02
  1.00154672e-02 9.96653337e-03 9.99634419e-03 1.00167981e-02
  1.00210342e-02 9.98835679e-03 1.00148594e-02 9.98047273e-03
  1.00286284e-02 9.99911503e-03 1.00107372e-02 1.00239998e-02
  9.98201475e-03 1.00926421e-02 1.00226617e-02 1.00167952e-02
  1.00180944e-02 9.99058749e-03 1.00000217e-02 1.00473429e-02
  9.97076685e-03 9.97007113e-03 9.98443822e-03 1.00417837e-02
  1.00175829e-02 1.00218529e-02 9.95810687e-03 1.00006093e-02
  9.97152782e-03 1.00505625e-02]]
variance: [[5.55641078e-01 1.69340761e-02 6.27774155e-04 5.95740228e-05
  1.65742147e-04 1.28895025e-05 1.89630873e-05 9.08687724e-06
  9.07300195e-06 3.63766349e-06 3.03911967e-06 1.76174128e-06
  2.28050197e-06 2.86603646e-06 9.19427245e-07 9.88768479e-07
  1.90537504e-06 1.24997154e-06 9.91735838e-07 8.26622228e-07
  5.76906969e-07 7.06142660e-07 4.65391330e-07 4.91142693e-07
  5.26836883e-07 5.16594651e-07 3.63288090e-07 4.75637254e-07
  4.19432173e-07 2.47202761e-07 2.69112261e-07 2.87271087e-07
  2.81235108e-07 2.13818378e-07 2.29032857e-07 1.87353628e-07
  2.12901929e-07 2.67863715e-07 1.15911507e-07 1.49255832e-07
  1.17586684e-07 1.48769594e-07 1.14585362e-07 1.21805714e-07
  1.07730097e-07 9.53081732e-08 1.30058111e-07 1.34676172e-07
  1.14071115e-07 7.20743675e-08]
 [3.74759376e-02 1.58570268e-03 1.57881272e-03 3.08280265e-05
  3.05840683e-05 1.25121035e-05 9.97843584e-06 5.44655388e-06
  6.05668697e-06 8.17488345e-06 2.57235511e-06 2.60719567e-06
  2.47245770e-06 2.06914832e-06 1.36225955e-06 1.65613252e-06
  1.44811710e-06 1.24198376e-06 1.00863086e-06 9.65853973e-07
  6.66058230e-07 4.39706156e-07 4.87213906e-07 6.69147533e-07
  7.25369635e-07 4.59420493e-07 2.98053241e-07 4.19769497e-07
  3.28206965e-07 3.72980795e-07 4.63851927e-07 2.36072442e-07
  3.15614807e-07 2.97283363e-07 2.81783494e-07 3.32174916e-07
  3.78986953e-07 2.12712756e-07 2.45760736e-07 2.22619931e-07
  1.86135814e-07 2.47999264e-07 2.43697646e-07 1.62487136e-07
  1.95080396e-07 2.08202492e-07 2.42111567e-07 1.33163703e-07
  2.05884387e-07 1.63495889e-07]
 [8.16288700e-03 7.42805165e-04 4.66126965e-05 4.44933974e-05
  1.06317980e-05 1.89680431e-05 8.98015547e-06 9.02019020e-06
  5.92845758e-06 4.67812341e-06 5.84528452e-06 3.78693626e-06
  4.02628163e-06 3.34494519e-06 2.86014940e-06 2.81963382e-06
  2.53977390e-06 1.51915108e-06 2.40739338e-06 1.90515356e-06
  1.20255242e-06 1.31488439e-06 1.53815602e-06 1.19585201e-06
  8.98280488e-07 1.28261735e-06 1.31124476e-06 7.90300111e-07
  7.53799021e-07 1.28066118e-06 9.17107831e-07 5.00006852e-07
  6.53377991e-07 9.92696696e-07 7.52219692e-07 5.14649178e-07
  6.43961985e-07 4.34049052e-07 6.53528699e-07 5.06891602e-07
  5.00215253e-07 6.40804709e-07 4.23583725e-07 5.49260210e-07
  3.71088043e-07 3.90599248e-07 5.23861084e-07 4.92779289e-07
  4.85084699e-07 4.45692735e-07]
 [1.12075406e-03 1.29075922e-04 4.39857748e-05 2.86262911e-05
  1.85701830e-05 1.25175434e-05 1.07679464e-05 9.25589254e-06
  9.94150371e-06 7.60318922e-06 8.18042301e-06 5.63009270e-06
  8.34549493e-06 4.74003043e-06 6.18547368e-06 3.98824510e-06
  3.65926215e-06 4.19010328e-06 3.28355771e-06 3.87664580e-06
  2.96893733e-06 2.97182331e-06 2.95753000e-06 3.03129366e-06
  2.74114192e-06 2.46201241e-06 2.81310049e-06 2.25924170e-06
  2.58338102e-06 1.87851822e-06 1.90596656e-06 1.45143012e-06
  1.77556600e-06 1.41628804e-06 1.20824678e-06 1.11407444e-06
  1.31476274e-06 1.68637079e-06 1.21866168e-06 1.02694510e-06
  1.01396028e-06 1.06166056e-06 9.49984536e-07 9.46067288e-07
  1.03198735e-06 9.31406571e-07 8.95714774e-07 9.91690376e-07
  9.53430173e-07 1.00634296e-06]
 [1.71763166e-03 3.42425897e-05 2.63382956e-05 1.95506179e-05
  1.52336492e-05 1.37494146e-05 1.17244195e-05 1.16654218e-05
  1.06310635e-05 9.18414674e-06 9.93652513e-06 8.36646504e-06
  7.43213918e-06 7.20750892e-06 7.47344711e-06 6.43208691e-06
  6.48541573e-06 7.30670213e-06 6.70578949e-06 5.60479468e-06
  5.38035811e-06 4.14910635e-06 4.03392411e-06 5.12888962e-06
  4.03060471e-06 4.23674352e-06 3.89641089e-06 3.48871344e-06
  4.12380294e-06 3.95713303e-06 3.93721153e-06 3.53996635e-06
  3.18354256e-06 3.26247878e-06 2.27295905e-06 3.15049949e-06
  3.19794419e-06 2.39204597e-06 2.55533270e-06 2.62147685e-06
  2.44626493e-06 2.03304868e-06 2.06416789e-06 1.66997867e-06
  2.25034944e-06 1.99104093e-06 2.59589193e-06 1.59324472e-06
  2.46792237e-06 1.67382751e-06]
 [2.06636159e-04 3.17024905e-05 1.88157994e-05 1.60614089e-05
  1.58689363e-05 1.59892259e-05 1.49196805e-05 1.31120127e-05
  1.31505140e-05 1.26071527e-05 1.22912064e-05 1.08443671e-05
  1.13805827e-05 9.37376261e-06 1.09252139e-05 8.78946965e-06
  8.67366443e-06 8.59712993e-06 9.57288760e-06 7.72899163e-06
  7.05588507e-06 7.25792401e-06 5.87984172e-06 7.18366888e-06
  6.76963270e-06 6.90590115e-06 6.75195033e-06 6.10713086e-06
  5.53711270e-06 5.35577324e-06 4.51331908e-06 5.23981576e-06
  4.73905158e-06 5.10753866e-06 4.81222860e-06 5.34059472e-06
  3.86632506e-06 4.49684070e-06 3.97678231e-06 4.32283114e-06
  4.22804707e-06 3.96993248e-06 4.35252017e-06 4.37276109e-06
  3.17973618e-06 4.03512013e-06 3.13771016e-06 3.13726198e-06
  4.35886294e-06 2.59611719e-06]
 [1.26071818e-04 2.03842071e-05 1.92065939e-05 1.71016076e-05
  1.61053437e-05 1.54529147e-05 1.42144405e-05 1.45744087e-05
  1.47028947e-05 1.39443567e-05 1.23178716e-05 1.29797741e-05
  1.21622741e-05 1.28384247e-05 1.13795410e-05 1.14177444e-05
  1.12023080e-05 1.00341198e-05 1.13619311e-05 1.05697603e-05
  9.88529860e-06 9.14896265e-06 9.06862857e-06 9.17619762e-06
  8.35894551e-06 8.73988895e-06 8.68757709e-06 7.52874762e-06
  7.12022301e-06 7.81511540e-06 9.00734641e-06 6.73881723e-06
  6.42398222e-06 8.42009217e-06 8.32108209e-06 6.84759646e-06
  6.95134189e-06 6.47680419e-06 5.99078588e-06 6.96620953e-06
  5.70367360e-06 6.63683603e-06 5.76138547e-06 5.72636567e-06
  6.00458927e-06 6.36975353e-06 5.79030359e-06 6.07593738e-06
  5.79727090e-06 5.09525602e-06]
 [1.04471512e-04 1.92830372e-05 1.74394692e-05 1.65242148e-05
  1.58643330e-05 1.56863688e-05 1.48362509e-05 1.52836757e-05
  1.27263025e-05 1.46681174e-05 1.37204989e-05 1.28861388e-05
  1.22693976e-05 1.21975701e-05 1.17886099e-05 1.06731896e-05
  1.10910210e-05 1.03524827e-05 1.05615475e-05 1.10190506e-05
  9.83268771e-06 9.83336265e-06 9.23029011e-06 9.39109059e-06
  9.01714506e-06 9.11964524e-06 8.33404934e-06 8.30814268e-06
  7.85468873e-06 8.76441877e-06 8.57824973e-06 8.31004576e-06
  8.36255441e-06 7.91359538e-06 7.55029015e-06 8.01933386e-06
  7.68034458e-06 7.98019952e-06 7.09675518e-06 7.55288037e-06
  7.10367772e-06 8.32411092e-06 7.75083637e-06 7.16688853e-06
  6.36561627e-06 7.75250886e-06 6.34300770e-06 7.97570554e-06
  6.65881003e-06 7.11845019e-06]
 [6.63243309e-05 2.48014369e-05 1.42432294e-05 1.39742662e-05
  1.48301014e-05 1.27170767e-05 1.39506605e-05 1.26575623e-05
  1.30877685e-05 1.19969718e-05 1.18868957e-05 1.14003734e-05
  1.02953411e-05 1.01728860e-05 1.00009812e-05 9.49441440e-06
  1.00483197e-05 9.48713066e-06 1.02974205e-05 8.92189636e-06
  9.80062505e-06 8.70735176e-06 9.22013167e-06 9.55166462e-06
  7.61392727e-06 7.47405504e-06 7.91969135e-06 8.23067151e-06
  7.40491824e-06 7.84053730e-06 7.93788908e-06 6.96233755e-06
  6.81016876e-06 6.85733518e-06 7.79970531e-06 8.02434375e-06
  7.57033094e-06 6.70703140e-06 6.80655440e-06 6.85512918e-06
  7.03948263e-06 6.46593659e-06 6.76876342e-06 6.75924236e-06
  6.08173742e-06 6.68570400e-06 6.86427896e-06 6.34870017e-06
  6.10032832e-06 5.85946466e-06]
 [3.58081900e-05 1.85223929e-05 1.58155485e-05 1.30221326e-05
  1.24433869e-05 1.24125085e-05 1.01360175e-05 1.00289750e-05
  1.04774399e-05 1.11014719e-05 1.02778115e-05 9.30903577e-06
  9.21650896e-06 8.86558685e-06 9.00769193e-06 8.60085303e-06
  8.58186161e-06 7.08286705e-06 8.19194464e-06 7.44175930e-06
  6.51322612e-06 6.42767268e-06 7.55508758e-06 7.58808108e-06
  6.68144407e-06 5.91233940e-06 5.65146303e-06 5.68498230e-06
  5.78339366e-06 5.29027577e-06 5.16073929e-06 4.77979503e-06
  5.72075403e-06 5.51057624e-06 5.52153082e-06 4.16817510e-06
  4.53957186e-06 4.92426149e-06 4.58420073e-06 4.82350356e-06
  5.22622152e-06 5.07944348e-06 4.26960665e-06 4.27743427e-06
  4.33312728e-06 4.54223515e-06 4.03786398e-06 4.04455777e-06
  3.94326719e-06 4.48025266e-06]
 [3.83356275e-05 1.32251261e-05 1.03925215e-05 1.22765587e-05
  1.07444440e-05 9.41731471e-06 9.12643470e-06 8.26688816e-06
  7.62717014e-06 8.36234679e-06 7.56674997e-06 5.44960870e-06
  6.19411906e-06 6.85748487e-06 6.26899384e-06 6.61371228e-06
  4.79769273e-06 4.69394382e-06 4.10420514e-06 4.69997659e-06
  4.16603234e-06 4.35026710e-06 3.96043627e-06 3.92600970e-06
  3.33093641e-06 3.95748227e-06 4.09690967e-06 3.89337606e-06
  2.90218135e-06 3.07601563e-06 2.98194070e-06 3.38987940e-06
  3.13115005e-06 2.89304946e-06 3.08002448e-06 2.93047499e-06
  3.52075100e-06 3.07582865e-06 2.74659292e-06 2.90028701e-06
  2.83383174e-06 2.64606603e-06 2.93024415e-06 2.38903939e-06
  2.33669987e-06 2.57510852e-06 2.50480137e-06 2.32786891e-06
  2.46819477e-06 2.27984015e-06]
 [7.99115853e-06 8.21784871e-06 5.35079564e-06 3.24166359e-06
  3.00922912e-06 1.73915611e-06 1.30216757e-06 1.17460036e-06
  9.24238478e-07 8.30451810e-07 6.13136865e-07 1.17168324e-06
  5.71711676e-07 7.59643926e-07 7.17726273e-07 6.40773415e-07
  6.64176884e-07 8.42227933e-07 7.65601868e-07 6.00815697e-07
  6.35991814e-07 6.28264427e-07 6.44009338e-07 7.10854251e-07
  6.22962661e-07 4.90498100e-07 6.60739821e-07 6.28027217e-07
  6.88839621e-07 5.98150698e-07 6.01942384e-07 5.07185114e-07
  5.90587746e-07 4.28836296e-07 6.68564272e-07 5.93653638e-07
  5.03691554e-07 4.96623182e-07 6.20552173e-07 5.73764155e-07
  4.20544100e-07 5.02332157e-07 5.32157615e-07 4.77560807e-07
  5.61456489e-07 5.23745242e-07 4.49696867e-07 4.98212185e-07
  4.98478545e-07 6.24382425e-07]
 [2.34170793e-06 2.10179946e-06 9.82672548e-07 7.25174721e-07
  7.24975697e-07 6.86524515e-07 4.88091044e-07 5.73048564e-07
  4.87310640e-07 4.12950557e-07 5.02973747e-07 3.82777764e-07
  4.56742792e-07 4.58708187e-07 3.94440003e-07 3.79657950e-07
  4.67408223e-07 4.34906681e-07 4.03041335e-07 3.98406683e-07
  4.35028185e-07 3.95888516e-07 3.50728136e-07 3.82792030e-07
  4.11646199e-07 3.13154356e-07 3.59421357e-07 4.25607894e-07
  3.79406712e-07 3.41382854e-07 3.72666842e-07 3.77102112e-07
  3.80556170e-07 3.45072316e-07 3.40440902e-07 4.34445857e-07
  3.73106286e-07 2.95897200e-07 4.07751288e-07 4.17740708e-07
  4.00010629e-07 3.54497078e-07 3.68402676e-07 4.72521378e-07
  3.30731378e-07 3.20651212e-07 3.39809999e-07 4.79640028e-07
  3.73411441e-07 3.52069453e-07]
 [1.19319130e-06 1.05714821e-06 5.72387573e-07 4.22413480e-07
  4.32952630e-07 4.39629750e-07 3.83714328e-07 3.55489464e-07
  3.86177043e-07 4.74388302e-07 2.77523552e-07 3.43273335e-07
  3.88981129e-07 3.34762329e-07 3.81205478e-07 3.54124726e-07
  3.39705296e-07 3.42554975e-07 3.66142016e-07 3.31010375e-07
  2.99520857e-07 3.10104729e-07 2.87892133e-07 3.20632400e-07
  3.36037920e-07 2.86303764e-07 3.10411663e-07 3.50410761e-07
  3.33712530e-07 3.53578209e-07 3.93567715e-07 3.07707344e-07
  3.12457547e-07 3.66202204e-07 3.26791445e-07 3.32076587e-07
  4.12586788e-07 3.38559820e-07 4.08672089e-07 3.18930683e-07
  3.25993096e-07 3.91116737e-07 3.84158427e-07 3.42594726e-07
  3.67171732e-07 3.05512574e-07 3.27801252e-07 3.35605017e-07
  3.74957363e-07 3.53739231e-07]
 [1.14142102e-06 3.82425357e-07 3.88015561e-07 4.08820737e-07
  3.21077028e-07 4.05194555e-07 3.81721322e-07 3.61224910e-07
  3.81423768e-07 3.02248219e-07 3.84366616e-07 3.23364712e-07
  4.30201110e-07 3.33446948e-07 3.32281037e-07 3.52348364e-07
  4.21882423e-07 3.70306642e-07 3.77085863e-07 3.27754768e-07
  3.65129323e-07 3.65772557e-07 3.58082824e-07 3.11574127e-07
  4.18601969e-07 4.04011937e-07 3.31632031e-07 3.91330680e-07
  4.43531574e-07 3.51446630e-07 2.82052994e-07 3.26212462e-07
  3.54803746e-07 3.73744621e-07 3.42350365e-07 3.78672722e-07
  3.56576068e-07 3.29928317e-07 3.85748417e-07 2.84676815e-07
  2.79670690e-07 3.72325630e-07 4.08718812e-07 3.65738497e-07
  4.06974893e-07 2.77182964e-07 4.09690900e-07 3.36928279e-07
  3.52511888e-07 3.46184098e-07]]
