args:  Namespace(attack='opt', gaussian=False, l2=0, ndim=7)
test_losses: [[0.00306915 0.00288728 0.00250068 0.00217178 0.00199766 0.00189596
  0.00175165 0.00164848 0.00160537 0.00153832 0.00157345 0.00146351
  0.00140208 0.00138988 0.00135625 0.00126087 0.00129524 0.00124655
  0.00121383 0.00124614 0.00117993 0.00122944 0.0011377  0.00112882
  0.00113666 0.00116498 0.00102334 0.00113104 0.00115421 0.00113366
  0.00107903 0.0010941  0.00102965 0.00108587 0.00102961 0.001023
  0.00111005 0.00104539 0.00103442 0.00099475 0.00101336 0.00106466
  0.00100472 0.00101517 0.00105109 0.00095757 0.00097012 0.0010576
  0.00100979 0.00097897]
 [0.01226026 0.00661477 0.00517109 0.00380182 0.00328521 0.00271311
  0.00254403 0.00217927 0.00186934 0.00179778 0.00157064 0.00151467
  0.00133509 0.0012376  0.0011546  0.00107558 0.00098746 0.00099388
  0.00088007 0.00085748 0.00079594 0.00080053 0.00070493 0.00069948
  0.00063667 0.00064156 0.00064139 0.00059402 0.00058503 0.00055194
  0.0005405  0.00052509 0.00052028 0.00049244 0.00047001 0.00049059
  0.0004803  0.00045683 0.00044015 0.0004419  0.00040047 0.00042481
  0.00039737 0.00036538 0.00038425 0.00038499 0.00036618 0.00036363
  0.00034978 0.00033613]
 [0.02835272 0.0206571  0.01461101 0.01040809 0.00815938 0.00691488
  0.0051033  0.00459829 0.00361119 0.00357252 0.00300725 0.0026149
  0.00219224 0.00212631 0.00182841 0.00189391 0.00169321 0.00145108
  0.00145468 0.00140722 0.00125485 0.00122822 0.00113992 0.00110995
  0.00099788 0.00096542 0.00096918 0.00087161 0.00089802 0.00080294
  0.00076527 0.00079137 0.00071104 0.00067201 0.00069279 0.00064098
  0.00064464 0.00062491 0.00060207 0.00058302 0.0005749  0.00057053
  0.00053562 0.00054311 0.00049507 0.000509   0.00045639 0.00050181
  0.00043337 0.00046252]
 [0.04247576 0.03567928 0.02945138 0.02349114 0.01855714 0.01719025
  0.01367    0.01094023 0.00934916 0.00859015 0.00694142 0.00631346
  0.00513238 0.00490172 0.0042781  0.00368163 0.00373843 0.00350624
  0.00305716 0.00269116 0.00249644 0.00225952 0.0021334  0.00203159
  0.00206223 0.00191876 0.00174923 0.0016004  0.00162574 0.00151315
  0.00134511 0.00134226 0.00133526 0.00123606 0.00120595 0.00110199
  0.00105961 0.00100766 0.00105607 0.00095724 0.00090788 0.00089613
  0.00093369 0.00086812 0.00082106 0.00085016 0.00078054 0.00072901
  0.00077731 0.00072178]
 [0.05912111 0.05331978 0.04655667 0.0403688  0.03517921 0.03147238
  0.02758958 0.02565871 0.02233479 0.02037152 0.01840066 0.01573348
  0.01480623 0.01220109 0.01211857 0.01189389 0.01098437 0.00883317
  0.00837687 0.00768372 0.00755346 0.00725201 0.00661992 0.00542809
  0.00609717 0.00506924 0.00522712 0.00445003 0.00425629 0.00381159
  0.00395455 0.00358105 0.00365115 0.00356554 0.00319936 0.00305992
  0.00259037 0.00272992 0.0027178  0.0025726  0.00267016 0.00217543
  0.00226032 0.00214752 0.00198757 0.00194585 0.00191287 0.00166413
  0.00180867 0.00163451]
 [0.07487499 0.07230095 0.06776788 0.05928182 0.05804575 0.04986955
  0.04955866 0.04478085 0.04264733 0.04016002 0.03846604 0.03707387
  0.03389227 0.03246036 0.03154495 0.02876719 0.02850958 0.02649623
  0.0250407  0.02423159 0.0233136  0.02444693 0.02269351 0.02095876
  0.01959037 0.02057253 0.01996364 0.01678454 0.01810827 0.01576411
  0.01652301 0.01533468 0.01524418 0.01432053 0.01436145 0.01393061
  0.01382374 0.01195259 0.01273646 0.01221073 0.01219006 0.01148646
  0.01129933 0.01097431 0.01085745 0.01058049 0.00917569 0.00992459
  0.01027825 0.00847446]
 [0.08960921 0.09007126 0.09068951 0.08590897 0.08381234 0.07844443
  0.07286547 0.07263091 0.0719415  0.06960601 0.06765093 0.06509366
  0.06481309 0.06228808 0.06213481 0.05954452 0.05919431 0.05552093
  0.05732955 0.05569143 0.0552776  0.05460203 0.05223273 0.05222152
  0.05398572 0.05502167 0.05080647 0.05080703 0.04975885 0.04866714
  0.04966433 0.04742102 0.04769787 0.0467732  0.04791367 0.04474435
  0.04746087 0.04540182 0.04316055 0.04358616 0.04586432 0.04263286
  0.04366248 0.04287717 0.04270108 0.04094115 0.04288526 0.04179328
  0.04116007 0.04288736]
 [0.09686518 0.08084148 0.0757835  0.0712096  0.06705484 0.06742981
  0.06577688 0.06626439 0.06525767 0.06634142 0.06634504 0.06641374
  0.06601253 0.06593685 0.06585121 0.06647576 0.0658546  0.06640417
  0.06609297 0.06651879 0.06677432 0.06685499 0.06639951 0.06630242
  0.06647138 0.06660746 0.06670642 0.06670087 0.06647201 0.06662541
  0.06647309 0.06678931 0.06699944 0.06654585 0.06684017 0.0666014
  0.06698364 0.06701409 0.06648022 0.06668143 0.06700711 0.06717007
  0.06680529 0.06688881 0.06682311 0.06690564 0.06707806 0.06683119
  0.06686183 0.06673531]
 [0.07661625 0.06935683 0.06853961 0.06825744 0.06835605 0.06841616
  0.06845656 0.06848655 0.06852245 0.06855487 0.06854528 0.06850819
  0.06857125 0.06857879 0.0686382  0.06848928 0.06857543 0.06849683
  0.06859955 0.06848215 0.06836051 0.06860595 0.0685769  0.06860787
  0.06846483 0.06860743 0.06856307 0.06852392 0.06864256 0.06857678
  0.06858245 0.0685217  0.06858718 0.06866176 0.0684922  0.06862016
  0.06850452 0.06863716 0.06863687 0.06855726 0.06858457 0.06859825
  0.06861399 0.06852501 0.06840658 0.06863003 0.06859979 0.06859813
  0.06857275 0.0685551 ]
 [0.06971536 0.06887645 0.06881817 0.06888416 0.06889579 0.06901973
  0.06899548 0.06890813 0.0690211  0.06889045 0.06900324 0.06893562
  0.06899145 0.0689611  0.06892758 0.06908582 0.06891606 0.06897889
  0.06900632 0.06904777 0.06894561 0.06899745 0.06889666 0.06892352
  0.06892643 0.06903219 0.06897122 0.0690172  0.06890843 0.0689656
  0.0689991  0.0689394  0.06896419 0.06892176 0.06898624 0.06893449
  0.06905681 0.06901455 0.0689772  0.06895123 0.06903554 0.068989
  0.06895558 0.06899402 0.06898029 0.06899384 0.06893781 0.06900355
  0.06905266 0.06899881]]
variance: [[1.42464471e-06 1.57575992e-06 1.32173534e-06 1.08336411e-06
  8.69545701e-07 9.77948343e-07 8.50714469e-07 7.59843289e-07
  7.76395483e-07 7.09358992e-07 7.24558327e-07 4.95200908e-07
  4.98682934e-07 5.97464604e-07 5.05448135e-07 4.39720042e-07
  4.38583022e-07 3.97299216e-07 3.83558818e-07 4.68262119e-07
  3.77278867e-07 3.67431561e-07 3.51946639e-07 3.64988274e-07
  3.48688968e-07 3.77115371e-07 2.77011274e-07 3.59422386e-07
  3.72723128e-07 3.01036532e-07 3.04030356e-07 3.08353691e-07
  2.93840917e-07 3.12392020e-07 2.97245908e-07 2.48824076e-07
  2.96998237e-07 2.74407545e-07 2.50002721e-07 2.37784125e-07
  2.53395209e-07 2.57112761e-07 2.50215644e-07 2.63881016e-07
  2.68693427e-07 2.01807439e-07 2.28144921e-07 2.79631276e-07
  2.42834637e-07 2.24892084e-07]
 [5.16959720e-05 1.86803545e-05 1.15200440e-05 5.58117675e-06
  5.17394134e-06 2.79250811e-06 2.65638993e-06 2.13602763e-06
  1.75853348e-06 1.51233003e-06 1.01869173e-06 8.02245824e-07
  7.74620268e-07 5.76502592e-07 5.77278111e-07 5.11082132e-07
  3.83473431e-07 4.47733611e-07 3.00662284e-07 3.03047920e-07
  2.61426608e-07 2.47397025e-07 1.82181025e-07 1.86351566e-07
  1.58660443e-07 1.94702913e-07 1.58504134e-07 1.45008699e-07
  1.36189543e-07 1.11086166e-07 1.30139539e-07 9.96018348e-08
  9.69985913e-08 8.60929498e-08 8.83017386e-08 7.72677188e-08
  1.01671577e-07 8.51428617e-08 8.14348906e-08 8.60352957e-08
  5.54357409e-08 7.48703550e-08 9.06367003e-08 5.59096185e-08
  5.08857315e-08 5.58837135e-08 5.12439138e-08 4.89511739e-08
  4.79183594e-08 4.53403980e-08]
 [1.39628658e-04 1.17246085e-04 7.26195650e-05 3.82205793e-05
  3.42077717e-05 2.77143653e-05 1.61180980e-05 1.01973083e-05
  7.31233259e-06 9.78139184e-06 5.18244973e-06 4.07763856e-06
  3.03658150e-06 2.77850727e-06 1.61288618e-06 1.55941925e-06
  1.90972533e-06 9.36349881e-07 1.26581070e-06 1.09416505e-06
  7.12414450e-07 8.84573533e-07 5.47492721e-07 5.13791314e-07
  4.60156083e-07 4.68858100e-07 5.13031987e-07 3.50874294e-07
  4.30006431e-07 2.74184955e-07 2.87335373e-07 2.50716102e-07
  1.88819607e-07 1.74884061e-07 2.57507094e-07 1.42922789e-07
  1.96896138e-07 1.49071549e-07 1.29671936e-07 1.49455306e-07
  1.48076464e-07 1.10634100e-07 1.23535775e-07 1.29774222e-07
  9.61331993e-08 1.09254785e-07 7.87637106e-08 1.00046043e-07
  5.77782456e-08 7.58715908e-08]
 [1.55617988e-04 1.97976384e-04 1.69575692e-04 1.53591920e-04
  1.10985542e-04 1.11601546e-04 7.14002507e-05 5.98644026e-05
  5.19158162e-05 4.80115892e-05 3.06043089e-05 2.68275367e-05
  1.79816365e-05 1.80856392e-05 1.36397756e-05 8.31501073e-06
  1.08288248e-05 7.84489047e-06 7.89853439e-06 5.55048316e-06
  5.35196496e-06 3.42460136e-06 3.05214901e-06 3.00817151e-06
  2.99038313e-06 2.78682848e-06 2.73461417e-06 1.87313584e-06
  1.95533778e-06 1.73545365e-06 1.24559158e-06 9.78266550e-07
  8.69900302e-07 1.06703511e-06 7.08943728e-07 7.69837369e-07
  7.68484253e-07 6.00990801e-07 8.15267757e-07 5.02425903e-07
  4.21010037e-07 4.19009259e-07 4.08051535e-07 4.22323379e-07
  3.88736282e-07 3.25613813e-07 2.36017122e-07 2.60954292e-07
  3.49927021e-07 2.40780160e-07]
 [2.49696531e-04 4.40586270e-04 4.09699524e-04 3.59081982e-04
  2.32777148e-04 3.13393660e-04 2.06855005e-04 1.99371508e-04
  1.58650539e-04 1.49978603e-04 1.26054819e-04 1.01483526e-04
  1.16106495e-04 8.49520694e-05 7.21721668e-05 9.19307275e-05
  7.48504316e-05 4.80899217e-05 4.77911867e-05 4.58589983e-05
  4.60600134e-05 4.79132359e-05 3.43956912e-05 2.49355613e-05
  3.21185617e-05 2.05285119e-05 2.11512960e-05 1.65640017e-05
  1.75495316e-05 9.78528587e-06 1.36626945e-05 1.02544929e-05
  1.46155369e-05 1.07339763e-05 7.91201171e-06 9.68851110e-06
  6.48351047e-06 6.37022166e-06 7.23908895e-06 6.87939829e-06
  7.04103645e-06 3.57005964e-06 7.19360717e-06 3.08322829e-06
  3.46744074e-06 2.93580536e-06 2.88643111e-06 2.29030909e-06
  2.42561551e-06 1.93407378e-06]
 [7.24718887e-04 8.58579339e-04 7.18781222e-04 6.22915066e-04
  5.97659552e-04 3.84091380e-04 4.71524046e-04 4.07007409e-04
  4.76169107e-04 3.69926716e-04 4.10322913e-04 3.61016452e-04
  2.72474131e-04 2.54778826e-04 2.33893230e-04 2.12244681e-04
  2.52255866e-04 2.51616905e-04 2.29104717e-04 1.71702421e-04
  1.86882815e-04 1.87315561e-04 1.99214090e-04 1.67298506e-04
  1.57288994e-04 1.71649492e-04 1.53806007e-04 1.32709831e-04
  1.31902787e-04 1.25184588e-04 1.18639578e-04 1.15983571e-04
  1.27631930e-04 1.05553636e-04 1.11902436e-04 9.43043114e-05
  1.04087585e-04 7.63214899e-05 9.55841931e-05 9.58349503e-05
  8.38071078e-05 7.57380534e-05 8.03253162e-05 7.13163346e-05
  8.83153048e-05 7.94544030e-05 5.44872532e-05 5.72459247e-05
  6.96463811e-05 5.14373792e-05]
 [1.11435375e-03 1.29711174e-03 1.19118803e-03 1.09971267e-03
  1.02957210e-03 9.00619836e-04 7.83590451e-04 7.94692419e-04
  7.59179017e-04 7.12627238e-04 8.18022636e-04 6.48318911e-04
  7.92495736e-04 6.45307329e-04 6.23316883e-04 6.59754340e-04
  6.56313878e-04 5.71166913e-04 5.55625283e-04 4.40918273e-04
  4.73297137e-04 5.52097491e-04 5.95590106e-04 4.18354438e-04
  4.65930437e-04 5.18705121e-04 5.37307428e-04 5.00360359e-04
  4.01846831e-04 3.77922060e-04 4.31706567e-04 3.47503073e-04
  3.77897036e-04 3.89926394e-04 4.51812481e-04 3.05795131e-04
  3.99888430e-04 3.32060126e-04 3.24051349e-04 3.50412283e-04
  4.12324739e-04 2.96505779e-04 3.33546564e-04 3.60150765e-04
  2.79903619e-04 2.89961013e-04 3.78518411e-04 3.11888858e-04
  2.38254936e-04 3.10612283e-04]
 [1.65112253e-03 1.05403166e-03 8.91769907e-04 5.25574510e-04
  2.07351741e-04 2.54872196e-04 6.00351725e-05 8.91190227e-05
  6.08166889e-05 4.21683923e-05 3.00634665e-05 2.49073463e-05
  1.51486210e-05 1.65710793e-05 1.97540715e-05 1.12182315e-05
  1.93414477e-05 1.22711774e-05 1.70747309e-05 1.09735182e-05
  8.35602312e-06 8.18185613e-06 1.28389137e-05 1.47712332e-05
  1.38105918e-05 1.01070282e-05 1.08351272e-05 1.10192414e-05
  1.21315206e-05 1.17088992e-05 1.27164349e-05 1.05531886e-05
  7.13024516e-06 1.18093284e-05 1.04618059e-05 1.20544884e-05
  7.22947296e-06 7.80363305e-06 1.33380062e-05 9.23082149e-06
  7.83702959e-06 7.86227926e-06 8.86109221e-06 9.14995311e-06
  1.01532453e-05 9.10452694e-06 6.97667983e-06 9.62487392e-06
  8.40337453e-06 1.03414919e-05]
 [6.23576867e-04 1.30770842e-04 3.47531360e-05 2.21168899e-06
  1.81193304e-06 1.02762235e-06 7.57860991e-07 9.27017678e-07
  7.89217720e-07 8.25209703e-07 1.10548047e-06 6.60993887e-07
  8.89846592e-07 7.52858699e-07 8.35303153e-07 8.62939094e-07
  8.42886054e-07 8.92921005e-07 9.49563341e-07 8.78804832e-07
  1.34810715e-06 6.81383521e-07 6.28373543e-07 7.23719490e-07
  1.28241405e-06 6.97931851e-07 6.84376645e-07 6.67426522e-07
  6.83725427e-07 6.54948475e-07 6.69867119e-07 8.95561522e-07
  7.29505843e-07 7.16376545e-07 1.48640701e-06 6.77235259e-07
  9.32950061e-07 6.96618057e-07 7.45668993e-07 8.48044067e-07
  7.49545190e-07 7.30028673e-07 9.17576433e-07 9.65013411e-07
  1.69490163e-06 6.97051193e-07 6.31055847e-07 8.28487623e-07
  7.74648286e-07 1.02041438e-06]
 [6.51725008e-05 1.04838917e-06 9.44101846e-07 8.56276598e-07
  7.55201902e-07 6.59455685e-07 5.55296223e-07 6.34011267e-07
  6.79933101e-07 6.41008880e-07 5.50335221e-07 6.32519216e-07
  7.00093813e-07 6.18466944e-07 6.29013735e-07 8.72074481e-07
  6.93654631e-07 5.82922527e-07 6.44770377e-07 5.91717076e-07
  5.42095440e-07 6.00839990e-07 6.48492108e-07 5.73634288e-07
  6.42381663e-07 9.51298283e-07 8.20894976e-07 6.29439431e-07
  6.09288280e-07 6.89158630e-07 6.60984754e-07 1.09382778e-06
  6.82896370e-07 9.62248474e-07 5.88705939e-07 8.25754791e-07
  6.10215998e-07 6.20383358e-07 6.22887453e-07 5.88320405e-07
  5.60088999e-07 6.06504386e-07 5.65593728e-07 7.92606137e-07
  8.70606448e-07 6.57826255e-07 5.87778642e-07 6.19326283e-07
  5.73472983e-07 6.81071435e-07]]
