args:  Namespace(attack='pgd', gaussian=True, l2=0, ndim=2)
elapsed time: 49571.81145565
test_losses: [[0.02285317 0.02009612 0.02152032 0.01934743 0.01747232 0.01542755
  0.01327075 0.01278553 0.01279067 0.01170934 0.01197717 0.01006746
  0.00987808 0.0092662  0.00947675 0.01124154 0.01124743 0.0097611
  0.01025199 0.00881807 0.00875731 0.00849641 0.00980531 0.01109461
  0.01001647 0.0097215  0.01007842 0.00976343 0.00977774 0.00931271]
 [0.02684359 0.02063263 0.01350656 0.01073469 0.01010217 0.00936737
  0.00870397 0.00939677 0.0093604  0.00911796 0.00918248 0.00901904
  0.00933585 0.00866004 0.00910798 0.00902199 0.00909379 0.00933076
  0.0096045  0.00970245 0.0090854  0.00915996 0.00964033 0.01014676
  0.00949999 0.00960595 0.00982195 0.00925031 0.0103275  0.01011257]
 [0.02413111 0.01584968 0.01226826 0.01133411 0.01087891 0.01074403
  0.01078201 0.01054344 0.01099928 0.01009507 0.01047024 0.01070286
  0.01094148 0.01059056 0.01077168 0.01056893 0.01058276 0.01071257
  0.01065395 0.01085397 0.01148317 0.01048    0.01057407 0.01127411
  0.01090532 0.01099555 0.01039188 0.01086654 0.01094377 0.01125847]
 [0.02187195 0.01392019 0.01293298 0.01196621 0.01188693 0.01197654
  0.01178628 0.01181042 0.01210651 0.01195916 0.01172075 0.01185005
  0.01197263 0.01167637 0.01170701 0.01197367 0.01157807 0.0121149
  0.01167254 0.01235389 0.01179438 0.01151241 0.01191168 0.0118061
  0.01175576 0.01154712 0.01167227 0.01125365 0.01153239 0.01186807]
 [0.01988955 0.01471557 0.01231305 0.01289024 0.01317171 0.01253547
  0.01293482 0.01314756 0.01282663 0.01346226 0.0128404  0.01300429
  0.01281069 0.01337243 0.01276139 0.01304929 0.01274226 0.01260394
  0.01259817 0.01291966 0.01249181 0.01234457 0.01250953 0.01246398
  0.01258497 0.01237908 0.01254247 0.01232924 0.01220804 0.01250239]
 [0.01912555 0.01446807 0.01424956 0.01411153 0.014228   0.01379546
  0.01364974 0.01386339 0.01421208 0.01432876 0.01408371 0.01391618
  0.01363208 0.01413095 0.01392559 0.01382483 0.01395942 0.01345814
  0.01362115 0.01392427 0.01367136 0.01368696 0.01381607 0.01374046
  0.01385857 0.01347408 0.01358286 0.01367968 0.01340019 0.01353696]
 [0.01799805 0.01481563 0.01469539 0.01486384 0.01486053 0.01507362
  0.01536531 0.0151682  0.01485302 0.01494024 0.01513364 0.01521908
  0.01519276 0.01514057 0.01489267 0.01522464 0.01519835 0.01501686
  0.01490092 0.01500999 0.01509855 0.01481973 0.01563706 0.01517341
  0.01491791 0.01494829 0.01515868 0.01504205 0.01499238 0.01543519]
 [0.01726645 0.01523685 0.01571569 0.0155353  0.01577876 0.01626742
  0.01588808 0.01615732 0.01604363 0.01619439 0.01614988 0.01613658
  0.01612271 0.01604893 0.01607966 0.01583769 0.01622185 0.01666228
  0.01607392 0.0159711  0.01582624 0.01646722 0.01665687 0.01631794
  0.01659027 0.01653927 0.01655788 0.01665568 0.01658586 0.01644005]
 [0.01775941 0.0160182  0.0162864  0.01610521 0.01680884 0.01678295
  0.01702109 0.01669469 0.01689231 0.01717305 0.01720399 0.01727664
  0.01692565 0.0174709  0.01718029 0.01730818 0.0171361  0.01741251
  0.01749209 0.01766774 0.01743179 0.0176014  0.01807914 0.01773383
  0.01767882 0.01761878 0.01770867 0.01762041 0.01789191 0.01793625]
 [0.01736261 0.01676915 0.01689062 0.01723983 0.01706772 0.01724377
  0.01765574 0.01766457 0.01770969 0.01770152 0.01806335 0.01768745
  0.01822646 0.01816502 0.01806247 0.01821662 0.01811013 0.0181719
  0.01826354 0.01843443 0.01849226 0.01836316 0.01852314 0.01869168
  0.01876323 0.01854639 0.01857862 0.01859574 0.018517   0.01876861]
 [0.01746475 0.01729967 0.01715176 0.01734003 0.01774438 0.01785749
  0.01821332 0.01827412 0.0183037  0.01841019 0.01821881 0.01855538
  0.01869996 0.01868562 0.01894519 0.01869853 0.01876685 0.01878316
  0.01896496 0.01888178 0.01882491 0.01901052 0.01891277 0.01918197
  0.01926302 0.01914618 0.01891801 0.01907519 0.01906258 0.01912559]
 [0.01805093 0.01853102 0.01911552 0.0192778  0.01954098 0.01961399
  0.01968948 0.01964135 0.01968978 0.01975838 0.01976308 0.01977112
  0.01970856 0.01978237 0.01974797 0.01977764 0.01982342 0.01977827
  0.01984016 0.01979957 0.01978882 0.01979815 0.01980114 0.01979037
  0.0198598  0.0198548  0.01983151 0.01984562 0.01982727 0.019814  ]
 [0.01894936 0.01938554 0.01969471 0.01966041 0.01974897 0.01984791
  0.01984909 0.01990451 0.01986624 0.01991783 0.01986634 0.01992032
  0.01987012 0.01991811 0.01986941 0.01992127 0.01989787 0.01989603
  0.01985379 0.01986335 0.01989742 0.01992611 0.01990272 0.01993038
  0.01989506 0.01981355 0.01991961 0.01994437 0.01989752 0.01992459]
 [0.01943877 0.01965553 0.01986517 0.01988817 0.01985332 0.01991283
  0.01991546 0.01991342 0.01990533 0.0199065  0.01986614 0.0199029
  0.01990827 0.01990887 0.01994412 0.019882   0.01989261 0.01989048
  0.01995809 0.01994932 0.01992305 0.01989183 0.01995896 0.01989834
  0.01993826 0.01995363 0.01992901 0.01998059 0.01989569 0.01996089]
 [0.01962534 0.01984383 0.0199052  0.01989615 0.01992982 0.01991362
  0.01991705 0.01993228 0.01994847 0.01992341 0.01995562 0.01992944
  0.01993749 0.01991968 0.01995856 0.01994931 0.01995223 0.0199493
  0.01992716 0.01993558 0.01993665 0.0199496  0.01994651 0.01991257
  0.01995783 0.0199263  0.01992465 0.01992069 0.01990542 0.01997289]]
variance: [[1.43231078e-04 1.13955732e-04 1.40915422e-04 1.51958911e-04
  1.30289999e-04 1.31826312e-04 1.12875923e-04 1.02522539e-04
  1.04867814e-04 8.94252273e-05 1.07821353e-04 8.38796862e-05
  1.13030531e-04 8.35528888e-05 9.84324191e-05 1.09765973e-04
  1.21135558e-04 9.36957859e-05 1.00930470e-04 9.69442213e-05
  8.66942817e-05 8.29373627e-05 1.09238178e-04 1.07119897e-04
  1.01591826e-04 9.01231768e-05 9.83465229e-05 1.02145627e-04
  1.02877544e-04 9.19289123e-05]
 [1.02579018e-03 5.50839601e-04 1.98105038e-04 7.45381660e-05
  6.32823277e-05 3.30417676e-05 3.58095658e-05 3.51989285e-05
  3.62639841e-05 3.65691495e-05 3.21863310e-05 3.14024260e-05
  3.09793378e-05 3.48019292e-05 3.27149420e-05 3.06277476e-05
  3.08557577e-05 3.09086501e-05 3.00836867e-05 3.04561674e-05
  2.91439782e-05 3.03671593e-05 2.63113718e-05 2.96002148e-05
  2.70317332e-05 2.73433444e-05 2.35037992e-05 2.77612770e-05
  2.43647807e-05 2.48559539e-05]
 [6.20377379e-04 2.17165040e-04 7.40548103e-05 3.89511054e-05
  4.81484153e-05 3.55539478e-05 3.23706016e-05 3.48468435e-05
  3.36375950e-05 3.16344509e-05 3.09270767e-05 2.23895492e-05
  2.89691675e-05 2.47745446e-05 2.49703906e-05 2.31689536e-05
  2.35792702e-05 2.18542177e-05 2.37943825e-05 2.10138970e-05
  2.08469188e-05 1.88160091e-05 1.76631288e-05 1.70079969e-05
  1.79263095e-05 1.79063048e-05 1.83776444e-05 1.35974084e-05
  1.97772374e-05 1.73709295e-05]
 [5.83517153e-04 1.19642119e-04 5.45204723e-05 4.38821908e-05
  3.49221348e-05 3.67415174e-05 2.68244680e-05 2.95202188e-05
  2.54771747e-05 2.40041832e-05 2.30911880e-05 2.15661383e-05
  1.97927905e-05 2.22357305e-05 1.64843474e-05 1.72479944e-05
  1.82055559e-05 1.45089130e-05 1.79624800e-05 1.59774347e-05
  1.76913685e-05 1.47126966e-05 1.64877262e-05 1.41670370e-05
  1.53923129e-05 1.46480081e-05 1.66700935e-05 1.51546890e-05
  1.58122810e-05 1.52861420e-05]
 [2.87972102e-04 9.36024085e-05 4.08189078e-05 3.52144703e-05
  2.96425608e-05 2.62786631e-05 2.55404198e-05 1.98716756e-05
  1.88373068e-05 1.65964295e-05 1.58333606e-05 1.62608625e-05
  1.49201052e-05 1.60147894e-05 1.54184358e-05 1.37520417e-05
  1.57618968e-05 1.70158112e-05 1.69530841e-05 1.30342982e-05
  1.38044776e-05 1.41261064e-05 1.57788542e-05 1.46001353e-05
  1.31766714e-05 1.46522444e-05 1.29145641e-05 1.29248087e-05
  1.40417215e-05 1.19362009e-05]
 [2.25059655e-04 5.62758528e-05 3.36812629e-05 2.61410784e-05
  2.53629287e-05 2.09908659e-05 2.22738878e-05 2.01052106e-05
  1.62415141e-05 1.66128188e-05 1.63474168e-05 1.59294461e-05
  1.49542434e-05 1.25655204e-05 1.23877250e-05 1.37170877e-05
  1.29944140e-05 1.47152628e-05 1.43668468e-05 1.10959619e-05
  1.09642039e-05 1.31678869e-05 1.22641907e-05 1.30782735e-05
  1.23422622e-05 1.40111321e-05 1.32673530e-05 1.16461227e-05
  1.34234687e-05 1.26081447e-05]
 [1.31039171e-04 4.36271194e-05 3.16692403e-05 2.13977541e-05
  1.79830019e-05 1.81382120e-05 1.34182464e-05 1.51518288e-05
  1.41085771e-05 1.50178530e-05 1.24168530e-05 1.33788071e-05
  1.21690718e-05 1.14822098e-05 1.22535380e-05 1.09556555e-05
  1.19109558e-05 1.27623503e-05 1.41365739e-05 1.04092615e-05
  1.36528372e-05 1.09570326e-05 1.04367907e-05 1.01480200e-05
  1.09617680e-05 1.15556693e-05 1.01736200e-05 1.00391448e-05
  9.96413767e-06 9.95404559e-06]
 [8.23544540e-05 4.28944693e-05 2.03631791e-05 1.63173615e-05
  1.44287460e-05 1.16031078e-05 1.32528474e-05 1.27396304e-05
  1.16446949e-05 1.21054781e-05 1.17738375e-05 1.15421740e-05
  1.09861866e-05 1.02211314e-05 1.12258591e-05 1.01188984e-05
  1.04423681e-05 8.97782681e-06 1.11635963e-05 1.06363467e-05
  9.51130525e-06 8.97573128e-06 8.91976843e-06 7.30260584e-06
  6.97029846e-06 8.05855887e-06 6.98953762e-06 7.08222920e-06
  8.26946939e-06 8.18227415e-06]
 [9.50820946e-05 2.53715362e-05 1.78487919e-05 1.53738011e-05
  1.20252878e-05 1.00569446e-05 9.51040536e-06 1.00516039e-05
  1.07489148e-05 8.91857701e-06 1.01189473e-05 7.82597179e-06
  8.67627095e-06 7.46371852e-06 7.79326201e-06 8.28403573e-06
  7.43706602e-06 7.24973817e-06 6.90957942e-06 6.26698464e-06
  6.32458196e-06 6.44564425e-06 4.56544996e-06 5.27068909e-06
  5.76931079e-06 5.41603076e-06 5.52791271e-06 5.26388386e-06
  5.59025787e-06 5.09027947e-06]
 [5.86036948e-05 2.49328709e-05 1.51822283e-05 1.14792734e-05
  9.55437623e-06 9.41164203e-06 8.30087727e-06 8.30228974e-06
  7.34204572e-06 6.56388136e-06 6.25106234e-06 6.42104911e-06
  4.97461001e-06 5.58080940e-06 6.39825787e-06 5.66417748e-06
  5.55659165e-06 5.07852221e-06 4.52875719e-06 4.39415917e-06
  3.79929511e-06 3.99438149e-06 3.58070808e-06 3.49332951e-06
  3.78875780e-06 3.55684826e-06 3.77425502e-06 3.52936194e-06
  3.69546923e-06 2.74141260e-06]
 [5.74904226e-05 1.62808190e-05 1.51677424e-05 1.11772731e-05
  9.15977370e-06 8.23790920e-06 6.53780186e-06 6.42212878e-06
  5.53302492e-06 5.17438106e-06 4.87928142e-06 4.56343591e-06
  3.27805387e-06 3.96605622e-06 2.57963760e-06 3.67186421e-06
  3.74365708e-06 3.39633829e-06 3.03941159e-06 2.97533560e-06
  2.98043875e-06 2.50820629e-06 2.65723743e-06 1.99949695e-06
  2.06953810e-06 2.02231387e-06 3.24993280e-06 2.59276190e-06
  2.39560173e-06 2.18230403e-06]
 [2.15035566e-05 7.07121143e-06 3.07728641e-06 2.83325132e-06
  1.34383069e-06 8.82022002e-07 6.88224288e-07 9.08420985e-07
  7.61517072e-07 5.72940325e-07 5.51357114e-07 5.03210163e-07
  6.19469270e-07 3.50064453e-07 4.09060973e-07 3.41170279e-07
  1.31341757e-07 3.91793974e-07 3.47604419e-07 3.83583576e-07
  4.87860631e-07 3.44975986e-07 2.83690103e-07 4.00420585e-07
  2.88609004e-07 3.13439671e-07 4.23205379e-07 2.79829504e-07
  2.80793225e-07 2.87943723e-07]
 [1.36193774e-05 2.57200736e-06 7.89405382e-07 8.23808703e-07
  6.06284316e-07 2.85469490e-07 3.91451353e-07 2.35924069e-07
  2.13949634e-07 1.76307639e-07 1.97334443e-07 1.41432855e-07
  1.50136291e-07 1.22523777e-07 3.37595928e-07 1.28427541e-07
  1.71365685e-07 1.97789581e-07 2.99201206e-07 1.87487413e-07
  2.85425215e-07 1.24543595e-07 1.23139698e-07 1.65961748e-07
  1.95752113e-07 3.19158850e-07 1.55929163e-07 1.33537786e-07
  2.16469546e-07 2.12369987e-07]
 [8.02477238e-06 8.79810597e-07 2.56081658e-07 1.50580325e-07
  2.63640888e-07 2.20422951e-07 1.75199233e-07 1.09364965e-07
  2.67822533e-07 1.31282846e-07 3.39882207e-07 1.11927137e-07
  1.13935356e-07 1.48674738e-07 1.78507757e-07 1.66100483e-07
  2.87400659e-07 3.35101990e-07 1.79605025e-07 1.94598135e-07
  2.21347123e-07 2.91022861e-07 1.65693386e-07 2.29707781e-07
  1.76658671e-07 3.43438274e-07 2.07815447e-07 1.61931385e-07
  2.90757881e-07 1.49750959e-07]
 [5.12491906e-06 3.37935881e-07 1.83864307e-07 1.54267534e-07
  1.61081734e-07 1.86152869e-07 1.47167459e-07 1.48994250e-07
  1.09038532e-07 1.22238664e-07 4.20586347e-08 9.78226265e-08
  4.37606862e-08 1.61976379e-07 1.52168364e-07 1.19769435e-07
  1.81533672e-07 1.10759115e-07 1.62057383e-07 2.15532807e-07
  1.32544705e-07 1.51781338e-07 1.26488113e-07 1.62729848e-07
  1.89227236e-07 2.13801347e-07 1.67420380e-07 1.37177182e-07
  1.53732130e-07 3.09903284e-07]]
