args:  Namespace(attack='opt', gaussian=False, l2=0.001, ndim=1)
test_losses: [[4.06720582e-04 1.69913552e-04 9.85645991e-05 8.29378377e-05
  6.57055548e-05 5.90058765e-05 4.40628947e-05 4.26957239e-05
  3.33342419e-05 3.12293302e-05 2.87340616e-05 2.82066104e-05
  2.88643062e-05 2.85449630e-05 2.64278199e-05 2.46582738e-05
  2.03038918e-05 2.18465352e-05 1.79461539e-05 1.98973130e-05
  1.54642686e-05 1.75367150e-05 1.77110353e-05 1.61688951e-05
  1.77838859e-05 1.29477681e-05 1.72245769e-05 1.59073742e-05
  1.78958443e-05 1.45374143e-05 1.22986062e-05 1.42166948e-05
  1.12919760e-05 1.38967282e-05 1.25727095e-05 1.36826113e-05
  1.39180413e-05 1.28976603e-05 1.07710069e-05 1.34807176e-05
  1.20348893e-05 1.18237530e-05 1.18666389e-05 1.04217422e-05
  1.15287751e-05 1.31312283e-05 1.11511458e-05 1.24324667e-05
  1.08839509e-05 1.08910904e-05]
 [4.53398854e-04 1.98213449e-04 1.32674107e-04 8.42232196e-05
  7.11954215e-05 6.84089518e-05 5.47871614e-05 3.84260570e-05
  4.05101836e-05 3.62806376e-05 3.73140329e-05 3.38933961e-05
  3.19662178e-05 2.90883238e-05 2.65159554e-05 2.68782770e-05
  2.70139407e-05 2.66567008e-05 2.82029812e-05 2.41912044e-05
  2.10181997e-05 2.19678624e-05 2.37618719e-05 2.39833764e-05
  2.05602766e-05 2.06351819e-05 1.90391358e-05 1.92468145e-05
  1.71150173e-05 1.80437042e-05 1.94398449e-05 1.69042572e-05
  1.70535717e-05 1.94437382e-05 1.89382166e-05 1.72291877e-05
  1.71593019e-05 1.75991538e-05 1.63662279e-05 1.86724760e-05
  1.49663335e-05 1.93125816e-05 1.61224053e-05 1.67518812e-05
  1.50329408e-05 1.50160417e-05 1.52609034e-05 1.56227704e-05
  1.86201566e-05 1.57911788e-05]
 [6.58267770e-04 2.34268080e-04 1.71139018e-04 1.21229493e-04
  1.05548392e-04 9.90629997e-05 7.10800831e-05 8.10740101e-05
  6.21748214e-05 6.75336908e-05 6.20281806e-05 5.76730791e-05
  5.70201794e-05 5.41038553e-05 5.47376229e-05 5.01478002e-05
  5.38296426e-05 5.03388942e-05 4.73478334e-05 4.41859756e-05
  4.02298504e-05 4.21957649e-05 4.55412247e-05 4.56750709e-05
  4.35095498e-05 4.46939872e-05 4.45421335e-05 3.70583925e-05
  4.09226530e-05 3.76068750e-05 4.05493329e-05 4.27458796e-05
  3.68830650e-05 3.92465361e-05 3.95383292e-05 4.14081387e-05
  3.93803818e-05 3.33547891e-05 3.76260489e-05 4.05307915e-05
  3.90392377e-05 4.22829366e-05 3.69636299e-05 3.76344290e-05
  3.71049519e-05 3.84200013e-05 3.78112461e-05 3.86619006e-05
  3.67361324e-05 3.52113565e-05]
 [1.46478367e-03 4.31908308e-04 2.10537850e-04 2.45837108e-04
  1.49025929e-04 1.61216043e-04 1.69261794e-04 1.31374645e-04
  1.34312562e-04 1.35362573e-04 1.18281428e-04 1.17684161e-04
  1.09875849e-04 1.01034548e-04 1.04088768e-04 9.46082615e-05
  9.83247386e-05 9.67140013e-05 1.02880778e-04 9.94777251e-05
  9.91026520e-05 9.06321590e-05 1.01793852e-04 9.25663680e-05
  8.38643073e-05 8.96988921e-05 9.20009866e-05 8.96946693e-05
  9.04099736e-05 9.68853535e-05 9.00071320e-05 8.66332866e-05
  9.72016522e-05 9.35707166e-05 9.15535423e-05 8.44278842e-05
  8.63110552e-05 8.02994516e-05 9.40572052e-05 8.50173241e-05
  8.82012515e-05 8.12998492e-05 8.15711398e-05 8.35778223e-05
  9.44254537e-05 8.82561616e-05 8.74076182e-05 8.42351535e-05
  8.29341177e-05 9.09393341e-05]
 [2.34749080e-03 1.09058594e-03 5.62846676e-04 4.60466766e-04
  4.34613351e-04 3.11219431e-04 2.76232049e-04 2.60668334e-04
  2.29468508e-04 2.38089856e-04 2.55963850e-04 2.59683697e-04
  2.10079624e-04 1.96408029e-04 2.34131664e-04 2.08445894e-04
  2.16485898e-04 2.30046257e-04 2.22759601e-04 2.07691378e-04
  2.06114221e-04 2.01233915e-04 2.11212782e-04 2.04039146e-04
  1.89599151e-04 2.00348537e-04 1.91995756e-04 2.03916418e-04
  1.88610642e-04 1.77484854e-04 1.99646825e-04 1.81940872e-04
  1.89640059e-04 1.83305897e-04 1.82279063e-04 1.85648604e-04
  1.83662079e-04 1.76464697e-04 1.92004988e-04 1.87384468e-04
  1.77229169e-04 1.94433808e-04 1.79295511e-04 1.88965979e-04
  1.88690579e-04 1.84446183e-04 1.83948879e-04 1.85796029e-04
  1.83303477e-04 1.83979315e-04]
 [3.47945597e-03 2.53797203e-03 1.86788278e-03 1.38003770e-03
  1.20027550e-03 9.68625387e-04 1.04172405e-03 7.91885241e-04
  6.50712534e-04 6.62962032e-04 6.46801699e-04 5.69812246e-04
  5.66401776e-04 6.00081826e-04 5.86741114e-04 4.75418419e-04
  5.12920490e-04 5.29636840e-04 4.92960874e-04 5.01651869e-04
  4.83505148e-04 4.34229685e-04 4.66799743e-04 4.67179264e-04
  4.55642871e-04 4.62643632e-04 4.63411100e-04 4.28265476e-04
  4.28657799e-04 4.33159573e-04 4.00234786e-04 4.40545147e-04
  4.38701915e-04 4.06485904e-04 4.41771172e-04 4.27912206e-04
  4.40541351e-04 4.45132019e-04 3.85610574e-04 3.83261134e-04
  4.15787402e-04 4.20166030e-04 4.31063369e-04 4.03825447e-04
  3.95097608e-04 4.13725076e-04 4.10491776e-04 4.02701887e-04
  4.17319180e-04 4.11748666e-04]
 [5.66991854e-03 4.75971139e-03 4.24819387e-03 3.72690429e-03
  3.81329370e-03 3.58164845e-03 3.36541341e-03 2.79108863e-03
  3.11426464e-03 3.00293836e-03 3.00310517e-03 2.60116859e-03
  2.71344699e-03 2.37843321e-03 2.68122769e-03 2.49104265e-03
  2.82142115e-03 2.17622607e-03 2.53990207e-03 2.05407679e-03
  2.21949857e-03 2.11951168e-03 2.33078700e-03 2.04225128e-03
  2.15874379e-03 1.90374738e-03 2.04472864e-03 2.02762739e-03
  1.89725645e-03 2.14775566e-03 1.93917055e-03 2.05061582e-03
  1.83548625e-03 1.77546691e-03 1.62934487e-03 1.90848474e-03
  1.76643353e-03 1.69110154e-03 2.00174903e-03 1.87950582e-03
  1.67628323e-03 1.55766866e-03 1.68144037e-03 1.64875459e-03
  1.87884333e-03 1.68732529e-03 1.56094466e-03 1.74884474e-03
  1.72340464e-03 1.75839912e-03]
 [8.14865266e-03 7.99436370e-03 8.25313139e-03 8.73977468e-03
  8.49102656e-03 8.97003892e-03 8.89938800e-03 8.90824077e-03
  8.83265052e-03 8.77565844e-03 8.85367859e-03 9.13760614e-03
  8.97798467e-03 9.17488544e-03 8.98639274e-03 8.98608395e-03
  9.07880013e-03 9.11636931e-03 9.17646908e-03 9.18683460e-03
  9.01110367e-03 9.21815978e-03 9.20802599e-03 9.12472725e-03
  9.23891960e-03 9.23806952e-03 9.32101941e-03 9.27124211e-03
  9.14123918e-03 9.19431052e-03 9.09025494e-03 9.20089251e-03
  9.28769210e-03 9.19555184e-03 9.15714031e-03 9.25487710e-03
  9.35580694e-03 9.17530423e-03 9.20741081e-03 9.21922316e-03
  9.21105444e-03 9.13732042e-03 9.13700750e-03 9.25761058e-03
  9.24357437e-03 9.15376009e-03 9.22940389e-03 9.36270668e-03
  9.17864550e-03 9.28230178e-03]
 [9.19418890e-03 9.39557163e-03 9.59540012e-03 9.48391286e-03
  9.46536828e-03 9.50610890e-03 9.49783647e-03 9.49270402e-03
  9.43568324e-03 9.47025503e-03 9.61132550e-03 9.64576034e-03
  9.54652283e-03 9.43782214e-03 9.42829577e-03 9.54312036e-03
  9.42915511e-03 9.52317274e-03 9.56742930e-03 9.56606168e-03
  9.54610828e-03 9.43915292e-03 9.43854467e-03 9.41826284e-03
  9.40762459e-03 9.51773944e-03 9.47682023e-03 9.45074128e-03
  9.47682999e-03 9.44399954e-03 9.54122300e-03 9.58114501e-03
  9.54470950e-03 9.52017109e-03 9.57283285e-03 9.35321198e-03
  9.52828066e-03 9.49693376e-03 9.53565461e-03 9.49083405e-03
  9.60992508e-03 9.50858044e-03 9.43299268e-03 9.58969398e-03
  9.52422799e-03 9.52368283e-03 9.50694136e-03 9.54284957e-03
  9.33895013e-03 9.45018901e-03]
 [9.71722833e-03 9.66771042e-03 9.67619100e-03 9.70376910e-03
  9.64744171e-03 9.74805817e-03 9.69319168e-03 9.69933731e-03
  9.88288108e-03 9.70397328e-03 9.76213164e-03 9.75146481e-03
  9.75978047e-03 9.76921611e-03 9.74571913e-03 9.66481453e-03
  9.73541767e-03 9.82656149e-03 9.83467316e-03 9.74419293e-03
  9.75817826e-03 9.70137200e-03 9.76387712e-03 9.72179965e-03
  9.72329135e-03 9.64389710e-03 9.75747005e-03 9.75756908e-03
  9.68505715e-03 9.81221661e-03 9.75480881e-03 9.78027651e-03
  9.65379311e-03 9.70515868e-03 9.61111189e-03 9.79532194e-03
  9.74208420e-03 9.68140831e-03 9.63797318e-03 9.76799179e-03
  9.69522367e-03 9.69360072e-03 9.71923154e-03 9.74450925e-03
  9.69136017e-03 9.66807976e-03 9.73913788e-03 9.71562633e-03
  9.72331429e-03 9.67788524e-03]]
variance: [[6.49105528e-07 1.33491934e-07 1.84393489e-08 1.13398172e-08
  7.75592193e-09 1.03707413e-08 4.54013235e-09 3.29247063e-09
  2.75093218e-09 2.21074342e-09 1.65257160e-09 1.48834932e-09
  1.85292172e-09 1.70158076e-09 1.35778936e-09 2.84013914e-09
  9.85926285e-10 1.02161861e-09 6.81072045e-10 8.74351165e-10
  6.73534676e-10 7.14221097e-10 7.25839610e-10 6.23312266e-10
  9.55107927e-10 4.21796975e-10 6.73332453e-10 5.81558058e-10
  6.91630913e-10 5.14456221e-10 4.11029993e-10 4.40614942e-10
  3.38311878e-10 4.76904239e-10 3.85086324e-10 5.77303919e-10
  4.23431454e-10 4.35053567e-10 2.31979449e-10 4.26200575e-10
  3.31613978e-10 3.99745787e-10 3.98874218e-10 2.84395624e-10
  4.32434872e-10 4.63861343e-10 3.93898509e-10 3.92584556e-10
  3.45870773e-10 3.52264741e-10]
 [1.20878016e-06 1.07304200e-07 6.57396057e-08 1.75536469e-08
  1.24430435e-08 9.54890917e-09 6.73929190e-09 2.85618103e-09
  2.88211973e-09 2.78742504e-09 3.09757882e-09 2.26293037e-09
  2.01833231e-09 1.29204312e-09 1.17246587e-09 1.37710636e-09
  1.55404441e-09 1.14806274e-09 1.42074139e-09 1.02557369e-09
  9.33306255e-10 1.00549084e-09 7.45655943e-10 8.76573183e-10
  6.61819489e-10 8.79164908e-10 6.42385864e-10 5.99513375e-10
  5.81784388e-10 6.80414176e-10 6.72572011e-10 4.46085945e-10
  5.07301069e-10 4.64727793e-10 5.25177460e-10 5.64514155e-10
  4.06646194e-10 5.05549980e-10 4.07150458e-10 5.47292311e-10
  2.96764986e-10 5.30352252e-10 4.82198041e-10 3.67860540e-10
  3.72207161e-10 3.44109571e-10 3.36097789e-10 4.57525451e-10
  5.00003208e-10 4.34985389e-10]
 [2.77548834e-06 1.90360327e-07 1.22156067e-07 5.19164241e-08
  3.48840977e-08 1.98449994e-08 1.00296724e-08 1.45340162e-08
  9.40693495e-09 8.57121040e-09 6.61656514e-09 5.81879379e-09
  6.60486053e-09 3.99367424e-09 4.54689866e-09 3.36522730e-09
  4.00299988e-09 3.45683251e-09 3.73485786e-09 2.50158592e-09
  1.89981812e-09 2.17391158e-09 2.88064207e-09 2.39570611e-09
  2.99638438e-09 2.42156337e-09 2.37113117e-09 1.78593138e-09
  1.67907311e-09 1.81626935e-09 1.84975803e-09 1.93751068e-09
  1.58963738e-09 1.72055992e-09 1.53930051e-09 1.97876818e-09
  1.52515841e-09 1.10037100e-09 1.40599142e-09 1.64209276e-09
  1.41061118e-09 1.64649309e-09 1.44163938e-09 1.29330986e-09
  1.28032019e-09 1.67279783e-09 1.24556730e-09 1.59879810e-09
  1.13880166e-09 1.04688247e-09]
 [8.20112622e-06 1.39584549e-06 1.41938986e-07 4.56380534e-07
  5.65033764e-08 5.10408274e-08 6.21852727e-08 3.33658473e-08
  2.87636157e-08 2.60379949e-08 1.98343920e-08 1.77509044e-08
  1.32710465e-08 1.10538294e-08 1.18592176e-08 9.98265045e-09
  1.18039462e-08 9.11823714e-09 1.08888740e-08 9.69715291e-09
  1.03121817e-08 5.84142048e-09 8.39181537e-09 6.35827703e-09
  5.94753702e-09 6.18195068e-09 6.48762931e-09 7.51966931e-09
  6.46537267e-09 7.61896502e-09 5.51992033e-09 5.26522347e-09
  6.84434538e-09 5.79864231e-09 5.23479354e-09 4.27659293e-09
  4.55160141e-09 4.33848406e-09 5.35770742e-09 4.35073183e-09
  4.60129907e-09 3.56052734e-09 4.09694259e-09 3.97980002e-09
  5.96269729e-09 4.12407427e-09 4.39923723e-09 3.86999365e-09
  3.62651449e-09 3.98303337e-09]
 [1.30412797e-05 6.08876883e-06 2.10408315e-06 1.56180054e-06
  1.16189361e-06 2.43925134e-07 1.33745547e-07 7.88077393e-08
  6.49995835e-08 7.90677366e-08 1.05309196e-07 1.15277441e-07
  4.23323917e-08 3.37523609e-08 5.36817795e-08 3.60894876e-08
  3.88588931e-08 3.86419338e-08 3.85456776e-08 3.49587133e-08
  2.70310766e-08 2.68702740e-08 2.62917507e-08 2.92508285e-08
  2.25882549e-08 2.30561956e-08 1.84615970e-08 2.26390363e-08
  1.81748013e-08 1.58331045e-08 1.62783803e-08 1.63101434e-08
  1.54445559e-08 1.43327242e-08 1.56827404e-08 1.42960393e-08
  1.17457836e-08 1.32909996e-08 1.55679069e-08 1.06484437e-08
  1.17505333e-08 1.28071948e-08 1.07414602e-08 1.11066257e-08
  1.18927150e-08 1.38079647e-08 8.79830746e-09 1.06623576e-08
  1.02197173e-08 1.19171274e-08]
 [1.80828888e-05 1.43876389e-05 1.06072889e-05 7.11208680e-06
  5.98562140e-06 3.49697536e-06 3.96844800e-06 2.20405368e-06
  1.61476655e-06 1.42715095e-06 1.07004914e-06 7.76105983e-07
  4.88269988e-07 1.29844789e-06 7.49638384e-07 1.55127836e-07
  3.06098631e-07 2.74042306e-07 2.03170382e-07 2.60111047e-07
  2.36745351e-07 1.37595032e-07 1.39882724e-07 1.65791688e-07
  1.33138528e-07 1.02958463e-07 1.62295060e-07 8.01685699e-08
  7.22622056e-08 1.03681823e-07 6.38435053e-08 1.02471349e-07
  7.49082648e-08 6.92101312e-08 6.94127378e-08 8.84666293e-08
  6.81536042e-08 7.45180716e-08 4.52360869e-08 5.21890151e-08
  4.85619539e-08 6.00360858e-08 6.24872687e-08 4.15204400e-08
  4.65352196e-08 4.48388724e-08 4.87055416e-08 4.40346643e-08
  4.74790356e-08 3.97441817e-08]
 [1.96442686e-05 1.99109919e-05 1.88271705e-05 1.75743804e-05
  1.66265802e-05 1.44854084e-05 1.30394426e-05 1.23726873e-05
  1.28416296e-05 1.10650794e-05 1.16163591e-05 1.00342985e-05
  9.86607479e-06 8.39113822e-06 9.45389943e-06 9.27824412e-06
  9.19801511e-06 6.44580347e-06 8.06440403e-06 5.92299566e-06
  6.52052552e-06 7.04328669e-06 6.38247797e-06 6.28450667e-06
  6.18868674e-06 4.01736734e-06 5.48148657e-06 4.76949934e-06
  3.89167260e-06 5.71115186e-06 4.50313736e-06 4.91562168e-06
  4.32707878e-06 3.41773141e-06 2.90123503e-06 3.57240788e-06
  3.63214700e-06 3.65623068e-06 4.50873368e-06 3.65139153e-06
  3.09497507e-06 2.44746172e-06 3.06801849e-06 2.23235555e-06
  3.52269414e-06 2.81161790e-06 2.11473379e-06 2.87733785e-06
  2.88835532e-06 2.84318183e-06]
 [1.14480019e-05 1.11939418e-05 9.34174393e-06 3.97511478e-06
  6.71444293e-06 4.84994751e-06 3.83467282e-06 3.60941472e-06
  4.68146292e-06 4.13572005e-06 3.32270552e-06 2.55533139e-06
  3.07586237e-06 2.23813965e-06 2.65463312e-06 2.66558926e-06
  2.12871529e-06 2.31359548e-06 2.10745357e-06 1.84168714e-06
  2.28918132e-06 1.63840847e-06 2.01422668e-06 2.16923211e-06
  2.02564137e-06 2.07877922e-06 1.89030090e-06 1.84442184e-06
  1.92499505e-06 2.00358844e-06 1.97259057e-06 1.80607568e-06
  1.96793580e-06 1.80153814e-06 1.90673956e-06 1.99476301e-06
  1.79585093e-06 1.98468100e-06 1.88226585e-06 1.69720667e-06
  1.89058248e-06 1.78689904e-06 1.85200788e-06 1.96831166e-06
  1.90294098e-06 1.86432901e-06 1.94700163e-06 1.89317588e-06
  1.68167127e-06 2.02357704e-06]
 [4.87037690e-06 1.88698951e-06 1.51843455e-06 1.61925189e-06
  1.57323022e-06 1.20519971e-06 1.39014175e-06 1.44267922e-06
  1.33932126e-06 1.11495812e-06 1.18436281e-06 1.21334729e-06
  1.14396759e-06 1.30859485e-06 1.40756461e-06 1.14436645e-06
  1.31603135e-06 1.30457722e-06 1.01573801e-06 1.21405857e-06
  1.13308679e-06 1.12283154e-06 1.27750207e-06 1.13244807e-06
  1.26853847e-06 1.29481680e-06 1.39964433e-06 1.25206984e-06
  1.17794227e-06 1.31834918e-06 1.20053122e-06 1.17713804e-06
  1.13196589e-06 1.42862830e-06 1.15721172e-06 1.36736796e-06
  1.30593737e-06 1.30154248e-06 1.29371905e-06 1.22865385e-06
  1.10646674e-06 1.21102085e-06 1.40295392e-06 1.34863396e-06
  1.29724257e-06 1.10215891e-06 1.33186399e-06 1.25705857e-06
  1.29846058e-06 1.21806450e-06]
 [1.08524676e-06 9.80340036e-07 1.12576829e-06 8.59609480e-07
  9.44893136e-07 7.45024723e-07 8.95832038e-07 8.53805260e-07
  7.12665807e-07 8.76391860e-07 8.41553185e-07 8.39241964e-07
  9.96671442e-07 9.06061931e-07 8.34085233e-07 8.90492112e-07
  6.96746926e-07 8.98234639e-07 7.79576406e-07 7.99842417e-07
  9.52694633e-07 9.83460217e-07 9.07228208e-07 8.51402963e-07
  8.73597746e-07 9.51768947e-07 8.46709580e-07 8.92830076e-07
  8.01695198e-07 7.62330215e-07 7.66903351e-07 8.99846851e-07
  9.81589566e-07 9.26473009e-07 1.00977783e-06 8.54023451e-07
  8.49975605e-07 8.71473760e-07 9.41481373e-07 8.65298827e-07
  1.01162867e-06 9.22853463e-07 7.92283806e-07 8.49195569e-07
  8.76319917e-07 8.57063196e-07 9.71409517e-07 9.05271058e-07
  8.61507166e-07 8.92018548e-07]]
