args:  Namespace(attack='fgsm', gaussian=False, l2=0.01, ndim=1)
elapsed time: 1307.3878958280002
mins: [[2.90117678e-05 5.82567533e-04 1.10521702e-04 1.39655406e-03
  1.11561886e-03 7.09928526e-03 5.86850452e-04 8.45380710e-04
  1.76279529e-04 7.07531348e-02 1.89013228e-01 9.22556128e-03
  3.76842730e-02 1.41392974e-03 2.91878246e-02 1.19545194e-03
  1.79900452e-02 4.37264005e-03 3.30099650e-02 5.53659024e-03
  2.16150228e-02 5.85798733e-03 8.51046816e-02 1.56629197e-02
  3.24293934e-02 1.60582121e-02 2.07794993e-03 1.35722950e-01
  1.77825254e-03 2.00040531e+00]
 [4.42473363e-04 3.78974801e-05 3.09425639e-04 7.16186594e-04
  2.46023637e-06 4.19894746e-03 1.16472784e-02 9.05977003e-03
  7.71706342e-04 1.13347858e-01 2.76570954e-05 2.58335061e-02
  1.17953531e-02 7.50279129e-02 1.42310874e-03 6.29005656e-02
  1.20168887e-02 1.84251387e-02 2.93363743e-02 3.42307314e-02
  6.92224205e-02 1.10922214e-02 2.17374817e-01 1.48016298e-02
  3.88062671e-02 1.70611233e-01 2.57899165e-02 1.08891003e-01
  6.68207943e-01 3.66666820e-03]
 [2.27590863e-05 9.06181504e-06 3.19366506e-03 1.26443808e-07
  4.95714694e-03 4.80998494e-03 2.45753787e-02 1.85428150e-02
  1.08028133e-03 1.26500931e-02 6.86724186e-02 1.71192214e-02
  1.83258280e-02 1.75867043e-02 1.20554185e-02 6.65074363e-02
  1.57028809e-03 1.15470681e-03 3.93716320e-02 5.20270923e-03
  2.52862432e-04 6.06232230e-03 2.57558942e-01 2.54158746e-03
  5.54746855e-03 2.76539437e-02 8.05090368e-03 1.06503439e+00
  1.24073714e-01 6.98594376e-02]
 [1.74985380e-05 2.68854958e-04 1.18634885e-03 1.12479829e-04
  2.08874955e-03 2.41774274e-03 9.89133026e-04 6.52132381e-04
  2.13228185e-02 1.04216866e-04 1.55383535e-02 2.00856403e-02
  4.43940982e-03 1.37777235e-02 5.09704789e-03 7.83485943e-04
  1.59232110e-01 7.84991868e-03 1.61591787e-02 9.21570056e-04
  1.57277007e-03 2.39822984e-01 1.10730017e-02 1.63970262e-01
  8.84268340e-03 7.15735508e-03 1.13997805e+00 1.66237426e+00
  6.43206015e-03 7.74818957e-02]
 [1.45125159e-05 6.19161801e-05 7.32797560e-07 2.47845310e-05
  7.59579428e-03 1.62455800e-03 2.80305627e-04 1.48344995e-03
  1.94777604e-02 3.54486110e-04 2.67480705e-02 1.10038626e-03
  3.52175571e-02 1.31845325e-01 3.64842009e-07 1.07931793e-02
  4.41537462e-02 3.51337212e-06 1.73965807e-03 1.27347885e-02
  3.37528698e-02 2.58743260e-02 3.21574770e-02 8.52495283e-02
  1.92957483e-02 3.42344083e-02 2.81749368e-01 1.16939917e-01
  1.08979397e-01 1.27681522e-02]
 [2.74547205e-07 2.95107398e-04 3.30302981e-07 5.20735875e-06
  7.13724075e-05 1.95118089e-04 1.28073234e-03 2.67038252e-02
  1.64179892e-05 1.66775379e-02 1.07832474e-03 1.90898031e-03
  2.85120972e-04 1.27004972e-02 1.43358912e-02 5.90508804e-03
  1.68687925e-02 8.02905634e-02 2.59974245e-02 1.75199984e-03
  2.88174655e-02 5.83467307e-03 1.76140282e-04 2.79477425e-03
  2.76759354e-04 2.81102657e-02 7.98112538e-04 3.18482693e-04
  1.06781757e-04 1.20405219e-02]
 [6.31529765e-05 1.92833545e-06 5.51553858e-05 3.17291187e-06
  1.03301536e-04 8.35507235e-04 8.40640976e-04 1.42206336e-04
  7.46573228e-03 7.30222091e-03 2.95023760e-03 1.64509474e-05
  2.86013586e-04 1.88222118e-02 5.48753829e-04 5.99121442e-03
  5.06252004e-03 1.20563712e-02 2.83624581e-03 1.61766168e-03
  2.58503453e-04 3.96100113e-05 6.46523759e-02 3.70813638e-01
  2.62351986e-02 2.59598345e-02 5.62246740e-02 3.46277021e-02
  4.56886552e-03 2.92717461e-02]
 [1.15289204e-05 1.79238603e-04 4.77263797e-03 1.22543872e-06
  2.51214840e-02 1.02666358e-03 3.92550515e-04 6.48097121e-05
  1.60090698e-04 1.33679612e-06 1.25183221e-02 1.11840454e-05
  2.86142305e-02 7.00126365e-02 1.33060263e-02 4.23054211e-03
  1.20095257e-02 2.91499135e-04 1.12674621e-04 2.24348903e-02
  7.12646097e-02 1.91712985e-03 4.23515402e-02 2.67218594e-02
  5.22009470e-02 1.74465167e-05 7.37324581e-02 5.19107678e-04
  3.45308818e-02 7.04623293e-03]]
maxs: [[   141.80065918    374.27871704    422.73608398    444.84585571
     743.90734863    839.87463379   1280.51074219   1536.32653809
    1767.32177734   2464.02099609   3066.68823242   4068.10009766
    3664.95068359   4123.14453125   3839.2409668    4442.53417969
    5070.69677734   8207.52832031   7106.33056641   7371.19384766
    7964.97607422   8883.11230469   7944.68017578   9619.22265625
   10230.21484375  11836.07519531  13102.05761719  11598.64355469
   19452.38085938  14261.98339844]
 [   113.25701141    310.7862854     802.18786621   1013.20111084
     870.30096436   1764.1484375    1434.2791748    1653.56469727
    2307.39868164   3566.8269043    3266.59619141   3752.73876953
    5262.82226562   6913.73876953   4728.33740234   6840.35449219
    6372.51171875   6689.32324219   9010.57714844   8770.09765625
    9240.78417969  11292.03222656   9366.5078125   12724.84277344
   11638.125       13745.44726562  14284.90136719  15548.99121094
   19830.3671875   15065.26171875]
 [   152.18301392    364.19308472    500.95632935    748.55059814
    1719.71911621   2174.1394043    2275.27050781   2374.07885742
    2772.43188477   3384.53662109   4692.57666016   5213.82373047
    5231.29736328   9451.79785156   7505.39111328   7129.78955078
   10198.50878906  12088.74511719  10052.70898438  10515.2109375
   12497.58007812  14051.80078125  15206.9296875   17525.79296875
   19277.58007812  18047.50195312  18578.1328125   26076.10742188
   25878.7578125   25409.3046875 ]
 [   150.58026123    397.03170776    518.64086914    918.59423828
    1343.41174316   2210.43212891   2202.56152344   2557.73364258
    2857.01147461   4072.06005859   7074.58691406   6200.32373047
    4926.12597656   7706.00732422   8419.671875    10073.70019531
   12085.50488281  12417.41601562  12620.18847656  13399.08007812
   16062.69726562  20991.609375    20422.15429688  21946.02539062
   22112.7109375   26369.11328125  21920.00195312  27516.046875
   28002.35742188  37139.15625   ]
 [   130.64675903    539.69665527    731.54901123   1985.26550293
    1920.07824707   2682.78588867   3559.5847168    5378.48144531
    5629.88378906   7849.46875      8682.12597656  10769.54785156
   12005.04394531  12317.26367188  14706.63085938  17342.4296875
   14395.47167969  23631.671875    21471.390625    22073.19921875
   28216.41992188  27883.48828125  27577.61328125  36338.80078125
   42410.00390625  39126.10546875  49303.63671875  42499.61328125
   43503.94921875  51616.453125  ]
 [   658.67919922    583.09875488   1505.12792969   1770.61096191
    2111.35205078   3794.07666016   5081.7265625    5466.00146484
    6669.77685547   7624.11328125  11790.21582031  12119.91601562
   12305.9609375   16167.19335938  20777.50195312  18601.48828125
   20190.41796875  23397.55273438  28744.18945312  28156.08203125
   28431.41015625  39150.4765625   35747.578125    39265.171875
   47306.6015625   43132.80859375  58273.30859375  53195.109375
   61777.796875    75126.3125    ]
 [   435.86358643    601.62786865   1511.70300293   2451.54077148
    4199.84082031   4727.06347656   6873.08398438   8750.08984375
   10215.54394531  12404.30859375  13299.94628906  19871.1796875
   20905.86328125  22856.05078125  23689.85546875  25637.09960938
   35787.84375     31922.85742188  37439.20703125  39143.53125
   48373.11328125  46651.63671875  56860.51953125  62858.5546875
   56772.3359375   71627.796875    73537.2421875   85683.890625
   85366.390625    89591.65625   ]
 [   489.84970093    998.63000488   2645.89550781   5359.63134766
    5006.86669922   6223.49316406   7858.01611328  11911.60351562
   12047.64453125  14567.4609375   18558.125       18295.44921875
   24074.015625    26367.40429688  30927.50195312  42769.48828125
   38223.37890625  44341.37109375  56496.73828125  61165.6953125
   56334.00390625  58512.703125    69356.5234375   78058.0546875
   81961.453125    91169.5390625   97003.578125    93573.09375
  103690.6484375  105515.8515625 ]]
test_losses: [[5.69848381e+00 2.08598811e+01 3.53625440e+01 5.60251060e+01
  9.86106745e+01 1.46366020e+02 1.93242958e+02 2.67956179e+02
  2.93433049e+02 3.39384420e+02 4.40771428e+02 5.21104415e+02
  5.97735286e+02 7.20330512e+02 8.67559722e+02 9.19242555e+02
  1.04596226e+03 1.24920314e+03 1.27832075e+03 1.52303231e+03
  1.56006909e+03 1.81352407e+03 1.91083447e+03 2.03305829e+03
  2.34044921e+03 2.47836016e+03 2.95310403e+03 3.02602663e+03
  3.22038791e+03 3.55381835e+03]
 [5.58102919e+00 2.05967600e+01 4.35889867e+01 9.08803789e+01
  1.11676115e+02 1.83361366e+02 2.13176414e+02 2.66631995e+02
  3.68790466e+02 4.88297102e+02 5.50142175e+02 5.60017861e+02
  6.73916094e+02 9.10879310e+02 1.02511106e+03 1.01841740e+03
  1.22197143e+03 1.42752934e+03 1.49054156e+03 1.87115064e+03
  1.86547501e+03 2.02423668e+03 2.48601525e+03 2.37997775e+03
  2.60279317e+03 2.92174638e+03 2.79693387e+03 3.13799906e+03
  3.85172318e+03 3.88011984e+03]
 [7.81424855e+00 3.10027782e+01 6.65941955e+01 1.02993857e+02
  1.62331028e+02 2.57222541e+02 2.82874533e+02 3.86663905e+02
  4.62598759e+02 5.62774324e+02 6.82357919e+02 7.86212774e+02
  8.92567346e+02 1.26615290e+03 1.42517602e+03 1.55975088e+03
  1.62408262e+03 1.99942979e+03 2.08425167e+03 2.52708298e+03
  2.65991138e+03 2.96918816e+03 3.03106168e+03 3.40303639e+03
  3.34419226e+03 4.00504382e+03 4.10398516e+03 4.96165077e+03
  5.04265197e+03 5.66478080e+03]
 [9.23469726e+00 3.36411582e+01 6.97963274e+01 1.09130937e+02
  1.71218698e+02 2.41208011e+02 3.33568428e+02 4.07021238e+02
  5.85447612e+02 6.56714512e+02 8.00303568e+02 1.04886121e+03
  1.13432625e+03 1.56652013e+03 1.59181076e+03 1.79406278e+03
  2.06137290e+03 2.64195097e+03 2.96138868e+03 2.97582910e+03
  3.18178151e+03 3.36333639e+03 4.14686510e+03 3.69535401e+03
  4.53190707e+03 4.66287563e+03 5.37475192e+03 6.16642038e+03
  6.15282526e+03 6.12271261e+03]
 [1.40468911e+01 4.40824813e+01 9.82490114e+01 1.65621294e+02
  2.83245106e+02 3.76223870e+02 4.66792210e+02 8.03888757e+02
  9.53942970e+02 1.20866227e+03 1.56081415e+03 1.99013126e+03
  1.93531177e+03 2.27329941e+03 2.75148161e+03 3.09755216e+03
  3.16716871e+03 3.57897468e+03 4.14926037e+03 4.81197401e+03
  4.69337474e+03 5.59268116e+03 6.63704769e+03 6.40973414e+03
  6.84788397e+03 6.94057772e+03 8.67827687e+03 8.84747624e+03
  9.29182132e+03 1.07077532e+04]
 [2.15785689e+01 6.41925965e+01 1.51060893e+02 2.44943676e+02
  2.85268711e+02 5.18821911e+02 7.40882186e+02 7.88351998e+02
  1.01605245e+03 1.37780473e+03 1.70378498e+03 1.90652975e+03
  2.31257132e+03 2.67145288e+03 3.47875125e+03 3.57155068e+03
  4.26671235e+03 4.20803184e+03 4.35467930e+03 5.10305890e+03
  6.83964712e+03 6.48818918e+03 6.31528807e+03 7.79617156e+03
  8.19277136e+03 9.71211992e+03 1.07380583e+04 1.10598053e+04
  1.07395863e+04 1.30519707e+04]
 [2.24292837e+01 8.20887987e+01 1.61136243e+02 3.37911599e+02
  5.07046558e+02 6.58058890e+02 8.76760789e+02 1.35842468e+03
  1.66050424e+03 1.79868323e+03 2.43436916e+03 2.82617861e+03
  2.94197925e+03 3.79874499e+03 4.57873655e+03 4.49571080e+03
  5.67522407e+03 5.99931472e+03 5.92047721e+03 7.31928572e+03
  7.70947673e+03 9.42406060e+03 1.18243859e+04 1.26910938e+04
  1.22881560e+04 1.25687866e+04 1.20969812e+04 1.44286720e+04
  1.64264073e+04 1.73051667e+04]
 [2.58302004e+01 1.03127512e+02 2.43571105e+02 4.57374231e+02
  7.04378573e+02 1.00683692e+03 1.25509162e+03 1.88457068e+03
  1.90650605e+03 2.43208943e+03 3.43018440e+03 3.52506958e+03
  4.60797342e+03 5.21158146e+03 6.47885663e+03 7.00946557e+03
  7.27036671e+03 7.26923312e+03 8.13532631e+03 1.13615663e+04
  1.22697528e+04 1.19645058e+04 1.42396763e+04 1.40985750e+04
  1.63510085e+04 1.81699513e+04 2.16281289e+04 1.89814339e+04
  1.93323828e+04 2.44810646e+04]]
