args:  Namespace(attack='pgd', gaussian=True, l2=0, ndim=7)
elapsed time: 53964.372319051
test_losses: [[0.06966148 0.06765455 0.06609267 0.0629591  0.06070396 0.0533693
  0.04761446 0.04535838 0.04215474 0.03962115 0.03713882 0.03525241
  0.03211794 0.03038875 0.03295395 0.03416353 0.03235312 0.03269549
  0.03010737 0.03021724 0.02843206 0.02708287 0.02805329 0.0318702
  0.03243959 0.03030104 0.02921469 0.02721454 0.028637   0.02729629]
 [0.07200683 0.06695017 0.05481654 0.04593455 0.04297121 0.03489702
  0.03065352 0.02762432 0.02497962 0.02809793 0.02685593 0.02667482
  0.02630509 0.0270846  0.02358408 0.02636429 0.02713077 0.02916218
  0.02620674 0.0294715  0.02805758 0.02890813 0.02920241 0.02922251
  0.03142604 0.03110689 0.03126847 0.02979902 0.03090741 0.03007592]
 [0.07021223 0.06100579 0.05454997 0.04473643 0.03946118 0.0393935
  0.04094318 0.04075626 0.04296044 0.04613928 0.04600385 0.04589294
  0.04712052 0.04849877 0.04906574 0.04804631 0.04992982 0.05084517
  0.05185841 0.051744   0.05109588 0.0522893  0.05259587 0.05265949
  0.05292257 0.05230705 0.05184309 0.05244223 0.05242601 0.05304454]
 [0.06908426 0.05943302 0.05418884 0.0494382  0.04580067 0.0498109
  0.05292977 0.05144196 0.05209275 0.05376698 0.05324934 0.05426507
  0.05452722 0.05421744 0.05458106 0.05488692 0.05468174 0.05447905
  0.05439363 0.05472185 0.05473476 0.05446284 0.05422943 0.05498684
  0.05443221 0.05486325 0.05394449 0.05379602 0.05473885 0.05442267]
 [0.06644338 0.05879304 0.05593576 0.05496662 0.05526098 0.05527788
  0.05553486 0.05685663 0.05705912 0.05610547 0.0560108  0.05681348
  0.05642958 0.05674213 0.05671273 0.05677998 0.05647074 0.05683536
  0.05668141 0.05611737 0.05693877 0.05604035 0.05617977 0.05606391
  0.05521989 0.05636748 0.05630581 0.05666427 0.05604915 0.0558778 ]
 [0.0666142  0.05915429 0.05693183 0.05719207 0.05835186 0.05836575
  0.05812581 0.05871298 0.05917492 0.05860815 0.05903299 0.05842132
  0.05855529 0.05882155 0.05905646 0.05854397 0.05922991 0.05918813
  0.05919453 0.0595741  0.05926766 0.05844553 0.05930564 0.05931697
  0.05956345 0.05961906 0.05956146 0.05985462 0.05938786 0.05968872]
 [0.06551123 0.06144236 0.06006448 0.06065618 0.06047613 0.06073207
  0.06055712 0.0599322  0.06094196 0.06082836 0.06166989 0.06140129
  0.06150422 0.06160074 0.06185963 0.06171848 0.06200255 0.06199068
  0.06228852 0.06215232 0.06250017 0.06225102 0.06250226 0.06234214
  0.06345288 0.06316948 0.06266884 0.06294639 0.06346678 0.06358744]
 [0.06542019 0.0625692  0.06214484 0.06114892 0.06146574 0.06217952
  0.06245359 0.06249371 0.06211606 0.06343064 0.06281349 0.0631195
  0.06366789 0.06372291 0.06396638 0.06438279 0.06430191 0.06477586
  0.06489984 0.06498045 0.06520812 0.06571908 0.06501986 0.0657327
  0.06589765 0.06598181 0.06611033 0.06600484 0.06617767 0.06585231]
 [0.06566984 0.06204879 0.06313712 0.06298425 0.06339802 0.06403615
  0.06390364 0.06435714 0.06497715 0.06484686 0.06540317 0.06555381
  0.06561361 0.06627443 0.06643646 0.06650461 0.06647327 0.06669261
  0.06723239 0.06723611 0.06716607 0.06734067 0.06757714 0.06763366
  0.06788971 0.06786387 0.06810318 0.06793112 0.06799476 0.06787348]
 [0.0643597  0.06366041 0.06331164 0.0637379  0.06444623 0.06511875
  0.06529217 0.06560938 0.06620129 0.06659662 0.06766674 0.0673024
  0.06783799 0.06780246 0.06743058 0.06794232 0.06831045 0.06824321
  0.06870484 0.06838384 0.06854088 0.06860868 0.06838683 0.06873159
  0.06877787 0.06886761 0.06903465 0.06898985 0.06882117 0.06894902]
 [0.06670287 0.06470301 0.06459019 0.06507141 0.06536579 0.06627092
  0.06687145 0.06681975 0.0678048  0.06765237 0.06798178 0.06811523
  0.06859629 0.0687981  0.06868797 0.0689062  0.06887351 0.06900834
  0.06919111 0.06913156 0.06911721 0.06920252 0.06921177 0.06935701
  0.06929167 0.0693625  0.06936808 0.06939174 0.06932709 0.06943078]
 [0.06689347 0.0669825  0.06815151 0.06848114 0.06923124 0.06929153
  0.06943551 0.06953358 0.06963165 0.06965362 0.06962929 0.06972185
  0.0697126  0.0697407  0.06978125 0.0697509  0.06976686 0.06980222
  0.06981245 0.0698157  0.06979008 0.06974312 0.06977458 0.06980466
  0.06977766 0.06980135 0.06975143 0.0697884  0.069779   0.06977728]
 [0.06778736 0.068868   0.06936629 0.06953422 0.06962438 0.06976058
  0.06978503 0.06982121 0.06980357 0.06983089 0.06985035 0.06984131
  0.06983918 0.06989418 0.06985916 0.06984577 0.06988701 0.06985604
  0.06984076 0.06983228 0.0698598  0.06981736 0.06982284 0.06985265
  0.06988283 0.06987664 0.06983884 0.06986071 0.06986399 0.06988925]
 [0.06926629 0.06942412 0.06960866 0.06973694 0.06979788 0.0697992
  0.06984322 0.06985013 0.06986799 0.06986764 0.06988813 0.06988645
  0.0699094  0.06991958 0.0699239  0.069886   0.06992444 0.06990937
  0.06993887 0.06991802 0.06994611 0.0699471  0.06990938 0.06987711
  0.06991058 0.06989355 0.06990543 0.06996187 0.06988461 0.06988293]
 [0.06937774 0.069663   0.06972942 0.0697864  0.06984088 0.06984891
  0.06985807 0.06987393 0.06990065 0.06990144 0.06990656 0.06991446
  0.06993182 0.06996246 0.06994433 0.06994558 0.06994699 0.06995308
  0.06993528 0.06989729 0.06991557 0.06993395 0.06991142 0.06997369
  0.06991971 0.06995419 0.06993079 0.06990729 0.06989893 0.0699021 ]]
variance: [[1.19541447e-04 1.53842357e-04 1.76026770e-04 2.41170111e-04
  2.97069678e-04 3.63626109e-04 5.29192744e-04 4.69559744e-04
  5.46753751e-04 5.17527912e-04 5.50786439e-04 5.15060674e-04
  5.11382069e-04 5.07125305e-04 5.25261271e-04 5.90106982e-04
  5.98616428e-04 5.44667848e-04 5.32015125e-04 5.40484174e-04
  5.27661989e-04 5.02084685e-04 5.39187597e-04 5.19493675e-04
  5.96521457e-04 5.10315456e-04 5.37931130e-04 4.86934239e-04
  5.55998568e-04 5.26412095e-04]
 [4.22437562e-04 7.39374519e-04 8.03118152e-04 6.40094723e-04
  7.01429643e-04 5.18207244e-04 4.03924598e-04 4.09523324e-04
  3.85172964e-04 4.79625508e-04 4.68128644e-04 4.94698780e-04
  4.90124603e-04 5.37596304e-04 4.76002669e-04 5.39691694e-04
  6.15763456e-04 5.70073445e-04 5.77657790e-04 5.99267468e-04
  5.85947320e-04 6.20801402e-04 6.25804732e-04 6.22802429e-04
  6.22382447e-04 5.93641037e-04 6.11258337e-04 6.24703901e-04
  6.15585448e-04 6.21477233e-04]
 [3.34466150e-04 5.52604750e-04 4.77129620e-04 4.15991165e-04
  3.59441403e-04 3.94186763e-04 4.13425966e-04 3.94645254e-04
  4.07139765e-04 3.40554267e-04 3.33266550e-04 3.51582419e-04
  3.03198443e-04 2.74138886e-04 2.37945695e-04 2.26280850e-04
  1.97282000e-04 1.50885732e-04 1.47408523e-04 1.69000934e-04
  1.35354663e-04 9.36755935e-05 1.18877266e-04 9.53450625e-05
  1.02284862e-04 1.11503437e-04 1.04194064e-04 6.99321560e-05
  7.05937366e-05 5.48386860e-05]
 [2.95259050e-04 4.02126919e-04 3.93775371e-04 2.82366872e-04
  3.04030205e-04 2.37285736e-04 1.77615495e-04 1.62084544e-04
  1.42359080e-04 1.12363854e-04 1.05275880e-04 7.76751545e-05
  7.97432689e-05 5.27663928e-05 6.27560829e-05 4.18267292e-05
  3.93102922e-05 2.85602909e-05 3.60162670e-05 2.94990318e-05
  3.42520790e-05 3.14561305e-05 2.93340426e-05 2.90898209e-05
  2.87630338e-05 3.13865835e-05 3.20630974e-05 3.17985025e-05
  3.31020319e-05 2.87480911e-05]
 [3.14699295e-04 3.08373198e-04 2.55154442e-04 1.99537359e-04
  1.30783729e-04 1.05033314e-04 9.61521800e-05 6.53787165e-05
  4.05159670e-05 3.65123173e-05 3.18049725e-05 3.48067477e-05
  3.20659108e-05 3.04352241e-05 3.52081318e-05 2.80943726e-05
  3.00766806e-05 2.93073510e-05 3.00059237e-05 2.14830249e-05
  2.51997200e-05 2.79773269e-05 2.91961487e-05 2.67810492e-05
  2.60684740e-05 2.51744915e-05 2.71471482e-05 2.77190754e-05
  2.71683495e-05 2.92422152e-05]
 [2.37585457e-04 2.20308499e-04 1.86531969e-04 1.03406285e-04
  7.93497086e-05 5.11622140e-05 3.89307367e-05 4.13825053e-05
  3.22034753e-05 3.51346963e-05 2.83981187e-05 2.82485009e-05
  2.62591863e-05 2.76341534e-05 3.08756340e-05 2.51872825e-05
  2.92102265e-05 2.49293290e-05 2.78053585e-05 2.54553982e-05
  2.81574861e-05 2.72837510e-05 2.74453287e-05 2.92039576e-05
  2.65235616e-05 2.34457356e-05 2.37908099e-05 2.39698312e-05
  2.41612967e-05 2.37336092e-05]
 [2.40912634e-04 2.47813298e-04 7.26082155e-05 7.13619951e-05
  4.51252672e-05 3.55915227e-05 3.60562463e-05 2.89653506e-05
  2.47208615e-05 2.73551117e-05 2.74281506e-05 2.52270697e-05
  2.33284908e-05 2.58154911e-05 2.70268435e-05 2.06195449e-05
  2.65318602e-05 2.62189705e-05 2.27794782e-05 2.22568859e-05
  2.28774186e-05 2.45516230e-05 2.56792022e-05 2.36893150e-05
  2.21955499e-05 2.14034476e-05 2.35461763e-05 2.02070043e-05
  2.18702720e-05 2.15088218e-05]
 [1.92303166e-04 1.34994726e-04 8.27195722e-05 5.30067921e-05
  4.40458258e-05 3.09181018e-05 2.69438920e-05 2.63902697e-05
  2.61231183e-05 2.21539123e-05 2.84846946e-05 2.39235124e-05
  2.31091720e-05 2.21730141e-05 2.08730943e-05 2.08172746e-05
  2.19937380e-05 1.95026616e-05 1.91135169e-05 1.83522645e-05
  1.94303635e-05 1.52936387e-05 1.89360942e-05 1.49851616e-05
  1.51140494e-05 1.43028429e-05 1.26383547e-05 1.57603666e-05
  1.36181548e-05 1.53369244e-05]
 [1.79164463e-04 1.16782268e-04 4.69045020e-05 2.76053604e-05
  2.89660242e-05 2.31840315e-05 2.35629999e-05 2.30099029e-05
  2.06858171e-05 2.25312545e-05 1.76618783e-05 2.03055600e-05
  2.09868296e-05 1.56223852e-05 1.55097805e-05 1.33156869e-05
  1.50054087e-05 1.28100554e-05 1.11900360e-05 1.10738815e-05
  1.12830665e-05 1.04068397e-05 9.30403209e-06 8.48792813e-06
  7.90734600e-06 7.77555809e-06 6.07735742e-06 6.74113233e-06
  6.88380266e-06 6.90201376e-06]
 [1.53679133e-04 6.87638083e-05 4.25987968e-05 3.25607166e-05
  2.25114580e-05 1.99829902e-05 1.97788810e-05 1.72178017e-05
  1.66698363e-05 1.33344486e-05 9.60111013e-06 1.20025805e-05
  8.45787790e-06 7.68220134e-06 1.18428816e-05 8.57368478e-06
  5.42135211e-06 5.81020467e-06 4.52240679e-06 6.49147381e-06
  4.71874862e-06 4.09463136e-06 5.79226827e-06 4.34277554e-06
  2.89707992e-06 4.32650790e-06 2.18539539e-06 2.77620342e-06
  3.15376853e-06 2.78310504e-06]
 [1.27317576e-04 7.94437333e-05 2.74329841e-05 2.41647384e-05
  2.10885214e-05 1.53500249e-05 1.45997825e-05 1.40134525e-05
  8.49936522e-06 1.10290476e-05 7.59632601e-06 7.95871965e-06
  5.80071002e-06 4.15544238e-06 4.70606068e-06 3.98209303e-06
  4.03444681e-06 2.79580331e-06 2.62225445e-06 2.23428150e-06
  2.77160831e-06 1.88449110e-06 2.03958041e-06 1.23712170e-06
  1.16092245e-06 1.19345766e-06 1.48336268e-06 6.38312196e-07
  1.24556604e-06 8.21036239e-07]
 [5.97785543e-05 1.84358643e-05 1.05470116e-05 5.41390539e-06
  2.13753080e-06 1.88337939e-06 1.42854070e-06 9.93322832e-07
  6.86714762e-07 3.91396393e-07 7.05767466e-07 1.20156778e-07
  3.17947815e-07 1.87936878e-07 1.33967182e-07 1.66211798e-07
  1.59582537e-07 1.29382029e-07 1.46717579e-07 1.37145739e-07
  1.79554678e-07 1.99003352e-07 2.00440318e-07 1.48346985e-07
  1.83245973e-07 2.00322914e-07 1.83878148e-07 1.89545231e-07
  1.97427998e-07 1.91761576e-07]
 [2.62474672e-05 4.70101252e-06 1.12378312e-06 9.87567980e-07
  8.56336743e-07 4.10316415e-08 2.21952366e-08 2.05013001e-08
  3.81550509e-08 4.61617010e-08 5.33877765e-08 8.78552937e-08
  8.20377560e-08 9.25157716e-08 9.47442579e-08 1.30865401e-07
  1.14596272e-07 1.71240355e-07 1.55773691e-07 1.46336853e-07
  1.85294609e-07 1.88756317e-07 1.90199849e-07 1.60631400e-07
  2.02515158e-07 1.82262252e-07 1.67107535e-07 1.96756998e-07
  1.67639615e-07 1.87508531e-07]
 [1.13883211e-05 8.23374620e-07 3.58532611e-07 4.62898104e-08
  1.46631502e-08 2.76995169e-08 1.39067108e-08 2.14603570e-08
  2.96202390e-08 4.35728035e-08 5.37891988e-08 7.80161094e-08
  7.61075843e-08 8.65454002e-08 9.05118746e-08 1.30475391e-07
  1.34922198e-07 1.05747533e-07 1.23206248e-07 1.22502948e-07
  1.37435491e-07 1.46886444e-07 1.53042732e-07 1.73419449e-07
  1.54770118e-07 1.70286013e-07 1.53099308e-07 1.79642390e-07
  1.92812860e-07 1.93397252e-07]
 [8.83219395e-06 2.06296214e-07 5.21370594e-08 2.08344554e-08
  1.16779669e-08 6.71806192e-09 1.44345543e-08 1.51285184e-08
  2.96807856e-08 3.53735290e-08 6.60210844e-08 6.49528103e-08
  6.72189686e-08 8.33906630e-08 9.87058554e-08 1.06386571e-07
  1.05619942e-07 1.40847487e-07 1.33722071e-07 1.19835948e-07
  1.35836057e-07 1.52155098e-07 1.51319421e-07 1.59762493e-07
  1.68272112e-07 1.62088192e-07 1.73191552e-07 1.84275035e-07
  1.71251030e-07 1.79686318e-07]]
