args:  Namespace(attack='pgd', gaussian=False, l2=0, ndim=7)
elapsed time: 26447.310341854998
test_losses: [[0.05881941 0.06087817 0.0555261  0.04812676 0.04330216 0.03720602
  0.03522204 0.03360489 0.03291891 0.0328661  0.03295413 0.02972499
  0.02367569 0.02368216 0.02488168 0.02784895 0.02789266 0.03022001
  0.03188747 0.03212546 0.03112661 0.0313684  0.02830783 0.03085628
  0.03120077 0.02931505 0.02630886 0.02597476 0.02824287 0.02813589]
 [0.00648284 0.0060377  0.00599855 0.00593736 0.00596329 0.00595005
  0.00596008 0.00586416 0.00597328 0.00584859 0.00599401 0.00584321
  0.00576522 0.00588277 0.00582824 0.00590763 0.00581018 0.00582531
  0.00574654 0.00596202 0.00593521 0.00592737 0.00592075 0.00589573
  0.00590153 0.00593451 0.00576604 0.00585194 0.0060488  0.00586405]
 [0.0127041  0.00821746 0.00670846 0.00623556 0.00568997 0.00567647
  0.00577833 0.00561406 0.00557388 0.0054185  0.00539666 0.00558668
  0.0055128  0.00539518 0.00558462 0.00554337 0.00551268 0.00527512
  0.0056138  0.00531652 0.0055068  0.00543977 0.00545507 0.00551303
  0.00550514 0.00543811 0.00543729 0.00546346 0.00547375 0.00551585]
 [0.02096302 0.02035442 0.01572888 0.01286141 0.01138944 0.01016899
  0.0099448  0.00827472 0.00942309 0.00802319 0.00756988 0.00777296
  0.00781493 0.00691096 0.00689894 0.00669279 0.00686115 0.00671345
  0.00704529 0.00675751 0.00709403 0.00764424 0.00653929 0.00682228
  0.00652402 0.00673255 0.00634127 0.00654009 0.00703639 0.00637754]
 [0.05924797 0.05861726 0.05859876 0.05887663 0.0589846  0.05966113
  0.05924119 0.05958056 0.05965257 0.06031168 0.06071563 0.06052171
  0.06034583 0.06065569 0.06067138 0.06077768 0.06099242 0.06097659
  0.0609278  0.06088788 0.0614834  0.06111447 0.06134499 0.06091485
  0.0616085  0.06157804 0.06164869 0.06146206 0.06177433 0.06150147]
 [0.06206499 0.06166553 0.06231317 0.06328155 0.0631447  0.06351448
  0.0633453  0.064274   0.06441076 0.06442447 0.06458934 0.06442343
  0.06469448 0.06491317 0.06528894 0.06542931 0.06523605 0.06530414
  0.06510663 0.06545727 0.06522938 0.06559102 0.06550722 0.06556681
  0.06551059 0.06518595 0.0656374  0.06510743 0.06566503 0.06540215]
 [0.06615671 0.06705104 0.06796973 0.06830454 0.06846037 0.06874319
  0.06856877 0.06858195 0.0685868  0.06874119 0.06882622 0.06881351
  0.06868703 0.0687675  0.06873349 0.0687573  0.068938   0.06881466
  0.06877689 0.06873233 0.06873399 0.06874347 0.06868297 0.0687971
  0.06876242 0.06868979 0.06876962 0.06878304 0.0688041  0.0686739 ]
 [0.06854478 0.06930645 0.06928176 0.06940846 0.06926024 0.06932877
  0.0692783  0.0692897  0.06926319 0.06932836 0.06929269 0.06925817
  0.06919994 0.06937648 0.06923542 0.06924193 0.0693666  0.06928693
  0.06923829 0.06926222 0.06921469 0.06924876 0.06916505 0.06926403
  0.06924532 0.06932972 0.06926031 0.0691936  0.06912091 0.06918583]]
variance: [[1.04854483e-04 1.17750846e-04 2.17230821e-04 4.10143590e-04
  5.19246215e-04 5.48940682e-04 5.56659751e-04 6.17356968e-04
  4.98661535e-04 5.12519730e-04 5.86422821e-04 5.70459657e-04
  4.97435861e-04 4.71489183e-04 4.30253287e-04 5.04497083e-04
  5.07818247e-04 5.13164056e-04 5.48648537e-04 5.45083847e-04
  5.85887290e-04 5.51327740e-04 5.40659443e-04 5.04075749e-04
  5.23787493e-04 5.04938598e-04 5.51695332e-04 5.12119107e-04
  5.05013295e-04 5.30317358e-04]
 [8.56193122e-06 2.14606442e-06 1.93975747e-06 2.06031335e-06
  1.91153837e-06 1.78120505e-06 1.74376785e-06 1.67168348e-06
  1.76550742e-06 1.53039824e-06 1.78993596e-06 1.83522768e-06
  1.57932521e-06 1.65164371e-06 1.62337931e-06 1.55862752e-06
  1.84612811e-06 1.66190392e-06 1.75794164e-06 1.62271491e-06
  1.59255725e-06 1.59189801e-06 1.84781590e-06 1.58448034e-06
  1.55222824e-06 1.58500899e-06 1.77062216e-06 1.61822663e-06
  1.69135055e-06 1.49526034e-06]
 [6.81108677e-05 3.91214675e-05 1.54526541e-05 1.56365459e-05
  3.23473845e-06 3.27265848e-06 2.93683672e-06 2.73621747e-06
  2.82731367e-06 3.02041332e-06 2.79390647e-06 2.92266845e-06
  2.72347545e-06 2.70510446e-06 2.57677860e-06 2.82312487e-06
  2.50783680e-06 2.99338586e-06 2.44073115e-06 2.84418515e-06
  2.45936309e-06 2.60508150e-06 3.11327824e-06 2.58422992e-06
  2.45409885e-06 2.55562997e-06 2.53811665e-06 2.57316667e-06
  2.50855147e-06 2.81523830e-06]
 [1.21322308e-04 3.35859585e-04 2.05517674e-04 1.98960473e-04
  1.43566260e-04 1.18185570e-04 1.27302664e-04 6.69135398e-05
  1.33314194e-04 5.68778464e-05 4.05466909e-05 4.79598826e-05
  5.67847848e-05 1.58059660e-05 3.08470060e-05 9.55738848e-06
  3.09302932e-05 8.43207808e-06 2.63493886e-05 1.27764654e-05
  2.96037226e-05 4.96729798e-05 3.70399671e-06 1.26944502e-05
  4.05412785e-06 1.06312306e-05 4.07065326e-06 4.05511600e-06
  2.29070358e-05 4.11350392e-06]
 [1.42795855e-04 6.31999798e-05 2.53084382e-05 2.18575562e-05
  1.99789312e-05 1.95167186e-05 1.94405725e-05 2.00137413e-05
  2.06143735e-05 1.75713437e-05 1.96855450e-05 1.72634731e-05
  1.74276114e-05 1.52683519e-05 1.63598693e-05 1.47014499e-05
  1.66448646e-05 1.70022980e-05 1.79673539e-05 1.37326050e-05
  1.49114991e-05 1.60603982e-05 1.46009800e-05 1.43829332e-05
  1.40471109e-05 1.60670721e-05 1.66583750e-05 1.31843905e-05
  1.39256918e-05 1.35978951e-05]
 [6.01009135e-05 2.78720224e-05 2.33547794e-05 1.96606078e-05
  1.96901944e-05 1.88303025e-05 1.82797667e-05 1.91707159e-05
  1.69162102e-05 1.60361157e-05 1.74235487e-05 1.74988844e-05
  1.71902436e-05 1.36706170e-05 1.23236612e-05 1.24766412e-05
  1.42562904e-05 1.31940704e-05 1.32051206e-05 1.32601879e-05
  1.49518179e-05 1.32085875e-05 1.54821909e-05 1.35328064e-05
  1.34913064e-05 1.39713413e-05 1.25359794e-05 1.48345849e-05
  1.32558449e-05 1.21805094e-05]
 [3.47428261e-05 1.43966176e-05 7.53542327e-06 4.71890413e-06
  3.56823125e-06 1.92703435e-06 2.44285971e-06 3.04146816e-06
  2.64070846e-06 1.66799273e-06 1.00562608e-06 1.55583691e-06
  1.28582051e-06 1.11649216e-06 1.50916219e-06 1.43099238e-06
  6.39652608e-07 9.07469170e-07 1.03796521e-06 1.28012040e-06
  1.21706633e-06 1.62592540e-06 1.23612821e-06 8.25580004e-07
  1.05222048e-06 1.23611003e-06 1.03235544e-06 1.02068449e-06
  1.64792407e-06 1.53694627e-06]
 [6.38157539e-06 1.27571340e-06 1.19504432e-06 4.23103861e-07
  7.72737453e-07 4.03817911e-07 5.05469110e-07 4.68175572e-07
  5.07180855e-07 4.41469429e-07 5.48240124e-07 5.07138239e-07
  4.11293530e-07 5.49208213e-07 5.42172329e-07 6.13946153e-07
  6.39519191e-07 5.24749952e-07 4.75770221e-07 4.89438898e-07
  4.22346192e-07 4.74299796e-07 4.67370642e-07 5.09198930e-07
  4.61040896e-07 4.29552988e-07 6.70332380e-07 7.25572029e-07
  1.19330293e-06 7.79234299e-07]]
