args:  Namespace(attack='fgsm', c=0.1, ndim=5)
elapsed time: 29199.616090968
mins: [[0.11247534 0.09402217 0.08831021 0.08322564 0.08395825 0.07827818
  0.08366926 0.07859454 0.08755305 0.08952622 0.079181   0.08872177
  0.08011389 0.0823825  0.08321492 0.08751172 0.0859634  0.07580873
  0.08850341 0.08860087 0.08679692 0.09430213 0.08393885 0.09161992
  0.0829348  0.08212763 0.08918701 0.08590114 0.09067678 0.08865344]
 [0.11571728 0.09931424 0.09487842 0.08435064 0.0843128  0.0808249
  0.08201888 0.08182704 0.08614396 0.07987645 0.07723713 0.07501671
  0.0804904  0.0772932  0.07722356 0.07302003 0.07435153 0.07915112
  0.07517507 0.0745755  0.07199677 0.07586595 0.08223322 0.07420637
  0.07938285 0.07777716 0.07765576 0.07952859 0.07748211 0.07714615]
 [0.11614223 0.09667337 0.10322591 0.09154738 0.08994803 0.08077141
  0.0825634  0.08649709 0.07934929 0.07522988 0.08391079 0.08687877
  0.07945047 0.0802234  0.07539788 0.07551346 0.08106413 0.07953011
  0.07991485 0.07525672 0.07311605 0.08009797 0.07967351 0.07615171
  0.07737374 0.08267823 0.07882366 0.08081883 0.07911804 0.07737857]
 [0.13530439 0.1087961  0.10007193 0.09094958 0.08529991 0.08905957
  0.07824805 0.08876256 0.08560289 0.08012402 0.08555222 0.08300187
  0.08455704 0.08443183 0.08599871 0.0794762  0.0770741  0.0779009
  0.07677145 0.08470066 0.08403052 0.08137864 0.08137688 0.0766151
  0.07653087 0.08154479 0.08125119 0.08017202 0.08383756 0.07467451]
 [0.13618618 0.12549633 0.10818477 0.10832627 0.10006566 0.09419706
  0.08759728 0.09207804 0.08646102 0.09132069 0.08497247 0.08877549
  0.08993843 0.08912414 0.08894083 0.08371258 0.08644822 0.08210494
  0.08641032 0.07987195 0.08646941 0.07777345 0.08330581 0.09336764
  0.08928629 0.08530402 0.0805485  0.08059579 0.083463   0.08365832]
 [0.15219679 0.12770838 0.11253473 0.10270922 0.10446224 0.10177041
  0.09960529 0.09370372 0.09688617 0.09177613 0.09391816 0.09295407
  0.09639957 0.09102261 0.09159432 0.08100685 0.09247743 0.09014359
  0.08537509 0.08394711 0.08620904 0.09211926 0.08761653 0.09136515
  0.09164891 0.09227301 0.09214114 0.08403175 0.09492879 0.09197806]
 [0.15745878 0.12849352 0.12327334 0.09726748 0.11056136 0.09682135
  0.10905073 0.10663785 0.10263237 0.09263614 0.09408022 0.09872743
  0.09511046 0.0897735  0.09540778 0.09277415 0.09036653 0.10090864
  0.09891991 0.10485621 0.09494346 0.09680042 0.09780573 0.09278578
  0.08628245 0.10028315 0.09374698 0.09025948 0.10088563 0.10063223]
 [0.17607524 0.14075111 0.13195676 0.11458264 0.11777487 0.12484172
  0.11715665 0.11611038 0.12189246 0.12513463 0.09374258 0.11189052
  0.11723162 0.11695951 0.10798261 0.10326262 0.10556185 0.10970299
  0.11169157 0.10046468 0.09376612 0.12946889 0.11240704 0.10404013
  0.1310825  0.10951325 0.12705874 0.12471673 0.11424601 0.10519131]
 [0.16722435 0.15358818 0.13720998 0.15173501 0.14175947 0.11827561
  0.12544735 0.13834459 0.1327569  0.11973259 0.1103857  0.13507411
  0.11570421 0.14141801 0.14535153 0.12166965 0.13611686 0.13542961
  0.14282545 0.14104223 0.1196958  0.12728827 0.11232358 0.14854771
  0.12725733 0.11284535 0.12839691 0.12937327 0.11848038 0.10600562]
 [0.18990883 0.17898458 0.15404069 0.15769219 0.12934738 0.12104831
  0.14896949 0.15096346 0.15480687 0.15297    0.14289342 0.14795515
  0.13999985 0.15255308 0.17098358 0.15474686 0.12112482 0.16338883
  0.14400068 0.16510014 0.15480717 0.16519962 0.18544693 0.1453381
  0.16191491 0.1498968  0.14983425 0.1316205  0.17468441 0.14925766]]
maxs: [[3.14652252 1.16041613 0.68115658 0.74586809 0.53047317 0.57261312
  0.7811597  0.29997075 0.29665166 0.44807917 0.41420296 0.40172666
  0.36416715 0.2405006  0.25085413 0.32534039 0.27392435 0.22788852
  0.22767287 0.21628666 0.25932848 0.22737765 0.2292918  0.25395882
  0.23933926 0.23140429 0.23435122 0.22884172 0.24495699 0.2434359 ]
 [2.92940664 1.34637165 0.62805498 0.70369154 0.48097154 0.74333084
  0.62241757 0.42130697 0.52523506 0.73801589 0.45230818 0.31627917
  0.55082929 0.38835856 0.39711651 0.43127427 0.35389221 0.34678942
  0.46640393 0.34001082 0.51975918 0.33604616 0.31118807 0.33822072
  0.39896965 0.32582352 0.35737321 0.32232392 0.34631801 0.31890312]
 [2.58282971 2.62617493 1.27492273 0.63548344 0.70043397 0.94142896
  0.52100056 0.80969071 0.59860796 0.48370492 0.57444793 0.50626069
  0.45405528 0.4517957  0.51200187 0.37955621 0.3630929  0.41595525
  0.34935752 0.38071382 0.40341514 0.31556696 0.34843743 0.31353793
  0.30130017 0.33246481 0.31804663 0.32173425 0.31277415 0.37095526]
 [1.80273533 2.83896494 0.66692728 0.93171459 0.9749186  0.59777266
  0.71131724 0.65994024 0.5859865  0.50626802 0.4455919  0.62722796
  0.42660496 0.52226156 0.4063248  0.3929438  0.38431999 0.38313058
  0.38241625 0.34788108 0.43537503 0.37468076 0.37304616 0.3268573
  0.32527396 0.3350116  0.29859924 0.31270632 0.31321746 0.34869474]
 [2.08604527 1.95043254 0.98681211 1.18885386 0.72612965 0.7351414
  0.59358275 0.59757739 0.55922019 0.69680858 0.62368166 0.5042789
  0.65085262 0.67403555 0.48520353 0.45538875 0.57484972 0.37280631
  0.38318488 0.43278039 0.40800732 0.36724061 0.37051919 0.41819847
  0.32259923 0.46163458 0.34294981 0.33897924 0.35720366 0.35199061]
 [2.22729945 1.95010519 1.12856483 1.02076006 0.85185862 0.81546074
  0.7503866  0.79657698 0.66861975 0.58469492 0.57398593 0.527174
  0.67420632 0.50374198 0.51212031 0.41921544 0.46191657 0.38892835
  0.41160426 0.44940454 0.44098526 0.43299925 0.49429429 0.39146638
  0.57274699 0.43869674 0.41483685 0.37189877 0.37108496 0.50263977]
 [2.92104912 1.90374756 1.07257593 1.36417043 1.10049975 0.84030426
  0.77857077 1.0879842  0.69955218 0.74661189 0.90777069 0.69736069
  1.1095283  0.67584467 0.62476897 0.8184709  0.55898499 0.52863723
  0.5021196  0.59203267 0.51504922 0.49340767 0.54002136 0.58920956
  0.70625138 0.62353396 0.43543369 0.75730026 0.74142921 0.61358732]
 [2.05212474 1.95456362 2.00113559 2.07733965 1.96726418 2.06302404
  1.92564332 1.89583111 1.84975231 2.08464479 1.82231402 1.91104329
  1.722      1.87314773 1.84277773 1.85977268 2.00081301 1.88413811
  2.03203988 1.75995111 1.91086221 1.82675624 1.76656163 1.77744925
  1.87271392 1.83000267 1.78823853 1.68816245 1.87573552 2.03704762]
 [2.08236265 2.07691574 2.02924228 2.00975323 2.04677224 1.98130393
  2.06171751 1.99987316 2.03439021 2.03788209 2.04152298 2.06496191
  2.08684444 2.02579784 2.01607466 2.02670431 2.04401112 2.14595199
  2.02018142 2.03522682 2.05526423 2.08518791 2.0347445  2.04615211
  2.06254578 2.04576492 2.0478034  2.0814383  2.03179526 2.03912544]
 [2.11789131 2.05270553 2.15022206 2.08712578 2.05991411 2.09649158
  2.13208127 2.06006551 2.0951004  2.0851481  2.10417962 2.13500595
  2.13050151 2.11998534 2.07945609 2.10785866 2.13879156 2.11827278
  2.11366463 2.09751415 2.11188364 2.08962154 2.09975243 2.12024641
  2.09226727 2.14368629 2.23959637 2.08811712 2.12532163 2.12025094]]
test_losses: [[0.40179556 0.23162525 0.18207287 0.16506239 0.15639971 0.15345169
  0.14801775 0.1432638  0.14384393 0.14383361 0.14167116 0.14310044
  0.13717782 0.13668144 0.13585954 0.13853512 0.13805954 0.13996151
  0.13591931 0.13747009 0.13499617 0.13626428 0.13448333 0.13702053
  0.13812072 0.13455081 0.13766486 0.13321158 0.13902541 0.13400612]
 [0.41706215 0.235766   0.1860464  0.17749386 0.16115388 0.15620126
  0.1486263  0.14975763 0.15408307 0.14839689 0.14181231 0.13889108
  0.13808888 0.14181588 0.13722635 0.13959652 0.13338329 0.13465531
  0.13706778 0.13539372 0.13330675 0.1317092  0.13159796 0.13350391
  0.13458976 0.13434896 0.13182832 0.13213329 0.13095121 0.12843768]
 [0.38400996 0.24453315 0.20071559 0.18444614 0.16178228 0.16829294
  0.16116592 0.16663485 0.15951362 0.1573942  0.15161784 0.15505347
  0.14881091 0.14813624 0.14776406 0.14970817 0.14204822 0.15203061
  0.14666854 0.14545458 0.13966492 0.14368708 0.14571992 0.14365485
  0.13729495 0.1416825  0.14133349 0.13898132 0.14056185 0.13847014]
 [0.38758369 0.26072609 0.2006021  0.19756949 0.18661908 0.17774074
  0.17994194 0.17199171 0.16541276 0.17111389 0.16174396 0.16680977
  0.16259686 0.16189744 0.15685216 0.15286861 0.15428636 0.15488827
  0.15478291 0.1537637  0.14903733 0.15471758 0.15076437 0.15201351
  0.14222276 0.14483182 0.14910898 0.13954601 0.14420043 0.14473554]
 [0.39014437 0.28492014 0.24988443 0.22932791 0.21257305 0.21406192
  0.19348521 0.19830222 0.1984898  0.18532127 0.18809459 0.19006034
  0.1850544  0.18320987 0.17876613 0.17042838 0.1734257  0.17247424
  0.16972611 0.1745121  0.16724472 0.16376071 0.16763006 0.16730399
  0.16007732 0.1685783  0.16746159 0.16473151 0.16296151 0.16328501]
 [0.40601852 0.29804696 0.25300494 0.24541123 0.22896002 0.23150326
  0.21659294 0.22027854 0.21915821 0.20335165 0.20373182 0.20108466
  0.19977492 0.18942794 0.19804843 0.1874134  0.19766057 0.18831148
  0.19053411 0.19338564 0.18934192 0.19393078 0.19045331 0.189853
  0.19110278 0.18349859 0.18217187 0.18443473 0.18083496 0.18840885]
 [0.43229567 0.33748111 0.29264852 0.26877563 0.26812975 0.25767361
  0.25422637 0.23910493 0.23369166 0.24041258 0.24720619 0.23250115
  0.22235143 0.22606955 0.22658403 0.22470015 0.2315924  0.22010737
  0.21667359 0.22030539 0.21440995 0.21976641 0.22089083 0.21362584
  0.22387941 0.22196245 0.21730704 0.21681335 0.22277066 0.21182909]
 [0.49029679 0.39606074 0.43557128 0.42256647 0.42201697 0.41066673
  0.39616583 0.37815196 0.39463787 0.41013135 0.37563962 0.40619481
  0.35531209 0.40256676 0.38388984 0.39332145 0.4074408  0.39444357
  0.42334158 0.32581323 0.37873255 0.37714051 0.39182935 0.37333443
  0.35174921 0.36486678 0.35587305 0.35836345 0.35441532 0.3584293 ]
 [0.58631524 0.6067684  0.63891123 0.78935637 0.75067321 0.79038395
  0.87532849 0.86150446 0.89195215 0.9446854  1.01129523 0.97350788
  0.90309035 0.98245399 1.02679498 1.05500295 1.03004555 1.03215177
  1.07392703 1.09623083 1.07344031 1.09138288 1.07141075 1.03920721
  1.09322018 1.19662916 1.1859783  1.00211564 1.11160742 1.09695216]
 [0.82179391 0.93776749 1.06948251 1.15327279 1.23108387 1.28206121
  1.35828653 1.38281181 1.41686288 1.57625973 1.52116857 1.54187712
  1.51048725 1.59112441 1.60023294 1.57700878 1.54695901 1.66285207
  1.6900718  1.70746045 1.64815833 1.64045087 1.64450429 1.70557229
  1.70512539 1.63722292 1.73082217 1.72681601 1.71376457 1.70449929]]
