args:  Namespace(attack='fgsm', c=10.0, ndim=2)
elapsed time: 29534.044274558997
mins: [[0.46972787 0.40502059 0.44452506 0.40820152 0.43877086 0.41280448
  0.39429265 0.43546474 0.45453987 0.39980361 0.38857526 0.40413308
  0.40932798 0.40434241 0.38669473 0.41829243 0.39252919 0.3992123
  0.43294737 0.414015   0.39694536 0.41608495 0.41362339 0.40299028
  0.38904992 0.40590611 0.37422925 0.39859182 0.41670781 0.39498726]
 [0.44674957 0.43627766 0.45584941 0.42239404 0.44119    0.40463436
  0.4318251  0.42746741 0.43022221 0.42619088 0.44306824 0.40270102
  0.45916623 0.39488435 0.45536944 0.40991282 0.39438045 0.42502269
  0.40599483 0.43308735 0.43730426 0.40164107 0.37979892 0.41473973
  0.42728597 0.39175761 0.40360522 0.40939432 0.41879541 0.43872544]
 [0.46917617 0.41848892 0.38726428 0.48962179 0.42754775 0.39697075
  0.41914013 0.45624283 0.45475531 0.44456828 0.42632943 0.46962589
  0.42978126 0.46823132 0.43865535 0.44054914 0.45866033 0.43827182
  0.45102614 0.44162953 0.4182291  0.44198012 0.42849123 0.43056145
  0.39587253 0.45205346 0.44149601 0.44157997 0.4343068  0.41883519]
 [0.45997113 0.38683283 0.45806974 0.45378214 0.47265744 0.45103097
  0.43894881 0.44528452 0.42218709 0.4775162  0.43150866 0.42055461
  0.46269777 0.45550293 0.46574563 0.4240416  0.47919196 0.42555627
  0.50837922 0.45322961 0.43975204 0.49795631 0.4833495  0.44026098
  0.48403507 0.4851768  0.44954562 0.4852348  0.46875024 0.47289765]
 [0.50067502 0.43759093 0.44409448 0.47420105 0.4714601  0.46683297
  0.5126245  0.51878613 0.53261387 0.5242784  0.54234028 0.5453828
  0.48396528 0.47859615 0.53276628 0.56395012 0.5526126  0.55062801
  0.55547804 0.53146338 0.53564376 0.58003128 0.51504642 0.53666162
  0.54418606 0.51874685 0.54381371 0.59695786 0.56803316 0.57558155]
 [0.48873484 0.44455189 0.47990054 0.46887416 0.46226805 0.51362324
  0.55823892 0.52241802 0.56623667 0.53104067 0.5260343  0.5653547
  0.57266688 0.62052155 0.54023242 0.61194968 0.57880795 0.55948281
  0.60808408 0.632568   0.60366714 0.63968349 0.62426215 0.63525116
  0.62666702 0.60832143 0.57913673 0.57917976 0.62011087 0.59492671]
 [0.44486442 0.48781115 0.41549328 0.46065465 0.53490674 0.51851732
  0.58132762 0.60215646 0.65051204 0.66750926 0.61025113 0.6341275
  0.62308127 0.63425946 0.68249267 0.65064108 0.6537323  0.61054385
  0.7002672  0.64102185 0.66133851 0.61583728 0.72781467 0.65874088
  0.65171397 0.6677525  0.72760755 0.64501005 0.76536548 0.67678404]
 [0.52630252 0.43828619 0.58568966 0.5314135  0.52876461 0.57828522
  0.76520151 0.69252932 0.76518726 0.81631881 0.87587881 0.89648247
  0.78307331 0.85817915 0.84241074 0.88220406 0.89692748 0.75613368
  0.8393451  0.89935917 0.93415534 0.99084103 0.8787235  0.94921684
  1.01482797 0.90975118 0.94476187 1.02889121 0.88998389 0.92615443]
 [0.51654071 0.5505442  0.54487598 0.72655642 0.60051215 0.9578166
  0.99440062 0.85633695 0.95518458 1.1843909  0.96192616 1.17829621
  1.06282818 1.08999443 1.28606808 1.15512371 1.17408705 1.2253741
  1.10092354 1.11717713 1.28903008 1.3051374  1.16549706 1.073349
  1.30342495 1.41997969 1.24725151 1.34418702 1.25875437 1.29708624]
 [0.47856319 0.66484094 0.63915151 1.07448924 0.9966315  1.19920111
  1.302876   1.25872397 1.22421861 1.27881837 1.36592865 1.45518613
  1.10976756 1.71974349 1.37565756 1.80570388 1.87101078 1.70075023
  1.77160788 1.86320376 1.81058359 1.57222962 1.84834266 1.87341332
  1.85620487 1.82028508 1.73988032 1.87256694 1.79008746 1.83571696]]
maxs: [[3.52170277 2.52129269 3.08198643 2.24408913 2.06400275 1.73896766
  1.92860293 1.68447375 1.69868541 1.67628813 1.65746248 1.74485588
  1.74894536 1.72161412 1.66115069 1.61076999 1.6997292  1.75707483
  1.67726195 1.66724825 1.61531353 1.61999226 1.60288131 1.71692085
  1.731318   1.68847322 1.70196128 1.66792011 1.69041657 1.64358878]
 [4.26989794 2.83906174 1.93823075 1.97166443 2.3021512  1.65473235
  1.73843563 1.68350482 1.60827708 1.59930015 1.59645092 1.64919579
  1.68516552 1.6070838  1.71999395 1.61792839 1.79538989 1.63759184
  1.55578184 1.63743222 1.65853536 1.67371559 1.63228261 1.60727477
  1.61484003 1.66351426 1.676319   1.69771934 1.7282083  1.67929399]
 [3.06135845 2.11462927 2.01297641 1.75291562 1.67150438 1.83407903
  1.60985982 1.63690889 1.66386306 1.65467167 1.60150385 1.61929536
  1.5726521  1.52275503 1.60379648 1.58508825 1.58200669 1.61053979
  1.57489276 1.57018054 1.62465727 1.63356066 1.59551692 1.65174758
  1.67366862 1.59300554 1.59935498 1.55064201 1.55340743 1.59681141]
 [3.29144001 2.67230916 2.02252436 1.98115742 1.93091321 1.93493533
  1.60215712 1.64762306 1.61097908 1.63430452 1.63271964 1.59571719
  1.57459855 1.54894567 1.62082005 1.67573643 1.59729052 1.61610174
  1.62009311 1.62890971 1.57726157 1.61622632 1.55334365 1.58465946
  1.55899072 1.6074847  1.57351065 1.55191648 1.63121486 1.61623502]
 [3.18702984 2.05455184 2.03271723 2.00841093 1.94255567 1.83090043
  2.01176262 1.75313973 1.98060417 1.64864433 1.67951739 1.64989567
  1.57357621 1.6035068  1.58362007 1.58875585 1.64472771 1.62615418
  1.61426723 1.56583107 1.58205819 1.56109548 1.65022039 1.59862816
  1.53696275 1.61132455 1.57322407 1.59093022 1.6201694  1.62084484]
 [3.62698269 2.01626921 2.04315901 1.98082626 1.99565911 2.02393246
  2.01835179 2.02797318 1.96115553 1.97074163 1.9200871  1.93807411
  1.66695619 2.0513773  1.5917635  1.60997546 1.92020643 1.75564933
  1.83510876 1.61189175 1.70852029 1.59781075 1.70248783 1.62950706
  1.56477618 1.60021174 1.64363289 1.59283757 1.63382959 1.6207118 ]
 [2.65618324 2.04627681 2.10746288 2.01676702 2.03831816 2.02597451
  1.97430623 2.02495074 1.94191337 2.02387094 2.01538754 1.86740112
  2.00312948 1.95636189 1.91659641 1.79243791 1.73432016 1.98488116
  1.93710995 1.8903358  1.76147783 1.9350605  1.77860951 1.69252181
  1.65846062 1.76259017 1.77716684 1.69252276 1.98360252 1.62779593]
 [2.54345441 2.04934263 2.11561394 2.04958439 2.05590105 2.09634113
  2.0566752  2.08739519 2.04457235 2.0451827  2.05267167 2.04407382
  2.034935   2.04737186 2.04651833 2.03967953 2.08285904 2.0564723
  2.05060363 2.03693891 2.04850912 2.05696607 2.04718328 2.04519463
  2.05879545 2.0325768  2.09702206 2.08308268 2.04190373 2.04593396]
 [2.07669544 2.06188464 2.06585932 2.05898476 2.08447051 2.05468917
  2.05646133 2.07302856 2.17175627 2.05643153 2.04874897 2.05255246
  2.05013919 2.08861876 2.06451893 2.05325961 2.06167912 2.05740476
  2.06577444 2.04903054 2.0497036  2.0899868  2.06181836 2.06219196
  2.07102013 2.06116605 2.12775207 2.0767045  2.06471682 2.06277442]
 [2.0895052  2.0772028  2.05433941 2.06620002 2.06383514 2.06005192
  2.06749725 2.08928585 2.08076572 2.11307931 2.05500293 2.07734466
  2.08701921 2.07337523 2.07725906 2.08019543 2.09057856 2.08185911
  2.05178356 2.06477833 2.05332375 2.07476187 2.05806184 2.06756592
  2.0853169  2.05788493 2.08017135 2.08574867 2.05575442 2.08659077]]
test_losses: [[1.24588988 1.1410285  1.07501788 1.04659716 1.04932258 1.06450177
  1.04943282 1.06577386 1.04942454 1.03873836 1.05373516 1.03466573
  1.05815056 1.01603482 1.04183318 1.04573581 1.06799428 1.03087776
  1.07092763 1.00523349 1.05526343 1.03375122 1.01818456 1.03951583
  1.05024226 1.04962957 0.97696914 1.06587576 1.064296   1.03015519]
 [1.2061523  1.14353698 1.06201553 1.06407205 1.06053048 1.02702531
  1.02521155 1.06595036 1.03754697 1.03997632 1.06646918 1.02456022
  1.08779028 1.05798393 1.03508781 1.01286507 1.05037009 1.01696771
  1.01613703 1.03183893 1.04684134 1.04433403 1.06395658 1.02326384
  1.05315198 1.05277265 1.06697823 1.01267886 1.05046177 1.03873359]
 [1.20192988 1.10923417 1.06242956 1.05831398 1.0441693  1.02776281
  1.03352301 1.01648088 1.03418619 1.02435412 1.06046014 1.03513064
  1.02491083 1.01706092 1.00626092 1.01420298 1.00357125 1.01960466
  0.99179031 1.00510349 1.00815844 1.01486481 1.01824909 0.98921368
  1.00357053 1.00973266 1.03871405 0.99103221 1.02091626 1.0057615 ]
 [1.21921858 1.11374275 1.08702525 1.05002661 1.06046631 1.01491914
  1.0164759  1.01941154 0.98305547 1.03674472 0.99625559 0.98069068
  0.97680987 0.97908352 0.99840241 1.00642624 0.99177769 0.94825396
  0.97687205 0.97672047 0.98975984 0.97944118 1.01677593 0.95796234
  0.94254983 0.96291707 0.94943225 0.97592712 0.93996381 0.97375328]
 [1.25955005 1.13048549 1.13750046 1.08156416 1.04069173 1.02763335
  1.03127072 1.02483096 1.00174167 1.01882031 0.97446542 0.98430093
  0.98091539 0.99360882 0.99346872 0.95178003 0.95861554 0.93968869
  0.99938276 0.98988774 0.97543249 0.97804103 0.95287947 0.98193648
  0.94221818 0.95424752 0.96404998 0.95699248 0.95691214 0.97671355]
 [1.24072265 1.21093777 1.17416702 1.13702609 1.10558905 1.07215593
  1.08425382 1.06004592 1.06284656 1.06456397 1.05255551 1.04361276
  1.02913317 1.02951778 1.0478015  1.00471849 1.02239981 1.00585529
  1.01416757 1.02239012 1.02714199 1.01249225 1.00159977 0.98521029
  0.98926945 1.00810435 1.006774   1.01477224 0.98989808 0.99180634]
 [1.27742043 1.24499124 1.19676624 1.1380873  1.17972674 1.15410041
  1.16203469 1.14946965 1.15373056 1.14355966 1.13544806 1.10146188
  1.11371998 1.12198338 1.09773484 1.08886311 1.08995077 1.11098078
  1.08402736 1.09530652 1.09520726 1.10010397 1.0776688  1.09542648
  1.10429442 1.08250887 1.10506212 1.10261736 1.07074381 1.07159049]
 [1.38385419 1.33705792 1.47172374 1.46021617 1.4568871  1.44159337
  1.44818186 1.48750938 1.47117503 1.49388673 1.52385451 1.47505317
  1.49826821 1.53502816 1.48223722 1.50612563 1.52542851 1.52153798
  1.49982396 1.53237623 1.55004518 1.55403393 1.52642476 1.54061055
  1.54765258 1.52352499 1.54221102 1.53873258 1.56694049 1.52181104]
 [1.4882601  1.58761161 1.65566051 1.70848355 1.72767759 1.81666342
  1.77971984 1.81316879 1.81631556 1.84746788 1.85397233 1.85503526
  1.87316165 1.8737843  1.89944351 1.9028982  1.8965173  1.91197609
  1.92431535 1.90569104 1.90858631 1.92977325 1.92215367 1.92480992
  1.93134851 1.93531479 1.94496444 1.93835977 1.94438834 1.94504809]
 [1.6408219  1.73693545 1.84580637 1.89581249 1.91057337 1.93306442
  1.94277657 1.95614908 1.95961426 1.95836286 1.96187803 1.96748289
  1.96541159 1.97584802 1.9687965  1.97405789 1.9743118  1.97367345
  1.96789515 1.97336925 1.967806   1.97230745 1.97275109 1.97542976
  1.97449825 1.97546503 1.97602816 1.9769015  1.97379404 1.97426028]]
