args:  Namespace(attack='fgsm', c=0.01, ndim=2)
elapsed time: 29906.746043701
mins: [[0.31838167 0.30571833 0.30737162 0.31035173 0.30926961 0.30747706
  0.30740586 0.30803043 0.30643073 0.3090744  0.30893642 0.30730969
  0.30986583 0.309089   0.31015375 0.30667189 0.30685318 0.3083384
  0.30681011 0.3077096  0.30806109 0.30642197 0.30664828 0.30624473
  0.30712566 0.30749419 0.30708313 0.30821419 0.30731726 0.30601037]
 [0.32100308 0.31319773 0.3073281  0.31062508 0.31170204 0.31210467
  0.31186748 0.31108147 0.30838168 0.30645818 0.30735272 0.31125686
  0.30858153 0.30986461 0.30648822 0.30617839 0.3113524  0.31211472
  0.3100124  0.30660456 0.30885792 0.30903614 0.30619925 0.30613452
  0.30824769 0.31036514 0.3092097  0.31093007 0.31205314 0.31094831]
 [0.33339924 0.31583941 0.30862254 0.32528937 0.30993974 0.31105745
  0.31367245 0.31499249 0.30759183 0.310238   0.32206297 0.31584716
  0.31567225 0.30980936 0.30921972 0.31335658 0.31696045 0.31031579
  0.31179067 0.31222093 0.31016123 0.31231952 0.31492895 0.3133733
  0.31769222 0.31822813 0.31620738 0.31332976 0.30630893 0.32040831]
 [0.32326484 0.33600956 0.31682444 0.32265681 0.32477835 0.32167196
  0.31694609 0.30925602 0.3142215  0.31645632 0.31758735 0.31859142
  0.32116127 0.32434979 0.31796068 0.31913593 0.32955769 0.33318523
  0.32160518 0.3315928  0.32364073 0.3189086  0.32917002 0.3219181
  0.32637206 0.32852247 0.33084267 0.3342365  0.32008889 0.32588905]
 [0.34244254 0.35194737 0.33273268 0.34467947 0.34267342 0.3456057
  0.34330982 0.33084711 0.34843135 0.35039634 0.33215877 0.33256707
  0.33128768 0.34047383 0.34207338 0.33522549 0.36222816 0.35411209
  0.33631393 0.34650481 0.35241467 0.33433199 0.35220191 0.36305034
  0.3521809  0.34607118 0.34585917 0.35217768 0.3379932  0.35764766]
 [0.38636297 0.35422111 0.34165257 0.34553665 0.3333784  0.36041182
  0.33522987 0.3450973  0.34361616 0.34526768 0.35114214 0.37832612
  0.34138054 0.34959468 0.34625012 0.36496258 0.35024604 0.35720998
  0.36732113 0.36502007 0.37690634 0.37263665 0.37170556 0.36326134
  0.36907959 0.3897481  0.36129692 0.38540882 0.37133509 0.38402921]
 [0.37883535 0.38389736 0.37222734 0.34634542 0.36028504 0.36332196
  0.34970498 0.35423318 0.37618911 0.38621849 0.35214388 0.35273328
  0.36067966 0.39167011 0.36262089 0.36218315 0.36745778 0.37909305
  0.38591939 0.38128006 0.39683977 0.38668931 0.36040598 0.40142572
  0.39412352 0.37749663 0.39577669 0.40399081 0.36278892 0.40806058]
 [0.45574942 0.41469693 0.39432636 0.39051038 0.4290812  0.38494077
  0.42295814 0.37420768 0.45442659 0.44455689 0.42521638 0.4631651
  0.37820947 0.4230136  0.37005165 0.42968738 0.43299726 0.48483682
  0.47206861 0.42720798 0.48210698 0.44569093 0.44480962 0.44701204
  0.44490209 0.44572777 0.4563958  0.43422461 0.43316555 0.45960227]
 [0.47201508 0.43464816 0.47767693 0.43139344 0.40741384 0.47733325
  0.46469176 0.41593087 0.4503426  0.50672972 0.48650771 0.44031376
  0.4725799  0.47203276 0.50240761 0.44338742 0.51760733 0.50621128
  0.53062475 0.51563245 0.49507713 0.53189278 0.47554028 0.45955169
  0.57768512 0.60570282 0.77460188 0.52145791 0.51415795 0.58646649]
 [0.45546976 0.46883079 0.46751329 0.48194939 0.45240259 0.49861568
  0.56380284 0.57184207 0.51416081 0.60293931 0.53502256 0.50603551
  0.93032146 0.55909652 1.45053244 1.64146972 0.63868403 0.75171185
  1.7749871  0.56713092 1.79460955 1.82149494 1.86164021 1.83291388
  1.84347892 0.79941636 1.571648   0.63673979 1.77875125 1.81188798]]
maxs: [[19.67802811  7.02739048  3.46987534  2.38015699  1.75791621  2.11755085
   1.72957087  2.41933584  1.97647214  1.22713685  1.14175558  1.24573135
   0.90492517  0.93831885  0.87193167  0.96565497  0.89540893  0.91959268
   0.73514414  0.78475606  0.70905304  0.77862614  0.65504438  0.6499579
   0.6956653   0.67701513  0.83697766  0.62106854  0.59235674  0.60559827]
 [ 6.30752563  5.06228256  2.12619138  2.49395847  1.87122536  1.68604219
   1.12161136  1.37587428  1.09440863  0.83215928  0.96966571  0.90848279
   0.87952292  0.85937166  0.95076704  0.7574929   0.72264242  0.68100744
   0.75240409  0.68199909  0.85676342  0.8201561   0.7747671   0.71387446
   0.74156123  0.74772292  0.74133867  0.6273945   0.61538774  0.63638079]
 [ 7.55111694  4.76316738  2.14728451  2.01944661  1.03238237  1.1609714
   1.26552629  1.02224398  0.98031205  1.36274612  1.03232241  0.95806026
   0.93871403  0.86246181  0.83936399  0.77952075  0.87121463  0.76598245
   0.82790607  0.81833154  0.8353225   0.78316408  0.74733341  0.73232037
   0.68884265  0.73308706  0.70989108  0.66482687  0.72390211  0.64663601]
 [ 6.41991854  3.52298403  1.71406436  1.4982388   1.78888345  1.61969161
   1.12811065  1.09049487  1.00021732  0.9969607   1.02143383  0.99740338
   0.95314121  0.9778465   0.88927174  0.89370167  0.96480703  0.80340123
   0.86587608  0.89865577  0.93703413  0.84755659  0.77488655  0.74641889
   0.83614755  0.76681358  0.80018651  0.74060106  0.73949057  0.90772092]
 [ 5.46055508  2.02100229  2.02607965  1.96559751  1.82087898  2.02304029
   1.6623683   1.9255209   1.33568406  1.63520408  1.08339739  1.59976411
   1.06328666  1.46330237  1.19280183  0.98383516  1.06017804  1.01598477
   0.98670208  1.22748184  1.48225689  1.04767644  1.20317137  0.92174894
   0.92275399  1.26132154  0.87830865  1.38630152  0.91676545  1.01736999]
 [ 4.66995525  4.02925873  2.01374435  2.03892493  2.013901    1.55269217
   2.00073433  1.988168    1.58483112  1.88223672  1.65149379  1.45361686
   1.94904315  1.51727784  1.82920265  1.35209942  1.55583692  1.47444212
   1.4838748   1.60881615  1.13110757  1.49494708  1.63322568  1.54496038
   1.43725276  1.47976589  1.38557398  1.12474477  1.53752279  1.20280349]
 [ 4.40748072  2.03276324  2.04202104  2.05041981  2.04046726  2.01777911
   2.00011349  1.9761374   2.04036641  2.03276253  1.92248678  1.99152434
   1.89187813  1.99670327  1.88950086  1.92874646  1.98723626  1.9972024
   1.70715046  1.65314198  1.61892986  1.72687197  1.91843247  1.89539099
   2.02024364  2.04008007  1.82424057  1.93040299  1.88761663  1.57006025]
 [ 4.08832932  2.05654025  2.06964159  2.03695178  2.06523824  2.04645681
   2.05751753  2.04519057  2.13145828  2.0750885   2.05272913  2.05903387
   2.15575409  2.02561283  2.05649471  2.26010442  2.10157943  2.04738379
   2.06073141  2.05515623  2.07743025  2.05372429  2.0784235   2.07148314
   2.05367875  2.09984732  2.03759885  2.05872679  2.08926845  2.03098631]
 [ 2.36467457  2.05668473  2.05966592  2.06366253  2.07618642  2.20319366
   2.05931783  2.07119036  2.14113116  2.06889796  2.06826472  2.07112789
   2.05215478  2.04970121  2.07798076  2.05591583  2.09613132  2.07306075
   2.07234192  2.06402326  2.06430197  2.15105581  2.21087694  2.2289865
   2.06564093  2.08047819  2.05454445  2.08197379  2.06897902  2.06091189]
 [ 2.07188702  2.10061741  2.11742258  2.07134342  2.06580281  2.0721581
   2.07714009  2.07299995  2.06297874  2.07843399  2.0832324   2.0619998
   2.06308198  2.05966187  2.06537843  2.05955362  2.07407904  2.06134391
   2.06597281  2.08131218  2.09938455  2.06455588  2.07146764  2.08297706
   2.06536555  2.05820012  2.07343245  2.06127214  2.06837463  2.07150841]]
test_losses: [[0.99357079 0.64563448 0.58009218 0.58139503 0.5362747  0.54741725
  0.50950529 0.50483524 0.48342204 0.46905374 0.45077326 0.44085688
  0.42961668 0.42772382 0.41963922 0.41286415 0.41738787 0.40157616
  0.40037123 0.39453955 0.38936284 0.38693354 0.39152338 0.38092352
  0.38517073 0.37896394 0.37801228 0.37619251 0.36909995 0.36330822]
 [0.78859951 0.62750136 0.57353143 0.56135241 0.54134001 0.51269085
  0.51240213 0.49932039 0.48412158 0.45891805 0.45609284 0.45463092
  0.44015937 0.43793188 0.4308544  0.43251504 0.42396674 0.422142
  0.4176578  0.415589   0.41130336 0.41151227 0.40861544 0.41651995
  0.41070521 0.3998179  0.40186761 0.40108081 0.409128   0.39032224]
 [0.90328995 0.64159915 0.60854973 0.59269491 0.5211232  0.53450244
  0.53296621 0.50961366 0.49635543 0.49272082 0.4935722  0.47462778
  0.46388623 0.46475887 0.44971761 0.44860018 0.4484251  0.44059792
  0.44815004 0.43766366 0.43890735 0.43360695 0.43029257 0.43915199
  0.42747278 0.42372254 0.42038726 0.42334938 0.42050609 0.41991517]
 [0.8713799  0.69472438 0.641093   0.59125753 0.57522261 0.56142377
  0.55088624 0.53216183 0.51753557 0.52119422 0.5134655  0.50219161
  0.50465779 0.4855801  0.47903369 0.47443205 0.47613415 0.47237616
  0.47876293 0.47480909 0.45837832 0.46310659 0.46667987 0.45328802
  0.46545856 0.46949033 0.45498681 0.45495305 0.45151652 0.45310893]
 [0.85924202 0.71901997 0.73671911 0.66527468 0.64906045 0.65432274
  0.62014689 0.60660235 0.58962415 0.59732385 0.56418309 0.5707025
  0.55766191 0.56158206 0.57424021 0.55454776 0.56121596 0.53754829
  0.54343343 0.5381873  0.54728391 0.53815955 0.53967305 0.54001907
  0.53751411 0.52433881 0.53533611 0.52866363 0.52385316 0.53137036]
 [0.88640354 0.81823041 0.75329874 0.74501671 0.73415688 0.68513614
  0.66902581 0.68533975 0.6566534  0.64917117 0.66198285 0.63143356
  0.64517309 0.63907434 0.64159241 0.62412657 0.62942944 0.62164534
  0.62966524 0.61657813 0.60697186 0.60900305 0.61832184 0.62564113
  0.61205932 0.61171204 0.60967189 0.60523653 0.60994915 0.61008325]
 [0.90212713 0.85891264 0.8562462  0.81411358 0.80696728 0.81965752
  0.79605062 0.78134911 0.7672257  0.7440013  0.74816126 0.75937717
  0.74774303 0.75343873 0.73768699 0.75585684 0.76977133 0.73580773
  0.75653297 0.71970391 0.72728553 0.75141552 0.72305325 0.72915798
  0.73320351 0.71081242 0.71057296 0.71828944 0.70439769 0.73202585]
 [1.04752434 1.09072526 1.12482967 1.14084478 1.12079945 1.19715603
  1.18950576 1.16907471 1.24241389 1.23310908 1.23288152 1.22169977
  1.2818008  1.2305544  1.30502083 1.25508177 1.2997779  1.31237167
  1.32858177 1.32364617 1.32229684 1.35002564 1.37403408 1.40398757
  1.39590438 1.34192585 1.35896198 1.36119543 1.39771282 1.40919784]
 [1.28462616 1.3309405  1.46745628 1.5043996  1.55161002 1.5789785
  1.62183292 1.70751078 1.74164195 1.76745163 1.77650127 1.80568731
  1.7882875  1.8364524  1.80103471 1.83646775 1.87941202 1.86535555
  1.86884558 1.89282788 1.8825669  1.88054869 1.90811864 1.89511517
  1.93469776 1.90307393 1.92181324 1.92691016 1.92168039 1.92827892]
 [1.45498239 1.57539543 1.70047162 1.78684812 1.8158014  1.90703164
  1.87683759 1.93073193 1.90418857 1.94096696 1.95743106 1.95130821
  1.96099687 1.96130195 1.97275113 1.97060202 1.95717412 1.96727263
  1.96938436 1.9687356  1.97201523 1.97454337 1.97443595 1.97315497
  1.97349966 1.96658648 1.97498182 1.96813053 1.97277437 1.97191398]]
