args:  Namespace(c=0.1, attack='fgm')
elapsed time: 1164.003916
test_losses: [[0.86087579 0.62079807 0.54587259 0.43893137 0.45089086 0.4147193
  0.42453568 0.40291229 0.42373497 0.39404068 0.38578175 0.39523205
  0.42413034 0.37669334 0.40302206 0.40124397 0.39986339 0.39239583
  0.39430509 0.39906177 0.39455143 0.38818729 0.38091725 0.35883663
  0.37640215 0.37316164 0.37450755 0.36784344 0.35899744 0.34985415]
 [0.63286823 0.46724498 0.41902357 0.35502184 0.32871663 0.33284572
  0.30082786 0.2921647  0.27879542 0.27757001 0.26154436 0.26716255
  0.24806441 0.25298548 0.24330598 0.24310049 0.23806242 0.23485154
  0.22881907 0.23068821 0.22478945 0.22152915 0.2188502  0.22215963
  0.22200008 0.2178318  0.21831251 0.21223374 0.21175144 0.21015657]
 [0.70340138 0.70521467 0.6383008  0.6210023  0.59913137 0.5542967
  0.54615982 0.49937919 0.5341735  0.48287141 0.48467915 0.44614008
  0.461341   0.42371572 0.42813966 0.42839551 0.39500888 0.42501788
  0.41716451 0.3719274  0.39094337 0.38727087 0.38712479 0.36304305
  0.38876084 0.3729136  0.37344255 0.35143406 0.38125855 0.37209883]
 [0.87270366 0.72004423 0.67926689 0.61690086 0.55331859 0.54610543
  0.49569957 0.4871109  0.47473687 0.49110974 0.47086099 0.43659325
  0.46319838 0.44733044 0.45516368 0.43125186 0.45390682 0.44559906
  0.41990953 0.42993488 0.41218454 0.41592982 0.39148392 0.3958335
  0.39379707 0.40994847 0.39697427 0.38856331 0.39416248 0.36914814]
 [0.85248519 0.62867008 0.55992924 0.4735153  0.41501083 0.43503805
  0.42889157 0.41528158 0.41510273 0.41369315 0.42441194 0.4179758
  0.42044194 0.39109449 0.41172121 0.42248878 0.3832804  0.38795287
  0.38257143 0.38046384 0.39405785 0.37777049 0.37885654 0.38507712
  0.36600967 0.36272466 0.36485341 0.34379684 0.35601303 0.35432349]
 [0.86799217 0.63238381 0.5043617  0.47544995 0.43461604 0.42234163
  0.42556424 0.42958011 0.40374993 0.41013184 0.39936966 0.41431443
  0.40740742 0.39108263 0.37807741 0.38801815 0.39048387 0.38709166
  0.38314745 0.38356557 0.3912382  0.39004615 0.37870609 0.36993097
  0.36447048 0.36032629 0.35314429 0.36763529 0.34884315 0.34505194]
 [0.84133004 0.58803965 0.50912346 0.49288168 0.4525815  0.48001472
  0.40451966 0.41139352 0.43123356 0.40555503 0.42011318 0.40316244
  0.40000628 0.41390981        nan 0.40845897 0.38997779        nan
  0.41090587 0.39362708 0.37277991 0.37490282        nan 0.37896761
  0.38637938 0.37290008 0.36508971 0.41094421 0.35041102 0.3643394 ]
 [0.85239636        nan 0.56115111 0.47615734 0.46323698 0.40204883
  0.41169382 0.38599336 0.39467926        nan 0.41549679 0.38795377
         nan 0.40883293 0.40706334        nan 0.40784187 0.38085447
         nan        nan 0.37520928        nan 0.39658937        nan
  0.37442023 0.35426108 0.38363307        nan        nan 0.36608931]]
