args:  Namespace(c=0.1, attack='fgsm')
elapsed time: 1432.377333
test_losses: [[0.86937114 0.61448725 0.49514213 0.50636682 0.41580661 0.44994577
  0.41082255 0.42720177 0.42993034 0.45588698 0.41476603 0.43206103
  0.41994149 0.42443035 0.43573144 0.437441   0.4361317  0.43595763
  0.41008386 0.42406899 0.42241656 0.41083679 0.42914953 0.40785563
  0.42294066 0.40227855 0.39879611 0.41006784 0.39548152 0.39590493]
 [0.57334099 0.51543755 0.40529493 0.40703272 0.40927793 0.35953237
  0.35790898 0.36839368 0.35773858 0.36590202 0.33437942 0.34533831
  0.34480776 0.33731908 0.33109053 0.34796464 0.31943339 0.32696713
  0.33063027 0.32931736 0.31195889 0.32795953 0.32152524 0.32251607
  0.32262573 0.31682482 0.31319725 0.32150359 0.32082533 0.32012502]
 [0.82119857 0.73460689 0.64043511 0.6178307  0.58576271 0.55384634
  0.52718398 0.48210239 0.49008371 0.43901101 0.4389304  0.47522492
  0.48622877 0.45424897 0.45342622 0.43217229 0.44141896 0.42877887
  0.42034259 0.42749425 0.4311648  0.40032929 0.38060224 0.42301467
  0.4126003  0.42639828 0.40384661 0.41568622 0.38615243 0.39995302]
 [0.85112623 0.66888805 0.61726578 0.50950164 0.51224823 0.4811926
  0.47445082 0.4514367  0.43699695 0.44031671 0.45092672 0.46588581
  0.45138487 0.42719726 0.43142759 0.42520249 0.43356079 0.42700806
  0.42532312 0.43250132 0.41817246 0.41840487 0.3857635  0.40465532
  0.39214336 0.41026105 0.38206767 0.38447157 0.38959866 0.38990774]
 [0.84435401 0.59057928 0.51844115 0.49752285 0.43342506 0.45978668
  0.45318089 0.45107647 0.44914524 0.42442006 0.4215925  0.42303381
  0.42746435 0.4094846  0.4401247  0.436472   0.42766159 0.43029481
  0.41075714 0.42557378 0.43118167 0.40592184 0.40012705 0.39903302
  0.39553793 0.4025373  0.37999048 0.41729388 0.39811731 0.39389891]
 [0.86190576 0.6345592  0.49325336 0.47275423 0.45223155 0.43265561
  0.42073382 0.42352691 0.41865397 0.4271609  0.45513525 0.44594209
  0.4434076  0.42450775 0.42761532 0.43738751 0.42657975 0.42398753
  0.42030681 0.56050194 0.41518959 0.40574192 0.41439775 0.42104605
  0.4087722  0.41362099 0.41839487 0.39000944 0.40004515 0.39785308]
 [0.84459144 0.59683943 0.51637174 0.46638378 0.48810257 0.43819659
         nan 0.44198317        nan 0.46559817 0.42938018        nan
  0.46261181 0.44194522        nan 0.45793199        nan        nan
  0.43141883        nan 0.410784   0.42014463 0.41572293 0.41271901
  0.54421024 0.40408856        nan 0.38949589 0.41275571 0.38454751]
 [0.85729751        nan 0.53033831 0.55010975        nan        nan
  0.47576072 0.45041431 0.42884143        nan        nan        nan
         nan        nan 0.42899627        nan        nan        nan
         nan 0.4164803         nan 0.4252178         nan        nan
         nan 0.39604009 0.39452524        nan 0.39691998 0.38331352]]
