args:  Namespace(c=0.1)
elapsed time: 182691.713399456
test_losses: [[8.64473821e-01 6.61244800e-01 5.60850866e-01 5.07362645e-01
  4.98495280e-01 4.80411263e-01 4.85057464e-01 4.78380015e-01
  4.85851212e-01 4.76641707e-01 4.74640409e-01 4.83968696e-01
  4.83673167e-01 4.77558762e-01 4.78749872e-01 4.82266671e-01
  4.76871318e-01 4.65331525e-01 4.72640868e-01 4.69338062e-01
  4.55620212e-01 4.58560792e-01 4.62058117e-01 4.43469722e-01
  4.53131515e-01 4.38402399e-01 4.41605178e-01 4.25833370e-01
  4.46868118e-01 4.31210600e-01]
 [6.64247023e+05 6.10195903e-01 5.52395794e-01 5.20757618e-01
  4.85135978e-01 4.68284463e-01 4.58822527e-01 4.53763062e-01
  4.28731785e-01 4.23763092e-01 3.98801512e-01 3.98001435e-01
  3.91204380e-01 3.89184422e-01 3.77098228e-01 3.71223776e-01
  3.66021992e-01 3.62001950e-01 3.58191944e-01 3.49930901e-01
  3.48201099e-01 3.38412222e-01 3.35813182e-01 3.38687144e-01
  3.28222128e-01 3.28835025e-01 3.28688416e-01 3.22202209e-01
  3.19754066e-01 3.22582735e-01]
 [1.03574785e+04 5.66957034e-01 4.89583030e-01 4.55746292e-01
  4.36311046e-01 4.21251457e-01 3.95814843e-01 3.86735690e-01
  3.67542483e-01 3.63921003e-01 3.53191499e-01 3.48004521e-01
  3.52458375e-01 3.39195963e-01 3.36259234e-01 3.30011672e-01
  3.31333398e-01 3.20510235e-01 3.21498490e-01 3.24466135e-01
  3.13892881e-01 3.16053747e-01 3.11326224e-01 3.10592527e-01
  3.04847314e-01 2.99015665e-01 2.93898289e-01 3.01317113e-01
  2.94618319e-01 2.90840575e-01]
 [6.47153529e-01 5.13512630e-01 4.64537337e-01 4.27823478e-01
  4.03834521e-01 4.05123769e-01 3.73136161e-01 3.69338640e-01
  3.61896129e-01 3.43311943e-01 3.44231089e-01 3.42845497e-01
  3.34260481e-01 3.35718307e-01 3.28711318e-01 3.31041122e-01
  3.25454215e-01 3.27003320e-01 3.19420834e-01 3.14639402e-01
  3.11950707e-01 3.09237514e-01 3.06533902e-01 3.07909821e-01
  3.02079898e-01 3.05186206e-01 3.05335494e-01 3.06294069e-01
  3.03967956e-01 2.98431189e-01]
 [6.26877224e-01 5.57439737e-01 4.85948061e-01 4.78019605e-01
  4.60028503e-01 4.56929347e-01 4.42191344e-01 4.27983845e-01
  4.28713041e-01 4.35760532e-01 4.17594404e-01 4.14452655e-01
  4.04008011e-01 4.19671447e-01 4.18495822e-01 4.09679697e-01
  4.06100695e-01 4.06520401e-01 4.02679909e-01 3.95776163e-01
  3.98562662e-01 3.94796164e-01 3.96827493e-01 3.95059276e-01
  3.88102082e-01 3.91708078e-01 3.89105590e-01 3.86358406e-01
  3.87494089e-01 3.80843875e-01]
 [6.34561044e-01 6.38723902e-01 5.54713994e-01 5.38230198e-01
  5.37550698e-01 5.21230452e-01 5.09418418e-01 5.01700798e-01
  4.96973907e-01 4.78393636e-01 4.85117874e-01 4.89103439e-01
  4.70267220e-01 4.70626268e-01 4.59846447e-01 4.57131408e-01
  4.52420435e-01 4.48494071e-01 4.41257390e-01 4.37959691e-01
  4.35421223e-01 4.41278260e-01 4.32136789e-01 4.32883507e-01
  4.21948291e-01 4.25406565e-01 4.19602066e-01 4.25116032e-01
  4.23314882e-01 4.20073242e-01]
 [7.00063955e-01 6.75035024e-01 6.28504383e-01 5.96933194e-01
  5.68010658e-01 5.69196150e-01 5.48290201e-01 5.37432786e-01
  5.32163610e-01 5.10188241e-01 5.09067354e-01 5.12409866e-01
  4.97163920e-01 4.95535268e-01 4.57351126e-01 4.70072933e-01
  4.77686620e-01 4.69997782e-01 4.62525924e-01 4.71965738e-01
  4.58629578e-01 4.52648569e-01 4.40412163e-01 4.43157777e-01
  4.39272206e-01 4.42271059e-01 4.45056401e-01 4.34592046e-01
  4.35961667e-01 4.26265238e-01]
 [8.11753745e-01 7.29676411e-01 6.66293035e-01 6.25784915e-01
  6.06750879e-01 5.85995807e-01 5.41295999e-01 5.39485820e-01
  5.07465007e-01 5.02292798e-01 5.02997144e-01 4.83185423e-01
  5.05537787e-01 4.77660687e-01 4.77434258e-01 4.69902933e-01
  4.46775933e-01 4.65507608e-01 4.65754263e-01 4.37333867e-01
  4.46175341e-01 4.49295348e-01 4.31315095e-01 4.28670719e-01
  4.28062213e-01 4.28564289e-01 4.38939342e-01 4.25272575e-01
  4.05111025e-01 4.23732500e-01]
 [8.57932739e-01 7.18713156e-01 6.59949627e-01 6.20751552e-01
  5.80971186e-01 5.62740202e-01 5.44575491e-01 5.20936898e-01
  5.29481051e-01 4.96092626e-01 4.86497222e-01 4.73549590e-01
  4.63482988e-01 4.63824373e-01 4.55626209e-01 4.67966851e-01
  4.55578328e-01 4.47175086e-01 4.51164476e-01 5.24636966e-01
  4.45783724e-01 4.35260225e-01 4.28068472e-01 4.22968705e-01
  4.16341399e-01 4.16741504e-01 4.10850194e-01 4.10408207e-01
  4.19742653e-01 4.01504979e-01]
 [8.61471189e-01 7.06765544e-01 6.58038762e-01 5.99084251e-01
  5.73107888e-01 5.54539746e-01 5.27209826e-01 5.06023881e-01
  5.13771673e-01 4.89648081e-01 4.96363303e-01 4.86295388e-01
  4.64537516e-01 4.57904671e-01 4.65824810e-01 4.56384679e-01
  4.35507723e-01 4.47047140e-01 4.30011979e-01 4.14249537e-01
  4.19450519e-01 4.17496716e-01 4.15852890e-01 4.02278512e-01
  4.07724382e-01 3.92543337e-01 3.96997128e-01 3.98262811e-01
  3.95255649e-01 3.83091674e-01]
 [8.62420324e-01 6.70744078e-01 6.11148134e-01 5.68414201e-01
  5.44628976e-01 5.12894835e-01 4.94479756e-01 4.98630003e-01
  4.87097204e-01 4.86414202e-01 4.86159049e-01 4.75797129e-01
  4.69542544e-01 4.72842397e-01 4.67774274e-01 4.74044962e-01
  4.61200967e-01 4.55041912e-01 4.70020766e-01 4.56097315e-01
  4.53074138e-01 4.58945906e-01 4.44386485e-01 4.41554379e-01
  4.35013501e-01 4.39356178e-01 4.35458792e-01 4.30993267e-01
  4.21668720e-01 4.16122786e-01]
 [8.79196931e-01 6.49439462e-01 5.53887487e-01 5.08432845e-01
  4.92035218e-01 4.83027079e-01 4.85886399e-01 4.83529753e-01
  4.60540214e-01 4.78912780e-01 4.69664719e-01 4.90692236e-01
  4.74385499e-01 4.72421304e-01 4.89728520e-01 4.71984756e-01
  4.73671867e-01 4.72208138e-01 4.60484639e-01 4.74354989e-01
  4.55279103e-01 4.53966600e-01 4.57476387e-01 4.48730835e-01
  4.42178166e-01 4.50710936e-01 4.50003592e-01 4.34548917e-01
  4.38484671e-01 4.30376742e-01]
 [8.62067420e-01 6.27637403e-01 5.61992231e-01 5.16975414e-01
  4.92864403e-01 5.02633950e-01 4.66115279e-01 4.74473187e-01
  4.68793676e-01 4.75607453e-01 4.72692644e-01 4.74860361e-01
  4.76655183e-01 4.72923391e-01 4.72052154e-01 4.64744377e-01
  4.71095304e-01 4.69741360e-01 4.63698623e-01 4.44639258e-01
  4.55034132e-01 4.52368570e-01 4.52445626e-01 4.63972911e-01
  4.46359849e-01 4.40763711e-01 4.45727992e-01 4.34777397e-01
  4.29545672e-01 4.34622151e-01]
 [8.59942070e-01 6.25241928e-01 5.43761215e-01 5.28031648e-01
  5.02826405e-01 4.94865722e-01 4.81762861e-01 4.71800915e-01
  4.72669132e-01 4.76360405e-01 4.69294556e-01 4.79275028e-01
  4.84117639e-01 4.65004693e-01 4.60832461e-01 4.59958276e-01
  4.63979128e-01 4.65657986e-01 4.68840390e-01 4.48877608e-01
  4.56483496e-01 4.52996474e-01 4.61041404e-01 4.42521724e-01
  4.56413011e-01 4.48880724e-01 4.42561457e-01 4.38789832e-01
  4.35820875e-01 4.30020882e-01]
 [8.72019285e-01 6.57909912e-01 5.57318994e-01 5.15761566e-01
  4.94147587e-01 4.77590916e-01 4.79051762e-01 4.73162496e-01
  4.87212334e-01 4.73219337e-01 4.81159057e-01 4.67361284e-01
  4.77645225e-01 4.80272811e-01 4.65603759e-01 4.84446771e-01
  4.67267282e-01 4.69278223e-01 4.67972759e-01 4.68004347e-01
  4.58498972e-01 4.65443726e-01 4.48241006e-01 4.47062134e-01
  4.48496968e-01 4.46976151e-01 4.39031892e-01 4.39790308e-01
  4.42338607e-01 4.35090556e-01]]
