args:  Namespace(attack='pgd', c=0.1, ndim=5)
elapsed time: 192230.622909868
mins: [[0.06642242 0.07155116 0.06316048 0.0652553  0.06192163 0.06041989
  0.05970649 0.06658152 0.06472643 0.06326886 0.06085354 0.0623808
  0.06104859 0.07064517 0.06094038 0.06315885 0.06393246 0.06245501
  0.0667437  0.06214578 0.06609126 0.0632152  0.06232458 0.06539947
  0.06279065 0.06509005 0.06263752 0.06307906 0.06016634 0.06110008]
 [0.11587406 0.07067917 0.07288097 0.06918274 0.06716323 0.0649904
  0.06775267 0.06657848 0.06680416 0.06137466 0.0615782  0.06632094
  0.05838614 0.06072417 0.06323083 0.06200301 0.06188705 0.06264073
  0.06010297 0.06083135 0.06110319 0.06344444 0.05985816 0.06149869
  0.06299637 0.06323791 0.06097201 0.06476092 0.06080516 0.06657054]
 [0.09907913 0.08441263 0.08395617 0.07510217 0.06858513 0.0711453
  0.06958187 0.06824144 0.06904552 0.06367112 0.06416721 0.06385119
  0.06761299 0.06508286 0.06509323 0.06351551 0.06458279 0.06766122
  0.06357455 0.06866064 0.06051128 0.06507429 0.06715857 0.06452043
  0.06564635 0.06636789 0.06175879 0.06485066 0.06517076 0.06693432]
 [0.1132589  0.07025251 0.09095098 0.06948542 0.07957202 0.07018211
  0.07909539 0.07744376 0.0713343  0.07182546 0.0734652  0.06815489
  0.06912788 0.07060867 0.06936559 0.07310723 0.06811868 0.07089561
  0.07635882 0.07284746 0.06419288 0.06721538 0.06914984 0.07122184
  0.06853888 0.06969248 0.07012522 0.06565787 0.06724834 0.06732178]
 [0.11749315 0.12107867 0.11068182 0.07730983 0.11109132 0.09881587
  0.09177497 0.08757836 0.08824041 0.09313163 0.08966428 0.10163387
  0.08435683 0.08094797 0.0866145  0.08246548 0.0798047  0.07771898
  0.0719412  0.06710937 0.09254604 0.0860513  0.07874146 0.09928566
  0.09940279 0.08230972 0.07486743 0.07461524 0.09435133 0.07286778]
 [0.19262463 0.10384279 0.11620792 0.10511838 0.10134736 0.09275815
  0.10673063 0.08839218 0.09105244 0.10797107 0.09641948 0.09461139
  0.11290417 0.10349813 0.09200224 0.10240024 0.14382225 0.100068
  0.08101848 0.08880471 0.1107369  0.09587293 0.09693    0.09773648
  0.12603122 0.09727789 0.11130743 0.10664511 0.08620404 0.08390085]
 [0.18951198 0.11020933 0.13442945 0.11324365 0.10897508 0.0813475
  0.12566185 0.10241719 0.1455479  0.13726902 0.10431328 0.10977766
  0.088771   0.10735589 0.11970238 0.11644556 0.14723557 0.12728432
  0.11248855 0.11771187 0.13195343 0.12402816 0.14625907 0.09475089
  0.12724003 0.12190904 0.14117849 0.12775266 0.11437227 0.1084915 ]
 [0.16150498 0.17607883 0.14480476 0.23228273 0.1474949  0.18311584
  0.14570683 0.1373512  0.18261372 0.13491583 0.12723103 0.19316903
  0.21661857 0.15831205 0.15536729 0.24965113 0.12563087 0.19436222
  0.12455866 0.19929349 0.25579533 0.23830748 0.2514168  0.18540029
  0.12853016 0.19111645 0.1881898  0.1069539  0.20958659 0.15114699]
 [0.19915456 0.21044424 0.13678817 0.16565478 0.2684193  0.29315633
  0.3760044  0.34211758 0.19264795 0.33402389 0.33871078 0.25937167
  0.37557814 0.279733   0.22367001 0.36340252 0.31510493 0.24245048
  0.46172214 0.43035519 0.31914812 0.27531719 0.23110408 0.33629397
  0.20816126 0.71150696 0.49869233 0.30678535 0.32974374 0.30302912]
 [0.26723862 0.20265007 0.28243697 0.2179274  0.39973325 0.33107388
  0.39710528 0.41487366 0.28572398 0.35372862 0.31153774 0.4162975
  0.43725601 0.37549436 1.75683641 0.52532583 0.40433374 0.3426466
  0.45372874 0.56023508 1.80655527 1.7466495  1.76690662 0.23664102
  1.77091777 0.58268768 1.80418563 1.70525193 1.71895242 1.78380501]]
maxs: [[2.38580799 2.32267094 0.58181095 1.1566093  0.64834881 0.38540173
  0.35142443 0.47923157 0.2935167  0.45043966 0.40271404 0.29802403
  0.37676343 0.30767092 0.26856095 0.21909708 0.27618366 0.27617919
  0.18471846 0.22368561 0.20268507 0.22240511 0.17368242 0.21150371
  0.21142226 0.18647358 0.20320943 0.20362435 0.1733173  0.17305261]
 [4.42858219 1.95561993 0.81784016 0.65234834 0.85260946 0.5598647
  0.54399908 0.62867284 0.61264306 0.46432784 0.46006477 0.56240094
  0.49157444 0.50108933 0.47901621 0.52549648 0.39313114 0.48981604
  0.35413748 0.5489229  0.41229564 0.30065292 0.44401637 0.36290911
  0.33077157 0.2966612  0.43170708 0.33130533 0.29272217 0.29886889]
 [2.13791561 1.39704585 0.90134549 1.00936866 0.72610581 0.87504709
  0.65752584 0.61403072 0.61133367 0.5445376  0.6987282  0.54361355
  0.49464351 0.59014702 0.57418454 0.42165419 0.41547811 0.44150835
  0.46941128 0.50638527 0.4913649  0.54923832 0.37256491 0.45299253
  0.36876571 0.42575759 0.53159368 0.41750211 0.55157053 0.43126547]
 [2.1738596  1.85084701 2.0125761  0.99952495 0.93121231 1.03698218
  0.88589942 0.72858101 0.82797062 1.07815325 1.0626291  0.71373957
  0.81153166 0.56098217 0.6555748  0.66564739 0.76390576 0.75805902
  0.64927411 1.11696362 0.55287647 0.87788796 0.77016872 0.8055737
  0.71018136 0.63176501 0.68434656 0.61106825 0.58502561 0.60359323]
 [2.58569837 2.00470495 1.99424148 1.97627342 2.0026412  1.99875629
  1.86778927 1.87953162 1.70925665 1.88249981 1.91580868 1.94094944
  1.90424466 1.91477168 1.80748034 1.96285045 1.96703696 2.095819
  2.03298426 1.841681   1.37269461 1.87688434 1.92457557 1.86173844
  2.0444262  1.89221025 1.8415935  1.85989237 1.93438292 1.91142988]
 [2.06480026 2.03444123 2.02776098 2.04806781 2.09141159 2.04741812
  2.01508069 2.0021379  2.0422914  2.03074884 2.06571221 2.03345847
  2.0492723  2.02394438 2.08597612 2.04120302 1.99928927 2.05141711
  2.06425023 2.05302596 2.02496457 2.0011797  2.04234886 1.9858191
  2.00051498 2.00730562 1.97433019 2.01080155 2.03487754 2.01908422]
 [2.12849212 2.05055976 2.03414392 2.04445958 2.05226374 2.1602664
  2.05546045 2.03418803 2.0567503  2.05319762 2.10093021 2.09521699
  2.09566736 2.0734334  2.11399388 2.0794692  2.07023048 2.06511331
  2.07283521 2.05912423 2.09128499 2.03876996 2.07932734 2.09514809
  2.0607872  2.07912421 2.06667376 2.05919361 2.08855391 2.06624818]
 [2.07583809 2.09704351 2.10020852 2.08357382 2.13925314 2.11995554
  2.13230085 2.14817667 2.13750386 2.08667946 2.06827164 2.10134578
  2.1051693  2.1032567  2.08301473 2.10199857 2.11036849 2.14339519
  2.11867332 2.09823608 2.09135318 2.09813166 2.12599754 2.11839819
  2.11338711 2.07961798 2.13223124 2.11904216 2.11026311 2.11927462]
 [2.53990412 2.13683796 2.09239483 2.10784197 2.14655662 2.09137249
  2.15332317 2.11586189 2.11508179 2.10393476 2.09924579 2.10311747
  2.119385   2.10842896 2.13302827 2.09948564 2.0953083  2.08102894
  2.10776758 2.12218451 2.1390419  2.16776419 2.10970521 2.11754131
  2.1204474  2.11686134 2.12779665 2.10664654 2.11734438 2.1116848 ]
 [2.14757538 2.18304539 2.12777901 2.12180829 2.14465427 2.1456542
  2.12653041 2.13366175 2.12793827 2.11623549 2.09561276 2.09353304
  2.12164664 2.12608337 2.11275125 2.12971854 2.14161634 2.13822842
  2.10680509 2.1427927  2.12316942 2.09367943 2.11894464 2.18364263
  2.15131021 2.13255596 2.12078714 2.14860725 2.13361597 2.12598586]]
test_losses: [[0.432818   0.22698144 0.15585311 0.14355374 0.12662941 0.12478357
  0.11996283 0.12480999 0.11338762 0.11656268 0.11231792 0.11068122
  0.11230998 0.10728475 0.10957147 0.10895577 0.10785256 0.10636624
  0.10719945 0.10602691 0.10512857 0.1068471  0.10605953 0.10758064
  0.10593064 0.10514604 0.1059302  0.10654282 0.10637888 0.1055282 ]
 [0.40919113 0.24519496 0.19846142 0.17589914 0.16491891 0.15639648
  0.15237864 0.15225174 0.15497434 0.15254515 0.14472938 0.14962291
  0.14669915 0.14445843 0.13276154 0.14006577 0.13479796 0.13241383
  0.13623025 0.13440571 0.13777196 0.13041541 0.13814941 0.12994566
  0.13019811 0.13055363 0.12757785 0.11991932 0.12632301 0.12355789]
 [0.45351244 0.28454679 0.24727762 0.23294055 0.21345318 0.20611358
  0.19422992 0.19354884 0.18972251 0.1834916  0.18206765 0.17541595
  0.1752576  0.17204689 0.16913604 0.16609024 0.16648689 0.16743845
  0.16219145 0.16599456 0.16145072 0.16064748 0.15498153 0.15277831
  0.15009997 0.15897931 0.15190901 0.1468788  0.15293534 0.1467093 ]
 [0.49055508 0.34380106 0.30398154 0.30234699 0.27816752 0.27227547
  0.25905075 0.25909367 0.2477311  0.25543806 0.24959265 0.234262
  0.24810996 0.23124087 0.23020254 0.23723652 0.23477858 0.23941795
  0.24588063 0.23697275 0.23326945 0.23592576 0.23216855 0.24005906
  0.24210333 0.23663505 0.23147198 0.24123951 0.23650145 0.24339252]
 [0.52323379 0.52820699 0.45961877 0.47034348 0.4419673  0.46503766
  0.44660686 0.41810086 0.39069171 0.41922775 0.40744548 0.43561959
  0.41262288 0.41882369 0.40864273 0.39769365 0.39559192 0.4093793
  0.40060718 0.40727007 0.38431294 0.37410922 0.39143206 0.38478744
  0.37184792 0.37056379 0.36230522 0.36026429 0.34775734 0.35378181]
 [0.74573378 0.66948569 0.65959819 0.68141838 0.68469515 0.66559651
  0.6290595  0.63174437 0.6703758  0.67540449 0.65859268 0.65435801
  0.65816304 0.6885075  0.68504487 0.68778895 0.69384269 0.65675581
  0.66111656 0.65653063 0.64001027 0.66543495 0.65666736 0.56031823
  0.69270808 0.60713738 0.59307334 0.65217053 0.64085228 0.66302998]
 [0.78632362 0.78806309 0.88706608 0.86103097 0.94605172 1.06459016
  1.01062781 1.0033352  0.98718939 1.04428523 1.0848857  1.10093791
  0.98628121 1.04309227 1.04160586 1.08106597 1.09374993 1.06560324
  1.17044718 1.10581232 1.19148798 1.1513437  1.14321403 1.18414981
  1.11425687 1.20439366 1.21959791 1.05120848 1.13082215 1.22708117]
 [1.06545679 1.33895556 1.41690596 1.55529108 1.56993382 1.62732274
  1.64942458 1.67547691 1.68239528 1.71239446 1.67356234 1.71348057
  1.73507159 1.76961691 1.77776601 1.78396735 1.80250348 1.7531212
  1.80667981 1.80724396 1.80711034 1.81433418 1.82314721 1.83735078
  1.87874417 1.80525875 1.83968626 1.84319036 1.85341926 1.85313409]
 [1.37457839 1.62674395 1.78548795 1.78302398 1.86970237 1.84812296
  1.8991178  1.88792282 1.90403805 1.91189725 1.9045354  1.90613817
  1.9229781  1.93334337 1.91610583 1.94728362 1.93672664 1.93067741
  1.92858392 1.94170604 1.93572599 1.92013942 1.92478769 1.93108345
  1.93181238 1.951203   1.95195343 1.94023457 1.94479907 1.91872065]
 [1.61011813 1.80195851 1.87081368 1.90137362 1.9344129  1.92651357
  1.93912035 1.94198235 1.94172249 1.94749099 1.93824759 1.9424682
  1.94603581 1.95883156 1.9626798  1.96150385 1.94787465 1.95217235
  1.95622347 1.95937833 1.96365469 1.95709245 1.95854924 1.95892971
  1.95562325 1.95514218 1.96367689 1.9563351  1.96723086 1.96123541]]
