args:  Namespace(attack='fgm', c=0.1, ndim=2)
elapsed time: 102582.19660361
mins: [[0.38363799 0.42572755 0.49376348 0.52781266 0.58996522 0.69178295
  0.72768241 0.68201393 0.6613133  0.79903692 0.75246835 0.67242813
  0.60925347 0.67620432 0.77378869 0.74419951 0.92368019 0.69886672
  0.78712732 0.80472004 0.67673814 0.88161194 0.71474653 0.74999732
  0.73843646 0.75296485 0.76386327 0.79466093 0.87095195 0.87356341]
 [0.38632992 0.42875105 0.56571651 0.47422183 0.60529864 0.58259225
  0.64102745 0.56796426 0.63775498 0.72724497 0.6989634  0.7196033
  0.77167726 0.76882005 0.77347839 0.74707651 0.72596288 0.88874936
  0.76861203 0.81665158 0.7576158  0.8302021  0.78642416 0.7833842
  0.98207247 0.79905653 0.85827017 0.83281851 0.85136753 0.89127886]
 [0.39281642 0.42644668 0.51848596 0.61958402 0.59983981 0.57669747
  0.59627646 0.72301477 0.66481882 0.81400061 0.70941204 0.78754103
  0.6889773  0.7118085  0.74699962 0.73407507 0.70565122 0.72270358
  0.75202382 0.82823306 0.82343817 0.85917592 0.75596112 0.79392976
  0.78739929 0.73749751 0.78128916 0.80393881 0.87472093 0.8077656 ]
 [0.46182543 0.49595803 0.50388062 0.62242734 0.65983909 0.65425396
  0.64478058 0.65488994 0.70627797 0.69095051 0.75665021 0.69371074
  0.71750498 0.74932629 0.72013426 0.6907649  0.65247047 0.87526828
  0.77152163 0.77480477 0.80112046 0.80446303 0.7708258  0.83196265
  0.93075973 0.715442   0.94205368 0.84348404 0.86185765 0.80080277]
 [0.43653768 0.49784791 0.47127473 0.6384151  0.68923116 0.62145877
  0.65828431 0.77598983 0.76584864 0.66530079 0.80909681 0.69917476
  0.84284532 0.70386714 0.81728518 0.8928017  0.8103382  0.85089844
  0.7457546  0.92227054 0.81158149 0.75930464 0.84501219 0.8961423
  0.72164083 0.90520251 0.91659772 0.79423952 0.92593217 0.74318796]
 [0.45976704 0.56619191 0.60942489 0.66887414 0.64554882 0.69800007
  0.66644561 0.70682174 0.73303592 0.73935074 0.78187013 0.74262005
  0.84873009 0.74252111 0.78613174 0.78003418 0.74548233 0.83223993
  0.79420364 0.86919284 0.76712132 0.85613549 0.94828331 0.86108816
  0.89814144 0.81222606 0.82896864 0.8125174  0.86758524 0.92632252]
 [0.50211996 0.5604229  0.58796358 0.6877951  0.6665023  0.56212598
  0.70531273 0.75903946 0.74947345 0.76321465 0.80346745 0.69786561
  0.75663674 0.74465364 0.75721687 0.78390193 0.79984248 0.77401221
  0.77699268 0.89088392 0.75332713 0.64495611 0.80984128 0.87930548
  0.80510294 0.83141768 0.87167162 0.90890002 0.92342305 0.74241233]
 [0.54182589 0.66785938 0.74920642 0.70077908 0.74918592 0.68819797
  0.74876827 0.75144506 0.77395129 0.77391183 0.7462939  0.83206415
  0.91350365 0.84195793 0.81549871 0.86388308 0.86738634 0.86034644
  0.85537225 0.93715793 0.88672125 0.975788   1.01083958 0.89231193
  0.94362336 0.94950914 0.82253635 0.75721359 0.89529574 0.94218051]
 [0.53514016 0.61858761 0.80755532 0.78389984 0.74742532 0.87753808
  0.7636131  0.87894475 0.82411754 0.84093797 0.8419106  0.88227999
  0.91073251 0.95716476 0.95825577 0.93447959 0.89848089 0.94161952
  0.9936142  0.91717839 0.89739865 0.92958397 0.9858284  0.7633388
  1.01101053 0.92224586 0.97029901 0.99821329 1.02667403 0.9843173 ]
 [0.68742931 0.85621345 0.80477238 0.9469558  0.88323748 0.95687091
  0.72753203 0.94889367 0.83041435 0.89423311 1.04142547 0.98342693
  0.89286745 1.02584958 1.00953197 0.98927498 1.00983846 1.03230333
  0.95851076 1.00275326 0.9291575  0.99771804 0.98756778 1.14902699
  0.98445904 1.09207749 0.98316443 0.96550465 1.17173016 1.01683605]]
maxs: [[4.32896233 3.10193229 2.86704016 2.67653799 2.59802341 2.65593076
  2.71079469 2.77113938 2.89557886 3.45124435 2.6786356  3.29854965
  2.48533344 2.33775592 3.01692963 2.80938268 2.2571032  2.51161408
  2.63845229 2.53360844 2.49045181 2.63412857 2.65729809 2.38496685
  3.05910563 2.60345697 2.43015099 2.60318279 2.70490408 2.67462206]
 [5.36471272 3.92059135 2.6273973  2.6503098  2.30637598 2.7042861
  2.43160725 2.52306271 2.85251379 2.38351917 3.60489821 2.78051662
  2.9021821  2.6358676  2.81295156 2.58934045 2.63937759 2.80372143
  3.06567192 2.65710688 2.98334002 2.88858056 2.44967246 3.10282969
  2.61039448 2.68636179 2.7904129  2.74471474 2.49194765 2.94554281]
 [5.21600676 3.43370438 2.30353427 2.22370815 2.49128485 2.41165924
  2.71210027 2.38194585 2.7160511  2.38350391 2.495718   2.52880859
  2.75480604 2.70680046 2.36570001 2.77179432 2.74002695 2.43316007
  2.66545916 2.6762712  2.41700268 2.66412449 2.81438255 2.78325534
  2.66538405 2.75498509 2.84758759 2.75298595 2.36685705 2.89393735]
 [4.36688042 2.45159864 2.59926248 2.74562573 2.58168292 2.36871624
  2.91917419 2.84925175 2.46027613 2.54205728 2.7947104  2.63346434
  2.7842977  2.63362455 2.95095921 2.70481443 2.93078732 2.56348228
  2.31282473 2.4148674  2.45113468 2.8924427  2.56463408 2.85087085
  2.69090366 2.67860961 2.63214397 2.95277405 3.20688415 3.20688415]
 [2.56901956 2.48459959 2.85692358 2.68702888 2.31165814 2.45446348
  2.95216584 2.9816494  2.6511898  2.67842245 2.44883275 2.30801368
  2.49699283 2.84196901 2.63441586 2.77470565 2.39185381 2.92158079
  2.6412425  2.3818841  3.15027332 2.81778884 2.83945489 2.98193264
  2.72877145 2.36492658 2.52630472 2.96692395 2.30593181 2.51126862]
 [4.06856966 2.07784247 2.46627188 2.3427434  2.11133647 2.45485139
  2.88664103 3.12941909 2.65021992 2.28346205 2.60044575 2.67679906
  2.77122188 2.72434568 2.7045517  2.83203888 2.42847347 2.7286067
  2.84186935 2.66729879 2.50843906 2.5547843  2.96325302 2.51774168
  2.52374458 2.55248618 2.44245982 2.5210681  3.13269186 2.42485571]
 [3.0074029  2.59072971 2.29565477 2.79976606 2.34714174 2.77191639
  2.37794495 3.21138024 2.33526587 2.99148273 3.07653761 2.5810678
  2.89315796 2.31293821 2.9055419  2.75869679 2.64272428 2.46884489
  3.04070115 2.4597857  2.40212822 2.67974377 2.79454041 2.53344846
  2.82654428 2.59184122 2.31137824 2.56120276 2.7183094  2.75394821]
 [3.01399159 2.12792253 2.46290588 2.70142603 2.39061832 2.15436792
  2.84960055 2.84960055 2.6135726  2.51757598 2.88631487 2.76355362
  2.41199565 3.29666662 2.67459869 2.50410366 2.72649574 2.88740134
  2.63232136 2.62953615 2.75277638 2.76456356 2.68605351 2.31507492
  2.45318031 3.20573783 2.82561493 2.39602041 2.38260579 2.72231817]
 [3.66599035 2.33887148 2.09876609 2.34585762 2.71776128 2.59034061
  2.40694785 2.33215618 2.72681284 2.86017489 2.66363668 2.43186998
  2.37383032 2.87971878 3.0764482  2.76631498 3.11989403 2.46931982
  2.63710046 3.14853811 2.42845249 2.35744572 2.45007634 2.83086014
  2.68714666 2.66406155 2.41236019 2.87716675 2.197721   3.27514362]
 [2.05872989 2.54599977 2.13824677 2.44291234 2.38687873 2.50979137
  2.59616375 2.29122829 3.10945415 2.52561784 2.39433241 2.42058086
  2.50246    2.91454554 2.68593073 2.46383333 2.36110353 2.6621654
  2.86268663 2.78230834 2.49839115 2.69645715 2.23434639 2.72136641
  2.89161515 2.63096309 2.73411083 2.85596752 2.72144198 2.86374712]]
test_losses: [[1.12546221 1.1181186  1.29083032 1.27408474 1.37886634 1.33749216
  1.40682654 1.37658672 1.4646601  1.57370407 1.47611464 1.43683422
  1.4133556  1.4652784  1.43363963 1.52501139 1.40774026 1.52369721
  1.53642631 1.4835696  1.5339263  1.57566007 1.4268178  1.53757179
  1.50636526 1.50200573 1.56816018 1.53427234 1.61760921 1.62039117]
 [1.20276753 1.24695613 1.16867932 1.28678849 1.30796004 1.36952125
  1.37194367 1.40374529 1.37897204 1.4787438  1.45519805 1.44465338
  1.53703839 1.50271414 1.39986589 1.50600038 1.46424274 1.54046254
  1.48633219 1.51549531 1.5407518  1.52612621 1.51369703 1.62219205
  1.57903503 1.55859033 1.50438991 1.55651725 1.44871305 1.52810282]
 [1.17051982 1.12747979 1.18191502 1.28582126 1.29873346 1.34191045
  1.38440793 1.35619111 1.4897025  1.44854983 1.56590279 1.4389242
  1.42152842 1.43737048 1.46754073 1.55175804 1.44364802 1.44048644
  1.48890736 1.44776469 1.43028896 1.58188664 1.56232736 1.49011838
  1.46429668 1.57959136 1.62699329 1.51192145 1.57939656 1.51162803]
 [1.11881862 1.15231051 1.25772345 1.29201668 1.36379    1.3374193
  1.3597594  1.42069444 1.36138694 1.41882549 1.36883903 1.48021086
  1.40702547 1.48323019 1.53638681 1.46685845 1.48469799 1.47705269
  1.55422927 1.49968106 1.5205922  1.58983765 1.5284554  1.49583039
  1.56420638 1.4942966  1.5021093  1.59161582 1.5289546  1.56400592]
 [1.17964117 1.19860483 1.23106147 1.28774403 1.35180823 1.33918996
  1.31298906 1.41173821 1.46499727 1.44610473 1.45072178 1.36651871
  1.43390551 1.50758884 1.53296633 1.47085616 1.5633093  1.53946053
  1.4235605  1.55280744 1.47794575 1.48958352 1.48530575 1.55499082
  1.52321557 1.46929399 1.48065865 1.68042322 1.57570331 1.48976204]
 [1.19000926 1.21160734 1.25799224 1.36219097 1.30254235 1.41613765
  1.37940686 1.43183972 1.38729249 1.37329209 1.43452267 1.46692362
  1.53007938 1.45864763 1.49265457 1.42455711 1.52742866 1.43325438
  1.57335423 1.66718927 1.49629208 1.55092938 1.55857179 1.62030843
  1.53207583 1.51221504 1.51611802 1.53969765 1.70284553 1.53229718]
 [1.23609311 1.19876805 1.30491932 1.3420014  1.33450413 1.34526743
  1.40884364 1.45120992 1.43259383 1.47087633 1.48145424 1.44182739
  1.44146086 1.47005189 1.51587399 1.52003823 1.47528181 1.42149747
  1.58284143 1.48632966 1.54233669 1.54592701 1.42569678 1.46756227
  1.5810126  1.59977478 1.51533335 1.55851603 1.58573674 1.49939096]
 [1.3758547  1.38270035 1.32397197 1.36835323 1.36481726 1.35698685
  1.43924197 1.45376908 1.40527252 1.52473887 1.47640326 1.39401169
  1.49676999 1.56249046 1.50915928 1.4777205  1.43948708 1.4823569
  1.50584659 1.48368013 1.4870006  1.53829889 1.54944155 1.44532218
  1.51317436 1.55475234 1.47697073 1.46354707 1.51107451 1.60521769]
 [1.47953634 1.44552188 1.43343547 1.45993248 1.47359214 1.48317097
  1.4729331  1.47620133 1.51271222 1.50888008 1.4489008  1.52139935
  1.45863937 1.50412178 1.46500596 1.53247211 1.49870644 1.51775008
  1.54438299 1.57318906 1.52955679 1.56750443 1.55027554 1.49302394
  1.57767003 1.59705211 1.52134573 1.54922129 1.51680531 1.53781797]
 [1.51756136 1.52343269 1.53917027 1.60640608 1.54059852 1.54178576
  1.47407502 1.50985079 1.55604155 1.54197341 1.548269   1.51903862
  1.57597231 1.61730043 1.60187139 1.60715778 1.5165094  1.57810209
  1.60963244 1.56967589 1.59459132 1.67872124 1.53649861 1.6818029
  1.59475711 1.62159235 1.5931372  1.59336694 1.59653786 1.59023161]]
