args:  Namespace(attack='fgsm', c=0.1, ndim=7)
elapsed time: 28778.594495745
mins: [[0.02823284 0.01327671 0.01135836 0.005302   0.00198906 0.0090652
  0.00616525 0.00654629 0.00626839 0.0055858  0.00770801 0.00817872
  0.00461269 0.00580127 0.00458021 0.00596716 0.00631029 0.00902889
  0.00477233 0.00477338 0.00617021 0.00905894 0.00879742 0.0080017
  0.00349804 0.00624154 0.00792813 0.00779465 0.00525254 0.00419923]
 [0.02402179 0.01919616 0.01317535 0.00251908 0.00708814 0.01071446
  0.00458272 0.00653518 0.00648377 0.00324184 0.00043842 0.00283191
  0.00713784 0.0005146  0.         0.00200187 0.00500303 0.00415785
  0.00126617 0.00737736 0.00635229 0.         0.00645597 0.0066743
  0.00099619 0.00364769 0.00620143 0.00316479 0.00549551 0.00419324]
 [0.03465068 0.01339737 0.01319281 0.00922712 0.01019462 0.00984574
  0.00639313 0.00677007 0.00724116 0.00078658 0.00399291 0.00013883
  0.00201053 0.00459332 0.00423452 0.00312354 0.00398271 0.00312118
  0.00562544 0.00047153 0.00251966 0.00033288 0.00415255 0.00239283
  0.00394717 0.00127399 0.00042636 0.00580674 0.00165214 0.00215241]
 [0.02225241 0.01118001 0.01032445 0.00973915 0.01015971 0.01159066
  0.00705453 0.00880327 0.00566762 0.00521986 0.00581899 0.00447022
  0.0059829  0.00548266 0.         0.00624065 0.00352101 0.00136523
  0.00428627 0.00336176 0.00194881 0.00303118 0.00680923 0.00261104
  0.00330623 0.00415025 0.00713011 0.00367699 0.         0.00340931]
 [0.03577099 0.0241859  0.02164214 0.01344134 0.01344392 0.00563713
  0.00933357 0.01166864 0.01027269 0.01037332 0.01145326 0.00582841
  0.00434092 0.00952008 0.00591331 0.00516519 0.00717714 0.00795355
  0.00731205 0.00710095 0.00274897 0.00402242 0.00114829 0.
  0.0056209  0.00155811 0.00746399 0.00130236 0.0072362  0.0052313 ]
 [0.02693698 0.02403302 0.02400646 0.02354048 0.01930808 0.01127642
  0.00851918 0.01416245 0.00753288 0.00742169 0.01250862 0.00291348
  0.00134773 0.01309048 0.01051546 0.0052162  0.01085764 0.01206419
  0.00505431 0.00732293 0.01236578 0.00405754 0.00421761 0.00788764
  0.00944359 0.0068804  0.00853262 0.00715534 0.01181167 0.00599598]
 [0.04913948 0.02708019 0.02262455 0.0147199  0.02591451 0.00599884
  0.01547125 0.01029459 0.00424398 0.01455342 0.01472597 0.01637036
  0.01501914 0.01080191 0.01308274 0.00807596 0.01143958 0.00896729
  0.01097197 0.01224757 0.00847428 0.00976968 0.01107299 0.01179729
  0.00597576 0.00721623 0.01567867 0.00994578 0.00849362 0.01030677]
 [0.03451981 0.03319239 0.03825609 0.02697207 0.03198103 0.01891503
  0.02344842 0.00893014 0.00791221 0.02028742 0.01988263 0.01699776
  0.01380545 0.02385914 0.01453931 0.01848789 0.01356922 0.01381897
  0.01567867 0.02611848 0.0131247  0.0186244  0.01638118 0.01612424
  0.01871847 0.01364917 0.01196495 0.01042412 0.01993719 0.01814627]
 [0.05480439 0.04197077 0.04838264 0.04640701 0.01307631 0.02276301
  0.04292446 0.03951329 0.01676695 0.02512318 0.02611209 0.0283674
  0.02629481 0.02238835 0.02439154 0.02248807 0.0232458  0.00865614
  0.02912346 0.01396779 0.01994455 0.01882369 0.017598   0.01810341
  0.02476816 0.01766234 0.01776995 0.01607993 0.03016332 0.01448972]
 [0.06076641 0.05275138 0.05516437 0.03549167 0.03513114 0.03320315
  0.03172305 0.03926944 0.03797715 0.04036598 0.02743059 0.02378378
  0.02414153 0.01867734 0.03444912 0.01250599 0.03773397 0.03083831
  0.04017351 0.02077692 0.01790469 0.03960694 0.03664415 0.03395129
  0.03591216 0.01681466 0.03431766 0.02452588 0.0414951  0.0363319 ]]
maxs: [[2.40471077 0.69160998 0.69268882 0.46916702 0.37318313 0.36414206
  0.18574817 0.17206791 0.21382397 0.15925059 0.10854143 0.09500786
  0.16087264 0.19557709 0.10355042 0.11165638 0.12541801 0.1378668
  0.09907708 0.10624636 0.09240698 0.12287337 0.08961473 0.10466619
  0.09868605 0.09144938 0.09281291 0.09179547 0.09650724 0.11625739]
 [3.54370642 0.65941155 0.35541263 0.8413502  0.20793445 0.45608768
  0.17070033 0.30490673 0.24946371 0.16678952 0.36562133 0.16993359
  0.22835159 0.28245193 0.13390373 0.15940641 0.25643593 0.18315086
  0.18938449 0.21123996 0.19980662 0.26243019 0.10732347 0.19260783
  0.10195872 0.13252522 0.13020846 0.21141073 0.13334715 0.15076019]
 [4.65100813 1.19178021 0.47349659 0.33516535 0.63529086 0.48474354
  0.21992393 0.19386144 0.29650611 0.33539701 0.39250624 0.3616778
  0.20526075 0.43246138 0.2313575  0.3388654  0.31429374 0.33893865
  0.18611479 0.15405269 0.28500485 0.2275241  0.17640512 0.33324748
  0.1820229  0.25084251 0.17971829 0.19484667 0.23372996 0.15647697]
 [2.10126138 1.18926239 0.4982864  0.59496176 0.47158203 0.42547682
  0.4341104  0.35540545 0.28158802 0.25856817 0.26043838 0.30921263
  0.33739394 0.27972618 0.46626031 0.20583583 0.28457212 0.26474282
  0.26125836 0.25784579 0.25696433 0.27338594 0.23564667 0.24305578
  0.20372638 0.25031894 0.19617103 0.18328814 0.20129481 0.23773828]
 [2.18224192 1.09479761 0.91261792 0.5491063  0.72789997 0.54562211
  0.59827381 0.35655332 0.5490799  0.46780038 0.40450582 0.32864916
  0.34989089 0.25991082 0.40673155 0.35868177 0.31374988 0.2524249
  0.36096993 0.28645283 0.26870012 0.21713907 0.29207176 0.20997211
  0.33210468 0.20780903 0.23724651 0.27159962 0.20914829 0.31653124]
 [2.01502275 1.52109504 0.73335063 0.76059151 0.43067265 0.50246108
  0.61254644 0.60200399 0.46629837 0.34093195 0.42491716 0.31966177
  0.47109416 0.34458148 0.33722624 0.29405475 0.40090373 0.34944472
  0.31908426 0.35782015 0.42950329 0.27717465 0.2850354  0.3008813
  0.28531128 0.25765675 0.25053692 0.33508992 0.23794062 0.22450502]
 [2.02486181 1.7309227  0.91413498 0.52162659 0.84812552 0.75119328
  0.78349245 0.64605856 0.56268626 0.39381677 0.46805161 0.53342748
  0.4347868  0.49441975 0.31584305 0.34665284 0.29998764 0.33730748
  0.43717885 0.30577224 0.36815542 0.3544963  0.31549883 0.47426775
  0.39871672 0.43813485 0.38892299 0.34264296 0.36870986 0.317586  ]
 [2.02144527 1.99782467 1.75782657 1.88493204 1.56007719 1.38641226
  1.72093439 1.68124104 1.90643001 1.87171423 1.5720129  2.04810476
  0.78593469 1.60186553 1.28996146 0.74967504 0.90413737 1.49089992
  1.0236491  0.66361052 1.53900695 0.58764261 1.86542726 1.33064127
  1.68011808 1.18871081 1.5998497  1.16741097 1.60444045 1.30626225]
 [2.01036692 2.01900864 2.02034688 1.99947691 1.97777462 1.93009698
  2.04994416 1.96714759 1.9519279  2.01471186 1.96582067 1.99489367
  1.99144292 1.94682002 1.99352026 1.95212793 1.96642029 1.96034122
  1.9043293  1.89154029 1.93595064 1.98889923 1.93244791 1.91824341
  1.98368526 1.93079162 1.92639315 1.95537484 1.90540385 1.94031334]
 [2.07291317 2.02692461 2.02812934 2.05472612 2.05863261 2.10185862
  2.03108954 2.1377964  2.06249523 2.07413077 2.08434772 2.11042595
  2.08167458 2.07919478 2.10541964 2.13649845 2.08390665 2.09929514
  2.00495815 2.08891344 2.09782505 2.05224013 1.98871326 2.03512621
  2.03715873 2.07797289 2.06915092 2.06605411 2.04400229 2.06480718]]
test_losses: [[0.29712869 0.1183594  0.08019558 0.06102479 0.05311444 0.05236969
  0.04517174 0.04453291 0.04461313 0.04402072 0.04247279 0.04320142
  0.04232512 0.04431908 0.04181668 0.04157901 0.0420178  0.04339601
  0.04225829 0.03995209 0.03923762 0.03915543 0.04008414 0.04052874
  0.03956107 0.04268474 0.03936339 0.03991219 0.04015104 0.03997956]
 [0.25867854 0.11663613 0.07527672 0.07019851 0.05191631 0.05011121
  0.04342389 0.04419899 0.04006654 0.03833008 0.04239458 0.03880665
  0.03952441 0.03577215 0.03402796 0.03680528 0.03664953 0.03555887
  0.03508263 0.03617308 0.03566858 0.03629887 0.03458872 0.03489693
  0.03562153 0.03434553 0.03550906 0.03645883 0.03445544 0.03377972]
 [0.25725455 0.11798406 0.0822269  0.06436939 0.06492613 0.0574736
  0.04731835 0.04579458 0.04369069 0.04312003 0.0434231  0.04082893
  0.04211701 0.03965895 0.04045519 0.04014624 0.03694457 0.03835672
  0.03662836 0.0375641  0.03864853 0.03789709 0.03553976 0.03899616
  0.03762454 0.0349228  0.03563849 0.03548986 0.0379198  0.03588305]
 [0.27530714 0.14203118 0.09109512 0.08569714 0.07059504 0.06281295
  0.0607554  0.0541512  0.04938746 0.0467838  0.04514483 0.05047308
  0.04351606 0.04263403 0.04860447 0.04401328 0.04598727 0.04243508
  0.04228169 0.04163376 0.04089714 0.04494838 0.0418442  0.04044998
  0.04035005 0.04059836 0.04152622 0.04229984 0.04081587 0.03862671]
 [0.28578909 0.15101439 0.11631334 0.09375962 0.08765043 0.0789839
  0.07168169 0.07248042 0.06263747 0.06170403 0.06462927 0.06322495
  0.05678747 0.05620809 0.05750608 0.05944049 0.05285979 0.05453169
  0.05246583 0.05540678 0.05156137 0.05331706 0.05287322 0.05443769
  0.04650354 0.04963391 0.05043866 0.04655979 0.04836008 0.04712433]
 [0.30690119 0.1694845  0.13026692 0.11159247 0.08802439 0.09050862
  0.08869992 0.08783431 0.07699685 0.08019245 0.08337113 0.07812929
  0.07704373 0.06760894 0.06884693 0.06604063 0.06908552 0.06536799
  0.06543974 0.0646133  0.0641527  0.06586861 0.06228165 0.06676627
  0.06025986 0.06368964 0.06126707 0.06444274 0.06461471 0.06547025]
 [0.31444145 0.18532921 0.16279714 0.12126192 0.12861945 0.11722538
  0.1057774  0.10983297 0.096806   0.0951613  0.09513602 0.10706794
  0.09423335 0.08775377 0.09183665 0.08825527 0.08934206 0.08609638
  0.0922342  0.08200796 0.08711366 0.08658268 0.08348457 0.0899896
  0.08324278 0.08429391 0.09090388 0.08592969 0.0815746  0.08300288]
 [0.36940816 0.26818079 0.23853175 0.21968187 0.20249853 0.19014868
  0.18678131 0.17506233 0.17785274 0.16982498 0.16865551 0.17165541
  0.15846643 0.16662221 0.15034125 0.16318872 0.15370519 0.16525479
  0.15614702 0.14888822 0.15395041 0.13881884 0.15616154 0.15875822
  0.15470037 0.14573091 0.15011781 0.14562982 0.14511671 0.13804733]
 [0.46837039 0.38671717 0.38192853 0.41726493 0.4243614  0.39418237
  0.42690986 0.39474177 0.42387177 0.38634357 0.37372064 0.40178277
  0.40461512 0.40625266 0.42708261 0.36724186 0.43422429 0.41550986
  0.36188579 0.32997608 0.42814067 0.34150957 0.35540355 0.41785142
  0.40360833 0.37854093 0.40110871 0.42503582 0.32883881 0.37178101]
 [0.57888389 0.62591071 0.64120213 0.72718432 0.80379205 0.84232794
  0.82908769 0.95884677 0.89711702 0.94072243 0.87464983 0.93726784
  0.91363044 0.92561375 0.96741608 1.02432788 0.95837278 1.00430442
  1.00267671 1.06950949 0.93895673 1.05519641 1.07315334 1.00647947
  1.08995802 0.97518565 1.08299073 1.05502114 1.0428751  1.02608656]]
