args:  Namespace(attack='fgm', c=0.1, ndim=10)
elapsed time: 102423.968977734
mins: [[0.03706567 0.04570884 0.08102788 0.0643586  0.07513139 0.09514964
  0.07718453 0.18140718 0.18220949 0.17660014 0.16575864 0.18553054
  0.09468258 0.14184898 0.14405444 0.1887949  0.23396458 0.20992377
  0.17186612 0.22475067 0.14564468 0.28703997 0.2063732  0.24078554
  0.24878207 0.1655962  0.1655962  0.15634811 0.19262639 0.22335015]
 [0.04207436 0.04896175 0.05963488 0.09602372 0.03264278 0.12216572
  0.10509021 0.14357057 0.10702485 0.13245235 0.1461875  0.12060428
  0.20310959 0.21477015 0.21307708 0.20885094 0.17218333 0.17020586
  0.13814411 0.15615647 0.14017585 0.24398915 0.24772772 0.17243133
  0.29300058 0.23062025 0.29100701 0.22238311 0.19887213 0.34926444]
 [0.0699318  0.06233895 0.07897619 0.08661224 0.06902947 0.10446431
  0.11439562 0.12031384 0.08116554 0.15103154 0.1577338  0.12297512
  0.19647656 0.1065658  0.16116345 0.19037679 0.18191692 0.15128526
  0.22526312 0.22553897 0.16282514 0.21517128 0.20559977 0.16642697
  0.31888384 0.17307259 0.20295101 0.24419555 0.2287986  0.3621068 ]
 [0.06431463 0.0416084  0.09316918 0.08783146 0.09675144 0.07682174
  0.06166511 0.06689634 0.14485663 0.13071199 0.17318094 0.17388739
  0.11437681 0.1676743  0.1777474  0.19416019 0.20667467 0.13383053
  0.28802764 0.16823612 0.21302691 0.17556809 0.30382618 0.20117001
  0.11524661 0.17931269 0.14841381 0.19855192 0.22932056 0.2141833 ]
 [0.05666564 0.05191737 0.0623146  0.09563857 0.12351064 0.09743427
  0.10182977 0.10182977 0.17048413 0.14340436 0.16458553 0.12460903
  0.09002466 0.12998091 0.16650477 0.15174063 0.21069145 0.12319313
  0.12150121 0.12150121 0.17451926 0.17335315 0.19352511 0.19674137
  0.17259634 0.25936309 0.2005177  0.33566177 0.26634455 0.11285055]
 [0.05351136 0.05413495 0.05413495 0.08456631 0.07958591 0.12546
  0.08606841 0.12637122 0.11719228 0.144333   0.17592221 0.14495802
  0.14047606 0.17543261 0.15753995 0.18034168 0.11060275 0.2544353
  0.22956622 0.26905498 0.19630043 0.12911406 0.25031245 0.14315934
  0.15769821 0.15769821 0.24649774 0.24649774 0.13067444 0.20909569]
 [0.0545199  0.06423801 0.05825311 0.0440152  0.06692493 0.08215281
  0.11781923 0.10377937 0.13741975 0.14146191 0.0953296  0.20640869
  0.27291778 0.1104726  0.13996616 0.28427514 0.10896514 0.16474895
  0.14294125 0.25989959 0.17904347 0.25210127 0.22284129 0.27073327
  0.24144429 0.1440714  0.18536994 0.09279164 0.09279164 0.37275207]
 [0.04977528 0.04456289 0.07732759 0.03223507 0.1165352  0.11023529
  0.11324213 0.11142103 0.15702236 0.18393555 0.15799007 0.13897055
  0.13897055 0.12514383 0.21911955 0.23587348 0.18105616 0.22986293
  0.12654549 0.23248982 0.17082545 0.17042971 0.28828907 0.21556807
  0.21710102 0.35139781 0.12763213 0.35080385 0.2055812  0.28178692]
 [0.05409154 0.07747895 0.08029152 0.1099676  0.08853634 0.11198087
  0.11421813 0.17371839 0.09861313 0.14742878 0.19107066 0.11047091
  0.15446058 0.12136881 0.18456878 0.27150661 0.23071569 0.16621585
  0.20216706 0.1645765  0.1804013  0.3787289  0.32331967 0.1754739
  0.1754739  0.29296285 0.15824261 0.22713253 0.31155407 0.22199148]
 [0.03296251 0.04878924 0.0574346  0.05526853 0.13369124 0.13668695
  0.13268678 0.12636815 0.1173907  0.16189034 0.11618723 0.14315726
  0.2968266  0.09935205 0.16093136 0.26092866 0.15486896 0.18107411
  0.30505541 0.1321317  0.17118917 0.20003366 0.18906353 0.17364705
  0.34585175 0.23732306 0.12385408 0.18263139 0.16407086 0.261742  ]]
maxs: [[1.95372355 1.87829876 1.67440343 1.22897232 1.28894877 1.53541613
  2.14746594 1.04086292 1.14369583 1.4464829  1.79542649 1.79542649
  1.94769168 1.26043487 1.02712238 1.19371939 1.58730745 1.600559
  2.16683936 0.9743101  1.00217891 1.0564146  1.68305039 0.97690439
  1.40720725 1.10735691 1.41587222 1.27172112 1.19232023 0.75698578]
 [2.70164347 1.82631111 1.4881475  1.45127702 0.8008495  1.47667933
  1.10137284 0.98755735 0.94311428 1.94230986 1.3801496  0.63894486
  2.24996567 1.003335   1.27663362 1.50135994 2.05470753 0.98241019
  1.55854452 1.778795   0.77611339 1.20660019 1.47187996 0.8095203
  1.6926651  1.15868926 1.02431357 1.14797103 1.07035184 1.14756072]
 [2.35741949 2.27775478 1.59445882 2.14746284 2.14746284 1.31948614
  1.28221858 1.40033686 0.86776733 1.60285008 0.98184031 1.65870571
  1.22735548 1.04669881 1.47567511 2.33041811 2.33041811 1.06453562
  1.19350886 1.12482297 0.95371485 1.30375171 1.12637711 1.78809619
  2.00768042 1.24250185 1.1121012  1.41681623 1.34387743 0.95455509]
 [2.53138208 1.51402783 1.72976279 1.98356366 1.49174523 0.97394609
  1.29732108 1.39056802 2.38419962 1.68079543 0.91108376 1.11072993
  1.40901327 1.2913239  1.56993914 1.07199311 1.08869243 2.14205408
  1.70994031 1.06387854 1.03857076 1.05345094 0.92901611 1.17540002
  0.91467285 0.72601563 1.0111587  1.51646233 1.6363703  1.39129949]
 [1.97141242 1.56080103 1.2511791  1.26346564 1.01706398 1.5439136
  1.59579623 1.23612165 1.8757509  1.11704755 1.03707337 1.0391376
  1.02017832 1.52415872 1.12198913 1.11465657 1.53883898 0.85397279
  0.70174247 0.87532306 1.19579148 1.12657523 1.6603651  1.6261884
  1.55577362 0.90272999 1.1611383  1.20893812 1.02583396 1.22928286]
 [2.18423462 1.7498498  1.36015999 1.26670563 0.9969362  0.91102958
  2.01215291 1.36696291 1.51927614 1.30382466 0.83065456 1.64879596
  1.14198244 0.95836866 1.38792455 1.12784386 1.7839129  1.7839129
  1.68429708 1.27609074 1.11591327 1.11591327 0.87510037 1.39956069
  1.47269464 1.30425298 1.14457369 1.06600213 1.46080995 2.05055928]
 [3.41964793 1.84719634 1.97465658 1.1186198  1.74726653 0.91555572
  1.41481829 0.98632556 1.20005512 1.13153124 0.82467657 0.97508371
  1.07318997 0.89057195 1.03803933 1.72280073 1.28860116 1.01454306
  1.7095381  1.33348811 1.07216609 1.20468175 1.40793002 1.14160478
  1.43298841 1.25482583 1.16724491 2.00635624 0.96062279 1.29281199]
 [1.89595222 1.92767739 1.64944434 1.28811431 0.95634681 1.40314841
  1.30921018 1.17271626 1.98700678 0.83587956 1.39564753 0.99310106
  1.52436769 1.41897917 1.49849153 1.16860795 1.08149469 2.57993698
  1.38053203 1.46606708 1.56471491 0.80558187 1.1663146  1.63692474
  2.09138346 2.09138346 0.82751048 1.63309777 1.43120885 1.61321235]
 [2.29374766 1.63781595 1.64126229 1.04411602 1.04825819 2.07191753
  1.05353045 0.93523544 1.05492389 1.15632761 1.28680146 1.05685055
  2.35329103 1.25029445 1.28647161 1.6144948  1.73618937 0.84361541
  0.91241515 1.791013   1.23339927 1.23339927 1.5015918  1.4193846
  1.1181742  1.34810448 1.72701907 1.72701907 1.19684339 1.31086254]
 [1.91954601 1.5594182  2.0400424  1.50865793 1.87844372 1.78703284
  1.30725813 1.80721641 1.33519483 1.07966518 1.77495682 1.38940883
  1.05444336 1.24348783 1.71804667 1.50671387 0.96533465 2.36152005
  1.10659814 0.87823051 1.99152279 2.00051522 1.21804202 1.38420057
  1.73721552 1.82282603 1.44199336 1.44199336 1.24879634 1.27771151]]
test_losses: [[0.48002391 0.46878314 0.47986054 0.43680844 0.40173778 0.43401289
  0.45019093 0.41841648 0.36903783 0.53539534 0.40936703 0.53175993
  0.70879645 0.6200885  0.43091606 0.53991413 0.59286301 0.63182078
  0.64873215 0.55383771 0.54780603 0.51544361 0.57061707 0.51689692
  0.68156209 0.6714533  0.58782292 0.56832609 0.62785608 0.4538497 ]
 [0.57017283 0.37780978 0.39783521 0.36442519 0.37346795 0.51137386
  0.44448089 0.38264893 0.44022442 0.44647231 0.46926588 0.41907558
  0.49276013 0.63526022 0.58156324 0.51724767 0.60193309 0.39547965
  0.68313381 0.61736829 0.49219562 0.49203207 0.63472994 0.49796047
  0.72980372 0.59454836 0.53393055 0.63746142 0.64037272 0.67014771]
 [0.53712459 0.49040761 0.45016952 0.47495763 0.32212975 0.35215879
  0.43932031 0.43928865 0.50833537 0.53987333 0.44412279 0.52009225
  0.47793151 0.59563349 0.50713986 0.6098398  0.7423224  0.46825492
  0.54212002 0.71440219 0.44060131 0.55743222 0.5577822  0.61593639
  0.62033645 0.59916704 0.6558976  0.66053078 0.68194615 0.63031403]
 [0.54733285 0.39164039 0.36335446 0.520326   0.41551361 0.40182979
  0.3123715  0.43495437 0.41588141 0.35653471 0.41463653 0.46994129
  0.50464687 0.45608954 0.60323664 0.49550526 0.51096274 0.78114983
  0.68442921 0.55087361 0.53959498 0.647981   0.44571967 0.52259424
  0.62301879 0.48814697 0.6531157  0.8005045  0.78507511 0.68009521]
 [0.4825508  0.41578041 0.39606166 0.44364876 0.37359389 0.4110458
  0.51873701 0.41868357 0.44582568 0.45523637 0.46930775 0.41892274
  0.40598437 0.53118282 0.47747405 0.55114325 0.63990129 0.49924297
  0.36732782 0.49482203 0.71349167 0.57305062 0.6425816  0.60758532
  0.62508713 0.46572495 0.71705355 0.6077565  0.54350139 0.51398642]
 [0.49993922 0.34790066 0.3540721  0.39784021 0.35772397 0.40151692
  0.53292336 0.44107658 0.50601394 0.51662625 0.41273147 0.53465039
  0.52737781 0.58271249 0.46752554 0.48431357 0.58148552 0.68681467
  0.5290106  0.55504428 0.56595878 0.49174326 0.46891716 0.45864207
  0.62628086 0.58783798 0.60173196 0.48917335 0.58642977 0.55033811]
 [0.5353961  0.38180583 0.43519437 0.39736799 0.37778255 0.3929737
  0.52373973 0.39988553 0.47184077 0.47174709 0.46593831 0.43904739
  0.51751875 0.47659484 0.56460914 0.58418379 0.56716343 0.43243632
  0.54870624 0.622535   0.52097302 0.74404705 0.49532981 0.57411317
  0.7719802  0.6548721  0.49947197 0.73703942 0.46804379 0.70037345]
 [0.4818952  0.42838784 0.36800657 0.3968765  0.36340755 0.37792521
  0.46776749 0.49527571 0.47970914 0.48050097 0.48516285 0.5040808
  0.52854734 0.64959532 0.71752974 0.51344406 0.53738957 0.73775822
  0.56202452 0.68674748 0.69698345 0.50237088 0.54756353 0.50930756
  0.62642523 0.84991888 0.39613362 0.78939966 0.78206863 0.54878158]
 [0.50600622 0.42859366 0.46511717 0.35289103 0.38155262 0.41346017
  0.38898288 0.4597918  0.45809605 0.45309545 0.57263065 0.4288633
  0.54555226 0.47336557 0.47984983 0.61729561 0.55211197 0.48703691
  0.62296385 0.49368922 0.56996378 0.76507556 0.67820367 0.57190152
  0.64447624 0.75035445 0.57010657 0.6983066  0.69858749 0.5543034 ]
 [0.5176687  0.4568346  0.45081312 0.4850331  0.48963921 0.48909953
  0.4019852  0.43545909 0.4219166  0.36919857 0.53030217 0.5172676
  0.64149653 0.48067966 0.69566985 0.70386581 0.57041468 0.61371476
  0.5232238  0.52685123 0.65183128 0.64928816 0.51096297 0.6358083
  0.68145232 0.48567306 0.58465026 0.48165342 0.63800475 0.49627508]]
