args:  Namespace(attack='pgd', c=0.1, ndim=2)
elapsed time: 204862.158292316
mins: [[0.31909177 0.31799245 0.31728476 0.32353836 0.31772605 0.31655255
  0.3254829  0.32398522 0.32640052 0.32092422 0.32165068 0.32226437
  0.32603246 0.32272547 0.32567278 0.31829476 0.32885063 0.32546103
  0.32205078 0.32079867 0.32708856 0.32060245 0.32277876 0.31887138
  0.32100493 0.32557279 0.3239308  0.31820947 0.32954341 0.32846314]
 [0.35993439 0.33668482 0.33527601 0.32406878 0.32500884 0.32230717
  0.32808977 0.32778507 0.32245111 0.32262006 0.32990777 0.33271354
  0.32232916 0.32593155 0.33611083 0.33322293 0.33567607 0.33753818
  0.32865107 0.32968432 0.33260641 0.33340168 0.33162957 0.33414489
  0.33250457 0.32930312 0.32969391 0.33906651 0.33526    0.33087486]
 [0.3751792  0.3636747  0.34953976 0.34602469 0.34032631 0.33193991
  0.3336814  0.33997816 0.34600264 0.36786151 0.35311642 0.36141407
  0.35841519 0.36744171 0.36533526 0.35283369 0.35819763 0.3416166
  0.3484177  0.35639423 0.35747778 0.35454607 0.36057955 0.34728527
  0.36309546 0.36327511 0.35430375 0.36095363 0.35409039 0.3578414 ]
 [0.40050766 0.37906945 0.3717933  0.36656114 0.35837492 0.36533514
  0.35940576 0.38308924 0.38650656 0.36527833 0.37313616 0.34829563
  0.40570647 0.36830473 0.36609346 0.38667038 0.37906271 0.38011038
  0.38021463 0.40779489 0.40021592 0.3642242  0.40949839 0.39839134
  0.3991096  0.38602367 0.40976816 0.37330529 0.40907112 0.38719964]
 [0.41797185 0.43954545 0.39571342 0.38404775 0.43222257 0.42356929
  0.38457376 0.38386738 0.42667121 0.43036532 0.45565653 0.42699754
  0.43574089 0.43887407 0.47663805 0.45010233 0.39219356 0.41762584
  0.45968547 0.46046585 0.48757288 0.4610374  0.45875257 0.46517527
  0.45145118 0.48289222 0.42659575 0.44304442 0.46685392 0.46924105]
 [0.49199474 0.4421013  0.46430647 0.44445124 0.48232126 0.40727776
  0.42592493 0.50067139 0.50440216 0.47470576 0.48066726 0.51806432
  0.44492957 0.52383626 0.47018608 0.47765851 0.52099979 0.47591382
  0.49486274 0.55187023 0.54258299 0.51085746 0.52159351 0.53560287
  0.45512667 0.48492083 0.56160492 0.53167945 0.53076345 0.51341408]
 [0.4614245  0.43478784 0.47985494 0.43382758 0.46973154 0.53269839
  0.5695492  0.51314139 0.50977361 0.55523562 0.46265    0.50673831
  0.49639094 0.53224277 0.48342055 0.54121202 0.53876823 0.46811694
  0.59654677 0.51330429 0.53544593 0.56890416 0.5718801  0.53859162
  0.56618476 0.5556981  0.55663949 0.5405702  0.53070736 0.53318202]
 [0.53810042 0.48845613 0.48734689 0.61275637 0.4870705  0.5798443
  0.70171106 0.49590486 0.57005632 0.60265911 0.579548   0.74850476
  0.58269131 0.68143678 0.7123239  0.60796666 0.62730229 0.56865984
  0.93410826 0.69333094 1.10978425 0.68555808 0.66994905 0.63992792
  0.96473277 0.58466262 0.53901684 1.84783602 0.58715516 1.8788178 ]
 [0.51898992 0.52628338 0.64515829 0.50381213 0.71122372 0.64516938
  0.803204   0.78192115 0.75171816 0.99164999 1.88895738 0.65090948
  0.67918283 1.83565009 1.8780601  1.85768318 1.88378894 0.60148102
  1.8590219  1.85266376 1.85741818 1.88837004 0.61458433 1.8884654
  1.89223051 1.86664128 1.84835505 1.89433122 1.85296535 1.88147521]
 [0.52469951 0.46034157 0.57130027 0.80375129 1.87493038 0.62963378
  0.63189757 1.85198164 1.86956942 1.82913995 0.79428154 1.86768496
  1.88578296 1.87102008 1.88960814 1.87236702 1.88110161 1.87877035
  1.89526105 1.92097807 1.85874355 1.90358794 1.8324064  1.90103292
  1.89867115 1.88651645 1.89905882 1.90189052 1.89689219 1.88104868]]
maxs: [[5.69954538 7.10092545 2.30572343 2.37993193 1.66731989 1.37734747
  1.16738725 1.07440245 1.00799131 0.82379192 0.72973198 0.92406982
  0.73242766 0.91746831 0.64671588 0.79307109 0.79225075 0.81300515
  0.69568539 0.56189322 0.6260615  0.56098568 0.56918204 0.70003057
  0.62682956 0.52327669 0.55886942 0.53790408 0.53743201 0.51099521]
 [5.71416855 2.68976212 3.09280968 1.87578452 1.12679672 1.53167248
  1.0110544  0.96749032 1.03863025 1.0040952  1.03228402 0.93047869
  0.99008906 0.84974825 0.87116706 0.82801843 0.85319686 0.88819861
  0.83564115 0.95023745 0.89404809 0.81407523 0.81273901 0.87859493
  0.84968358 0.77172315 0.75785768 0.69987381 0.80856991 0.84469509]
 [4.63012409 3.12644744 2.02907896 1.93955195 1.9680481  1.97221303
  1.98626375 1.99010873 1.88588452 1.12840056 1.96411324 1.4223336
  1.11100006 1.18674111 1.06858087 1.04576409 1.11108136 1.03772235
  0.98858494 0.96451235 1.03164721 1.0561738  1.01941907 1.13049364
  0.95582873 1.03583074 0.85409302 0.91599393 0.99543303 0.894081  ]
 [4.23989677 2.03772354 2.01664352 2.03473687 2.00049496 2.04347372
  2.01313305 1.98991966 2.06240892 2.02928066 2.00578022 2.02212644
  1.95725203 2.03209734 1.98464656 2.00086951 2.00440001 1.18183541
  2.04759979 1.80167842 1.76276767 2.00889373 1.94670224 1.88645172
  1.30513084 1.25990427 1.40886164 1.51635981 1.30813301 2.00001287]
 [2.81572723 2.05723166 2.08082724 2.05001807 2.05435896 2.09868264
  2.06217909 2.06152868 2.06028843 2.04246092 2.07434368 2.05050278
  2.05626607 2.07263803 2.06938863 2.04413509 2.08877826 2.04609776
  2.10104203 2.06019568 2.07146692 2.0449357  2.05979586 2.03767157
  2.05611467 2.05007267 2.03256774 2.05595255 2.05464911 2.0496583 ]
 [2.07732248 2.04111814 2.09246588 2.04682803 2.06626558 2.09930515
  2.04682755 2.04359341 2.08582187 2.07209492 2.06500292 2.05885553
  2.12895679 2.10195827 2.05522299 2.06527877 2.09492779 2.10638237
  2.07183266 2.07152987 2.05900908 2.08370781 2.06886911 2.06650448
  2.06700158 2.07295394 2.06517029 2.06280875 2.09025908 2.13159466]
 [2.06251907 2.08248734 2.06225824 2.0687418  2.06085157 2.09943342
  2.08208561 2.06156063 2.10317802 2.06868505 2.06464362 2.22067714
  2.07028031 2.06421924 2.07222605 2.27684188 2.07313418 2.09388208
  2.12449813 2.07841754 2.07719183 2.06850123 2.07776594 2.07800412
  2.12130857 2.09072304 2.06829262 2.11051893 2.05414915 2.0903492 ]
 [2.11783695 2.10046077 2.06198573 2.05596161 2.08641887 2.06444073
  2.08758426 2.09001017 2.08269334 2.08157849 2.07817364 2.0709374
  2.07272124 2.07876611 2.07482767 2.07671666 2.06532001 2.07936239
  2.0787003  2.08227062 2.07682371 2.0626359  2.08496189 2.07030606
  2.04920816 2.07793713 2.07874656 2.07399631 2.08287382 2.07385969]
 [2.07843375 2.12349033 2.09155583 2.07492399 2.0632236  2.07712221
  2.08167076 2.08940506 2.08799791 2.0834403  2.09022784 2.079916
  2.07721305 2.06407833 2.07544899 2.06009436 2.07576132 2.05471611
  2.06621051 2.08167028 2.10231972 2.07103157 2.09221935 2.06402183
  2.07584238 2.07050753 2.05874515 2.0795393  2.11008406 2.07525206]
 [2.07918549 2.06783152 2.08016133 2.06162167 2.08356333 2.07504106
  2.0695982  2.07060504 2.0748229  2.08422709 2.06508565 2.07162952
  2.0704844  2.08107281 2.05956864 2.081357   2.07702875 2.08125353
  2.06033802 2.0467906  2.07649612 2.06121635 2.06843996 2.08501339
  2.07622385 2.06798267 2.07903147 2.07314301 2.07198191 2.06668711]]
test_losses: [[0.82104009 0.68897912 0.52085465 0.51021601 0.48670681 0.44326707
  0.44063853 0.42895809 0.41676366 0.41400688 0.41221454 0.41671709
  0.40519997 0.40523267 0.39711145 0.39345955 0.3999189  0.39914681
  0.39246135 0.38874526 0.39305286 0.39121353 0.38888194 0.39107545
  0.39061018 0.38631285 0.38921865 0.3890316  0.38829594 0.39010398]
 [0.79816142 0.70352484 0.61361154 0.58557205 0.57400284 0.56914258
  0.53914021 0.52295755 0.50726798 0.51212563 0.50844488 0.50856974
  0.50087238 0.49099288 0.47590911 0.48242858 0.47603326 0.4793445
  0.47106552 0.46767698 0.45665446 0.46215929 0.45646886 0.45930945
  0.45103038 0.45655619 0.46025061 0.44782699 0.46136229 0.44585703]
 [0.89309499 0.78245003 0.71164722 0.66858903 0.64131349 0.64509158
  0.63820589 0.61500491 0.59309031 0.60235952 0.59439897 0.56835611
  0.58037333 0.56924409 0.56928565 0.55580001 0.55677414 0.5672571
  0.55157165 0.55374529 0.55757886 0.55186298 0.54603879 0.5558216
  0.55148999 0.55179038 0.54509499 0.54046508 0.54095666 0.53671325]
 [0.98260455 0.87012371 0.80582023 0.84459236 0.78238949 0.800972
  0.75478033 0.77166047 0.75818807 0.73114471 0.73111028 0.75521308
  0.73503298 0.72712984 0.74786925 0.73472444 0.73050379 0.70229947
  0.72538713 0.71231244 0.69889478 0.71946865 0.68934665 0.70705938
  0.68036132 0.69351727 0.70128361 0.69678513 0.70836612 0.70237647]
 [1.13976379 1.16185375 1.15227921 1.19317276 1.18997222 1.13551418
  1.17171625 1.16912456 1.18476957 1.22162211 1.20827816 1.16843707
  1.15941772 1.1833296  1.20079657 1.19247376 1.14981555 1.2307085
  1.21162552 1.23385443 1.18147778 1.19058858 1.14917801 1.17546406
  1.2473699  1.12853105 1.18097883 1.18970774 1.16852266 1.19820181]
 [1.3150147  1.32899185 1.32215898 1.36372524 1.43124672 1.43737355
  1.44711595 1.51330305 1.52034188 1.54463376 1.60612283 1.51173336
  1.47208781 1.56073845 1.58800957 1.56481323 1.61485383 1.64414769
  1.61566319 1.66866122 1.64740323 1.65238312 1.66172594 1.66074854
  1.61719705 1.66746719 1.65158262 1.66045776 1.6323012  1.70048197]
 [1.3470237  1.45055426 1.5545371  1.61891757 1.64757739 1.71511923
  1.70629778 1.72733964 1.76846293 1.80775132 1.76526649 1.76233873
  1.81647117 1.8079631  1.78831046 1.81414083 1.81445877 1.86585127
  1.84601914 1.86968701 1.89550762 1.84600478 1.89592161 1.85884939
  1.86083267 1.88614752 1.86463029 1.88080189 1.88295138 1.87561513]
 [1.65010902 1.77226522 1.80057615 1.9104314  1.88767833 1.90510378
  1.94344756 1.93706889 1.93850528 1.95634005 1.97641884 1.96698432
  1.96102376 1.96495458 1.97874901 1.97350318 1.96619221 1.96346422
  1.98328185 1.97724998 1.98242029 1.96638043 1.98483595 1.98022443
  1.98159181 1.9768477  1.9780154  1.99168841 1.98416726 1.98728752]
 [1.72570786 1.86359672 1.91576251 1.96338447 1.9789481  1.96711548
  1.97635903 1.97494633 1.98450848 1.98792817 1.98692699 1.98580835
  1.98556251 1.99159956 1.99025346 1.99157192 1.98865597 1.98438442
  1.98970936 1.99263122 1.99007107 1.99065014 1.98579389 1.988602
  1.9907786  1.99515464 1.99027743 1.98997217 1.98765405 1.98996574]
 [1.85533865 1.91885221 1.95445173 1.9802891  1.99205143 1.98616634
  1.97650377 1.99074226 1.99240121 1.98884142 1.98500521 1.99012448
  1.99119318 1.9929797  1.99465004 1.99373274 1.9914429  1.99098218
  1.99232107 1.99210575 1.99082786 1.98963678 1.99049936 1.9919464
  1.98997906 1.99261515 1.98992997 1.99519046 1.98979176 1.99197142]]
