args:  Namespace(attack='fgm', c=0.1, ndim=5)
elapsed time: 102548.903772826
mins: [[0.08799167 0.17389515 0.13508309 0.18327355 0.29448918 0.30387396
  0.34319538 0.29457483 0.41958115 0.28644645 0.50921041 0.51067126
  0.21048974 0.37698951 0.41312766 0.48860815 0.53538257 0.51922697
  0.4949947  0.54483885 0.45973176 0.50796407 0.43445969 0.5844847
  0.41508526 0.49912557 0.48374149 0.47088662 0.45853096 0.7131058 ]
 [0.13433227 0.1728335  0.18365568 0.17313266 0.29659045 0.27749258
  0.32265645 0.30936238 0.42444223 0.37081674 0.3724744  0.4038974
  0.40133947 0.44370219 0.39372593 0.64417315 0.55490196 0.59716547
  0.49873921 0.64517349 0.39854449 0.38043714 0.41442016 0.47774813
  0.42008954 0.55897176 0.44884676 0.44673592 0.67046821 0.63807887]
 [0.12954614 0.17919186 0.21283653 0.2806243  0.25449803 0.41220725
  0.39773494 0.38535586 0.43576789 0.38739458 0.35830522 0.48866981
  0.34327325 0.42438638 0.42217362 0.51694024 0.4913795  0.44453576
  0.45213103 0.28660154 0.34464079 0.49466148 0.42973828 0.61287189
  0.71039158 0.37307522 0.45335811 0.42480442 0.44116324 0.50700223]
 [0.19817109 0.17592023 0.15382415 0.25719473 0.19286227 0.29276228
  0.25799036 0.33607632 0.34700063 0.22105289 0.38682309 0.39653271
  0.37046325 0.32546097 0.46949708 0.29220885 0.39231932 0.49483338
  0.48890698 0.50777483 0.57714957 0.63150829 0.49144679 0.40890437
  0.624933   0.53229237 0.58639294 0.61136192 0.57745832 0.460244  ]
 [0.13801196 0.21059257 0.2041072  0.21774417 0.3790133  0.3792994
  0.34571695 0.39827019 0.41890168 0.20257178 0.46215045 0.37679932
  0.50777179 0.52503693 0.3679589  0.49580979 0.41791329 0.52024364
  0.43845195 0.67970967 0.44869867 0.3966819  0.46605465 0.52011764
  0.41826531 0.45109057 0.50473583 0.50649679 0.3805505  0.7781074 ]
 [0.19104226 0.1710815  0.23015478 0.29270607 0.18668672 0.34456912
  0.41644651 0.38198364 0.32650226 0.55239761 0.36506546 0.27590856
  0.38648832 0.46799481 0.23509423 0.51951253 0.28850263 0.48863229
  0.53063321 0.50846779 0.56791967 0.55274826 0.48314071 0.42094302
  0.63687283 0.51453799 0.49022663 0.46882409 0.63328087 0.46409228]
 [0.18308336 0.21017984 0.20236829 0.27572122 0.20466465 0.31543246
  0.33265603 0.51410478 0.29850781 0.38214123 0.45824045 0.39774519
  0.35864043 0.52619183 0.54114705 0.5221529  0.40570456 0.60116327
  0.59151083 0.44216138 0.46323243 0.47683176 0.5030992  0.43202704
  0.45008928 0.53664482 0.42538631 0.50079119 0.61283559 0.52507257]
 [0.20756149 0.20267417 0.23108037 0.29751372 0.28284249 0.35121402
  0.38655299 0.35646364 0.4156096  0.38238025 0.43020424 0.37742633
  0.31081638 0.44780344 0.46172321 0.41768074 0.47286242 0.44670171
  0.50552523 0.3854211  0.44161382 0.44026983 0.62167567 0.51088345
  0.47830886 0.34191373 0.59252536 0.5861845  0.50724196 0.53469092]
 [0.24787897 0.20199317 0.25241333 0.37035209 0.29661974 0.29647553
  0.36737323 0.37724254 0.41134965 0.40108615 0.48155034 0.36330479
  0.43840206 0.41458878 0.42350644 0.40039945 0.40429884 0.35721946
  0.40622771 0.47071061 0.40021676 0.48565471 0.44754753 0.55887759
  0.40389073 0.64379001 0.63792241 0.54508597 0.48086387 0.60383272]
 [0.23353413 0.28884044 0.2412571  0.31630766 0.38728863 0.35790631
  0.31055319 0.38266665 0.42225558 0.49139449 0.44822747 0.54693145
  0.40610892 0.44760349 0.5254159  0.48443466 0.52912933 0.47321707
  0.52497882 0.54882598 0.53169459 0.47653681 0.54671305 0.65707886
  0.58749539 0.61708707 0.55997872 0.73048198 0.57005304 0.58904123]]
maxs: [[3.4187181  2.73915386 2.5369904  2.65614223 2.48489809 2.63637352
  2.21265459 2.76326275 2.26307535 2.75483131 3.03739834 2.44033051
  2.43453813 2.50585365 2.16908646 2.84694719 2.54335833 2.59981775
  2.50611329 2.43215537 2.41949606 2.33208561 2.33536887 2.63501024
  2.67457747 2.83490252 2.39609528 2.73625636 2.50021768 2.58079386]
 [3.06245089 2.98937798 2.44766903 2.55644202 2.41616678 2.5533576
  2.2548213  2.50012159 2.30105686 2.3776195  2.77674294 2.60105276
  2.40368748 2.65972042 2.66340256 2.66340256 2.62966728 3.0482986
  2.90420294 2.43411803 2.61681962 3.3205421  2.60347319 2.25097919
  3.14171839 2.49524736 2.46390247 2.71039581 2.72064042 2.71849394]
 [3.4315567  3.44657469 3.38800049 2.28016949 2.8471117  2.22895789
  2.56156683 2.42391348 2.67504597 2.703125   2.30847049 2.86938214
  2.11612654 2.85083842 2.96903944 2.99573517 2.47615123 2.81197286
  2.72959995 2.88144708 2.60162568 2.99281168 2.52908826 3.09420443
  2.74536467 2.34743857 3.03678751 2.68564391 2.44586325 2.88974762]
 [3.18221378 2.75688457 2.59242606 2.70399499 2.66282272 2.45155406
  2.08782959 2.44231224 2.15382123 2.39139414 2.58333659 2.54111814
  2.5410924  2.48500347 2.54632044 2.54320288 3.00577736 2.63748217
  2.41494155 2.30754423 2.43507671 2.66054559 2.42675352 2.41224647
  2.92251277 2.8520267  2.62569118 2.64545512 2.44779611 2.40450215]
 [3.68708134 2.28065228 2.33507204 2.12779427 2.12249684 2.49304271
  2.52287769 2.49662685 2.55275154 2.37868953 2.25731277 2.64273572
  2.46311951 2.34941006 2.80048728 2.91191363 2.72582054 2.66916347
  2.25213742 3.04897213 2.41735578 2.32787752 2.68809557 2.76751828
  2.82849264 2.70556068 2.58854175 2.41804671 2.37339592 2.62446427]
 [2.5730238  3.04657817 2.33434486 2.2506876  2.4703474  2.65112829
  2.46475935 2.48838878 2.5861547  2.6357975  2.44662452 2.43230057
  2.7619803  2.91647387 2.47364068 2.88410521 2.59450388 2.80296898
  2.58696938 2.37123847 2.55230904 2.75176191 2.86336231 2.57593298
  2.96625638 2.86446238 2.68841791 3.09735227 2.65541077 2.65541077]
 [2.22075915 2.34208775 2.43614912 2.3172698  2.40193248 2.26767302
  2.76522493 2.48155689 2.4793241  2.83451295 2.35938549 2.71327209
  2.63631797 2.71407866 2.38737869 2.35827279 2.61234951 2.84571123
  2.31387854 2.47808456 2.55898762 2.49522114 2.45425844 2.7952168
  2.53677487 2.27689791 2.89577198 2.73299646 2.8217206  2.60805225]
 [2.1545558  2.18283176 2.69620132 2.35604048 2.48361683 2.53924394
  2.35500431 2.24777579 2.5198164  2.27495122 2.90645242 2.61892271
  2.35221481 2.54299784 2.66649389 2.6659379  2.6685183  2.10781312
  2.63147163 2.51884151 2.79478598 2.61574078 2.99060607 2.53337455
  2.30034947 2.37123299 2.50263762 2.7953558  2.72483158 2.85783052]
 [2.60362148 2.45836067 2.26598358 2.48709059 1.98869586 2.68561506
  2.13922    2.7753911  2.35411167 2.46572328 2.50792837 3.2363224
  2.84846163 2.58265591 2.39718199 2.64879322 2.89343023 2.58996344
  2.63399863 2.54929018 2.48860073 2.51961756 2.54816532 2.58656859
  2.94383812 2.25635338 2.2854445  2.42879963 2.52989769 2.56361747]
 [2.38244057 2.36801052 2.05644107 2.08565617 2.29342294 2.5265708
  2.45033741 2.27755594 2.17982507 2.74487114 2.46228576 2.41496086
  2.010499   2.59260821 2.28378201 2.53460908 2.28111792 2.39792895
  2.65771008 2.44242477 2.40613675 2.64189529 2.9547956  2.75573826
  2.17883253 2.82097626 2.41567659 2.71797442 2.34290266 2.44925594]]
test_losses: [[0.91626418 0.87037824 0.97891633 1.08072712 0.98075748 1.16636516
  1.16044573 1.1163592  1.19978729 1.32799595 1.37245609 1.36369717
  1.33461729 1.50374055 1.2328734  1.32256293 1.24669795 1.39990557
  1.40633121 1.36092247 1.35729374 1.37268896 1.40640846 1.44282173
  1.3428984  1.29735096 1.42836107 1.6925397  1.33150875 1.47197948]
 [0.91678202 0.91110312 0.95174025 1.02486742 1.04764127 1.09509487
  1.08614392 1.19772064 1.0842758  1.3910694  1.26556916 1.2745585
  1.31185105 1.47682817 1.3314129  1.57984214 1.3543208  1.58572498
  1.4739336  1.27855703 1.5255349  1.24815145 1.46430323 1.10727343
  1.41869961 1.57499624 1.5049936  1.41526792 1.58376625 1.31275964]
 [0.87915534 0.99404118 0.91760339 0.93502799 1.0522457  1.14091329
  1.07606507 1.17478363 1.25500044 1.10380691 1.17347588 1.33503713
  1.13273645 1.3147461  1.34997482 1.51611635 1.41128632 1.43066617
  1.47268007 1.30319967 1.24790367 1.39386727 1.40223767 1.38896763
  1.59266929 1.32051272 1.40000776 1.38899824 1.6045634  1.5723722 ]
 [0.92765782 0.84351825 1.08743428 1.06557337 1.05468323 1.14544115
  1.06353382 1.10121283 1.25903782 1.10988901 1.24579739 1.18839911
  1.35212509 1.24956448 1.28517224 1.30433864 1.34245333 1.426458
  1.327671   1.33314855 1.51425933 1.48956648 1.44258775 1.51359979
  1.50269119 1.57526788 1.44555676 1.49884321 1.48209713 1.49545071]
 [0.88505448 0.86218112 0.96075827 0.99436509 1.05109969 1.06964384
  1.29801403 1.31490262 1.16745663 1.2869413  1.33806213 1.28632194
  1.32442084 1.33505363 1.24740599 1.30863692 1.32774576 1.30295026
  1.27392459 1.47584741 1.34813507 1.38499093 1.39450684 1.70129647
  1.57309163 1.22321417 1.45929459 1.49079089 1.37839787 1.61033158]
 [0.86362316 0.91094618 0.98960963 1.07099561 1.08057912 1.19692267
  1.16153617 1.1620534  1.11894514 1.23906083 1.2975104  1.31804499
  1.20352795 1.34004464 1.32804961 1.51342814 1.40370881 1.34875961
  1.31686889 1.36324606 1.37220404 1.4481314  1.401345   1.38254135
  1.4771942  1.30320216 1.5062228  1.46732025 1.50147898 1.46448807]
 [0.86633784 0.8437779  0.96896849 0.9603268  1.02413558 1.03582038
  1.25775072 1.25081879 1.21896522 1.29070831 1.13998615 1.25149104
  1.27365513 1.45199761 1.44193664 1.34038227 1.4278953  1.48903859
  1.40285943 1.3536585  1.27540736 1.23175676 1.51343231 1.45474271
  1.30904652 1.31728036 1.57270663 1.53972299 1.50967013 1.30244955]
 [0.86578786 0.89638378 0.91228003 1.06375023 1.08544951 1.10885188
  1.22796782 1.08461383 1.17461939 1.23729318 1.37455439 1.26168821
  1.16663458 1.39189842 1.25286304 1.34788874 1.29170515 1.23917665
  1.31324081 1.36064696 1.38279058 1.46461476 1.53766325 1.36080819
  1.29099167 1.42581525 1.5488008  1.45427936 1.53184421 1.38409644]
 [0.90185309 0.87311679 0.92484858 0.98796264 0.94387115 1.16253624
  1.1021497  1.23502933 1.06600773 1.2550832  1.23140544 1.36640445
  1.29721596 1.36204787 1.28637717 1.17527687 1.37423123 1.34690794
  1.41122242 1.24464811 1.30527048 1.38633193 1.31091905 1.36646087
  1.56341606 1.39989126 1.49118114 1.42066218 1.28564756 1.37793321]
 [0.89705097 0.90270561 0.92074141 0.99784046 1.0287047  1.16268544
  1.23043868 1.15737996 1.18088177 1.25637217 1.22025016 1.1908995
  1.18426014 1.24516664 1.32783607 1.20847689 1.19826183 1.22871414
  1.42296519 1.30009612 1.33569025 1.42772094 1.55025569 1.47843548
  1.32822915 1.38045226 1.32119615 1.45008956 1.55479597 1.52463781]]
