args:  Namespace(attack='fgm', c=0.1, ndim=7)
elapsed time: 102105.662196664
mins: [[0.12132946 0.1288372  0.12160295 0.19625649 0.14983979 0.17763953
  0.22019564 0.20559734 0.33765125 0.25069812 0.34576893 0.20510928
  0.33980498 0.33704174 0.35504389 0.34966367 0.46159089 0.36914846
  0.28478906 0.45896152 0.27686083 0.42999119 0.42585072 0.1989748
  0.3166298  0.6492576  0.26084721 0.49674618 0.56549835 0.31481212]
 [0.1006547  0.15887932 0.09905514 0.18412751 0.14181367 0.17957325
  0.20601001 0.26345843 0.25818902 0.29816619 0.270394   0.23519042
  0.29271102 0.25643238 0.42290592 0.39510274 0.29088593 0.41831928
  0.25808409 0.43199241 0.38060462 0.2708264  0.48391324 0.49889216
  0.25792906 0.40983999 0.28454971 0.51692057 0.32756153 0.25692654]
 [0.10523355 0.12812467 0.10070841 0.16489892 0.1794104  0.17919439
  0.19743396 0.28646576 0.24084835 0.20736659 0.25004297 0.35691789
  0.40135574 0.3666324  0.37489766 0.33894116 0.47605616 0.41655445
  0.33719596 0.50118572 0.38609165 0.2906794  0.49494269 0.37673557
  0.47548965 0.39693993 0.62503839 0.4930234  0.56619954 0.52582824]
 [0.07788652 0.10034564 0.1646973  0.18272933 0.15894958 0.20766868
  0.22409979 0.37768725 0.25337884 0.30956575 0.29437143 0.41268578
  0.37601811 0.29899687 0.35577357 0.3542757  0.32791579 0.27932963
  0.2807582  0.42805657 0.49635133 0.54548323 0.1931788  0.44419986
  0.51705295 0.40496624 0.4694854  0.49169296 0.3381736  0.47161922]
 [0.16796327 0.13679065 0.18832251 0.1776132  0.21458562 0.22445723
  0.20156257 0.22061643 0.22061643 0.31698346 0.30331522 0.27674419
  0.38215661 0.41853046 0.30834275 0.24947326 0.34256762 0.32278964
  0.32805753 0.2211988  0.3522127  0.46336603 0.48485941 0.26968828
  0.3322427  0.25482792 0.33175871 0.39905116 0.4900493  0.48814607]
 [0.09158534 0.09245165 0.16091274 0.19532208 0.17347173 0.1836887
  0.17202741 0.20098038 0.32389128 0.29770947 0.3095479  0.23012595
  0.38099176 0.25168508 0.4021619  0.3153643  0.25246263 0.27777144
  0.29639867 0.22623324 0.35665464 0.52177417 0.46148652 0.39855489
  0.3986336  0.37573254 0.30934167 0.40270424 0.21849304 0.39529833]
 [0.11746846 0.11202797 0.1660046  0.15976951 0.18061443 0.16384998
  0.18449864 0.31085998 0.17177095 0.23132914 0.3508451  0.34084827
  0.20934919 0.30381852 0.40204749 0.43698469 0.25995299 0.33743915
  0.1770435  0.44979212 0.43001366 0.36972305 0.36759698 0.61581397
  0.36437288 0.41108605 0.35776687 0.57718933 0.41685629 0.48856413]
 [0.14386238 0.128314   0.13579473 0.20745879 0.1473646  0.19300625
  0.24841674 0.25776556 0.24089931 0.17031999 0.27623975 0.19839871
  0.29511917 0.42882195 0.19489443 0.38472095 0.25611573 0.20816612
  0.28036109 0.39644393 0.27734643 0.44729266 0.48475665 0.51217425
  0.46692893 0.27737683 0.33799469 0.47595972 0.25992382 0.59391207]
 [0.09869939 0.15062366 0.19290486 0.22095624 0.14103881 0.25272381
  0.21956596 0.27942133 0.19071712 0.21797067 0.29822212 0.25560752
  0.24446982 0.3024064  0.2814281  0.44022268 0.2922101  0.25918943
  0.35193899 0.39496282 0.34393227 0.57182801 0.33938658 0.41141403
  0.33653784 0.38642198 0.4812938  0.44605577 0.41569519 0.25755769]
 [0.12228195 0.16630301 0.17498177 0.19384375 0.20861606 0.27594391
  0.30014437 0.31941399 0.28214055 0.26773515 0.24604888 0.33032018
  0.41507688 0.19276184 0.36936569 0.22833006 0.49316877 0.324117
  0.32742703 0.3095006  0.2573109  0.38863105 0.52804202 0.53610766
  0.38125625 0.42235792 0.31346691 0.49913538 0.3453756  0.44639811]]
maxs: [[4.3786478  2.54936147 3.21705341 2.24537849 2.18620229 1.89378333
  2.17042398 1.72705531 2.45217228 2.59406877 2.3952322  2.23892856
  2.14296174 2.1352284  2.12958741 1.98365259 1.99282134 2.54175305
  2.13418365 2.17533016 2.12783718 2.20333529 2.16603684 1.98634577
  1.87714648 2.24672699 2.04871082 2.19690895 1.90058565 2.03136539]
 [3.01724339 2.10787344 2.48014784 2.04886198 2.66496706 1.9682039
  2.26927686 2.21089864 2.74380159 2.25178051 2.0964694  2.35358143
  2.91752672 1.89186513 2.21988726 2.38299847 1.94383812 2.30735278
  2.06171536 2.25616741 2.17328334 2.2198019  1.97432482 2.38522768
  1.81938887 2.14054012 2.18997717 2.33911848 1.92480612 1.96732998]
 [2.92397976 1.65351665 2.20233154 1.65334249 2.76462603 2.13524771
  2.13081813 2.10232162 2.47294879 2.37389851 2.51363754 1.83914542
  2.23265028 2.15319324 2.13285971 1.90848255 2.22662067 2.46694326
  2.48086381 2.72445107 2.50799561 2.03760552 2.5740335  2.37264681
  2.51515675 2.25132251 2.2186265  2.15767097 2.59316874 2.75793695]
 [3.42396688 2.60237217 2.06834745 2.24584055 1.95835507 2.17183042
  1.77806044 2.34371758 2.03309846 2.16810751 1.9218502  2.19300342
  2.43087387 2.54741669 2.02898026 1.82707918 2.08358192 2.51876593
  2.21368527 2.55621052 2.62334657 2.35063267 1.87966502 1.82508266
  2.66297436 2.28336883 2.28240895 2.34826326 2.63635111 2.28993845]
 [3.06291986 2.34274673 2.72041154 2.3152895  2.11825633 2.57185984
  1.87874937 1.83684039 2.2191155  2.3598423  1.96637809 1.67676473
  2.15398002 2.09736919 2.69105768 2.63744736 1.99879503 2.68649602
  2.0992322  1.96080995 2.20880747 1.59982419 2.36344528 2.09183574
  2.59009314 2.4607358  2.45010233 2.26934505 2.11947799 2.41130781]
 [2.80585074 2.07952118 2.37233829 2.1161561  1.98905635 2.58335304
  2.63562346 1.67114353 2.29860687 2.16443706 2.14964342 2.81796741
  2.50830746 2.28868198 2.09296417 2.59962153 2.10372162 1.91660511
  2.23632693 1.75007081 2.06776285 2.38378096 2.4156847  2.24314618
  2.09686065 2.13571453 2.34562159 2.34562159 2.39405775 1.93921697]
 [2.70671463 2.36941719 1.93311334 2.03600168 2.25346828 2.38760495
  2.51430464 2.60992622 2.13943672 1.88631833 2.03089666 2.42461514
  2.6547122  2.2497654  2.32633471 2.57402873 2.54680204 2.33598328
  2.28946614 1.99543667 2.38351178 2.46179128 2.39853716 2.40086365
  2.45047903 2.14706707 2.95668793 2.26642895 3.24423027 2.81623507]
 [3.22442293 2.6400125  1.77273679 1.97684753 2.38860583 2.28755188
  1.93451583 2.08429575 2.35654545 2.05755162 2.33415318 2.17298079
  2.3686409  2.50299549 2.25851965 1.85994959 2.2155304  1.90915596
  2.11979294 2.46899414 2.27569103 2.48904681 2.4765451  2.56285715
  2.40165854 2.11740971 2.20696998 1.89963055 2.74231815 2.73613167]
 [2.70181942 2.11976385 2.13404775 2.42939711 2.65610933 2.02004766
  2.35557842 2.12700939 2.21098804 2.41627693 1.78749466 2.18763614
  2.63842249 2.37827826 2.31283545 2.19526529 2.47826767 2.47826767
  2.15369415 2.50924063 2.4138813  2.62950182 2.11831284 2.39859867
  2.51131654 2.19910002 2.41604042 1.83226895 2.8498354  1.9995681 ]
 [2.16647768 2.2799685  1.80348277 1.86294627 2.29729366 2.19592381
  2.5543828  1.8171382  2.02689934 2.48443985 2.36645508 1.94755661
  2.15042925 2.04964614 2.39578366 2.02983522 2.04411197 2.13045883
  2.220186   2.20289779 2.12409472 2.37911654 2.47141933 1.93127346
  2.34856749 2.13539124 1.98428226 2.81855035 2.12298965 2.48039103]]
test_losses: [[0.93768766 0.88958462 0.74093259 0.84346507 0.85066963 0.9947867
  0.84322226 0.76514395 1.10124005 1.05833379 1.09396698 0.81502874
  1.07338629 0.92647916 1.12332741 1.09460697 1.10932175 1.11758569
  0.97474729 1.08911304 1.13340795 1.08942876 1.14071191 1.00362488
  1.09787598 1.33298258 1.06372425 1.13044573 1.07955108 1.14361342]
 [0.82081158 0.69479691 0.71267697 0.82343179 0.76846782 0.85755597
  0.88052032 0.94714093 0.95944617 0.94712411 0.94571129 1.03587455
  1.13140465 0.8985704  1.01663591 1.05270256 0.91993611 1.07662157
  1.22753475 0.93649216 1.12740107 1.01474984 1.24576471 1.13563066
  0.97743474 1.07736292 1.10489505 1.19794852 0.92006937 0.98651396]
 [0.87669177 0.68338131 0.80230927 0.72948128 0.87619525 0.85884229
  0.79429417 0.8793024  0.91108959 0.93209341 0.91762551 0.93513548
  1.10759614 0.92227865 1.13070682 1.0780557  1.14350914 1.10098547
  1.02005746 1.13673168 1.17598789 1.0143874  1.08898729 1.09653413
  1.20679508 1.1914394  1.0918839  1.10551097 1.21128166 1.43067282]
 [0.71992456 0.69135759 0.78542969 0.8209534  0.83073749 0.88783969
  0.84651502 0.96441839 0.86324578 0.98501897 0.89334785 1.08330202
  0.98247093 1.08818904 1.02252267 0.98627909 1.10625072 0.98963866
  1.00384739 1.04233434 1.19056531 1.05925192 0.97516101 0.97156546
  1.12368215 1.09811096 1.12669009 1.05682357 1.32829147 1.18615636]
 [0.81666531 0.70084009 0.81512465 0.67658012 0.77330138 0.88241081
  0.80648892 0.88201146 0.91057461 0.96815356 1.01449896 0.84226779
  1.12096173 0.93009489 1.04571152 0.93592862 1.01210442 1.43234242
  0.95682396 1.08200259 1.08865008 0.97205151 1.1615215  1.06652899
  0.94014534 1.02863907 1.21077611 1.01141764 0.99997071 1.16450255]
 [0.70403294 0.76736294 0.78305424 0.79822439 0.73307412 0.99878343
  0.92579812 0.82506363 0.9340015  1.06114843 0.94834827 1.04437117
  1.24355449 0.8550987  1.12692439 0.96926918 0.98975043 1.02733455
  0.9592802  0.99127423 1.17079316 1.13029098 1.05795404 1.01166594
  1.14715035 1.05518009 1.06881216 1.32846434 1.12734018 1.01849351]
 [0.75752151 0.72990579 0.70737228 0.78191288 0.9088986  0.83229362
  0.95437286 0.86577872 0.96262237 0.896168   1.04080998 1.11477466
  1.03999031 1.02978811 0.99493186 1.11679331 1.19398561 0.99042213
  1.05607347 1.07121109 1.05611839 1.14815891 1.21135311 1.29045113
  1.13297065 1.09266648 1.22096529 1.08597954 1.09355561 1.1961024 ]
 [0.76530685 0.73117398 0.72189387 0.78301406 0.73102146 0.80713398
  0.9086428  0.98000972 0.81146988 0.88857998 1.04322202 0.95505796
  1.03522124 0.8745156  1.06524214 0.98039768 1.01181126 1.12702672
  1.01148084 1.17734448 0.99133269 1.16722937 1.12117188 1.17478746
  1.08066316 1.00201397 1.03529287 0.98945764 1.3581264  1.22366552]
 [0.74331107 0.72574142 0.8156362  0.70359829 0.79370566 0.93676353
  0.83199893 0.78101221 0.96132847 0.95360292 0.88583356 1.00466059
  1.08757401 1.02049081 1.04804563 1.11303586 1.02134669 1.02308239
  1.16491633 1.10147453 1.01833009 1.19671346 1.11095962 1.16742967
  1.20428594 1.1595944  1.2451093  1.19620595 1.10997145 0.92954915]
 [0.75434627 0.76076078 0.70092549 0.81167823 0.83934492 0.98153509
  0.95617637 0.86914963 1.04602092 0.92062395 0.97811561 1.1507786
  1.06185115 0.98036887 1.07746552 0.97741451 0.97283725 0.99161212
  1.13526408 1.05144717 1.03466005 1.12956564 1.07099611 1.11868255
  0.93479876 1.22078474 1.04127945 1.1422763  0.98818749 1.09377775]]
