args:  Namespace(attack='pgd', c=0.1, ndim=10)
elapsed time: 182746.33507650002
mins: [[0.         0.         0.         0.         0.         0.
  0.         0.         0.         0.         0.         0.
  0.         0.         0.         0.         0.         0.
  0.         0.         0.         0.         0.         0.
  0.         0.         0.         0.         0.         0.        ]
 [0.00280185 0.00157028 0.         0.         0.         0.
  0.         0.         0.         0.         0.         0.
  0.         0.         0.         0.         0.         0.
  0.         0.         0.         0.         0.         0.
  0.         0.         0.         0.         0.         0.        ]
 [0.00987426 0.         0.         0.         0.         0.
  0.         0.         0.         0.         0.         0.
  0.         0.         0.         0.         0.         0.
  0.         0.         0.         0.         0.         0.
  0.         0.         0.         0.         0.         0.        ]
 [0.00215687 0.00171755 0.00079815 0.         0.         0.0002383
  0.         0.         0.         0.         0.         0.
  0.         0.         0.         0.         0.         0.
  0.         0.         0.         0.         0.         0.
  0.         0.         0.         0.         0.         0.        ]
 [0.00904782 0.00344808 0.00385591 0.00165236 0.00069753 0.00283073
  0.         0.00065953 0.00123884 0.         0.         0.00051473
  0.         0.         0.         0.         0.         0.
  0.         0.         0.         0.         0.         0.
  0.         0.         0.         0.         0.         0.        ]
 [0.00990169 0.00589506 0.00690608 0.00636033 0.00397829 0.00268033
  0.00238382 0.         0.00047239 0.00076011 0.00119563 0.
  0.         0.         0.         0.         0.00047992 0.00052975
  0.00113846 0.         0.         0.         0.         0.
  0.         0.         0.         0.         0.         0.        ]
 [0.0102845  0.00947488 0.0070057  0.00811699 0.00616326 0.00914272
  0.00345412 0.00265635 0.         0.00364311 0.00178387 0.00302149
  0.00252344 0.00167734 0.         0.00173069 0.         0.0026856
  0.         0.         0.         0.         0.00213639 0.
  0.         0.00246445 0.00052487 0.         0.00079208 0.00055024]
 [0.02987595 0.01291456 0.00897258 0.01024127 0.01682951 0.01049928
  0.01224358 0.00891069 0.01047836 0.00760679 0.00977968 0.01673294
  0.00994118 0.00523898 0.00615651 0.00605911 0.01400529 0.00616375
  0.00754782 0.00290829 0.00608455 0.00975945 0.00267769 0.00492507
  0.00571074 0.00419699 0.00383089 0.01093995 0.00323465 0.00764004]
 [0.0148091  0.02451042 0.02573162 0.00916145 0.01430754 0.00866004
  0.01744213 0.00849085 0.02033228 0.01198176 0.02416631 0.02739397
  0.01692882 0.00569364 0.02681245 0.02414203 0.00669687 0.00649908
  0.01469446 0.01705855 0.00927372 0.0114088  0.02482857 0.00867702
  0.02456383 0.00939195 0.02553441 0.01020126 0.03264672 0.00556703]
 [0.02877695 0.02963874 0.02805163 0.04828131 0.01487639 0.02343938
  0.02843589 0.01849111 0.02342275 0.02548708 0.01493447 0.05171547
  0.07307594 0.03623543 0.03032579 0.0115637  0.03467158 0.04727943
  0.03918141 0.08595431 0.01791281 0.02096273 0.01346068 0.06415924
  0.05757503 0.03251478 0.01466334 0.05634336 0.08390294 0.03596326]]
maxs: [[2.3116045  0.62217355 0.28735393 0.29467037 0.21696731 0.21323061
  0.08317233 0.0677255  0.0611908  0.06183206 0.09060018 0.06071213
  0.03584234 0.04115038 0.03724578 0.0365439  0.0345019  0.03656456
  0.03798959 0.03445699 0.03031065 0.04335043 0.03422127 0.03877612
  0.03291867 0.05044395 0.03788902 0.02669923 0.03263973 0.03310486]
 [1.3002553  0.4488638  0.25775158 0.20569575 0.15104337 0.12933007
  0.09220996 0.10373473 0.29305521 0.08856755 0.09973253 0.08199164
  0.10523428 0.08841641 0.06986687 0.046442   0.04312862 0.03701656
  0.08753331 0.05310111 0.06345389 0.08634762 0.05170665 0.0610052
  0.11172759 0.03701175 0.07149346 0.04641855 0.05673888 0.03876209]
 [1.66912425 0.76937854 0.54851156 0.35743868 0.42533559 0.19534498
  0.15434755 0.16497639 0.1862691  0.13763136 0.15432328 0.15779263
  0.23866731 0.15589802 0.11461225 0.1295141  0.0980926  0.25353295
  0.07140703 0.11217217 0.16533199 0.21063617 0.13353744 0.11191144
  0.07893065 0.14338262 0.18954608 0.09454457 0.08574591 0.06236941]
 [1.40516007 0.8522023  0.9701395  0.4349432  0.38703948 0.29301968
  0.26877236 0.30078682 0.20251569 0.37870076 0.25849423 0.21709354
  0.16535467 0.20193505 0.20589617 0.22624555 0.30116168 0.17212676
  0.15249771 0.16649079 0.18616366 0.18036491 0.27160031 0.18968244
  0.14622045 0.13186574 0.21195364 0.14253813 0.16669218 0.22755696]
 [1.47538567 0.74231166 0.64288712 0.66203064 0.63960403 0.56775886
  0.85450888 0.74579096 0.58482254 0.4973402  0.78367579 0.33487278
  0.25612459 0.25389028 0.35377055 0.40217564 0.36619022 0.3827284
  0.33983237 0.34828949 0.31236261 0.4436217  0.42690134 0.3393949
  0.95716721 0.25517014 0.26832348 0.30651927 0.29896146 0.31980398]
 [1.89052773 1.78819895 1.95991135 1.14509749 1.74332452 1.29346347
  0.54644126 1.764364   1.85526443 0.89998662 1.68900323 1.697124
  0.46819347 1.24366534 0.49644917 1.59045494 1.67822194 0.86664313
  0.37223244 0.80053413 0.80446768 0.56281173 0.55818331 0.31143159
  0.47381788 0.4710989  0.31620911 0.756037   0.38580811 1.31096148]
 [1.86154604 1.89621282 1.77098703 1.80558586 1.95736814 1.96284449
  1.75533438 1.91238701 1.93928957 2.01750398 1.86371171 1.94483674
  1.92002523 1.90144765 1.74228668 1.79848909 1.8629241  1.92018855
  1.82659912 1.82506835 1.86961079 1.89626336 1.91811466 1.84324753
  1.80312955 1.91507292 1.82211483 2.09752417 1.84691525 1.92408299]
 [2.02582717 2.11382389 2.07592893 2.12370539 2.09168863 2.05587411
  2.12499166 2.06168747 2.04706764 2.07298565 2.03961229 2.09516168
  2.05023193 2.11933947 2.06439209 2.11859131 2.11247015 2.03088474
  2.06311131 2.18859529 2.03442955 2.04804087 2.04595518 2.11504245
  2.13159013 2.15092349 2.07791948 2.08869553 2.0347054  2.0750041 ]
 [2.0906558  2.07411003 2.08806634 2.08993149 2.15250492 2.16822457
  2.11977005 2.12432909 2.1323328  2.06317449 2.1960659  2.10792518
  2.12755656 2.12045813 2.12300301 2.13159943 2.14656377 2.10355043
  2.11636066 2.08670449 2.08001184 2.10602069 2.143682   2.16816187
  2.18932962 2.11615705 2.08090758 2.15437651 2.17125583 2.13954067]
 [2.16872263 2.12280011 2.22294617 2.15507507 2.14844012 2.10638189
  2.1161828  2.17907596 2.15594196 2.11230564 2.19955206 2.08878517
  2.10602283 2.18116951 2.16778708 2.14021158 2.12505388 2.18627095
  2.1944623  2.12977719 2.18697715 2.17272854 2.13902617 2.14309359
  2.16777563 2.10502911 2.10806465 2.13987136 2.13666391 2.14791632]]
test_losses: [[0.17795623 0.04181044 0.02351766 0.01698087 0.01466341 0.01316613
  0.01132072 0.009646   0.01028216 0.01041828 0.00958145 0.00894807
  0.00917101 0.00858156 0.0095144  0.00845295 0.00886451 0.00873061
  0.00923148 0.00788925 0.00863323 0.00796927 0.0085424  0.00795182
  0.00794456 0.00832713 0.00808071 0.00748306 0.00809826 0.00739333]
 [0.16563339 0.05070684 0.02966486 0.02267399 0.01823906 0.01681413
  0.01274699 0.0116131  0.01173118 0.01017073 0.00851315 0.00775181
  0.00624477 0.00774553 0.00775318 0.00661224 0.00608182 0.00619453
  0.00687329 0.00602609 0.00613399 0.00598476 0.00611073 0.00635775
  0.00710145 0.00592982 0.00535308 0.00568294 0.00574809 0.00560816]
 [0.14519277 0.07078936 0.04226508 0.03143597 0.02731774 0.02153037
  0.02070068 0.01851091 0.01682007 0.01690426 0.01664116 0.01406708
  0.01549845 0.01274537 0.01226158 0.01195255 0.01118454 0.01083285
  0.01024389 0.01019504 0.01034653 0.01056393 0.0096913  0.00874873
  0.00870102 0.00930813 0.00978509 0.00885143 0.00872138 0.00797266]
 [0.18660819 0.10018684 0.06833733 0.05510114 0.04615088 0.045474
  0.0400295  0.03587671 0.03023731 0.03111007 0.03067429 0.02596139
  0.02733237 0.0227468  0.02575901 0.02430621 0.02797578 0.02553036
  0.02218233 0.02343043 0.02334486 0.02451023 0.02453805 0.02404696
  0.02214884 0.02333221 0.02125411 0.02219762 0.02184841 0.02169457]
 [0.21219206 0.16029573 0.11612445 0.10134538 0.07835295 0.07584213
  0.06578384 0.06123417 0.05816843 0.0550225  0.05964176 0.04348633
  0.04677682 0.04048803 0.03854613 0.04244438 0.03942699 0.03895449
  0.03592549 0.04026687 0.03585284 0.0388828  0.04030104 0.03478514
  0.03605383 0.02900935 0.03101523 0.03108079 0.03040702 0.02416687]
 [0.28813251 0.1957853  0.16080682 0.12482315 0.11290637 0.09826747
  0.09046865 0.10569261 0.07643492 0.07789111 0.08320237 0.07788349
  0.06156053 0.07048333 0.05866643 0.07221466 0.06600952 0.05770937
  0.0475837  0.05792577 0.05566035 0.04679669 0.04697775 0.04266176
  0.05519111 0.04370103 0.03920037 0.0435087  0.04180255 0.04545492]
 [0.31154867 0.26381986 0.18365763 0.18031147 0.18052392 0.16705521
  0.13735316 0.16897344 0.12722219 0.14210772 0.14851311 0.15244883
  0.13816447 0.14235594 0.11361036 0.12268462 0.12282204 0.11114432
  0.12263429 0.12388452 0.12086629 0.15991853 0.13076822 0.13817201
  0.11553043 0.12625173 0.12364114 0.12585253 0.11651139 0.12004868]
 [0.52750957 0.56812003 0.62374358 0.59241237 0.66435363 0.65380665
  0.67381465 0.63286757 0.65322089 0.71630217 0.72927672 0.82234108
  0.7371158  0.77616453 0.77369793 0.8341915  0.75529221 0.74138139
  0.83686455 0.85317274 0.79133702 0.82385123 0.79410296 0.73823356
  0.81465398 0.81991245 0.80008126 0.86272459 0.75955955 0.79449839]
 [0.78878129 0.93054442 1.01810395 1.11090972 1.1962447  1.27939258
  1.3051544  1.31766559 1.37060603 1.35276261 1.4099487  1.40201053
  1.39038394 1.42515793 1.42473696 1.37624743 1.41039084 1.35443766
  1.43855542 1.47748783 1.44100692 1.48765689 1.4750091  1.47357047
  1.4226432  1.48964914 1.50825978 1.52292383 1.47848341 1.46663598]
 [1.05131934 1.32811787 1.49961903 1.55297159 1.58835235 1.58085618
  1.64920945 1.63045933 1.69792015 1.71611401 1.72934799 1.7459235
  1.72816468 1.75664122 1.69970147 1.75445325 1.74580048 1.74639901
  1.76526866 1.83034406 1.77581436 1.78133508 1.75934256 1.81801803
  1.77993974 1.77379587 1.81883352 1.79207469 1.76461088 1.79601295]]
