args:  Namespace(ndim=1)
x_test tensor([[-0.1408],
        [-0.7776],
        [-0.1084],
        [ 0.4531],
        [-0.9178],
        [ 0.2889],
        [-0.5374],
        [ 0.3657],
        [-0.8585],
        [-0.5071],
        [ 1.4955],
        [ 0.6134],
        [-1.2553],
        [-0.0748],
        [ 2.6543],
        [ 0.1153],
        [-0.8534],
        [ 1.3909],
        [ 0.0630],
        [ 1.0148],
        [-0.7743],
        [-1.1247],
        [-0.6837],
        [ 1.4493],
        [-1.6067],
        [-0.2708],
        [-1.6490],
        [ 1.6857],
        [ 0.2071],
        [ 0.0071],
        [ 0.0715],
        [ 1.7456],
        [-0.8458],
        [-2.0160],
        [-0.2148],
        [-2.1583],
        [ 0.9860],
        [ 0.4224],
        [ 1.8461],
        [ 0.3980],
        [-0.6832],
        [-0.2346],
        [ 2.0990],
        [-0.3376],
        [ 0.1861],
        [-0.0959],
        [-0.2212],
        [-0.3372],
        [-0.2383],
        [ 1.8078],
        [-0.5282],
        [ 0.5815],
        [-1.6321],
        [ 0.1267],
        [-0.8084],
        [ 0.9928],
        [-1.3539],
        [ 0.1987],
        [ 1.1996],
        [ 1.1947],
        [-0.4344],
        [-0.9357],
        [-0.7230],
        [ 1.0287],
        [-0.1352],
        [-0.3874],
        [ 1.2847],
        [-2.0423],
        [-0.9621],
        [-2.2898],
        [-0.3826],
        [ 0.2712],
        [ 0.3152],
        [-0.0493],
        [-1.5147],
        [-1.4196],
        [-0.9680],
        [-0.9020],
        [-0.8966],
        [-1.4463],
        [ 0.0500],
        [ 0.4437],
        [-1.4996],
        [ 0.2367],
        [-0.1046],
        [ 0.5194],
        [-3.2947],
        [-1.1179],
        [ 1.0356],
        [-0.7153],
        [ 0.4199],
        [-2.2557],
        [ 0.5907],
        [-1.5776],
        [-0.8273],
        [ 0.6134],
        [ 1.0799],
        [-1.1990],
        [ 0.7017],
        [-0.1956]])
y_test tensor([[-0.5793],
        [-2.2858],
        [-1.9879],
        [ 0.4043],
        [-1.7923],
        [ 0.6271],
        [ 0.3387],
        [ 0.6262],
        [-0.1260],
        [-1.4834],
        [ 1.2215],
        [ 0.4341],
        [-1.7719],
        [-2.5004],
        [ 1.9258],
        [ 2.6451],
        [-1.3623],
        [ 1.3201],
        [-0.2898],
        [ 0.9095],
        [-1.4298],
        [-1.6510],
        [ 1.1005],
        [ 1.4676],
        [-2.9467],
        [ 0.4421],
        [-1.8168],
        [ 2.4677],
        [ 0.6115],
        [ 0.8167],
        [ 1.4981],
        [ 0.8788],
        [-1.0928],
        [-2.2794],
        [-0.0463],
        [-2.7035],
        [ 1.9707],
        [-0.9335],
        [ 2.0908],
        [ 0.2795],
        [ 1.1132],
        [ 0.2075],
        [ 3.2408],
        [-0.4259],
        [-0.8955],
        [ 0.9176],
        [-1.5151],
        [ 0.4752],
        [ 0.9903],
        [ 3.3328],
        [-1.6553],
        [ 2.5234],
        [-2.8202],
        [ 0.5117],
        [-0.2981],
        [ 1.8559],
        [-1.0687],
        [-0.8138],
        [ 1.7138],
        [ 1.5864],
        [-1.7120],
        [-0.3737],
        [-0.7367],
        [ 1.7398],
        [ 0.2089],
        [-0.1693],
        [ 2.4531],
        [-0.8139],
        [-0.1742],
        [-2.1044],
        [ 1.1351],
        [ 2.8217],
        [ 0.1410],
        [ 0.2071],
        [-1.8576],
        [-0.9641],
        [-2.0248],
        [-0.1365],
        [-0.4111],
        [-1.3680],
        [-1.3281],
        [-0.7302],
        [-1.1155],
        [ 1.1259],
        [-0.4996],
        [ 0.0241],
        [-3.1590],
        [-0.8146],
        [ 1.4541],
        [-0.1358],
        [ 0.7201],
        [-3.3176],
        [ 0.5232],
        [-1.8786],
        [-1.2294],
        [ 0.1368],
        [ 0.9965],
        [-1.3522],
        [ 0.5520],
        [ 0.5069]])
eps 0
mu tensor([[-0.0496],
        [-0.5741],
        [-0.0156],
        [ 0.5481],
        [-0.6311],
        [ 0.3991],
        [-0.4206],
        [ 0.4715],
        [-0.6100],
        [-0.3967],
        [ 0.7615],
        [ 0.6687],
        [-0.6675],
        [ 0.0201],
        [ 0.2232],
        [ 0.2225],
        [-0.6080],
        [ 0.7968],
        [ 0.1672],
        [ 0.8311],
        [-0.5724],
        [-0.6697],
        [-0.5221],
        [ 0.7782],
        [-0.5798],
        [-0.1827],
        [-0.5633],
        [ 0.6784],
        [ 0.3176],
        [ 0.1076],
        [ 0.1763],
        [ 0.6486],
        [-0.6049],
        [-0.3962],
        [-0.1263],
        [-0.3296],
        [ 0.8266],
        [ 0.5219],
        [ 0.5966],
        [ 0.5005],
        [-0.5218],
        [-0.1465],
        [ 0.4628],
        [-0.2475],
        [ 0.2962],
        [-0.0023],
        [-0.1329],
        [-0.2472],
        [-0.1501],
        [ 0.6167],
        [-0.4135],
        [ 0.6470],
        [-0.5700],
        [ 0.2345],
        [-0.5887],
        [ 0.8278],
        [-0.6537],
        [ 0.3091],
        [ 0.8347],
        [ 0.8351],
        [-0.3358],
        [-0.6365],
        [-0.5451],
        [ 0.8329],
        [-0.0438],
        [-0.2938],
        [ 0.8225],
        [-0.3837],
        [-0.6439],
        [-0.2716],
        [-0.2894],
        [ 0.3817],
        [ 0.4244],
        [ 0.0473],
        [-0.6121],
        [-0.6393],
        [-0.6454],
        [-0.6259],
        [-0.6241],
        [-0.6324],
        [ 0.1534],
        [ 0.5402],
        [-0.6169],
        [ 0.3476],
        [-0.0115],
        [ 0.6014],
        [-0.0290],
        [-0.6692],
        [ 0.8337],
        [-0.5408],
        [ 0.5198],
        [-0.2862],
        [ 0.6534],
        [-0.5906],
        [-0.5971],
        [ 0.6687],
        [ 0.8373],
        [-0.6708],
        [ 0.7225],
        [-0.1067]], grad_fn=<MmBackward0>)
std tensor([1.1507, 1.1553, 1.1505, 1.1497, 1.1581, 1.1492, 1.1528, 1.1493, 1.1567,
        1.1526, 1.1813, 1.1511, 1.1727, 1.1504, 1.2647, 1.1495, 1.1566, 1.1759,
        1.1497, 1.1603, 1.1552, 1.1654, 1.1541, 1.1789, 1.2030, 1.1514, 1.2075,
        1.1923, 1.1493, 1.1500, 1.1497, 1.1960, 1.1565, 1.2498, 1.1511, 1.2653,
        1.1594, 1.1495, 1.2025, 1.1494, 1.1541, 1.1512, 1.2205, 1.1517, 1.1493,
        1.1505, 1.1511, 1.1517, 1.1512, 1.2000, 1.1528, 1.1507, 1.2057, 1.1495,
        1.1558, 1.1596, 1.1796, 1.1493, 1.1672, 1.1670, 1.1522, 1.1585, 1.1545,
        1.1608, 1.1507, 1.1520, 1.1709, 1.2527, 1.1593, 1.2780, 1.1519, 1.1492,
        1.1492, 1.1502, 1.1937, 1.1850, 1.1595, 1.1577, 1.1576, 1.1873, 1.1498,
        1.1496, 1.1922, 1.1492, 1.1505, 1.1501, 1.3193, 1.1651, 1.1610, 1.1544,
        1.1495, 1.2749, 1.1509, 1.2000, 1.1561, 1.1511, 1.1625, 1.1693, 1.1524,
        1.1510], grad_fn=<SqrtBackward0>)
eps 0.1
mu tensor([[ 0.0998],
        [-0.6049],
        [ 0.1373],
        [ 0.8022],
        [-0.7490],
        [ 0.6060],
        [-0.3477],
        [ 0.6977],
        [-0.6886],
        [-0.3145],
        [ 2.0165],
        [ 0.9940],
        [-1.0752],
        [ 0.1764],
        [ 3.1159],
        [ 0.3997],
        [-0.6834],
        [ 1.9007],
        [ 0.3379],
        [ 1.4698],
        [-0.6014],
        [-0.9526],
        [-0.5058],
        [ 1.9656],
        [-1.3796],
        [-0.0495],
        [-1.4136],
        [ 2.2216],
        [ 0.5085],
        [ 0.2723],
        [ 0.3480],
        [ 2.2846],
        [-0.6756],
        [-1.6833],
        [ 0.0145],
        [-1.7752],
        [ 1.4360],
        [ 0.7655],
        [ 2.3883],
        [ 0.7362],
        [-0.5053],
        [-0.0082],
        [ 2.6374],
        [-0.1254],
        [ 0.4836],
        [ 0.1519],
        [ 0.0071],
        [-0.1250],
        [-0.0124],
        [ 2.3491],
        [-0.3377],
        [ 0.9559],
        [-1.4001],
        [ 0.4132],
        [-0.6370],
        [ 1.4440],
        [-1.1644],
        [ 0.4986],
        [ 1.6839],
        [ 1.6784],
        [-0.2340],
        [-0.7670],
        [-0.5475],
        [ 1.4860],
        [ 0.1063],
        [-0.1814],
        [ 1.7810],
        [-1.7008],
        [-0.7935],
        [-1.8537],
        [-0.1760],
        [ 0.5848],
        [ 0.6374],
        [ 0.2062],
        [-1.3036],
        [-1.2222],
        [-0.7994],
        [-0.7330],
        [-0.7275],
        [-1.2454],
        [ 0.3227],
        [ 0.7910],
        [-1.2909],
        [ 0.5438],
        [ 0.1418],
        [ 0.8816],
        [-2.2463],
        [-0.9462],
        [ 1.4941],
        [-0.5393],
        [ 0.7625],
        [-1.8340],
        [ 0.9669],
        [-1.3558],
        [-0.6565],
        [ 0.9940],
        [ 1.5456],
        [-1.0230],
        [ 1.0994],
        [ 0.0365]], grad_fn=<MmBackward0>)
std tensor([1.0826, 1.1022, 1.0823, 1.0842, 1.1111, 1.0823, 1.0913, 1.0831, 1.1071,
        1.0903, 1.1242, 1.0869, 1.1419, 1.0820, 1.2783, 1.0815, 1.1068, 1.1172,
        1.0815, 1.0985, 1.1021, 1.1283, 1.0974, 1.1210, 1.1906, 1.0844, 1.1977,
        1.1392, 1.0818, 1.0816, 1.0815, 1.1446, 1.1063, 1.2720, 1.0835, 1.3069,
        1.0974, 1.0838, 1.1546, 1.0835, 1.0974, 1.0838, 1.1845, 1.0857, 1.0817,
        1.0822, 1.0836, 1.0857, 1.0839, 1.1507, 1.0910, 1.0863, 1.1948, 1.0815,
        1.1040, 1.0977, 1.1537, 1.0818, 1.1066, 1.1063, 1.0881, 1.1124, 1.0993,
        1.0991, 1.0825, 1.0868, 1.1110, 1.2782, 1.1144, 1.3421, 1.0867, 1.0822,
        1.0826, 1.0819, 1.1760, 1.1623, 1.1148, 1.1100, 1.1097, 1.1661, 1.0815,
        1.0840, 1.1738, 1.0820, 1.0823, 1.0852, 1.6937, 1.1277, 1.0993, 1.0989,
        1.0837, 1.3327, 1.0865, 1.1858, 1.1052, 1.0869, 1.1011, 1.1358, 1.0889,
        1.0832], grad_fn=<SqrtBackward0>)
eps 0.2
mu tensor([[ 0.1168],
        [-0.7570],
        [ 0.1579],
        [ 0.7226],
        [-0.9407],
        [ 0.5910],
        [-0.4243],
        [ 0.6564],
        [-0.8643],
        [-0.3818],
        [ 0.8931],
        [ 0.8207],
        [-1.3233],
        [ 0.1998],
        [ 0.5555],
        [ 0.4199],
        [-0.8577],
        [ 0.9156],
        [ 0.3625],
        [ 0.9394],
        [-0.7524],
        [-1.1873],
        [-0.6286],
        [ 0.9037],
        [-1.5947],
        [-0.0544],
        [-1.6173],
        [ 0.8415],
        [ 0.5143],
        [ 0.2985],
        [ 0.3720],
        [ 0.8233],
        [-0.8477],
        [-1.7199],
        [ 0.0204],
        [-1.7166],
        [ 0.9364],
        [ 0.7003],
        [ 0.7915],
        [ 0.6818],
        [-0.6280],
        [-0.0059],
        [ 0.7099],
        [-0.1455],
        [ 0.4934],
        [ 0.1737],
        [ 0.0119],
        [-0.1450],
        [-0.0108],
        [ 0.8038],
        [-0.4115],
        [ 0.8036],
        [-1.6085],
        [ 0.4321],
        [-0.7982],
        [ 0.9372],
        [-1.4140],
        [ 0.5060],
        [ 0.9407],
        [ 0.9411],
        [-0.2799],
        [-0.9634],
        [-0.6827],
        [ 0.9405],
        [ 0.1239],
        [-0.2143],
        [ 0.9325],
        [-1.7210],
        [-0.9963],
        [-1.6942],
        [-0.2076],
        [ 0.5750],
        [ 0.6142],
        [ 0.2311],
        [-1.5379],
        [-1.4683],
        [-1.0036],
        [-0.9207],
        [-0.9137],
        [-1.4890],
        [ 0.3479],
        [ 0.7159],
        [-1.5276],
        [ 0.5429],
        [ 0.1627],
        [ 0.7668],
        [-1.1238],
        [-1.1799],
        [ 0.9410],
        [-0.6721],
        [ 0.6985],
        [-1.7017],
        [ 0.8087],
        [-1.5778],
        [-0.8233],
        [ 0.8208],
        [ 0.9432],
        [-1.2668],
        [ 0.8620],
        [ 0.0457]], grad_fn=<MmBackward0>)
std tensor([0.9688, 0.9883, 0.9680, 0.9608, 0.9928, 0.9613, 0.9805, 0.9608, 0.9909,
        0.9795, 1.0000, 0.9618, 1.0040, 0.9671, 1.1318, 0.9634, 0.9907, 0.9925,
        0.9643, 0.9721, 0.9882, 0.9995, 0.9852, 0.9966, 1.0198, 0.9723, 1.0223,
        1.0156, 0.9621, 0.9653, 0.9641, 1.0210, 0.9905, 1.0550, 0.9707, 1.0743,
        0.9710, 0.9607, 1.0306, 0.9608, 0.9852, 0.9713, 1.0573, 0.9743, 0.9623,
        0.9676, 0.9709, 0.9743, 0.9714, 1.0269, 0.9802, 0.9615, 1.0213, 0.9632,
        0.9893, 0.9712, 1.0077, 0.9622, 0.9808, 0.9805, 0.9772, 0.9934, 0.9865,
        0.9727, 0.9686, 0.9758, 0.9857, 1.0583, 0.9942, 1.0959, 0.9756, 0.9614,
        0.9611, 0.9666, 1.0148, 1.0104, 0.9944, 0.9923, 0.9921, 1.0116, 0.9645,
        0.9608, 1.0141, 0.9617, 0.9679, 0.9610, 1.3415, 0.9993, 0.9729, 0.9863,
        0.9607, 1.0899, 0.9616, 1.0181, 0.9899, 0.9618, 0.9749, 1.0020, 0.9631,
        0.9702], grad_fn=<SqrtBackward0>)
eps 0.3
mu tensor([[-0.2537],
        [-0.9147],
        [-0.2212],
        [ 0.2889],
        [-1.0569],
        [ 0.1525],
        [-0.6646],
        [ 0.2179],
        [-0.9972],
        [-0.6328],
        [ 0.8087],
        [ 0.4093],
        [-1.3772],
        [-0.1877],
        [ 0.7186],
        [-0.0042],
        [-0.9920],
        [ 0.7854],
        [-0.0536],
        [ 0.6484],
        [-0.9112],
        [-1.2577],
        [-0.8175],
        [ 0.7992],
        [-1.6612],
        [-0.3864],
        [-1.6911],
        [ 0.8351],
        [ 0.0801],
        [-0.1073],
        [-0.0454],
        [ 0.8394],
        [-0.9844],
        [-1.9068],
        [-0.3289],
        [-1.9679],
        [ 0.6344],
        [ 0.2643],
        [ 0.8425],
        [ 0.2445],
        [-0.8171],
        [-0.3492],
        [ 0.8294],
        [-0.4556],
        [ 0.0611],
        [-0.2087],
        [-0.3355],
        [-0.4553],
        [-0.3530],
        [ 0.8419],
        [-0.6550],
        [ 0.3864],
        [-1.6792],
        [ 0.0064],
        [-0.9462],
        [ 0.6377],
        [-1.4628],
        [ 0.0726],
        [ 0.7263],
        [ 0.7245],
        [-0.5567],
        [-1.0747],
        [-0.8583],
        [ 0.6549],
        [-0.2481],
        [-0.5075],
        [ 0.7553],
        [-1.9191],
        [-1.1009],
        [-2.0128],
        [-0.5025],
        [ 0.1370],
        [ 0.1752],
        [-0.1625],
        [-1.5927],
        [-1.5174],
        [-1.1067],
        [-1.0411],
        [-1.0356],
        [-1.5390],
        [-0.0659],
        [ 0.2814],
        [-1.5811],
        [ 0.1066],
        [-0.2174],
        [ 0.3403],
        [-2.0066],
        [-1.2514],
        [ 0.6582],
        [-0.8503],
        [ 0.2624],
        [-2.0023],
        [ 0.3931],
        [-1.6400],
        [-0.9655],
        [ 0.4093],
        [ 0.6782],
        [-1.3266],
        [ 0.4698],
        [-0.3093]], grad_fn=<MmBackward0>)
std tensor([0.9985, 1.0121, 0.9981, 0.9966, 1.0165, 0.9957, 1.0058, 0.9959, 1.0146,
        1.0051, 1.0707, 0.9992, 1.0295, 0.9977, 1.3780, 0.9961, 1.0144, 1.0551,
        0.9964, 1.0167, 1.0120, 1.0241, 1.0094, 1.0635, 1.0466, 1.0005, 1.0489,
        1.1048, 0.9957, 0.9969, 0.9964, 1.1171, 1.0142, 1.0723, 0.9996, 1.0833,
        1.0148, 0.9963, 1.1395, 0.9961, 1.0094, 0.9999, 1.2043, 1.0016, 0.9958,
        0.9980, 0.9997, 1.0016, 1.0000, 1.1307, 1.0056, 0.9985, 1.0480, 0.9960,
        1.0130, 1.0152, 1.0339, 0.9958, 1.0324, 1.0319, 1.0035, 1.0171, 1.0105,
        1.0177, 0.9985, 1.0026, 1.0416, 1.0743, 1.0181, 1.0948, 1.0025, 0.9957,
        0.9957, 0.9975, 1.0417, 1.0370, 1.0183, 1.0160, 1.0158, 1.0383, 0.9965,
        0.9965, 1.0410, 0.9957, 0.9981, 0.9974, 1.2462, 1.0238, 1.0182, 1.0103,
        0.9963, 1.0917, 0.9987, 1.0450, 1.0136, 0.9992, 1.0216, 1.0271, 1.0015,
        0.9993], grad_fn=<SqrtBackward0>)
eps 0.4
mu tensor([[-0.1582],
        [-0.2559],
        [-0.1535],
        [-0.0814],
        [-0.2769],
        [-0.1002],
        [-0.2187],
        [-0.0912],
        [-0.2681],
        [-0.2139],
        [-0.0119],
        [-0.0650],
        [-0.3235],
        [-0.1486],
        [-0.0065],
        [-0.1223],
        [-0.2673],
        [-0.0152],
        [-0.1293],
        [-0.0333],
        [-0.2553],
        [-0.3064],
        [-0.2414],
        [-0.0133],
        [-0.3620],
        [-0.1776],
        [-0.3658],
        [-0.0076],
        [-0.1104],
        [-0.1370],
        [-0.1282],
        [-0.0067],
        [-0.2662],
        [-0.3888],
        [-0.1691],
        [-0.3929],
        [-0.0352],
        [-0.0848],
        [-0.0054],
        [-0.0875],
        [-0.2413],
        [-0.1721],
        [-0.0041],
        [-0.1877],
        [-0.1131],
        [-0.1516],
        [-0.1701],
        [-0.1877],
        [-0.1727],
        [-0.0058],
        [-0.2172],
        [-0.0681],
        [-0.3643],
        [-0.1208],
        [-0.2605],
        [-0.0347],
        [-0.3356],
        [-0.1114],
        [-0.0231],
        [-0.0234],
        [-0.2027],
        [-0.2796],
        [-0.2475],
        [-0.0325],
        [-0.1574],
        [-0.1954],
        [-0.0193],
        [-0.3898],
        [-0.2834],
        [-0.3942],
        [-0.1946],
        [-0.1024],
        [-0.0971],
        [-0.1450],
        [-0.3532],
        [-0.3431],
        [-0.2843],
        [-0.2746],
        [-0.2738],
        [-0.3460],
        [-0.1311],
        [-0.0824],
        [-0.3516],
        [-0.1067],
        [-0.1529],
        [-0.0744],
        [-0.3320],
        [-0.3055],
        [-0.0321],
        [-0.2463],
        [-0.0850],
        [-0.3941],
        [-0.0672],
        [-0.3593],
        [-0.2634],
        [-0.0650],
        [-0.0294],
        [-0.3163],
        [-0.0569],
        [-0.1663]], grad_fn=<MmBackward0>)
std tensor([1.1970, 1.2002, 1.1970, 1.1985, 1.2018, 1.1977, 1.1983, 1.1981, 1.2011,
        1.1981, 1.2124, 1.1996, 1.2071, 1.1970, 1.2453, 1.1972, 1.2010, 1.2102,
        1.1971, 1.2038, 1.2002, 1.2048, 1.1994, 1.2114, 1.2147, 1.1972, 1.2157,
        1.2169, 1.1975, 1.1970, 1.1971, 1.2185, 1.2010, 1.2254, 1.1971, 1.2293,
        1.2034, 1.1984, 1.2212, 1.1982, 1.1994, 1.1971, 1.2285, 1.1974, 1.1974,
        1.1970, 1.1971, 1.1974, 1.1971, 1.2201, 1.1983, 1.1994, 1.2153, 1.1972,
        1.2006, 1.2035, 1.2090, 1.1974, 1.2066, 1.2065, 1.1978, 1.2020, 1.1997,
        1.2040, 1.1970, 1.1976, 1.2081, 1.2261, 1.2024, 1.2330, 1.1975, 1.1977,
        1.1978, 1.1970, 1.2125, 1.2104, 1.2025, 1.2016, 1.2016, 1.2110, 1.1971,
        1.1985, 1.2122, 1.1975, 1.1970, 1.1989, 1.2578, 1.2047, 1.2041, 1.1996,
        1.1983, 1.2320, 1.1994, 1.2140, 1.2008, 1.1996, 1.2047, 1.2061, 1.2003,
        1.1971], grad_fn=<SqrtBackward0>)
eps 0.5
mu tensor([[ 0.9546],
        [-0.6482],
        [ 0.9608],
        [-0.6423],
        [-0.8131],
        [-0.0948],
        [-0.0318],
        [-0.3802],
        [-0.7609],
        [ 0.0670],
        [ 0.9107],
        [-0.8507],
        [-0.8573],
        [ 0.9496],
        [ 0.3163],
        [ 0.5617],
        [-0.7553],
        [ 0.7645],
        [ 0.7180],
        [-0.0564],
        [-0.6424],
        [-0.8590],
        [-0.4531],
        [ 0.8493],
        [-1.0797],
        [ 0.7754],
        [-1.1255],
        [ 1.1138],
        [ 0.2282],
        [ 0.8463],
        [ 0.6946],
        [ 1.1581],
        [-0.7465],
        [-1.3151],
        [ 0.8805],
        [-1.1924],
        [-0.1378],
        [-0.5600],
        [ 1.2028],
        [-0.4865],
        [-0.4521],
        [ 0.8477],
        [ 1.1082],
        [ 0.6063],
        [ 0.3090],
        [ 0.9588],
        [ 0.8704],
        [ 0.6073],
        [ 0.8411],
        [ 1.1906],
        [-0.0022],
        [-0.8406],
        [-1.1072],
        [ 0.5238],
        [-0.6970],
        [-0.1184],
        [-0.8797],
        [ 0.2606],
        [ 0.4128],
        [ 0.4021],
        [ 0.3071],
        [-0.8244],
        [-0.5431],
        [-0.0176],
        [ 0.9568],
        [ 0.4579],
        [ 0.5853],
        [-1.3014],
        [-0.8377],
        [-0.9926],
        [ 0.4729],
        [-0.0249],
        [-0.1962],
        [ 0.9289],
        [-0.9867],
        [-0.9128],
        [-0.8402],
        [-0.8016],
        [-0.7972],
        [-0.9307],
        [ 0.7516],
        [-0.6184],
        [-0.9732],
        [ 0.1116],
        [ 0.9605],
        [-0.7757],
        [-0.0114],
        [-0.8593],
        [ 0.0015],
        [-0.5263],
        [-0.5530],
        [-1.0501],
        [-0.8451],
        [-1.0488],
        [-0.7234],
        [-0.8507],
        [ 0.1216],
        [-0.8557],
        [-0.8007],
        [ 0.9073]], grad_fn=<MmBackward0>)
std tensor([0.9293, 0.9348, 0.9293, 0.9555, 0.9380, 0.9623, 0.9365, 0.9615, 0.9364,
        0.9371, 0.9538, 0.9433, 0.9644, 0.9300, 1.3279, 0.9474, 0.9362, 0.9514,
        0.9411, 0.9645, 0.9347, 0.9483, 0.9343, 0.9516, 1.0385, 0.9337, 1.0449,
        0.9792, 0.9576, 0.9352, 0.9421, 0.9910, 0.9361, 1.0886, 0.9313, 1.1427,
        0.9632, 0.9580, 1.0132, 0.9598, 0.9343, 0.9321, 1.0998, 0.9363, 0.9556,
        0.9294, 0.9315, 0.9362, 0.9322, 1.0043, 0.9367, 0.9449, 1.0425, 0.9488,
        0.9353, 0.9636, 0.9833, 0.9568, 0.9615, 0.9617, 0.9378, 0.9385, 0.9343,
        0.9649, 0.9292, 0.9374, 0.9561, 1.0963, 0.9394, 1.2087, 0.9374, 0.9618,
        0.9626, 0.9311, 1.0203, 0.9982, 0.9396, 0.9375, 0.9374, 1.0046, 0.9396,
        0.9563, 1.0170, 0.9599, 0.9293, 0.9496, 1.3507, 0.9478, 0.9651, 0.9342,
        0.9582, 1.1913, 0.9444, 1.0333, 0.9357, 0.9433, 0.9655, 0.9562, 0.9429,
        0.9305], grad_fn=<SqrtBackward0>)
eps 0.6
mu tensor([[-0.3793],
        [-0.8585],
        [-0.3544],
        [ 0.0783],
        [-0.9598],
        [-0.0480],
        [-0.6807],
        [ 0.0111],
        [-0.9171],
        [-0.6580],
        [ 0.8405],
        [ 0.2006],
        [-1.1947],
        [-0.3286],
        [ 1.5212],
        [-0.1820],
        [-0.9135],
        [ 0.7687],
        [-0.2224],
        [ 0.5005],
        [-0.8560],
        [-1.1054],
        [-0.7895],
        [ 0.8090],
        [-1.4227],
        [-0.4789],
        [-1.4488],
        [ 0.9672],
        [-0.1111],
        [-0.2654],
        [-0.2158],
        [ 1.0060],
        [-0.9080],
        [-1.6623],
        [-0.4361],
        [-1.7383],
        [ 0.4794],
        [ 0.0547],
        [ 1.0700],
        [ 0.0359],
        [-0.7892],
        [-0.4513],
        [ 1.2237],
        [-0.5298],
        [-0.1273],
        [-0.3448],
        [-0.4410],
        [-0.5296],
        [-0.4541],
        [ 1.0458],
        [-0.6739],
        [ 0.1764],
        [-1.4384],
        [-0.1732],
        [-0.8809],
        [ 0.4844],
        [-1.2605],
        [-0.1176],
        [ 0.6342],
        [ 0.6307],
        [-0.6033],
        [-0.9726],
        [-0.8184],
        [ 0.5107],
        [-0.3750],
        [-0.5677],
        [ 0.6945],
        [-1.6767],
        [-0.9914],
        [-1.8048],
        [-0.5640],
        [-0.0617],
        [-0.0277],
        [-0.3089],
        [-1.3648],
        [-1.3036],
        [-0.9956],
        [-0.9485],
        [-0.9446],
        [-1.3210],
        [-0.2323],
        [ 0.0710],
        [-1.3552],
        [-0.0883],
        [-0.3515],
        [ 0.1290],
        [-2.1876],
        [-1.1008],
        [ 0.5157],
        [-0.8128],
        [ 0.0528],
        [-1.7879],
        [ 0.1834],
        [-1.4045],
        [-0.8946],
        [ 0.2006],
        [ 0.5480],
        [-1.1565],
        [ 0.2675],
        [-0.4214]], grad_fn=<MmBackward0>)
std tensor([1.3189, 1.3239, 1.3188, 1.3197, 1.3264, 1.3190, 1.3210, 1.3193, 1.3253,
        1.3208, 1.3436, 1.3209, 1.3360, 1.3188, 1.4635, 1.3187, 1.3252, 1.3388,
        1.3186, 1.3269, 1.3239, 1.3316, 1.3226, 1.3413, 1.3534, 1.3193, 1.3562,
        1.3543, 1.3188, 1.3187, 1.3186, 1.3584, 1.3251, 1.3870, 1.3191, 1.4027,
        1.3263, 1.3195, 1.3658, 1.3194, 1.3226, 1.3192, 1.3887, 1.3196, 1.3188,
        1.3188, 1.3191, 1.3196, 1.3192, 1.3628, 1.3209, 1.3206, 1.3551, 1.3187,
        1.3244, 1.3264, 1.3400, 1.3188, 1.3318, 1.3316, 1.3202, 1.3268, 1.3231,
        1.3272, 1.3189, 1.3199, 1.3346, 1.3897, 1.3274, 1.4194, 1.3199, 1.3189,
        1.3191, 1.3187, 1.3480, 1.3431, 1.3275, 1.3261, 1.3260, 1.3444, 1.3186,
        1.3196, 1.3472, 1.3189, 1.3188, 1.3201, 1.6176, 1.3314, 1.3274, 1.3230,
        1.3195, 1.4149, 1.3207, 1.3516, 1.3247, 1.3209, 1.3284, 1.3340, 1.3218,
        1.3190], grad_fn=<SqrtBackward0>)
eps 0.7
mu tensor([[-0.2352],
        [-0.3642],
        [-0.2291],
        [-0.1363],
        [-0.3931],
        [-0.1605],
        [-0.3143],
        [-0.1489],
        [-0.3809],
        [-0.3081],
        [-0.0459],
        [-0.1153],
        [-0.4593],
        [-0.2228],
        [-0.0364],
        [-0.1889],
        [-0.3799],
        [-0.0504],
        [-0.1979],
        [-0.0743],
        [-0.3635],
        [-0.4344],
        [-0.3447],
        [-0.0478],
        [-0.5190],
        [-0.2603],
        [-0.5253],
        [-0.0399],
        [-0.1736],
        [-0.2078],
        [-0.1964],
        [-0.0386],
        [-0.3783],
        [-0.5702],
        [-0.2494],
        [-0.5823],
        [-0.0767],
        [-0.1407],
        [-0.0367],
        [-0.1442],
        [-0.3446],
        [-0.2532],
        [-0.0344],
        [-0.2736],
        [-0.1770],
        [-0.2267],
        [-0.2506],
        [-0.2736],
        [-0.2540],
        [-0.0374],
        [-0.3124],
        [-0.1193],
        [-0.5229],
        [-0.1869],
        [-0.3706],
        [-0.0762],
        [-0.4773],
        [-0.1749],
        [-0.0609],
        [-0.0613],
        [-0.2932],
        [-0.3967],
        [-0.3529],
        [-0.0732],
        [-0.2341],
        [-0.2836],
        [-0.0559],
        [-0.5727],
        [-0.4021],
        [-0.5907],
        [-0.2827],
        [-0.1633],
        [-0.1565],
        [-0.2181],
        [-0.5046],
        [-0.4887],
        [-0.4033],
        [-0.3898],
        [-0.3887],
        [-0.4933],
        [-0.2002],
        [-0.1376],
        [-0.5022],
        [-0.1688],
        [-0.2283],
        [-0.1273],
        [-0.5644],
        [-0.4331],
        [-0.0727],
        [-0.3512],
        [-0.1410],
        [-0.5888],
        [-0.1181],
        [-0.5146],
        [-0.3745],
        [-0.1153],
        [-0.0693],
        [-0.4488],
        [-0.1049],
        [-0.2457]], grad_fn=<MmBackward0>)
std tensor([1.1974, 1.2036, 1.1972, 1.1954, 1.2058, 1.1956, 1.2007, 1.1954, 1.2048,
        1.2004, 1.2126, 1.1958, 1.2129, 1.1970, 1.2922, 1.1961, 1.2048, 1.2088,
        1.1963, 1.1996, 1.2036, 1.2098, 1.2024, 1.2109, 1.2237, 1.1983, 1.2252,
        1.2210, 1.1958, 1.1966, 1.1963, 1.2241, 1.2046, 1.2415, 1.1979, 1.2491,
        1.1991, 1.1954, 1.2297, 1.1954, 1.2024, 1.1981, 1.2461, 1.1988, 1.1958,
        1.1971, 1.1980, 1.1988, 1.1981, 1.2275, 1.2006, 1.1957, 1.2246, 1.1960,
        1.2041, 1.1993, 1.2155, 1.1958, 1.2033, 1.2032, 1.1997, 1.2061, 1.2029,
        1.1998, 1.1974, 1.1993, 1.2055, 1.2428, 1.2066, 1.2566, 1.1992, 1.1956,
        1.1955, 1.1969, 1.2205, 1.2174, 1.2067, 1.2055, 1.2054, 1.2182, 1.1964,
        1.1954, 1.2200, 1.1957, 1.1972, 1.1955, 1.3277, 1.2096, 1.1999, 1.2028,
        1.1954, 1.2546, 1.1957, 1.2226, 1.2044, 1.1958, 1.2007, 1.2115, 1.1962,
        1.1978], grad_fn=<SqrtBackward0>)
eps 0.8
mu tensor([[ 0.0729],
        [-0.1471],
        [ 0.0837],
        [ 0.2595],
        [-0.1958],
        [ 0.2107],
        [-0.0632],
        [ 0.2339],
        [-0.1752],
        [-0.0526],
        [ 0.5007],
        [ 0.3046],
        [-0.3101],
        [ 0.0949],
        [ 0.6131],
        [ 0.1566],
        [-0.1734],
        [ 0.4824],
        [ 0.1399],
        [ 0.4053],
        [-0.1459],
        [-0.2665],
        [-0.1143],
        [ 0.4928],
        [-0.4208],
        [ 0.0289],
        [-0.4333],
        [ 0.5305],
        [ 0.1855],
        [ 0.1218],
        [ 0.1426],
        [ 0.5390],
        [-0.1708],
        [-0.5326],
        [ 0.0479],
        [-0.5660],
        [ 0.3987],
        [ 0.2506],
        [ 0.5521],
        [ 0.2434],
        [-0.1141],
        [ 0.0412],
        [ 0.5797],
        [ 0.0061],
        [ 0.1790],
        [ 0.0879],
        [ 0.0458],
        [ 0.0062],
        [ 0.0400],
        [ 0.5472],
        [-0.0600],
        [ 0.2958],
        [-0.4283],
        [ 0.1603],
        [-0.1578],
        [ 0.4003],
        [-0.3422],
        [ 0.1829],
        [ 0.4453],
        [ 0.4443],
        [-0.0274],
        [-0.2019],
        [-0.1280],
        [ 0.4084],
        [ 0.0747],
        [-0.0111],
        [ 0.4624],
        [-0.5390],
        [-0.2110],
        [-0.5941],
        [-0.0094],
        [ 0.2053],
        [ 0.2187],
        [ 0.1033],
        [-0.3929],
        [-0.3632],
        [-0.2131],
        [-0.1903],
        [-0.1884],
        [-0.3716],
        [ 0.1357],
        [ 0.2568],
        [-0.3882],
        [ 0.1947],
        [ 0.0850],
        [ 0.2785],
        [-0.7075],
        [-0.2643],
        [ 0.4100],
        [-0.1253],
        [ 0.2498],
        [-0.5871],
        [ 0.2984],
        [-0.4120],
        [-0.1644],
        [ 0.3046],
        [ 0.4199],
        [-0.2915],
        [ 0.3283],
        [ 0.0544]], grad_fn=<MmBackward0>)
std tensor([1.2037, 1.2117, 1.2035, 1.2031, 1.2149, 1.2027, 1.2076, 1.2028, 1.2134,
        1.2071, 1.2223, 1.2039, 1.2255, 1.2034, 1.3115, 1.2027, 1.2133, 1.2184,
        1.2029, 1.2088, 1.2116, 1.2208, 1.2099, 1.2205, 1.2419, 1.2046, 1.2443,
        1.2308, 1.2026, 1.2030, 1.2028, 1.2339, 1.2131, 1.2691, 1.2042, 1.2807,
        1.2083, 1.2030, 1.2397, 1.2029, 1.2099, 1.2043, 1.2572, 1.2052, 1.2027,
        1.2035, 1.2042, 1.2052, 1.2044, 1.2374, 1.2074, 1.2037, 1.2433, 1.2027,
        1.2123, 1.2084, 1.2295, 1.2026, 1.2128, 1.2127, 1.2062, 1.2153, 1.2106,
        1.2091, 1.2037, 1.2057, 1.2151, 1.2711, 1.2160, 1.2925, 1.2057, 1.2027,
        1.2027, 1.2032, 1.2370, 1.2324, 1.2162, 1.2145, 1.2143, 1.2336, 1.2029,
        1.2030, 1.2362, 1.2026, 1.2035, 1.2034, 1.4102, 1.2206, 1.2092, 1.2104,
        1.2029, 1.2893, 1.2038, 1.2403, 1.2127, 1.2039, 1.2101, 1.2234, 1.2046,
        1.2041], grad_fn=<SqrtBackward0>)
eps 0.9
mu tensor([[-1.0881e-03],
        [-4.0116e-02],
        [-7.2098e-04],
        [ 3.2896e-02],
        [-6.7039e-02],
        [ 1.4416e-02],
        [-1.3220e-02],
        [ 2.1832e-02],
        [-5.4507e-02],
        [-1.1227e-02],
        [ 4.4751e-01],
        [ 6.1542e-02],
        [-1.7396e-01],
        [-3.0231e-04],
        [ 1.2429e+00],
        [ 4.1399e-03],
        [-5.3509e-02],
        [ 3.8252e-01],
        [ 2.4061e-03],
        [ 1.8884e-01],
        [-3.9581e-02],
        [-1.2509e-01],
        [-2.6992e-02],
        [ 4.1829e-01],
        [-3.5311e-01],
        [-2.7752e-03],
        [-3.7915e-01],
        [ 5.7496e-01],
        [ 8.5807e-03],
        [ 1.0471e-03],
        [ 2.6560e-03],
        [ 6.1706e-01],
        [-5.2051e-02],
        [-6.3765e-01],
        [-1.9503e-03],
        [-7.4977e-01],
        [ 1.7690e-01],
        [ 2.8665e-02],
        [ 6.8907e-01],
        [ 2.5567e-02],
        [-2.6943e-02],
        [-2.2154e-03],
        [ 8.7356e-01],
        [-4.1733e-03],
        [ 7.3872e-03],
        [-5.7125e-04],
        [-2.0332e-03],
        [-4.1656e-03],
        [-2.2678e-03],
        [ 6.6146e-01],
        [-1.2591e-02],
        [ 5.4929e-02],
        [-3.6863e-01],
        [ 4.5881e-03],
        [-4.5237e-02],
        [ 1.7969e-01],
        [-2.1729e-01],
        [ 8.0919e-03],
        [ 2.7552e-01],
        [ 2.7304e-01],
        [-7.4415e-03],
        [-7.1168e-02],
        [-3.2035e-02],
        [ 1.9474e-01],
        [-1.0262e-03],
        [-5.6372e-03],
        [ 3.2107e-01],
        [-6.5801e-01],
        [-7.7551e-02],
        [-8.5646e-01],
        [-5.4770e-03],
        [ 1.2981e-02],
        [ 1.6730e-02],
        [ 5.6267e-05],
        [-2.9969e-01],
        [-2.4919e-01],
        [-7.9031e-02],
        [-6.3541e-02],
        [-6.2360e-02],
        [-2.6291e-01],
        [ 2.0499e-03],
        [ 3.1560e-02],
        [-2.9137e-01],
        [ 1.0468e-02],
        [-6.7472e-04],
        [ 4.3364e-02],
        [-1.5791e+00],
        [-1.2285e-01],
        [ 1.9772e-01],
        [-3.0997e-02],
        [ 2.8344e-02],
        [-8.2860e-01],
        [ 5.6787e-02],
        [-3.3572e-01],
        [-4.8602e-02],
        [ 6.1549e-02],
        [ 2.1738e-01],
        [-1.5173e-01],
        [ 8.2450e-02],
        [-1.7118e-03]], grad_fn=<MmBackward0>)
std tensor([1.1501, 1.1520, 1.1500, 1.1468, 1.1533, 1.1480, 1.1508, 1.1475, 1.1527,
        1.1508, 1.1591, 1.1456, 1.1588, 1.1500, 1.2646, 1.1492, 1.1526, 1.1546,
        1.1494, 1.1458, 1.1520, 1.1563, 1.1514, 1.1570, 1.1676, 1.1504, 1.1688,
        1.1697, 1.1486, 1.1497, 1.1494, 1.1737, 1.1526, 1.1794, 1.1503, 1.1836,
        1.1456, 1.1470, 1.1810, 1.1472, 1.1514, 1.1503, 1.2028, 1.1505, 1.1487,
        1.1500, 1.1503, 1.1505, 1.1503, 1.1781, 1.1508, 1.1458, 1.1683, 1.1491,
        1.1522, 1.1456, 1.1611, 1.1487, 1.1488, 1.1487, 1.1506, 1.1535, 1.1516,
        1.1460, 1.1501, 1.1505, 1.1510, 1.1801, 1.1538, 1.1877, 1.1505, 1.1482,
        1.1478, 1.1499, 1.1651, 1.1626, 1.1539, 1.1531, 1.1531, 1.1633, 1.1495,
        1.1468, 1.1647, 1.1484, 1.1500, 1.1463, 1.2588, 1.1562, 1.1461, 1.1516,
        1.1470, 1.1866, 1.1458, 1.1668, 1.1524, 1.1456, 1.1466, 1.1577, 1.1452,
        1.1502], grad_fn=<SqrtBackward0>)
eps 1.0
mu tensor([[-0.7764],
        [ 0.6266],
        [-0.8275],
        [-0.8184],
        [ 0.8121],
        [-0.9986],
        [ 0.1108],
        [-0.9306],
        [ 0.7470],
        [ 0.0363],
        [ 0.7043],
        [-0.5362],
        [ 0.7935],
        [-0.8753],
        [ 0.1438],
        [-1.0330],
        [ 0.7404],
        [ 0.7028],
        [-1.0096],
        [ 0.2994],
        [ 0.6209],
        [ 0.8749],
        [ 0.4474],
        [ 0.7093],
        [ 0.3210],
        [-0.5270],
        [ 0.2572],
        [ 0.6085],
        [-1.0361],
        [-0.9676],
        [-1.0145],
        [ 0.5612],
        [ 0.7304],
        [-0.2082],
        [-0.6423],
        [-0.3274],
        [ 0.2460],
        [-0.8618],
        [ 0.4745],
        [-0.8933],
        [ 0.4465],
        [-0.6027],
        [ 0.2787],
        [-0.3770],
        [-1.0397],
        [-0.8460],
        [-0.6296],
        [-0.3778],
        [-0.5953],
        [ 0.5080],
        [ 0.0884],
        [-0.5985],
        [ 0.2826],
        [-1.0361],
        [ 0.6765],
        [ 0.2589],
        [ 0.6858],
        [-1.0378],
        [ 0.5735],
        [ 0.5681],
        [-0.1436],
        [ 0.8277],
        [ 0.5269],
        [ 0.3243],
        [-0.7855],
        [-0.2586],
        [ 0.6518],
        [-0.2331],
        [ 0.8471],
        [-0.4022],
        [-0.2703],
        [-1.0099],
        [-0.9787],
        [-0.9078],
        [ 0.4604],
        [ 0.5989],
        [ 0.8509],
        [ 0.7968],
        [ 0.7912],
        [ 0.5611],
        [-1.0014],
        [-0.8321],
        [ 0.4830],
        [-1.0268],
        [-0.8332],
        [-0.7119],
        [-0.1326],
        [ 0.8768],
        [ 0.3364],
        [ 0.5118],
        [-0.8650],
        [-0.3861],
        [-0.5808],
        [ 0.3652],
        [ 0.7047],
        [-0.5362],
        [ 0.4105],
        [ 0.8384],
        [-0.3529],
        [-0.6792]], grad_fn=<MmBackward0>)
std tensor([0.9534, 0.9470, 0.9535, 0.9292, 0.9538, 0.9333, 0.9425, 0.9303, 0.9508,
        0.9428, 0.9215, 0.9308, 0.9609, 0.9532, 1.0204, 0.9445, 0.9506, 0.9235,
        0.9478, 0.9305, 0.9469, 0.9612, 0.9438, 0.9223, 0.9660, 0.9503, 0.9705,
        0.9213, 0.9382, 0.9507, 0.9473, 0.9225, 0.9502, 1.0252, 0.9521, 1.0334,
        0.9308, 0.9293, 0.9258, 0.9296, 0.9438, 0.9515, 0.9400, 0.9477, 0.9396,
        0.9534, 0.9519, 0.9477, 0.9514, 0.9243, 0.9425, 0.9303, 0.9686, 0.9437,
        0.9484, 0.9307, 0.9591, 0.9387, 0.9276, 0.9277, 0.9444, 0.9547, 0.9450,
        0.9303, 0.9535, 0.9459, 0.9259, 1.0277, 0.9559, 1.0318, 0.9461, 0.9342,
        0.9321, 0.9527, 0.9599, 0.9584, 0.9562, 0.9530, 0.9527, 0.9584, 0.9486,
        0.9292, 0.9594, 0.9362, 0.9535, 0.9295, 1.1175, 0.9611, 0.9302, 0.9447,
        0.9293, 1.0328, 0.9305, 0.9636, 0.9493, 0.9308, 0.9296, 0.9615, 0.9320,
        0.9526], grad_fn=<SqrtBackward0>)
eps 1.5
mu tensor([[ 1.6091],
        [ 0.4488],
        [ 1.5993],
        [ 0.3078],
        [ 0.1624],
        [ 0.8066],
        [ 1.0571],
        [ 0.5709],
        [ 0.2720],
        [ 1.1310],
        [ 0.4185],
        [-0.0998],
        [-0.0269],
        [ 1.5789],
        [-0.2671],
        [ 1.2807],
        [ 0.2823],
        [ 0.2861],
        [ 1.3913],
        [-0.2994],
        [ 0.4567],
        [-0.0464],
        [ 0.6813],
        [ 0.3662],
        [ 0.4035],
        [ 1.5534],
        [ 0.4612],
        [ 0.5014],
        [ 1.0460],
        [ 1.4867],
        [ 1.3746],
        [ 0.4795],
        [ 0.2978],
        [ 0.5936],
        [ 1.5957],
        [ 0.4006],
        [-0.3261],
        [ 0.3985],
        [ 0.3950],
        [ 0.4723],
        [ 0.6824],
        [ 1.5838],
        [ 0.0142],
        [ 1.4699],
        [ 1.1035],
        [ 1.5929],
        [ 1.5922],
        [ 1.4704],
        [ 1.5812],
        [ 0.4338],
        [ 1.0797],
        [-0.0303],
        [ 0.4387],
        [ 1.2542],
        [ 0.3783],
        [-0.3203],
        [ 0.0556],
        [ 1.0691],
        [-0.0345],
        [-0.0428],
        [ 1.2946],
        [ 0.1332],
        [ 0.5816],
        [-0.2847],
        [ 1.6081],
        [ 1.3869],
        [ 0.1130],
        [ 0.5685],
        [ 0.0938],
        [ 0.1118],
        [ 1.3956],
        [ 0.8601],
        [ 0.7263],
        [ 1.5566],
        [ 0.2691],
        [ 0.1347],
        [ 0.0855],
        [ 0.1896],
        [ 0.1994],
        [ 0.1708],
        [ 1.4156],
        [ 0.3353],
        [ 0.2470],
        [ 0.9617],
        [ 1.5975],
        [ 0.1232],
        [-1.9113],
        [-0.0442],
        [-0.2770],
        [ 0.6009],
        [ 0.4059],
        [ 0.1953],
        [-0.0510],
        [ 0.3617],
        [ 0.3368],
        [-0.0999],
        [-0.2217],
        [-0.0491],
        [-0.2547],
        [ 1.6039]], grad_fn=<MmBackward0>)
std tensor([1.3073, 1.3033, 1.3121, 1.3925, 1.3144, 1.3881, 1.2941, 1.3933, 1.3093,
        1.2935, 1.3035, 1.3793, 1.3349, 1.3177, 1.4090, 1.3583, 1.3089, 1.3176,
        1.3466, 1.3601, 1.3031, 1.3315, 1.2984, 1.3090, 1.3210, 1.2953, 1.3203,
        1.2974, 1.3767, 1.3342, 1.3485, 1.3011, 1.3082, 1.3257, 1.2991, 1.3254,
        1.3608, 1.3936, 1.3112, 1.3938, 1.2984, 1.2976, 1.3441, 1.2930, 1.3729,
        1.3141, 1.2986, 1.2930, 1.2973, 1.3069, 1.2939, 1.3825, 1.3205, 1.3608,
        1.3054, 1.3607, 1.3325, 1.3752, 1.3466, 1.3472, 1.2926, 1.3161, 1.3002,
        1.3597, 1.3081, 1.2925, 1.3346, 1.3258, 1.3185, 1.3272, 1.2925, 1.3861,
        1.3906, 1.3225, 1.3244, 1.3294, 1.3191, 1.3130, 1.3125, 1.3279, 1.3437,
        1.3929, 1.3251, 1.3815, 1.3127, 1.3882, 1.3665, 1.3311, 1.3594, 1.2999,
        1.3936, 1.3262, 1.3816, 1.3218, 1.3068, 1.3793, 1.3574, 1.3344, 1.3711,
        1.3009], grad_fn=<SqrtBackward0>)
eps 2.0
mu tensor([[-3.5663e-01],
        [ 7.1016e-01],
        [-4.1571e-01],
        [-1.3371e+00],
        [ 8.8550e-01],
        [-1.0997e+00],
        [ 3.4640e-01],
        [-1.2153e+00],
        [ 8.1509e-01],
        [ 2.9599e-01],
        [-1.6882e+00],
        [-1.5295e+00],
        [ 1.1673e+00],
        [-4.7688e-01],
        [-1.9398e-02],
        [-8.1458e-01],
        [ 8.0877e-01],
        [-1.7526e+00],
        [-7.2363e-01],
        [-1.8009e+00],
        [ 7.0558e-01],
        [ 1.0835e+00],
        [ 5.7634e-01],
        [-1.7192e+00],
        [ 1.2257e+00],
        [-1.1936e-01],
        [ 1.2165e+00],
        [-1.5200e+00],
        [-9.6897e-01],
        [-6.2469e-01],
        [-7.3862e-01],
        [-1.4545e+00],
        [ 7.9931e-01],
        [ 1.0020e+00],
        [-2.2125e-01],
        [ 8.6166e-01],
        [-1.7924e+00],
        [-1.2955e+00],
        [-1.3326e+00],
        [-1.2615e+00],
        [ 5.7573e-01],
        [-1.8511e-01],
        [-9.6949e-01],
        [ 1.1110e-03],
        [-9.3434e-01],
        [-4.3860e-01],
        [-2.0952e-01],
        [ 5.2381e-04],
        [-1.7849e-01],
        [-1.3807e+00],
        [ 3.3129e-01],
        [-1.4947e+00],
        [ 1.2206e+00],
        [-8.3414e-01],
        [ 7.5125e-01],
        [-1.7946e+00],
        [ 1.2084e+00],
        [-9.5523e-01],
        [-1.8140e+00],
        [-1.8146e+00],
        [ 1.7199e-01],
        [ 9.0562e-01],
        [ 6.3378e-01],
        [-1.8044e+00],
        [-3.6677e-01],
        [ 8.9697e-02],
        [-1.7959e+00],
        [ 9.7815e-01],
        [ 9.3428e-01],
        [ 7.0920e-01],
        [ 8.1177e-02],
        [-1.0720e+00],
        [-1.1401e+00],
        [-5.2314e-01],
        [ 1.2340e+00],
        [ 1.2251e+00],
        [ 9.4054e-01],
        [ 8.6737e-01],
        [ 8.6100e-01],
        [ 1.2294e+00],
        [-7.0083e-01],
        [-1.3245e+00],
        [ 1.2338e+00],
        [-1.0171e+00],
        [-4.2267e-01],
        [-1.4219e+00],
        [-7.7568e-01],
        [ 1.0783e+00],
        [-1.8060e+00],
        [ 6.2266e-01],
        [-1.2922e+00],
        [ 7.5065e-01],
        [-1.5050e+00],
        [ 1.2301e+00],
        [ 7.7583e-01],
        [-1.5296e+00],
        [-1.8138e+00],
        [ 1.1353e+00],
        [-1.6164e+00],
        [-2.5630e-01]], grad_fn=<MmBackward0>)
std tensor([1.1079, 1.0620, 1.1086, 1.0864, 1.0497, 1.0986, 1.0840, 1.0933, 1.0547,
        1.0866, 1.0271, 1.0724, 1.0295, 1.1090, 1.0428, 1.1069, 1.0552, 1.0274,
        1.1083, 1.0403, 1.0623, 1.0354, 1.0707, 1.0271, 1.0252, 1.1030, 1.0255,
        1.0288, 1.1032, 1.1091, 1.1081, 1.0298, 1.0558, 1.0316, 1.1055, 1.0342,
        1.0421, 1.0889, 1.0317, 1.0909, 1.0707, 1.1047, 1.0364, 1.0992, 1.1042,
        1.1088, 1.1053, 1.0993, 1.1045, 1.0310, 1.0848, 1.0753, 1.0254, 1.1065,
        1.0592, 1.0417, 1.0267, 1.1036, 1.0315, 1.0317, 1.0925, 1.0483, 1.0670,
        1.0395, 1.1080, 1.0959, 1.0291, 1.0321, 1.0462, 1.0364, 1.0963, 1.0997,
        1.0969, 1.1092, 1.0249, 1.0256, 1.0458, 1.0510, 1.0515, 1.0253, 1.1085,
        1.0872, 1.0250, 1.1016, 1.1086, 1.0808, 1.0784, 1.0358, 1.0391, 1.0677,
        1.0891, 1.0359, 1.0744, 1.0250, 1.0575, 1.0724, 1.0367, 1.0317, 1.0645,
        1.1063], grad_fn=<SqrtBackward0>)
eps 2.5
mu tensor([[ 0.1610],
        [ 0.6428],
        [ 0.1545],
        [ 0.2391],
        [ 0.8412],
        [ 0.1857],
        [ 0.3776],
        [ 0.2093],
        [ 0.7538],
        [ 0.3515],
        [-0.2719],
        [ 0.2931],
        [ 1.3927],
        [ 0.1495],
        [-0.7787],
        [ 0.1497],
        [ 0.7465],
        [-0.0973],
        [ 0.1451],
        [ 0.2906],
        [ 0.6384],
        [ 1.1745],
        [ 0.5270],
        [-0.1922],
        [ 1.8666],
        [ 0.2030],
        [ 1.9000],
        [-0.6195],
        [ 0.1652],
        [ 0.1438],
        [ 0.1456],
        [-0.7272],
        [ 0.7357],
        [ 1.8245],
        [ 0.1817],
        [ 1.5890],
        [ 0.3027],
        [ 0.2284],
        [-0.8942],
        [ 0.2200],
        [ 0.5265],
        [ 0.1886],
        [-1.1715],
        [ 0.2353],
        [ 0.1609],
        [ 0.1525],
        [ 0.1839],
        [ 0.2351],
        [ 0.1900],
        [-0.8331],
        [ 0.3696],
        [ 0.2832],
        [ 1.8875],
        [ 0.1511],
        [ 0.6838],
        [ 0.3001],
        [ 1.5502],
        [ 0.1634],
        [ 0.1533],
        [ 0.1583],
        [ 0.2955],
        [ 0.8685],
        [ 0.5736],
        [ 0.2839],
        [ 0.1597],
        [ 0.2642],
        [ 0.0547],
        [ 1.7900],
        [ 0.9093],
        [ 1.2694],
        [ 0.2612],
        [ 0.1808],
        [ 0.1934],
        [ 0.1467],
        [ 1.7718],
        [ 1.6475],
        [ 0.9186],
        [ 0.8175],
        [ 0.8094],
        [ 1.6847],
        [ 0.1444],
        [ 0.2358],
        [ 1.7537],
        [ 0.1720],
        [ 0.1539],
        [ 0.2624],
        [-1.7474],
        [ 1.1633],
        [ 0.2804],
        [ 0.5643],
        [ 0.2276],
        [ 1.3611],
        [ 0.2862],
        [ 1.8397],
        [ 0.7098],
        [ 0.2932],
        [ 0.2543],
        [ 1.2992],
        [ 0.3161],
        [ 0.1755]], grad_fn=<MmBackward0>)
std tensor([1.5226, 1.4533, 1.5196, 1.3785, 1.4022, 1.4359, 1.5096, 1.4103, 1.4254,
        1.5139, 1.0689, 1.3163, 1.2431, 1.5160, 1.0643, 1.4833, 1.4273, 1.0853,
        1.4944, 1.1737, 1.4544, 1.3076, 1.4801, 1.0757, 1.1018, 1.5283, 1.0905,
        1.0497, 1.4602, 1.5044, 1.4927, 1.0466, 1.4301, 1.0362, 1.5270, 1.0268,
        1.1824, 1.3899, 1.0446, 1.3988, 1.4802, 1.5276, 1.0528, 1.5276, 1.4659,
        1.5184, 1.5272, 1.5276, 1.5277, 1.0449, 1.5110, 1.3288, 1.0948, 1.4807,
        1.4432, 1.1803, 1.1965, 1.4625, 1.1247, 1.1258, 1.5219, 1.3948, 1.4697,
        1.1696, 1.5221, 1.5253, 1.1057, 1.0342, 1.3836, 1.0213, 1.5256, 1.4414,
        1.4274, 1.5128, 1.1310, 1.1678, 1.3810, 1.4086, 1.4108, 1.1568, 1.4969,
        1.3820, 1.1364, 1.4518, 1.5193, 1.3531, 1.1039, 1.3109, 1.1676, 1.4718,
        1.3908, 1.0224, 1.3252, 1.1103, 1.4367, 1.3163, 1.1552, 1.2709, 1.2818,
        1.5261], grad_fn=<SqrtBackward0>)
eps 3.0
mu tensor([[-1.1847],
        [-0.3332],
        [-1.2285],
        [-1.9221],
        [-0.1635],
        [-1.7372],
        [-0.6449],
        [-1.8261],
        [-0.2339],
        [-0.6856],
        [-2.4702],
        [-2.0821],
        [ 0.1930],
        [-1.2737],
        [-1.5832],
        [-1.5232],
        [-0.2401],
        [-2.4736],
        [-1.4559],
        [-2.3720],
        [-0.3374],
        [ 0.0649],
        [-0.4525],
        [-2.4734],
        [ 0.4656],
        [-1.0074],
        [ 0.4908],
        [-2.4285],
        [-1.6383],
        [-1.3828],
        [-1.4670],
        [-2.4059],
        [-0.2493],
        [ 0.6380],
        [-1.0839],
        [ 0.6609],
        [-2.3571],
        [-1.8890],
        [-2.3582],
        [-1.8621],
        [-0.4530],
        [-1.0568],
        [-2.1859],
        [-0.9159],
        [-1.6124],
        [-1.2454],
        [-1.0751],
        [-0.9164],
        [-1.0518],
        [-2.3778],
        [-0.6571],
        [-2.0521],
        [ 0.4809],
        [-1.5377],
        [-0.2950],
        [-2.3608],
        [ 0.2805],
        [-1.6280],
        [-2.4439],
        [-2.4425],
        [-0.7838],
        [-0.1426],
        [-0.4021],
        [-2.3789],
        [-1.1922],
        [-0.8478],
        [-2.4628],
        [ 0.6437],
        [-0.1122],
        [ 0.6658],
        [-0.8544],
        [-1.7161],
        [-1.7680],
        [-1.3079],
        [ 0.4050],
        [ 0.3341],
        [-0.1054],
        [-0.1820],
        [-0.1884],
        [ 0.3549],
        [-1.4390],
        [-1.9120],
        [ 0.3943],
        [-1.6746],
        [-1.2336],
        [-1.9909],
        [ 0.2941],
        [ 0.0580],
        [-2.3822],
        [-0.4119],
        [-1.8863],
        [ 0.6660],
        [-2.0608],
        [ 0.4473],
        [-0.2718],
        [-2.0821],
        [-2.4021],
        [ 0.1395],
        [-2.1603],
        [-1.1101]], grad_fn=<MmBackward0>)
std tensor([1.1084, 1.0805, 1.1078, 1.0683, 1.0654, 1.0848, 1.0997, 1.0775, 1.0721,
        1.1014, 0.9367, 1.0493, 1.0208, 1.1070, 0.8749, 1.0982, 1.0726, 0.9482,
        1.1012, 0.9958, 1.0808, 1.0390, 1.0891, 0.9417, 0.9701, 1.1089, 0.9642,
        0.9184, 1.0917, 1.1040, 1.1008, 0.9134, 1.0735, 0.9182, 1.1091, 0.9037,
        0.9997, 1.0716, 0.9057, 1.0742, 1.0892, 1.1091, 0.8907, 1.1079, 1.0933,
        1.1075, 1.1091, 1.1079, 1.1091, 0.9085, 1.1002, 1.0532, 0.9666, 1.0975,
        1.0774, 0.9988, 1.0066, 1.0923, 0.9714, 0.9720, 1.1048, 1.0633, 1.0857,
        0.9939, 1.1083, 1.1065, 0.9608, 0.9154, 1.0601, 0.8923, 1.1067, 1.0864,
        1.0824, 1.1062, 0.9832, 0.9970, 1.0594, 1.0672, 1.0678, 0.9931, 1.1019,
        1.0693, 0.9854, 1.0893, 1.1077, 1.0607, 0.8578, 1.0400, 0.9930, 1.0864,
        1.0719, 0.8951, 1.0521, 0.9743, 1.0754, 1.0493, 0.9871, 1.0288, 1.0380,
        1.1090], grad_fn=<SqrtBackward0>)
elapsed time: 4215.150635
test_losses: [[1.87217845 2.05090994 1.85305356 1.6986966  1.68521177 1.64593692
  1.52736373 1.42933811 1.43847591 1.3958263  1.24055176 1.23186369
  1.23396586 1.18818658 1.1979245  1.12705262 1.07175855 1.06095093
  1.07950985 1.04309372 0.99098933 1.01058142 0.95468086 0.96428844
  0.9847488  1.00546786 0.93576833 0.89052768 0.90743744 0.9402835 ]
 [1.88233368 2.17177345 1.97355661 1.8111086  1.74228212 1.61788916
  1.50494111 1.50458685 1.36674456 1.36366482 1.34214145 1.28728974
  1.25657608 1.24932127 1.16236971 1.17666034 1.07068802 1.10404553
  1.10989406 1.08788543 1.08117204 1.01678478 1.06631698 1.04599178
  1.0295555  1.01047825 0.96524606 0.98207062 0.92140868 0.93078411]
 [1.85652177 2.31630085 1.93489715 1.7269741  1.7295127  1.64139669
  1.63679766 1.56246592 1.44995257 1.46162195 1.47583816 1.35776421
  1.31019476 1.32347809 1.26261708 1.24452953 1.22707998 1.21603723
  1.18640018 1.15238375 1.16249784 1.16072172 1.02653834 1.10736911
  1.08858193 1.00353764 1.00342892 1.01787107 1.06066465 1.0396544 ]
 [1.84797249 2.18283601 1.93907618 1.80894373 1.79031896 1.74285537
  1.59333001 1.6060996  1.49113299 1.53749376 1.4327291  1.46057091
  1.4164163  1.34923896 1.36896253 1.35780169 1.31533636 1.29391439
  1.26219849 1.23455501 1.27961766 1.17375464 1.15609492 1.12633246
  1.1792508  1.13627025 1.15362069 1.1206832  1.12522113 1.10857014]
 [1.85108459 2.26990001 1.96190214 1.91083149 1.77926342 1.73351914
  1.72743546 1.64286035 1.61910811 1.57849773 1.53144875 1.55067699
  1.43503897 1.46640496 1.46802422 1.4545241  1.45091139 1.40745248
  1.37279927 1.33830482 1.31729337 1.36601989 1.32959559 1.25687317
  1.34285631 1.34239765 1.32868947 1.21238259 1.24145412 1.26415414]
 [1.8564733  2.31588771 1.99518973 1.87532012 1.85697635 1.73479904
  1.73511246 1.70982654 1.58353481 1.66486206 1.61916512 1.63453268
  1.63241762 1.55946251 1.53204036 1.57091066 1.53336382 1.48960421
  1.4376873  1.42350998 1.42867309 1.39298353 1.43608237 1.38954845
  1.43041979 1.38729539 1.40038106 1.35075268 1.37059222 1.40595496]
 [1.86460658 2.31004075 1.90591685 1.92491847 1.92248021 1.872495
  1.80374135 1.76816316 1.78535093 1.71364656 1.67029157 1.66293671
  1.66780107 1.61146972 1.63356456 1.6324673  1.60556845 1.53603818
  1.53161449 1.62352902 1.55913442 1.5158425  1.50125248 1.50632728
  1.51761205 1.50024298 1.49569721 1.48462594 1.47437198 1.46677066]
 [1.89327018 2.17156852 2.04224247 1.99972945 1.93777977 1.82513113
  1.90667726 1.87224196 1.80014273 1.79301152 1.79336901 1.76427244
  1.7332134  1.76255021 1.74551813 1.72050278 1.71269175 1.70532375
  1.60975343 1.66524366 1.65617904 1.67241263 1.63857402 1.67782203
  1.64523356 1.59515798 1.63857145 1.58464152 1.65882081 1.59203303]
 [1.93537481 2.20892753 2.09123313 2.05200854 1.9534885  1.9846066
  1.88975468 1.90783033 1.84232926 1.87772455 1.84582472 1.89322657
  1.85101026 1.78669343 1.79471782 1.81040031 1.8476676  1.85027313
  1.8725698  1.75667651 1.78096192 1.76748348 1.80905451 1.76117772
  1.8110489  1.83236484 1.79433678 1.74061361 1.77533367 1.7133314 ]
 [1.85808787 2.22990548 2.11108515 2.15611    2.10620967 1.97988403
  1.95519557 1.99984069 1.97450076 1.96549157 1.98605525 2.0352247
  1.99517047 1.95422942 1.94158597 1.93063374 2.02335635 1.9155028
  1.98098047 1.88254988 1.91912936 2.01857818 1.94395395 2.02621668
  2.01674974 1.95127955 1.98599555 1.969791   1.97002211 1.99765856]
 [1.87157163 2.27870573 2.12022723 2.16494809 2.17054899 2.12528396
  2.12216942 2.13867585 2.09625648 2.08194317 2.07067459 2.12300754
  2.16907811 2.17682713 2.1737554  2.21467941 2.18093234 2.15351419
  2.16840613 2.10980377 2.27473175 2.12006026 2.15454105 2.21837034
  2.23137433 2.22001248 2.30267597 2.23760235 2.14213703 2.16267619]
 [1.85146609 2.31100542 2.41339137 2.74385304 2.57495545 2.5815734
  2.6312576  2.63837795 2.83116845 3.07281288 2.92999801 3.02681341
  3.11703974 3.24607581 3.19175067 3.23013819 3.27651169 3.2778198
  3.28254126 3.40493738 3.34499484 3.38498156 3.38592831 3.3961201
  3.40200296 3.37261921 3.53648326 3.4515021  3.57254519 3.41855298]
 [1.87209933 2.35694072 2.7118702  2.8404702  2.90279282 3.11628654
  3.23639027 3.25161575 3.45445424 3.68399877 3.69560773 3.74546909
  3.98883838 4.00806705 4.00445668 4.09484062 4.28664965 4.16513362
  4.42608442 4.32426462 4.34144612 4.27985084 4.30155512 4.62114072
  4.37907471 4.65132319 4.70337384 4.6010018  4.6477354  4.53591264]
 [1.80319432 2.43823685 2.63565317 2.83043196 2.7958361  3.44850009
  3.27213089 3.57817753 3.89557145 3.87223655 4.07800765 4.34176533
  4.42260131 4.16000784 4.46267245 4.46807271 4.90665337 4.24471337
  4.89998073 4.90202405 4.8518927  4.84641776 5.0443063  5.29807013
  5.12603994 5.1414395  5.19701255 5.27150971 5.29013682 5.08943535]
 [1.8705807  2.32944507 2.69169623 3.03545527 3.03886926 3.31507141
  3.7388674  3.66274721 4.01493077 4.17768144 4.38313094 4.17984992
  4.63545689 4.71638782 4.73183272 4.4710362  4.80840775 4.83583597
  5.24299345 5.14978765 5.34131171 5.49699479 5.14133771 5.29024165
  5.59868203 5.81669592 5.54043598 5.80076547 5.57272706 5.73961666]]
