args:  Namespace(attack='fgsm', gaussian=True, l2=0, ndim=5)
elapsed time: 7679.095730567
test_losses: [[0.05177196 0.0506182  0.05576187 0.0818417  0.12185313 0.07265289
  0.04005664 0.02481241 0.01784017 0.01316036 0.01123227 0.00872163
  0.00650943 0.00574548 0.0055637  0.00528919 0.00463187 0.00438411
  0.00359167 0.00336638 0.00321464 0.00319763 0.00300075 0.00283173
  0.00275416 0.00277369 0.00249299 0.00222998 0.0022162  0.0022851 ]
 [0.04452139 0.04385376 0.04838979 0.04997043 0.04219952 0.03051876
  0.02142466 0.01699304 0.01481571 0.01146989 0.00942669 0.00822384
  0.00756336 0.00699224 0.00656466 0.00552991 0.0053893  0.00490204
  0.00415919 0.00395367 0.00350968 0.0036994  0.00352879 0.00332261
  0.00304359 0.00299627 0.00285948 0.00263131 0.00267792 0.0026644 ]
 [0.04437841 0.04459982 0.04257187 0.03855974 0.02902276 0.0240995
  0.02108787 0.01714692 0.0142977  0.01297096 0.01171035 0.01122541
  0.01015852 0.00912157 0.00879069 0.00846019 0.00728856 0.00776715
  0.00702056 0.0066797  0.00627302 0.00584964 0.00517326 0.00518395
  0.00524904 0.00485267 0.00506945 0.00468443 0.00430252 0.00438298]
 [0.047385   0.04616512 0.04402069 0.03466176 0.02920233 0.0242497
  0.02183055 0.01983728 0.01784362 0.01711787 0.01530874 0.01579126
  0.01365271 0.01403434 0.01341973 0.01243176 0.01151033 0.01166566
  0.01165194 0.01089057 0.0112482  0.01066727 0.01002916 0.0099361
  0.00973352 0.00886976 0.00929235 0.00923122 0.0090217  0.00831105]
 [0.04764485 0.04695259 0.04155699 0.03500291 0.02921051 0.02677021
  0.02572124 0.02369842 0.02185802 0.02077734 0.02109965 0.01974586
  0.02005476 0.01925827 0.01892837 0.01885354 0.01925462 0.01743955
  0.01847001 0.01766968 0.01697708 0.0169814  0.01775415 0.01740173
  0.01728462 0.01667285 0.01579738 0.01592536 0.01551508 0.01533444]
 [0.05049043 0.04599769 0.04091697 0.03405318 0.03136665 0.03104122
  0.02766785 0.02786207 0.02676929 0.02638563 0.02609278 0.02572489
  0.0255302  0.02481787 0.02435421 0.02453302 0.02492735 0.02492968
  0.02512315 0.02530245 0.0247922  0.02395226 0.02396691 0.02438093
  0.02373375 0.02365362 0.02415261 0.02458635 0.02396435 0.02417682]
 [0.04968232 0.04634114 0.04071702 0.03564292 0.03232938 0.03133208
  0.03080474 0.03143818 0.03015553 0.03082096 0.02928553 0.02898585
  0.03002407 0.0301748  0.03037149 0.03007805 0.0297819  0.02968126
  0.03006377 0.02928893 0.02944835 0.029708   0.02937854 0.02990673
  0.02951602 0.02924199 0.02976303 0.029362   0.02960528 0.02848422]
 [0.05061651 0.04438315 0.03995372 0.03558967 0.03469429 0.03422757
  0.03359531 0.03423175 0.03366587 0.03300784 0.03314638 0.03331597
  0.0332219  0.03306197 0.03292286 0.03338762 0.03306094 0.03316821
  0.03339345 0.0334132  0.03280124 0.03280227 0.03315545 0.03355484
  0.03335315 0.03343558 0.03300843 0.03313452 0.03316926 0.0332519 ]
 [0.05097816 0.04429941 0.03993573 0.03686992 0.03668113 0.03545918
  0.03640218 0.03608923 0.03588091 0.03606398 0.03597687 0.03582487
  0.03579718 0.03609497 0.03625749 0.03589481 0.03638562 0.03603408
  0.03610429 0.03665639 0.03594064 0.036235   0.03598077 0.03619265
  0.0364031  0.03609041 0.03668824 0.03607795 0.03639171 0.03636265]
 [0.04943302 0.04300571 0.04091062 0.0395016  0.03815345 0.03783636
  0.0379296  0.03814288 0.03760805 0.03827971 0.03820747 0.03826032
  0.03799136 0.03807212 0.03819662 0.0380748  0.03891134 0.038391
  0.03852618 0.0386623  0.03860054 0.03896255 0.03899711 0.03866975
  0.03865937 0.03892037 0.03856748 0.03963932 0.03921063 0.03854098]
 [0.04972646 0.04418041 0.04019361 0.03955134 0.03971538 0.03970235
  0.03999588 0.03933391 0.03978848 0.03988432 0.03971554 0.04024893
  0.04065314 0.0404366  0.04051235 0.04070647 0.04058292 0.04030783
  0.04151386 0.0405194  0.04088511 0.04161911 0.04129188 0.04157011
  0.04072215 0.04142406 0.04147983 0.0413215  0.04128089 0.04109496]
 [0.0484983  0.04429258 0.04388571 0.04432504 0.04446849 0.04522816
  0.04580087 0.0457978  0.04590669 0.04630726 0.0464399  0.04645071
  0.04676961 0.04709165 0.04703407 0.04722835 0.04747207 0.04744279
  0.04739043 0.04731284 0.0477549  0.04785226 0.04772784 0.04792429
  0.0481044  0.04828315 0.04816843 0.04811311 0.04823762 0.04802706]
 [0.04710379 0.04620321 0.04672235 0.04767629 0.04782294 0.04785116
  0.04849957 0.04862044 0.04861064 0.04853303 0.04891121 0.04899264
  0.0491011  0.0491473  0.04918363 0.04926026 0.04934452 0.04931505
  0.04934914 0.04945849 0.04940751 0.04943449 0.04939742 0.04943491
  0.04942743 0.04946212 0.0494673  0.04942962 0.04952141 0.0494721 ]
 [0.04729301 0.0481325  0.04879578 0.04889562 0.04925375 0.04914952
  0.0494899  0.04939728 0.04952197 0.04955742 0.04960269 0.04955946
  0.04966105 0.04965964 0.04967272 0.04971292 0.04964634 0.04963415
  0.04965509 0.04967551 0.04963397 0.04972292 0.0496882  0.04972524
  0.04969985 0.0497241  0.04976298 0.04969646 0.04967478 0.04970117]
 [0.04850104 0.04920093 0.04943208 0.0495547  0.04957208 0.04971113
  0.04970178 0.04976406 0.04973989 0.04978972 0.04974436 0.04974842
  0.04978711 0.04973628 0.04976316 0.04972581 0.04973873 0.04976682
  0.04976352 0.04981399 0.04973076 0.04985553 0.04975578 0.04975671
  0.04975337 0.04975807 0.04978068 0.04980537 0.0497673  0.04977879]]
variance: [[4.40282864e-04 1.31832839e-03 8.12809551e-03 2.51585624e-02
  7.38507675e-02 1.76648030e-02 7.59076641e-03 1.37919876e-03
  1.98310753e-03 1.96462741e-04 1.46166312e-04 1.15905100e-04
  4.00804871e-05 2.13563992e-05 2.10349014e-05 1.86730083e-05
  1.18291652e-05 1.26875618e-05 6.67525289e-06 6.40808381e-06
  5.97475595e-06 5.75993418e-06 5.31627203e-06 4.44080403e-06
  4.99340715e-06 4.57850257e-06 4.30491625e-06 3.29168585e-06
  2.36130827e-06 3.00714383e-06]
 [1.95164807e-04 1.09054951e-03 2.73178624e-03 2.54478286e-03
  1.68084503e-03 9.10817204e-04 3.94825218e-04 2.84918451e-04
  1.84931377e-04 9.20616050e-05 4.97835230e-05 4.49900385e-05
  3.81697678e-05 3.11616775e-05 2.57231924e-05 2.33939569e-05
  2.23584185e-05 1.47334273e-05 1.22431572e-05 1.15627926e-05
  8.55739807e-06 7.39332057e-06 8.85766085e-06 6.34387056e-06
  5.27185578e-06 5.26798737e-06 3.75834385e-06 4.76048628e-06
  4.43383499e-06 3.95927962e-06]
 [1.24574786e-04 4.87232995e-04 6.63160886e-04 5.78799038e-04
  3.11965021e-04 2.65654199e-04 1.81698130e-04 1.25265845e-04
  8.35382407e-05 6.44414159e-05 6.08650350e-05 5.96177103e-05
  4.91688866e-05 4.94268366e-05 4.58799651e-05 4.52907203e-05
  3.09540314e-05 3.25605578e-05 2.85345721e-05 2.62267021e-05
  2.36100302e-05 1.89186087e-05 1.75536217e-05 1.41758977e-05
  1.57867390e-05 1.17990518e-05 1.51173619e-05 1.12694274e-05
  1.01519012e-05 1.18791978e-05]
 [2.13521050e-04 3.96426920e-04 6.64921054e-04 2.98855973e-04
  2.52293064e-04 1.44884708e-04 1.37098357e-04 1.11372655e-04
  8.09158224e-05 7.40285197e-05 6.02977298e-05 6.97320148e-05
  6.35184708e-05 6.38090186e-05 5.79120987e-05 6.11212868e-05
  5.26024148e-05 5.29507393e-05 5.32454427e-05 4.19154529e-05
  5.44269495e-05 4.57599807e-05 3.89574443e-05 3.65546559e-05
  3.92428616e-05 3.33860865e-05 3.12829454e-05 3.57152599e-05
  3.86835569e-05 3.15367042e-05]
 [2.21188769e-04 4.29611351e-04 3.55235431e-04 2.71511778e-04
  1.34027323e-04 1.14230253e-04 1.05478179e-04 8.45208610e-05
  8.87276687e-05 8.49191688e-05 7.74044014e-05 8.24196791e-05
  7.97274794e-05 7.39236851e-05 7.52928453e-05 7.76694527e-05
  7.61631985e-05 7.33833985e-05 6.41518057e-05 6.64242337e-05
  6.87124170e-05 6.91790176e-05 6.92203389e-05 7.00554743e-05
  7.38752003e-05 6.11688164e-05 5.57105903e-05 6.42605574e-05
  6.83600816e-05 5.14672916e-05]
 [3.69733475e-04 3.20563931e-04 3.09610561e-04 1.62220535e-04
  1.07026705e-04 1.11178194e-04 9.62546304e-05 7.27445230e-05
  6.82818738e-05 7.36483021e-05 6.54852841e-05 7.03166922e-05
  6.75256347e-05 7.76519630e-05 6.82156354e-05 5.46953490e-05
  5.74284446e-05 6.25446357e-05 5.81575092e-05 5.08025482e-05
  6.59243081e-05 5.33561655e-05 5.41603873e-05 5.41648708e-05
  6.04893729e-05 5.22704751e-05 5.10984393e-05 5.55013299e-05
  6.14041851e-05 4.98846753e-05]
 [2.10480794e-04 4.06104019e-04 1.79933025e-04 1.31782041e-04
  8.14886885e-05 8.77678249e-05 7.49733979e-05 6.90607994e-05
  6.39112944e-05 5.70148315e-05 6.39326133e-05 5.18116512e-05
  4.78830704e-05 5.45614874e-05 4.50104045e-05 4.79018189e-05
  4.74327060e-05 4.60555767e-05 4.40795321e-05 3.75350940e-05
  4.45763105e-05 4.30218192e-05 4.26501886e-05 3.57947438e-05
  3.73559203e-05 3.77053975e-05 3.59680874e-05 3.51062921e-05
  3.42166322e-05 3.49561637e-05]
 [2.78091969e-04 1.94691494e-04 1.49275789e-04 8.20810326e-05
  6.68471892e-05 6.38015029e-05 5.18500251e-05 5.50031416e-05
  5.34118629e-05 4.73683110e-05 4.10701809e-05 4.20337384e-05
  3.76978914e-05 4.19416407e-05 4.24887983e-05 3.59311279e-05
  3.70408735e-05 3.39572034e-05 3.20522056e-05 3.53805164e-05
  3.77230343e-05 3.57943218e-05 3.37836274e-05 2.48031647e-05
  3.12577599e-05 2.78792246e-05 3.01617703e-05 3.04665568e-05
  2.98957849e-05 2.92040584e-05]
 [2.91095664e-04 1.44563707e-04 1.09681122e-04 5.91491838e-05
  5.94187861e-05 5.86121835e-05 5.36292626e-05 4.60057696e-05
  3.83244201e-05 4.35522269e-05 3.44234572e-05 3.58234899e-05
  3.16338041e-05 3.27374363e-05 2.94380422e-05 3.22843449e-05
  3.24491158e-05 2.96579070e-05 2.66795584e-05 2.75999934e-05
  3.09546172e-05 2.83679469e-05 3.15721352e-05 2.75236383e-05
  2.89519035e-05 3.08691513e-05 2.75385640e-05 2.62563264e-05
  2.61560593e-05 2.66834478e-05]
 [1.97954935e-04 1.19638861e-04 8.87024772e-05 6.63482230e-05
  4.32378014e-05 4.43667110e-05 3.41733961e-05 3.60850360e-05
  3.34811879e-05 2.94055612e-05 3.10201206e-05 3.08251795e-05
  2.80741325e-05 3.27169515e-05 2.91223114e-05 2.59790085e-05
  2.70007097e-05 2.63165793e-05 2.69754494e-05 2.72144817e-05
  2.50026898e-05 2.58399299e-05 2.93565535e-05 2.49965522e-05
  2.35372847e-05 2.34590632e-05 2.63063387e-05 1.97633847e-05
  1.94652782e-05 2.23392288e-05]
 [2.02798222e-04 1.20892914e-04 5.85246047e-05 4.04209554e-05
  3.17959784e-05 4.47222015e-05 3.30163035e-05 3.11494926e-05
  2.70995661e-05 2.92562853e-05 3.16921038e-05 2.77171990e-05
  2.61909941e-05 2.68939366e-05 2.45088001e-05 2.45130355e-05
  2.63793818e-05 2.50744507e-05 2.24876729e-05 2.31754762e-05
  2.17509822e-05 1.84666585e-05 1.97898826e-05 1.87709402e-05
  2.41120219e-05 1.79659428e-05 1.99428327e-05 2.13702842e-05
  1.97479226e-05 2.31151600e-05]
 [1.41562306e-04 3.60360521e-05 2.52478271e-05 2.54004179e-05
  1.98738338e-05 1.59498193e-05 1.61823537e-05 1.41660648e-05
  1.38177264e-05 1.13836562e-05 1.11646468e-05 1.02254810e-05
  1.08444713e-05 9.71683601e-06 9.62346674e-06 7.99953588e-06
  6.74733487e-06 7.99938660e-06 7.39635148e-06 7.65212490e-06
  4.83169547e-06 4.79830883e-06 5.75019783e-06 4.65711091e-06
  4.59294919e-06 3.83544479e-06 3.95713371e-06 4.42721477e-06
  3.56426240e-06 5.98855927e-06]
 [4.22913638e-05 2.03181150e-05 1.37163431e-05 1.06129812e-05
  8.86502821e-06 8.49315970e-06 4.52056929e-06 4.71250172e-06
  4.32440097e-06 4.55184789e-06 2.59407998e-06 2.38510798e-06
  2.22627752e-06 1.52179487e-06 1.78340695e-06 1.25890522e-06
  1.35250848e-06 8.78038019e-07 1.08708312e-06 5.29632178e-07
  6.79452661e-07 6.10164815e-07 9.55935107e-07 4.06105382e-07
  6.69954056e-07 7.08479008e-07 5.45708023e-07 5.28198374e-07
  4.61794860e-07 3.89070594e-07]
 [1.93078939e-05 9.50947370e-06 5.00568404e-06 3.79470263e-06
  2.37670720e-06 2.61596817e-06 1.01857359e-06 1.34782834e-06
  7.77195751e-07 5.09914090e-07 3.33440979e-07 5.71575431e-07
  3.44945037e-07 3.50014030e-07 3.16469080e-07 2.68901224e-07
  3.72298579e-07 3.22523079e-07 2.92599584e-07 3.22839668e-07
  4.72122981e-07 3.05015752e-07 4.19830859e-07 2.92503496e-07
  2.87988318e-07 2.67975187e-07 3.06961966e-07 4.38912333e-07
  2.83346479e-07 2.73631737e-07]
 [1.18676291e-05 4.47949075e-06 2.21256341e-06 1.47377743e-06
  1.18550395e-06 4.26112471e-07 4.50354776e-07 3.20715001e-07
  3.17983789e-07 3.86933781e-07 3.10022875e-07 3.39114903e-07
  2.65821955e-07 2.57727193e-07 3.25998371e-07 2.70876668e-07
  2.70147670e-07 2.86178940e-07 2.74742676e-07 2.42297717e-07
  4.05080328e-07 2.49657912e-07 2.39897148e-07 2.70615416e-07
  2.85536345e-07 2.52675207e-07 2.35325799e-07 2.34058306e-07
  2.88551737e-07 2.77415797e-07]]
