args:  Namespace(attack='fgm', gaussian=True, l2=0, ndim=7)
elapsed time: 11849.657647328999
mins: [[2.02952023e-03 4.58085723e-03 1.93781790e-03 1.53333752e-03
  3.12495790e-03 1.69873820e-03 1.59045716e-03 1.40651688e-03
  2.24539707e-03 1.96708948e-03 1.12814200e-03 1.21009175e-03
  5.65361581e-04 6.67483953e-04 4.74587170e-04 8.98990023e-04
  7.33023218e-04 1.62515513e-04 3.98824544e-04 6.85831765e-04
  4.01106488e-04 2.98795203e-04 4.89993778e-04 5.38469525e-04
  3.32052325e-04 3.39094113e-04 3.09735304e-04 3.44121305e-04
  1.93034779e-04 1.97720452e-04]
 [8.13490711e-03 1.02964905e-03 1.91625278e-03 1.97554892e-03
  2.57140817e-03 1.71903521e-03 2.82435771e-03 1.81973074e-03
  1.52947917e-03 1.02128845e-03 9.01165244e-04 8.76427570e-04
  4.33359208e-04 1.17925310e-03 7.64828001e-04 3.52533680e-04
  6.80056226e-04 8.76062782e-04 6.99688098e-04 7.49044819e-04
  3.33866104e-04 4.61952935e-04 5.36979060e-04 2.37188287e-04
  4.44490841e-04 3.50912218e-04 4.26730898e-04 2.14490428e-04
  2.88521958e-04 2.76355568e-04]
 [4.91188001e-03 7.96270650e-03 2.05385662e-03 3.31278075e-03
  3.79678840e-03 3.70940240e-03 1.92052568e-03 1.56349549e-03
  1.14480068e-03 1.14366971e-03 1.58067083e-03 3.14458768e-04
  5.21152397e-04 1.01992069e-03 8.64752627e-04 9.24197782e-04
  6.03787543e-04 4.88919148e-04 3.01420514e-04 5.11936785e-04
  4.98494192e-04 3.42418323e-04 5.97399077e-04 3.90050001e-04
  3.55646393e-04 3.44504690e-04 3.33072210e-04 3.18946142e-04
  2.07441481e-04 5.31779369e-04]
 [2.34221364e-03 4.08282084e-03 3.90207651e-03 1.73420017e-03
  3.00182169e-03 2.61333515e-03 1.33493496e-03 2.18596729e-03
  1.39343215e-03 9.58788441e-04 1.44713803e-03 5.82479290e-04
  6.07962895e-04 8.44567840e-04 7.97184126e-04 1.38346804e-03
  5.20205009e-04 5.92522381e-04 3.76824290e-04 2.50991579e-04
  5.45917777e-04 7.04517937e-04 6.54610340e-04 6.22784544e-04
  3.05980997e-04 3.86781641e-04 3.18802980e-04 1.66656260e-04
  2.61822628e-04 3.25126835e-04]
 [9.97283962e-03 3.88993975e-03 5.06157149e-03 2.71911896e-03
  2.74153822e-03 2.63876189e-03 3.99998063e-03 1.48937001e-03
  1.54400826e-03 1.09229225e-03 7.19898788e-04 1.46854727e-03
  9.76492593e-04 4.40337521e-04 8.99568724e-04 1.22452993e-03
  4.54933761e-04 7.62012380e-04 1.96216846e-04 5.40068024e-04
  7.83781928e-04 5.10639627e-04 3.71554197e-04 3.13149736e-04
  2.44459690e-04 5.42436785e-04 5.24975243e-04 8.70254080e-05
  3.11765791e-04 8.10550060e-04]
 [1.50927650e-02 6.29405491e-03 3.40647320e-03 3.80137772e-03
  1.55686308e-03 1.37705938e-03 2.38748756e-03 1.33488700e-03
  1.93469401e-03 8.79079977e-04 8.74681107e-04 8.42843903e-04
  9.22143750e-04 7.81344948e-04 9.30425071e-04 6.29358692e-04
  8.45031231e-04 6.81129342e-04 7.62408425e-04 2.64798466e-04
  6.67447574e-04 7.62534910e-04 4.44328034e-04 6.62289734e-04
  1.70605737e-04 8.18987552e-04 8.15227861e-04 3.22014123e-04
  7.21702119e-04 4.25265345e-04]
 [1.29149463e-02 3.79407173e-03 3.36899166e-03 5.12130978e-03
  4.54497198e-03 2.85868975e-03 2.99077155e-03 1.69274362e-03
  1.97875360e-03 1.67225744e-03 9.85671999e-04 1.31631200e-03
  9.71440750e-04 5.28054836e-04 9.42050538e-04 4.59223462e-04
  1.27047102e-03 8.18807923e-04 1.16199628e-03 1.18899753e-03
  4.94455977e-04 8.90045369e-04 7.37149327e-04 7.07362837e-04
  3.01951106e-04 5.67971147e-04 1.22118660e-03 6.27211528e-04
  6.90724701e-04 7.03520840e-04]
 [1.72843114e-02 1.35058677e-02 2.99198925e-03 5.00306115e-03
  2.41569988e-03 2.35054083e-03 2.60033039e-03 2.10342067e-03
  1.69648509e-03 1.72123057e-03 5.88713388e-04 1.31227146e-03
  1.27900334e-03 1.68648991e-03 1.00306550e-03 3.48068861e-04
  1.19533530e-03 1.34956976e-03 6.68322144e-04 5.63640438e-04
  6.48228801e-04 1.19088462e-03 7.24776008e-04 1.12620275e-03
  9.81801772e-04 1.52114546e-03 7.22519995e-04 1.08310231e-03
  1.03841012e-03 1.52883690e-03]
 [8.67737178e-03 1.25146369e-02 8.36432818e-03 5.24833845e-03
  3.59577825e-03 3.62095260e-03 2.95464927e-03 1.22591038e-03
  4.32235014e-04 2.73317884e-04 1.69797672e-03 1.21621194e-03
  1.73580530e-03 1.55893411e-03 1.74920319e-03 1.53706316e-03
  1.49747136e-03 1.51140452e-03 7.84137461e-04 1.68779003e-03
  1.27456826e-03 1.07919902e-03 2.30695959e-03 1.10810553e-03
  1.64073135e-03 1.09096605e-03 1.37010007e-03 1.39818829e-03
  9.96604096e-04 1.27524347e-03]
 [2.65134405e-02 1.03109311e-02 5.95660042e-03 4.48692217e-03
  4.85595362e-03 2.54040281e-03 2.17467453e-03 1.06791488e-03
  2.61236797e-03 1.76270748e-03 8.74035526e-04 1.88055786e-03
  2.77312077e-03 1.13742414e-03 8.86172755e-04 1.35292101e-03
  1.73316163e-03 2.05208082e-03 1.85246719e-03 8.01372400e-04
  1.45791040e-03 1.21598225e-03 2.07920233e-03 1.22398720e-03
  2.12858804e-03 2.52249977e-03 1.72437844e-03 1.43449171e-03
  1.63466274e-03 1.91138103e-03]
 [2.08844170e-02 1.15259029e-02 7.68057210e-03 7.18515413e-03
  2.75169429e-03 2.25253799e-03 2.45217467e-03 2.06394913e-03
  3.19683552e-03 1.12337794e-03 1.81980466e-03 3.05920071e-03
  1.30782078e-03 1.94926257e-03 1.39129919e-03 3.87418270e-03
  2.48995190e-03 3.25374072e-03 2.37526558e-03 2.88136955e-03
  1.21338945e-03 2.10409332e-03 3.04149091e-03 1.71463948e-03
  3.02030146e-03 2.91702989e-03 1.87744538e-03 1.30527094e-03
  4.67163138e-03 2.58105341e-03]
 [2.29453351e-02 8.97543225e-03 7.07604038e-03 4.49146051e-03
  2.66842078e-03 2.99999188e-03 6.39474532e-03 1.18183671e-02
  7.47119775e-03 9.61477309e-03 1.25827231e-02 5.99584915e-03
  7.35392701e-03 7.65990326e-03 1.26227988e-02 5.99811738e-03
  4.85688914e-03 8.50364193e-03 1.00631583e-02 1.09898290e-02
  1.52375223e-02 1.67035870e-02 1.55788222e-02 8.65926594e-03
  1.87053978e-02 1.80785935e-02 1.59167908e-02 1.62410643e-02
  2.16217395e-02 2.01689713e-02]
 [2.08844189e-02 1.18878689e-02 1.60315949e-02 1.53839970e-02
  5.34674106e-03 1.16958795e-02 2.16744095e-02 2.48341653e-02
  1.54042998e-02 2.74299029e-02 2.52850372e-02 3.25331315e-02
  2.63464283e-02 2.53519434e-02 1.97182931e-02 3.19351628e-02
  2.95410212e-02 2.97452789e-02 3.63812819e-02 3.52277383e-02
  3.54526751e-02 3.81042697e-02 3.50651257e-02 3.43547426e-02
  3.88417654e-02 3.42959985e-02 3.55942883e-02 3.56232785e-02
  3.25682722e-02 3.63321342e-02]
 [2.66523026e-02 2.27163080e-02 2.45894771e-02 3.65970284e-02
  3.10650654e-02 3.38772573e-02 3.33419293e-02 3.50812376e-02
  3.35330479e-02 3.42253372e-02 3.81130911e-02 3.97379212e-02
  3.45879048e-02 3.42158303e-02 4.10795361e-02 3.93908434e-02
  4.33229245e-02 4.09406088e-02 4.26214635e-02 4.31622937e-02
  4.67303805e-02 4.55204248e-02 4.60402071e-02 5.00173457e-02
  4.64597084e-02 4.71142754e-02 4.54067998e-02 4.94562238e-02
  4.98887748e-02 4.55789082e-02]
 [1.65083092e-02 1.28929475e-02 3.14157717e-02 3.97619344e-02
  4.26970497e-02 4.14103158e-02 3.07926629e-02 4.66029122e-02
  4.49169576e-02 4.72683050e-02 5.07344007e-02 4.96658906e-02
  4.74019349e-02 5.38356192e-02 5.18359244e-02 5.26141636e-02
  3.76954824e-02 4.98297401e-02 5.36765158e-02 5.42165674e-02
  5.05905524e-02 5.85260913e-02 5.87954335e-02 5.85979111e-02
  5.58090322e-02 5.98705485e-02 6.37947097e-02 6.50506243e-02
  5.90184964e-02 5.97035140e-02]]
maxs: [[0.20781876 0.15285265 0.22438927 0.30958924 0.89841181 1.55040252
  1.29127944 0.75997108 0.35843122 0.52759802 0.25207776 0.12506692
  0.09574288 0.07199428 0.04633905 0.0922846  0.04589682 0.03891195
  0.03094289 0.03439746 0.03361075 0.02564699 0.02502569 0.01848538
  0.02016869 0.02177349 0.01315488 0.01791955 0.01733963 0.01060265]
 [0.140839   0.12333687 0.14945456 0.36445758 0.48753482 0.64354944
  0.34226295 0.35454392 0.47109058 0.11299349 0.08913684 0.13762885
  0.07858191 0.06919353 0.04560797 0.0485424  0.03704547 0.03309602
  0.02673619 0.03943725 0.03024171 0.02419035 0.02844395 0.01573559
  0.02354271 0.02426079 0.01738708 0.01179409 0.01732436 0.0145075 ]
 [0.09866934 0.19138692 0.22966857 0.20520972 0.28644565 0.24070372
  0.21951568 0.17402974 0.12931219 0.15612826 0.0886911  0.0774662
  0.06946311 0.06009765 0.05534305 0.03073105 0.03573418 0.03497815
  0.02779495 0.01912122 0.01805503 0.02948482 0.02201174 0.01854097
  0.01561666 0.02035425 0.01092665 0.01230227 0.01005948 0.01206261]
 [0.09163339 0.14889249 0.1321616  0.18670464 0.18695231 0.14629583
  0.11363432 0.11195679 0.12070675 0.06386524 0.04828907 0.06591298
  0.06152616 0.03675406 0.03682013 0.042156   0.03087657 0.02955983
  0.02109456 0.03074314 0.01746286 0.01906109 0.02395507 0.01981899
  0.01711064 0.03509243 0.01427224 0.01304623 0.01719285 0.01303032]
 [0.12082803 0.10835754 0.20312005 0.12915188 0.11924949 0.10100421
  0.11535749 0.08144522 0.08466306 0.08043552 0.05552766 0.06533422
  0.04003291 0.03705813 0.04124805 0.04850266 0.03931013 0.02685112
  0.02584157 0.02943987 0.02306853 0.02227523 0.02325623 0.02415487
  0.02354912 0.02409343 0.0179335  0.02072099 0.01677549 0.01590384]
 [0.09900124 0.21182285 0.13484582 0.13773403 0.10069624 0.12401273
  0.11091544 0.09034549 0.05636512 0.07387991 0.05419197 0.05521672
  0.04397931 0.04252412 0.0465014  0.04547473 0.04395394 0.04858804
  0.02788444 0.03722504 0.03181921 0.05635931 0.03403521 0.03478866
  0.04444185 0.02623907 0.02097293 0.02159221 0.02240196 0.02065592]
 [0.09377673 0.12110049 0.09758177 0.09080468 0.08257093 0.09247842
  0.07030309 0.06774667 0.06269385 0.06242958 0.05788235 0.06652477
  0.05237901 0.05418504 0.04725328 0.05093026 0.05437685 0.04918506
  0.0511754  0.0412469  0.04707609 0.04194573 0.04855176 0.042692
  0.03723632 0.04144878 0.03302512 0.04171427 0.0351951  0.03134623]
 [0.09430698 0.10267427 0.10612818 0.09902745 0.09648626 0.0783366
  0.0760463  0.07685284 0.06234532 0.06113719 0.06869306 0.05787013
  0.05389981 0.05425409 0.05598145 0.05644733 0.05375808 0.04959689
  0.04486251 0.0516152  0.05449617 0.05359219 0.04807105 0.041371
  0.04663582 0.04459956 0.03724503 0.0448045  0.04435286 0.03702299]
 [0.08461001 0.09375653 0.08682954 0.09768061 0.08042158 0.07570945
  0.07125173 0.07191335 0.0783982  0.07223997 0.05713306 0.06131663
  0.05565008 0.06431904 0.06060902 0.05390685 0.06029224 0.06078738
  0.05560245 0.05583484 0.0482002  0.05216712 0.04916817 0.05115777
  0.04332074 0.04145418 0.04502872 0.04842666 0.05229212 0.04389452]
 [0.09535895 0.09389414 0.08670048 0.07940583 0.07420439 0.07507828
  0.06838809 0.06817716 0.06387477 0.06071426 0.06102101 0.06349847
  0.05811119 0.06386413 0.05523252 0.06408767 0.0576588  0.05783717
  0.05281542 0.05976234 0.06293415 0.05209785 0.06030805 0.05317939
  0.06299148 0.05643348 0.05664912 0.05186939 0.05658492 0.05152572]
 [0.11190221 0.08659775 0.09777913 0.07960977 0.07909632 0.06740347
  0.07017566 0.06958114 0.06801862 0.06561757 0.06694587 0.0706014
  0.06358905 0.06595724 0.06533563 0.05930295 0.06081588 0.07043165
  0.06618736 0.0608719  0.06980397 0.06045891 0.05913535 0.0601362
  0.05742906 0.05925064 0.05888449 0.05483815 0.05709488 0.05697017]
 [0.09058012 0.07673702 0.07513264 0.07464828 0.07056727 0.07064569
  0.07148965 0.07306182 0.0696725  0.07032159 0.07157679 0.06987707
  0.0703254  0.07120177 0.06937702 0.07054967 0.06874876 0.07003225
  0.06962874 0.07005401 0.06950802 0.0694596  0.06891479 0.06533095
  0.06725157 0.06860998 0.06892102 0.06754845 0.06781615 0.06979115]
 [0.07871849 0.07699224 0.07310861 0.07120503 0.07112963 0.07253481
  0.07089081 0.07334322 0.07057196 0.07018509 0.07075707 0.0703233
  0.07165378 0.07008235 0.07074902 0.07056031 0.07053742 0.07056246
  0.07014222 0.07096101 0.07016156 0.0701334  0.07042546 0.07045056
  0.07047882 0.07057889 0.07033541 0.07018576 0.07027636 0.06995413]
 [0.07804391 0.07284587 0.0710743  0.07052947 0.07128149 0.07059367
  0.07057627 0.07098164 0.07084964 0.07097226 0.07113504 0.07067744
  0.07066331 0.07055546 0.07049356 0.07072875 0.07059336 0.07058384
  0.07116298 0.07050444 0.07085802 0.07085551 0.0710206  0.07081322
  0.07096187 0.07076157 0.07066996 0.07073935 0.07086925 0.07085072]
 [0.07495794 0.07204667 0.0721431  0.07073611 0.07234342 0.07129128
  0.07109187 0.07068715 0.07095192 0.07167935 0.07069446 0.07098538
  0.07104396 0.07071576 0.07123179 0.07086877 0.07122678 0.07087694
  0.07093749 0.07104681 0.07095104 0.0712871  0.07127669 0.07096267
  0.07094584 0.07104882 0.07231512 0.07085401 0.07095268 0.07112187]]
test_losses: [[0.07052462 0.06367375 0.05938974 0.05754675 0.05926302 0.08785978
  0.10863536 0.07277426 0.0409248  0.03817642 0.02512421 0.01666279
  0.01256215 0.01221951 0.0096314  0.00822608 0.00749381 0.00763445
  0.00614495 0.00586021 0.00557384 0.00506088 0.00452651 0.0044492
  0.00423116 0.00380511 0.00374531 0.00344459 0.00327986 0.00311257]
 [0.06681428 0.05701187 0.05016249 0.04829192 0.05676575 0.06225604
  0.06836241 0.04404948 0.0307308  0.02156416 0.0165938  0.0140439
  0.01168418 0.0101305  0.00912665 0.00813733 0.00693093 0.00640856
  0.00603992 0.00594447 0.00487954 0.00461888 0.00476637 0.00382314
  0.00384759 0.00378997 0.00335333 0.00329487 0.00310145 0.00303687]
 [0.06327866 0.05647562 0.04850351 0.04811404 0.04487659 0.04166331
  0.04117158 0.030114   0.02256675 0.01956961 0.01506736 0.01313428
  0.01103193 0.01026309 0.00863919 0.00713281 0.00716716 0.00629672
  0.00577615 0.00553558 0.00482047 0.00475409 0.00453258 0.00397486
  0.00411674 0.00384082 0.00318583 0.0032793  0.00327732 0.00310129]
 [0.06310256 0.05466588 0.04902181 0.04499346 0.04128398 0.0366523
  0.02890794 0.02254352 0.01869876 0.01610117 0.01374485 0.01167412
  0.01067098 0.00916194 0.00822438 0.00769675 0.00687632 0.00634625
  0.00582186 0.00581211 0.00494219 0.00516099 0.00466018 0.00437727
  0.00414764 0.00433524 0.00395859 0.0037061  0.0037573  0.00343611]
 [0.06234226 0.0543042  0.04885574 0.04460741 0.03860799 0.03408554
  0.02636101 0.02194781 0.01805634 0.01611778 0.01296234 0.01152279
  0.01052945 0.00917567 0.00895407 0.00852622 0.00720809 0.0068319
  0.00692766 0.00660013 0.00582668 0.00551141 0.00532461 0.00523643
  0.00489998 0.00474453 0.00445935 0.00431882 0.00435275 0.00438087]
 [0.06151398 0.05370116 0.04814441 0.04221484 0.03509184 0.02957291
  0.0264003  0.02122787 0.01797646 0.01584665 0.01432137 0.0122054
  0.01196711 0.01009115 0.00956875 0.00940087 0.00868543 0.00818334
  0.00714482 0.00725316 0.00712991 0.00662799 0.00615773 0.00642743
  0.00619493 0.00601182 0.00537768 0.00547891 0.00551248 0.00536447]
 [0.06069734 0.0544157  0.04738918 0.04009941 0.03592724 0.02788742
  0.02529868 0.02205137 0.01868394 0.0173527  0.01584057 0.01451514
  0.01337183 0.01212434 0.0114968  0.00977811 0.00945368 0.00954698
  0.00970171 0.00917461 0.00871139 0.00847751 0.00774135 0.00774823
  0.00765935 0.00754224 0.00704394 0.00691864 0.00703586 0.00688773]
 [0.06169917 0.05526469 0.04796997 0.04037419 0.03501448 0.02919405
  0.02738599 0.02321598 0.02164276 0.01801292 0.01726617 0.01758506
  0.01412627 0.01490618 0.01380248 0.01275945 0.01308958 0.01230982
  0.0116464  0.01066861 0.011286   0.01035265 0.01025884 0.00975069
  0.0100689  0.00932465 0.00928793 0.00933912 0.00889156 0.00896797]
 [0.06103505 0.05503384 0.04596904 0.0404851  0.03460195 0.03143808
  0.02771094 0.02483607 0.02270465 0.02148742 0.02125065 0.01973658
  0.01820532 0.01602287 0.01784209 0.01701548 0.01673095 0.01554453
  0.01494033 0.01451635 0.01461394 0.01346467 0.01351782 0.01438137
  0.01368201 0.01264743 0.01334945 0.01270495 0.01193494 0.01206781]
 [0.06286683 0.05498359 0.04562796 0.04031729 0.03684926 0.03090055
  0.03034387 0.02643678 0.02525911 0.02289075 0.02100871 0.02257751
  0.02130993 0.02102019 0.01954561 0.01858309 0.01973062 0.01908318
  0.01983794 0.019147   0.02012767 0.01916418 0.01903749 0.01823437
  0.01924233 0.0174997  0.01791282 0.01779826 0.01736565 0.01642782]
 [0.06183701 0.05489311 0.04645455 0.04141461 0.03867354 0.03333394
  0.03104813 0.03257838 0.02979207 0.02809772 0.0285544  0.02580258
  0.02692209 0.02630412 0.02527633 0.02585835 0.02424093 0.02508487
  0.02505487 0.02315173 0.0241687  0.02507555 0.0240705  0.02317932
  0.02427333 0.02399381 0.02443882 0.02469439 0.02419817 0.02228645]
 [0.06186166 0.05329752 0.0493127  0.04862466 0.04549741 0.04544012
  0.04672627 0.04571577 0.04559662 0.04688798 0.04557232 0.04606984
  0.04621716 0.04620022 0.04514776 0.04505651 0.04526774 0.04467814
  0.04571696 0.04548939 0.04461613 0.04521221 0.04494478 0.04422002
  0.04530042 0.04478431 0.04530796 0.04478548 0.04526522 0.0450538 ]
 [0.06276559 0.05616598 0.05430521 0.05577124 0.05487187 0.05510742
  0.05548695 0.0557445  0.05437429 0.05554795 0.05565856 0.05639268
  0.05638117 0.05738851 0.05702625 0.05597455 0.05658186 0.05601238
  0.05719761 0.05795545 0.05746902 0.05794553 0.05881723 0.05703169
  0.05940702 0.05741244 0.05810603 0.05702758 0.05785183 0.05867746]
 [0.06244429 0.05994745 0.05956316 0.06128291 0.06070514 0.06115105
  0.06231538 0.06332225 0.06275909 0.06337553 0.06374451 0.06360217
  0.06457586 0.06445178 0.06520743 0.06554964 0.06487334 0.06573612
  0.06590105 0.06624037 0.06662371 0.06633123 0.066854   0.06731873
  0.06692285 0.0669996  0.06757369 0.06701226 0.06748024 0.06756388]
 [0.06350961 0.06264413 0.06428789 0.0651861  0.06547336 0.06622871
  0.06635442 0.06735146 0.06709315 0.06810435 0.06818136 0.06793082
  0.06865327 0.06848931 0.06880908 0.06897461 0.06906229 0.06895208
  0.06916269 0.0689709  0.06918293 0.06936497 0.06925692 0.06931425
  0.0693665  0.06948678 0.0696063  0.06952525 0.0693818  0.06961977]]
