args:  Namespace(attack='fgm', gaussian=False, l2=0, ndim=1)
elapsed time: 3694.050254126
mins: [[1.77085102e-08 2.53648991e-10 4.52843457e-11 1.51955254e-11
  1.83099902e-09 8.32244516e-12 2.92521474e-09 8.38446257e-10
  1.26557564e-08 1.19925762e-11 5.94882865e-10 1.12058841e-10
  1.75565479e-10 2.16147101e-13 8.54399773e-10 5.07625929e-12
  7.64885030e-12 3.76642217e-10 3.38422970e-11 1.00172674e-11
  4.20550365e-11 3.61074504e-10 1.27897698e-15 5.24414789e-10
  2.07370475e-11 1.78386717e-09 4.88999063e-10 6.18087270e-09
  9.07222353e-11 1.28252964e-12]
 [1.35285987e-08 1.13578265e-10 1.02915149e-10 9.60204694e-11
  1.94366162e-10 1.42108547e-10 1.23837707e-09 4.16998908e-10
  5.05479547e-10 1.26452293e-09 3.12316839e-09 1.27003974e-09
  2.95290514e-10 3.43294793e-09 2.75952372e-10 3.81458554e-09
  3.91358446e-10 1.76514484e-10 1.71703729e-09 1.30967237e-10
  3.10188630e-09 3.19744231e-12 8.32588387e-10 9.70284297e-10
  6.71644240e-10 1.02673425e-10 3.77105069e-10 1.30967242e-12
  1.25300090e-10 6.46549703e-10]
 [3.35792838e-09 3.62820849e-08 5.47411272e-09 1.26262698e-08
  2.07030698e-10 3.88298671e-10 3.02877083e-08 5.86815574e-09
  1.91551094e-10 1.85813409e-09 1.16171917e-08 2.52712873e-09
  6.21338481e-10 5.64028824e-11 2.26919150e-09 1.18197938e-10
  6.14904883e-09 2.17946507e-07 1.06329168e-10 3.59445416e-08
  3.90745534e-08 5.24805843e-09 1.02068042e-11 1.50425616e-09
  3.36193544e-08 2.67113054e-10 1.07364233e-08 8.11059109e-10
  3.71365783e-09 7.71228201e-08]
 [1.34809854e-11 1.69930048e-09 5.16805176e-09 2.40163453e-14
  6.79228895e-09 1.19925758e-09 4.64019795e-10 3.64161785e-08
  9.56630615e-08 2.57832378e-09 1.68932122e-08 3.75047584e-08
  6.95014819e-08 4.86524279e-08 5.20599897e-10 4.44379999e-09
  3.27938885e-08 1.08017406e-09 1.47444146e-08 3.37966313e-08
  9.56298862e-08 4.60866652e-08 1.19134448e-07 1.68715264e-08
  3.66736899e-08 1.18690480e-09 1.09274882e-08 1.72154611e-08
  1.06864559e-06 1.76829307e-09]
 [2.92266531e-08 5.90657256e-09 1.26423494e-08 3.84596035e-08
  5.75167223e-06 2.54441744e-07 3.34953365e-05 9.93289268e-06
  1.89474558e-05 9.54780553e-05 2.91852612e-05 1.71663723e-05
  9.21189494e-05 7.82326824e-05 1.69042454e-04 1.31633700e-04
  1.25442777e-04 4.88080004e-05 1.72634813e-04 1.88880396e-04
  8.34272432e-05 5.66991275e-06 1.65935024e-04 1.58848154e-04
  2.42090449e-04 1.72208442e-04 1.95321118e-04 1.58163166e-04
  1.92861684e-04 1.67838472e-04]
 [1.96332213e-08 1.70860076e-07 3.62331230e-05 6.57887085e-06
  1.17652889e-05 1.38392670e-05 5.74284823e-05 1.15418283e-04
  2.58215678e-05 1.05827521e-05 2.80850189e-04 3.01575608e-04
  4.43104509e-04 1.70575993e-04 3.67481960e-04 5.41911519e-04
  4.14969487e-04 2.16674511e-04 7.09906046e-04 4.91132378e-04
  5.29865792e-04 4.40343021e-04 5.68728137e-04 6.86930842e-04
  3.73543880e-04 7.26287835e-04 4.65987367e-04 2.73883896e-04
  5.03980322e-04 8.65160138e-04]
 [1.47254582e-06 1.07272717e-05 1.71358133e-05 6.48162677e-04
  5.22213813e-04 3.06080474e-04 1.00360427e-03 1.16749050e-03
  4.64285607e-04 6.71238289e-04 1.44014612e-03 2.38565751e-03
  9.95822717e-04 7.91934552e-04 1.55108317e-03 1.70078443e-03
  1.12249830e-03 2.26694508e-03 1.19521073e-03 1.56328338e-03
  1.29909057e-03 2.01342232e-03 1.30055053e-03 2.26752344e-03
  1.88692030e-03 1.82013947e-03 2.12479429e-03 1.68791483e-03
  1.52367621e-03 2.79365620e-03]
 [1.73055162e-06 5.46476396e-04 1.68305903e-03 3.66437249e-03
  2.41091056e-03 3.68669000e-03 2.34973454e-03 3.56737594e-03
  3.40929162e-03 3.44788353e-03 3.49978660e-03 4.28958749e-03
  4.53923130e-03 2.80646025e-03 4.38214699e-03 5.32790739e-03
  3.45521327e-03 5.03812870e-03 4.76626493e-03 4.81247762e-03
  4.16493835e-03 3.67316580e-03 3.66149959e-03 3.58445733e-03
  5.24212373e-03 5.12787420e-03 4.75140149e-03 5.01943426e-03
  5.23388386e-03 5.02853934e-03]]
maxs: [[0.01806774 0.00191958 0.00319492 0.00126848 0.00064465 0.00058953
  0.0006416  0.00040071 0.00035737 0.00037225 0.00036387 0.00020928
  0.00034427 0.00034679 0.00018505 0.00025685 0.00018949 0.00024641
  0.0001599  0.0001808  0.00017231 0.00017469 0.00021427 0.00015689
  0.0001588  0.00016035 0.00018278 0.00017038 0.00011881 0.00018988]
 [0.01069468 0.0035415  0.00116086 0.00108804 0.00080547 0.00068077
  0.00056751 0.00044942 0.00041098 0.0004588  0.0002613  0.00024258
  0.00026312 0.00016635 0.00017179 0.00016709 0.00019616 0.00027484
  0.00020068 0.00022526 0.00029536 0.00023886 0.00018858 0.0001549
  0.0001742  0.00011405 0.00020483 0.00017258 0.00020168 0.00014663]
 [0.01070973 0.01022492 0.00751782 0.00717432 0.00156832 0.00187912
  0.00122114 0.00103164 0.00081221 0.00070509 0.00077591 0.00071196
  0.00064184 0.00065937 0.00098938 0.00071215 0.00047309 0.00048684
  0.0005449  0.0008881  0.00043819 0.00061879 0.00054931 0.00047409
  0.00045873 0.00050398 0.00041458 0.00039821 0.000542   0.0003801 ]
 [0.0109918  0.00853107 0.00911427 0.00810998 0.0082588  0.0067281
  0.00200443 0.00175062 0.0018572  0.00762266 0.00106246 0.00108858
  0.00093182 0.00114184 0.00084895 0.00120456 0.00139977 0.00118404
  0.00113039 0.00118278 0.00074531 0.00091206 0.00073286 0.00090375
  0.00070889 0.00081467 0.00092172 0.00096227 0.00066341 0.00071286]
 [0.01156795 0.01053268 0.01116051 0.01003573 0.01066801 0.01036358
  0.00840325 0.00839847 0.00928338 0.00842244 0.00837176 0.00841614
  0.00841953 0.00840499 0.0084235  0.00841542 0.00841415 0.00828477
  0.00839952 0.00840229 0.00838564 0.00835623 0.00837014 0.00839311
  0.00837973 0.00837349 0.00835704 0.0083624  0.00838065 0.00837196]
 [0.01140772 0.01143321 0.01128564 0.01109098 0.01089235 0.0093715
  0.00940131 0.01009533 0.00846248 0.00993723 0.00846887 0.00844072
  0.00851699 0.00844171 0.01037672 0.00854072 0.00849795 0.00840702
  0.00844591 0.00842138 0.01029756 0.00845153 0.00847683 0.00838467
  0.0084303  0.00842835 0.0084213  0.00843739 0.0085158  0.00849379]
 [0.01145452 0.01178498 0.01196333 0.01170795 0.01144384 0.01057336
  0.01091218 0.01120976 0.01149888 0.0108595  0.01092713 0.01160086
  0.010799   0.01128134 0.01120016 0.01063911 0.01112558 0.01093589
  0.01078355 0.01082096 0.01049015 0.01044196 0.01087294 0.01057057
  0.01028052 0.010378   0.01050808 0.01065892 0.01070583 0.01024045]
 [0.01198911 0.01183779 0.01184855 0.01172226 0.01166836 0.01128094
  0.01171648 0.01145519 0.01187197 0.01151184 0.01203924 0.01138836
  0.01116721 0.01206451 0.01134409 0.01165458 0.01116305 0.01130263
  0.0120886  0.01131459 0.01108569 0.01132825 0.01205833 0.01141916
  0.01115174 0.01115378 0.01138738 0.01121965 0.01102529 0.01116961]]
test_losses: [[5.54930050e-04 1.42526732e-04 1.31425515e-04 8.45048507e-05
  6.35488162e-05 5.85189030e-05 4.90650331e-05 3.95656275e-05
  3.81111670e-05 3.30557452e-05 3.10544836e-05 2.86806292e-05
  2.79622704e-05 2.48945531e-05 2.33871569e-05 2.16517657e-05
  2.08967343e-05 2.17661250e-05 1.93425771e-05 2.01014309e-05
  1.88708761e-05 1.70066955e-05 1.57649851e-05 1.58190804e-05
  1.69195414e-05 1.53506820e-05 1.55653223e-05 1.50849585e-05
  1.37525622e-05 1.40201804e-05]
 [4.81803029e-04 2.19505053e-04 1.06537240e-04 8.13794764e-05
  6.90551712e-05 6.08549308e-05 4.98537817e-05 4.22421061e-05
  3.93947473e-05 4.34420468e-05 3.35909324e-05 3.14970223e-05
  3.19232476e-05 2.69964855e-05 2.64618696e-05 2.41997344e-05
  2.81995451e-05 2.51143755e-05 2.42411660e-05 2.37430805e-05
  2.06299009e-05 2.20291851e-05 2.11765360e-05 2.18509366e-05
  1.76294438e-05 1.82354289e-05 1.82297208e-05 2.08614893e-05
  1.82971984e-05 2.03933039e-05]
 [9.47059097e-04 3.61760697e-04 2.35073594e-04 2.08816142e-04
  1.43921573e-04 1.43165773e-04 1.22450083e-04 1.43629117e-04
  1.05615407e-04 1.16340874e-04 9.94611121e-05 1.12754573e-04
  9.59830796e-05 9.67579788e-05 1.02709856e-04 1.00445005e-04
  9.91575300e-05 9.97728510e-05 9.86978948e-05 9.07223099e-05
  8.82030016e-05 9.30378706e-05 9.28081627e-05 9.41340418e-05
  8.95937433e-05 8.63531287e-05 9.19829452e-05 8.54145695e-05
  8.90507033e-05 8.61202183e-05]
 [1.74206926e-03 7.56453829e-04 5.00835260e-04 3.35969340e-04
  3.96113888e-04 2.96280522e-04 2.45720021e-04 2.05748383e-04
  2.15465973e-04 2.52994917e-04 1.92441774e-04 1.94994168e-04
  1.90218014e-04 1.95314620e-04 1.99742727e-04 1.88969046e-04
  2.02625862e-04 1.94643288e-04 1.89552101e-04 2.10489653e-04
  1.81779399e-04 1.76854094e-04 1.79353665e-04 1.94940812e-04
  1.79869834e-04 1.79410526e-04 1.72930674e-04 1.92966838e-04
  1.78722048e-04 1.72769479e-04]
 [5.30026570e-03 4.17205071e-03 3.95566902e-03 4.10067754e-03
  4.06875155e-03 4.23577383e-03 4.26015719e-03 4.14130889e-03
  4.02963557e-03 4.35775850e-03 4.06887764e-03 4.34320849e-03
  4.28410707e-03 4.34875982e-03 4.24962636e-03 4.33071145e-03
  4.24334939e-03 4.42725760e-03 4.43349735e-03 4.28729110e-03
  4.53696153e-03 4.08975470e-03 4.36187479e-03 4.30367387e-03
  4.53564930e-03 4.44342003e-03 4.32663324e-03 4.31472546e-03
  4.57067357e-03 4.23494574e-03]
 [5.81078347e-03 5.52126231e-03 5.89616050e-03 5.44020040e-03
  5.64299308e-03 5.46737564e-03 5.54828588e-03 5.39224872e-03
  5.15968546e-03 5.22469982e-03 5.46625505e-03 5.49981178e-03
  5.54178123e-03 5.30576195e-03 5.51475799e-03 5.74107358e-03
  5.19957419e-03 5.38911449e-03 5.55088388e-03 5.43237372e-03
  5.92251080e-03 5.59345631e-03 5.53726917e-03 5.42949484e-03
  5.65362751e-03 5.42364100e-03 5.50370251e-03 5.29360882e-03
  5.66802206e-03 5.47112607e-03]
 [7.32717231e-03 7.29917581e-03 7.55983130e-03 7.24159246e-03
  7.23690135e-03 6.96971675e-03 7.24699794e-03 7.46010158e-03
  6.93782211e-03 7.33571497e-03 7.16669833e-03 7.21865036e-03
  7.03675691e-03 7.07629870e-03 7.25154155e-03 7.07935976e-03
  7.00540220e-03 6.96313110e-03 6.98753471e-03 6.98344640e-03
  7.13669730e-03 6.98647383e-03 7.13960419e-03 7.13173804e-03
  6.85232382e-03 7.17165702e-03 7.02886663e-03 7.03388750e-03
  6.96356809e-03 7.06580154e-03]
 [8.42858298e-03 8.52256188e-03 8.43343762e-03 8.67986301e-03
  8.59920856e-03 8.76783897e-03 8.64560670e-03 8.50289786e-03
  8.55371318e-03 8.62239936e-03 8.66292309e-03 8.76705986e-03
  8.62003939e-03 8.59348448e-03 8.82736330e-03 8.62255182e-03
  8.64894187e-03 8.52266096e-03 8.74782427e-03 8.63365791e-03
  8.68606518e-03 8.67995137e-03 8.66524272e-03 8.60225088e-03
  8.61620302e-03 8.60347495e-03 8.58251253e-03 8.71620895e-03
  8.70669530e-03 8.62939069e-03]]
