args:  Namespace(gaussian=True, ndim=1, attack='fgm', l2=0)
elapsed time: 2558.9801030000003
mins: [[6.16001306e-10 7.18388543e-11 1.45064760e-09 8.53842366e-08
  4.63788723e-08 4.77558748e-09 7.44580730e-10 2.33669439e-09
  6.76472354e-08 5.60814435e-08 7.69243158e-08 3.02628180e-08
  2.22898073e-08 6.44703269e-09 1.87318054e-08 1.21802035e-08
  1.93391547e-09 1.26450299e-08 3.40051507e-08 4.36202741e-10
  1.96065049e-08 1.52200812e-08 3.50103324e-09 1.46000181e-08
  4.94428365e-09 1.42108547e-14 3.75298992e-09 2.43097920e-09
  1.28196287e-09 1.45382761e-09]
 [1.15902253e-06 8.55964100e-09 2.03765453e-07 3.13740181e-08
  4.52250021e-07 1.25521415e-09 9.93067628e-10 9.85418893e-08
  3.97989530e-10 1.85957319e-07 2.00192805e-08 1.91926475e-09
  2.42569231e-09 1.32115705e-08 4.64276617e-10 1.26477104e-08
  8.53006554e-10 1.09274778e-09 9.06654751e-09 2.05312767e-09
  3.39394557e-09 1.20935262e-08 6.95735158e-09 3.41899287e-09
  4.89161600e-09 4.30247837e-10 1.36126136e-11 4.67398209e-09
  2.01763206e-09 1.22832942e-11]
 [1.45719446e-06 2.18876313e-08 9.59250244e-08 1.22909682e-10
  2.66684612e-08 2.94445982e-07 1.05245846e-07 1.14596901e-10
  1.17331185e-08 1.33282271e-07 2.38884460e-13 1.74082970e-09
  1.00936262e-07 5.45088916e-08 7.32916450e-10 1.51642462e-10
  1.97290384e-09 1.32109801e-09 7.52211875e-08 5.38014566e-09
  1.17938867e-10 2.42756784e-08 4.39770353e-08 1.33064757e-11
  7.81458492e-12 2.97938989e-08 9.14735097e-08 8.38736103e-09
  1.54259510e-07 8.37686969e-08]
 [1.81901885e-06 1.48811752e-09 1.19900989e-07 4.94830772e-07
  7.07477682e-07 2.47910155e-08 1.22336274e-07 2.36849623e-10
  2.93295699e-07 2.80925283e-10 1.98089989e-08 5.94879146e-11
  5.11590770e-09 1.59417191e-08 2.72635550e-08 1.21084454e-09
  1.13883383e-08 2.97733251e-08 9.30993416e-09 9.74708172e-08
  1.53352539e-11 7.32271101e-12 1.68839161e-12 3.47477815e-08
  2.51037702e-09 1.26987070e-08 8.63483507e-10 1.10875771e-08
  7.11707528e-08 2.62025934e-09]
 [1.17764131e-07 2.24879443e-07 6.37518198e-08 1.20653425e-07
  6.94681603e-07 1.19497509e-10 1.14087018e-10 1.55389955e-07
  3.19014415e-09 9.49234007e-08 2.59712230e-09 2.12243165e-08
  6.97127911e-09 3.69696835e-07 1.34109985e-08 6.63205810e-08
  5.18317620e-08 4.66848782e-08 6.34121520e-08 6.30075476e-08
  3.22435731e-08 4.94762666e-08 5.52237189e-08 3.01695700e-08
  1.35467193e-09 2.13373497e-08 1.21118866e-08 1.66449212e-07
  1.70516206e-08 4.95485097e-07]
 [2.53740109e-06 5.53919293e-08 1.55295979e-07 5.49618440e-09
  2.32466988e-08 4.59445415e-09 2.74805014e-08 3.18677840e-09
  1.35202800e-08 3.44602199e-07 1.51908779e-07 9.77054313e-08
  2.47422403e-08 8.73354935e-08 3.12776677e-07 1.82017652e-06
  1.38423717e-08 3.20227511e-09 2.98418087e-07 6.65913547e-07
  5.85264218e-07 5.40272822e-07 2.97202791e-06 3.67612273e-07
  4.93067098e-08 7.39839123e-08 6.42071356e-08 1.92930514e-07
  8.53980087e-09 4.71490239e-07]
 [7.21216225e-08 5.62368214e-08 7.81133647e-09 3.26929376e-06
  6.28590726e-07 3.10643927e-10 1.15589727e-09 2.53606601e-07
  3.82215136e-12 5.09453955e-08 2.59651500e-07 1.96633005e-06
  1.40812642e-06 3.65527981e-08 5.94879146e-11 4.37715335e-06
  4.33913016e-07 1.47252322e-07 3.83521375e-08 8.75963835e-08
  6.33856700e-07 8.05467062e-06 3.01467971e-08 1.86399660e-07
  2.36299549e-08 1.49209586e-06 4.16109259e-07 2.81737107e-06
  6.50566108e-06 3.86769207e-05]
 [1.01433017e-07 3.98346316e-08 7.94173061e-10 5.19654293e-07
  1.70195506e-07 2.36684539e-08 1.23399158e-08 9.32143962e-09
  1.87626611e-07 6.02466486e-08 4.06446121e-09 1.40573334e-07
  1.96496927e-07 2.15151613e-06 4.97324800e-06 1.00630224e-08
  1.21332632e-05 1.22407158e-07 1.00077623e-05 8.11077116e-05
  2.26024513e-05 7.41396343e-06 1.97849404e-05 2.53592043e-06
  8.08258046e-05 8.28709472e-06 6.40691360e-05 1.75488403e-05
  8.44516981e-05 5.06788319e-06]
 [2.04665087e-11 4.35429854e-07 8.71029329e-07 7.62249783e-08
  2.09654718e-06 2.73075045e-07 1.59878095e-06 1.43221996e-06
  6.89544322e-07 1.14829035e-07 1.64940090e-07 4.47733473e-05
  2.39794099e-06 7.15576743e-06 3.26235681e-06 3.52972933e-07
  4.18164964e-05 2.82093356e-06 1.79968060e-06 1.25731473e-04
  8.17959346e-07 4.85628734e-05 6.62047528e-09 7.50545660e-05
  1.86740544e-05 2.60433671e-06 1.52211986e-04 1.20729004e-04
  4.70701452e-05 1.43865873e-05]
 [3.86392685e-07 1.71150930e-07 1.51020674e-06 8.61383020e-10
  1.19547042e-06 3.58948355e-08 8.42489740e-08 1.07960432e-06
  1.15239018e-05 1.57092739e-08 2.43424029e-06 3.33613485e-07
  2.13245021e-05 2.87186886e-05 1.46451959e-04 8.01459555e-06
  2.85871738e-05 2.13946914e-05 9.50940546e-07 4.36443661e-05
  2.02846262e-04 1.88540755e-04 3.07823764e-04 2.66749339e-05
  5.08026220e-04 1.53991805e-05 1.41204611e-04 3.77117569e-04
  1.66156551e-05 3.19434359e-04]
 [1.16993124e-06 1.11843256e-07 6.77039736e-07 1.52215520e-08
  5.25661164e-07 4.32147962e-09 9.20758976e-06 6.55593612e-05
  3.40139445e-06 4.36673654e-05 9.52233677e-05 6.96612406e-05
  2.81733065e-07 1.20723826e-05 1.75078385e-04 2.25561744e-04
  1.67793056e-04 1.35479480e-04 8.03977891e-05 6.00983622e-04
  2.66716728e-04 1.18979788e-05 4.62742115e-04 1.19093549e-03
  1.85696874e-04 8.87075264e-04 3.93053517e-04 7.35776674e-04
  5.58486965e-04 3.17374012e-04]
 [6.92879425e-08 3.01430737e-06 6.65149200e-05 1.86100260e-05
  1.59704199e-04 5.99986291e-04 8.31646230e-06 2.07017321e-04
  7.67535705e-04 4.18622978e-04 1.31491222e-04 2.32218779e-04
  1.68081548e-03 1.44340936e-03 3.06891720e-03 2.12945323e-03
  1.61603198e-03 1.89121405e-03 1.01882883e-03 2.24817544e-03
  2.49001314e-03 3.34244850e-03 3.05484445e-03 3.07305669e-03
  1.47707877e-03 2.67652096e-03 1.93973631e-03 2.77427351e-03
  2.46074656e-03 2.27311905e-03]
 [4.00242470e-06 1.04045076e-03 2.61998153e-04 1.66236167e-03
  1.91888551e-03 1.10352365e-03 2.49922276e-03 1.64854643e-03
  1.18532660e-03 2.91801989e-03 3.67655628e-03 2.53018737e-03
  4.59779333e-03 5.72417956e-03 6.20878581e-03 4.13975492e-03
  4.22369177e-03 2.64696544e-03 5.91251440e-03 5.85574331e-03
  4.81191278e-03 4.66183713e-03 5.44718327e-03 6.98579242e-03
  6.10745000e-03 5.76108694e-03 5.35775861e-03 5.64532354e-03
  6.49337610e-03 7.15632178e-03]
 [1.94386768e-04 6.64231251e-04 8.88069335e-04 4.88288235e-03
  3.37763526e-03 4.35516797e-03 4.43047239e-03 2.78502586e-03
  6.57814369e-03 6.93377480e-03 6.54666405e-03 6.08997978e-03
  6.10523112e-03 7.17477081e-03 7.09572621e-03 6.87339250e-03
  7.23343249e-03 7.64583284e-03 7.56921293e-03 6.89467927e-03
  7.38960877e-03 7.43565243e-03 7.33206235e-03 7.90455285e-03
  7.77818402e-03 7.46397255e-03 7.35769747e-03 7.55941402e-03
  7.46541144e-03 7.26462714e-03]
 [1.18043658e-03 1.92945590e-03 4.25521750e-03 4.24924633e-03
  7.23309675e-03 7.01568136e-03 7.19832815e-03 7.18532456e-03
  7.62628391e-03 7.43270386e-03 7.39385188e-03 7.56855169e-03
  7.20769400e-03 7.48249050e-03 7.97895715e-03 7.59320753e-03
  7.49871274e-03 7.64159998e-03 8.08524154e-03 7.99058098e-03
  8.01393110e-03 8.24144855e-03 7.45644979e-03 7.80859031e-03
  8.13191291e-03 7.96958338e-03 8.16888362e-03 7.46579887e-03
  7.52260443e-03 7.67971110e-03]]
maxs: [[9.07963657e+00 1.94120133e+00 1.60504207e-01 8.80945101e-02
  9.73380730e-02 3.00760102e-02 2.74588466e-02 1.72322281e-02
  2.96706371e-02 1.01130567e-02 2.54661851e-02 8.46593920e-03
  6.77546579e-03 7.87059590e-03 9.21114907e-03 5.66746574e-03
  5.58017846e-03 8.51325598e-03 7.39276176e-03 6.51813671e-03
  7.17156194e-03 5.44305332e-03 9.72023513e-03 6.39048684e-03
  4.14261781e-03 4.05474473e-03 5.74863330e-03 3.50345368e-03
  6.93661906e-03 3.54540022e-03]
 [1.79994917e+00 9.36565697e-01 5.91445677e-02 5.43885678e-02
  4.93027307e-02 3.75875980e-02 4.27968539e-02 2.70955786e-02
  1.09847942e-02 1.11801205e-02 1.20896259e-02 1.01909637e-02
  9.79766343e-03 9.45959333e-03 1.02726948e-02 1.01615107e-02
  1.05610993e-02 9.08168405e-03 4.82712593e-03 5.54336235e-03
  5.17006218e-03 6.22989889e-03 7.25599658e-03 7.47619011e-03
  4.89212479e-03 2.77693570e-03 9.76124872e-03 4.98450361e-03
  3.36974300e-03 5.25276316e-03]
 [1.59667087e+00 1.92863822e-01 6.00359254e-02 5.83403744e-02
  6.35267794e-02 3.14429924e-02 1.81390513e-02 1.88205168e-02
  1.04006641e-02 1.60167925e-02 1.19487122e-02 1.72358509e-02
  1.12683559e-02 9.91269853e-03 9.94227454e-03 8.15516617e-03
  9.66347195e-03 1.04525425e-02 1.04117068e-02 8.36867373e-03
  4.87708207e-03 6.37250952e-03 9.60033387e-03 6.87930919e-03
  7.96827581e-03 1.05549935e-02 4.50720079e-03 7.24249193e-03
  8.56722891e-03 5.94591023e-03]
 [1.20990765e+00 9.21282172e-02 6.23257309e-02 2.00854987e-02
  2.73200758e-02 1.40586626e-02 1.41121158e-02 1.06117725e-02
  1.02857379e-02 1.02891764e-02 1.09240441e-02 9.67882294e-03
  1.06392475e-02 1.04133664e-02 9.02200211e-03 9.93539672e-03
  9.72786173e-03 1.00383339e-02 1.00168018e-02 7.87557848e-03
  1.06931413e-02 1.03978263e-02 1.01506887e-02 9.20998957e-03
  9.67996195e-03 7.70495599e-03 9.55977291e-03 6.36212248e-03
  7.77726062e-03 5.40033868e-03]
 [3.11197072e-01 2.12175369e-01 5.13942055e-02 2.29260083e-02
  1.55529622e-02 1.34867616e-02 1.55872153e-02 1.09848585e-02
  1.15950080e-02 1.09624602e-02 1.10872844e-02 1.16356304e-02
  1.05813863e-02 1.08557381e-02 1.08509054e-02 1.06878970e-02
  1.05937598e-02 1.02960030e-02 1.03104981e-02 9.81257949e-03
  1.02050360e-02 9.85482056e-03 9.85576306e-03 9.52438079e-03
  1.02722570e-02 1.06088379e-02 1.05120568e-02 1.01297824e-02
  8.28628149e-03 8.37500300e-03]
 [1.39288008e-01 3.13984044e-02 4.81966920e-02 1.34182908e-02
  1.34150870e-02 1.27005158e-02 1.31545877e-02 1.17965797e-02
  1.16198538e-02 1.07705984e-02 1.13510583e-02 1.08128451e-02
  1.14596440e-02 1.15887597e-02 1.16269337e-02 9.77512449e-03
  1.04516828e-02 1.04908207e-02 1.05637861e-02 1.01154950e-02
  1.18987178e-02 9.98243969e-03 9.53347236e-03 9.87392385e-03
  1.00662159e-02 1.03453109e-02 1.07298978e-02 9.26433504e-03
  8.80316645e-03 9.01148468e-03]
 [1.42929256e-01 2.72809882e-02 2.40709670e-02 1.54621601e-02
  1.17470585e-02 2.36933939e-02 1.17364433e-02 1.03993705e-02
  1.07776523e-02 1.14340074e-02 1.14243757e-02 1.03937332e-02
  1.08205918e-02 1.08441487e-02 1.14995884e-02 1.04916282e-02
  1.04358159e-02 1.07313432e-02 1.10168103e-02 1.08700264e-02
  1.07575031e-02 1.11789079e-02 1.09479418e-02 1.03974007e-02
  1.02451555e-02 1.09651722e-02 1.04884757e-02 1.06604723e-02
  9.73302685e-03 9.65977833e-03]
 [8.00551474e-02 7.19474107e-02 1.87841170e-02 1.49730388e-02
  1.31027820e-02 1.17860911e-02 1.17478250e-02 1.20092221e-02
  1.18816765e-02 1.12424465e-02 1.08885681e-02 1.12977838e-02
  1.09502515e-02 1.07029760e-02 1.06406864e-02 1.04460763e-02
  1.06801745e-02 1.12570226e-02 1.03615746e-02 1.07864030e-02
  1.05271218e-02 1.12463757e-02 1.10049630e-02 1.00810826e-02
  1.06443716e-02 1.06340721e-02 1.08364178e-02 1.09315608e-02
  1.02239205e-02 1.07144332e-02]
 [7.63859525e-02 3.59048620e-02 1.91694796e-02 1.29897222e-02
  1.39371455e-02 1.19147096e-02 1.17288008e-02 1.17043415e-02
  1.14388885e-02 1.11224828e-02 1.09632313e-02 1.17247161e-02
  1.09008718e-02 1.15436800e-02 1.04729077e-02 1.08598843e-02
  1.15624955e-02 1.07090119e-02 1.05178095e-02 1.10347914e-02
  1.07839992e-02 1.12615786e-02 1.05127776e-02 1.09876553e-02
  1.20361177e-02 1.09029254e-02 1.09900413e-02 1.04047097e-02
  1.11381281e-02 1.03876684e-02]
 [5.90457246e-02 1.40806846e-02 1.24198971e-02 1.24816727e-02
  1.19550349e-02 1.18240342e-02 1.06793297e-02 1.17124263e-02
  1.20382095e-02 1.06924996e-02 1.10131036e-02 1.04841078e-02
  1.13115516e-02 1.11408262e-02 1.10975206e-02 1.15366830e-02
  1.12231430e-02 1.10401642e-02 1.08931093e-02 1.17262192e-02
  1.11009749e-02 1.09844180e-02 1.11501943e-02 1.05246892e-02
  1.05987787e-02 1.04909576e-02 1.15905665e-02 1.09643675e-02
  1.09995138e-02 1.11626722e-02]
 [5.88231198e-02 2.33138986e-02 1.18711591e-02 1.17643084e-02
  1.19035291e-02 1.18823359e-02 1.18398909e-02 1.19849956e-02
  1.13971150e-02 1.20802997e-02 1.08642653e-02 1.14138210e-02
  1.15383957e-02 1.19134299e-02 1.19247474e-02 1.04600741e-02
  1.10057686e-02 1.15059838e-02 1.13117136e-02 1.15785468e-02
  1.16171483e-02 1.07525419e-02 1.14574982e-02 1.14057036e-02
  1.07917357e-02 1.04101552e-02 1.08269239e-02 1.06645217e-02
  1.13283964e-02 1.10354125e-02]
 [1.88104864e-02 1.23287793e-02 1.19846463e-02 1.18415318e-02
  1.19963260e-02 1.20070959e-02 1.17024193e-02 1.18215196e-02
  1.20437350e-02 1.20386072e-02 1.17800822e-02 1.18088908e-02
  1.13892034e-02 1.20217083e-02 1.16521418e-02 1.14319660e-02
  1.18563641e-02 1.18731773e-02 1.17608197e-02 1.20603479e-02
  1.15390392e-02 1.16686877e-02 1.19866217e-02 1.19059468e-02
  1.17829749e-02 1.14618242e-02 1.16681494e-02 1.18618170e-02
  1.15122553e-02 1.18030263e-02]
 [1.23605756e-02 1.20711112e-02 1.19696846e-02 1.19025074e-02
  1.20783532e-02 1.17290793e-02 1.20567456e-02 1.19170658e-02
  1.20483460e-02 1.20441746e-02 1.19079892e-02 1.18501997e-02
  1.20382747e-02 1.20296963e-02 1.19067896e-02 1.20641291e-02
  1.19352546e-02 1.18857380e-02 1.20355478e-02 1.20159090e-02
  1.20329764e-02 1.19929025e-02 1.19258538e-02 1.20849777e-02
  1.18826879e-02 1.20335808e-02 1.19404905e-02 1.19920643e-02
  1.18657127e-02 1.20866867e-02]
 [1.24923773e-02 1.18228756e-02 1.19392844e-02 1.18179917e-02
  1.19980993e-02 1.19701717e-02 1.20869875e-02 1.18076792e-02
  1.19696138e-02 1.17969653e-02 1.19600846e-02 1.20850913e-02
  1.20007657e-02 1.19149983e-02 1.20649198e-02 1.19321439e-02
  1.18451370e-02 1.18987644e-02 1.19667398e-02 1.20173153e-02
  1.19457087e-02 1.18923895e-02 1.19122136e-02 1.20638404e-02
  1.19421473e-02 1.18688596e-02 1.20627545e-02 1.19422674e-02
  1.20922672e-02 1.20939668e-02]
 [1.21028256e-02 1.19525716e-02 1.18163014e-02 1.18173715e-02
  1.20361615e-02 1.19693112e-02 1.18322046e-02 1.20414374e-02
  1.17561789e-02 1.17346300e-02 1.17536513e-02 1.20828105e-02
  1.19409021e-02 1.20829176e-02 1.20785674e-02 1.17485216e-02
  1.19976159e-02 1.20204631e-02 1.20518003e-02 1.20033678e-02
  1.19975591e-02 1.20879402e-02 1.18084988e-02 1.17859598e-02
  1.17882378e-02 1.17747523e-02 1.20955817e-02 1.16582159e-02
  1.20744118e-02 1.19787669e-02]]
test_losses: [[0.32831933 0.02841549 0.00610625 0.00525302 0.00324299 0.002226
  0.00221312 0.00163461 0.00152827 0.00106786 0.00125572 0.00097036
  0.0007372  0.00089636 0.00077213 0.00074778 0.00057287 0.00072641
  0.0006143  0.00056293 0.00061102 0.00053594 0.00052277 0.00046719
  0.00041303 0.00043117 0.00041601 0.00041491 0.00042553 0.00037397]
 [0.06042976 0.02198601 0.00491178 0.00407726 0.00342289 0.002476
  0.00201109 0.00219372 0.00154237 0.00134702 0.00108661 0.00114821
  0.00097223 0.00087573 0.00076147 0.00078615 0.00071541 0.00077781
  0.00059101 0.00058149 0.00050323 0.00057216 0.00058438 0.00050316
  0.0005642  0.0003764  0.00049751 0.00055225 0.0004041  0.00046304]
 [0.04383627 0.01002533 0.00520996 0.00367522 0.00244788 0.00279764
  0.00206362 0.00195605 0.00168286 0.00151454 0.00143305 0.00145049
  0.0011223  0.00109917 0.00095469 0.00090856 0.00090716 0.0009263
  0.00090929 0.00091929 0.00075609 0.00080407 0.00066061 0.00070181
  0.00069459 0.00062195 0.00062663 0.00052759 0.00055925 0.00061398]
 [0.02030829 0.00743908 0.00493284 0.00320286 0.00294861 0.00243381
  0.00218595 0.0020902  0.00188363 0.001733   0.00155179 0.00161844
  0.00142253 0.00164984 0.00119132 0.00112071 0.00112587 0.00120846
  0.0013448  0.00095079 0.00106487 0.00108573 0.00106301 0.00115456
  0.00093301 0.00104238 0.00075976 0.00091432 0.00100219 0.00077803]
 [0.01391846 0.00707399 0.00441988 0.00364792 0.0034286  0.00309652
  0.00274134 0.00273995 0.00241383 0.00217335 0.00202472 0.00197859
  0.00210959 0.001991   0.00202413 0.00174021 0.00167261 0.00165072
  0.00176734 0.00168764 0.00156038 0.00165484 0.00154316 0.00157188
  0.00144626 0.00155128 0.00152835 0.00138691 0.0014397  0.00133488]
 [0.01288287 0.00555994 0.00453447 0.003864   0.00403189 0.00341548
  0.00307835 0.00307876 0.00308319 0.00297982 0.00276059 0.00300921
  0.00263416 0.00250414 0.00268241 0.00244301 0.00235089 0.00253689
  0.00234337 0.00219448 0.00231744 0.00217859 0.00223555 0.00247475
  0.00238174 0.0021972  0.00212852 0.00194638 0.00198508 0.00199249]
 [0.01209382 0.00584604 0.00533913 0.00486765 0.00427576 0.00396392
  0.00377963 0.00349356 0.00399056 0.00374322 0.0032697  0.00369582
  0.00348749 0.003634   0.0030688  0.00328336 0.00328258 0.00302396
  0.003299   0.00335525 0.00315414 0.00292837 0.00307197 0.00325099
  0.0031577  0.00291846 0.00314404 0.00314272 0.00310116 0.00321213]
 [0.00873673 0.00587006 0.00513226 0.00510923 0.00470149 0.00449482
  0.00454765 0.00422622 0.00438348 0.00467255 0.00413088 0.00432459
  0.00423555 0.00422845 0.00437515 0.00437832 0.00415019 0.0040066
  0.00414312 0.00411593 0.00378061 0.00397841 0.00401915 0.00424285
  0.00405359 0.00397422 0.00390579 0.00434244 0.00399493 0.00421086]
 [0.00870071 0.0063697  0.00604815 0.00538347 0.0053355  0.00504338
  0.00499983 0.00524967 0.00509928 0.00500357 0.00498602 0.00491084
  0.00511157 0.00505942 0.00531008 0.0048177  0.00495203 0.00493247
  0.00515207 0.00481927 0.00521497 0.00496729 0.00510994 0.0049511
  0.00460025 0.00508286 0.00497823 0.00523809 0.00529336 0.00498963]
 [0.00840392 0.00629696 0.00578551 0.00623357 0.00627341 0.00588733
  0.00576481 0.00572101 0.00592636 0.00573502 0.0056594  0.00606469
  0.00616784 0.0054894  0.00595921 0.00577362 0.00572307 0.00590691
  0.00566987 0.00571865 0.00569823 0.00578595 0.00588577 0.00561465
  0.00576453 0.0056284  0.00582722 0.00589033 0.0058983  0.00566601]
 [0.00805463 0.00648277 0.0064922  0.00647334 0.00666819 0.00666562
  0.00630315 0.00661261 0.00628923 0.00650796 0.00606372 0.00629618
  0.00620543 0.00643479 0.00671835 0.00644682 0.00633562 0.0064261
  0.00661049 0.00662103 0.0066092  0.00665116 0.00635591 0.0066281
  0.00640058 0.00633404 0.00626265 0.00651821 0.00670338 0.00641764]
 [0.00799534 0.00822323 0.00832693 0.00837099 0.00841682 0.00857101
  0.00835542 0.00839254 0.00831878 0.00837151 0.0085928  0.00856836
  0.00853188 0.00851556 0.00867347 0.00870608 0.00867148 0.00859048
  0.0086868  0.00852556 0.00864799 0.00859482 0.00878665 0.0086823
  0.0085268  0.00853484 0.00867398 0.00892534 0.00859048 0.00862815]
 [0.00865627 0.00914455 0.00901173 0.00920828 0.00920611 0.00913753
  0.00930189 0.00925653 0.00925848 0.00949274 0.00940709 0.009406
  0.00942136 0.0094323  0.00955848 0.0095578  0.00953538 0.00953293
  0.00952519 0.00955877 0.00967956 0.00959996 0.00963895 0.00948411
  0.00961423 0.00962608 0.00957834 0.00959365 0.00959182 0.00952387]
 [0.00929801 0.00936807 0.00964007 0.00959198 0.00967742 0.00970697
  0.00972711 0.00963375 0.00984708 0.00979072 0.00975774 0.00980398
  0.00974404 0.00984047 0.0097753  0.00988694 0.0098236  0.00983231
  0.009884   0.00978197 0.00985551 0.00987023 0.00986344 0.00988915
  0.00989455 0.00987106 0.00983003 0.00989996 0.00986103 0.00987406]
 [0.00950602 0.00981454 0.00976014 0.00979514 0.00980587 0.00984552
  0.00984069 0.00990299 0.00998088 0.00992174 0.00996832 0.00991003
  0.00994601 0.00990179 0.00998661 0.00992642 0.00994594 0.00990168
  0.00994075 0.00993812 0.00994525 0.0099769  0.00989101 0.00997278
  0.00996524 0.00994272 0.00995052 0.0098564  0.01002355 0.00994776]]
