args:  Namespace(attack='opt', gaussian=True, l2=0, ndim=10)
test_losses: [[0.10025043 0.0948739  0.08503657 0.07820699 0.07275394 0.06747866
  0.05897186 0.07344374 0.08846402 0.10220742 0.08724662 0.0608717
  0.04211185 0.03004863 0.02671437 0.02006658 0.01709376 0.01505013
  0.01292421 0.01161857 0.00930421 0.00845857 0.00854645 0.00727277
  0.00721379 0.00642459 0.00607129 0.00618199 0.00577572 0.00543394
  0.00513399 0.00474221 0.00480379 0.00435368 0.00451657 0.00375251
  0.00395328 0.00371912 0.00361248 0.00352869 0.00315984 0.00336203
  0.0031328  0.00305942 0.00297953 0.00271097 0.00284384 0.00268802
  0.00255428 0.00257973]
 [0.091974   0.0872288  0.08229723 0.07910073 0.07796672 0.07326222
  0.07052757 0.06413272 0.05754928 0.050837   0.0462968  0.03710637
  0.03512902 0.02939214 0.02611989 0.02199916 0.02120991 0.01937733
  0.01748943 0.01583588 0.01397384 0.01425216 0.01219192 0.01175755
  0.01140678 0.01067033 0.01041067 0.0097019  0.00901719 0.00855249
  0.00829052 0.00765333 0.00805014 0.00704871 0.00719555 0.00665205
  0.00638173 0.00595    0.00580455 0.00636366 0.0059532  0.00566338
  0.00589252 0.00540874 0.00516272 0.00534791 0.00478199 0.0048899
  0.00499563 0.00474186]
 [0.09552597 0.09062972 0.09215668 0.08898129 0.08329663 0.07866245
  0.07296949 0.06549594 0.05996198 0.05477821 0.05107676 0.0499273
  0.04439504 0.04283275 0.04031584 0.03941519 0.03786261 0.03477598
  0.03246792 0.03214701 0.03189805 0.03030298 0.03088358 0.02707677
  0.02846295 0.02655494 0.02541252 0.02528548 0.02501635 0.024936
  0.02307562 0.02433212 0.02376983 0.02245619 0.02203586 0.02259943
  0.02103093 0.02055826 0.01992    0.01978589 0.01908397 0.01878355
  0.01915107 0.01893888 0.01747928 0.01836433 0.0171412  0.01735702
  0.01741867 0.01625376]
 [0.0966495  0.09666065 0.09421172 0.09334283 0.08678833 0.07975734
  0.07222174 0.06911988 0.06555814 0.06268205 0.0599284  0.05908887
  0.05736104 0.05634103 0.05672966 0.05611411 0.05474151 0.05325998
  0.05412964 0.05374107 0.05315724 0.0532247  0.05252731 0.05303755
  0.05268828 0.05287656 0.05380891 0.05009797 0.05128376 0.05076704
  0.05212977 0.05149213 0.05110528 0.05321508 0.05025456 0.0504846
  0.05161182 0.05039298 0.05052182 0.04968048 0.05050741 0.05088279
  0.05175038 0.04973146 0.05033475 0.04788942 0.05063014 0.04939008
  0.05115849 0.05011389]
 [0.09917479 0.10087829 0.09674155 0.0909389  0.08451108 0.07984759
  0.07622965 0.07323814 0.07077926 0.07137481 0.07037322 0.06872737
  0.06965012 0.06801111 0.06816907 0.06878177 0.06961315 0.06949086
  0.07042947 0.06928657 0.07047883 0.07028687 0.06965979 0.07171973
  0.07066056 0.07104239 0.07080619 0.07183233 0.07221459 0.07200602
  0.07258501 0.07180675 0.07317617 0.07310396 0.07308108 0.07333917
  0.07425228 0.0746128  0.07325843 0.07320017 0.07405944 0.0732126
  0.07407259 0.07357345 0.07542054 0.0743874  0.07551641 0.07447759
  0.07488501 0.07484249]
 [0.09997471 0.0987757  0.09739905 0.09025342 0.08401014 0.08367783
  0.08029134 0.07883592 0.07821965 0.0782008  0.07881643 0.07768193
  0.07862562 0.07901441 0.07938187 0.08028712 0.07981273 0.08057307
  0.07994067 0.08040964 0.08124767 0.08264807 0.08203169 0.08189381
  0.08279957 0.08340329 0.08331464 0.08420581 0.08346561 0.0844373
  0.08478462 0.08482165 0.08490266 0.08523053 0.08616379 0.08636824
  0.08545702 0.08611442 0.08629618 0.0865334  0.08712176 0.08668479
  0.08684303 0.08736542 0.08769524 0.08789078 0.08803293 0.0883071
  0.0881069  0.08840788]
 [0.09875322 0.10101003 0.09602649 0.09184208 0.08767337 0.08429248
  0.0842227  0.08429942 0.08430115 0.08374999 0.08339178 0.08535057
  0.08404738 0.08588161 0.08612825 0.08703446 0.08774627 0.08756575
  0.08875106 0.08891289 0.0886955  0.08886769 0.08949084 0.09011182
  0.08986247 0.09049711 0.0904507  0.09143791 0.09140004 0.09217737
  0.09182658 0.09155946 0.09197574 0.09280382 0.09232628 0.09266988
  0.09302289 0.09289613 0.09303992 0.09345966 0.09330532 0.09262325
  0.09379431 0.09404291 0.09377735 0.09390032 0.09421514 0.0943726
  0.09421066 0.09442877]
 [0.10235381 0.10060032 0.09607695 0.08957993 0.0878404  0.08696271
  0.08711091 0.08750024 0.08773277 0.08893309 0.08907279 0.08972864
  0.08997114 0.09113946 0.09185864 0.09203297 0.09236379 0.09203069
  0.09297143 0.09304143 0.09390309 0.09360407 0.09382284 0.09395637
  0.09414443 0.09461353 0.09448352 0.09484777 0.09570236 0.09525681
  0.09547149 0.09576124 0.09577092 0.09547706 0.09596094 0.09606241
  0.0963308  0.09639792 0.09642674 0.09638629 0.09614311 0.09670321
  0.09661801 0.09679817 0.09667736 0.09674818 0.09662475 0.09696135
  0.09703856 0.09702248]
 [0.10096549 0.10188423 0.09511965 0.09071196 0.09111212 0.09004285
  0.09060065 0.09153552 0.09183412 0.09205297 0.09309005 0.09343821
  0.09413335 0.09428922 0.09493932 0.09533933 0.09513548 0.09577655
  0.09587606 0.09599914 0.09621832 0.0964687  0.09623398 0.09659928
  0.0966609  0.09664715 0.09717964 0.09705503 0.0973143  0.09740329
  0.09733041 0.09751551 0.09751826 0.09760859 0.09759366 0.09785193
  0.09763014 0.09791598 0.097793   0.09771242 0.09789143 0.09774712
  0.09803264 0.09797585 0.09799992 0.09810663 0.09802999 0.0980646
  0.09814557 0.09821829]
 [0.10172558 0.100355   0.09541656 0.09245236 0.09242694 0.09211384
  0.09321503 0.09364166 0.09341298 0.09545356 0.09563327 0.09559115
  0.09606288 0.09623376 0.09650224 0.0967362  0.09732587 0.0974349
  0.09740665 0.09753818 0.09754143 0.09794067 0.09765625 0.09804101
  0.09788876 0.09793534 0.09815756 0.09820025 0.09806184 0.09833804
  0.09829378 0.09826737 0.09846148 0.09832876 0.09843771 0.09826143
  0.09856867 0.09844479 0.09856642 0.09851263 0.09857003 0.09856246
  0.09852401 0.09860969 0.09858678 0.09854821 0.09853613 0.09861472
  0.09866019 0.09858958]
 [0.1024342  0.0989253  0.09401276 0.0943891  0.09383015 0.09464857
  0.0952129  0.09577424 0.09615773 0.09681118 0.09697818 0.09718155
  0.09763494 0.09769272 0.09761438 0.09782515 0.09785709 0.09801901
  0.09807002 0.09834774 0.09831325 0.09856177 0.09855002 0.0986672
  0.09856239 0.09852174 0.09854687 0.09852693 0.09868669 0.09871757
  0.0987522  0.09872595 0.09876548 0.09870934 0.09885548 0.09875888
  0.09890249 0.09880177 0.09870826 0.09875793 0.09886037 0.0987693
  0.09879359 0.09875128 0.09889631 0.09875999 0.09888185 0.09888605
  0.09871024 0.09885668]
 [0.10118656 0.09723437 0.09746982 0.09830363 0.09864732 0.09889855
  0.09887404 0.09902279 0.09902422 0.09916575 0.09927243 0.09928817
  0.09929833 0.09928756 0.09933566 0.09924741 0.09924812 0.09940679
  0.09935025 0.09927117 0.09932956 0.09927098 0.09933493 0.09931334
  0.0993006  0.09937269 0.09935752 0.09935682 0.09934289 0.09933247
  0.09942822 0.09935803 0.09936899 0.09936215 0.09937443 0.0993785
  0.09930261 0.09936613 0.09933081 0.09939819 0.09947715 0.09938081
  0.0993729  0.09923228 0.09933373 0.09930763 0.0994029  0.0993294
  0.09937056 0.09938602]
 [0.09933267 0.09875341 0.09912258 0.09950383 0.09945088 0.09941973
  0.0994461  0.099502   0.09954574 0.0995396  0.09950465 0.09954818
  0.09960467 0.09966069 0.0995765  0.09951858 0.09952085 0.09958968
  0.09956611 0.09948951 0.09954472 0.09961124 0.09955137 0.09952042
  0.09968348 0.09949946 0.09959788 0.09953971 0.09954827 0.09965236
  0.09951487 0.09959761 0.09954592 0.09946922 0.09960029 0.0995816
  0.09958357 0.09956744 0.09958858 0.09958227 0.0996297  0.09948688
  0.09960968 0.09949802 0.09959053 0.09962567 0.09958099 0.09958746
  0.09961557 0.09957765]
 [0.09919439 0.09949798 0.09960223 0.09970618 0.099602   0.09964119
  0.09966815 0.09967089 0.09963828 0.099683   0.0996755  0.09959683
  0.09970167 0.09966919 0.09967078 0.09962014 0.09964558 0.09970832
  0.09964834 0.09971027 0.09971302 0.09960432 0.09966487 0.09957573
  0.09966528 0.09967975 0.09962319 0.09965993 0.09969337 0.09969219
  0.09968875 0.09974968 0.09965348 0.0996086  0.09966277 0.09965178
  0.09972872 0.09965916 0.09965728 0.09970311 0.09962978 0.09968242
  0.09961215 0.09963587 0.09963831 0.09970877 0.09973185 0.09962301
  0.09967548 0.09961882]
 [0.09967203 0.09971315 0.09978159 0.09970885 0.09982275 0.09976502
  0.09968594 0.0996739  0.0997636  0.09982454 0.09981886 0.09974928
  0.09977397 0.09969585 0.09973156 0.09974625 0.0997075  0.09976003
  0.09972171 0.0997628  0.09972644 0.09972862 0.09975977 0.09976269
  0.09975317 0.09980849 0.0996624  0.099683   0.09976125 0.09971179
  0.09969027 0.0997534  0.09975924 0.09973388 0.09971003 0.099706
  0.09972739 0.09968348 0.09970087 0.09967273 0.09970095 0.09978536
  0.09967274 0.09970309 0.09974955 0.09974639 0.09978582 0.09978382
  0.09974167 0.09967962]]
variance: [[4.71800791e-04 8.25507795e-04 1.11528868e-03 1.29588157e-03
  1.34799519e-03 4.67687421e-03 2.29234235e-03 1.13690077e-02
  8.95331642e-03 1.82635459e-02 1.08606941e-02 5.19110052e-03
  2.94806590e-03 7.73065806e-04 1.38769876e-03 3.61631707e-04
  1.91422039e-04 1.60422874e-04 9.31413069e-05 8.97541753e-05
  3.46009216e-05 2.57073071e-05 3.22033138e-05 1.66530731e-05
  1.82023532e-05 1.37759732e-05 1.39866185e-05 1.43378048e-05
  1.34560759e-05 9.28586825e-06 1.12346242e-05 6.37415118e-06
  7.47557235e-06 7.87445188e-06 6.59180067e-06 4.68197458e-06
  3.97484730e-06 4.98929091e-06 4.14234824e-06 3.61056053e-06
  3.00066229e-06 3.77989829e-06 2.67136440e-06 2.67297229e-06
  2.90244753e-06 2.06276055e-06 2.42002860e-06 1.86251768e-06
  1.92996449e-06 1.45971819e-06]
 [1.75929029e-04 3.03402009e-04 4.52197935e-04 5.14144959e-04
  6.90129081e-04 7.86426064e-04 8.62962615e-04 8.52314040e-04
  6.49658469e-04 6.08992972e-04 5.58533077e-04 3.29604869e-04
  3.16718410e-04 2.14727382e-04 2.01267543e-04 1.53256137e-04
  1.41439645e-04 1.26258279e-04 9.99211736e-05 9.30813487e-05
  7.59756766e-05 9.30934161e-05 5.71599878e-05 6.50197941e-05
  5.06631594e-05 4.09668499e-05 5.43237724e-05 4.55444962e-05
  3.27275501e-05 3.29842854e-05 2.65444403e-05 2.28748075e-05
  2.07903552e-05 1.42542871e-05 2.55762777e-05 1.32214989e-05
  1.68786189e-05 1.43290697e-05 1.18774560e-05 1.26789905e-05
  9.71139110e-06 1.04758748e-05 1.32787426e-05 8.62795675e-06
  7.63724089e-06 8.74288250e-06 7.48101582e-06 5.82104149e-06
  7.57586339e-06 6.52048104e-06]
 [2.17314214e-04 3.87616767e-04 6.19180966e-04 9.21895690e-04
  6.52666238e-04 6.27128912e-04 5.83142959e-04 4.81496292e-04
  4.97773888e-04 3.27598658e-04 2.60650698e-04 2.79718048e-04
  1.81878399e-04 2.48340478e-04 2.15013135e-04 2.25520025e-04
  2.22128603e-04 1.94371182e-04 1.73641651e-04 1.85124879e-04
  1.85448154e-04 1.92847022e-04 1.76422681e-04 1.63628090e-04
  1.79638241e-04 1.49023562e-04 1.68870556e-04 1.70530565e-04
  1.51812113e-04 1.58069747e-04 1.40137444e-04 1.61520723e-04
  1.55251032e-04 1.46452019e-04 1.40753920e-04 1.36484360e-04
  1.26955228e-04 1.29023772e-04 1.16424475e-04 1.16546142e-04
  1.02028560e-04 1.11415084e-04 9.93334255e-05 9.16362952e-05
  9.92549699e-05 1.03757625e-04 9.87822227e-05 8.34967239e-05
  8.64024872e-05 9.04393999e-05]
 [2.08539284e-04 3.39448290e-04 6.95507836e-04 7.26868075e-04
  6.24185487e-04 5.07860803e-04 2.73437795e-04 2.15075694e-04
  2.15166934e-04 2.18473646e-04 1.95708303e-04 1.73246261e-04
  1.70511666e-04 1.58896174e-04 2.03655610e-04 1.63479564e-04
  1.83927482e-04 1.56649789e-04 1.64605852e-04 1.88402448e-04
  1.79963735e-04 1.77224658e-04 1.95356549e-04 1.69226338e-04
  1.62652421e-04 1.86360591e-04 1.67395269e-04 1.75527899e-04
  1.97387656e-04 1.83762544e-04 1.70834227e-04 1.75990395e-04
  1.68840175e-04 1.58902234e-04 1.68980727e-04 2.11747998e-04
  1.71380510e-04 1.82467783e-04 1.91383672e-04 1.68029211e-04
  1.68871934e-04 1.80003311e-04 1.74645241e-04 1.82875922e-04
  1.88180799e-04 1.73631648e-04 1.89182572e-04 2.01308234e-04
  1.79409739e-04 1.51785715e-04]
 [2.41404876e-04 5.85883936e-04 6.71947532e-04 4.91915137e-04
  4.53281119e-04 3.39835355e-04 2.56929446e-04 1.71751225e-04
  1.61142872e-04 1.41021684e-04 1.25895019e-04 1.22285687e-04
  1.23049068e-04 1.38741900e-04 1.27270299e-04 1.24354255e-04
  1.04319691e-04 1.06817763e-04 1.14649880e-04 1.14047164e-04
  1.14378992e-04 1.01636175e-04 1.30368417e-04 1.12548236e-04
  1.11019197e-04 1.16009351e-04 1.00893776e-04 1.13542080e-04
  1.01494973e-04 9.04324203e-05 9.87364071e-05 1.09751345e-04
  1.01875196e-04 9.16634952e-05 9.78334400e-05 9.98622552e-05
  8.43742459e-05 9.63963948e-05 1.03730575e-04 9.31951878e-05
  1.06123168e-04 9.89265014e-05 8.45278439e-05 8.83393463e-05
  8.50561137e-05 9.34628559e-05 7.55382057e-05 8.29827033e-05
  7.20410871e-05 9.41916986e-05]
 [3.56893889e-04 5.50613698e-04 6.17033670e-04 4.13196718e-04
  2.31572297e-04 2.82778839e-04 1.63604962e-04 1.28949270e-04
  1.06215716e-04 1.27290992e-04 9.19344187e-05 1.02668160e-04
  8.23640497e-05 7.82666449e-05 7.90710680e-05 8.20965472e-05
  7.47082934e-05 8.56089554e-05 8.25428087e-05 8.04056352e-05
  5.92872963e-05 6.74712504e-05 6.51799978e-05 7.27489064e-05
  6.48193396e-05 5.43743771e-05 5.83559503e-05 5.54374680e-05
  7.15030090e-05 5.57277489e-05 5.61708588e-05 4.93460782e-05
  5.55956359e-05 4.94087650e-05 4.92421597e-05 4.30410877e-05
  5.46808166e-05 4.90652882e-05 5.05995529e-05 4.31272021e-05
  4.30397893e-05 4.34961919e-05 3.82302060e-05 4.61826757e-05
  4.03935996e-05 4.25248522e-05 3.60867580e-05 3.39578089e-05
  3.57518948e-05 3.01036002e-05]
 [2.01225593e-04 5.11723494e-04 4.62038140e-04 3.97905082e-04
  2.42642146e-04 1.36582837e-04 1.48138901e-04 9.73254515e-05
  7.80734587e-05 7.79242392e-05 7.61784380e-05 6.05674280e-05
  7.77326441e-05 6.00314332e-05 5.58014801e-05 5.95609741e-05
  4.56988104e-05 4.89436072e-05 4.85196060e-05 3.95988411e-05
  4.40673024e-05 4.55552158e-05 4.30764550e-05 3.27289495e-05
  3.63472644e-05 3.33930879e-05 3.19958354e-05 3.01727923e-05
  2.91645599e-05 2.61764995e-05 2.65274765e-05 2.88825218e-05
  2.58195364e-05 2.35459359e-05 2.38483981e-05 1.81421732e-05
  1.89217060e-05 2.23761614e-05 1.91661574e-05 1.87493634e-05
  2.27615012e-05 2.11102582e-05 1.49276759e-05 1.57638893e-05
  1.61387574e-05 1.65499751e-05 1.13773997e-05 1.41676868e-05
  1.55708736e-05 1.28712464e-05]
 [4.39216869e-04 5.37079905e-04 3.42901874e-04 1.84154823e-04
  1.61898697e-04 8.45843352e-05 8.44299592e-05 7.27856578e-05
  5.23618035e-05 4.39227471e-05 4.43333192e-05 4.73355034e-05
  4.61671979e-05 3.70114998e-05 3.13945905e-05 3.28865013e-05
  2.92859619e-05 2.95498466e-05 2.73512872e-05 2.06520860e-05
  1.94027457e-05 2.30816995e-05 2.05187272e-05 1.73791835e-05
  1.75059306e-05 1.74792654e-05 1.57316849e-05 1.47115304e-05
  1.03727248e-05 1.22227283e-05 1.10765886e-05 1.15539352e-05
  1.27401276e-05 1.10206753e-05 9.69933732e-06 8.47723329e-06
  8.17043127e-06 7.43997592e-06 9.04760667e-06 6.43143616e-06
  8.87487767e-06 5.84304461e-06 6.03298705e-06 5.70546917e-06
  6.30592590e-06 4.57772501e-06 7.20770486e-06 4.25419629e-06
  5.06933448e-06 4.47212311e-06]
 [4.54385647e-04 6.95050879e-04 2.56037104e-04 1.53328441e-04
  9.74064944e-05 6.11101486e-05 4.63842867e-05 4.56283457e-05
  3.62927520e-05 3.03804862e-05 2.77829224e-05 2.89092889e-05
  2.25161349e-05 2.05700520e-05 1.89831907e-05 1.49050828e-05
  1.78573128e-05 1.36071990e-05 1.34617448e-05 1.33820397e-05
  1.35962328e-05 9.46273737e-06 1.01262079e-05 8.75083494e-06
  8.61806935e-06 8.56078812e-06 6.37858919e-06 5.63035100e-06
  5.01205759e-06 4.72166318e-06 5.45091630e-06 4.63220536e-06
  4.37478413e-06 3.95606129e-06 3.81148497e-06 2.91693715e-06
  2.97653903e-06 2.26748949e-06 2.60010443e-06 3.11020100e-06
  2.64820027e-06 2.63006783e-06 2.08390828e-06 1.86526321e-06
  1.99787282e-06 1.99218978e-06 2.86919488e-06 2.08333900e-06
  2.07237700e-06 1.54065259e-06]
 [3.31059388e-04 4.40071219e-04 1.90874585e-04 8.09085305e-05
  6.27745888e-05 4.58884603e-05 3.60917803e-05 2.92510760e-05
  2.80254662e-05 1.55470145e-05 1.52741930e-05 1.57510173e-05
  1.28634464e-05 1.30180200e-05 1.29987588e-05 1.02679135e-05
  6.63133719e-06 5.88980704e-06 6.57191981e-06 5.60679738e-06
  5.55940118e-06 3.90188681e-06 4.16123985e-06 3.63615799e-06
  2.99120620e-06 2.83571327e-06 2.78947902e-06 2.26674419e-06
  2.61263822e-06 2.35756565e-06 1.84314422e-06 1.69345939e-06
  1.42848357e-06 1.52867124e-06 1.35822854e-06 1.89031405e-06
  1.36434488e-06 1.35632178e-06 1.30550609e-06 1.19247164e-06
  1.06945647e-06 1.23536755e-06 1.02764514e-06 9.81317836e-07
  1.09402729e-06 9.34831861e-07 1.02353871e-06 9.06877742e-07
  1.03950436e-06 1.15280282e-06]
 [4.35764817e-04 2.88172179e-04 1.24370400e-04 1.35835717e-04
  3.88141268e-05 2.55328680e-05 1.85706044e-05 1.64337621e-05
  1.52427678e-05 1.13489839e-05 9.81480242e-06 8.79838893e-06
  7.18958734e-06 5.09614910e-06 6.44630306e-06 5.70997957e-06
  5.10385332e-06 3.99067825e-06 3.46486370e-06 2.55337148e-06
  2.90071573e-06 1.75462384e-06 1.91695536e-06 1.83742786e-06
  1.47274798e-06 2.12605832e-06 2.00546506e-06 1.86982833e-06
  1.45019193e-06 9.83288670e-07 1.13978241e-06 1.06268303e-06
  1.22176383e-06 8.64294073e-07 9.12303204e-07 9.31605241e-07
  9.01956507e-07 9.15850115e-07 1.35121259e-06 7.86179950e-07
  8.91818697e-07 9.21540087e-07 7.19311776e-07 8.53753578e-07
  8.07295398e-07 9.73320692e-07 8.15273010e-07 8.19584690e-07
  9.07838912e-07 8.02597800e-07]
 [2.59248147e-04 3.77631048e-05 1.53666412e-05 6.97824514e-06
  5.11976648e-06 3.09994225e-06 2.18816520e-06 1.38399333e-06
  1.48529190e-06 1.45045892e-06 9.13240727e-07 1.10836209e-06
  8.69307430e-07 6.68764699e-07 6.72053257e-07 7.68040709e-07
  7.59557180e-07 6.34259024e-07 8.39430964e-07 7.38383488e-07
  7.64320349e-07 6.46639303e-07 7.41905728e-07 8.62706993e-07
  6.54472976e-07 6.79079464e-07 6.16348372e-07 7.31988124e-07
  7.04318863e-07 6.46062974e-07 7.17273990e-07 6.94952084e-07
  6.89636311e-07 7.13942379e-07 6.22545765e-07 5.83580861e-07
  6.77706906e-07 6.78707955e-07 6.85752138e-07 6.55401851e-07
  6.29610107e-07 6.94594984e-07 6.65743525e-07 5.82458680e-07
  6.31072157e-07 7.74834195e-07 7.03482282e-07 6.39711572e-07
  6.96268082e-07 6.61258497e-07]
 [9.00724606e-05 6.13049976e-06 3.66642374e-06 1.24148668e-06
  1.00648304e-06 6.79584810e-07 5.87070880e-07 6.87018495e-07
  6.15063920e-07 6.97704064e-07 5.34769464e-07 6.87226994e-07
  6.60952258e-07 6.76377566e-07 5.95987764e-07 5.77505574e-07
  5.55503640e-07 6.40984263e-07 5.42913977e-07 6.00242539e-07
  7.17528335e-07 5.39614799e-07 7.01770038e-07 5.97343835e-07
  5.33735007e-07 6.95938992e-07 6.20446700e-07 6.35492072e-07
  6.60446278e-07 4.93924707e-07 5.90347536e-07 5.66978264e-07
  5.92625151e-07 7.17712725e-07 6.54864182e-07 5.90126133e-07
  6.38244908e-07 6.31571272e-07 6.83071760e-07 5.09763617e-07
  6.62116345e-07 6.75006525e-07 6.63405533e-07 5.69690974e-07
  5.98407618e-07 5.60953422e-07 5.18222336e-07 5.69607917e-07
  6.26857398e-07 6.75720349e-07]
 [1.33502697e-05 1.49384373e-06 8.84967473e-07 6.63903731e-07
  7.27766574e-07 5.76901726e-07 5.20880121e-07 6.10987810e-07
  7.12922770e-07 5.51286643e-07 5.92832628e-07 6.38512488e-07
  5.83854814e-07 6.09136451e-07 6.50653171e-07 5.96953366e-07
  5.70720768e-07 5.18989069e-07 5.55270958e-07 5.55586386e-07
  5.16469005e-07 5.96628136e-07 6.76627535e-07 5.18547209e-07
  6.82462922e-07 5.48043115e-07 5.52015763e-07 5.50143707e-07
  5.85473746e-07 4.79859303e-07 5.40527608e-07 5.34383098e-07
  5.90176592e-07 6.03203308e-07 5.03844705e-07 5.93570413e-07
  5.68307732e-07 6.43862574e-07 5.16749546e-07 5.18848532e-07
  5.11374979e-07 6.38003056e-07 5.17626736e-07 5.40166803e-07
  4.96434370e-07 6.47306607e-07 5.84080948e-07 6.11591984e-07
  5.35190832e-07 5.44664041e-07]
 [2.54834126e-06 7.12496183e-07 5.03586104e-07 4.27298748e-07
  5.36714016e-07 4.82615306e-07 5.01775751e-07 5.78129755e-07
  5.77297647e-07 5.89284817e-07 6.40097660e-07 5.85361460e-07
  5.65038254e-07 4.88047902e-07 5.96623685e-07 5.34946400e-07
  5.34884054e-07 5.40234750e-07 5.75769561e-07 4.98501187e-07
  6.02461758e-07 5.36266899e-07 5.83760828e-07 5.71668960e-07
  4.87692192e-07 5.50181215e-07 5.13227081e-07 5.98113259e-07
  5.05518886e-07 5.00332875e-07 5.23877346e-07 5.81011306e-07
  4.93923348e-07 4.70023554e-07 5.52907933e-07 5.47714844e-07
  5.95283566e-07 5.91980582e-07 4.63947975e-07 4.86282970e-07
  5.13041471e-07 4.82355813e-07 4.61552541e-07 5.58544570e-07
  5.27412697e-07 4.73657761e-07 5.40458645e-07 5.14954489e-07
  5.21380308e-07 5.60769710e-07]]
