args:  Namespace(attack='pgd', gaussian=True, l2=0, ndim=7)
elapsed time: 82537.76353605
mins: [[0.00209639 0.00232964 0.00151704 0.00244493 0.00126743 0.00132676
  0.00377029 0.0019717  0.00203342 0.0011608  0.00100796 0.00044784
  0.00064067 0.00040516 0.00097492 0.00069268 0.00066136 0.00059672
  0.00047763 0.00039337 0.00064078 0.00051888 0.00045442 0.00031891
  0.0003746  0.00030551 0.00025961 0.00047608 0.00038824 0.00019524]
 [0.00825389 0.01428642 0.0168667  0.00625822 0.00604952 0.00355085
  0.00586483 0.00214707 0.00152933 0.00069569 0.00176365 0.00209454
  0.00068564 0.00155071 0.00084028 0.00059797 0.00083685 0.00096973
  0.00041419 0.00066397 0.00058837 0.00058867 0.0006129  0.00064173
  0.00049564 0.00035199 0.00065708 0.00050272 0.00059771 0.00036696]
 [0.03112566 0.01673291 0.02310274 0.01178309 0.00858744 0.00810201
  0.00534021 0.00548554 0.00169301 0.00229158 0.00179226 0.00232814
  0.00242012 0.00100568 0.00172122 0.00121107 0.00220839 0.00126291
  0.00188544 0.00139917 0.00093871 0.0012715  0.00030869 0.00039845
  0.00080935 0.00111433 0.0013437  0.00098587 0.00110431 0.00038902]
 [0.03539697 0.03671355 0.03156463 0.01483287 0.01247148 0.00757505
  0.00752925 0.00503104 0.01186271 0.00396079 0.00610725 0.00170434
  0.00639755 0.00153191 0.00184384 0.00217318 0.00339435 0.00493896
  0.00474851 0.00307143 0.00230647 0.00330575 0.0023715  0.00377903
  0.00568743 0.00163466 0.00350641 0.00222918 0.00306795 0.00380263]
 [0.03094527 0.03552715 0.02592985 0.02580837 0.01921429 0.01883936
  0.01181492 0.01399516 0.01636329 0.01382317 0.01185969 0.01419804
  0.01016516 0.00932431 0.00633197 0.00641309 0.01536793 0.01909118
  0.0079771  0.01031932 0.01498338 0.01316095 0.0146859  0.0085788
  0.00967752 0.00725098 0.01348889 0.01671847 0.01563727 0.01066688]
 [0.0335071  0.03261025 0.03094344 0.03250138 0.02378962 0.02749047
  0.02407622 0.02293    0.01468238 0.02154229 0.02934318 0.01586848
  0.01950666 0.01791348 0.02546031 0.02496167 0.02712607 0.02271528
  0.02338754 0.02766905 0.02383893 0.03204175 0.02871916 0.0268482
  0.03019644 0.02925628 0.02795237 0.0265197  0.02912393 0.02631412]
 [0.03700753 0.04154122 0.03352782 0.03045138 0.03321752 0.02920996
  0.02327184 0.03121677 0.02784725 0.03480998 0.03119743 0.03355562
  0.03538693 0.03066068 0.04021184 0.036772   0.02922125 0.03228373
  0.04112395 0.03434262 0.03524656 0.04072313 0.03824644 0.03791793
  0.04244484 0.04154009 0.03831827 0.04627945 0.04219637 0.04373681]
 [0.03112136 0.03533965 0.03921077 0.03823009 0.0378735  0.03239211
  0.03303734 0.03310541 0.0419014  0.02815657 0.04239154 0.03549632
  0.04086676 0.03435849 0.04025995 0.04302069 0.04663919 0.04432368
  0.04506851 0.04197022 0.04584711 0.05038309 0.05133273 0.04679113
  0.05110673 0.0507344  0.05308245 0.05211743 0.04680065 0.04560484]
 [0.02428425 0.0412935  0.03352372 0.04061661 0.03873809 0.03077547
  0.0409768  0.03461431 0.03949086 0.04439969 0.04553384 0.0461982
  0.05017919 0.05000064 0.04563823 0.04879908 0.05011917 0.04988459
  0.05129385 0.04886539 0.05559006 0.05319486 0.05443022 0.05722059
  0.05200272 0.05215941 0.05347073 0.0560648  0.05910932 0.05284562]
 [0.04075136 0.04442202 0.04204621 0.03375362 0.04053652 0.04292317
  0.04214256 0.04905294 0.04636524 0.05263291 0.05024363 0.05044786
  0.04973698 0.05541093 0.05481391 0.05183562 0.05355711 0.05172227
  0.05448846 0.05556747 0.05755308 0.05954413 0.05969734 0.05979644
  0.05811307 0.05818935 0.05969502 0.05710993 0.05705812 0.05952724]
 [0.03990232 0.04077815 0.04250656 0.04164907 0.04367575 0.05015962
  0.04972723 0.05013302 0.04995136 0.05308041 0.05470516 0.05468836
  0.05695663 0.05796001 0.05874074 0.05868898 0.05965475 0.05923107
  0.05841111 0.05845921 0.05999943 0.06026604 0.05990832 0.05711915
  0.06382582 0.06180559 0.05819587 0.05998263 0.06138399 0.05906053]
 [0.04999297 0.04934033 0.05545885 0.05599652 0.05872678 0.0600359
  0.06036839 0.06161044 0.06198215 0.06381574 0.06720495 0.06233602
  0.06470719 0.06741191 0.06698347 0.06745601 0.06737893 0.0677923
  0.06781378 0.06753338 0.06761134 0.06691436 0.06734686 0.0678876
  0.06764703 0.06150544 0.06773552 0.06710055 0.06761475 0.06680349]
 [0.0580063  0.05876032 0.05983203 0.05860547 0.06300285 0.06606128
  0.06748699 0.06747986 0.06712772 0.06744596 0.06770399 0.06757756
  0.06793452 0.06788771 0.06775644 0.06765449 0.0672087  0.06777926
  0.06703267 0.06768638 0.06757762 0.06789384 0.06768667 0.06769909
  0.06759931 0.06816042 0.06709224 0.06770358 0.06817479 0.06779454]
 [0.0594557  0.06140032 0.06494775 0.06596002 0.06779181 0.06831245
  0.06804888 0.06786031 0.06804476 0.06808217 0.06834212 0.06729475
  0.06428628 0.06808715 0.06796647 0.06728838 0.0677838  0.06818834
  0.06167706 0.06753901 0.06808818 0.06765983 0.06810789 0.06809924
  0.06792232 0.06829836 0.06749359 0.06800684 0.06744878 0.06767945]
 [0.06034546 0.06795996 0.06651738 0.06786615 0.06790389 0.06784357
  0.06801162 0.06773426 0.06853887 0.06787814 0.06796858 0.06785748
  0.06757778 0.06806979 0.06833126 0.06805773 0.067628   0.06799045
  0.06782669 0.06776241 0.06829719 0.06785221 0.06776469 0.06761019
  0.06797895 0.06787223 0.06828014 0.06800377 0.06814872 0.06816491]]
maxs: [[0.22632702 0.25688106 0.18307357 0.49808785 0.82513338 1.06604886
  1.56753302 0.99881053 0.35579288 0.55685717 0.27437794 0.12465274
  0.13050303 0.06800592 0.04984137 0.0838414  0.04365284 0.04512917
  0.02921819 0.03144891 0.04157979 0.02459433 0.01754333 0.02455333
  0.02373445 0.01685672 0.01850602 0.01269034 0.01278015 0.00999725]
 [0.12900491 0.15983024 0.24760777 0.27931631 0.35498703 0.21514997
  0.24775539 0.20960441 0.09408066 0.09128974 0.08770946 0.09127112
  0.08491451 0.04474397 0.05684946 0.04423418 0.0423206  0.03398991
  0.03914231 0.0309893  0.03421301 0.02744232 0.02403146 0.02408247
  0.04864148 0.0204288  0.02196858 0.02720668 0.0195857  0.01845662]
 [0.14026454 0.30364278 0.19054905 0.16667324 0.21473026 0.26926705
  0.11651226 0.10957435 0.08258655 0.0966007  0.07317138 0.05788721
  0.05826291 0.06470404 0.05293093 0.05671971 0.05209948 0.05557103
  0.04932065 0.04975096 0.06399481 0.04660444 0.05477922 0.04305356
  0.04536205 0.04213689 0.04370134 0.04452804 0.03926199 0.05079396]
 [0.1175599  0.1917308  0.15903419 0.23487017 0.11297452 0.1183351
  0.09619322 0.09954286 0.07700747 0.07684948 0.06727606 0.05859495
  0.05981016 0.06872692 0.06398758 0.0648911  0.06286136 0.06041173
  0.05748446 0.05560933 0.05493426 0.05838086 0.06007047 0.05776611
  0.05169722 0.05419918 0.06359082 0.06236077 0.06142167 0.05360463]
 [0.11758576 0.23276532 0.16463697 0.17397    0.12072876 0.11089578
  0.09136976 0.08083109 0.06946506 0.08685383 0.06635006 0.06890724
  0.06915054 0.068702   0.06912713 0.06820658 0.06738731 0.0684524
  0.0677406  0.06449062 0.06681537 0.06667288 0.0672728  0.06625745
  0.06642102 0.06778221 0.06529566 0.0663944  0.0672904  0.06584714]
 [0.14556685 0.16596738 0.12609166 0.13229071 0.14025895 0.11042119
  0.10038762 0.08604696 0.08499217 0.07828712 0.07311442 0.07965878
  0.07072818 0.06906801 0.07700539 0.06929898 0.06940407 0.06934834
  0.06936994 0.0692705  0.07068609 0.0695724  0.06921255 0.06963329
  0.06960721 0.07022619 0.06919863 0.06908135 0.06915037 0.06983518]
 [0.19233738 0.15216279 0.1674969  0.14894116 0.08830298 0.09768832
  0.1020106  0.08345222 0.09103386 0.07010307 0.07087115 0.0723167
  0.0764753  0.07118247 0.07144542 0.07011268 0.06908853 0.06978206
  0.07010275 0.07017273 0.06985977 0.06992713 0.06970686 0.07030416
  0.07075539 0.07079048 0.07029824 0.06999239 0.07031273 0.06982213]
 [0.17120206 0.16146362 0.15340319 0.14724568 0.08516131 0.13279797
  0.08074336 0.07898965 0.07906925 0.07083607 0.0706874  0.0698927
  0.07058955 0.07087734 0.07087175 0.07059723 0.07014968 0.07087563
  0.07096478 0.07036326 0.07062452 0.07123771 0.0711742  0.07068932
  0.07042364 0.07030232 0.07050259 0.07083905 0.07025402 0.07061942]
 [0.24570192 0.18174206 0.11649429 0.11912785 0.08983094 0.12746935
  0.07262823 0.07635873 0.07985798 0.07267658 0.07032396 0.07128176
  0.07119299 0.07051919 0.0704776  0.0708864  0.07050963 0.07113299
  0.07071456 0.07136661 0.07093203 0.07040941 0.07105628 0.07123532
  0.07055648 0.07076184 0.07087951 0.07051267 0.07114249 0.07074784]
 [0.22146195 0.13352287 0.11383791 0.12646556 0.0844785  0.09681749
  0.07684531 0.07086825 0.07094589 0.07054847 0.07077031 0.07071902
  0.07093997 0.07094045 0.07095473 0.07087426 0.07087797 0.07077175
  0.0718585  0.0708406  0.07099921 0.07084461 0.07066704 0.07098405
  0.070832   0.07096455 0.0707816  0.07117091 0.07110117 0.07101828]
 [0.17415209 0.20257516 0.10899919 0.08005306 0.11203659 0.07096576
  0.07147089 0.07130745 0.07202439 0.07087687 0.07097255 0.0713349
  0.07272542 0.0711468  0.07134755 0.07124315 0.07123449 0.07120133
  0.07125695 0.07117875 0.0710842  0.07143191 0.07084766 0.07063739
  0.0709314  0.0714749  0.07145303 0.07112652 0.07099325 0.07133473]
 [0.11852909 0.09212842 0.08023823 0.08161595 0.07208452 0.07181008
  0.07168066 0.07146887 0.07118051 0.07160389 0.07124543 0.07171832
  0.07166584 0.07136114 0.07169639 0.07185688 0.07127132 0.07119575
  0.07134573 0.07133321 0.07158995 0.0716768  0.07128517 0.07202613
  0.07125977 0.07169098 0.07145389 0.07129451 0.07138067 0.07167732]
 [0.10102892 0.07462232 0.07118902 0.07131782 0.07152931 0.07198615
  0.0720574  0.07139435 0.07113243 0.0715019  0.07147791 0.07126004
  0.07215402 0.07124434 0.07187919 0.07173361 0.07179994 0.07131115
  0.07136489 0.07160136 0.07123291 0.07160377 0.07101923 0.07133391
  0.07152005 0.07150037 0.07117271 0.07151211 0.07152913 0.07145669]
 [0.0831536  0.07198247 0.07204382 0.07112754 0.0712605  0.07145113
  0.07194376 0.07190184 0.07190636 0.07181763 0.07157337 0.0721385
  0.07218296 0.07147378 0.07186748 0.07195847 0.07120381 0.07145269
  0.07148468 0.07120987 0.07204015 0.07123202 0.07129098 0.07127842
  0.07181112 0.07167201 0.07216603 0.07144163 0.07195272 0.07156098]
 [0.07860944 0.07148899 0.07191705 0.07215168 0.07133229 0.07132815
  0.07148076 0.07135209 0.07168647 0.07143982 0.07143187 0.07129897
  0.07116876 0.07135788 0.07142466 0.0712264  0.07154202 0.07196298
  0.07207131 0.07136029 0.07167726 0.07124791 0.07154782 0.07160334
  0.07211565 0.07136325 0.07133342 0.07172509 0.07125869 0.07150704]]
test_losses: [[0.07007946 0.06453558 0.06043819 0.05559204 0.0608816  0.08998886
  0.11648634 0.07659155 0.04185022 0.03376109 0.02350603 0.01629254
  0.01491122 0.01112282 0.00952521 0.00820245 0.0078341  0.0070869
  0.00644109 0.00521612 0.00585453 0.00516695 0.00423369 0.00444762
  0.00417184 0.00387328 0.00387793 0.00373085 0.00328791 0.0033293 ]
 [0.06446799 0.05977336 0.05857295 0.05575645 0.06143807 0.05043443
  0.04247952 0.03509566 0.02657656 0.02412863 0.01979381 0.01764261
  0.0158705  0.01421606 0.01134369 0.01141034 0.01049529 0.00916055
  0.00886249 0.00769055 0.00722272 0.00705744 0.00653342 0.00607156
  0.00616083 0.00527174 0.00511421 0.00522854 0.00452343 0.00455854]
 [0.06454339 0.06393728 0.06306082 0.05897301 0.0511269  0.04599505
  0.03957867 0.03696556 0.03067676 0.02890159 0.02512049 0.02384203
  0.0231108  0.02101083 0.02100897 0.01953529 0.01817783 0.01793902
  0.01694724 0.01703672 0.0155367  0.01511771 0.01369292 0.0133736
  0.01332628 0.01324262 0.01228142 0.01207981 0.01106517 0.01151114]
 [0.06694212 0.06714757 0.06313106 0.05752941 0.05062709 0.04787556
  0.04282888 0.0416188  0.03767038 0.03630522 0.03535797 0.0332415
  0.03322947 0.03320895 0.03198229 0.03117067 0.03075311 0.03139167
  0.03052386 0.02888819 0.02981074 0.02934341 0.02836406 0.02904519
  0.02835028 0.02794819 0.0279105  0.02758485 0.02554401 0.02768394]
 [0.06764482 0.06729952 0.06470555 0.05838741 0.05311591 0.04878621
  0.04517491 0.0462331  0.04441887 0.04436525 0.04359781 0.04419981
  0.04406902 0.04186358 0.04354892 0.04308533 0.04345394 0.04320906
  0.04299368 0.04377938 0.04212539 0.04333349 0.04294474 0.04399079
  0.04356455 0.04335436 0.04384391 0.04437853 0.04295047 0.04397054]
 [0.06809237 0.06842379 0.06198579 0.05795881 0.05440193 0.0528231
  0.05190664 0.05104939 0.05221084 0.05068843 0.05090907 0.05133926
  0.05104722 0.05125035 0.0521984  0.05184734 0.05326583 0.05298685
  0.05282639 0.05257722 0.05254107 0.05376537 0.05429127 0.05379463
  0.05433899 0.05480179 0.05454219 0.0548842  0.05387624 0.05566677]
 [0.0719791  0.06703634 0.06221484 0.0581257  0.05732502 0.05546004
  0.05517669 0.05546093 0.05576732 0.05589596 0.05719446 0.0563562
  0.05713287 0.05846191 0.0582799  0.05796437 0.05839875 0.05938186
  0.05957424 0.05980886 0.05988544 0.06016174 0.06030225 0.06040376
  0.06081217 0.06115352 0.06065287 0.06165684 0.06170565 0.06191916]
 [0.0717829  0.06766866 0.06275562 0.05994642 0.05805143 0.05869491
  0.05874398 0.05913798 0.05883899 0.05951461 0.06096638 0.06126819
  0.06184258 0.06195765 0.06220757 0.062787   0.06289459 0.06300852
  0.06329648 0.06361855 0.06361759 0.06429701 0.06464437 0.06488176
  0.06466274 0.06486558 0.06522608 0.06581637 0.06576431 0.06548386]
 [0.0694465  0.06891784 0.06280602 0.06174608 0.0603552  0.06086557
  0.06187555 0.06186736 0.06340991 0.06359848 0.06345925 0.0645416
  0.065138   0.06456092 0.06487125 0.06517895 0.06544597 0.06598935
  0.06616726 0.06626514 0.06644816 0.06693341 0.06720886 0.066985
  0.06718326 0.06742597 0.06743982 0.06767584 0.06786389 0.0676925 ]
 [0.07100201 0.0653325  0.06383967 0.06331044 0.06288665 0.06320956
  0.06360995 0.06437991 0.06487715 0.06591354 0.06596526 0.06654542
  0.06644392 0.06653848 0.06679614 0.06714479 0.0675729  0.06745791
  0.06800564 0.06763574 0.06812171 0.06799965 0.06809914 0.06826521
  0.06835594 0.06819898 0.06840672 0.06845811 0.06837901 0.06854884]
 [0.07025097 0.06685164 0.06438263 0.06380953 0.06516267 0.06503283
  0.06649731 0.06640225 0.0665664  0.06707751 0.06759362 0.06784647
  0.06782562 0.06778045 0.06807884 0.06810156 0.06829147 0.06841475
  0.0685069  0.06869178 0.06873292 0.06868345 0.06869492 0.06869702
  0.06889583 0.06884558 0.06890583 0.06892476 0.06894334 0.0690097 ]
 [0.06847726 0.0669245  0.06787427 0.06836383 0.0688423  0.06900232
  0.06916583 0.06933975 0.06930803 0.06937446 0.06945266 0.0694149
  0.06947607 0.06951964 0.06944936 0.06952323 0.06954868 0.06954651
  0.06955145 0.06949219 0.06956745 0.06962544 0.06950224 0.06956431
  0.06950379 0.06946484 0.06956069 0.0694967  0.06951702 0.06947225]
 [0.06936488 0.06892367 0.06940701 0.06945654 0.06955719 0.06964323
  0.0696663  0.06965851 0.06961104 0.06969564 0.0696993  0.0696614
  0.06971338 0.06965222 0.06971144 0.06967138 0.06968377 0.06964756
  0.06962966 0.06964684 0.06962564 0.06972274 0.06966045 0.06975558
  0.069635   0.06974627 0.06968409 0.06973893 0.06971057 0.06973618]
 [0.06935077 0.06973939 0.06976276 0.06970576 0.06979324 0.06976922
  0.06974761 0.06980652 0.06976556 0.0697597  0.0697682  0.06977938
  0.06981379 0.06977096 0.06978157 0.06973461 0.06977938 0.06976037
  0.06973356 0.06972876 0.06976185 0.06969253 0.0697429  0.06980884
  0.06977987 0.06985277 0.0697372  0.06982136 0.06970349 0.06976712]
 [0.06965587 0.06977498 0.06981446 0.06978315 0.06984803 0.06984536
  0.0698427  0.06979669 0.06980857 0.06977703 0.06982113 0.06979077
  0.06977418 0.06978395 0.06988532 0.06974582 0.06982859 0.06983108
  0.06982173 0.06977968 0.0698601  0.06979005 0.06979429 0.06980425
  0.06980343 0.06978196 0.06983353 0.0698965  0.06982753 0.06977023]]
