args:  Namespace(attack='fgsm', gaussian=True, l2=0.01, ndim=1)
elapsed time: 2459.796532483
mins: [[1.38982230e-07 3.00950148e-07 1.43848990e-06 6.05102812e-08
  1.15845204e-07 2.80197582e-07 1.85069055e-07 1.33201775e-06
  1.96444083e-09 4.25783888e-08 7.26758572e-07 1.16476576e-05
  2.19562862e-05 2.89495370e-06 1.28414072e-07 7.04677541e-06
  1.87409432e-06 3.78016230e-05 4.82072246e-05 2.89578520e-06
  2.16036284e-07 6.17264668e-05 1.34447032e-06 2.15036744e-05
  1.50735141e-04 1.99471560e-05 1.73022694e-04 2.10284867e-04
  2.99550243e-06 1.11196088e-04]
 [1.39729849e-07 4.61402919e-07 8.48700399e-09 6.86555368e-10
  1.07340668e-07 6.76382683e-09 2.18247138e-07 1.53589349e-06
  1.02975628e-08 1.18113701e-06 6.80764106e-06 6.78461265e-06
  4.65248058e-06 1.24157782e-06 1.98583575e-06 5.73035265e-07
  9.45176271e-06 6.94423193e-07 1.45469153e-06 8.16741533e-07
  7.40623955e-06 1.06617008e-05 1.46664634e-05 2.32428683e-05
  6.50389848e-05 7.16134920e-08 2.77266008e-05 1.96539204e-07
  3.52786635e-08 3.15694251e-06]
 [6.91029982e-07 2.89268144e-07 2.98412459e-08 8.48338118e-07
  5.61935792e-07 8.64921024e-09 1.43280499e-06 2.71631739e-09
  1.24692349e-06 1.39593089e-06 6.63574298e-08 2.48041556e-06
  6.84288125e-07 3.91688673e-08 1.37133600e-06 1.05850302e-06
  3.83619454e-06 1.38524717e-06 7.52813594e-06 7.43995301e-08
  1.25128090e-05 1.12311363e-06 1.56883644e-08 1.53155315e-06
  1.74396462e-07 3.88633794e-07 6.70277805e-05 5.37796004e-05
  1.22043704e-04 1.75984154e-04]
 [2.18704045e-07 6.22051886e-08 6.68034446e-08 1.48488200e-08
  3.53144998e-08 1.27012470e-07 2.23705143e-07 4.49864160e-07
  1.34704820e-07 5.37058577e-06 5.04292700e-07 4.01087150e-12
  2.23788834e-06 2.20944617e-06 1.70215188e-07 2.47770531e-05
  1.22028428e-06 1.03887328e-06 1.60880518e-06 1.05232699e-04
  2.85938586e-06 1.53212986e-05 1.00809681e-08 8.29099736e-05
  5.28579621e-05 2.48739889e-05 5.88607554e-06 6.65777407e-07
  5.58118882e-06 3.86591310e-05]
 [6.72466797e-07 4.25574768e-07 2.42992144e-07 5.27572963e-09
  4.04005078e-08 2.27601106e-07 1.66277641e-08 9.09622638e-12
  1.34794197e-06 1.05230377e-07 4.38526797e-07 2.08550134e-07
  5.37473079e-06 1.42429894e-06 7.22770210e-07 7.75929675e-06
  2.50351313e-05 2.52172631e-05 2.48398396e-06 1.49247444e-06
  6.15971771e-08 4.81206882e-07 5.84969121e-06 6.24514371e-07
  5.38616208e-04 1.01221838e-06 1.37171392e-05 2.89156742e-06
  2.59345452e-05 2.30291022e-10]
 [1.82386472e-07 9.10269833e-08 2.29318789e-06 8.22547896e-09
  2.82511877e-07 1.29763237e-07 2.25558324e-07 1.54933737e-08
  4.14073952e-07 3.11161011e-06 4.75457500e-06 6.83598046e-07
  1.64808284e-06 2.98652566e-07 6.69603651e-06 1.48547770e-06
  8.56405347e-09 1.44105024e-06 5.45525381e-07 2.62636519e-07
  2.42625592e-05 3.64730717e-08 1.88301533e-06 1.17011177e-06
  5.05206162e-06 5.32966666e-08 2.38600871e-04 3.13427745e-06
  2.94156907e-05 1.26604945e-07]
 [1.60276284e-06 4.65819099e-08 2.19105630e-07 1.66118652e-09
  1.20305856e-07 2.72995840e-06 3.04081560e-08 5.99577561e-07
  4.00494514e-07 2.05442404e-07 2.90237125e-07 1.74686784e-06
  2.67781752e-06 2.91789820e-06 1.70939882e-06 6.71948726e-07
  5.84895824e-05 6.17066931e-08 4.23283723e-07 2.36044980e-05
  3.51444491e-08 2.33235132e-05 1.24059511e-06 3.15160719e-06
  4.86829910e-09 1.34784468e-05 2.00037653e-06 3.09729330e-05
  1.80436236e-05 1.03411825e-04]
 [4.42950991e-08 6.60884041e-07 3.73364166e-08 1.20578903e-07
  1.02987725e-08 9.85128736e-07 3.74819069e-06 1.40917340e-08
  1.46069915e-05 1.54624928e-07 4.18018487e-07 3.48874710e-06
  2.05312767e-09 2.05855413e-05 1.36344602e-06 2.12000071e-08
  8.43154248e-06 6.51493838e-06 1.02987725e-08 7.55419407e-08
  1.59955835e-05 3.46993534e-06 2.92959862e-06 1.83574599e-07
  2.18472196e-05 4.41514521e-06 2.46264904e-06 9.38203812e-06
  3.75902260e-08 7.62284103e-09]
 [1.07101300e-06 6.02203158e-08 6.86419810e-07 6.52287099e-07
  1.23295888e-06 1.10885810e-06 7.03892567e-07 1.61916410e-06
  1.34071158e-07 2.57336239e-07 1.44921864e-06 5.44363786e-07
  8.15815270e-07 3.26537197e-08 1.75581292e-08 4.51801174e-09
  5.01967406e-07 1.84594464e-05 2.20027709e-06 6.69297369e-05
  1.78945011e-05 1.45427312e-05 1.49345667e-07 1.50081644e-06
  4.72397824e-06 2.67176792e-09 3.17729682e-05 3.77493103e-09
  5.61747293e-05 5.04723994e-06]
 [3.94240836e-08 2.59134799e-06 6.30704022e-08 5.89313451e-08
  1.70407259e-06 2.21623836e-07 4.13961558e-08 2.69143126e-08
  1.03165632e-06 9.91694606e-07 2.10613038e-07 1.13018414e-05
  2.51515786e-07 1.23775533e-06 4.81154075e-06 1.25339438e-05
  1.22416750e-05 6.16869499e-07 1.71521742e-06 3.53936798e-07
  1.33731155e-04 9.18132571e-07 2.62918202e-05 1.02899435e-06
  6.72033784e-05 3.56225246e-06 7.23183766e-05 7.50195932e-06
  2.41861089e-05 3.34578835e-05]
 [7.25833615e-08 9.59841060e-08 6.37006607e-08 2.55894239e-08
  3.96896311e-08 4.76427564e-10 4.80626028e-08 2.85660455e-08
  1.10844394e-06 1.30925258e-07 2.20739139e-06 1.24604067e-05
  4.41186421e-06 2.55132022e-08 3.56985851e-07 1.14428508e-06
  6.53966907e-08 1.47473100e-08 2.94659935e-06 6.57128976e-06
  7.89074903e-08 6.00092926e-06 1.43585741e-04 2.87760868e-05
  1.52324446e-05 1.26541476e-04 3.27833623e-05 2.70592295e-08
  4.22361268e-07 7.36619086e-07]
 [2.02084635e-07 1.01410230e-07 4.11324655e-11 1.23094787e-06
  8.47455522e-05 7.19520449e-06 7.48050581e-07 7.40413670e-05
  1.23056989e-05 7.12089195e-06 1.10824585e-05 5.13281917e-10
  4.53591747e-06 1.07896039e-06 1.90145583e-05 7.21652759e-05
  1.05307734e-07 1.12313382e-05 2.21899318e-04 4.42888086e-05
  3.11043254e-06 1.44646901e-05 2.62882622e-06 1.66689858e-06
  2.09353911e-05 1.30811850e-05 1.17897525e-05 7.90170016e-05
  5.55956911e-04 4.81087809e-05]
 [4.22678966e-07 4.93098878e-06 8.34919334e-09 9.16899371e-05
  1.53936431e-04 4.51644999e-04 2.78527864e-07 1.50753738e-04
  3.58432677e-04 7.59990371e-06 9.62881604e-04 5.08547964e-05
  8.83650955e-06 7.04633248e-06 3.10781143e-05 1.07519026e-03
  1.40423190e-05 1.15361856e-03 1.44860751e-04 5.91579685e-03
  2.91390388e-05 2.90784537e-05 9.46768210e-04 1.85518060e-03
  9.41485268e-05 8.14366387e-04 2.48767878e-03 1.31841865e-03
  1.50701337e-04 1.27796605e-02]
 [8.86585099e-07 5.81373524e-06 4.98648587e-05 3.67383240e-04
  2.65118608e-04 8.77354527e-04 7.43345081e-05 1.64717401e-03
  7.56336085e-04 5.46669494e-03 2.63709202e-02 3.97322793e-03
  6.72049401e-03 4.78705689e-02 2.54093716e-03 1.64361615e-02
  7.06065819e-02 3.41465920e-02 6.90649904e-04 1.23033285e-01
  1.28475055e-02 2.39837877e-02 9.99109237e-04 5.87546974e-02
  6.34635836e-02 2.26597954e-03 1.33098150e-03 1.30514264e-01
  4.09231745e-02 8.39744657e-02]
 [2.50620360e-08 9.49487969e-07 1.71963165e-05 3.47435917e-03
  2.12038276e-06 4.04075198e-02 1.10499011e-02 1.51532246e-02
  4.00069803e-02 4.58775423e-02 3.35517414e-02 1.74292490e-01
  6.17867410e-02 2.20917482e-02 1.33667707e-01 1.01369560e-01
  4.13810089e-03 1.28458887e-01 3.23344648e-01 1.49797633e-01
  2.90855914e-01 1.66125774e-01 2.85543531e-01 1.20989047e-01
  1.95924282e-01 3.61509413e-01 1.02931760e-01 7.55545378e-01
  7.41277397e-01 6.78301096e-01]]
maxs: [[2.87427449e+00 6.90915704e-01 8.60574126e-01 5.37166357e-01
  1.68439591e+00 7.49946058e-01 2.23363018e+00 1.11234462e+00
  4.46208143e+00 2.59624171e+00 2.90163422e+00 3.99304104e+00
  5.86359692e+00 3.49805975e+00 4.71314287e+00 5.43555975e+00
  4.57136345e+00 9.22553444e+00 4.79015112e+00 4.92857933e+00
  9.68739510e+00 1.02411919e+01 7.41139174e+00 8.17281151e+00
  8.11155415e+00 1.04211178e+01 1.06580906e+01 1.05268764e+01
  1.10747957e+01 2.25532303e+01]
 [1.58947814e+00 6.24476373e-01 9.75093901e-01 6.16751611e-01
  7.14569151e-01 8.34078610e-01 1.20724058e+00 1.82724607e+00
  1.60682833e+00 2.75240564e+00 3.87224269e+00 6.33169699e+00
  3.31618309e+00 7.19279337e+00 5.98970270e+00 4.60366678e+00
  7.23184204e+00 8.21352863e+00 6.10654163e+00 4.89599180e+00
  7.38025999e+00 7.17723370e+00 6.56698990e+00 9.46718216e+00
  8.72654343e+00 1.02146378e+01 1.05565300e+01 1.18604832e+01
  1.40382347e+01 1.58659554e+01]
 [8.97995591e-01 1.67017594e-01 4.66209263e-01 9.81787026e-01
  1.26803541e+00 1.92376888e+00 2.11182070e+00 2.16540813e+00
  2.18027854e+00 2.63238430e+00 4.63060904e+00 3.66453409e+00
  4.51065969e+00 6.07868576e+00 6.98730516e+00 6.10191584e+00
  7.88781977e+00 7.31831980e+00 1.00113277e+01 7.77718544e+00
  8.96539402e+00 8.18052006e+00 1.12216873e+01 1.32246323e+01
  1.27759867e+01 9.94957447e+00 2.04953995e+01 1.36011734e+01
  1.68829899e+01 2.09121704e+01]
 [4.64362174e-01 4.55235362e-01 4.07967299e-01 1.08451116e+00
  1.01667142e+00 2.07690334e+00 2.43566060e+00 2.51317811e+00
  3.18667269e+00 2.76821876e+00 5.41564083e+00 5.71406126e+00
  6.56395197e+00 7.00888681e+00 8.05177116e+00 8.88076401e+00
  9.24304771e+00 6.59904623e+00 1.78125706e+01 1.07978115e+01
  1.13468904e+01 7.22931623e+00 1.26533976e+01 1.46341562e+01
  1.63939571e+01 1.27380276e+01 1.80278187e+01 1.46539078e+01
  1.93234882e+01 1.80284710e+01]
 [1.40785599e+00 8.42543364e-01 1.87357056e+00 9.64461088e-01
  1.16004550e+00 2.00545144e+00 3.31786489e+00 2.44859385e+00
  3.54056573e+00 3.44901133e+00 3.98970389e+00 4.09467220e+00
  6.33883381e+00 4.42958975e+00 5.65677071e+00 6.96383047e+00
  8.06420517e+00 7.53774166e+00 7.65932941e+00 1.36741848e+01
  9.87962627e+00 1.88722172e+01 1.10431042e+01 1.47226706e+01
  1.29698210e+01 2.16401997e+01 2.00964260e+01 2.20760345e+01
  1.38479471e+01 3.14654217e+01]
 [3.60806972e-01 4.39726114e-01 4.94260192e-01 1.74021542e+00
  1.74290133e+00 1.30632401e+00 3.77314067e+00 5.29479837e+00
  3.41067171e+00 4.35276747e+00 5.20200634e+00 5.13349867e+00
  5.06909037e+00 9.22819519e+00 5.65502691e+00 6.66092587e+00
  6.19334888e+00 8.72587299e+00 1.03732605e+01 9.65993500e+00
  2.08064480e+01 1.03426466e+01 1.53007555e+01 2.66804695e+01
  1.25569315e+01 1.69483814e+01 2.03213711e+01 1.96331558e+01
  2.96112938e+01 2.37152996e+01]
 [2.03539029e-01 2.77699888e-01 1.31962419e+00 9.63892460e-01
  2.54799986e+00 2.11548471e+00 2.45585728e+00 2.78384757e+00
  4.54082966e+00 3.25926685e+00 4.94027901e+00 1.07817507e+01
  5.42977333e+00 5.39014721e+00 8.36534309e+00 6.42207146e+00
  1.44817753e+01 1.26917562e+01 1.87817402e+01 1.48654366e+01
  1.07031069e+01 1.33822765e+01 1.53209400e+01 2.10655689e+01
  1.57544804e+01 1.43034630e+01 1.65280876e+01 2.06548843e+01
  2.54778862e+01 2.65172119e+01]
 [8.65244195e-02 5.84907889e-01 9.00134563e-01 5.70032239e-01
  1.18410182e+00 4.10007429e+00 2.30279684e+00 2.53161764e+00
  5.95670366e+00 3.56561470e+00 5.74453020e+00 8.45564842e+00
  8.72026634e+00 7.22035408e+00 5.08076954e+00 1.19028664e+01
  7.83075809e+00 8.57767391e+00 1.17519236e+01 1.35390139e+01
  1.09740896e+01 1.74754524e+01 1.47767191e+01 2.37111645e+01
  2.40753593e+01 2.10033112e+01 2.71154728e+01 2.16664505e+01
  2.41320534e+01 2.28601665e+01]
 [1.60454124e-01 1.76107585e+00 5.50507128e-01 1.15042508e+00
  1.68546939e+00 1.61855531e+00 3.18749237e+00 5.93272400e+00
  4.62985897e+00 4.85736561e+00 6.09945488e+00 5.16571093e+00
  5.76163530e+00 9.21391678e+00 1.48278780e+01 8.33045197e+00
  9.45980167e+00 1.34219475e+01 1.92182598e+01 1.64446030e+01
  1.74950714e+01 3.08898315e+01 1.60955009e+01 2.25893879e+01
  2.38202286e+01 2.32466106e+01 2.52797565e+01 3.26361847e+01
  2.99426022e+01 3.99629288e+01]
 [4.36890066e-01 6.89588726e-01 8.12377155e-01 1.96308672e+00
  2.97285342e+00 3.92837524e+00 2.95762277e+00 3.77533960e+00
  6.33160162e+00 3.94565606e+00 6.26142311e+00 1.25430355e+01
  1.41829109e+01 1.29217100e+01 1.04372377e+01 9.61097622e+00
  2.81122494e+01 1.27759829e+01 1.59437819e+01 1.34340181e+01
  2.01665020e+01 2.83957615e+01 2.13057766e+01 2.97089043e+01
  1.75264988e+01 2.63062420e+01 3.74680176e+01 2.82449932e+01
  3.52566757e+01 3.94870987e+01]
 [3.78649056e-01 9.83639836e-01 8.08974147e-01 1.37891662e+00
  4.19778585e+00 2.75298619e+00 4.34486246e+00 3.03484917e+00
  9.37268829e+00 4.72832680e+00 5.94324303e+00 9.04569721e+00
  7.85825729e+00 1.51779737e+01 8.20362759e+00 1.26558361e+01
  1.61577873e+01 1.65205135e+01 1.74678402e+01 1.57488003e+01
  2.79752083e+01 1.66977901e+01 1.89575920e+01 1.83632832e+01
  1.98820553e+01 2.10144558e+01 2.69193497e+01 2.80919781e+01
  3.54855461e+01 2.56686745e+01]
 [7.47795999e-01 4.81025428e-01 1.89447844e+00 2.69893003e+00
  1.95124876e+00 5.05001879e+00 4.14449644e+00 6.49753761e+00
  6.41841698e+00 9.66100979e+00 9.43555355e+00 1.19075699e+01
  1.25907726e+01 1.68035316e+01 1.28923769e+01 1.78302631e+01
  3.34901505e+01 2.13813210e+01 2.49281063e+01 2.94596405e+01
  2.66421127e+01 3.19235821e+01 3.91594734e+01 3.76210365e+01
  4.86847839e+01 5.31883163e+01 4.86996155e+01 5.04864388e+01
  5.19090729e+01 4.51051025e+01]
 [6.49286032e-01 1.00745189e+00 1.17189443e+00 4.82975435e+00
  5.32378054e+00 6.03109264e+00 1.22658911e+01 8.09246826e+00
  1.49135818e+01 1.32369461e+01 1.30631104e+01 1.91082401e+01
  2.28879642e+01 1.92890720e+01 2.88099785e+01 2.94410477e+01
  3.62559967e+01 3.21258240e+01 4.31994171e+01 4.87511368e+01
  4.40721474e+01 4.92517319e+01 5.19873199e+01 6.33496323e+01
  7.53972473e+01 7.02993698e+01 8.95125122e+01 7.20057755e+01
  7.45388412e+01 1.09109642e+02]
 [1.60814071e+00 2.09729028e+00 2.06735444e+00 4.86969614e+00
  5.59603214e+00 1.15205603e+01 1.09231482e+01 1.20878325e+01
  1.33470335e+01 1.58802967e+01 1.97065296e+01 2.28849220e+01
  2.61735325e+01 4.40145760e+01 4.07447052e+01 4.43190918e+01
  3.63271065e+01 4.50118752e+01 6.57912445e+01 6.30723190e+01
  7.24409943e+01 8.67665558e+01 8.53965149e+01 9.45800171e+01
  1.27875633e+02 9.30657349e+01 1.18211769e+02 1.38088730e+02
  1.50154984e+02 1.23883522e+02]
 [1.00786054e+00 3.15290523e+00 5.59407043e+00 5.04322195e+00
  8.17847824e+00 1.35370569e+01 1.33184395e+01 1.56808414e+01
  1.76891861e+01 2.46296234e+01 3.87085114e+01 3.30221481e+01
  6.66832123e+01 6.94424667e+01 4.73962440e+01 6.74232788e+01
  7.62856522e+01 1.15347198e+02 8.13496399e+01 9.92636337e+01
  1.09474648e+02 1.33218292e+02 1.13122482e+02 1.26192703e+02
  1.47762512e+02 1.52831650e+02 1.56670044e+02 1.65798706e+02
  2.01812347e+02 1.88392883e+02]]
test_losses: [[6.27456529e-02 2.88435022e-02 2.23786717e-02 2.98914131e-02
  4.65614905e-02 4.41026176e-02 8.72430660e-02 1.07166401e-01
  1.41113389e-01 1.67294408e-01 1.99151922e-01 2.37956125e-01
  3.72777519e-01 3.13970345e-01 4.37545310e-01 4.81221254e-01
  4.95826249e-01 7.33052968e-01 6.18418310e-01 7.61139975e-01
  8.44220550e-01 9.05675955e-01 9.48129077e-01 1.06410147e+00
  1.27790741e+00 1.24796978e+00 1.41531378e+00 1.59122997e+00
  1.55631420e+00 1.73855529e+00]
 [4.55400364e-02 2.18032153e-02 2.03707896e-02 2.68452711e-02
  5.24534064e-02 6.06704601e-02 8.67676861e-02 1.02217749e-01
  1.39374572e-01 2.20105099e-01 2.45901429e-01 3.42133298e-01
  3.44465010e-01 4.36464197e-01 4.45138790e-01 5.32052870e-01
  6.57420525e-01 6.39867332e-01 7.48676264e-01 8.68150256e-01
  9.75726980e-01 1.03537989e+00 1.14061655e+00 1.13590341e+00
  1.25518647e+00 1.43769472e+00 1.55078054e+00 1.49405356e+00
  1.78321170e+00 1.92372293e+00]
 [3.09623342e-02 1.05203614e-02 1.75063163e-02 3.37777298e-02
  4.54898699e-02 7.03548922e-02 9.93276155e-02 1.46239063e-01
  1.40911919e-01 2.01494047e-01 2.66706570e-01 3.22605404e-01
  4.32576308e-01 5.18234478e-01 5.01585605e-01 5.69214754e-01
  6.65654354e-01 8.37968396e-01 8.87751750e-01 9.91968536e-01
  1.15029640e+00 1.16083346e+00 1.28297388e+00 1.65023679e+00
  1.62928013e+00 1.58222921e+00 1.72632862e+00 1.78952709e+00
  1.93066504e+00 2.02949139e+00]
 [2.15101000e-02 1.19163159e-02 1.85636743e-02 3.56972697e-02
  5.18096222e-02 7.52940328e-02 1.32450039e-01 1.24482968e-01
  1.66779843e-01 2.76804226e-01 2.82058273e-01 3.37481536e-01
  3.96372179e-01 5.83138052e-01 6.06436365e-01 5.85897355e-01
  7.74085316e-01 8.78849201e-01 8.83997598e-01 1.05324512e+00
  1.15758399e+00 1.19180612e+00 1.32875663e+00 1.62276518e+00
  1.47813401e+00 1.65783846e+00 1.73686813e+00 2.16855979e+00
  2.16421699e+00 2.77534980e+00]
 [2.40751316e-02 1.55763448e-02 3.61221307e-02 2.86039336e-02
  5.71783656e-02 8.86790464e-02 1.18632455e-01 1.79413705e-01
  2.35521151e-01 2.62009861e-01 2.96413413e-01 4.03606412e-01
  4.98106055e-01 5.23549362e-01 6.03626896e-01 7.00798672e-01
  8.39964851e-01 9.51312305e-01 9.77659955e-01 1.11450630e+00
  1.18369910e+00 1.52563713e+00 1.59726436e+00 1.80169637e+00
  1.89947251e+00 1.68766780e+00 2.29814300e+00 2.12874548e+00
  2.44771749e+00 2.60279959e+00]
 [1.33126040e-02 1.07320190e-02 2.54169893e-02 5.22924214e-02
  7.10292949e-02 8.00354061e-02 1.28941540e-01 1.79729975e-01
  2.39386236e-01 3.28090656e-01 4.01662968e-01 4.82611171e-01
  5.19030496e-01 5.63874799e-01 6.74550171e-01 7.53305152e-01
  8.88295913e-01 9.59499391e-01 1.17910793e+00 1.37246788e+00
  1.53119603e+00 1.36796863e+00 1.59017207e+00 2.18411245e+00
  1.94398294e+00 1.98154038e+00 2.32191501e+00 2.39340365e+00
  2.93952013e+00 2.87348380e+00]
 [1.15946201e-02 1.29599422e-02 4.36617884e-02 4.32187593e-02
  9.04171247e-02 1.16254092e-01 1.79240712e-01 1.80282821e-01
  2.99317601e-01 3.55072147e-01 3.56684856e-01 5.89624400e-01
  6.02756655e-01 8.02738196e-01 7.73602866e-01 7.86392564e-01
  8.99113261e-01 1.23746018e+00 1.37687141e+00 1.57072259e+00
  1.46719597e+00 1.45994743e+00 1.83407876e+00 2.15693871e+00
  2.37805291e+00 2.59407496e+00 2.53735106e+00 2.97136979e+00
  3.03726252e+00 3.56996987e+00]
 [1.00737789e-02 1.46125889e-02 3.55498491e-02 4.57518948e-02
  8.99597602e-02 1.38170756e-01 1.84254885e-01 2.54534994e-01
  3.12406802e-01 3.27645606e-01 4.85047931e-01 6.39849388e-01
  6.64103584e-01 8.10376440e-01 7.58164731e-01 1.03222066e+00
  1.12809549e+00 1.31263427e+00 1.67923550e+00 1.71407151e+00
  1.93832884e+00 1.94996851e+00 1.98164456e+00 2.28372675e+00
  2.76256989e+00 2.85397367e+00 3.07497255e+00 3.18568454e+00
  3.61265744e+00 3.27165891e+00]
 [1.01711571e-02 2.03965644e-02 2.42458267e-02 5.34486400e-02
  9.11587486e-02 1.40598277e-01 2.35589501e-01 2.76913947e-01
  3.55640490e-01 4.20018251e-01 6.06202733e-01 6.38499078e-01
  7.77649767e-01 8.13071557e-01 1.22294595e+00 1.26497271e+00
  1.16566894e+00 1.31166211e+00 1.59046539e+00 1.65399642e+00
  1.86061074e+00 2.38191614e+00 2.37088282e+00 2.58721309e+00
  2.95255726e+00 2.87980702e+00 3.39246849e+00 3.83650251e+00
  3.54537650e+00 4.84112029e+00]
 [1.20417677e-02 1.90525268e-02 3.80947435e-02 7.68716624e-02
  1.33541972e-01 1.71732172e-01 2.02636394e-01 2.91720118e-01
  3.73998198e-01 4.78506595e-01 5.90279828e-01 6.42145391e-01
  9.80516234e-01 8.81124503e-01 9.67823466e-01 1.31140456e+00
  1.47502636e+00 1.52231064e+00 1.82977828e+00 1.90305394e+00
  2.61201922e+00 2.30921344e+00 2.65572206e+00 2.78517605e+00
  2.81649179e+00 3.29564846e+00 3.70753857e+00 4.55272329e+00
  4.35997086e+00 5.10720778e+00]
 [1.12593319e-02 2.38080164e-02 3.38301652e-02 7.20744425e-02
  1.32095153e-01 1.79139148e-01 2.27899350e-01 3.93095619e-01
  4.70126708e-01 5.83262929e-01 6.67627547e-01 8.47703206e-01
  1.03000866e+00 1.19731311e+00 1.22409076e+00 1.53055073e+00
  1.67006541e+00 1.71942360e+00 2.01991617e+00 2.34388199e+00
  2.50624926e+00 2.73018309e+00 3.36868757e+00 3.16112439e+00
  3.13326368e+00 3.91864325e+00 4.36839387e+00 4.37361476e+00
  4.71235183e+00 4.97334295e+00]
 [1.39352892e-02 2.62073398e-02 8.82226205e-02 1.61478440e-01
  2.12524473e-01 3.15476258e-01 4.25681725e-01 6.30997655e-01
  6.97975031e-01 9.56268442e-01 1.24902585e+00 1.30064326e+00
  1.56757592e+00 2.05294224e+00 1.85465177e+00 1.90586335e+00
  3.39130200e+00 3.25456924e+00 3.26543197e+00 3.50522385e+00
  4.03728995e+00 4.94037468e+00 5.67753195e+00 6.47717999e+00
  6.23989960e+00 6.75753063e+00 7.47316390e+00 7.00101889e+00
  8.30217252e+00 8.98178532e+00]
 [1.65199938e-02 5.34847815e-02 1.24318253e-01 2.50634794e-01
  4.25512973e-01 4.94556502e-01 7.92714886e-01 9.61995099e-01
  1.27899492e+00 1.79897205e+00 2.21411892e+00 2.66061782e+00
  2.96266362e+00 3.06693213e+00 3.75375701e+00 4.09110562e+00
  4.84277037e+00 5.55569939e+00 5.39678438e+00 7.81701885e+00
  7.40220083e+00 8.87370310e+00 9.13187625e+00 1.05112312e+01
  1.15809723e+01 1.21522287e+01 1.32039994e+01 1.43064660e+01
  1.53297138e+01 1.47364263e+01]
 [3.29285168e-02 1.07177862e-01 2.34954930e-01 4.08172364e-01
  6.37800841e-01 9.81664851e-01 1.40335815e+00 1.70051400e+00
  2.26355209e+00 2.68313313e+00 3.20390784e+00 3.94641869e+00
  4.56714961e+00 5.84966215e+00 5.79023260e+00 7.68312751e+00
  8.33294421e+00 9.62948274e+00 1.12269357e+01 1.22602855e+01
  1.31362242e+01 1.26788451e+01 1.51283243e+01 1.77256138e+01
  1.88885191e+01 1.98447261e+01 2.11652108e+01 2.52990960e+01
  2.53190238e+01 2.67574373e+01]
 [4.38357731e-02 1.58569853e-01 3.41871952e-01 6.91128337e-01
  9.98300993e-01 1.58319726e+00 2.07949478e+00 2.57504014e+00
  3.34853826e+00 3.90651769e+00 5.09473632e+00 6.75027458e+00
  6.94220943e+00 9.50715461e+00 1.03398731e+01 1.15961229e+01
  1.35274806e+01 1.53159454e+01 1.60776085e+01 1.66503631e+01
  1.78724751e+01 2.10407210e+01 2.12812368e+01 2.53765362e+01
  2.92968615e+01 3.26863123e+01 3.04345822e+01 3.60924948e+01
  3.44660379e+01 3.93554499e+01]]
