args:  Namespace(attack='fgm', gaussian=False, l2=0, ndim=7)
elapsed time: 6515.494839692
mins: [[3.71518312e-04 4.10704612e-04 2.32869483e-04 3.22940119e-04
  2.01833303e-04 2.75758037e-04 1.97618749e-04 2.25684591e-04
  1.86433506e-04 1.45803089e-04 2.24944495e-04 1.15036542e-04
  1.29596810e-04 1.60029638e-04 1.06953346e-04 1.09276443e-04
  1.13307622e-04 2.17052366e-04 3.91415051e-05 1.57074115e-04
  1.28128595e-04 1.60786716e-04 1.06294079e-04 1.02685255e-04
  7.67027741e-05 5.97643375e-05 1.20221513e-04 5.84681693e-05
  1.31696012e-04 1.71292064e-04]
 [3.34451121e-04 2.92116543e-04 2.58252374e-04 1.70742103e-04
  1.26480780e-04 1.28972752e-04 1.35482842e-04 4.88265032e-05
  6.85736886e-05 6.44901156e-05 1.17138166e-04 9.71688132e-05
  1.09371475e-04 3.30166331e-05 7.80108821e-05 7.60970288e-05
  6.63449537e-05 7.29890089e-05 9.72593189e-05 9.81677749e-06
  3.08805938e-05 7.02119214e-05 5.52794518e-05 5.96555219e-05
  4.76114001e-05 6.84875567e-06 5.54585349e-05 3.51867493e-05
  2.10855978e-05 1.94289914e-05]
 [2.87020550e-04 8.48158816e-05 1.86220263e-04 1.38518590e-04
  1.40914417e-04 1.02713071e-04 6.37725898e-05 1.37100898e-04
  6.30553259e-05 8.47039992e-05 6.76080963e-05 1.39954718e-04
  4.08902488e-05 2.94749061e-05 5.67840325e-05 6.45740438e-05
  4.24330210e-05 5.51731428e-05 2.75210641e-05 3.46949528e-05
  4.44910984e-05 1.37868055e-05 5.04165509e-05 4.45353762e-05
  3.79032354e-05 2.17736651e-05 1.72568816e-05 3.38991413e-05
  4.15963732e-05 2.55949253e-05]
 [2.76611536e-04 1.67123639e-04 1.45034646e-04 1.05966690e-04
  8.43071321e-05 2.38200693e-04 7.46508813e-05 6.38985439e-05
  6.58131830e-05 7.03862097e-05 3.80856873e-05 5.26143158e-05
  3.42360327e-05 3.32912459e-05 3.87597538e-05 3.97685544e-05
  4.50581465e-05 2.26220691e-05 1.17230284e-05 1.43876077e-05
  4.86353638e-05 2.75653620e-05 4.72651591e-05 2.55368923e-05
  3.33568714e-05 2.60235138e-05 5.12548904e-05 3.29653340e-05
  2.40822137e-05 2.75823659e-05]
 [5.44354785e-04 3.85321677e-04 1.61503849e-04 2.00520008e-04
  7.57708549e-05 1.82112344e-04 7.90039630e-05 1.06799227e-04
  6.63656901e-05 9.50460671e-05 4.48972969e-05 5.14860840e-05
  6.67894710e-05 5.42083981e-05 5.05019198e-05 4.50539119e-05
  4.90978746e-05 5.12968654e-05 5.22973423e-05 6.03608787e-05
  3.99087839e-05 3.59107034e-05 4.69455590e-05 3.90905043e-05
  4.75464767e-05 3.71895840e-05 3.37617130e-05 3.68829642e-05
  3.11308104e-05 2.78514599e-05]
 [3.89372697e-04 2.86729599e-04 2.52485479e-04 8.37502084e-05
  8.83239700e-05 1.54885420e-04 5.20104586e-05 9.98569449e-05
  9.60509788e-05 4.71088060e-05 4.89437480e-05 8.44568276e-05
  3.45973931e-05 7.94692023e-05 7.87111203e-05 3.92321745e-05
  6.84527331e-05 5.06198412e-05 4.02417390e-05 2.29417001e-05
  5.16780601e-05 6.26038818e-05 4.76288224e-05 4.34493049e-05
  2.71128774e-05 1.76303365e-05 3.98914781e-05 1.99097503e-05
  3.47679525e-05 3.44685031e-05]
 [9.10450355e-04 3.34278564e-04 8.35606552e-05 1.66917409e-04
  1.38387011e-04 1.29010281e-04 7.47216473e-05 1.07392247e-04
  8.19727575e-05 5.52511410e-05 6.74967523e-05 1.03587758e-04
  5.72205718e-05 6.32072042e-05 4.99195448e-05 8.28074553e-05
  3.70019843e-05 4.11583678e-05 2.24263313e-05 3.36819830e-05
  4.44786747e-05 4.07076950e-05 3.68390574e-05 4.33791647e-05
  4.55599875e-05 3.75776071e-05 4.62354110e-05 5.08576995e-05
  2.51437632e-05 2.54318329e-05]
 [6.43774052e-04 2.53360951e-04 2.18095331e-04 1.48657185e-04
  2.10914877e-04 1.79432420e-04 3.89497036e-05 8.64459289e-05
  8.58154162e-05 1.32818415e-04 1.16231720e-04 7.04408594e-05
  1.09151166e-04 6.70006484e-05 6.55714684e-05 8.20650603e-05
  4.94724591e-05 7.50217587e-05 5.97475337e-05 3.76438038e-05
  6.73467803e-05 5.58238389e-05 5.27783850e-05 9.06347705e-05
  5.32088998e-05 6.44561733e-05 4.50533626e-05 5.86809037e-05
  5.53062055e-05 5.16981199e-05]]
maxs: [[0.00790143 0.00629267 0.00589194 0.00603636 0.0054133  0.00575949
  0.00476098 0.00445492 0.00575008 0.00501769 0.00370619 0.0040373
  0.00414375 0.00472769 0.00356346 0.00462889 0.00372001 0.00401282
  0.00363719 0.00329559 0.00377904 0.00384925 0.0035259  0.00356631
  0.00378506 0.00298974 0.00334269 0.00434589 0.00312734 0.00303276]
 [0.0069237  0.00832607 0.00576719 0.00486456 0.00490196 0.00482583
  0.00446263 0.00415011 0.00375137 0.0042821  0.00336927 0.00349281
  0.00334129 0.00377489 0.00261025 0.00490169 0.00273408 0.00348942
  0.00279968 0.00382699 0.00473652 0.00468339 0.00386929 0.0038543
  0.00333879 0.00534055 0.00552783 0.0041106  0.00393307 0.00423221]
 [0.01535049 0.01066755 0.00673594 0.00515293 0.00493363 0.00553563
  0.00453274 0.00421645 0.00301139 0.00291075 0.00408128 0.0019362
  0.00230322 0.0028587  0.0018986  0.00260917 0.00395512 0.00160015
  0.00422731 0.00151293 0.00208543 0.00120121 0.00128015 0.00118557
  0.00123686 0.00103502 0.00095777 0.00106696 0.00090824 0.00083608]
 [0.01450309 0.00824325 0.00631217 0.00602919 0.00419521 0.00452078
  0.00332892 0.00316402 0.00284945 0.00278019 0.00251236 0.00204101
  0.00270507 0.00185978 0.00169642 0.00168571 0.0025028  0.00131915
  0.00137919 0.00114719 0.00124731 0.00098176 0.00114462 0.00106941
  0.00139657 0.00131835 0.00117672 0.0009895  0.00105087 0.00100754]
 [0.02092428 0.01146505 0.00777621 0.00892275 0.00476288 0.00395986
  0.00467331 0.00297199 0.00239416 0.00287879 0.00207906 0.00264848
  0.0025568  0.00217181 0.00148371 0.00171997 0.00150981 0.00153039
  0.00127028 0.00124021 0.00159081 0.00121121 0.00100187 0.001246
  0.00126404 0.00116047 0.0010523  0.00083971 0.0011045  0.00118752]
 [0.01903249 0.01157118 0.00763809 0.00571038 0.00434513 0.00436347
  0.0042089  0.00278791 0.00298244 0.00310312 0.00192672 0.00207929
  0.00221864 0.00170076 0.00192856 0.00158764 0.00138799 0.00141643
  0.00113926 0.00148542 0.00154901 0.00105698 0.00112282 0.00104892
  0.0009195  0.00117343 0.00110926 0.00099569 0.00076361 0.00080652]
 [0.021011   0.01165166 0.00729119 0.00652735 0.00516931 0.00348344
  0.00301686 0.00252047 0.00257727 0.00225993 0.00252562 0.0021212
  0.00203983 0.00137966 0.00177917 0.00146344 0.0014362  0.00143872
  0.00118432 0.00150404 0.00126038 0.00100399 0.00081351 0.00090778
  0.00108843 0.0008661  0.00099128 0.00136515 0.00089571 0.00084698]
 [0.04575155 0.0163617  0.00795949 0.00729942 0.00478343 0.00490738
  0.00441468 0.00334383 0.00238579 0.00275427 0.00231978 0.00241666
  0.00190182 0.00199628 0.00207439 0.00117717 0.00122841 0.00135411
  0.00120896 0.00111286 0.00109426 0.00121368 0.00126994 0.00118775
  0.0008942  0.00112499 0.00093361 0.0008492  0.00097034 0.00076545]]
test_losses: [[0.00303014 0.00269963 0.00242433 0.00222425 0.00212934 0.00193734
  0.00167433 0.00173019 0.00159357 0.00153442 0.00140411 0.00139605
  0.00137328 0.00136488 0.00135135 0.00126438 0.00130997 0.00129002
  0.00129999 0.00121459 0.00126598 0.00121568 0.00122231 0.00114145
  0.00120005 0.00110509 0.00109108 0.00115228 0.00113739 0.00105001]
 [0.00267382 0.00245039 0.00206696 0.00192237 0.00169461 0.00149261
  0.00136836 0.00136604 0.0012282  0.00112781 0.00106965 0.0010341
  0.00094616 0.00089856 0.00088373 0.00094196 0.00084912 0.0008032
  0.00081487 0.00080316 0.00079233 0.00077214 0.00076841 0.00071136
  0.00072456 0.00074132 0.00072928 0.00065447 0.00064809 0.00062434]
 [0.00360802 0.00221294 0.00163542 0.00157861 0.00138825 0.00127263
  0.00104751 0.00098523 0.00081149 0.00076029 0.00073391 0.00064167
  0.00057869 0.00058111 0.00057046 0.00056029 0.00047786 0.00046173
  0.00046352 0.00041043 0.0004065  0.00036117 0.00036968 0.00037167
  0.00033311 0.00032973 0.000304   0.00030472 0.00028451 0.00027966]
 [0.0046042  0.00241014 0.0017775  0.00151404 0.00135014 0.00122991
  0.00101022 0.00090141 0.00089634 0.00081641 0.00073355 0.00064768
  0.00065875 0.00058992 0.00055477 0.00049616 0.00048047 0.00043401
  0.00040458 0.00041042 0.00038422 0.00034641 0.00035185 0.00033221
  0.00033682 0.00031112 0.00030383 0.00028035 0.00025793 0.00027712]
 [0.00657257 0.00348673 0.00230384 0.00184326 0.00150491 0.00116007
  0.001121   0.00098416 0.0008159  0.00074676 0.00073094 0.0006372
  0.00060345 0.00057133 0.00050221 0.00049287 0.000487   0.0004516
  0.0004048  0.0003738  0.00039454 0.00038046 0.00034187 0.000333
  0.0003166  0.00030385 0.00030098 0.0003122  0.00028819 0.0002623 ]
 [0.00661133 0.00332474 0.0023911  0.00171914 0.00149467 0.00127202
  0.00107046 0.00094901 0.00083383 0.00076113 0.00068502 0.00064612
  0.00057487 0.00054283 0.00048857 0.00045146 0.00045707 0.00043589
  0.0003863  0.00037454 0.00038522 0.00033359 0.00034037 0.00032632
  0.00032301 0.00030208 0.00028434 0.00027923 0.00026393 0.00025321]
 [0.00677782 0.00355865 0.00239076 0.00193195 0.00134259 0.00111623
  0.00102857 0.00084973 0.00081329 0.00075528 0.00065811 0.00063389
  0.00056154 0.00051502 0.0004964  0.00044745 0.0004453  0.00042668
  0.00037724 0.00037984 0.00034488 0.00033425 0.00032287 0.00031228
  0.00030234 0.00029205 0.00029352 0.00027311 0.00025504 0.00025388]
 [0.00725517 0.00347925 0.00222085 0.0016276  0.00145385 0.00120318
  0.00101734 0.00084011 0.000753   0.00070056 0.00062746 0.0006174
  0.00057466 0.00055014 0.00050076 0.00046448 0.00043945 0.00041969
  0.00040669 0.00037619 0.00037927 0.0003508  0.00036223 0.00033208
  0.00032268 0.00030152 0.00029525 0.00029552 0.00026853 0.00028025]]
