args:  Namespace(attack='fgm', gaussian=True, l2=0, ndim=5)
elapsed time: 10918.014298423
mins: [[1.97857153e-03 1.17340940e-03 1.14377122e-03 6.25614659e-04
  1.06956076e-03 4.48845851e-04 2.16020667e-03 1.18194346e-03
  3.88805114e-04 3.53655923e-04 4.97799017e-04 6.09131297e-04
  6.03477005e-04 1.64797049e-04 1.06843254e-04 2.67517433e-04
  2.18694651e-04 2.20246133e-04 3.41311592e-04 2.84832349e-04
  1.95829751e-04 1.78430011e-04 2.22812625e-04 8.17656328e-05
  1.93578933e-04 1.11602414e-04 1.24271581e-04 7.78969916e-05
  2.83006120e-05 1.53885165e-04]
 [2.00373284e-03 1.24769774e-03 5.61525463e-04 7.23364647e-04
  1.24323624e-03 7.23269826e-04 1.88561433e-04 9.90148750e-04
  5.12369268e-04 6.43178239e-04 2.71543569e-04 5.07595192e-04
  3.03509529e-04 3.49799840e-04 9.65456566e-05 3.50000686e-04
  2.40414811e-04 1.96326175e-04 7.54596258e-05 7.71384002e-05
  2.89385469e-04 1.49667540e-04 1.71191583e-04 6.53597453e-05
  4.05427490e-05 1.53543937e-04 8.47039992e-05 1.43995523e-04
  1.40305667e-04 9.46019281e-05]
 [1.94921449e-03 2.93184479e-04 1.44051702e-03 1.73986668e-03
  1.23492954e-03 6.46538334e-04 2.04262178e-04 7.97431450e-04
  4.68148064e-04 5.55562321e-04 2.83262721e-04 1.24829021e-04
  2.50203506e-04 2.37422108e-04 2.57724663e-04 2.42100141e-04
  2.64934497e-04 2.93252757e-04 1.78743634e-04 1.70594081e-04
  7.21923061e-05 6.08793125e-05 1.04299143e-04 1.81981144e-04
  5.29606696e-05 1.44980702e-04 1.56978989e-04 1.98953523e-04
  1.82779841e-04 1.77515845e-04]
 [2.93824403e-03 1.16413890e-03 2.17853044e-03 9.45818494e-04
  1.61219714e-03 4.82655392e-04 5.04276948e-04 3.29758623e-04
  4.22163866e-04 5.75663289e-04 7.42990000e-04 1.72676868e-04
  5.12351515e-04 1.85578145e-04 4.24932572e-04 1.73671026e-04
  2.15890293e-04 3.79576348e-04 1.86246412e-04 1.61513599e-04
  1.13219430e-04 1.48312974e-04 6.72226888e-05 1.52400811e-04
  5.14355488e-05 1.05576015e-04 1.18485608e-04 8.52220619e-05
  1.44600344e-04 1.73453896e-04]
 [3.13375983e-03 1.17444259e-03 6.55188283e-04 1.24156813e-03
  8.16927757e-04 1.02660398e-03 4.13297559e-04 2.53278995e-04
  7.71926658e-04 4.88394522e-04 5.50146680e-04 1.15308256e-04
  4.23626858e-04 4.03277227e-04 1.11210735e-04 1.03800703e-04
  3.89299879e-04 2.82881228e-04 1.98646463e-04 2.07337420e-04
  3.06278642e-04 2.08626981e-04 2.62843561e-04 3.26263835e-04
  1.63109857e-04 2.34908934e-04 4.06978324e-05 1.35396680e-04
  6.55907788e-05 2.23157243e-04]
 [3.63240927e-03 1.67884910e-03 1.11530558e-03 2.19500085e-04
  4.95639222e-04 5.23818831e-04 1.87647878e-04 6.93080132e-04
  4.57698858e-04 4.88353719e-04 8.25150753e-04 1.55263857e-04
  2.73297861e-04 1.62069235e-04 2.00561801e-04 2.85205606e-04
  3.36393045e-04 4.23852121e-04 2.69721582e-04 3.43069201e-04
  2.34225256e-04 3.97867785e-04 3.33172909e-04 2.18461675e-04
  2.82396999e-04 3.26132547e-04 1.49311614e-04 1.43921396e-04
  8.14632804e-05 2.29366182e-04]
 [3.07903579e-03 1.57329394e-03 1.35776284e-03 1.36375474e-03
  1.13787246e-03 9.34931624e-04 1.13859354e-03 4.88956110e-04
  3.92341899e-04 3.98339034e-04 4.93011670e-04 6.43789186e-04
  4.80685878e-04 5.07135119e-04 7.82780291e-04 6.59704965e-04
  4.22521669e-04 1.59484931e-04 2.22871007e-04 3.14955687e-04
  3.21082276e-04 3.30596115e-04 4.29828127e-04 3.97254276e-04
  4.84419608e-04 3.32509604e-04 5.82456531e-04 7.04721140e-04
  2.75561993e-04 8.76362028e-05]
 [4.70835343e-03 2.69763288e-03 1.07443822e-03 1.00373651e-03
  4.51720960e-04 7.33798603e-04 1.23349810e-03 6.91496418e-04
  5.52450190e-04 4.76708257e-04 8.70212389e-04 5.04715776e-04
  1.50993117e-04 1.97829795e-04 1.83986034e-04 5.17659297e-04
  2.50790355e-04 6.55845623e-04 5.78599283e-04 8.04138836e-04
  7.39782001e-04 6.91241701e-04 2.81565153e-04 3.46027402e-04
  4.39551804e-04 1.16576720e-03 5.25077980e-04 1.34530739e-04
  9.09603259e-04 6.19753031e-04]
 [6.44829683e-03 3.33590782e-03 2.36353790e-03 8.79486557e-04
  1.47134368e-03 5.01799281e-04 6.88428408e-04 6.49481954e-04
  6.57729805e-04 9.05747642e-04 5.83462999e-04 3.78394499e-04
  1.09721266e-03 8.16994405e-04 3.47660825e-04 2.58332875e-04
  8.62590910e-04 3.67711793e-04 1.13038754e-03 8.19267880e-05
  8.10423167e-04 6.69505622e-04 3.06519301e-04 7.41313910e-04
  1.02411851e-03 1.31654576e-03 4.30529268e-04 8.51726858e-04
  1.12945144e-03 5.03268850e-04]
 [6.22851588e-03 4.13479051e-03 1.10431993e-03 1.57108798e-03
  9.60948819e-04 6.80869271e-04 1.24564406e-03 1.25115027e-03
  4.70072380e-04 8.68259871e-04 1.76047126e-03 3.88693821e-04
  1.00633176e-03 1.21133972e-03 7.32681656e-04 1.41375640e-04
  5.59259439e-04 1.27856003e-03 1.20425900e-03 6.85085484e-04
  1.43417669e-03 1.42343412e-03 1.12218817e-03 1.69170857e-03
  2.18775426e-03 1.33748667e-03 1.05890364e-03 5.87434857e-04
  1.44860684e-03 1.46658835e-03]
 [5.05269691e-03 1.66722608e-03 2.12139543e-03 8.46341252e-04
  1.59774360e-03 4.10981214e-04 1.24015566e-03 5.71653887e-04
  1.42383901e-03 1.96342985e-03 1.18692219e-03 4.58921189e-04
  1.13253435e-03 1.30031782e-03 1.02702330e-03 9.41518520e-04
  2.08142377e-03 1.39307335e-03 1.07186136e-03 1.18414720e-03
  5.50999073e-04 2.64794310e-03 2.26945127e-03 1.84375618e-03
  1.77450955e-03 1.09070202e-03 2.74727424e-03 1.03470450e-03
  2.03439570e-03 1.47768308e-03]
 [4.75565391e-03 3.77011416e-03 1.69343303e-03 2.44541117e-03
  3.58356559e-03 2.20891042e-03 2.77711055e-03 1.23315339e-03
  1.62650470e-03 4.76239529e-03 5.25484513e-03 5.57355117e-03
  8.20536353e-03 9.08840634e-03 6.60510315e-03 1.05713988e-02
  9.85291041e-03 6.93201227e-03 1.03597566e-02 1.24335065e-02
  7.57775782e-03 1.02564879e-02 9.50931758e-03 1.08792316e-02
  1.12786051e-02 9.52551048e-03 1.02247307e-02 1.18093314e-02
  1.04524577e-02 1.38234636e-02]
 [9.73644014e-03 8.30541831e-03 7.84108136e-03 9.77080222e-03
  2.07147584e-03 7.07898661e-03 8.92503466e-03 1.76366828e-02
  1.23580610e-02 1.48689058e-02 2.17080936e-02 1.74175911e-02
  2.10429784e-02 2.10032724e-02 2.08949000e-02 2.20508687e-02
  2.09670179e-02 1.98269170e-02 2.15853862e-02 2.30450016e-02
  2.42705662e-02 2.41355244e-02 2.10575871e-02 2.65981201e-02
  1.91955678e-02 2.37575714e-02 2.61631515e-02 2.47626640e-02
  2.84779016e-02 2.82467194e-02]
 [1.54171176e-02 1.19368983e-02 2.05111951e-02 1.15824817e-02
  1.36529477e-02 2.37968061e-02 1.76413842e-02 2.36959290e-02
  2.46581212e-02 2.20593214e-02 2.34115701e-02 2.77448222e-02
  3.05360369e-02 2.84499042e-02 2.75578592e-02 3.11336406e-02
  3.04731801e-02 3.60186212e-02 2.64228862e-02 3.38607542e-02
  3.10158581e-02 3.49711403e-02 2.76585557e-02 3.39785591e-02
  3.06508783e-02 3.60003710e-02 2.87430305e-02 3.37387808e-02
  3.08540147e-02 3.68066803e-02]
 [5.30959666e-03 2.59160474e-02 1.69763528e-02 2.49558631e-02
  2.76158098e-02 2.60205418e-02 2.28797644e-02 3.34169418e-02
  3.35545428e-02 2.92217825e-02 3.85587811e-02 3.67142074e-02
  3.68374884e-02 3.87568660e-02 3.74124236e-02 4.01811153e-02
  3.40140983e-02 4.26517390e-02 4.25317436e-02 3.82226594e-02
  4.38809283e-02 4.23076153e-02 3.83251272e-02 4.63117845e-02
  4.69426438e-02 3.49029750e-02 4.21578512e-02 4.56071943e-02
  4.61072288e-02 4.55791838e-02]]
maxs: [[0.45357469 0.4943634  0.54975134 0.72173387 2.92555857 1.05778122
  0.77491921 0.30906832 0.33356041 0.1669516  0.15423194 0.0352153
  0.04063446 0.05499036 0.03113949 0.02547893 0.03761455 0.0167888
  0.01647093 0.01989686 0.01451777 0.01882054 0.01677436 0.01532572
  0.01253397 0.00816235 0.01175014 0.01088045 0.00846017 0.00930425]
 [0.11860538 0.17479914 0.29041317 0.6332832  0.46726128 0.58349168
  0.21319269 0.10819645 0.17240979 0.09634845 0.04083614 0.06177446
  0.04284647 0.03130158 0.02316359 0.03776895 0.02185774 0.02115803
  0.01474028 0.01899853 0.01397499 0.01523284 0.012414   0.0105632
  0.00852747 0.01036802 0.01304956 0.00969951 0.008058   0.01020095]
 [0.08375416 0.1911585  0.26768041 0.25662595 0.20740926 0.15616371
  0.07435042 0.07939745 0.04986741 0.05215577 0.03535006 0.04088039
  0.02839153 0.04076757 0.02520364 0.03033894 0.01791522 0.01912585
  0.01304273 0.01546234 0.01396549 0.01539215 0.01621994 0.01083642
  0.01478285 0.01514142 0.01067291 0.01225277 0.00863596 0.00793306]
 [0.08833902 0.1605936  0.21429302 0.17803644 0.10115893 0.08181851
  0.11024917 0.11792248 0.05726419 0.04819712 0.04017998 0.02846313
  0.04686157 0.03956594 0.03153937 0.01822884 0.03600543 0.02293915
  0.01876355 0.01515502 0.01828599 0.01464655 0.01528299 0.01759459
  0.01147095 0.01767643 0.01811991 0.01324147 0.01565579 0.01133473]
 [0.09007942 0.16791569 0.11775663 0.14037    0.11898138 0.07444231
  0.06182899 0.06673537 0.04744494 0.03982382 0.04325557 0.03057637
  0.02669062 0.03523751 0.02571011 0.03003794 0.01802741 0.02001058
  0.04229399 0.02221744 0.0196762  0.030975   0.02313884 0.01889065
  0.01175462 0.01524081 0.01339711 0.01381956 0.01175645 0.01429007]
 [0.14390916 0.14025196 0.12129032 0.07751006 0.08886325 0.074357
  0.04323947 0.06290475 0.05180414 0.03693562 0.03779428 0.03360486
  0.03307332 0.03288465 0.03196711 0.03622415 0.03588583 0.02574366
  0.02938133 0.0267582  0.03291964 0.02324856 0.02996437 0.02125917
  0.02581814 0.0286451  0.01978274 0.0185164  0.02636228 0.01948061]
 [0.12542512 0.09376322 0.11098614 0.0708385  0.07704067 0.06618484
  0.05640516 0.05150611 0.05761542 0.04091548 0.04658407 0.03992284
  0.03847115 0.04023089 0.0384603  0.03414917 0.039236   0.03132765
  0.03088497 0.03686697 0.03746682 0.04075132 0.03385734 0.02897904
  0.03370155 0.0383309  0.03879211 0.02409341 0.02521314 0.03895818]
 [0.10355841 0.07297891 0.08262842 0.0650461  0.0669487  0.05479484
  0.04986294 0.04978314 0.04730587 0.04426073 0.04825056 0.03920735
  0.04804287 0.04419919 0.03857534 0.0437226  0.03759081 0.03838606
  0.04324325 0.04060831 0.03930834 0.03522523 0.03421456 0.04269133
  0.03691543 0.03441599 0.03659381 0.03402371 0.03099814 0.03399803]
 [0.09897984 0.08185764 0.06116123 0.06612393 0.06171338 0.05296223
  0.05063568 0.05360769 0.05159238 0.04773753 0.03956436 0.04556285
  0.0404886  0.04710087 0.04044395 0.04008378 0.04565729 0.04444407
  0.04051309 0.0426609  0.03969556 0.04395165 0.04074758 0.04006021
  0.03792118 0.03371366 0.03838334 0.04251637 0.04123012 0.03429062]
 [0.15433902 0.07006149 0.07911917 0.06406454 0.05783483 0.05655675
  0.05021824 0.04651829 0.04793297 0.04935835 0.04851789 0.04150271
  0.04455113 0.04554744 0.04482336 0.04770229 0.04830059 0.04538012
  0.04496338 0.04453067 0.04374607 0.04228915 0.0410503  0.04072214
  0.04451397 0.03952168 0.0398355  0.0384849  0.0405058  0.04235594]
 [0.07408608 0.07229009 0.06224171 0.05697099 0.0508836  0.05207562
  0.0501575  0.05026775 0.04667296 0.04943205 0.04977683 0.04918493
  0.0466027  0.04825023 0.04964722 0.04919914 0.04494869 0.04175051
  0.04728816 0.04687824 0.04268335 0.04477339 0.04325994 0.04188175
  0.0475445  0.04756854 0.04135047 0.04401529 0.04048412 0.04215147]
 [0.06742637 0.06040173 0.05746236 0.05861051 0.05239157 0.05014957
  0.05108877 0.05006043 0.0506819  0.050367   0.05146522 0.05018003
  0.05025096 0.05037314 0.04913044 0.04968074 0.0502566  0.04971799
  0.04995927 0.04918566 0.05015327 0.04916931 0.05018567 0.04979861
  0.0502846  0.04944101 0.04962285 0.04913914 0.04996119 0.04919808]
 [0.06139877 0.05330072 0.05647833 0.05183451 0.0507319  0.05077862
  0.05132152 0.05050854 0.05043703 0.05185134 0.05057839 0.05065449
  0.05073804 0.0505705  0.05055937 0.0506577  0.05057508 0.05121965
  0.05073283 0.05085817 0.05079741 0.05052707 0.05041645 0.05060652
  0.05073266 0.05054145 0.05044505 0.05017424 0.05061756 0.05044592]
 [0.05831172 0.05469317 0.05129335 0.05100805 0.05157835 0.05252545
  0.05091003 0.05081536 0.05081347 0.05129777 0.05089973 0.05096503
  0.05085705 0.05103083 0.0513466  0.05079361 0.05083792 0.05071243
  0.05089903 0.05083429 0.05081107 0.05073896 0.05063038 0.05086981
  0.05118198 0.05082    0.05106602 0.05103164 0.0516928  0.05133289]
 [0.05394495 0.05221726 0.05109936 0.05084192 0.05094442 0.05101209
  0.05072663 0.05085706 0.05103953 0.05068189 0.0508899  0.0509344
  0.05107373 0.05102765 0.05088498 0.05100207 0.05140818 0.0508353
  0.05092848 0.0516478  0.05124685 0.05166047 0.05102639 0.0510384
  0.05326489 0.05158062 0.05063327 0.05078743 0.05088151 0.05112941]]
test_losses: [[0.05331198 0.05172294 0.05231996 0.06131372 0.13829611 0.05281146
  0.03795591 0.02092029 0.01508938 0.01331304 0.011079   0.00704721
  0.00752225 0.00664045 0.0052644  0.00461931 0.00455362 0.00390986
  0.00384248 0.00358261 0.0032018  0.00312265 0.00293957 0.0027833
  0.00282073 0.00242519 0.00237969 0.00226111 0.00202725 0.00202148]
 [0.04645842 0.04167165 0.03636248 0.05710584 0.05956484 0.03536361
  0.02417975 0.01697794 0.01431041 0.01150644 0.00759588 0.00760048
  0.00677488 0.00539943 0.00496653 0.00479228 0.00436344 0.00384381
  0.0036747  0.00339509 0.00314656 0.00293665 0.00272413 0.00265825
  0.00242654 0.00231931 0.00219176 0.00221097 0.00201504 0.00195643]
 [0.04352572 0.03753692 0.03801266 0.04273074 0.0340771  0.02493452
  0.01757221 0.01519811 0.01058372 0.00872647 0.0073318  0.00691111
  0.00618268 0.00597039 0.0051548  0.00502138 0.00426522 0.00401965
  0.00354049 0.00349311 0.0030672  0.00304843 0.00289772 0.00278651
  0.00264107 0.00257828 0.00219036 0.00224289 0.00222563 0.00207803]
 [0.04458514 0.0379824  0.03856196 0.03540574 0.02782072 0.02050278
  0.01716081 0.01307861 0.01033606 0.00946822 0.00738854 0.0066857
  0.00602592 0.00567336 0.00518678 0.00468855 0.00459216 0.00429898
  0.00379696 0.00355705 0.00372145 0.00342913 0.00300816 0.00310117
  0.00287121 0.00304555 0.0027276  0.00272207 0.00265366 0.0025596 ]
 [0.04263475 0.03786132 0.0327758  0.02935127 0.02324243 0.0180835
  0.0133199  0.01194728 0.01031861 0.00945374 0.00767318 0.00684258
  0.00734154 0.00609279 0.00569296 0.00522166 0.0046671  0.00459936
  0.00478088 0.00447227 0.00416543 0.00424041 0.00375338 0.00380337
  0.00354341 0.00322396 0.00337917 0.00311884 0.00318004 0.00298383]
 [0.04145108 0.04014107 0.0308702  0.02650712 0.02238397 0.01669306
  0.01365975 0.01285427 0.0112968  0.00909032 0.0089082  0.00822175
  0.00789467 0.00755871 0.00683999 0.00639296 0.00618833 0.00551223
  0.00526517 0.00546159 0.00520487 0.00498867 0.00487355 0.00437034
  0.00434695 0.00444284 0.00401348 0.00415907 0.00399851 0.00377718]
 [0.0441954  0.0376692  0.03094655 0.02614245 0.02131713 0.01886383
  0.01581581 0.01290813 0.01351008 0.01094548 0.00993191 0.00944268
  0.00877668 0.00872531 0.00827035 0.0080293  0.00742139 0.00722391
  0.00675526 0.00671772 0.00685578 0.00644657 0.00610746 0.00606415
  0.00553682 0.00581107 0.00584379 0.0055788  0.00522709 0.00503832]
 [0.04265095 0.03602358 0.02991787 0.02485496 0.02189167 0.01754221
  0.01614019 0.01498734 0.01307346 0.01306191 0.01158414 0.01191456
  0.01142292 0.01101635 0.01033505 0.0101597  0.00984935 0.00940995
  0.0089466  0.00871051 0.00780421 0.00850047 0.00793657 0.0084408
  0.00782871 0.00820051 0.00746197 0.00724665 0.00699581 0.00788274]
 [0.04276519 0.03620247 0.03150712 0.02492652 0.0217642  0.01812225
  0.01793099 0.01660126 0.01542843 0.01482112 0.01395334 0.01371761
  0.01346633 0.01342231 0.01144709 0.01135105 0.01189173 0.01154314
  0.0114297  0.01158462 0.0105343  0.01168269 0.01094047 0.01051763
  0.01060016 0.01041989 0.00981334 0.0102379  0.00964793 0.00987385]
 [0.04344747 0.03582778 0.02912289 0.0257051  0.02411342 0.02253824
  0.01947301 0.01821489 0.01897832 0.01678501 0.01701916 0.01644601
  0.01567298 0.01613454 0.01593461 0.01529466 0.01517614 0.01430053
  0.01448211 0.01471604 0.01447206 0.0148618  0.01522669 0.01542994
  0.01523102 0.01359902 0.01399195 0.01415326 0.01314576 0.01544283]
 [0.04153653 0.0354612  0.02957989 0.02742425 0.02403626 0.02344508
  0.02220873 0.02010285 0.02066599 0.02049211 0.0207568  0.02018918
  0.01893682 0.02005192 0.01891502 0.01843503 0.01882803 0.01907606
  0.01946145 0.01889692 0.01855332 0.01860166 0.01696785 0.01817176
  0.01712097 0.01809343 0.01777768 0.01805419 0.01756411 0.01828145]
 [0.04271219 0.03775509 0.03500297 0.03265137 0.03207493 0.03297643
  0.03310575 0.03311695 0.03214185 0.03263424 0.03276951 0.03218677
  0.03243261 0.03294181 0.03162707 0.03259961 0.03192097 0.03351948
  0.03285663 0.03273498 0.03208597 0.03235344 0.03300743 0.03309726
  0.03211469 0.03248606 0.03294672 0.03267423 0.03287072 0.03232278]
 [0.04241394 0.0404625  0.03969548 0.04036194 0.03994322 0.04028092
  0.04062237 0.04132833 0.04065877 0.04074174 0.04156899 0.04160178
  0.04171887 0.04096531 0.04195134 0.04256733 0.04247818 0.04211213
  0.04272492 0.04185819 0.0421522  0.04252424 0.04328582 0.04275349
  0.04281439 0.0427501  0.04297931 0.04286455 0.04291758 0.04331689]
 [0.04434916 0.04347084 0.04399493 0.04434021 0.04504253 0.04547452
  0.04561983 0.04573675 0.04597016 0.0469419  0.04669078 0.04679519
  0.04743864 0.04736959 0.04718282 0.04728907 0.04761233 0.0483077
  0.04785134 0.04827363 0.04819455 0.0483925  0.04828356 0.04805485
  0.04797165 0.04878598 0.04882125 0.04861751 0.04853266 0.04881439]
 [0.04547483 0.04585046 0.04656703 0.04727971 0.04772489 0.04810874
  0.04797766 0.04862183 0.04880112 0.04883773 0.04904782 0.04926671
  0.04920272 0.04946491 0.04939777 0.04954848 0.0495599  0.04953128
  0.04967115 0.04958843 0.04965412 0.04973987 0.0496867  0.04967495
  0.04981483 0.04973247 0.04969355 0.04983831 0.04982686 0.04974915]]
