args:  Namespace(attack='opt', gaussian=True, l2=0, ndim=1)
test_losses: [[3.44746833e-01 3.22275991e-02 9.25960279e-03 6.75330012e-03
  3.02781335e-03 2.73801730e-03 1.87772707e-03 1.47825847e-03
  1.42700371e-03 1.28793062e-03 9.87787858e-04 9.04493477e-04
  8.69367179e-04 9.30366875e-04 6.85591097e-04 7.33724871e-04
  7.29008114e-04 6.31867102e-04 6.23702940e-04 5.96433275e-04
  5.23904373e-04 5.14195130e-04 4.07057655e-04 4.94214895e-04
  5.25068971e-04 4.03753645e-04 4.01648655e-04 4.27860570e-04
  4.05740893e-04 3.79419381e-04 3.16945912e-04 3.56109864e-04
  3.33913314e-04 3.37733312e-04 3.31610650e-04 3.29403849e-04
  3.19671458e-04 2.92281807e-04 2.55430635e-04 2.59710322e-04
  3.08621406e-04 2.35983053e-04 2.38836376e-04 2.66161076e-04
  2.21070840e-04 2.49932606e-04 2.03920295e-04 2.49294244e-04
  1.71133102e-04 2.52095946e-04]
 [8.06615734e-02 1.16449258e-02 6.58453151e-03 3.76260263e-03
  2.71903028e-03 2.44386604e-03 1.96032670e-03 1.61903682e-03
  1.57230984e-03 1.31305672e-03 1.01185257e-03 1.19256241e-03
  1.00654094e-03 9.48410573e-04 1.00695900e-03 7.97896022e-04
  8.03936704e-04 6.50741470e-04 7.25845891e-04 6.66217477e-04
  6.51882997e-04 6.22279280e-04 5.25523961e-04 5.23696856e-04
  5.62780080e-04 5.10480553e-04 4.14358981e-04 4.96919041e-04
  4.46823382e-04 3.81269874e-04 4.38850359e-04 4.61580808e-04
  3.69571018e-04 3.83221450e-04 3.65713164e-04 3.21586809e-04
  3.05757983e-04 3.46092998e-04 3.57901933e-04 3.42144403e-04
  3.40333173e-04 3.91803803e-04 3.25608504e-04 3.50931518e-04
  2.95692621e-04 2.75532591e-04 3.23434630e-04 2.99790884e-04
  2.98851560e-04 3.15439572e-04]
 [3.74846595e-02 8.92177629e-03 4.62134267e-03 4.65514785e-03
  2.82212192e-03 2.48927487e-03 2.17157940e-03 2.14566810e-03
  1.74047321e-03 1.75016929e-03 1.45462404e-03 1.28059001e-03
  1.11487979e-03 1.17413543e-03 1.35187910e-03 1.21144634e-03
  1.10462627e-03 1.03048346e-03 8.85305538e-04 9.89511921e-04
  1.04774619e-03 8.56758625e-04 8.92711231e-04 8.20086723e-04
  8.07068644e-04 7.09965631e-04 8.21247674e-04 6.73472292e-04
  6.95463476e-04 6.91279846e-04 7.29866231e-04 6.74534859e-04
  6.28494543e-04 6.68817348e-04 7.39083781e-04 6.37862892e-04
  5.87341640e-04 6.23115849e-04 5.53558181e-04 6.23829146e-04
  5.87216457e-04 6.02980955e-04 5.06069170e-04 5.36148188e-04
  5.52135324e-04 5.46073041e-04 4.67319398e-04 4.97029431e-04
  5.42478213e-04 5.42395682e-04]
 [2.16380303e-02 7.54390137e-03 4.68009763e-03 3.89975625e-03
  3.38783316e-03 3.18338911e-03 2.90932553e-03 2.20409826e-03
  2.33936641e-03 2.24796574e-03 1.97643795e-03 2.03044040e-03
  2.04740171e-03 1.69749386e-03 1.90943009e-03 1.59098745e-03
  1.54656644e-03 1.52701041e-03 1.42966719e-03 1.43096143e-03
  1.26761885e-03 1.38949137e-03 1.37610026e-03 1.09718131e-03
  1.31598293e-03 1.30809339e-03 1.12248297e-03 1.19484883e-03
  1.16021701e-03 1.18805881e-03 1.01466141e-03 1.07111913e-03
  1.13871460e-03 9.86850374e-04 1.01378541e-03 1.03032009e-03
  1.07958796e-03 1.10212638e-03 1.01517701e-03 1.03204243e-03
  1.03472049e-03 1.19645691e-03 9.56665061e-04 1.01524557e-03
  9.33532602e-04 1.09661766e-03 9.93240323e-04 9.45441819e-04
  1.13369863e-03 1.05381336e-03]
 [1.63069630e-02 6.36368238e-03 4.48478974e-03 3.94073035e-03
  3.96951134e-03 3.24766286e-03 3.60723907e-03 2.99047264e-03
  2.73489822e-03 2.69503589e-03 2.26813045e-03 2.66585073e-03
  2.48707128e-03 2.33361813e-03 2.47966049e-03 2.18898713e-03
  2.45259401e-03 2.36553521e-03 2.31435381e-03 2.11610440e-03
  2.13871853e-03 1.95017613e-03 2.10738688e-03 2.09686951e-03
  1.86849596e-03 2.08532106e-03 1.65333476e-03 1.73194918e-03
  1.90130684e-03 1.88620024e-03 1.85232040e-03 1.82756658e-03
  1.74897300e-03 1.84672504e-03 1.81021352e-03 1.78660395e-03
  1.85851846e-03 1.53117983e-03 1.69655546e-03 1.67795931e-03
  1.70817332e-03 1.76967649e-03 1.69209380e-03 1.75073299e-03
  1.72056111e-03 1.79876100e-03 1.78849746e-03 1.79648388e-03
  1.82613545e-03 1.74070632e-03]
 [1.13091555e-02 6.24054569e-03 4.93524567e-03 4.82197651e-03
  4.35362405e-03 4.51222204e-03 4.46047016e-03 3.96741113e-03
  3.63147148e-03 3.76860058e-03 3.61569794e-03 3.83955754e-03
  3.82735314e-03 3.30182446e-03 3.40819356e-03 3.26154791e-03
  3.31363213e-03 3.23877711e-03 3.32088857e-03 3.29164938e-03
  2.98596208e-03 3.41694058e-03 2.78117754e-03 3.23852493e-03
  3.26942778e-03 2.77407248e-03 2.90311209e-03 2.82213362e-03
  2.80417154e-03 2.86268779e-03 2.90607203e-03 3.02856472e-03
  2.96696821e-03 2.87004021e-03 2.65990173e-03 2.85383241e-03
  2.83413707e-03 2.91538206e-03 2.85361888e-03 2.70594941e-03
  3.02631740e-03 2.71489483e-03 2.70759258e-03 2.57425973e-03
  2.75005304e-03 2.79919008e-03 2.75086454e-03 2.76706192e-03
  2.78993741e-03 2.54470596e-03]
 [1.14462652e-02 6.08026473e-03 5.87382785e-03 5.44025850e-03
  4.94950753e-03 5.40039252e-03 4.91911721e-03 4.74030926e-03
  4.36170235e-03 4.36230523e-03 4.48394265e-03 4.87482874e-03
  4.84861154e-03 4.39102950e-03 4.55592592e-03 5.02173430e-03
  4.50270892e-03 4.50562583e-03 4.35680916e-03 4.04037914e-03
  4.43197367e-03 4.22018178e-03 4.21144655e-03 4.43988557e-03
  3.97740571e-03 4.39276974e-03 4.49084184e-03 4.00134343e-03
  4.21215387e-03 4.17312573e-03 4.26140693e-03 4.17302152e-03
  4.13906023e-03 4.04836633e-03 3.88735266e-03 4.06228712e-03
  3.97527153e-03 4.06321981e-03 4.27862787e-03 4.19356106e-03
  3.90271585e-03 3.78904350e-03 4.10865322e-03 4.13260725e-03
  3.88467140e-03 4.26204574e-03 4.11406016e-03 3.91772837e-03
  3.86445057e-03 3.94136760e-03]
 [8.72396285e-03 6.48918350e-03 6.09559444e-03 6.14104555e-03
  5.68348394e-03 5.93013933e-03 5.43772302e-03 5.68709661e-03
  5.32219575e-03 5.50287069e-03 5.79456760e-03 5.75265751e-03
  5.79473355e-03 5.53062154e-03 6.00663364e-03 5.83045456e-03
  5.69115427e-03 5.93073414e-03 5.77168281e-03 5.40113420e-03
  5.23951052e-03 5.73072887e-03 5.95743878e-03 5.91064945e-03
  5.82623678e-03 5.55714641e-03 5.72558708e-03 5.68743869e-03
  5.77085785e-03 5.64900551e-03 5.69614195e-03 5.90456872e-03
  5.76932807e-03 5.49084632e-03 5.46777635e-03 5.70068736e-03
  5.58678407e-03 5.60750330e-03 5.43767170e-03 5.70006836e-03
  5.68894367e-03 5.44435609e-03 5.69649196e-03 5.65366785e-03
  5.44168686e-03 5.61877596e-03 5.63326547e-03 5.70718136e-03
  5.38038613e-03 5.45059962e-03]
 [8.35013074e-03 6.80219263e-03 6.48867562e-03 6.76044342e-03
  6.82109146e-03 6.53640133e-03 6.48155348e-03 6.75830546e-03
  6.68032085e-03 6.32852989e-03 6.67349713e-03 6.66482782e-03
  6.64703726e-03 6.57690510e-03 6.48162699e-03 7.00051612e-03
  6.57271874e-03 7.00946980e-03 6.49540362e-03 6.63355253e-03
  7.01725445e-03 6.77288993e-03 6.74115937e-03 6.79478195e-03
  6.75527401e-03 7.11572924e-03 7.05229625e-03 7.13907968e-03
  6.82033540e-03 7.07904217e-03 7.15616462e-03 6.75567859e-03
  7.09388344e-03 6.83765684e-03 6.93267384e-03 7.30780366e-03
  7.12275749e-03 6.96585832e-03 7.00982860e-03 7.28660737e-03
  7.00526930e-03 7.24215147e-03 7.02154456e-03 7.02968774e-03
  7.09927060e-03 6.89555224e-03 7.13537414e-03 7.28168861e-03
  7.19563663e-03 7.37991135e-03]
 [8.67219066e-03 7.34519061e-03 6.63968994e-03 7.20128945e-03
  7.26343258e-03 7.16992944e-03 7.13292391e-03 7.50670309e-03
  7.49363171e-03 7.41225610e-03 7.69547050e-03 7.60432593e-03
  7.74744333e-03 7.59646873e-03 7.89531725e-03 8.00773836e-03
  8.01561686e-03 8.02016278e-03 7.90863987e-03 8.05325188e-03
  7.83441466e-03 8.08158681e-03 8.16061981e-03 8.29759212e-03
  8.12846038e-03 7.91023944e-03 8.03353024e-03 8.03165326e-03
  8.17101100e-03 8.21591370e-03 8.31038116e-03 8.35833358e-03
  8.33429555e-03 8.19148506e-03 8.17728582e-03 8.24262837e-03
  7.93447516e-03 8.21997802e-03 8.20661514e-03 8.38035000e-03
  8.10162183e-03 7.99436626e-03 8.22720997e-03 8.40040783e-03
  8.24077907e-03 8.46446696e-03 8.22810009e-03 8.53123832e-03
  8.28173737e-03 8.49312179e-03]
 [8.55398811e-03 7.90402203e-03 7.80167309e-03 7.98694768e-03
  7.86240650e-03 7.90901804e-03 8.44727785e-03 7.81813492e-03
  8.46730209e-03 8.41943801e-03 8.44971174e-03 8.36253296e-03
  8.50538448e-03 8.28924518e-03 8.43323632e-03 8.50850118e-03
  8.47696317e-03 8.84625411e-03 8.79585518e-03 8.65356494e-03
  8.77142924e-03 8.63479035e-03 8.66018510e-03 8.79999881e-03
  9.08141126e-03 8.95782943e-03 8.91794704e-03 8.80088271e-03
  8.93173134e-03 9.00786918e-03 8.83346611e-03 8.90465963e-03
  8.97347309e-03 9.07842758e-03 9.06560421e-03 9.00373387e-03
  9.11470142e-03 8.96709542e-03 8.99288662e-03 9.13468799e-03
  8.90516274e-03 9.14501444e-03 9.15460997e-03 9.11466864e-03
  8.86530400e-03 9.14889207e-03 9.07420318e-03 9.18146435e-03
  9.18951148e-03 9.08535937e-03]
 [8.77410434e-03 9.13524764e-03 9.36589670e-03 9.54684579e-03
  9.57485969e-03 9.54535729e-03 9.81623083e-03 9.59365417e-03
  9.73902034e-03 9.70633335e-03 9.80802242e-03 9.76606969e-03
  9.87844073e-03 9.94619655e-03 9.84991988e-03 9.83411611e-03
  9.83588376e-03 9.92564624e-03 9.97816761e-03 9.98279891e-03
  9.96030337e-03 9.87239030e-03 9.91793258e-03 9.90271928e-03
  9.99777391e-03 9.86747287e-03 9.99626343e-03 9.80262703e-03
  9.95860301e-03 9.88617396e-03 9.84099492e-03 9.87497862e-03
  9.94420434e-03 9.88985318e-03 9.85878948e-03 9.94601571e-03
  9.96132317e-03 9.98955896e-03 9.97491769e-03 9.89322688e-03
  9.89354917e-03 9.97256825e-03 9.94004721e-03 1.00071643e-02
  9.85492759e-03 9.98672661e-03 9.90801739e-03 9.88586544e-03
  9.98117540e-03 9.95210374e-03]
 [9.54561958e-03 9.80471426e-03 9.85736104e-03 9.77911032e-03
  9.90403107e-03 9.92656222e-03 9.98164517e-03 1.00189932e-02
  9.96440866e-03 1.00426285e-02 9.99673769e-03 1.00036304e-02
  1.00296261e-02 9.95350534e-03 1.00309820e-02 9.93839132e-03
  9.97042579e-03 9.89749261e-03 1.00035626e-02 1.00093896e-02
  9.97839985e-03 9.95793090e-03 1.00094367e-02 9.98198402e-03
  1.00150681e-02 9.97251997e-03 1.00228504e-02 1.00133152e-02
  9.99051751e-03 1.00043760e-02 1.00440017e-02 9.93622717e-03
  1.00138329e-02 9.99628029e-03 1.00099400e-02 1.00354766e-02
  9.94269130e-03 9.99214918e-03 1.00691042e-02 9.99544696e-03
  1.00388495e-02 9.99071963e-03 1.00146714e-02 9.99026480e-03
  9.92890263e-03 9.96255310e-03 1.00323144e-02 9.98429543e-03
  9.96210424e-03 1.00064310e-02]
 [9.67767142e-03 9.88432403e-03 1.00077009e-02 9.98676419e-03
  9.96183422e-03 9.99372473e-03 9.93601160e-03 1.00431520e-02
  9.99165791e-03 1.00319149e-02 1.00259400e-02 1.01124330e-02
  1.00062552e-02 1.00345576e-02 1.00001976e-02 9.92771533e-03
  1.00212020e-02 1.00192843e-02 9.99444243e-03 1.00066310e-02
  1.00226609e-02 9.98838161e-03 1.00325437e-02 9.99458696e-03
  9.99103187e-03 9.99007615e-03 1.00790359e-02 1.00050537e-02
  9.94081262e-03 1.00139133e-02 9.98549894e-03 1.00218989e-02
  1.00002025e-02 1.00051370e-02 1.00733639e-02 1.00138760e-02
  9.99664945e-03 9.97476765e-03 1.00504869e-02 1.00031339e-02
  9.96894311e-03 1.00040599e-02 9.97301883e-03 1.00254213e-02
  1.00441987e-02 1.00362628e-02 1.00522128e-02 1.00180348e-02
  1.00190343e-02 9.96262951e-03]
 [9.90601179e-03 9.97477773e-03 9.97794149e-03 1.00212169e-02
  1.00435654e-02 1.00399116e-02 9.97964703e-03 9.98820797e-03
  1.00410704e-02 1.00219725e-02 9.99410506e-03 1.00538710e-02
  1.00094993e-02 9.92903044e-03 1.00441602e-02 1.00129493e-02
  1.00232557e-02 1.00509338e-02 1.00387686e-02 1.00357137e-02
  9.89971031e-03 9.96976901e-03 9.97139031e-03 1.00295183e-02
  1.00120138e-02 9.97759812e-03 9.97098897e-03 9.99520818e-03
  9.96359604e-03 9.94178645e-03 9.98938402e-03 9.94983386e-03
  9.95406928e-03 1.00092075e-02 1.00053390e-02 1.00116062e-02
  1.00738633e-02 9.99900015e-03 1.00305931e-02 1.00334299e-02
  1.00106675e-02 9.97329522e-03 1.00280902e-02 9.95877350e-03
  1.00488917e-02 1.00161764e-02 1.00139123e-02 9.98231297e-03
  9.99338085e-03 1.00093862e-02]]
variance: [[1.29670762e+00 2.60813354e-02 1.21587357e-03 1.19576477e-03
  3.45647671e-05 3.03569587e-05 9.16321868e-06 5.16713469e-06
  5.71319184e-06 3.51972256e-06 2.27033314e-06 1.79515484e-06
  2.04542466e-06 2.18090874e-06 9.97222844e-07 1.28219050e-06
  1.18146661e-06 8.20693737e-07 1.00536190e-06 8.62997360e-07
  9.08032243e-07 6.20737074e-07 3.92490699e-07 4.06260415e-07
  7.07828570e-07 2.94009089e-07 3.31425245e-07 4.18854710e-07
  3.81715154e-07 3.00493092e-07 2.01787365e-07 2.68684043e-07
  3.48751091e-07 2.25890991e-07 2.20659656e-07 2.20004363e-07
  2.74750957e-07 2.47246307e-07 1.23901665e-07 1.56523073e-07
  2.24784861e-07 9.12476707e-08 1.14962428e-07 1.59147479e-07
  9.39668658e-08 9.72777780e-08 7.74841036e-08 1.49136955e-07
  5.58247903e-08 1.45267360e-07]
 [9.37395021e-02 8.89019398e-04 1.28861834e-04 3.43746490e-05
  1.67265371e-05 1.68693010e-05 7.10785935e-06 8.37859376e-06
  5.50544810e-06 3.69459827e-06 1.83425975e-06 2.83189586e-06
  2.08948751e-06 1.82293264e-06 2.73540302e-06 1.23702118e-06
  1.74067795e-06 9.20003553e-07 1.32861685e-06 1.09738807e-06
  1.05858799e-06 1.06433436e-06 5.71540671e-07 5.16785571e-07
  7.05941896e-07 4.82092526e-07 3.12100678e-07 5.60092287e-07
  4.10208689e-07 2.85731643e-07 4.13847527e-07 5.01680342e-07
  2.28966376e-07 3.31098887e-07 2.54304653e-07 2.58056903e-07
  2.08971653e-07 2.23952210e-07 2.56684277e-07 2.78018678e-07
  2.48078606e-07 3.33644723e-07 2.08835782e-07 2.87257663e-07
  1.46335189e-07 1.64660310e-07 2.36812631e-07 1.83414856e-07
  2.41758045e-07 2.37893468e-07]
 [1.12986375e-02 4.67737819e-04 4.23007847e-05 7.61079886e-05
  2.52756267e-05 1.09232921e-05 1.12386644e-05 9.35039026e-06
  7.09851329e-06 5.39750519e-06 4.80316332e-06 3.21011038e-06
  3.18661892e-06 3.14294624e-06 3.78794157e-06 2.71447630e-06
  2.83250745e-06 2.11854937e-06 2.01642894e-06 2.46788470e-06
  1.92348032e-06 1.34643503e-06 1.64193298e-06 1.38849646e-06
  1.39642520e-06 8.26513283e-07 1.50169097e-06 7.94632937e-07
  1.12448317e-06 8.38067077e-07 8.90954182e-07 9.83807013e-07
  7.08092370e-07 8.88749303e-07 1.25448734e-06 6.72522267e-07
  5.33115635e-07 7.91727784e-07 4.78290657e-07 8.10865147e-07
  5.74834418e-07 5.43366463e-07 4.55074423e-07 5.08875659e-07
  4.56051144e-07 4.51207709e-07 2.99476489e-07 4.12719717e-07
  4.08125063e-07 4.33436238e-07]
 [2.46548951e-03 2.29878665e-04 3.46067688e-05 1.74822433e-05
  1.46375853e-05 1.18523245e-05 1.09540876e-05 8.97824869e-06
  8.99213720e-06 8.92596468e-06 6.57265352e-06 6.33268047e-06
  6.06646398e-06 5.44141807e-06 6.27368783e-06 4.42980829e-06
  3.60669839e-06 4.21933276e-06 3.29833996e-06 3.38588894e-06
  2.41733467e-06 3.26674089e-06 2.46038365e-06 1.93526016e-06
  2.46439197e-06 2.50654908e-06 2.01776706e-06 2.02482540e-06
  2.52775614e-06 2.11598370e-06 1.33054589e-06 1.48536548e-06
  1.83402291e-06 1.28557160e-06 1.35327907e-06 1.30271288e-06
  1.25584386e-06 1.71804197e-06 1.14035460e-06 1.10852602e-06
  1.19390756e-06 1.87705219e-06 1.11625988e-06 1.17135359e-06
  8.64728926e-07 1.22172757e-06 1.04410612e-06 8.90015181e-07
  1.38424638e-06 1.15951943e-06]
 [2.44737907e-03 7.85085861e-05 3.16338233e-05 1.52177992e-05
  1.46568409e-05 1.32320724e-05 1.51517098e-05 1.04858635e-05
  1.01318898e-05 8.97743688e-06 7.01944061e-06 8.54275944e-06
  8.86372423e-06 7.62910691e-06 7.48233525e-06 6.99104854e-06
  6.63167075e-06 6.60512793e-06 5.51126406e-06 5.28860673e-06
  4.58102364e-06 5.00055924e-06 4.62772034e-06 5.34461345e-06
  3.89383347e-06 4.51624322e-06 2.79324125e-06 3.11980330e-06
  3.30769121e-06 3.92506283e-06 3.33065172e-06 3.29932521e-06
  2.41557820e-06 2.87640547e-06 2.48532153e-06 2.37664573e-06
  2.88211142e-06 1.70285257e-06 2.29555560e-06 2.60178124e-06
  2.33758656e-06 2.89762191e-06 2.36470487e-06 1.96888476e-06
  1.73217374e-06 2.35170192e-06 2.45463206e-06 2.14528811e-06
  1.96454808e-06 1.59892720e-06]
 [2.85909764e-04 5.27961062e-05 3.12026299e-05 1.76783906e-05
  1.57633349e-05 1.55748994e-05 1.49107302e-05 1.43764073e-05
  1.16642356e-05 1.25500462e-05 1.11921391e-05 1.10499284e-05
  1.19830482e-05 9.77481015e-06 9.28300852e-06 9.47683796e-06
  8.43332092e-06 8.73741897e-06 8.82542339e-06 7.37856393e-06
  7.19186155e-06 8.37912234e-06 6.72859167e-06 7.60709497e-06
  7.80083708e-06 6.48268439e-06 5.48709364e-06 6.55606795e-06
  5.46125789e-06 5.37514202e-06 5.73299808e-06 5.28282457e-06
  4.73247900e-06 4.61472868e-06 4.74172359e-06 4.47087364e-06
  5.15021206e-06 5.17282635e-06 3.96773648e-06 4.15526669e-06
  5.09798147e-06 4.33358956e-06 3.83110343e-06 3.45515244e-06
  3.99432855e-06 4.03558497e-06 4.11933997e-06 3.16872898e-06
  3.62049966e-06 3.09270751e-06]
 [3.85653940e-04 2.14496297e-05 1.81338942e-05 1.62900596e-05
  1.64243578e-05 1.55225838e-05 1.50576233e-05 1.33142067e-05
  1.25192670e-05 1.29466289e-05 1.26668451e-05 1.19809059e-05
  1.34067006e-05 1.16505159e-05 1.16227952e-05 1.25271106e-05
  1.21811655e-05 1.18884955e-05 1.01125056e-05 8.50210074e-06
  1.00060069e-05 9.50642031e-06 9.37741104e-06 9.32925312e-06
  8.48373932e-06 8.86757378e-06 8.73445457e-06 7.42059124e-06
  8.54478901e-06 7.56285831e-06 7.61583891e-06 7.86584143e-06
  6.36427801e-06 6.36091313e-06 6.14584141e-06 6.57941478e-06
  6.70812445e-06 5.91532606e-06 6.27955312e-06 6.51999441e-06
  5.43679412e-06 5.53034425e-06 5.69206639e-06 5.84039017e-06
  5.34630038e-06 5.70929379e-06 6.85109426e-06 5.28419473e-06
  5.05578831e-06 4.97938923e-06]
 [7.43336126e-05 1.81215056e-05 1.74220691e-05 1.61714619e-05
  1.70930968e-05 1.50749731e-05 1.52275699e-05 1.40164245e-05
  1.40871641e-05 1.31048478e-05 1.32455941e-05 1.26466835e-05
  1.21828761e-05 1.35377231e-05 1.25420966e-05 1.16595610e-05
  1.09495654e-05 9.82169615e-06 1.08422625e-05 9.82166804e-06
  9.97212858e-06 9.57673547e-06 1.00467223e-05 1.05664711e-05
  9.57041506e-06 9.21339610e-06 9.07926051e-06 9.11555503e-06
  9.39221337e-06 7.73328940e-06 8.86930679e-06 8.19213107e-06
  8.19606383e-06 8.42288230e-06 7.62149857e-06 7.50260626e-06
  7.83872032e-06 7.07313806e-06 7.30524195e-06 7.47229041e-06
  7.27000630e-06 6.73339394e-06 6.48606196e-06 7.71039095e-06
  7.08507116e-06 5.93411400e-06 6.40194431e-06 7.21253223e-06
  6.49566338e-06 6.20133816e-06]
 [7.17005274e-05 1.77567159e-05 1.62762602e-05 1.50946122e-05
  1.51125983e-05 1.40191403e-05 1.36370999e-05 1.24865849e-05
  1.23081858e-05 1.18809673e-05 1.12905771e-05 1.10724582e-05
  1.10919612e-05 1.16556238e-05 1.19752487e-05 9.45654784e-06
  9.87414128e-06 9.21102294e-06 1.04697581e-05 9.24492387e-06
  9.03876790e-06 9.08103210e-06 9.64625187e-06 8.84651891e-06
  9.10462811e-06 7.87468912e-06 7.79881143e-06 7.40250335e-06
  8.61202938e-06 7.54461932e-06 7.04195743e-06 8.23377461e-06
  7.20586554e-06 7.41047627e-06 7.53666466e-06 7.23211904e-06
  7.22472305e-06 6.35012651e-06 6.53027529e-06 6.52400079e-06
  6.62538055e-06 6.36834178e-06 6.36185428e-06 6.64446265e-06
  6.40934892e-06 6.10449697e-06 5.91568061e-06 6.44709086e-06
  6.40025885e-06 5.44767222e-06]
 [4.41902234e-05 1.40252118e-05 1.59130016e-05 1.42979795e-05
  1.35887794e-05 1.21354939e-05 1.20810812e-05 1.09429231e-05
  1.01540201e-05 1.02697218e-05 8.92461591e-06 8.80787116e-06
  8.72822120e-06 8.70993884e-06 8.06273184e-06 8.18307683e-06
  6.36779356e-06 5.80534338e-06 6.58057613e-06 6.62639063e-06
  7.29800107e-06 6.52577820e-06 6.24595698e-06 5.73707918e-06
  5.62804380e-06 6.31320400e-06 5.95039585e-06 6.01240317e-06
  5.34126326e-06 5.55175310e-06 4.93342863e-06 4.83755712e-06
  4.90249780e-06 4.76623172e-06 5.07785210e-06 4.81622778e-06
  5.63273365e-06 4.66224448e-06 4.18086850e-06 4.63379141e-06
  4.81068832e-06 4.86101491e-06 4.75199860e-06 4.61463530e-06
  4.69315218e-06 4.21799076e-06 4.84578819e-06 3.99257505e-06
  4.14021792e-06 3.83210898e-06]
 [1.84505797e-05 1.39541974e-05 1.25924576e-05 1.09552455e-05
  1.09712324e-05 1.00671250e-05 7.27063098e-06 9.01483964e-06
  7.19521671e-06 7.32711055e-06 6.72214930e-06 7.32259715e-06
  6.64749690e-06 7.09821125e-06 6.69507267e-06 5.92164473e-06
  6.20744287e-06 4.53265465e-06 4.24208811e-06 4.99229106e-06
  3.68759079e-06 4.43243284e-06 4.26334354e-06 4.17219362e-06
  3.29996058e-06 3.82598216e-06 3.72294557e-06 3.85239047e-06
  3.33851507e-06 3.20973064e-06 3.66448878e-06 3.43687330e-06
  3.05820641e-06 2.95365715e-06 3.08226258e-06 2.73816295e-06
  2.46798421e-06 3.09079958e-06 2.95139918e-06 2.70569506e-06
  3.29003080e-06 2.25738086e-06 2.41764817e-06 2.64010515e-06
  2.68527807e-06 2.08509402e-06 2.57639525e-06 2.07329045e-06
  2.33882542e-06 2.35252385e-06]
 [8.57182647e-06 6.57650951e-06 3.59399348e-06 2.45118163e-06
  1.96807121e-06 2.25909000e-06 1.12807607e-06 1.87774482e-06
  9.12536038e-07 1.20966237e-06 1.18033725e-06 1.06517936e-06
  8.16546361e-07 6.94013338e-07 7.34156229e-07 7.65614367e-07
  6.14478196e-07 5.51334801e-07 6.31469024e-07 5.45269996e-07
  5.21126472e-07 7.23623726e-07 4.73334114e-07 6.68140927e-07
  4.91633615e-07 5.29163367e-07 4.41971663e-07 5.29247664e-07
  5.70312003e-07 6.54786034e-07 6.11637321e-07 6.58722464e-07
  5.46235024e-07 5.68995342e-07 5.40694682e-07 6.21140291e-07
  5.23252112e-07 5.20522838e-07 5.77987924e-07 6.08292136e-07
  5.00977598e-07 4.42933055e-07 5.36469971e-07 5.58532507e-07
  5.99732631e-07 5.49367146e-07 5.69428226e-07 6.13297858e-07
  5.57801399e-07 5.99469767e-07]
 [3.44795001e-06 8.16603735e-07 8.49918201e-07 1.04993773e-06
  8.62901160e-07 6.26685656e-07 4.83883673e-07 4.73481761e-07
  3.91343950e-07 3.84673794e-07 4.35925773e-07 4.55170009e-07
  5.56767331e-07 3.72763878e-07 4.56128102e-07 4.29719234e-07
  3.70484154e-07 5.15139294e-07 3.15565646e-07 4.34937562e-07
  2.76888350e-07 4.62217842e-07 3.17540789e-07 3.54437075e-07
  3.61164953e-07 3.78189461e-07 4.24884356e-07 3.68655210e-07
  4.24559890e-07 3.10748946e-07 3.69602682e-07 4.62660103e-07
  3.80209669e-07 3.78569803e-07 4.09632737e-07 4.12854762e-07
  4.33819732e-07 4.21580173e-07 3.96653753e-07 2.87134655e-07
  3.86821452e-07 4.45183504e-07 4.08165192e-07 3.94912006e-07
  3.66383102e-07 3.62607433e-07 3.72026722e-07 3.82892588e-07
  4.50890311e-07 3.21629193e-07]
 [2.25287560e-06 5.47568131e-07 4.99168065e-07 3.45897319e-07
  4.02190925e-07 4.04678124e-07 4.16014288e-07 3.80240310e-07
  2.93007093e-07 3.52836071e-07 3.76567685e-07 3.16820446e-07
  3.24583427e-07 4.58331612e-07 3.33943608e-07 3.85895538e-07
  3.32154305e-07 4.35874647e-07 3.19291829e-07 3.13386275e-07
  3.33265466e-07 3.66888328e-07 3.82834723e-07 4.81818258e-07
  3.37059448e-07 4.42384115e-07 3.13581180e-07 4.15647533e-07
  3.66905029e-07 3.55413452e-07 3.44612013e-07 3.49381704e-07
  3.80005259e-07 3.68516219e-07 2.81467698e-07 3.87549097e-07
  3.84781926e-07 3.56632712e-07 2.95354395e-07 3.46641567e-07
  3.56323760e-07 3.23839694e-07 4.10632634e-07 4.17065476e-07
  3.05743546e-07 3.31971158e-07 3.59061047e-07 3.19669413e-07
  3.64602811e-07 3.59879436e-07]
 [7.38006906e-07 3.30312237e-07 4.48634020e-07 3.05222169e-07
  4.39469486e-07 3.84906438e-07 3.41402242e-07 3.96541864e-07
  3.02495548e-07 3.51733910e-07 3.80624738e-07 2.85914611e-07
  3.52998899e-07 3.07937891e-07 2.87850379e-07 3.27033184e-07
  3.35216099e-07 3.55777064e-07 3.15851263e-07 4.02431479e-07
  3.50345378e-07 3.67694082e-07 3.46581174e-07 3.45742119e-07
  3.20645734e-07 3.89655260e-07 3.84761434e-07 3.22281123e-07
  2.91544835e-07 4.43074096e-07 4.04851290e-07 3.55606444e-07
  3.29576783e-07 3.38082890e-07 3.20028556e-07 2.81379451e-07
  3.27734773e-07 3.25574780e-07 3.58889027e-07 3.22523867e-07
  3.55918371e-07 3.37929191e-07 2.80176319e-07 3.93716068e-07
  3.30690896e-07 2.90105822e-07 3.50385662e-07 2.82878890e-07
  3.45943201e-07 3.21125290e-07]]
