args:  Namespace(attack='fgm', gaussian=True, l2=0, ndim=2)
elapsed time: 8982.62799203
mins: [[1.40282318e-05 2.34404142e-05 6.28895141e-05 3.58026555e-05
  3.97364010e-06 1.42615988e-06 4.33959258e-06 4.33343303e-06
  4.14566421e-06 5.83622705e-06 1.14637051e-05 4.70139821e-06
  5.77882520e-06 3.85136764e-06 5.56058808e-07 1.30476838e-06
  1.64347214e-09 4.56973248e-06 2.54079941e-06 7.88096895e-06
  2.29488160e-06 1.49342202e-06 1.15136466e-07 4.16119337e-06
  1.23186544e-06 2.41398402e-06 8.56152747e-06 3.45287049e-07
  7.45672878e-07 1.83694539e-07]
 [4.90508501e-05 3.97551157e-05 8.35634200e-05 6.52278468e-05
  1.66612208e-05 2.91594697e-05 6.27865802e-06 1.23604623e-05
  3.60301237e-06 3.42286307e-06 1.42023271e-06 8.44390161e-06
  7.62672414e-07 1.50501614e-06 1.97896406e-06 2.86323188e-06
  5.45754847e-06 3.01893806e-06 6.91888954e-06 1.76933827e-06
  6.31979083e-06 8.27449242e-07 3.35281084e-06 8.10763368e-07
  8.89035846e-07 3.30417265e-06 4.79245773e-06 2.93045082e-06
  6.32305864e-06 1.44351766e-08]
 [1.65601869e-05 3.22631786e-06 1.78346145e-05 1.14520280e-05
  3.62467872e-05 1.20461309e-05 3.97010854e-06 2.73229011e-06
  5.67745747e-06 6.59435727e-07 1.54887421e-05 7.73033389e-06
  1.69649729e-06 8.08555251e-06 7.25436621e-06 8.89263845e-07
  1.12490318e-06 5.25498945e-06 1.81400242e-06 1.62117533e-06
  9.24302640e-07 7.28504165e-06 4.08705273e-06 9.56319241e-07
  2.42476563e-06 2.81317170e-06 2.31591343e-06 8.17171667e-07
  7.51366451e-06 7.29648605e-07]
 [1.31560315e-04 2.39218989e-05 4.69204451e-07 2.10979379e-05
  3.70775297e-06 6.18572585e-06 1.20891091e-05 2.00454324e-05
  3.11202143e-06 4.72668853e-06 3.22340611e-06 1.55491853e-06
  4.50150264e-06 9.43028044e-06 5.45316880e-06 7.24446750e-07
  8.78072933e-06 8.39224015e-07 3.86261092e-07 1.80247650e-06
  6.60939395e-06 2.55632631e-06 1.98069984e-06 2.88747714e-07
  1.14416002e-06 2.20881157e-06 1.03500033e-05 3.09884513e-06
  2.31789636e-06 6.12166878e-06]
 [2.08019137e-05 4.02125406e-05 1.37457837e-05 3.06137372e-05
  2.39118926e-05 2.81874327e-06 9.36159452e-08 1.79011895e-05
  1.24926237e-06 1.83266968e-06 2.63569586e-06 8.42067038e-06
  2.87424864e-05 1.07203241e-05 1.37221159e-05 2.57710490e-05
  1.90625360e-05 4.88870000e-07 3.91886715e-06 9.58360124e-06
  7.36470565e-06 1.02879058e-05 2.80029258e-06 3.40604402e-06
  1.15510511e-05 5.87499062e-06 4.73297268e-06 3.16747582e-06
  8.67935523e-06 5.03693082e-06]
 [7.62702712e-06 2.83410191e-05 1.15904879e-06 2.70271230e-05
  1.75667374e-05 3.50424375e-06 1.80045140e-06 4.77665299e-06
  2.03294931e-05 8.35407809e-06 3.08750259e-06 1.22180163e-05
  6.54906216e-06 2.08737856e-06 1.61998432e-05 2.28701151e-06
  1.56977658e-05 3.53561632e-07 9.25867607e-06 1.24012258e-05
  1.51705335e-05 4.62966591e-06 2.05959668e-06 3.94128165e-06
  9.31409068e-06 1.42237832e-06 9.03247110e-06 1.09069979e-05
  9.74244540e-06 4.73274049e-05]
 [2.91745644e-04 3.04521404e-06 1.49866100e-05 1.50967302e-04
  6.82416976e-06 2.03014788e-05 3.76814132e-05 5.98537054e-06
  1.45866188e-05 1.24271191e-05 1.76822286e-05 5.44532122e-05
  9.93075446e-06 5.36253310e-06 3.18789207e-05 2.61281366e-06
  1.99293318e-05 7.02790840e-06 1.02953140e-06 1.22735328e-05
  1.48621293e-05 1.39325789e-06 3.32953023e-05 2.44848761e-05
  4.51528977e-05 3.23184213e-05 1.65576657e-05 5.95434813e-06
  9.94497386e-05 5.35482577e-05]
 [1.70701358e-04 7.13167974e-05 1.38885380e-05 2.97123261e-05
  1.87042151e-05 3.97234217e-05 1.82868826e-05 5.85270900e-05
  1.00405050e-05 1.18811258e-04 7.23492703e-05 3.81660101e-07
  1.46608472e-05 4.06797335e-05 2.24742798e-05 3.39044927e-05
  1.52032517e-04 1.25910898e-04 3.15508114e-05 3.95857314e-05
  7.41234107e-05 7.31159307e-05 1.27740022e-05 1.25080463e-04
  1.00975332e-04 6.21037470e-05 3.93524897e-05 1.37984520e-04
  1.63495162e-04 1.12736707e-04]
 [7.56858572e-05 3.19280953e-05 1.21068078e-05 9.56180975e-06
  3.67126850e-05 8.01881924e-06 2.27089404e-05 1.53292494e-04
  5.21993461e-05 2.82753845e-05 4.86029749e-05 5.14123676e-05
  1.22998645e-05 3.08157651e-05 6.26637047e-05 1.62563243e-04
  6.40261424e-05 5.69092081e-05 1.41169846e-06 1.90212722e-05
  1.63167671e-04 2.04146381e-05 3.72519280e-04 1.03865314e-04
  5.21701993e-04 7.30984684e-05 2.30351012e-04 9.15669807e-05
  9.87883686e-05 1.11114590e-04]
 [5.35425170e-05 9.52160553e-06 9.80841435e-08 6.61872255e-05
  6.52899107e-05 1.53724279e-04 5.83099172e-05 8.24023591e-05
  1.84065339e-05 1.58162613e-04 8.74582183e-05 1.44429534e-04
  2.16409506e-04 8.16922238e-06 7.25334685e-05 1.19375189e-04
  6.49115173e-05 1.89755519e-04 1.89422703e-04 2.43627714e-04
  2.24206276e-04 3.67353932e-04 2.65271519e-04 6.62912789e-04
  4.02098958e-04 3.72301089e-04 1.63564706e-04 4.24664904e-04
  3.13576136e-04 5.33279490e-05]
 [3.94086383e-04 3.84128762e-05 1.04608036e-04 2.66611896e-04
  1.92073967e-05 2.18901041e-04 8.06460812e-05 3.54494056e-04
  1.54665395e-05 6.05953101e-04 1.53296351e-05 1.55778660e-04
  4.52844775e-04 1.32735353e-04 3.48697242e-04 3.02845263e-04
  5.21369402e-05 4.14573558e-04 1.22647663e-03 6.93041773e-04
  5.83264453e-04 1.51452419e-04 4.33520763e-04 9.11075447e-04
  1.76366884e-04 1.44953583e-03 5.81881788e-04 1.17117609e-03
  1.16088253e-03 1.54390896e-03]
 [1.10408500e-05 2.72969948e-04 2.48280758e-05 3.68864567e-05
  4.56688897e-04 1.00338692e-03 1.46132940e-03 3.44526139e-04
  2.58130603e-03 2.17609224e-03 2.14245543e-03 3.39126564e-03
  4.13819542e-03 5.53467451e-03 3.16303852e-03 2.86650471e-03
  2.70708348e-03 2.84952577e-03 4.81418334e-03 5.19778673e-03
  3.64844059e-03 4.33633849e-03 3.81837762e-03 4.70890524e-03
  3.17511708e-03 4.87968093e-03 5.54784434e-03 5.92947146e-03
  5.08101704e-03 5.16525563e-03]
 [4.48719598e-04 3.87198466e-04 2.31790985e-03 1.84428017e-03
  4.44698194e-03 4.22980776e-03 4.36363928e-03 5.12450747e-03
  5.01217972e-03 4.94178990e-03 7.63407955e-03 9.59807355e-03
  8.51984695e-03 6.71766279e-03 6.58378471e-03 8.59684497e-03
  6.75022462e-03 6.01636292e-03 8.19698256e-03 9.07084346e-03
  9.11988039e-03 9.49670374e-03 8.90072715e-03 9.59143601e-03
  8.80937371e-03 9.91232414e-03 9.56575479e-03 6.71911612e-03
  8.53016134e-03 1.09554697e-02]
 [1.46054476e-03 3.25379730e-03 7.35302689e-03 8.10815860e-03
  9.96429101e-03 8.39364249e-03 9.21731908e-03 9.85718705e-03
  1.21132638e-02 1.20129064e-02 1.32689048e-02 1.31358290e-02
  8.35347921e-03 1.19273337e-02 1.24227712e-02 1.36648761e-02
  1.45921493e-02 1.45241283e-02 1.46938739e-02 1.29443398e-02
  1.29015706e-02 1.53375836e-02 1.65118091e-02 1.64928082e-02
  1.43962717e-02 1.41791832e-02 1.42819369e-02 1.27190519e-02
  1.54044488e-02 1.77693516e-02]
 [7.67445937e-03 8.26410018e-03 9.82558634e-03 1.00230221e-02
  1.06864478e-02 1.10909054e-02 1.55593082e-02 1.40062543e-02
  1.62602402e-02 1.42310401e-02 1.56804249e-02 1.64663214e-02
  1.64944008e-02 1.67337190e-02 1.60338413e-02 1.73252840e-02
  1.59918312e-02 1.82470679e-02 1.75561681e-02 1.82233676e-02
  1.66661423e-02 1.79061051e-02 1.68610103e-02 1.74488313e-02
  1.62900370e-02 1.88218094e-02 1.64331105e-02 1.67215560e-02
  1.67311020e-02 1.84992664e-02]]
maxs: [[1.77532780e+00 6.28863668e+00 1.71188688e+00 9.80531871e-01
  1.61572382e-01 1.36535838e-01 1.79219201e-01 8.55678618e-02
  3.59767228e-02 3.02655511e-02 7.01271370e-02 1.26327863e-02
  1.33624375e-02 1.49932588e-02 1.39989546e-02 1.52133750e-02
  1.26237543e-02 1.05823036e-02 1.13228522e-02 7.69678457e-03
  7.80676724e-03 1.03243031e-02 1.36141432e-02 1.10016204e-02
  7.30786426e-03 6.54444145e-03 5.66517469e-03 9.21178889e-03
  7.23567139e-03 5.71831362e-03]
 [1.61925173e+00 1.18489766e+00 4.41117108e-01 1.71609446e-01
  7.70319104e-02 3.64170782e-02 3.05316169e-02 2.37725861e-02
  1.90523695e-02 2.10647341e-02 1.62977837e-02 1.75498128e-02
  1.31615158e-02 1.89772695e-02 8.26348271e-03 1.72355026e-02
  9.28843860e-03 1.10476911e-02 8.58806260e-03 1.52594103e-02
  9.26139578e-03 1.04342559e-02 9.91431251e-03 9.16672498e-03
  8.61555524e-03 5.69957681e-03 5.38045354e-03 6.06202148e-03
  6.16016984e-03 4.37965151e-03]
 [9.66634452e-01 5.47216654e-01 1.10279657e-01 1.59322202e-01
  7.55063966e-02 5.56696318e-02 3.44974175e-02 3.10681015e-02
  3.18998843e-02 2.68991347e-02 1.44962454e-02 1.32049751e-02
  1.47718461e-02 1.68782882e-02 1.41025148e-02 1.35204997e-02
  1.18563054e-02 9.52570885e-03 1.18632484e-02 1.16194645e-02
  1.01125594e-02 1.06782988e-02 6.55546552e-03 1.06989993e-02
  1.09899668e-02 5.31011680e-03 8.41891021e-03 1.09644709e-02
  9.74473078e-03 4.24947962e-03]
 [4.70999569e-01 2.20852360e-01 6.67331666e-02 9.69070345e-02
  6.08267635e-02 4.70658541e-02 2.83628199e-02 2.88488790e-02
  2.71152426e-02 1.85960308e-02 1.69390682e-02 1.72380619e-02
  1.61384493e-02 1.66629888e-02 1.29251722e-02 9.78417508e-03
  1.57669336e-02 1.12615610e-02 1.65746789e-02 1.02958474e-02
  7.91014545e-03 1.86217837e-02 1.22144362e-02 1.37392469e-02
  7.27948360e-03 1.06243882e-02 9.97764058e-03 1.35112591e-02
  1.36783132e-02 1.07052848e-02]
 [3.27787101e-01 1.53104559e-01 4.69483770e-02 4.24104184e-02
  2.10317560e-02 2.24103220e-02 2.33715288e-02 2.16509253e-02
  1.95875019e-02 2.14437600e-02 2.03675702e-02 1.82772689e-02
  1.94238871e-02 1.58344936e-02 1.63837727e-02 1.30653353e-02
  1.61561556e-02 1.53556624e-02 1.21533163e-02 1.40284849e-02
  1.39852054e-02 1.54865030e-02 1.50918011e-02 1.51204560e-02
  1.73913538e-02 1.08377300e-02 9.15591698e-03 1.15998173e-02
  1.50092598e-02 1.73751004e-02]
 [1.77605078e-01 6.78997636e-02 5.89484423e-02 5.04098423e-02
  2.48896964e-02 2.99595352e-02 2.51256246e-02 2.18444057e-02
  2.13087313e-02 2.01507378e-02 1.95250511e-02 1.91687327e-02
  1.71292145e-02 2.02224441e-02 1.92901660e-02 1.90542452e-02
  2.02821419e-02 1.96040012e-02 1.80510562e-02 1.93863884e-02
  1.55595131e-02 1.40931187e-02 1.63654685e-02 1.40334461e-02
  1.76654682e-02 1.65861193e-02 1.59454402e-02 1.55712496e-02
  1.46163991e-02 1.49906231e-02]
 [1.17508486e-01 6.62046894e-02 4.12930250e-02 2.60355640e-02
  2.32421588e-02 2.05594674e-02 2.04707645e-02 2.40114741e-02
  2.07420960e-02 2.05671676e-02 2.05597188e-02 1.98124610e-02
  1.98124871e-02 1.95649583e-02 1.87808517e-02 1.97544117e-02
  1.96753871e-02 1.90418046e-02 1.92688443e-02 1.80338509e-02
  1.83335636e-02 1.83182601e-02 1.69334318e-02 1.95152108e-02
  1.93711426e-02 1.73240229e-02 1.62953194e-02 1.97649207e-02
  1.85451452e-02 1.25036668e-02]
 [1.25287652e-01 9.62620676e-02 4.88862470e-02 2.72972491e-02
  2.83845384e-02 2.47829743e-02 2.09177751e-02 2.01933105e-02
  2.05049831e-02 2.03735065e-02 2.06945352e-02 2.10222453e-02
  2.04846095e-02 2.02319678e-02 1.93399545e-02 1.99968982e-02
  1.93376299e-02 1.95289347e-02 1.88218858e-02 1.99759882e-02
  1.84454042e-02 1.88319907e-02 1.90828647e-02 2.03784034e-02
  1.84834227e-02 1.88699123e-02 1.93102416e-02 1.76474191e-02
  2.01068334e-02 1.96437892e-02]
 [7.53640532e-02 4.34526168e-02 3.46026905e-02 2.44935099e-02
  2.70294994e-02 2.06774287e-02 2.03545671e-02 2.04362590e-02
  2.23762318e-02 2.08730083e-02 2.03258172e-02 2.04258338e-02
  2.06191447e-02 2.06220839e-02 1.99081413e-02 2.00891346e-02
  1.92650892e-02 2.00179629e-02 2.07981486e-02 2.05272753e-02
  1.98369268e-02 1.79387834e-02 1.98038556e-02 2.03973576e-02
  1.97666306e-02 1.84093229e-02 1.86877269e-02 1.88756734e-02
  1.73876062e-02 1.96216609e-02]
 [5.37018031e-02 3.72532308e-02 2.91757341e-02 2.47924607e-02
  2.17565522e-02 2.10608672e-02 2.12217718e-02 2.19467767e-02
  2.04894617e-02 2.04424579e-02 2.05996092e-02 2.01075226e-02
  2.02699080e-02 2.04439145e-02 2.00518090e-02 2.03097630e-02
  2.03302409e-02 2.04970986e-02 2.02296693e-02 2.04501767e-02
  2.00674962e-02 2.02284977e-02 2.02199221e-02 2.00722218e-02
  1.97860226e-02 1.94049403e-02 2.01703738e-02 1.96515378e-02
  1.95819996e-02 1.90638546e-02]
 [9.07310024e-02 4.75971736e-02 2.99526509e-02 2.24655550e-02
  2.24632677e-02 2.06680726e-02 2.09148265e-02 2.04829462e-02
  2.05064695e-02 2.10763495e-02 2.27197409e-02 2.06146482e-02
  2.05846243e-02 2.16198452e-02 2.15077884e-02 2.03601401e-02
  2.02149432e-02 2.02081110e-02 2.04591900e-02 2.02657245e-02
  1.99070647e-02 1.98807921e-02 2.04410776e-02 2.05537137e-02
  2.03314871e-02 1.98170487e-02 1.95312910e-02 2.02015378e-02
  1.95859689e-02 2.01212838e-02]
 [3.93814892e-02 2.79138908e-02 2.34755706e-02 2.14984771e-02
  2.26884559e-02 2.06863452e-02 2.09262855e-02 2.13889387e-02
  2.12155469e-02 2.10236404e-02 2.12140325e-02 2.04777960e-02
  2.07857043e-02 2.05996316e-02 2.09612586e-02 2.09688619e-02
  2.06880085e-02 2.12054495e-02 2.09904574e-02 2.17800625e-02
  2.09778398e-02 2.06290856e-02 2.07459684e-02 2.09850334e-02
  2.06973553e-02 2.07346454e-02 2.09158808e-02 2.10228339e-02
  2.05521956e-02 2.03940384e-02]
 [2.55369172e-02 2.24329811e-02 2.22718529e-02 2.06963271e-02
  2.15312820e-02 2.29374021e-02 2.11173631e-02 2.16303393e-02
  2.17261761e-02 2.18969993e-02 2.16361023e-02 2.12569144e-02
  2.10714340e-02 2.24093515e-02 2.30337027e-02 2.30388585e-02
  2.12638136e-02 2.13278849e-02 2.18323488e-02 2.08841208e-02
  2.08301060e-02 2.16724649e-02 2.19228156e-02 2.09984872e-02
  2.13802867e-02 2.17804387e-02 2.13221256e-02 2.21595149e-02
  2.25108378e-02 2.11575404e-02]
 [3.17032784e-02 2.31524091e-02 2.13178732e-02 2.28830669e-02
  2.16539130e-02 2.13706400e-02 2.31613740e-02 2.12358572e-02
  2.30590329e-02 2.26672832e-02 2.15523578e-02 2.12058704e-02
  2.25517415e-02 2.21283622e-02 2.27051396e-02 2.19523814e-02
  2.23979093e-02 2.09186096e-02 2.15769242e-02 2.20135879e-02
  2.27784738e-02 2.22986322e-02 2.20620055e-02 2.24583857e-02
  2.29654219e-02 2.27614269e-02 2.20787190e-02 2.24717800e-02
  2.10672207e-02 2.26561278e-02]
 [2.32117940e-02 2.29958296e-02 2.35935170e-02 2.29996759e-02
  2.23776922e-02 2.40791328e-02 2.29267124e-02 2.12799925e-02
  2.20314842e-02 2.18187757e-02 2.31115445e-02 2.23006122e-02
  2.33747289e-02 2.29876656e-02 2.25836318e-02 2.29259562e-02
  2.19320916e-02 2.23736819e-02 2.22239047e-02 2.31151171e-02
  2.28948314e-02 2.17338428e-02 2.28533763e-02 2.17192657e-02
  2.31528953e-02 2.28801910e-02 2.20757443e-02 2.17203423e-02
  2.28741486e-02 2.28099916e-02]]
test_losses: [[0.04634259 0.17570778 0.03978166 0.0180715  0.0094518  0.00707279
  0.00530668 0.00396342 0.00323812 0.00291087 0.00246552 0.00213021
  0.00212476 0.00191192 0.00176357 0.00148616 0.00153464 0.00135123
  0.00122202 0.00113576 0.00104174 0.00116018 0.00112086 0.00105373
  0.00093555 0.0008947  0.00080215 0.00084693 0.00077554 0.00079751]
 [0.03286954 0.06606299 0.02333185 0.01045767 0.006961   0.00511603
  0.00377668 0.00356429 0.00269271 0.00288283 0.00218429 0.00213838
  0.00176323 0.00157972 0.00155996 0.00177726 0.00134269 0.00143243
  0.00115676 0.00116238 0.00117506 0.00106421 0.00109541 0.00102227
  0.00090319 0.00093353 0.00080748 0.00091104 0.00083787 0.00073306]
 [0.0296476  0.03387188 0.01358271 0.01058171 0.00605527 0.00568673
  0.00474654 0.0035261  0.0034053  0.00265944 0.00205852 0.00208137
  0.00171866 0.00189347 0.00162371 0.00167345 0.00147273 0.00161401
  0.0014961  0.00140612 0.00118803 0.00117068 0.00113443 0.00112632
  0.00106566 0.00106857 0.00104523 0.00099672 0.00096116 0.00090725]
 [0.02370874 0.01962095 0.01108535 0.00897493 0.00674919 0.00586928
  0.00416506 0.00404918 0.00328788 0.00274815 0.00267262 0.00262702
  0.00224397 0.0020154  0.00204042 0.00163195 0.00173428 0.00172818
  0.00163989 0.00153869 0.00142409 0.00162435 0.00139014 0.00146109
  0.00131401 0.00131818 0.00140333 0.00132624 0.00130767 0.00113362]
 [0.0221165  0.01678728 0.00934944 0.00826652 0.00548438 0.00541194
  0.00492001 0.00404768 0.00378434 0.00386404 0.0029692  0.00324617
  0.00295846 0.0027205  0.00257109 0.00221284 0.00233898 0.00230382
  0.0020385  0.00183208 0.00215637 0.00211145 0.00203612 0.00211283
  0.00188935 0.00181021 0.00157014 0.00177169 0.00180156 0.00180746]
 [0.01942617 0.01416669 0.01035667 0.00851056 0.00637781 0.00623569
  0.00539313 0.00457862 0.00479985 0.00416143 0.00387519 0.00360587
  0.003636   0.00346052 0.00293809 0.00338619 0.00357015 0.00315225
  0.00309443 0.00332126 0.00274649 0.00234013 0.00261694 0.00255378
  0.00255646 0.00257379 0.00248013 0.00259041 0.00234047 0.00254097]
 [0.02039687 0.01284007 0.00960043 0.00774579 0.00714726 0.00686576
  0.00651858 0.00592984 0.00535006 0.00483271 0.00534984 0.00473138
  0.00469322 0.00435967 0.00442779 0.00466973 0.00438906 0.00390624
  0.0038006  0.00387197 0.00437601 0.00363299 0.00383361 0.00355501
  0.00420942 0.00376    0.00363226 0.00392585 0.00337636 0.00347018]
 [0.01858554 0.01243339 0.0099729  0.00956369 0.0084488  0.00790775
  0.00689615 0.00697896 0.00651004 0.00637356 0.00642442 0.00665838
  0.00624168 0.00530749 0.00602412 0.00537735 0.0055885  0.00557154
  0.00575322 0.00535276 0.00569031 0.00550172 0.00489814 0.00519851
  0.00500966 0.00498475 0.00501758 0.00520911 0.00516024 0.00475567]
 [0.01541828 0.01273232 0.01003661 0.00918588 0.00980515 0.00800047
  0.00741347 0.00788804 0.00784941 0.00815149 0.00756319 0.00781615
  0.00749377 0.00707981 0.00743409 0.00720889 0.00788468 0.00700794
  0.00709935 0.0069737  0.00703681 0.0068227  0.00690826 0.00662464
  0.00619245 0.00691979 0.00643382 0.00683104 0.00661806 0.00620267]
 [0.01564267 0.01185798 0.01105791 0.00989971 0.00981249 0.00898124
  0.00958758 0.00859081 0.0090957  0.00928034 0.00865598 0.0086402
  0.00834332 0.00874205 0.00823514 0.00846563 0.00809384 0.00806503
  0.00871484 0.00822657 0.00822831 0.00846561 0.0081039  0.00820971
  0.00816925 0.00815101 0.00868038 0.00795504 0.00829102 0.00847732]
 [0.0171558  0.01254595 0.01241885 0.01120655 0.01171822 0.01020465
  0.01081562 0.0101835  0.01021001 0.01062724 0.01064194 0.00995338
  0.01007731 0.01032962 0.01013575 0.01026203 0.01011481 0.00986835
  0.01001456 0.01005296 0.00955529 0.00933783 0.00929725 0.01003066
  0.00979313 0.00949718 0.00955403 0.00975053 0.00967379 0.01005416]
 [0.01664954 0.01481588 0.01535458 0.01541609 0.0152139  0.01506249
  0.01502579 0.01509881 0.01499936 0.01492278 0.01545983 0.01528014
  0.01536298 0.01524971 0.01560914 0.01524    0.01489814 0.01515034
  0.01537827 0.01541883 0.01544079 0.01533928 0.01496699 0.01547068
  0.01523816 0.01535362 0.01503458 0.01547985 0.01549557 0.01518958]
 [0.01666996 0.01727791 0.01682887 0.01735568 0.0179615  0.01765036
  0.01802631 0.01786219 0.01803298 0.01817394 0.0185109  0.0181618
  0.01832909 0.01804653 0.01842663 0.01854318 0.0184706  0.01842739
  0.01862841 0.01872164 0.01857462 0.01870381 0.01887951 0.01868662
  0.01866695 0.01854015 0.01865285 0.01870153 0.01876347 0.0188034 ]
 [0.01812914 0.017819   0.01854468 0.01901099 0.01902985 0.01914994
  0.01933351 0.01943866 0.01948024 0.01947358 0.01963303 0.01956949
  0.01944056 0.01955328 0.01972995 0.01969207 0.01971571 0.01976993
  0.01969915 0.01971276 0.01968566 0.01975705 0.01984219 0.01986431
  0.0197673  0.01982119 0.01989681 0.01976354 0.0198174  0.01994017]
 [0.01899721 0.019231   0.01956208 0.01965441 0.01973998 0.01968771
  0.01984575 0.01979485 0.01989548 0.01987246 0.01985274 0.01990579
  0.01997741 0.0198919  0.01993927 0.02000028 0.01995717 0.01995143
  0.01995716 0.0199989  0.01994538 0.01997684 0.01997626 0.01998667
  0.01999919 0.02000549 0.01995764 0.01993754 0.01997853 0.02003561]]
