args:  Namespace(attack='fgsm', gaussian=True, l2=0, ndim=7)
elapsed time: 8259.197760058
test_losses: [[0.07223445 0.06793379 0.06112678 0.05448832 0.05759989 0.07879993
  0.11278074 0.07786417 0.0457096  0.03209426 0.02262041 0.01723195
  0.0148494  0.01166892 0.01019271 0.00856375 0.00775768 0.00741238
  0.00670571 0.00582695 0.00533777 0.00474689 0.00454938 0.00408473
  0.00414358 0.00403075 0.00343441 0.00333044 0.00318935 0.00328844]
 [0.0629837  0.05725311 0.05874593 0.05417776 0.05512541 0.05047002
  0.04211479 0.03465767 0.02878219 0.02158533 0.01940197 0.01629929
  0.01397319 0.01268815 0.01059637 0.01030926 0.00869924 0.00829378
  0.00807842 0.00759261 0.00627553 0.00574156 0.0055223  0.0056059
  0.00518014 0.00490761 0.00437489 0.00456136 0.0041914  0.00408901]
 [0.06545853 0.06366635 0.06125526 0.05724576 0.05526161 0.04416553
  0.03635022 0.03293091 0.0280893  0.02453501 0.02133891 0.01982177
  0.01847117 0.0167135  0.01612123 0.01570616 0.01506564 0.01166911
  0.01181894 0.01083756 0.01066587 0.01115868 0.00894492 0.00993127
  0.00920331 0.00880948 0.00799448 0.00823102 0.00771223 0.00763799]
 [0.06755436 0.06723049 0.06263836 0.05688007 0.05093071 0.04380015
  0.03981069 0.0372221  0.03193883 0.03029712 0.02913413 0.02739254
  0.02559687 0.02409154 0.02449487 0.02307611 0.02134827 0.02121309
  0.0209155  0.01968545 0.02044523 0.01918644 0.01837931 0.01834135
  0.01766819 0.01754666 0.01788924 0.0172534  0.01618838 0.01586061]
 [0.06719097 0.06625146 0.06424201 0.05643241 0.04924439 0.04429685
  0.04161297 0.03942408 0.03797244 0.03694786 0.03510462 0.03452807
  0.03458916 0.03465862 0.03295906 0.03309303 0.03185411 0.03164598
  0.03140665 0.02979133 0.02992812 0.02983256 0.03007361 0.02979374
  0.02947968 0.02857706 0.03033019 0.02992261 0.02932114 0.02916436]
 [0.06832555 0.06682627 0.06404335 0.05755213 0.05047409 0.04854315
  0.04584506 0.04387617 0.04328008 0.04189442 0.04138477 0.04185782
  0.0402578  0.04130919 0.04068758 0.03989785 0.04033546 0.04088569
  0.03990622 0.0396776  0.04033208 0.04046609 0.04044518 0.03964332
  0.04016467 0.04002658 0.03989096 0.03956179 0.03951078 0.03992871]
 [0.06987305 0.06757165 0.06051174 0.05569305 0.05219197 0.04967921
  0.04738469 0.04735193 0.04689243 0.04661192 0.04642344 0.04734466
  0.04722509 0.04536571 0.04617211 0.04673394 0.04620597 0.04568895
  0.04650554 0.04611228 0.04585142 0.04591071 0.04670367 0.04559062
  0.04644804 0.04628375 0.04604662 0.04684219 0.04603719 0.04652216]
 [0.06991498 0.0661818  0.06184537 0.05683196 0.05465918 0.05300656
  0.05077454 0.05075757 0.04981202 0.05039657 0.04976488 0.04983675
  0.05086178 0.0504702  0.04933367 0.05063015 0.05002807 0.05058107
  0.05027943 0.05048247 0.05079329 0.05027498 0.0506909  0.05071381
  0.05014514 0.05098965 0.05044783 0.05062928 0.05099316 0.05055397]
 [0.07079026 0.06813757 0.05964523 0.05672914 0.05513424 0.0544777
  0.05366744 0.05419107 0.05242757 0.05306944 0.05307091 0.05307747
  0.05412868 0.05362258 0.05442382 0.05412725 0.0539637  0.05414276
  0.0545963  0.05397015 0.05457469 0.05400794 0.05371486 0.05475781
  0.05425519 0.05427891 0.05507214 0.05448108 0.05458218 0.05514806]
 [0.06989219 0.06490706 0.06086036 0.05739581 0.05608457 0.05642843
  0.05605097 0.05613237 0.05587847 0.05594014 0.05578551 0.05644687
  0.05730648 0.05640195 0.05676688 0.05705067 0.05674779 0.05687068
  0.0573866  0.05742174 0.05763802 0.05759862 0.05733865 0.05782264
  0.0575008  0.05810539 0.05749881 0.05817161 0.05841543 0.05780007]
 [0.07114967 0.06534098 0.06058205 0.05864322 0.05776125 0.05750994
  0.05711661 0.05833089 0.0578379  0.05826966 0.05796061 0.05828507
  0.05916599 0.05860021 0.05948904 0.05947947 0.05952038 0.05959738
  0.05956871 0.05961866 0.05984129 0.05996855 0.05959082 0.06051761
  0.0602585  0.06060586 0.06108147 0.06094909 0.06109027 0.06074978]
 [0.07125296 0.06418653 0.06291367 0.0634467  0.06337933 0.06417779
  0.06428693 0.06488026 0.06500881 0.06544938 0.06612843 0.06589388
  0.06621918 0.06661995 0.06673052 0.06713621 0.06695536 0.06709933
  0.06737916 0.0673543  0.06769508 0.06757988 0.06780033 0.06810603
  0.06795563 0.06789894 0.06789707 0.0681387  0.06805795 0.06830857]
 [0.06768315 0.06485715 0.06560498 0.06710055 0.06749789 0.06782852
  0.06767735 0.06824503 0.06841102 0.06862725 0.06837267 0.06889
  0.06888649 0.06887109 0.06907963 0.06907939 0.06915627 0.06910066
  0.06918265 0.06917079 0.06932057 0.06932189 0.069145   0.06931472
  0.06930529 0.06931057 0.0692592  0.06932814 0.06934149 0.06936692]
 [0.06740727 0.06754117 0.06803976 0.06861246 0.06879779 0.06911691
  0.06929187 0.06932654 0.06939054 0.06943501 0.0694653  0.06952198
  0.06948671 0.06964287 0.06957503 0.06960256 0.06956397 0.06953743
  0.06944382 0.06958795 0.06947011 0.06957163 0.06960054 0.06959131
  0.0695055  0.06954875 0.06962403 0.0696176  0.069561   0.06957959]
 [0.06830514 0.06857171 0.0691465  0.06939505 0.06944681 0.06957922
  0.06958659 0.06958571 0.0696921  0.06964209 0.06965063 0.06965952
  0.06970309 0.06968741 0.06963971 0.06965754 0.06964233 0.06971102
  0.06970957 0.06967394 0.06963669 0.0697023  0.06966359 0.06967452
  0.06963042 0.06963474 0.06970432 0.06967633 0.06970935 0.06966845]]
variance: [[4.93327730e-04 6.41431542e-04 1.40594256e-03 1.96455153e-03
  6.07583295e-03 1.49227980e-02 2.38229321e-02 1.26983951e-02
  1.10897166e-02 1.55362681e-03 7.46768477e-04 2.71825142e-04
  1.90583447e-04 1.00654794e-04 9.47750474e-05 5.34922346e-05
  6.91306840e-05 3.51200416e-05 2.39982157e-05 1.64672632e-05
  1.52047287e-05 9.10581003e-06 1.06040061e-05 7.85410794e-06
  7.30610598e-06 7.90804130e-06 5.39275112e-06 3.89005537e-06
  3.67245459e-06 6.48040919e-06]
 [1.88619481e-04 3.46942194e-04 7.43791792e-04 8.46837645e-04
  1.10544211e-03 1.06761221e-03 7.11342172e-04 5.38796361e-04
  4.54373756e-04 2.49237792e-04 1.84072072e-04 1.35364582e-04
  9.13962773e-05 8.64082004e-05 6.84831820e-05 5.80566890e-05
  3.76636980e-05 3.24671056e-05 2.94507029e-05 2.82268903e-05
  1.61344961e-05 1.55203441e-05 1.35581268e-05 1.77057640e-05
  1.03117526e-05 1.29069799e-05 7.57020002e-06 9.42458150e-06
  7.05121113e-06 7.45303997e-06]
 [1.98958056e-04 6.37679384e-04 4.57859295e-04 4.94548136e-04
  7.87872713e-04 5.08983915e-04 2.59805856e-04 2.80841689e-04
  1.75811370e-04 1.44129149e-04 1.17338941e-04 1.33494923e-04
  1.04775637e-04 9.96446789e-05 9.36652252e-05 8.59326777e-05
  8.53919561e-05 4.91601120e-05 6.03366629e-05 5.82596955e-05
  4.86653745e-05 5.45238419e-05 3.50013163e-05 4.61216407e-05
  3.96996745e-05 2.96006074e-05 2.35479865e-05 3.29429932e-05
  2.47753146e-05 2.37973732e-05]
 [2.03889515e-04 4.90744339e-04 4.31935953e-04 4.93525054e-04
  5.19849872e-04 2.47283936e-04 2.43020732e-04 2.41553681e-04
  1.73844897e-04 1.49020036e-04 1.34979429e-04 1.25515437e-04
  1.21860381e-04 1.23645306e-04 1.28211809e-04 1.01775456e-04
  1.01470983e-04 1.17847469e-04 1.01425095e-04 1.06842977e-04
  1.04938740e-04 9.96685810e-05 9.36637693e-05 9.76567188e-05
  7.81610392e-05 7.45157337e-05 8.54127069e-05 8.87398603e-05
  7.30719629e-05 7.57018818e-05]
 [2.05148086e-04 3.66712416e-04 3.64800084e-04 3.79124410e-04
  2.23856889e-04 1.80479104e-04 1.60978467e-04 1.33887134e-04
  1.37828628e-04 1.03135350e-04 1.13986663e-04 1.19496098e-04
  9.89853661e-05 1.20912485e-04 9.66308301e-05 1.05054949e-04
  9.08460041e-05 1.06798172e-04 1.08077776e-04 1.01917654e-04
  9.90473238e-05 1.11678668e-04 1.04489627e-04 1.08957408e-04
  9.37204086e-05 1.02665735e-04 1.09095423e-04 9.72599435e-05
  1.18243332e-04 9.26250156e-05]
 [1.73081178e-04 3.54859502e-04 4.33173506e-04 3.59765006e-04
  2.24967469e-04 1.49189869e-04 1.04735559e-04 1.27287350e-04
  9.98164055e-05 9.56552851e-05 1.08813579e-04 1.10158493e-04
  9.44218520e-05 9.78789605e-05 8.40277597e-05 9.87481877e-05
  7.52660536e-05 7.71793904e-05 7.39099748e-05 7.49619172e-05
  7.57187106e-05 8.40759689e-05 6.69561839e-05 7.72114785e-05
  6.42948808e-05 6.39305692e-05 7.18484949e-05 5.98007414e-05
  6.95833454e-05 6.79938205e-05]
 [3.72729583e-04 4.10926092e-04 2.75589039e-04 2.36641739e-04
  1.46603712e-04 1.00953515e-04 1.02022508e-04 9.78063694e-05
  7.93210918e-05 7.22877089e-05 7.97558692e-05 6.57995115e-05
  6.38243353e-05 5.79854921e-05 6.42197776e-05 5.73072288e-05
  6.47720392e-05 6.40655304e-05 5.92920161e-05 4.58250023e-05
  5.94803897e-05 5.16462850e-05 5.17140890e-05 5.26841860e-05
  4.96869063e-05 4.60028382e-05 4.62898122e-05 4.80839867e-05
  4.33488890e-05 4.48768836e-05]
 [2.95484943e-04 3.78813629e-04 3.06744097e-04 1.89009191e-04
  1.19614368e-04 1.04869820e-04 7.07920447e-05 7.87765779e-05
  6.84138133e-05 5.13922051e-05 5.75525847e-05 5.86325205e-05
  4.68964239e-05 5.08257006e-05 5.55637900e-05 4.72099929e-05
  4.56895829e-05 4.05875616e-05 4.77178301e-05 4.33187086e-05
  4.74915419e-05 5.25111394e-05 3.64590264e-05 3.81138327e-05
  4.36761316e-05 3.57118931e-05 4.11722766e-05 4.45473071e-05
  4.38994711e-05 3.49990406e-05]
 [2.48317977e-04 3.39680209e-04 1.31216535e-04 1.46109213e-04
  9.96662107e-05 7.52416064e-05 5.02810383e-05 5.24416570e-05
  5.17074451e-05 4.71003818e-05 4.68639789e-05 4.04129234e-05
  4.49414935e-05 4.83937814e-05 3.74463976e-05 3.89982539e-05
  4.02623095e-05 3.59809137e-05 3.76215720e-05 3.19707053e-05
  3.84617524e-05 3.51064088e-05 3.27195849e-05 3.43989470e-05
  3.31831013e-05 3.00308980e-05 3.40746604e-05 3.53103876e-05
  3.51445709e-05 3.10474488e-05]
 [2.20712909e-04 2.16959861e-04 1.76958010e-04 7.36935673e-05
  6.07122582e-05 5.05757231e-05 4.85690771e-05 4.98001980e-05
  4.32008694e-05 3.73707929e-05 3.82732866e-05 3.72057051e-05
  4.01259643e-05 3.58568260e-05 3.67791924e-05 3.52352359e-05
  4.28245861e-05 3.65129813e-05 3.37572062e-05 3.37402697e-05
  2.94294216e-05 2.83277717e-05 2.86011543e-05 3.00479817e-05
  3.08546332e-05 2.83896071e-05 2.81809482e-05 2.81296360e-05
  2.64541343e-05 2.87851909e-05]
 [4.51775845e-04 2.55250443e-04 1.31061414e-04 6.23527096e-05
  5.53281940e-05 4.94381633e-05 3.87425827e-05 3.70311439e-05
  3.84008649e-05 3.16431558e-05 3.58016922e-05 3.22763114e-05
  2.93777258e-05 3.44549110e-05 2.96976687e-05 2.65558093e-05
  2.57664323e-05 2.74541040e-05 2.80531740e-05 2.65895425e-05
  2.48643505e-05 2.36029543e-05 2.54552874e-05 2.35192359e-05
  2.59016162e-05 2.37389832e-05 2.08526392e-05 2.07405730e-05
  2.03978136e-05 2.09953932e-05]
 [2.71335521e-04 6.90204064e-05 4.25100624e-05 2.86276946e-05
  2.26637554e-05 2.04608231e-05 2.03662361e-05 1.88733283e-05
  1.71499835e-05 1.31471847e-05 1.15295153e-05 1.43285490e-05
  1.17431425e-05 9.51026796e-06 9.18806292e-06 7.91827762e-06
  9.16872859e-06 8.09443154e-06 6.53104318e-06 5.99611440e-06
  5.81156817e-06 5.71142109e-06 4.52605303e-06 3.67085093e-06
  4.15859133e-06 4.16564271e-06 4.85364887e-06 3.78427937e-06
  3.46226836e-06 2.79068738e-06]
 [9.62416237e-05 3.55673846e-05 2.17759179e-05 1.31744263e-05
  9.35598925e-06 8.56972653e-06 7.84289277e-06 5.50584147e-06
  5.74281396e-06 3.36949682e-06 4.35872946e-06 2.13418058e-06
  2.22060089e-06 2.00541625e-06 1.21878274e-06 1.17754208e-06
  1.26148602e-06 1.24830576e-06 7.77232454e-07 1.16082894e-06
  5.28497025e-07 7.71180939e-07 9.88342890e-07 5.09996112e-07
  4.97435495e-07 5.64095028e-07 4.09885038e-07 7.28319581e-07
  5.54524324e-07 4.17024764e-07]
 [3.57981396e-05 1.47887818e-05 7.91240400e-06 5.86069457e-06
  3.11190032e-06 2.00086164e-06 1.39074133e-06 1.39317636e-06
  7.22435343e-07 6.75160989e-07 6.74939258e-07 5.76812571e-07
  5.78053764e-07 4.39800593e-07 4.16584261e-07 4.13573266e-07
  3.58428452e-07 5.14654178e-07 5.02451019e-07 4.29728834e-07
  4.36197153e-07 3.57444226e-07 4.31474052e-07 4.01523998e-07
  4.35445157e-07 4.32017987e-07 4.10439387e-07 3.67627425e-07
  4.42161796e-07 4.15290350e-07]
 [1.95818207e-05 6.47448267e-06 2.82379404e-06 1.52205232e-06
  1.17472398e-06 5.27838324e-07 4.04061170e-07 4.07612168e-07
  3.76533200e-07 3.92419181e-07 3.56189183e-07 4.11278545e-07
  3.83916412e-07 3.32516337e-07 4.36913310e-07 3.64250039e-07
  3.48651117e-07 3.47592842e-07 4.19779258e-07 3.27174147e-07
  3.32256825e-07 4.18659966e-07 3.57444116e-07 4.12261519e-07
  4.61606643e-07 3.61848857e-07 3.71581984e-07 4.90039960e-07
  3.13491945e-07 3.59022941e-07]]
