args:  Namespace(attack='fgsm', gaussian=True, l2=0.1, ndim=1)
elapsed time: 2607.436112829
mins: [[3.59354999e-08 7.55943717e-08 4.81322672e-07 2.20201031e-08
  5.75962247e-08 2.99996088e-07 5.80495168e-07 8.33329750e-07
  3.16246400e-07 1.21333477e-09 7.27568903e-08 2.25214808e-05
  9.53683320e-06 3.73800503e-05 1.37210250e-07 5.42109410e-06
  1.62072013e-07 5.34026003e-05 5.82388611e-06 1.69959534e-07
  1.78305538e-06 2.40159738e-06 1.83913908e-05 2.02132853e-07
  5.29460840e-06 1.67000906e-06 1.27768117e-05 8.88056150e-07
  4.82830728e-05 1.22197044e-08]
 [1.32656311e-07 5.44810597e-08 3.68199409e-08 1.85710647e-07
  2.50582612e-08 1.03690585e-08 1.12879331e-06 5.11393095e-10
  1.22141705e-06 3.35822051e-06 4.54313059e-10 3.49752554e-06
  5.89183173e-07 1.33853337e-06 3.92076981e-05 1.86597606e-06
  2.48943568e-08 3.91955325e-07 1.83406090e-09 4.71645745e-09
  1.55272530e-04 5.37298656e-05 8.20630430e-06 1.18581875e-06
  1.02404993e-05 4.62306025e-06 2.45407421e-07 6.97386724e-07
  7.16377417e-06 1.18173302e-04]
 [2.39642503e-07 2.78445214e-06 1.95357174e-07 1.43299417e-09
  1.93834691e-08 1.86877802e-08 2.41543580e-06 1.68356235e-06
  1.91665436e-07 3.81885741e-07 1.38830762e-06 6.13961106e-07
  1.67540524e-08 3.35783843e-05 3.62641458e-06 1.87954138e-05
  1.36814094e-06 2.37441697e-07 3.17703257e-06 4.79346269e-08
  8.91937543e-06 1.33550493e-05 1.28590693e-06 1.47441256e-06
  5.34051560e-06 8.86053094e-05 1.08480046e-04 7.96963846e-08
  2.91886117e-05 1.27789426e-05]
 [8.55096827e-10 2.73614683e-06 6.01998380e-08 3.99951546e-07
  1.44656497e-06 1.48309082e-05 4.47843547e-07 2.30568034e-07
  5.26153940e-07 1.01370608e-06 2.04255414e-07 2.57753697e-07
  2.19468475e-07 7.84720044e-07 1.38586461e-06 7.93118579e-06
  2.21633927e-05 4.17633231e-07 2.21309676e-07 3.05450931e-06
  3.79609355e-06 3.59138085e-06 3.74383053e-05 3.88381125e-07
  1.27772796e-06 7.60973251e-07 3.23796557e-05 1.34209140e-05
  7.50415566e-05 5.28386090e-06]
 [9.33506605e-10 3.43043439e-07 2.10060847e-07 3.36106112e-08
  1.26772228e-08 5.70140770e-08 3.21464631e-06 4.76595375e-07
  4.11752922e-07 1.30711833e-05 5.55941178e-08 5.60739011e-07
  1.42706176e-05 2.07579933e-06 2.37481140e-06 1.76008029e-06
  7.58043541e-07 1.73317858e-05 4.71973305e-09 8.74838520e-07
  3.94649651e-05 2.64584310e-06 5.47892432e-06 4.14434567e-07
  1.82149563e-06 2.70284499e-06 1.81917960e-06 2.24490668e-05
  7.82481857e-06 1.62253332e-06]
 [7.51754214e-10 2.07799545e-07 8.57288107e-09 4.10935321e-08
  1.26164196e-07 9.47031564e-10 1.52448223e-07 1.12068938e-06
  1.20074418e-07 1.14618592e-06 1.04913518e-07 7.38500557e-06
  1.23097414e-06 8.95147593e-07 6.90747299e-08 2.99508974e-06
  7.44073350e-06 1.07107226e-05 1.79067229e-06 3.78908248e-06
  2.48701838e-07 1.53212509e-09 3.06514403e-06 1.62021092e-06
  8.85409435e-08 8.54957420e-08 3.41800333e-05 2.78814841e-05
  1.69667728e-05 9.56048189e-06]
 [1.61913690e-07 1.45264607e-07 1.15857375e-07 1.79408772e-08
  7.23307437e-07 6.60942192e-07 1.27361091e-07 2.80126642e-08
  4.97279552e-06 5.56672255e-08 1.18784953e-07 8.18822173e-07
  6.04545747e-08 4.25218332e-08 6.28490540e-08 6.52017329e-10
  6.47290221e-09 1.37024855e-07 3.95140796e-06 1.53772959e-07
  4.49320652e-07 1.57062644e-07 5.03143747e-05 3.83241279e-08
  6.67918066e-05 2.85535947e-07 1.17736308e-05 4.35118418e-05
  6.45312175e-05 1.70043324e-06]
 [9.11564996e-07 3.09047721e-07 8.05286788e-07 6.46935462e-07
  1.39013352e-07 1.38297514e-06 6.87492800e-08 1.14546438e-07
  1.23384598e-06 4.95770447e-09 1.05184165e-06 8.03810144e-06
  8.89550847e-07 6.51805809e-09 7.06248002e-08 4.92627805e-06
  1.30893579e-06 6.85468831e-06 6.90611851e-05 8.77446311e-08
  2.07511639e-05 8.42058284e-07 2.45262163e-05 3.03445790e-06
  8.15063322e-06 2.35577827e-05 3.17616156e-10 1.64441201e-06
  3.04884520e-06 3.86773308e-06]
 [5.82058419e-07 8.46220303e-07 2.13439932e-09 1.74776596e-10
  2.37326869e-08 2.41791918e-06 4.20066908e-06 1.61122534e-06
  9.56575263e-07 9.45982629e-06 1.07463078e-08 1.96065048e-06
  7.32205820e-07 5.54951669e-07 3.12516704e-06 2.32957996e-06
  4.41236489e-06 8.04858928e-07 1.39484882e-07 9.34585557e-07
  2.00689010e-06 8.14916984e-06 2.38772509e-06 3.68067776e-05
  2.98112100e-05 1.62590618e-06 1.05370077e-06 1.31338811e-05
  1.15747845e-07 7.58587748e-06]
 [6.79366394e-07 6.36104360e-08 1.29037172e-08 1.63190066e-06
  4.84088947e-09 2.59251897e-06 4.62034722e-09 4.59542377e-07
  2.15256546e-06 5.83614678e-07 5.15777288e-07 6.75933006e-06
  1.20527584e-05 5.84534865e-09 2.13182005e-08 2.10530743e-06
  5.46768479e-06 5.43853787e-07 1.29250147e-05 2.48434361e-07
  7.21949561e-07 3.34992433e-06 2.85650390e-06 5.47473007e-07
  2.52956465e-06 3.13263149e-06 7.66795165e-06 1.45355880e-04
  2.89947835e-08 6.43135036e-06]
 [4.67699159e-08 6.69732344e-07 1.60358468e-07 2.42311220e-08
  9.68651150e-08 5.80368010e-07 1.54201598e-06 6.10109453e-07
  1.75208868e-07 2.32836937e-05 4.16714147e-06 1.13144188e-06
  9.16031979e-07 1.59615593e-05 1.28337192e-07 4.48155552e-05
  3.94407067e-07 1.17698273e-05 8.49581411e-05 1.88098738e-06
  7.81175841e-05 3.83291117e-05 1.01637238e-06 1.58258281e-05
  1.89136733e-06 3.81267171e-07 2.00212289e-05 4.97279552e-06
  5.32641764e-07 4.30653472e-06]
 [2.81609050e-06 2.17837002e-08 7.00895328e-07 9.40472262e-07
  1.21665888e-09 3.40887345e-06 2.12747091e-06 5.28654664e-06
  1.35679193e-05 2.77638374e-05 5.49914461e-08 2.55707391e-06
  9.22995696e-06 2.03898926e-05 3.16015830e-05 1.04108585e-06
  1.69708983e-05 9.73332348e-09 5.89338697e-07 7.69741891e-05
  1.84528908e-05 4.50328043e-05 1.72400585e-04 5.13333362e-05
  3.86254869e-05 1.46672187e-06 1.53130770e-03 2.47433627e-06
  4.83641998e-05 3.61638413e-05]
 [3.21387688e-06 3.52912029e-05 1.95778924e-07 4.86077352e-06
  5.97059670e-06 1.09273380e-04 1.22274942e-04 1.38108328e-06
  9.14145785e-04 1.45510968e-03 2.04628130e-04 1.85111421e-03
  2.89231753e-06 1.62132492e-04 2.64827540e-04 5.54962317e-04
  1.84103625e-03 4.91432547e-06 4.96764005e-06 6.23545027e-04
  1.63772313e-06 1.93518499e-04 1.10293979e-04 6.16233470e-03
  4.61838022e-03 4.94847214e-03 1.31536182e-03 8.01215938e-04
  4.97063715e-03 1.34466421e-02]
 [1.78557954e-07 8.47822093e-07 1.15848452e-05 4.79730033e-06
  2.85992228e-05 2.38567183e-04 2.21496579e-04 7.16092531e-04
  2.86941708e-04 3.46802315e-03 9.17089230e-04 9.71055962e-03
  2.26812790e-06 4.95162094e-04 1.14683388e-02 1.56358641e-03
  5.74154546e-03 4.38349769e-02 5.36134616e-02 1.11959465e-02
  5.38989753e-02 3.62419225e-02 1.44257369e-02 6.64910674e-02
  8.24394673e-02 6.97054937e-02 4.81462135e-04 5.13922423e-02
  1.48354918e-01 1.08650401e-01]
 [1.09507397e-07 1.66109421e-05 6.40899373e-07 6.60859654e-03
  5.71843811e-05 2.75938353e-03 1.87359075e-03 1.63660094e-03
  5.11447014e-03 8.19753557e-02 6.29158244e-02 9.26857591e-02
  4.19901088e-02 1.37199566e-01 8.32931623e-02 2.78533876e-01
  1.72261938e-01 1.52626574e-01 7.70402402e-02 3.50777090e-01
  1.74541086e-01 1.84278280e-01 2.05237105e-01 2.72852331e-01
  5.00563502e-01 8.07691813e-01 3.58396918e-01 6.54675364e-02
  4.81334776e-01 5.28760433e-01]]
maxs: [[4.05633360e-01 5.69067955e-01 3.41394037e-01 6.94505930e-01
  8.62125695e-01 1.72017336e+00 2.59509420e+00 1.20420361e+00
  3.11040974e+00 2.08662987e+00 4.02705574e+00 5.34921885e+00
  4.38081837e+00 4.39138889e+00 2.88196421e+00 4.54094219e+00
  4.50336552e+00 8.66582012e+00 6.16320801e+00 5.01981831e+00
  8.44964695e+00 1.14680967e+01 6.97620678e+00 5.41916943e+00
  1.07402010e+01 9.48319435e+00 1.19187899e+01 1.13092289e+01
  1.65521431e+01 1.16901731e+01]
 [5.05456388e-01 4.60822791e-01 4.48716730e-01 4.57339883e-01
  6.79748476e-01 2.01529551e+00 1.93528759e+00 1.70448041e+00
  2.82217479e+00 2.41761899e+00 2.57661867e+00 3.67703056e+00
  3.92339802e+00 7.13764524e+00 6.17553711e+00 4.89892197e+00
  4.42594576e+00 6.37927723e+00 5.26966000e+00 8.15988731e+00
  6.16984510e+00 1.09744387e+01 9.28241634e+00 1.04359312e+01
  1.15098534e+01 9.12014866e+00 9.76462364e+00 1.35709677e+01
  1.20587540e+01 1.61755581e+01]
 [3.22081536e-01 7.34145880e-01 8.59775066e-01 7.13193715e-01
  7.98533678e-01 2.52610111e+00 1.65916443e+00 1.77375638e+00
  4.35571480e+00 3.24373555e+00 4.77443027e+00 3.75746512e+00
  4.31036139e+00 5.12364483e+00 6.65489054e+00 8.13101387e+00
  6.75998306e+00 9.04872894e+00 1.16583548e+01 1.24142971e+01
  7.95860100e+00 9.78581047e+00 1.09903898e+01 1.59961061e+01
  1.24410830e+01 1.38837938e+01 1.53211422e+01 1.54576454e+01
  1.48706970e+01 2.07782784e+01]
 [2.68257350e-01 5.54617941e-01 5.35024405e-01 7.77539611e-01
  1.39040864e+00 1.85058475e+00 1.04563701e+00 2.47440028e+00
  1.40430522e+00 3.25903964e+00 3.45826578e+00 3.56481242e+00
  3.32473230e+00 5.74100971e+00 9.25267124e+00 5.08998585e+00
  5.28531742e+00 5.89393139e+00 9.13079357e+00 9.90712261e+00
  6.80133486e+00 1.41530542e+01 1.10356417e+01 1.67729225e+01
  9.45081139e+00 1.37071180e+01 2.24859371e+01 1.44246330e+01
  1.84459991e+01 1.38845701e+01]
 [2.37005353e-01 2.85845965e-01 6.22910440e-01 2.13465953e+00
  1.56128478e+00 1.68061864e+00 1.39780629e+00 2.51133204e+00
  2.05423665e+00 3.28611183e+00 3.50111389e+00 3.13931465e+00
  3.96065402e+00 5.39459705e+00 8.87042618e+00 6.34012699e+00
  6.24999714e+00 8.48485565e+00 9.49772358e+00 9.62366581e+00
  8.41425133e+00 1.30985746e+01 1.08321495e+01 1.13107882e+01
  1.59149208e+01 1.21197767e+01 1.65026512e+01 1.41679602e+01
  1.63000660e+01 1.33443947e+01]
 [1.42974153e-01 2.33534202e-01 6.80775881e-01 9.89800513e-01
  2.12379837e+00 2.58883762e+00 2.21498799e+00 2.53513265e+00
  3.73364902e+00 3.95984626e+00 3.54607964e+00 5.74815941e+00
  5.33712530e+00 5.14168406e+00 5.77620363e+00 4.98520279e+00
  5.97181320e+00 1.03752089e+01 7.23589516e+00 1.48129721e+01
  1.13362560e+01 1.86181526e+01 1.76520348e+01 1.57048168e+01
  1.44324780e+01 1.59526501e+01 2.61543407e+01 2.03681030e+01
  1.64008293e+01 2.16710300e+01]
 [2.69774884e-01 9.72654283e-01 7.16669321e-01 3.18899727e+00
  1.31625366e+00 1.88514113e+00 4.00365829e+00 3.52963018e+00
  2.50632977e+00 6.04153252e+00 5.19701529e+00 4.63590288e+00
  5.08502626e+00 7.87336731e+00 7.23279190e+00 6.47109985e+00
  1.04125700e+01 1.37854605e+01 7.69643068e+00 1.02048855e+01
  1.25362711e+01 1.43004570e+01 1.80941086e+01 1.36896391e+01
  1.29699364e+01 1.84325809e+01 1.76291523e+01 1.63885918e+01
  1.78369083e+01 1.74100189e+01]
 [1.26552016e-01 1.58639812e+00 1.25300050e+00 9.47214305e-01
  2.21950006e+00 2.74921560e+00 2.91015410e+00 3.10225201e+00
  3.52798176e+00 6.69495010e+00 6.23313332e+00 7.14848566e+00
  7.93223143e+00 7.93553114e+00 1.24888535e+01 9.98958683e+00
  1.02813578e+01 1.08070621e+01 1.60364189e+01 1.71307182e+01
  2.07240238e+01 1.94044132e+01 1.84732952e+01 1.69167805e+01
  1.37379427e+01 1.91699200e+01 1.87737274e+01 1.96120510e+01
  2.41927605e+01 1.64338684e+01]
 [1.33163154e-01 7.80686319e-01 7.61249840e-01 2.68448734e+00
  1.59131503e+00 2.74629188e+00 4.15817976e+00 4.34341478e+00
  2.96420979e+00 7.84052372e+00 5.16409874e+00 5.50772381e+00
  7.47708178e+00 5.73994827e+00 6.40045309e+00 1.00001278e+01
  1.05245419e+01 1.35899515e+01 1.69671612e+01 1.44441891e+01
  1.51705856e+01 2.37330227e+01 2.07633419e+01 2.21313133e+01
  2.54187737e+01 2.30683403e+01 2.01142311e+01 2.55011826e+01
  2.27988186e+01 2.77644901e+01]
 [3.61952007e-01 3.78244907e-01 1.16357636e+00 1.47523665e+00
  2.36133099e+00 2.91805577e+00 3.04367685e+00 3.22582340e+00
  3.33175445e+00 8.51874161e+00 5.44248295e+00 6.92916870e+00
  8.34381866e+00 1.07853251e+01 1.01518478e+01 1.46438856e+01
  1.86019344e+01 1.34057264e+01 1.71956711e+01 1.20408134e+01
  1.44924126e+01 1.48504381e+01 1.94601212e+01 2.73907585e+01
  2.63065205e+01 2.70195045e+01 2.35024929e+01 3.04781322e+01
  2.89375362e+01 3.33635292e+01]
 [3.51407886e-01 4.09318119e-01 2.83068776e+00 1.27110219e+00
  2.90773892e+00 3.24869752e+00 2.86095190e+00 2.49609470e+00
  5.11488771e+00 5.02306080e+00 7.86036634e+00 7.27704334e+00
  6.30954170e+00 1.12816801e+01 8.59348583e+00 1.60574589e+01
  1.60500851e+01 3.33225403e+01 1.35167503e+01 1.84031525e+01
  1.57253256e+01 2.41492252e+01 2.57893677e+01 2.26937256e+01
  2.90427685e+01 3.08314056e+01 3.20840454e+01 3.72493935e+01
  4.62632751e+01 3.56436729e+01]
 [2.50217772e+00 1.03223181e+00 1.84405935e+00 2.60435915e+00
  4.29503155e+00 5.31648064e+00 3.17074132e+00 4.99603510e+00
  7.39057684e+00 1.15838194e+01 7.25405407e+00 1.09048853e+01
  1.54810390e+01 1.62450256e+01 1.18759823e+01 2.33028336e+01
  2.23296852e+01 2.77081738e+01 3.53508682e+01 2.41830444e+01
  2.90686417e+01 3.09132881e+01 5.16181259e+01 3.97875175e+01
  5.25334511e+01 4.41289291e+01 5.19955292e+01 4.82805519e+01
  8.05150070e+01 4.68050766e+01]
 [6.26183629e-01 1.43183970e+00 1.79117036e+00 4.37600183e+00
  3.74124670e+00 6.52308941e+00 7.84451532e+00 1.31697998e+01
  9.29479504e+00 1.97768116e+01 1.68782425e+01 1.91907291e+01
  3.01225166e+01 2.11999626e+01 2.53296185e+01 4.02820206e+01
  3.00756741e+01 4.89606895e+01 4.75674934e+01 4.65103455e+01
  3.50132141e+01 5.89794884e+01 5.75392227e+01 5.31843033e+01
  6.85951157e+01 7.01356964e+01 7.31369858e+01 7.34085464e+01
  7.00581741e+01 7.39635162e+01]
 [4.88691717e-01 1.61766100e+00 4.95448589e+00 6.03053427e+00
  5.74414110e+00 4.99240160e+00 1.14251318e+01 1.17661686e+01
  1.42892675e+01 2.85002937e+01 1.57532778e+01 2.53658428e+01
  2.48360939e+01 3.31938705e+01 3.81897316e+01 6.48219223e+01
  4.37035370e+01 5.67392769e+01 4.52527199e+01 8.33141022e+01
  6.17880669e+01 7.32463531e+01 1.08443993e+02 7.61196060e+01
  9.34587021e+01 7.65332947e+01 1.62372833e+02 1.32287125e+02
  1.14935814e+02 1.60139725e+02]
 [2.73558903e+00 1.76468134e+00 4.62232685e+00 9.11101913e+00
  7.74183655e+00 7.55485964e+00 1.45929747e+01 1.84128189e+01
  2.74257889e+01 3.41645470e+01 3.19403667e+01 4.07668571e+01
  3.76760025e+01 5.34576874e+01 7.41134415e+01 5.98761902e+01
  7.04148788e+01 8.55649414e+01 9.16760254e+01 8.10006027e+01
  1.23416893e+02 1.37503235e+02 1.04407982e+02 1.26981750e+02
  1.44136108e+02 1.69410507e+02 1.56801315e+02 1.64354126e+02
  2.02974136e+02 1.93708969e+02]]
test_losses: [[3.65948578e-02 1.62614776e-02 1.52218037e-02 2.95135959e-02
  4.06907676e-02 6.42355584e-02 9.86469162e-02 9.27910296e-02
  1.71251923e-01 1.67363507e-01 2.46121083e-01 2.76037923e-01
  3.23560297e-01 3.27596200e-01 3.98259828e-01 4.88607678e-01
  5.10500663e-01 6.59811103e-01 6.92376094e-01 7.25701343e-01
  8.07115824e-01 1.13924852e+00 9.53811969e-01 1.01738150e+00
  1.45813256e+00 1.27166530e+00 1.32322779e+00 1.44320948e+00
  1.75500743e+00 1.73956785e+00]
 [3.11745124e-02 1.68731806e-02 1.99263065e-02 2.16085011e-02
  4.30388887e-02 6.74419534e-02 9.18341160e-02 1.17034068e-01
  1.26269118e-01 2.04004844e-01 2.16682568e-01 3.28203755e-01
  3.46405301e-01 3.90615422e-01 5.25146804e-01 5.52607418e-01
  5.19819872e-01 6.46041688e-01 8.08869955e-01 8.79832167e-01
  9.28964568e-01 9.74092099e-01 1.12735877e+00 1.27173811e+00
  1.40317127e+00 1.55359224e+00 1.56269323e+00 1.64107099e+00
  1.77593423e+00 2.00473114e+00]
 [2.27236304e-02 1.62656297e-02 1.46203734e-02 3.06890590e-02
  4.15905695e-02 7.77116059e-02 7.99846805e-02 1.38000806e-01
  1.95765311e-01 2.29254633e-01 2.78144992e-01 3.47612177e-01
  3.88130640e-01 4.44946655e-01 5.22605813e-01 6.79634513e-01
  6.61549072e-01 7.53704697e-01 8.80268314e-01 9.37604751e-01
  1.09605984e+00 1.09027611e+00 1.10574389e+00 1.47004855e+00
  1.56214522e+00 1.70455030e+00 1.73965725e+00 1.78252208e+00
  2.19202071e+00 2.00085934e+00]
 [1.65894736e-02 1.44220850e-02 2.42826342e-02 3.43285301e-02
  5.98102165e-02 7.69407581e-02 1.01860224e-01 1.62644973e-01
  1.65166107e-01 2.28226687e-01 3.03865432e-01 3.48934284e-01
  4.10256364e-01 5.35130540e-01 6.13484337e-01 6.21242554e-01
  7.27145619e-01 9.06110526e-01 8.73908068e-01 9.66641792e-01
  1.04173430e+00 1.31783406e+00 1.36258308e+00 1.58505339e+00
  1.61550492e+00 2.00992529e+00 1.71845363e+00 2.15033987e+00
  2.08187024e+00 1.95317360e+00]
 [1.48942602e-02 1.10756911e-02 2.48177859e-02 4.55779815e-02
  6.48031138e-02 1.01451239e-01 1.09895712e-01 1.95108898e-01
  2.10524877e-01 2.52007770e-01 2.41046713e-01 3.91494398e-01
  4.71653991e-01 5.54499978e-01 5.68178635e-01 7.05681836e-01
  8.16724397e-01 8.86914524e-01 1.13434900e+00 1.16470095e+00
  1.19355494e+00 1.44633059e+00 1.64703806e+00 1.73708971e+00
  1.91106405e+00 1.70018806e+00 2.01350505e+00 2.11199853e+00
  2.42309653e+00 2.59276265e+00]
 [1.20094605e-02 1.13279559e-02 2.09850643e-02 4.18178970e-02
  6.42950373e-02 1.06061424e-01 1.46598280e-01 1.62846542e-01
  2.36682619e-01 3.13383909e-01 3.19653506e-01 4.93817941e-01
  5.41498827e-01 6.28016890e-01 6.15139537e-01 6.77498473e-01
  9.08420133e-01 9.64908579e-01 1.20772371e+00 1.25470339e+00
  1.26406877e+00 1.63810525e+00 1.63816345e+00 1.84041698e+00
  2.03072538e+00 2.52127329e+00 2.08952880e+00 2.80368954e+00
  2.74575422e+00 2.72427331e+00]
 [1.32204603e-02 1.43358947e-02 3.28412888e-02 5.18585238e-02
  7.71840516e-02 1.12814669e-01 1.70347677e-01 2.11941119e-01
  2.26274906e-01 4.35992380e-01 4.40933780e-01 4.82158334e-01
  6.76867148e-01 6.45919192e-01 8.77008472e-01 8.50132620e-01
  1.03947638e+00 1.34132947e+00 1.14933084e+00 1.49943135e+00
  1.49461829e+00 1.59476510e+00 2.00837338e+00 1.96585757e+00
  2.44156209e+00 2.30560735e+00 2.53170614e+00 3.05120620e+00
  3.03356770e+00 3.62602081e+00]
 [1.15238734e-02 2.16226668e-02 3.31363474e-02 3.76874122e-02
  8.91016140e-02 1.60348425e-01 1.90610182e-01 2.33979314e-01
  3.34159424e-01 4.42686782e-01 5.96798242e-01 5.33301554e-01
  6.46896477e-01 7.44285186e-01 9.66518870e-01 1.01800998e+00
  1.29128309e+00 1.38353820e+00 1.71714806e+00 1.65406992e+00
  1.96208090e+00 2.03635904e+00 2.38298165e+00 2.33980283e+00
  2.47883571e+00 2.46937931e+00 3.14889002e+00 2.99836181e+00
  3.27093445e+00 2.97201608e+00]
 [1.04729166e-02 1.97238620e-02 3.43850372e-02 7.46763052e-02
  9.66546715e-02 1.46360473e-01 1.98446250e-01 2.84354062e-01
  2.88665424e-01 3.89914751e-01 5.38916152e-01 5.73460871e-01
  8.17032359e-01 9.51034092e-01 8.85922976e-01 1.32300643e+00
  1.28070692e+00 1.57720006e+00 1.80810492e+00 1.95074562e+00
  1.99061027e+00 2.20358445e+00 2.47705784e+00 2.68324802e+00
  2.48229872e+00 2.87029379e+00 3.22152674e+00 3.82236487e+00
  4.24322024e+00 3.98452861e+00]
 [1.15344283e-02 1.72384122e-02 4.18933629e-02 7.53923043e-02
  1.25367318e-01 1.57378804e-01 2.21041557e-01 2.85738474e-01
  3.44848692e-01 4.43748586e-01 5.96804984e-01 6.77030371e-01
  8.74885292e-01 9.13073894e-01 1.06790260e+00 1.42260099e+00
  1.70812623e+00 1.79364651e+00 1.84610983e+00 1.87852986e+00
  2.26860325e+00 2.16420339e+00 2.60502773e+00 3.14308118e+00
  3.13985689e+00 3.59292019e+00 3.81713216e+00 3.79589456e+00
  4.49725988e+00 5.03744945e+00]
 [1.10649078e-02 2.43361089e-02 6.08757414e-02 7.69535577e-02
  1.50849443e-01 1.99297487e-01 2.38525716e-01 3.29229213e-01
  4.06440468e-01 5.27338745e-01 6.76443297e-01 8.45812229e-01
  9.00167225e-01 1.25158972e+00 1.15189696e+00 1.51002131e+00
  1.53980481e+00 2.06216424e+00 1.97514720e+00 2.18628270e+00
  2.29532562e+00 2.96268572e+00 3.23785328e+00 3.60167300e+00
  3.66444836e+00 3.68640852e+00 4.35721627e+00 4.97277824e+00
  5.03967729e+00 4.51973740e+00]
 [2.29448861e-02 3.57974241e-02 8.65329654e-02 1.31665623e-01
  2.43629190e-01 3.53703473e-01 4.25006303e-01 5.49223301e-01
  7.65410092e-01 1.03924339e+00 1.12670801e+00 1.66988303e+00
  1.52815659e+00 1.87315035e+00 2.28683001e+00 2.74139968e+00
  3.05794603e+00 3.35496276e+00 3.57684759e+00 3.89523012e+00
  4.44121826e+00 4.44284380e+00 5.57687680e+00 5.52570079e+00
  6.65600522e+00 7.14227759e+00 6.67256598e+00 8.69322830e+00
  8.63961694e+00 9.98733493e+00]
 [1.98459620e-02 6.33107772e-02 1.34126189e-01 2.31522510e-01
  3.80442249e-01 5.84508195e-01 8.44360435e-01 1.09914479e+00
  1.22695728e+00 1.77727360e+00 2.07545268e+00 2.48940637e+00
  2.66306680e+00 3.15817223e+00 4.11141117e+00 5.04622045e+00
  4.14679544e+00 5.69797432e+00 6.08594604e+00 6.80038499e+00
  7.15890035e+00 8.53735791e+00 9.04274008e+00 9.34118312e+00
  1.06760554e+01 1.21468647e+01 1.26557938e+01 1.30274030e+01
  1.51901656e+01 1.68629712e+01]
 [2.37515358e-02 1.05387081e-01 1.98580658e-01 3.98445250e-01
  6.19924972e-01 8.71225899e-01 1.30826058e+00 1.66314575e+00
  2.33464594e+00 2.84744358e+00 3.33760449e+00 3.63663111e+00
  4.34702139e+00 5.73875796e+00 6.71084438e+00 7.54038490e+00
  7.69600676e+00 8.69683537e+00 9.63531462e+00 1.09717517e+01
  1.24861957e+01 1.37298838e+01 1.70086912e+01 1.47792230e+01
  1.72585747e+01 1.89425182e+01 2.22620461e+01 2.18198321e+01
  2.21876873e+01 2.74077498e+01]
 [4.19063387e-02 1.52101022e-01 3.75638093e-01 7.60143964e-01
  9.19668913e-01 1.43820723e+00 2.29421535e+00 2.46713401e+00
  3.77180626e+00 4.64250607e+00 4.68292352e+00 6.07595369e+00
  7.59820912e+00 8.40493942e+00 1.04709518e+01 1.15384920e+01
  1.20418685e+01 1.47609265e+01 1.56914634e+01 1.83069898e+01
  1.89530540e+01 2.22975394e+01 2.41723889e+01 2.74957416e+01
  2.89907419e+01 2.78455922e+01 3.05471376e+01 3.65607659e+01
  3.94936196e+01 4.30222492e+01]]
