args:  Namespace(attack='fgm', gaussian=False, l2=0, ndim=10)
elapsed time: 6422.426508454
mins: [[1.02393900e-03 1.81750613e-04 3.80357204e-04 4.80347575e-04
  3.86716041e-04 4.04427206e-04 4.90527251e-04 3.49875656e-04
  3.27502668e-04 2.45649018e-04 2.47369753e-04 2.48156080e-04
  1.87112950e-04 4.21736680e-04 3.46567627e-04 2.62625748e-04
  2.70914723e-04 4.66692378e-04 3.96933552e-04 2.89147225e-04
  2.71795841e-04 2.35511718e-04 3.26858921e-04 2.25630982e-04
  2.41394911e-04 4.10171808e-04 4.36143455e-04 3.23062355e-04
  3.84893268e-04 3.13660828e-04]
 [5.46681462e-04 5.38702297e-04 4.48232604e-04 6.31377799e-04
  2.47604039e-04 3.07556737e-04 2.56303669e-04 3.45387612e-04
  2.39941335e-04 3.15440644e-04 2.19194349e-04 3.06563801e-04
  2.22179631e-04 1.83698430e-04 2.35268657e-04 2.22862684e-04
  1.95282468e-04 2.23244948e-04 1.41115845e-04 6.86254425e-05
  1.22486439e-04 1.45231796e-04 1.55519272e-04 2.02521856e-04
  2.06494238e-04 2.73837097e-04 1.35940412e-04 2.14168482e-04
  9.67970991e-05 1.03667255e-04]
 [4.40011296e-04 2.87585601e-04 4.90656646e-04 3.10337608e-04
  3.03662469e-04 1.50185602e-04 2.74497841e-04 2.76136037e-04
  1.14743525e-04 2.49683333e-04 1.81045572e-04 1.52093722e-04
  9.34525960e-05 6.14020246e-05 8.34048478e-05 1.30139699e-04
  1.10893816e-04 1.09776811e-04 1.06697524e-04 9.08036818e-05
  9.13615513e-05 6.94952978e-05 9.60650868e-05 7.53762142e-05
  1.08223787e-04 7.18030497e-05 9.34589480e-05 5.02128278e-05
  8.29402998e-05 9.91144043e-05]
 [4.73163062e-04 4.53100161e-04 2.60188826e-04 3.33623466e-04
  2.35693209e-04 2.22790797e-04 2.18780959e-04 2.17874331e-04
  2.07840058e-04 2.21897732e-04 1.76881251e-04 1.32356086e-04
  1.50550448e-04 9.49231180e-05 1.23092832e-04 1.08959219e-04
  4.82640426e-05 1.34001049e-04 1.16632575e-04 8.93023898e-05
  9.83065111e-05 6.93993934e-05 7.32368353e-05 1.00993821e-04
  5.79747866e-05 3.20382678e-05 9.05086927e-05 7.25081045e-05
  6.07131187e-05 3.26895206e-05]
 [1.13190245e-03 7.52105727e-04 2.31034937e-04 4.13904723e-04
  2.75884202e-04 3.21983011e-04 2.97700317e-04 2.42502312e-04
  1.49025960e-04 2.04871889e-04 1.27751104e-04 1.75942871e-04
  1.82072123e-04 8.48815689e-05 1.03804305e-04 4.26615916e-05
  1.20943732e-04 1.15993535e-04 1.08884560e-04 1.02125196e-04
  1.07684085e-04 8.76658669e-05 9.85762163e-05 1.10050598e-04
  6.00954700e-05 8.02921058e-05 4.98571571e-05 7.83953437e-05
  7.20928874e-05 7.32068365e-05]
 [1.23540917e-03 7.51322368e-04 2.22725546e-04 3.07532289e-04
  4.42189834e-04 1.13498230e-04 2.59951921e-04 2.74088176e-04
  2.30420672e-04 1.17027332e-04 2.01473435e-04 1.98462498e-04
  1.43288009e-04 1.17435753e-04 7.56879745e-05 5.88670518e-05
  8.02614741e-05 8.30474019e-05 3.01786531e-05 5.83987494e-05
  1.23765698e-04 9.06861387e-05 7.29646417e-05 1.15506453e-04
  7.75601002e-05 5.52713173e-05 6.50729417e-05 7.70279657e-05
  6.60047808e-05 1.97027875e-05]
 [1.05694239e-03 9.42808168e-04 4.81875468e-04 4.29314445e-04
  3.03406763e-04 3.70414142e-04 2.13635474e-04 1.33903886e-04
  1.26154424e-04 1.58276234e-04 1.89358514e-04 2.17227454e-04
  1.62151453e-04 1.30594315e-04 5.69969561e-05 6.06493268e-05
  1.37229858e-04 1.35689086e-04 1.26491315e-04 1.21214587e-04
  7.69695180e-05 9.08319489e-05 7.12558322e-05 9.07190988e-05
  4.21244367e-05 7.13022018e-05 8.08145924e-05 4.35252769e-05
  7.60372277e-05 6.35967808e-05]
 [1.34401803e-03 7.80634815e-04 6.12744363e-04 3.62739491e-04
  2.63055321e-04 1.64320139e-04 2.59378809e-04 2.54842103e-04
  2.03810312e-04 1.85239318e-04 1.48717067e-04 1.50821288e-04
  1.60673313e-04 1.69743100e-04 8.27816839e-05 1.16569019e-04
  6.51542723e-05 1.12133443e-04 1.17621290e-04 9.36595607e-05
  1.17670745e-04 9.28053341e-05 9.56246658e-05 8.66965565e-05
  6.23694505e-05 8.86947382e-05 8.42013178e-05 7.62174459e-05
  3.41081177e-05 6.23450396e-05]]
maxs: [[0.00621584 0.00590135 0.0055157  0.00565069 0.00506599 0.00572843
  0.00557117 0.00444719 0.00465416 0.0045735  0.00494898 0.0050277
  0.00451261 0.00379206 0.00413497 0.00571791 0.00426502 0.00441622
  0.00313549 0.00394997 0.00398776 0.00367278 0.0042067  0.00363299
  0.00398577 0.0041935  0.00356475 0.00560735 0.00389826 0.00396252]
 [0.00565883 0.00611702 0.00635077 0.00563725 0.00613105 0.00555328
  0.00608359 0.00583647 0.00455224 0.00539238 0.00500274 0.00565361
  0.00624656 0.00505925 0.00543649 0.00389972 0.00484789 0.00611629
  0.0056516  0.00486709 0.00569594 0.00501132 0.00481127 0.00579579
  0.00413919 0.00527536 0.00457426 0.004949   0.00495728 0.00645535]
 [0.01308864 0.00828777 0.00920903 0.00536976 0.00606686 0.00587489
  0.00406744 0.00339246 0.00368285 0.00448884 0.00326414 0.00405418
  0.00407628 0.00325653 0.00500489 0.0034027  0.00481293 0.0058375
  0.00492843 0.00516873 0.00369732 0.00225541 0.00395931 0.00327965
  0.00301192 0.00573729 0.00327876 0.00343256 0.002863   0.00269325]
 [0.0200939  0.00876373 0.00762639 0.00663743 0.00598857 0.00441656
  0.00395918 0.00365594 0.00381708 0.00259254 0.00263971 0.00488959
  0.00315605 0.00294314 0.00350334 0.00246087 0.00491899 0.00308976
  0.00417818 0.00409805 0.00284343 0.00224289 0.00401923 0.00316748
  0.00215382 0.00304246 0.00313858 0.00177658 0.00317847 0.00094131]
 [0.02238493 0.01235545 0.010474   0.00650317 0.00629439 0.00482462
  0.00454265 0.00349648 0.00326475 0.00324752 0.00288913 0.0026994
  0.00323772 0.00231036 0.00197767 0.0021116  0.0018848  0.00198288
  0.00174359 0.00153135 0.00136426 0.00149511 0.00124599 0.00116874
  0.00111803 0.00094589 0.00131633 0.00113874 0.00102716 0.00135254]
 [0.02291316 0.01209366 0.01007962 0.00768806 0.00639673 0.00560903
  0.00404621 0.00354967 0.00373942 0.00351704 0.00298445 0.00337715
  0.00251164 0.00234207 0.00282726 0.00184411 0.00185629 0.00173699
  0.00196905 0.00163382 0.00154822 0.00116565 0.00139692 0.00169077
  0.00120424 0.00125824 0.00118373 0.00122736 0.00122991 0.0011958 ]
 [0.02828125 0.01529959 0.00906298 0.00709067 0.00606269 0.00466469
  0.00447311 0.00339629 0.00363959 0.00294144 0.00321748 0.00284258
  0.00294117 0.00266824 0.00233302 0.00213284 0.00173341 0.00177707
  0.00168506 0.00136881 0.0014755  0.0015538  0.00174006 0.0012993
  0.00160529 0.00166641 0.00115403 0.0010791  0.00091841 0.00094031]
 [0.02461106 0.0140196  0.01050279 0.00778912 0.00668436 0.005865
  0.00428691 0.0035548  0.00324377 0.00302768 0.00258361 0.00238729
  0.00209405 0.00231209 0.00184454 0.00156738 0.00146595 0.00157392
  0.00167761 0.00385212 0.00145091 0.00151255 0.00161388 0.00119553
  0.00140704 0.00124445 0.00123911 0.00091862 0.00114999 0.00100438]]
test_losses: [[0.00321513 0.0028258  0.00281272 0.00249816 0.00235693 0.00221757
  0.00220327 0.00202208 0.00190856 0.0019938  0.00193865 0.00185038
  0.00177372 0.00187339 0.00172989 0.00171411 0.00170328 0.00171145
  0.0016098  0.00165497 0.00167539 0.0016157  0.00167217 0.00156649
  0.00161026 0.00156009 0.00152238 0.00157869 0.0015196  0.00161805]
 [0.0029258  0.00268833 0.00242696 0.00227959 0.00216167 0.00197673
  0.00182305 0.00178526 0.00170455 0.00163018 0.00158183 0.00158221
  0.00146315 0.00142156 0.00139294 0.00130169 0.00133417 0.00127284
  0.00133499 0.00130754 0.00126306 0.00139494 0.00128542 0.00125694
  0.00123947 0.00130414 0.00116141 0.00122884 0.00122899 0.00127355]
 [0.00396892 0.00232264 0.00210301 0.00186141 0.0015984  0.00144038
  0.00136832 0.00120892 0.0011497  0.00101288 0.00096477 0.00095078
  0.00085256 0.00083752 0.00078664 0.00073065 0.00073485 0.00067945
  0.00064211 0.00063536 0.00063851 0.00054774 0.00057279 0.0005143
  0.00052842 0.00057631 0.00048111 0.00049761 0.00041726 0.00044439]
 [0.00548771 0.00258268 0.00210035 0.00184079 0.00168846 0.00150786
  0.00122364 0.00117956 0.00110419 0.00098189 0.00092826 0.00081667
  0.00078988 0.00074494 0.00071847 0.00064688 0.00065364 0.0005962
  0.0006198  0.00053273 0.00055587 0.00050161 0.00048527 0.00048435
  0.00044432 0.00042961 0.00040298 0.00039761 0.00039629 0.0003497 ]
 [0.00886281 0.00434348 0.00325858 0.00235286 0.00189552 0.0016577
  0.0015514  0.00130678 0.00118299 0.0010693  0.00100562 0.00096017
  0.00084214 0.00078683 0.00072867 0.00070154 0.00064554 0.00060056
  0.00059603 0.00057803 0.00054076 0.00051597 0.00049173 0.00046934
  0.00046564 0.0004244  0.00041043 0.00040658 0.0003772  0.00038469]
 [0.0097364  0.00465249 0.00331448 0.00258761 0.0020711  0.00176183
  0.00158199 0.00130108 0.00119571 0.00112703 0.00107008 0.00092111
  0.00088658 0.00081702 0.00072064 0.00070399 0.00065539 0.00063171
  0.00058771 0.00055408 0.00055288 0.00050239 0.00047566 0.00048522
  0.00046054 0.00042181 0.00043143 0.00039791 0.00039944 0.00039902]
 [0.01048991 0.00537412 0.00355509 0.00268447 0.00205658 0.00174537
  0.0015279  0.00124808 0.00119158 0.00106765 0.00096139 0.00090723
  0.00081817 0.00077812 0.00070517 0.00068454 0.0006233  0.00062386
  0.00055338 0.00051782 0.00051203 0.00049378 0.00045913 0.00046175
  0.00042443 0.00042661 0.00039822 0.00037854 0.00037247 0.00037099]
 [0.01026249 0.00531449 0.0034552  0.00271311 0.00208126 0.00180293
  0.00149514 0.00132529 0.00113063 0.00101939 0.00093519 0.00082378
  0.00075978 0.00077265 0.00067846 0.00064781 0.00058591 0.00059051
  0.00055004 0.00052597 0.00051695 0.00047765 0.00045626 0.00043942
  0.0004173  0.00040904 0.00042031 0.0003527  0.00038378 0.00034557]]
