args:  Namespace(attack='pgd', gaussian=True, l2=0, ndim=2)
elapsed time: 70575.233346606
mins: [[2.95602308e-06 1.45328042e-04 2.32137572e-05 4.03568993e-06
  1.54404279e-05 7.91583352e-06 2.36917754e-06 6.09678818e-06
  7.62516993e-06 4.95304721e-06 1.14402546e-05 5.07571667e-06
  1.04834635e-06 3.01486153e-07 1.21525261e-06 6.73487079e-07
  7.00719784e-06 3.92301808e-06 5.68158930e-06 5.21857282e-06
  7.88590285e-07 4.39989026e-06 2.14971487e-06 5.24594839e-07
  1.76472113e-07 3.00310958e-08 6.70717873e-06 2.06987147e-06
  3.32258566e-07 3.98353208e-08]
 [1.64590547e-05 3.60003505e-05 3.05050271e-05 9.80823461e-05
  2.24587948e-05 1.80303905e-05 4.63800916e-06 5.02255034e-06
  1.26047098e-05 8.94292498e-06 9.29780617e-06 6.14446208e-07
  2.64769164e-06 2.45636256e-05 1.66257200e-06 5.15151942e-06
  1.51129652e-05 7.88105808e-06 1.48852650e-05 1.00295738e-05
  2.25423446e-06 1.60659749e-06 4.17700420e-07 5.93309460e-06
  9.73644660e-07 4.88727119e-06 1.22806014e-05 3.29073441e-06
  1.11905074e-05 5.97243434e-06]
 [1.34887043e-04 1.29637619e-05 4.89033446e-05 9.07697176e-05
  5.65849950e-05 2.27833498e-05 4.48670380e-06 2.55726318e-05
  6.40390363e-06 2.46597392e-05 4.74179978e-06 3.80239470e-07
  3.61241564e-06 7.16106206e-06 2.45300398e-05 7.82811185e-06
  2.96255075e-06 2.69566357e-07 6.32448291e-07 1.15750927e-05
  1.07127072e-07 4.27102532e-06 5.05688467e-06 2.15813134e-06
  9.62443391e-06 2.34729123e-06 1.63870645e-05 2.98296891e-06
  7.94379775e-06 5.68344888e-07]
 [1.40406655e-05 1.16959840e-04 1.18262062e-04 2.50926350e-05
  2.22891013e-05 1.20822015e-05 1.53629990e-05 1.37724701e-05
  1.52833745e-05 1.22664176e-04 8.22684706e-06 1.07273609e-05
  3.82153729e-07 2.09303580e-05 3.79358644e-05 3.27839844e-05
  8.54444716e-06 3.73055104e-06 1.19963011e-06 4.48764786e-06
  6.61292097e-06 2.15952059e-05 2.46500326e-06 7.89271144e-05
  2.07029098e-06 1.99128408e-05 4.30452644e-07 9.03391265e-06
  6.16557418e-06 4.99569687e-05]
 [6.38480531e-04 1.09409004e-04 7.10059885e-06 2.62634549e-05
  5.90287027e-06 1.80596675e-04 1.96944620e-05 1.56879798e-06
  1.73992476e-06 2.33774954e-05 8.79890831e-06 2.13488988e-06
  2.94430956e-05 1.27206522e-05 5.92386641e-05 1.10730971e-05
  1.04422768e-04 7.94199223e-05 3.71529495e-05 1.94099957e-05
  1.42059100e-04 1.93775577e-05 7.09040760e-05 1.07641563e-05
  7.31755572e-05 6.32477577e-06 1.61838267e-04 2.58651799e-05
  3.08293442e-04 2.79226486e-04]
 [9.09435679e-04 2.94677084e-05 3.35419936e-05 1.12259804e-04
  7.43469864e-05 1.33996423e-07 4.51828528e-05 3.43116175e-04
  3.17801350e-05 6.31355870e-05 2.15827095e-04 1.10789722e-06
  1.32289570e-04 1.34540474e-04 1.07098067e-05 1.58454219e-04
  1.84191711e-04 1.27247098e-04 4.42323013e-04 1.75805239e-04
  5.85251582e-05 4.42132907e-04 2.59352964e-04 3.60367645e-04
  3.89847119e-05 2.41841568e-04 6.55973156e-04 2.06501893e-04
  3.46479850e-04 3.27930960e-04]
 [9.30319147e-05 2.20902395e-04 1.60466792e-04 2.11323477e-05
  2.77754094e-04 1.19538257e-04 4.75303787e-05 6.17144178e-05
  6.08045593e-05 1.26326311e-04 3.58680350e-04 2.72059406e-04
  1.11114676e-03 3.43315682e-04 9.05864406e-04 7.51160143e-04
  8.95020610e-04 3.99737881e-04 7.95378990e-04 1.31171639e-03
  1.96313893e-04 1.27601158e-03 7.02048768e-04 1.57445867e-03
  9.62971942e-04 1.76484769e-04 7.07391649e-04 1.99159770e-03
  1.27243961e-03 7.86121178e-04]
 [3.35850928e-04 2.57137261e-04 1.81410924e-05 7.93333456e-05
  1.29734210e-04 1.55757560e-04 1.82725253e-05 3.35024641e-04
  3.05038520e-05 8.73752128e-07 5.32423655e-05 5.28954552e-04
  1.99901615e-03 1.23895542e-03 1.37894321e-03 6.66062115e-04
  1.01786805e-03 1.19955570e-03 4.17852512e-04 1.46038260e-03
  1.23338308e-03 1.85661251e-03 6.21415733e-04 4.16353485e-03
  2.80326069e-03 3.94789455e-03 1.89878512e-03 2.28504301e-03
  2.50175945e-03 2.71320227e-03]
 [2.07843113e-04 1.35126320e-04 7.68986647e-05 6.66928645e-06
  1.97726054e-04 2.72944511e-04 6.22113221e-05 9.01238760e-04
  1.13221446e-04 2.28398992e-03 1.52034801e-03 2.05576723e-03
  6.09547889e-04 1.42775651e-03 3.20269563e-03 1.83263118e-03
  1.48281490e-03 3.22641619e-03 2.14968948e-03 3.44213634e-03
  4.66548977e-03 2.70493329e-03 4.42223903e-03 2.20772764e-03
  2.21736776e-03 3.75003158e-03 7.03201536e-03 2.84619420e-03
  2.80163344e-03 8.21506605e-03]
 [2.21394494e-05 1.02240662e-03 2.72966019e-04 4.74542147e-04
  6.02441782e-04 1.79855968e-03 2.02824734e-03 3.09816282e-03
  1.71042886e-03 3.81778623e-03 2.86252564e-03 5.73863881e-03
  4.98471037e-03 3.59705230e-03 5.06398315e-03 6.70201471e-03
  8.76049977e-03 5.21761831e-03 8.14950280e-03 5.09397965e-03
  4.17983346e-03 7.65623432e-03 1.08287772e-02 6.46397658e-03
  7.52757536e-03 5.72963338e-03 7.06412503e-03 7.24493666e-03
  9.40946303e-03 9.87651013e-03]
 [5.84989507e-03 2.42743921e-03 2.10067345e-04 2.57009664e-03
  2.45917309e-03 4.46945801e-03 2.23617931e-03 2.40788655e-03
  4.51612426e-03 7.07910350e-03 7.36918906e-03 5.87278372e-03
  8.92644189e-03 5.88560058e-03 6.10918738e-03 9.66764707e-03
  5.79061545e-03 9.43343993e-03 1.04803564e-02 1.10266432e-02
  1.03112757e-02 1.11424336e-02 1.13541409e-02 1.01615023e-02
  1.20012406e-02 1.18232705e-02 1.21350028e-02 1.25835510e-02
  1.28124189e-02 1.33970119e-02]
 [8.70202202e-03 9.50026978e-03 9.74415522e-03 9.74345580e-03
  9.58317146e-03 1.13293175e-02 1.24306818e-02 1.07249543e-02
  1.41371582e-02 1.22041889e-02 1.33810127e-02 1.46875903e-02
  1.37886563e-02 1.48014808e-02 1.22267222e-02 1.49761699e-02
  1.48121500e-02 1.58663820e-02 1.54791446e-02 1.66750029e-02
  1.65088288e-02 1.50575889e-02 1.55789508e-02 1.65663958e-02
  1.60613842e-02 1.56010641e-02 1.66969169e-02 1.56078767e-02
  1.64202936e-02 1.54748745e-02]
 [9.00960644e-04 1.04710422e-02 1.41942147e-02 1.16409585e-02
  1.34426383e-02 1.37847317e-02 1.61477141e-02 1.67775340e-02
  1.66854113e-02 1.61016081e-02 1.55539727e-02 1.66146085e-02
  1.56256557e-02 1.64141916e-02 1.62528511e-02 1.65959075e-02
  1.67997144e-02 1.56707652e-02 1.60302166e-02 1.60721317e-02
  1.75625831e-02 1.60702113e-02 1.67948958e-02 1.58084258e-02
  1.56893376e-02 1.60776023e-02 1.58506799e-02 1.72002930e-02
  1.61077194e-02 1.61037873e-02]
 [1.00306328e-02 1.22479796e-02 1.30473459e-02 1.40335988e-02
  1.44910095e-02 1.64089482e-02 1.55130746e-02 1.68754645e-02
  1.69839244e-02 1.73903313e-02 1.56424828e-02 1.76652726e-02
  1.86698493e-02 1.68809872e-02 1.59611627e-02 1.67330559e-02
  1.66193582e-02 1.75971873e-02 1.61043853e-02 1.66823920e-02
  1.79409385e-02 1.67782642e-02 1.65391155e-02 1.64248291e-02
  1.65019520e-02 1.68298054e-02 1.68799050e-02 1.58926230e-02
  1.68660786e-02 1.60826892e-02]
 [1.00385034e-02 1.68040469e-02 1.76208951e-02 1.62664168e-02
  1.70553904e-02 1.74376722e-02 1.78517122e-02 1.62763279e-02
  1.62780527e-02 1.63338035e-02 1.77142248e-02 1.68143194e-02
  1.59672052e-02 1.70257706e-02 1.59830935e-02 1.82242300e-02
  1.70557126e-02 1.79860406e-02 1.78090818e-02 1.61331911e-02
  1.68422088e-02 1.69571899e-02 1.61227994e-02 1.69693846e-02
  1.62926633e-02 1.71819683e-02 1.54943261e-02 1.62721798e-02
  1.70824807e-02 1.62468925e-02]]
maxs: [[1.08900928e+00 8.29113293e+00 1.68398929e+00 1.83660105e-01
  2.80059040e-01 6.13604486e-02 7.55012631e-02 7.19741061e-02
  4.42178547e-02 5.47064878e-02 3.22410278e-02 1.93441361e-02
  2.87188645e-02 1.59157291e-02 9.08341631e-03 1.23921428e-02
  1.35057950e-02 9.82565805e-03 8.54318123e-03 9.54513531e-03
  7.10003125e-03 1.47336507e-02 9.67757311e-03 6.20002206e-03
  5.87081257e-03 6.04706816e-03 6.86655007e-03 5.41602913e-03
  4.15407820e-03 4.40047542e-03]
 [8.27004790e-01 6.00182056e-01 2.07201764e-01 7.48790577e-02
  5.45464307e-02 5.08375615e-02 6.93175122e-02 1.95299387e-02
  1.59307439e-02 2.07156539e-02 2.24893671e-02 1.80794280e-02
  1.72084495e-02 1.82923172e-02 1.06577445e-02 1.43287890e-02
  1.18966587e-02 1.29976794e-02 1.32265333e-02 1.06593287e-02
  8.27434100e-03 9.83580761e-03 1.02171563e-02 1.09240282e-02
  8.15554336e-03 9.91628971e-03 6.77443249e-03 6.06388506e-03
  5.83424466e-03 5.22365142e-03]
 [2.97355652e-01 3.23381305e-01 2.00840801e-01 9.12849456e-02
  3.15688141e-02 3.47689614e-02 5.21049127e-02 2.00953670e-02
  3.28544155e-02 2.00410802e-02 1.83308460e-02 1.65224187e-02
  1.96380597e-02 1.65380891e-02 1.49701321e-02 2.04949211e-02
  1.51667502e-02 1.39252637e-02 1.31252436e-02 1.22705540e-02
  2.02624425e-02 1.07782939e-02 1.78873390e-02 1.05808508e-02
  1.02847163e-02 9.89251211e-03 1.43227717e-02 9.52914916e-03
  1.34658357e-02 1.54086025e-02]
 [3.13938320e-01 2.94141054e-01 6.46286085e-02 6.02815710e-02
  4.68562841e-02 4.18679751e-02 2.01225188e-02 2.04307027e-02
  1.98650174e-02 2.02019922e-02 2.00741310e-02 2.05810126e-02
  2.02312712e-02 2.00780854e-02 2.05275156e-02 1.68813709e-02
  1.41441897e-02 1.92214064e-02 1.82432178e-02 1.96909178e-02
  1.56850591e-02 2.04760209e-02 1.90285500e-02 1.53012453e-02
  1.57774538e-02 1.69836432e-02 1.65607780e-02 1.16499932e-02
  1.79087855e-02 1.20276343e-02]
 [1.86651692e-01 1.10476628e-01 5.32494448e-02 2.82197949e-02
  6.40970096e-02 2.06074696e-02 2.53718477e-02 2.03923397e-02
  1.98963135e-02 2.03952640e-02 2.05500908e-02 2.03895755e-02
  2.09902879e-02 2.02172846e-02 2.02069357e-02 1.90553609e-02
  2.01929584e-02 2.03409120e-02 2.02557221e-02 2.04277094e-02
  1.90350320e-02 2.00619120e-02 1.96518917e-02 2.02501249e-02
  1.87364761e-02 1.92354321e-02 1.83687359e-02 1.98138095e-02
  2.07335893e-02 1.80858057e-02]
 [2.21367151e-01 1.26706555e-01 5.26772253e-02 3.22409011e-02
  3.22998054e-02 3.59567665e-02 2.07995344e-02 2.11000070e-02
  2.26666089e-02 2.07045507e-02 2.18205359e-02 2.06386521e-02
  2.12484170e-02 2.01636925e-02 2.05386262e-02 2.06183884e-02
  2.03371570e-02 2.32492108e-02 2.02286486e-02 2.05932874e-02
  2.10308190e-02 2.04842277e-02 2.05867831e-02 2.00260468e-02
  2.03798190e-02 1.98672395e-02 2.06175186e-02 2.00916287e-02
  2.18459480e-02 1.98196620e-02]
 [2.06879497e-01 7.14226291e-02 5.10214567e-02 2.13721804e-02
  2.07856297e-02 2.10744664e-02 2.11547241e-02 2.07579713e-02
  2.13497113e-02 2.10258048e-02 2.15913486e-02 2.07560882e-02
  2.07058471e-02 2.10368317e-02 2.07027905e-02 2.07987949e-02
  2.02838015e-02 2.15215459e-02 2.04104669e-02 2.10147053e-02
  2.06263065e-02 2.04639100e-02 2.04488579e-02 2.06236746e-02
  2.06508823e-02 2.05363799e-02 2.22606752e-02 2.23779064e-02
  2.18111724e-02 2.13325638e-02]
 [1.39184847e-01 6.16028532e-02 3.31883989e-02 2.86962222e-02
  2.17282847e-02 2.07402632e-02 2.21610349e-02 2.09041405e-02
  2.18384359e-02 2.17581652e-02 2.09169574e-02 2.13991217e-02
  2.11254302e-02 2.34263949e-02 2.14442872e-02 2.35551242e-02
  2.13341117e-02 2.07014140e-02 2.32880786e-02 2.33029369e-02
  2.24988554e-02 2.10019443e-02 2.07274575e-02 2.12307349e-02
  2.09006984e-02 2.15476900e-02 2.08028704e-02 2.05604024e-02
  2.09941622e-02 2.20797174e-02]
 [9.61560905e-02 4.31846604e-02 6.54870793e-02 2.37325802e-02
  2.28791609e-02 2.25356575e-02 3.33641656e-02 2.12802384e-02
  2.13648621e-02 2.21174173e-02 2.26315260e-02 2.10724790e-02
  2.08208840e-02 2.16972511e-02 2.21043248e-02 2.30989605e-02
  2.19804104e-02 2.34947689e-02 2.33455990e-02 2.24037077e-02
  2.07185149e-02 2.08489560e-02 2.10131779e-02 2.07064748e-02
  2.41597835e-02 2.30453927e-02 2.32236292e-02 2.07306631e-02
  2.12933160e-02 2.10187007e-02]
 [8.41732696e-02 4.11198176e-02 2.16837805e-02 2.21855920e-02
  2.30037794e-02 2.09131241e-02 2.10172776e-02 2.24711988e-02
  2.07390264e-02 2.33252533e-02 2.39641666e-02 2.07825825e-02
  2.12666243e-02 2.31141169e-02 2.11533550e-02 2.07740646e-02
  2.19940953e-02 2.13022940e-02 2.18233969e-02 2.31515989e-02
  2.19257288e-02 2.30562910e-02 2.14848183e-02 2.16498226e-02
  2.15299558e-02 2.14583054e-02 2.15479992e-02 2.11800747e-02
  2.31675059e-02 2.23048683e-02]
 [1.11963071e-01 2.78090686e-02 2.84484103e-02 2.10186057e-02
  2.38198526e-02 2.19673347e-02 2.20393464e-02 2.09047459e-02
  2.36781165e-02 2.33148523e-02 2.36977227e-02 2.34450959e-02
  2.12182067e-02 2.18348391e-02 2.15152130e-02 2.32768152e-02
  2.09199805e-02 2.14098971e-02 2.08525565e-02 2.12355517e-02
  2.11877450e-02 2.09620576e-02 2.29556113e-02 2.28281897e-02
  2.20273789e-02 2.32864711e-02 2.14375369e-02 2.10969131e-02
  2.34545022e-02 2.09968165e-02]
 [4.72243577e-02 2.23770924e-02 2.39815377e-02 2.27984171e-02
  2.19062846e-02 2.35674810e-02 2.15688106e-02 2.26335246e-02
  2.26670559e-02 2.10338086e-02 2.16735359e-02 2.22469941e-02
  2.17272490e-02 2.36902181e-02 2.17414610e-02 2.32878849e-02
  2.12929994e-02 2.12613568e-02 2.11540181e-02 2.26110928e-02
  2.11743694e-02 2.23678835e-02 2.27076430e-02 2.11801771e-02
  2.29851678e-02 2.18976028e-02 2.33937856e-02 2.16665044e-02
  2.12505870e-02 2.15491392e-02]
 [2.43272111e-02 2.34038513e-02 2.17742771e-02 2.34229397e-02
  2.27644015e-02 2.08941214e-02 2.14041714e-02 2.30663400e-02
  2.29913052e-02 2.27430575e-02 2.09325869e-02 2.28201859e-02
  2.33830567e-02 2.23994870e-02 2.13686563e-02 2.12588925e-02
  2.24367473e-02 2.29038689e-02 2.38653477e-02 2.24434901e-02
  2.30403226e-02 2.26295087e-02 2.15842240e-02 2.17167418e-02
  2.18055788e-02 2.13509202e-02 2.11450476e-02 2.16586664e-02
  2.28106547e-02 2.34021526e-02]
 [2.27898844e-02 2.24201437e-02 2.36388687e-02 2.32801381e-02
  2.35265773e-02 2.15115231e-02 2.13884022e-02 2.26138402e-02
  2.35871598e-02 2.13867668e-02 2.32568625e-02 2.24540662e-02
  2.12369785e-02 2.28615813e-02 2.29056496e-02 2.13749465e-02
  2.34645847e-02 2.33030505e-02 2.30818223e-02 2.32072286e-02
  2.31981464e-02 2.38521714e-02 2.21827701e-02 2.20716372e-02
  2.32544988e-02 2.25020759e-02 2.16041226e-02 2.37194542e-02
  2.34958809e-02 2.31517218e-02]
 [2.44649313e-02 2.16519125e-02 2.33452935e-02 2.34216079e-02
  2.12725252e-02 2.31904928e-02 2.15208773e-02 2.13884655e-02
  2.33873371e-02 2.25620493e-02 2.10621171e-02 2.11629327e-02
  2.38644071e-02 2.11828444e-02 2.27408502e-02 2.17002556e-02
  2.12062653e-02 2.18112133e-02 2.15189885e-02 2.15526223e-02
  2.34048981e-02 2.32140403e-02 2.28184797e-02 2.30158325e-02
  2.30139345e-02 2.19569821e-02 2.13436391e-02 2.32322495e-02
  2.20266823e-02 2.13877913e-02]]
test_losses: [[0.04279173 0.21754044 0.04675818 0.01300299 0.00957446 0.00665869
  0.00447705 0.00371941 0.00346789 0.00265855 0.0026111  0.00231964
  0.0021121  0.00166848 0.00142656 0.00148946 0.0014239  0.00139866
  0.00116505 0.00119138 0.00110206 0.00101441 0.00100122 0.00098425
  0.00093521 0.00088282 0.00084229 0.00075831 0.00073137 0.00083786]
 [0.03235039 0.04386117 0.01759262 0.00869807 0.00702821 0.00568869
  0.00527214 0.00405972 0.00307107 0.00330498 0.00264264 0.00227032
  0.00221208 0.00201925 0.00169456 0.0015793  0.00159604 0.00161251
  0.00143942 0.00139742 0.00127951 0.00133717 0.00116958 0.00123452
  0.00106766 0.00123073 0.00099768 0.00099514 0.00094808 0.00095585]
 [0.02415984 0.02613066 0.01399174 0.0097605  0.00705031 0.00560114
  0.00520032 0.00431763 0.0042302  0.00346813 0.00372998 0.00309575
  0.00279168 0.00286863 0.00287168 0.00261522 0.00251105 0.00233156
  0.00222588 0.00227843 0.00212584 0.00166937 0.00225693 0.00183048
  0.00170171 0.00186035 0.00170931 0.0018192  0.00152099 0.0016577 ]
 [0.02797252 0.02011603 0.01160144 0.00948573 0.00748687 0.00755885
  0.00595943 0.00550458 0.00575706 0.00556427 0.0048438  0.00471361
  0.00458063 0.00424018 0.00424108 0.00436213 0.00372972 0.00399633
  0.00378414 0.00376377 0.00324429 0.00332146 0.00339551 0.00318655
  0.00323533 0.00341082 0.0031301  0.00265028 0.00314497 0.00267679]
 [0.0221848  0.0157961  0.01122953 0.00943319 0.0091598  0.00797111
  0.00822383 0.00732939 0.00712895 0.0071767  0.00692623 0.00664458
  0.00654005 0.00653922 0.00719018 0.0056418  0.00628303 0.00586381
  0.00552433 0.00585793 0.00537078 0.00545694 0.00588165 0.00553182
  0.00558292 0.00575732 0.00524248 0.00568634 0.00556357 0.00497851]
 [0.02160205 0.01473983 0.01214939 0.0110119  0.0106271  0.00969937
  0.00977275 0.00971017 0.01006174 0.01018452 0.00943225 0.00929926
  0.0097011  0.00921552 0.00920645 0.00855389 0.00832862 0.00924506
  0.00881014 0.00872601 0.0087372  0.0088089  0.0086155  0.00904698
  0.00841844 0.00824552 0.00869827 0.00852405 0.00848114 0.00881344]
 [0.02146414 0.01515403 0.01308577 0.01179676 0.0117021  0.01119876
  0.01125982 0.01180954 0.01186802 0.0114243  0.01122812 0.01158017
  0.01158393 0.01233074 0.01176832 0.01220721 0.01169488 0.01165622
  0.01197151 0.01197458 0.01170988 0.01223781 0.01182115 0.01193241
  0.01177209 0.01170458 0.01208451 0.01254142 0.01171865 0.01137458]
 [0.01880034 0.01510678 0.01354551 0.0134925  0.01348188 0.01362006
  0.01386362 0.01356449 0.01374582 0.01359773 0.01423143 0.0140124
  0.0141027  0.01435477 0.01413306 0.01438773 0.01440357 0.01375292
  0.01462633 0.01498974 0.0144971  0.01491546 0.0148318  0.01482947
  0.01472357 0.01453777 0.01466039 0.01483655 0.01464231 0.01515721]
 [0.01738958 0.01525452 0.01526641 0.01509143 0.0154952  0.01495652
  0.0150254  0.01507722 0.01490957 0.01559082 0.01593021 0.01605733
  0.01622844 0.0160605  0.01616941 0.01601902 0.01640305 0.01659099
  0.01640109 0.01634849 0.01671861 0.01648186 0.01670286 0.0168897
  0.01682093 0.01726047 0.01678933 0.01730436 0.01686288 0.01729902]
 [0.0184043  0.01550537 0.01500384 0.01574227 0.01611365 0.01633502
  0.01624163 0.01671402 0.01658642 0.01716766 0.01686777 0.01729024
  0.01740507 0.0172651  0.01783503 0.01791824 0.01820922 0.01770501
  0.01801921 0.01785016 0.01785661 0.01810822 0.01810941 0.01822935
  0.0184011  0.01848202 0.01803987 0.01840933 0.01845801 0.01851929]
 [0.01909854 0.01617046 0.01629731 0.01683997 0.01704198 0.01700455
  0.01740187 0.01803152 0.01741759 0.01803671 0.01817913 0.01822037
  0.01825668 0.01817357 0.01843834 0.01865298 0.01836229 0.01866706
  0.01855011 0.01915398 0.01901039 0.01894969 0.01887096 0.01894955
  0.01904198 0.01913674 0.01906425 0.01916431 0.01920082 0.01913461]
 [0.0184344  0.01855901 0.01914345 0.01912333 0.01934297 0.01963329
  0.01959592 0.01966768 0.01967814 0.01980895 0.01978502 0.01983204
  0.0198733  0.01987533 0.01985407 0.01999799 0.01981818 0.019898
  0.01981067 0.01992767 0.01992254 0.01992348 0.01986701 0.01992639
  0.0199508  0.01991224 0.01994294 0.01989784 0.01992588 0.01995913]
 [0.01896134 0.01954802 0.01985336 0.0198536  0.01983817 0.01984127
  0.01989158 0.01992406 0.01997048 0.01993609 0.01989827 0.02002226
  0.01996762 0.01998993 0.01995236 0.01995619 0.01997427 0.02001353
  0.01992543 0.02001049 0.02001586 0.01996271 0.01998376 0.0199941
  0.01995159 0.01995105 0.01991692 0.01996404 0.02000513 0.01998139]
 [0.01964562 0.01980109 0.01996695 0.01994478 0.01990738 0.02001706
  0.0199266  0.02000854 0.02000106 0.01993437 0.019963   0.0200375
  0.02002937 0.02001577 0.0199675  0.01994062 0.02001143 0.0200217
  0.01998722 0.01998857 0.02005109 0.02006303 0.01995378 0.01994645
  0.01996425 0.01996257 0.01994015 0.0199623  0.02004808 0.01996538]
 [0.01994512 0.01998784 0.02003353 0.01997805 0.02000375 0.02002049
  0.02000817 0.01996815 0.0200094  0.01999101 0.02000411 0.01998358
  0.01999158 0.01999127 0.01993647 0.01999791 0.01995598 0.02000111
  0.02002734 0.01993917 0.01996444 0.02002062 0.01995487 0.01997467
  0.01997576 0.01999127 0.01999372 0.01999952 0.01996206 0.01994901]]
