args:  Namespace(attack='fgm', gaussian=True, l2=0, ndim=1)
elapsed time: 6825.652793851
mins: [[2.87961683e-07 4.32837879e-07 2.98989313e-08 3.31011520e-08
  1.84360402e-10 6.94145097e-09 4.94338508e-08 4.45970812e-07
  1.91254230e-08 3.79888121e-10 9.82527482e-09 1.75578302e-11
  5.92399241e-09 2.97182057e-09 1.48110759e-08 3.89685866e-08
  1.04789988e-09 2.58264325e-08 1.21880985e-08 4.24235616e-08
  2.38577300e-08 8.31546032e-09 2.14873701e-08 4.87495511e-09
  2.41454989e-09 9.24219457e-09 2.82706374e-08 7.34441397e-09
  1.46000181e-08 1.26209123e-08]
 [2.89744886e-08 3.43057366e-07 3.84736296e-08 2.85539592e-08
  2.59491859e-08 1.25647270e-08 1.52699675e-09 1.47206580e-09
  8.81295037e-09 2.62573465e-08 3.83670562e-09 6.64649491e-08
  8.46751058e-10 7.43253636e-09 1.64897056e-08 5.62597258e-09
  3.64116275e-08 5.21960752e-10 6.75990597e-09 9.56120605e-09
  5.24633137e-09 1.10222594e-07 5.92124058e-11 9.55887458e-09
  7.21984750e-10 5.26054034e-10 9.70284297e-10 6.59955640e-12
  6.37247410e-08 1.33151745e-09]
 [3.14479642e-08 5.01072517e-09 5.31737321e-09 1.73078689e-08
  6.14624485e-09 8.80399931e-09 2.87193771e-08 1.76182038e-08
  2.92837452e-08 8.36663006e-09 5.30630011e-08 1.13170762e-09
  1.61304161e-08 4.10693701e-10 3.48812392e-08 1.60155551e-08
  1.92542302e-08 3.48623641e-09 2.62457576e-08 8.71911099e-10
  9.13364140e-09 1.07391440e-09 2.00243395e-08 8.65697203e-09
  6.70708289e-09 2.09335500e-08 8.39718961e-09 3.43843037e-10
  2.86547674e-10 5.18606402e-09]
 [2.19507569e-07 1.03193489e-08 1.58179574e-07 2.14454516e-08
  6.78768686e-08 4.80077367e-10 5.21873744e-09 1.11811359e-11
  2.17098658e-10 2.60563460e-09 3.12583397e-11 8.86899441e-13
  3.05294967e-09 2.74497203e-09 2.36165477e-07 1.62396105e-08
  1.86584579e-08 7.45817275e-08 2.33832154e-08 5.14835952e-09
  1.59372036e-08 1.78688930e-09 2.32594246e-08 1.88412301e-07
  7.06515380e-09 4.25668079e-09 4.89370052e-07 1.33792648e-08
  1.08404308e-08 3.62888941e-10]
 [3.15961195e-08 3.58361368e-10 3.69825308e-08 2.10233360e-08
  9.20555721e-09 8.44809591e-08 8.97032137e-09 4.88471947e-08
  1.91320186e-08 1.33930573e-08 2.99761098e-07 2.75685186e-09
  4.52843452e-09 4.95187038e-08 1.18805502e-07 3.35101511e-08
  6.59721655e-09 1.06329168e-10 9.35620292e-08 3.86644672e-07
  5.89487144e-08 1.24358436e-07 4.27069224e-09 3.61527697e-10
  1.11441354e-08 6.63543531e-08 1.68003744e-08 1.23242728e-07
  8.88960230e-08 9.14086300e-08]
 [2.83360168e-06 7.11643935e-08 3.25203011e-08 2.34908910e-08
  3.54759777e-08 1.62839990e-06 6.06687323e-08 1.39533940e-08
  3.52802999e-07 6.42071356e-08 2.79727741e-10 6.12987137e-08
  2.01591902e-07 7.89797028e-09 2.43297819e-07 5.83827884e-08
  1.55587312e-08 1.29222713e-07 2.96208080e-09 2.05323559e-07
  4.72128932e-07 1.05899369e-08 5.36476705e-07 2.62418958e-08
  5.89430215e-07 1.20107472e-07 4.34895142e-09 1.00550324e-09
  4.49700366e-08 5.62382695e-07]
 [7.15562232e-09 2.20155916e-09 2.76449327e-07 1.70539948e-07
  1.73565198e-08 1.36716139e-07 1.18867149e-07 4.90529182e-08
  8.65785921e-07 3.99416422e-07 4.48202631e-09 8.58586313e-10
  2.78200815e-07 3.28592392e-07 1.20880202e-06 9.84446160e-08
  1.50490365e-07 3.45239272e-07 1.79536514e-07 4.39345484e-08
  1.88249192e-06 8.26840278e-06 1.01004449e-09 1.99215713e-10
  2.54020989e-07 4.64942150e-06 8.62968591e-06 3.88070839e-06
  1.25247461e-05 1.96997576e-06]
 [2.07696317e-07 6.56452983e-07 2.18603702e-07 1.01015814e-07
  2.72129000e-07 3.16979119e-08 5.63187541e-07 4.35729817e-08
  6.90970525e-09 1.09264909e-06 1.82579967e-07 1.03671164e-06
  1.22090341e-06 2.42285250e-06 4.03439844e-06 8.07328888e-08
  1.56332153e-05 1.05323215e-05 1.68155808e-07 8.32450860e-06
  2.01829080e-05 2.46669260e-05 3.07361443e-05 5.32820832e-06
  5.02391485e-05 3.03125236e-09 1.93831111e-05 4.15817084e-07
  1.15564999e-05 5.85430462e-06]
 [2.47549849e-07 9.91931984e-07 3.49046104e-07 1.07314824e-08
  4.24882927e-07 1.56057536e-06 1.43553177e-06 2.74259946e-07
  7.50865456e-06 6.10628277e-08 8.23088556e-07 4.23570734e-09
  4.38845866e-08 2.98758505e-06 7.57877501e-07 1.30423232e-05
  1.29694527e-05 8.66288156e-06 2.47822762e-09 6.89732542e-06
  1.19633080e-06 8.76953854e-05 3.92672082e-05 1.76926569e-05
  9.16993577e-06 2.44753537e-05 8.41126985e-06 1.66595986e-04
  3.94696144e-05 9.50108370e-05]
 [1.59366016e-06 3.49877666e-07 3.32884042e-07 1.14889326e-06
  1.50592115e-07 8.89146187e-11 3.00296534e-07 3.43923716e-07
  1.57849684e-06 5.50626391e-05 2.23359257e-06 6.42766267e-08
  2.59237386e-05 3.96231599e-08 5.39774874e-06 3.79217017e-05
  4.91574137e-05 3.84053128e-05 8.47196570e-05 8.88164232e-06
  4.23106954e-08 1.38627438e-04 9.69705161e-06 4.91251296e-04
  1.33255438e-04 5.09986305e-04 1.87941492e-04 1.09111570e-04
  3.59538535e-04 2.28051475e-04]
 [1.71529541e-06 2.51716141e-08 1.06427525e-08 1.76174235e-05
  4.91067931e-06 2.66165057e-06 2.88650199e-06 1.02022177e-08
  4.09491818e-09 3.52604758e-07 1.16770665e-04 2.46736568e-06
  1.34186421e-05 8.68795614e-05 6.82362661e-05 1.24455910e-04
  2.36822831e-04 1.25842183e-04 4.79051014e-05 8.95673293e-05
  4.96422639e-04 4.11624584e-04 2.96467537e-04 1.34632603e-04
  2.28482648e-04 1.86147779e-04 2.94562517e-04 2.49283010e-04
  4.19218064e-04 6.00673317e-04]
 [1.29670052e-05 4.86408544e-06 1.62269334e-05 2.80807471e-05
  5.78941490e-06 1.56651848e-04 5.51436096e-05 2.85218812e-05
  1.79569598e-03 5.24892937e-04 1.66162383e-03 1.23538822e-03
  1.45575230e-03 1.40931830e-03 2.31081690e-03 2.01416388e-03
  8.02483759e-04 8.51007469e-04 2.52769701e-03 3.25473724e-03
  2.15734611e-03 2.13953317e-03 1.76648796e-03 4.21010144e-03
  2.98754731e-03 2.34305416e-03 2.66971649e-03 2.49508629e-03
  3.35067092e-03 4.18982329e-03]
 [6.54021824e-06 6.13639577e-06 1.64254147e-04 1.40413898e-03
  1.06252357e-03 5.86659298e-04 2.81595951e-03 4.54154750e-03
  1.97879248e-03 5.45440614e-03 5.03937528e-03 4.62162960e-03
  3.41776363e-03 4.49728267e-03 2.63296347e-03 4.15536249e-03
  5.26425056e-03 5.82493609e-03 4.43073921e-03 6.53965771e-03
  4.14912961e-03 3.92705156e-03 5.69619378e-03 6.16812753e-03
  5.69646852e-03 7.02461880e-03 7.16653652e-03 7.25460984e-03
  5.95799694e-03 7.22915074e-03]
 [2.58632014e-07 7.84234202e-04 5.06208604e-03 4.03405773e-03
  5.91919478e-03 3.53844883e-03 5.29873511e-03 2.49868701e-03
  7.03256438e-03 5.10624237e-03 7.19245477e-03 7.39468494e-03
  7.31957145e-03 7.19285849e-03 5.59547544e-03 7.43273972e-03
  7.38064246e-03 6.43226644e-03 7.50212232e-03 7.34047545e-03
  7.44897500e-03 7.39797764e-03 7.46663800e-03 7.40550831e-03
  6.78939652e-03 7.26025179e-03 7.40114320e-03 7.39796879e-03
  7.34548410e-03 7.50199333e-03]
 [1.26391638e-03 4.85011702e-03 4.99462150e-03 3.14530823e-03
  7.17726117e-03 6.69353316e-03 7.42689474e-03 7.00787129e-03
  6.61309715e-03 7.23863114e-03 7.69892987e-03 7.09331501e-03
  7.53787952e-03 7.54712243e-03 7.75613356e-03 7.48214917e-03
  7.63919996e-03 7.58631667e-03 7.75514683e-03 7.66203832e-03
  7.60959229e-03 8.08978267e-03 7.71967880e-03 8.12924467e-03
  8.18537362e-03 7.55449198e-03 7.42762350e-03 7.66636804e-03
  7.63149280e-03 7.75865978e-03]]
maxs: [[9.64577579e+00 4.58947611e+00 1.03361517e-01 1.79904342e-01
  3.30004990e-02 8.40196237e-02 3.79913598e-02 1.23797141e-01
  1.89090949e-02 1.53861828e-02 1.36743188e-02 9.25480761e-03
  3.15745845e-02 8.99871439e-03 1.45182144e-02 8.34985543e-03
  7.49827456e-03 8.80035851e-03 5.05640823e-03 7.13103637e-03
  6.38853386e-03 5.48388762e-03 4.77584451e-03 6.41632499e-03
  3.53710470e-03 3.46766273e-03 3.24252155e-03 4.20400547e-03
  2.39820173e-03 4.47391346e-03]
 [4.22915077e+00 2.83370882e-01 2.12497309e-01 1.23619564e-01
  3.84697542e-02 4.13878076e-02 3.61659713e-02 3.45519558e-02
  1.01278210e-02 2.22336035e-02 9.03259683e-03 1.22839594e-02
  8.56516045e-03 1.05183888e-02 9.61556472e-03 6.68008858e-03
  7.52585335e-03 1.01714991e-02 6.38414919e-03 1.00100162e-02
  5.47306053e-03 7.10586784e-03 4.79835132e-03 5.01413597e-03
  5.12952870e-03 4.77760751e-03 5.09601226e-03 4.13286965e-03
  3.90459923e-03 4.13542753e-03]
 [6.57796860e-01 1.17834732e-01 1.94957450e-01 5.37732206e-02
  3.63295376e-02 1.51352677e-02 2.12330502e-02 1.18525373e-02
  1.62427239e-02 1.54774599e-02 1.07237566e-02 1.03954105e-02
  9.75818932e-03 9.85875912e-03 8.73949844e-03 1.01536475e-02
  1.02993604e-02 1.00918869e-02 6.48297835e-03 1.00652399e-02
  6.05545286e-03 6.62530586e-03 9.72162932e-03 6.34853588e-03
  8.44055228e-03 5.22622885e-03 6.45741262e-03 6.59450330e-03
  5.06087765e-03 3.83966719e-03]
 [3.10288280e-01 9.90267172e-02 5.20751774e-02 2.03601271e-02
  3.40599455e-02 1.17822252e-02 1.07294135e-02 1.12364460e-02
  1.08379750e-02 1.04754362e-02 1.10200001e-02 1.72226019e-02
  1.00963451e-02 8.45112093e-03 1.00322934e-02 1.03284856e-02
  1.04928203e-02 9.62949917e-03 1.04483794e-02 1.00779356e-02
  9.96602233e-03 9.69112199e-03 1.05572967e-02 9.39204544e-03
  8.31233989e-03 8.32175650e-03 8.12567212e-03 6.16584346e-03
  6.89907093e-03 7.41130114e-03]
 [1.97651401e-01 1.21765070e-01 5.25720082e-02 3.13395076e-02
  1.15865758e-02 1.08298324e-02 1.31118186e-02 1.40856504e-02
  1.08245406e-02 1.07223596e-02 1.05359284e-02 1.03363404e-02
  1.04979537e-02 1.07147880e-02 1.06098130e-02 9.87399183e-03
  1.02392128e-02 1.05675645e-02 9.70365107e-03 1.03295483e-02
  9.54033155e-03 9.27124266e-03 9.74174868e-03 1.05788400e-02
  9.15516168e-03 9.14576743e-03 8.16408452e-03 9.00551584e-03
  8.19958467e-03 8.61591753e-03]
 [1.90497190e-01 3.13551277e-02 4.11244854e-02 1.21759996e-02
  1.15017854e-02 1.20631782e-02 1.07012810e-02 1.07266875e-02
  1.10860607e-02 1.07660368e-02 1.02169644e-02 1.10432589e-02
  1.03855617e-02 1.05465567e-02 1.07357586e-02 1.03156678e-02
  1.04069747e-02 1.01945493e-02 1.03793573e-02 1.02426885e-02
  1.02179088e-02 9.61777195e-03 1.02027385e-02 7.93387927e-03
  1.09871421e-02 1.09004080e-02 9.43841506e-03 1.00244209e-02
  9.38271545e-03 9.42350551e-03]
 [1.19209439e-01 6.99237362e-02 2.48660371e-02 1.80351809e-02
  1.20679522e-02 1.15827620e-02 1.10557899e-02 1.14740785e-02
  1.08414618e-02 1.08427228e-02 1.09139169e-02 1.06489994e-02
  1.13815963e-02 1.06172599e-02 1.16622932e-02 1.17956651e-02
  1.03824642e-02 1.17766885e-02 1.03584351e-02 1.15392720e-02
  1.05888871e-02 9.87694599e-03 1.06293205e-02 1.07229427e-02
  9.92166158e-03 9.80305579e-03 9.56120715e-03 1.09085822e-02
  1.03484811e-02 9.36677773e-03]
 [1.28343269e-01 3.46675999e-02 1.72625706e-02 1.19459070e-02
  1.24199186e-02 1.46086505e-02 1.12757850e-02 1.08560240e-02
  1.10343657e-02 1.20745692e-02 1.13800708e-02 1.14163421e-02
  1.07305944e-02 1.09848920e-02 1.14186499e-02 1.09717902e-02
  1.10240504e-02 1.03856325e-02 1.07376417e-02 1.06217172e-02
  1.15623288e-02 1.06766978e-02 1.07968673e-02 1.01147033e-02
  1.08207539e-02 1.03919758e-02 1.04779350e-02 1.11038228e-02
  1.02271484e-02 1.05869314e-02]
 [9.53260735e-02 2.59679630e-02 1.55680701e-02 1.20041976e-02
  1.21454885e-02 1.19950520e-02 1.14771593e-02 1.18538281e-02
  1.15695084e-02 1.12782661e-02 1.05701853e-02 1.07876351e-02
  1.08026313e-02 1.12814009e-02 1.07593611e-02 1.08289244e-02
  1.07422033e-02 1.09923659e-02 1.10555813e-02 1.08051561e-02
  1.04317628e-02 1.07211145e-02 1.08729303e-02 1.11329127e-02
  1.09063843e-02 1.12286732e-02 1.02382330e-02 1.15492502e-02
  1.09897740e-02 1.02800755e-02]
 [5.08958772e-02 3.12718973e-02 3.88452746e-02 1.39216445e-02
  1.17356395e-02 1.12383142e-02 1.16618359e-02 1.14961397e-02
  1.17853330e-02 1.15886657e-02 1.13788573e-02 1.13806678e-02
  1.20792724e-02 1.10188816e-02 1.19694602e-02 1.13923680e-02
  1.09052453e-02 1.11227548e-02 1.05411978e-02 1.09532736e-02
  1.14781205e-02 1.03708534e-02 1.08825294e-02 1.07555036e-02
  1.10086882e-02 1.09086027e-02 1.03481449e-02 1.10188164e-02
  1.10791568e-02 1.05276024e-02]
 [6.12184852e-02 3.19834799e-02 1.36897825e-02 1.17493188e-02
  1.17111234e-02 1.15637491e-02 1.17577147e-02 1.19484356e-02
  1.15935626e-02 1.09759998e-02 1.12818135e-02 1.08820144e-02
  1.18496111e-02 1.16537968e-02 1.12655545e-02 1.09297410e-02
  1.18827764e-02 1.16698733e-02 1.09075513e-02 1.06735853e-02
  1.10444007e-02 1.13166431e-02 1.20668272e-02 1.14744594e-02
  1.06672868e-02 1.16007058e-02 1.08188009e-02 1.09787369e-02
  1.13106454e-02 1.12575814e-02]
 [3.37589718e-02 1.53257921e-02 1.20173488e-02 1.20149525e-02
  1.19029079e-02 1.17712365e-02 1.18497172e-02 1.19692888e-02
  1.16150370e-02 1.18102897e-02 1.16916224e-02 1.14521952e-02
  1.20627573e-02 1.17529538e-02 1.20567605e-02 1.14684105e-02
  1.19530801e-02 1.18173202e-02 1.17535628e-02 1.18611641e-02
  1.20611070e-02 1.16305389e-02 1.20129297e-02 1.15659870e-02
  1.17797460e-02 1.19810607e-02 1.14250919e-02 1.15195597e-02
  1.17304586e-02 1.10870479e-02]
 [1.20268492e-02 1.26769245e-02 1.18582174e-02 1.18510071e-02
  1.17748380e-02 1.16700968e-02 1.16618788e-02 1.17582195e-02
  1.20768594e-02 1.20198056e-02 1.19834747e-02 1.15618026e-02
  1.18537424e-02 1.19728018e-02 1.20982854e-02 1.20162573e-02
  1.20294038e-02 1.19763864e-02 1.20795956e-02 1.18859671e-02
  1.20934080e-02 1.20849041e-02 1.19290240e-02 1.18458187e-02
  1.20095536e-02 1.20553635e-02 1.16643580e-02 1.20459124e-02
  1.15476334e-02 1.20787323e-02]
 [1.28477849e-02 1.19361710e-02 1.19557045e-02 1.17303682e-02
  1.20202331e-02 1.18485466e-02 1.20935552e-02 1.20473979e-02
  1.20094446e-02 1.20952753e-02 1.19436635e-02 1.19999740e-02
  1.19267199e-02 1.19473748e-02 1.19943628e-02 1.20150698e-02
  1.20990928e-02 1.20538976e-02 1.20263835e-02 1.17147099e-02
  1.20996833e-02 1.20734349e-02 1.20507320e-02 1.20972656e-02
  1.18308868e-02 1.19575039e-02 1.19900368e-02 1.20486263e-02
  1.18730478e-02 1.18479840e-02]
 [1.19144134e-02 1.20792873e-02 1.19202826e-02 1.20033594e-02
  1.20988702e-02 1.20175481e-02 1.20556746e-02 1.20730996e-02
  1.18971886e-02 1.20721785e-02 1.20425392e-02 1.19553478e-02
  1.18188420e-02 1.17545892e-02 1.19118737e-02 1.18592717e-02
  1.19800270e-02 1.18515491e-02 1.20696584e-02 1.17003694e-02
  1.18361833e-02 1.20983766e-02 1.16654523e-02 1.20386258e-02
  1.20705329e-02 1.19313849e-02 1.18327653e-02 1.17521370e-02
  1.19762216e-02 1.18700424e-02]]
test_losses: [[4.17833990e-01 3.65522727e-02 6.67399626e-03 5.84451987e-03
  3.56059803e-03 2.80992417e-03 2.23947420e-03 2.12688656e-03
  1.38936403e-03 1.20449161e-03 1.29963409e-03 1.08363290e-03
  9.79565313e-04 8.31234314e-04 9.20658841e-04 6.57526138e-04
  7.73770045e-04 7.34736687e-04 5.68748456e-04 5.78374559e-04
  5.41605529e-04 5.33496456e-04 4.88666216e-04 4.97493599e-04
  3.98646021e-04 4.15066571e-04 4.36877440e-04 3.61109163e-04
  3.19115310e-04 3.81428878e-04]
 [7.18008332e-02 1.34900625e-02 6.99875205e-03 3.79482667e-03
  2.81937377e-03 2.45080271e-03 1.81477895e-03 1.91027235e-03
  1.24112845e-03 1.43778160e-03 1.18644752e-03 1.06069319e-03
  8.72588936e-04 1.10432442e-03 9.13002839e-04 7.16234627e-04
  6.74395950e-04 6.56047616e-04 7.12483655e-04 5.74308334e-04
  5.75741198e-04 5.80316485e-04 5.31775981e-04 5.44437148e-04
  5.32392194e-04 4.60491062e-04 4.09857653e-04 4.24034937e-04
  3.98185289e-04 3.85488134e-04]
 [3.34249363e-02 7.69511460e-03 5.74261471e-03 3.11635444e-03
  2.74215951e-03 2.23776737e-03 2.15553992e-03 1.94017329e-03
  1.70542198e-03 1.23161934e-03 1.39639822e-03 1.42664590e-03
  1.10720223e-03 9.79128716e-04 8.71508510e-04 1.00974949e-03
  8.23334058e-04 9.04071168e-04 7.57531594e-04 9.23244215e-04
  7.33394676e-04 7.13432454e-04 6.62590866e-04 7.01730820e-04
  6.12796562e-04 5.74721301e-04 7.10564913e-04 6.49275865e-04
  6.21911137e-04 5.49857178e-04]
 [1.94938800e-02 6.89477754e-03 3.87882446e-03 3.41280472e-03
  3.16910273e-03 2.64014045e-03 2.05131240e-03 1.98464318e-03
  2.17920407e-03 1.88148651e-03 1.79075831e-03 1.56130943e-03
  1.32372562e-03 1.24308079e-03 1.45559185e-03 1.37306881e-03
  1.46991418e-03 1.26959056e-03 1.13251276e-03 1.11695317e-03
  1.17560540e-03 1.04177605e-03 1.13712839e-03 9.87004866e-04
  1.00886173e-03 9.60151504e-04 8.06020338e-04 8.68850655e-04
  9.18523254e-04 9.28845175e-04]
 [1.39992200e-02 6.45711552e-03 4.25244786e-03 3.93292993e-03
  3.16098597e-03 2.68700509e-03 2.80743812e-03 2.47863770e-03
  2.36847198e-03 2.19089571e-03 2.20380743e-03 2.24665392e-03
  1.86472560e-03 1.97497907e-03 1.75024710e-03 1.64388438e-03
  1.57220764e-03 1.70745757e-03 1.73234756e-03 1.72930272e-03
  1.45614462e-03 1.37997951e-03 1.52138897e-03 1.43303843e-03
  1.50858504e-03 1.55363944e-03 1.42322978e-03 1.51376663e-03
  1.29687791e-03 1.26758991e-03]
 [1.22573439e-02 4.95839101e-03 4.58762179e-03 3.86202570e-03
  3.27932161e-03 3.36430251e-03 3.17873351e-03 3.00126612e-03
  2.57772849e-03 2.55800297e-03 2.46131168e-03 2.45938431e-03
  2.57437496e-03 2.76117100e-03 2.34297911e-03 2.51598558e-03
  2.37470536e-03 2.40808323e-03 2.23311026e-03 2.58424875e-03
  2.23538094e-03 2.21278530e-03 2.24590859e-03 2.38081799e-03
  2.41174032e-03 2.17548474e-03 2.17494205e-03 2.08137773e-03
  2.03435449e-03 2.09203224e-03]
 [1.07165159e-02 6.06129860e-03 5.06581608e-03 4.79077765e-03
  4.37432482e-03 3.88147827e-03 3.55415601e-03 3.83598291e-03
  3.65757118e-03 3.91770625e-03 3.70386339e-03 3.63662695e-03
  3.58483913e-03 3.15024195e-03 3.29146291e-03 3.38149862e-03
  3.22078441e-03 3.13330067e-03 3.34477954e-03 3.08798090e-03
  2.80513106e-03 3.17775550e-03 3.16368907e-03 3.01428804e-03
  3.07262194e-03 2.99252797e-03 2.95504477e-03 3.05380750e-03
  3.14016895e-03 2.76681492e-03]
 [9.47807507e-03 5.80684283e-03 5.10424951e-03 5.26244786e-03
  4.74739461e-03 4.70499504e-03 4.30812217e-03 4.42346755e-03
  4.83831224e-03 4.50158867e-03 4.32121182e-03 4.44979905e-03
  4.16636493e-03 4.17911523e-03 3.92601469e-03 4.04348157e-03
  4.15513554e-03 4.22400512e-03 3.84440574e-03 4.17653882e-03
  3.91588577e-03 4.21786230e-03 3.95402354e-03 3.94815945e-03
  3.90582814e-03 3.99895226e-03 3.94604298e-03 4.02880626e-03
  4.09948343e-03 4.11236595e-03]
 [8.26152932e-03 6.36596668e-03 5.90805947e-03 5.94774862e-03
  5.77889820e-03 5.61213845e-03 4.97382987e-03 5.07460951e-03
  5.37095389e-03 4.65148572e-03 5.40196696e-03 5.00186920e-03
  5.25917055e-03 5.08696170e-03 5.06354659e-03 4.85877789e-03
  5.11325932e-03 4.75904323e-03 4.87002170e-03 4.87332289e-03
  5.00123174e-03 5.05261216e-03 5.03094323e-03 4.95846608e-03
  4.89787143e-03 5.24850325e-03 4.88584874e-03 4.96791095e-03
  5.01634943e-03 5.09046369e-03]
 [8.71017575e-03 6.80109824e-03 6.12955867e-03 5.73823461e-03
  5.52517233e-03 5.54836354e-03 5.66993640e-03 5.72600021e-03
  6.07341294e-03 6.07354412e-03 5.84826599e-03 5.80458095e-03
  6.07030254e-03 5.92657301e-03 5.84502339e-03 6.19579229e-03
  5.62599153e-03 5.88524279e-03 5.60869732e-03 5.50180338e-03
  5.72850639e-03 5.78945662e-03 5.63518999e-03 5.64380040e-03
  5.85572642e-03 6.20152587e-03 5.79832576e-03 5.74899170e-03
  5.88621583e-03 5.79854262e-03]
 [7.94145611e-03 6.46305834e-03 6.16542279e-03 6.61004670e-03
  6.25180217e-03 6.34040257e-03 6.41269496e-03 6.68702894e-03
  6.30321455e-03 6.26100335e-03 6.58823616e-03 6.40602316e-03
  6.50686332e-03 6.32512399e-03 6.65519964e-03 6.44708192e-03
  6.52790971e-03 6.49522727e-03 6.30165267e-03 6.42235789e-03
  6.62007545e-03 6.77097860e-03 6.38996329e-03 6.37066651e-03
  6.64429244e-03 6.19906320e-03 6.77359875e-03 6.53421545e-03
  6.38284550e-03 6.44728352e-03]
 [8.09135279e-03 8.04986100e-03 8.40304919e-03 8.35411582e-03
  8.30083581e-03 8.38349796e-03 8.43632807e-03 8.46268967e-03
  8.55039310e-03 8.39630724e-03 8.47885232e-03 8.61115582e-03
  8.73827822e-03 8.45042761e-03 8.52548637e-03 8.63194634e-03
  8.77830716e-03 8.53195503e-03 8.74273248e-03 8.68603073e-03
  8.63117676e-03 8.64273899e-03 8.55937777e-03 8.74740611e-03
  8.61162129e-03 8.88935959e-03 8.59028005e-03 8.65767194e-03
  8.57277211e-03 8.72800837e-03]
 [8.66950419e-03 8.98871895e-03 9.15264779e-03 9.19418772e-03
  9.19467780e-03 9.17102333e-03 9.36578904e-03 9.42435998e-03
  9.34837506e-03 9.47066822e-03 9.50492471e-03 9.52006587e-03
  9.36296939e-03 9.56595370e-03 9.38281648e-03 9.46616826e-03
  9.55773639e-03 9.59437132e-03 9.41603853e-03 9.57789645e-03
  9.63081832e-03 9.48191981e-03 9.63007286e-03 9.56644552e-03
  9.57418198e-03 9.57383275e-03 9.61046585e-03 9.63066571e-03
  9.59238203e-03 9.64068418e-03]
 [9.33228389e-03 9.44001149e-03 9.62025748e-03 9.57824093e-03
  9.70953534e-03 9.70569427e-03 9.70076775e-03 9.71908494e-03
  9.78013513e-03 9.64191106e-03 9.84086093e-03 9.84143534e-03
  9.84442157e-03 9.84907927e-03 9.81695118e-03 9.89387290e-03
  9.77832024e-03 9.79347765e-03 9.82094128e-03 9.86353869e-03
  9.83453896e-03 9.79328418e-03 9.86323541e-03 9.89366942e-03
  9.76616977e-03 9.90107110e-03 9.85839329e-03 9.91462659e-03
  9.87748223e-03 9.89075834e-03]
 [9.54703189e-03 9.79742199e-03 9.68493382e-03 9.81212434e-03
  9.84119462e-03 9.88525117e-03 9.90137146e-03 9.90987381e-03
  9.89086580e-03 9.90404250e-03 9.90154701e-03 9.87499941e-03
  9.93023856e-03 9.93144671e-03 9.87014885e-03 9.90537175e-03
  9.97531960e-03 9.89968380e-03 9.96548542e-03 9.90704379e-03
  9.94735403e-03 9.97140570e-03 9.91720732e-03 9.98797489e-03
  9.89445198e-03 9.92124477e-03 9.94209695e-03 9.90505303e-03
  9.95831796e-03 9.97002039e-03]]
