args:  Namespace(gaussian=True, ndim=7, attack='fgm', l2=0)
elapsed time: 4139.734157000001
mins: [[0.00123722 0.00171477 0.00259911 0.00296311 0.00243129 0.00061901
  0.00326458 0.00298583 0.00130519 0.00146789 0.00104156 0.00067632
  0.00051085 0.00106059 0.00076095 0.00092342 0.00106753 0.00054801
  0.00054921 0.00026066 0.00035488 0.000308   0.00025385 0.00034983
  0.0003495  0.00020621 0.0002372  0.00036789 0.00031094 0.00039483]
 [0.01323301 0.00533736 0.00484457 0.00299688 0.00239698 0.00031905
  0.00092864 0.0005558  0.00037199 0.00156926 0.00134184 0.00081476
  0.00023083 0.00105245 0.00116499 0.00022022 0.00079237 0.00019371
  0.0007572  0.00054537 0.00071836 0.00031759 0.00043551 0.00031987
  0.00025015 0.0004537  0.00054686 0.00019845 0.00013429 0.00021932]
 [0.01637637 0.00453238 0.00424946 0.00256145 0.00206101 0.00353776
  0.00227581 0.00152136 0.00175835 0.00082608 0.00103813 0.00102924
  0.00055826 0.00097956 0.00135074 0.00112279 0.00076302 0.00076122
  0.00051568 0.00082112 0.00060002 0.00061674 0.0004757  0.00018421
  0.00061044 0.00055363 0.0006344  0.0008459  0.00061529 0.00076025]
 [0.01605598 0.00523594 0.00679754 0.00364871 0.00260649 0.00309384
  0.00144518 0.00068195 0.00060036 0.0012024  0.00228464 0.0016983
  0.00210554 0.00193775 0.00073001 0.00163501 0.00174344 0.00069149
  0.00064889 0.00128404 0.00062304 0.0012506  0.00139345 0.00169549
  0.00115427 0.00133521 0.00143476 0.00111326 0.00164471 0.00031713]
 [0.00940606 0.012928   0.00410636 0.00359895 0.00232273 0.0018269
  0.00226641 0.00279393 0.00306824 0.00290603 0.00163773 0.00282344
  0.0014356  0.00174607 0.00187025 0.00201379 0.00255536 0.00198747
  0.00274088 0.00189064 0.00433435 0.00433993 0.00254413 0.00344689
  0.00347036 0.00281445 0.0029562  0.00395812 0.0048774  0.00353412]
 [0.00953269 0.00420728 0.00717841 0.00494091 0.00625746 0.0063556
  0.00418681 0.00130143 0.00341153 0.00345796 0.00199411 0.00224603
  0.00605806 0.004721   0.00439019 0.00513542 0.00505889 0.00830597
  0.00578    0.00375336 0.00382777 0.00563081 0.01265024 0.00626556
  0.00888222 0.00996264 0.01194939 0.01419884 0.00861939 0.01610006]
 [0.00946605 0.01090911 0.00841455 0.01351811 0.00699293 0.00526853
  0.01116163 0.00896625 0.0058402  0.00775125 0.01066176 0.01359961
  0.01229118 0.01254778 0.01647158 0.01778417 0.01977305 0.01637986
  0.01980948 0.02145283 0.01212054 0.0211639  0.01639565 0.02045424
  0.01981    0.01899926 0.02268179 0.0215709  0.02671915 0.02358026]
 [0.00751175 0.00898577 0.01028381 0.00832523 0.00949767 0.01294904
  0.0192641  0.02202693 0.02289992 0.02181701 0.01954966 0.02529367
  0.01840039 0.0319812  0.02233296 0.03227396 0.01953833 0.0281063
  0.01935867 0.02708535 0.02659826 0.02149386 0.02896821 0.02906488
  0.02911756 0.02793124 0.03246905 0.03153771 0.03004195 0.02810916]
 [0.00244996 0.0113624  0.01178398 0.01535424 0.01213989 0.02290667
  0.02952351 0.02692094 0.02641242 0.02638196 0.02561764 0.03178825
  0.02594849 0.03093919 0.02644157 0.03567398 0.03054611 0.03608448
  0.02995102 0.03556255 0.02987158 0.03630465 0.0387046  0.03152274
  0.03075293 0.02807473 0.03585425 0.04081849 0.0427458  0.02909483]
 [0.01192468 0.02293894 0.01305494 0.01354104 0.02605783 0.0343224
  0.02356986 0.02870413 0.03757812 0.04143379 0.02777535 0.03959839
  0.03917425 0.04178495 0.04162679 0.04003147 0.04148732 0.0399306
  0.04035095 0.04096694 0.04159777 0.04546244 0.04164511 0.04162742
  0.04105934 0.04309549 0.04542151 0.04691491 0.04134061 0.03717365]
 [0.01276671 0.00822535 0.02775357 0.0291938  0.03224934 0.04019771
  0.03611479 0.03557507 0.0371625  0.03473068 0.04340393 0.04427307
  0.0363307  0.04485786 0.04375675 0.03896157 0.04509116 0.05474789
  0.04684933 0.05341463 0.04506468 0.0515644  0.04982814 0.0480831
  0.05329236 0.04728758 0.05353749 0.05584895 0.05387078 0.05115636]
 [0.02778646 0.0442438  0.03725916 0.05091541 0.05089903 0.05744229
  0.05363811 0.06493963 0.06191601 0.06201098 0.06613593 0.06274313
  0.06335556 0.06823373 0.06650112 0.06854299 0.06700348 0.06816257
  0.06849346 0.06825754 0.06768753 0.06813101 0.0682247  0.06855393
  0.06872147 0.06823602 0.06888912 0.06845444 0.06801345 0.06848298]
 [0.049849   0.058644   0.05908662 0.05448578 0.06847952 0.06874936
  0.06791036 0.06644478 0.06629319 0.06858134 0.06864034 0.06865612
  0.06851991 0.06850713 0.06870825 0.06906506 0.0685574  0.06850553
  0.0686307  0.06867233 0.0684419  0.06888534 0.06825799 0.06847125
  0.06889508 0.06870347 0.06872681 0.06881933 0.06846836 0.06855139]
 [0.04981488 0.06198815 0.06803875 0.06871141 0.06868553 0.06885479
  0.06878909 0.06883803 0.06862287 0.06887484 0.06877818 0.06874626
  0.06881788 0.06814836 0.0687798  0.06870372 0.06892181 0.06863728
  0.06885083 0.06898672 0.06877473 0.06858271 0.06873976 0.06880744
  0.06866965 0.06865288 0.06870382 0.06873474 0.06877065 0.06900793]
 [0.06860042 0.06838641 0.06889006 0.06845741 0.06887322 0.06863756
  0.0687027  0.06897867 0.06879687 0.06860132 0.06892365 0.06886171
  0.06878798 0.0690753  0.06895135 0.06873383 0.06866112 0.06836965
  0.06877343 0.06900708 0.06874569 0.06886764 0.0688901  0.06861947
  0.06874523 0.06885792 0.06885242 0.068413   0.06873116 0.0681481 ]]
maxs: [[0.1814473  0.21138783 0.21048255 0.93451631 0.41381204 0.73782873
  1.99183941 1.31007648 0.70263153 0.30489358 0.18532932 0.10890266
  0.09684245 0.14266974 0.06482914 0.04049513 0.05267742 0.07281732
  0.02501251 0.0280647  0.0420168  0.0179559  0.02725356 0.02224241
  0.01369636 0.01855075 0.01553295 0.01553466 0.02434538 0.00997118]
 [0.08805785 0.1242744  0.21324505 0.17721511 0.18857059 0.16963226
  0.15961504 0.13650575 0.11141576 0.07282508 0.06885535 0.06054163
  0.0509677  0.04512463 0.04471574 0.02546917 0.03916169 0.03042035
  0.02599056 0.02266578 0.02369339 0.01827952 0.02240906 0.01799619
  0.01812712 0.02135757 0.01545345 0.01371406 0.01758229 0.01251915]
 [0.08441146 0.10874151 0.10981661 0.0959546  0.08905686 0.09103179
  0.09149074 0.08177066 0.0639544  0.07559007 0.05228831 0.05492399
  0.050514   0.04368367 0.0493513  0.03919385 0.04592494 0.03615338
  0.04953408 0.02477198 0.04000914 0.03714907 0.02259188 0.02937415
  0.03580667 0.03894172 0.02343137 0.03594864 0.02820543 0.03869256]
 [0.1191285  0.1086937  0.09917974 0.08861442 0.08643623 0.07368241
  0.06576142 0.06183597 0.06503949 0.06314678 0.06133015 0.05861261
  0.0612521  0.05996765 0.05294602 0.06085101 0.06023637 0.05699912
  0.05011257 0.05518302 0.05448176 0.06286903 0.05586229 0.05547678
  0.04521646 0.05290825 0.04702127 0.05799995 0.05313837 0.05850356]
 [0.09115787 0.08552244 0.09454449 0.07874331 0.07463195 0.06829457
  0.06756321 0.06653512 0.0667887  0.06464109 0.06205646 0.0650126
  0.06116472 0.05958314 0.0658986  0.05957368 0.0676809  0.05916245
  0.06363123 0.0597831  0.06388991 0.0601849  0.05790947 0.06389116
  0.05285408 0.05426777 0.05670303 0.0564863  0.05698694 0.05703466]
 [0.14952594 0.08728501 0.07516675 0.07262764 0.07324648 0.0704076
  0.07109866 0.06992498 0.07089511 0.07001492 0.06755488 0.06868038
  0.0667586  0.0653809  0.06956953 0.06725158 0.06736709 0.06934388
  0.06039414 0.06787077 0.06826987 0.06234984 0.06226353 0.06083781
  0.06909547 0.06921718 0.06730515 0.06650687 0.06349254 0.0615513 ]
 [0.09246831 0.08111    0.07364719 0.07626697 0.07031841 0.06975943
  0.07078853 0.0686539  0.06979069 0.06991895 0.06851131 0.07001993
  0.06880436 0.06980582 0.06915491 0.07039361 0.06987276 0.06949666
  0.06873854 0.06986748 0.06951211 0.06887402 0.07006569 0.06974201
  0.07025574 0.06922454 0.06856517 0.06979235 0.0699842  0.06980326]
 [0.0786551  0.07973162 0.07573421 0.07329303 0.07203081 0.0702387
  0.07030934 0.07075298 0.07033154 0.07010102 0.07046226 0.07028264
  0.07029776 0.07082492 0.07014252 0.07087002 0.06993097 0.07046856
  0.06993996 0.07002058 0.07020486 0.06987523 0.06986181 0.07023826
  0.07036497 0.07020067 0.0703158  0.06987314 0.07020308 0.07048397]
 [0.07990749 0.07578135 0.07349675 0.07015664 0.0714232  0.07042993
  0.07096303 0.07052393 0.07067876 0.07055409 0.070599   0.07066453
  0.07028046 0.07056215 0.07042102 0.07052145 0.07051618 0.07062299
  0.07062718 0.07040325 0.07079103 0.07059379 0.07041058 0.07056581
  0.07057949 0.07026871 0.07046917 0.07028211 0.07073102 0.07027782]
 [0.0828522  0.0738857  0.07520822 0.07318358 0.07239689 0.070514
  0.07061297 0.07070407 0.07066082 0.07050907 0.07058468 0.07086379
  0.07103665 0.07069729 0.07062923 0.07086734 0.07086638 0.07103944
  0.07084572 0.07054682 0.0705767  0.07097513 0.07070926 0.07071906
  0.07069572 0.07045524 0.07084225 0.07058692 0.07052532 0.07103779]
 [0.08088892 0.07346695 0.07246832 0.07063291 0.07077259 0.07106292
  0.07064888 0.07077295 0.07074186 0.07075158 0.07164854 0.07067911
  0.07082842 0.07071407 0.07127564 0.07062182 0.07084243 0.07089475
  0.07093591 0.07131286 0.07098449 0.07099169 0.07174881 0.07084814
  0.07112981 0.07087984 0.07070991 0.0707543  0.07092278 0.07077532]
 [0.07304954 0.07065835 0.07088105 0.07124317 0.07109901 0.07106359
  0.07142467 0.07099801 0.07147305 0.07117068 0.07126381 0.07104182
  0.07092761 0.07320828 0.07127314 0.07117382 0.07106252 0.07098859
  0.0710798  0.07173504 0.0710483  0.07119852 0.07104176 0.07093318
  0.07095199 0.0710059  0.07117912 0.07092238 0.07098003 0.07130783]
 [0.07427293 0.0747354  0.07102912 0.07097727 0.07089481 0.07122775
  0.07108245 0.07111    0.07092316 0.07080069 0.07124788 0.07093138
  0.07087129 0.07094841 0.07083268 0.0713721  0.07117558 0.07076053
  0.07118493 0.07117536 0.07120237 0.07108115 0.07115074 0.07091746
  0.07134937 0.07126852 0.07130173 0.07133341 0.07128708 0.07084695]
 [0.07094886 0.07122613 0.07091895 0.07097802 0.07101373 0.07127346
  0.07080524 0.07082082 0.07119951 0.07127532 0.07088916 0.07099544
  0.07112972 0.0715177  0.07089225 0.07104459 0.07104354 0.07123742
  0.07082751 0.07103573 0.07110418 0.07101572 0.07105569 0.07109619
  0.07081626 0.07102829 0.07105038 0.07111754 0.07084418 0.07085861]
 [0.07116011 0.0707875  0.07175945 0.07095792 0.0709165  0.07091598
  0.07104922 0.07128125 0.07098489 0.07089695 0.07102297 0.07138287
  0.07112242 0.07095435 0.07107096 0.07131056 0.07089289 0.07133996
  0.07109591 0.0709502  0.07099635 0.07088373 0.07121551 0.07126752
  0.0710801  0.07155141 0.07102004 0.07118163 0.07081395 0.07106065]]
test_losses: [[0.06889084 0.06641193 0.05871349 0.06211106 0.06150732 0.07573255
  0.09833123 0.07971594 0.04831033 0.0290847  0.02169257 0.01722405
  0.01348586 0.01198958 0.01010263 0.00842996 0.00742792 0.00718472
  0.00635409 0.00620155 0.00512609 0.00493128 0.00467742 0.00399534
  0.00414046 0.00383133 0.00385271 0.00352072 0.00347658 0.00308333]
 [0.06144348 0.05578867 0.05255567 0.04382033 0.04331336 0.04143231
  0.03385682 0.02710337 0.02099398 0.01657673 0.01361351 0.01119542
  0.01040375 0.00890952 0.00855947 0.00721909 0.00702419 0.00650422
  0.00612907 0.00532429 0.00563908 0.00490489 0.00462311 0.00432445
  0.00420048 0.00422257 0.00379531 0.0035029  0.00338239 0.0033299 ]
 [0.06238328 0.05338305 0.04834463 0.04276405 0.0348776  0.03220546
  0.02456255 0.02016938 0.0187299  0.01647423 0.01463502 0.01346656
  0.01224484 0.01113936 0.01137216 0.00950915 0.0091338  0.00891952
  0.00886745 0.00729568 0.00775936 0.00760844 0.00691995 0.00638039
  0.00616787 0.00627753 0.00564875 0.00612639 0.00553437 0.00559347]
 [0.06264419 0.05312005 0.04673919 0.04034462 0.03456126 0.03137246
  0.02677763 0.02444367 0.02363256 0.02212775 0.02035452 0.01837603
  0.01823932 0.01667919 0.01687589 0.01591289 0.01620318 0.01554355
  0.01513853 0.01531173 0.01482041 0.01513569 0.01437973 0.01252892
  0.01326996 0.01299766 0.01283743 0.01290859 0.01261424 0.0117568 ]
 [0.06167281 0.0546572  0.04611602 0.04049176 0.0397203  0.03443508
  0.03302433 0.03130064 0.03074523 0.0293181  0.02997149 0.02960409
  0.02754635 0.02790664 0.02940386 0.02808427 0.02791581 0.02802031
  0.02774767 0.02738854 0.02797969 0.02789037 0.02606547 0.02746906
  0.02530201 0.02697921 0.02750756 0.02856951 0.0262368  0.02608237]
 [0.06223564 0.05487795 0.04817807 0.04502421 0.04258496 0.04274761
  0.03994117 0.04040997 0.04018335 0.03932419 0.03793832 0.0394381
  0.03917414 0.0386186  0.03792841 0.03837129 0.03955834 0.03993201
  0.03926136 0.0395716  0.03933846 0.03942055 0.0391938  0.0391065
  0.03936068 0.03959505 0.03971197 0.03960329 0.03920968 0.03977432]
 [0.06169793 0.0543834  0.04978975 0.04975718 0.04616789 0.04593191
  0.04798055 0.04774136 0.04747941 0.04794411 0.04822583 0.0470793
  0.04631818 0.04661684 0.04803565 0.04723104 0.04754076 0.04779291
  0.04754651 0.04687208 0.04656034 0.04741456 0.04610294 0.04653972
  0.04700529 0.04700711 0.04690719 0.04734755 0.047175   0.04645096]
 [0.06173334 0.05528782 0.05311856 0.05377189 0.05189894 0.05288128
  0.05240863 0.05408846 0.05262256 0.05325665 0.05310229 0.05361444
  0.05404691 0.05326925 0.05344589 0.0537789  0.0534543  0.05417996
  0.05474606 0.05339013 0.05392293 0.05373867 0.0544886  0.05453779
  0.05481815 0.0544326  0.05471152 0.05383864 0.05469223 0.05432099]
 [0.06059683 0.05678672 0.05593166 0.05638471 0.0570211  0.05695623
  0.05773274 0.05698744 0.05694685 0.05835256 0.05825514 0.05825072
  0.0582295  0.05914486 0.05807421 0.05988504 0.05970183 0.0605147
  0.05977345 0.05965638 0.06011062 0.06116106 0.06105453 0.06056225
  0.06078059 0.06038289 0.06080423 0.0613462  0.06121759 0.06163243]
 [0.06224215 0.05886264 0.06040569 0.06009364 0.05999921 0.06115255
  0.06019495 0.0619755  0.06170338 0.06219227 0.06242394 0.06231225
  0.06297153 0.06326288 0.06370297 0.06329913 0.063869   0.06480776
  0.0645215  0.06494385 0.06501004 0.065575   0.06514662 0.06529222
  0.06542585 0.06545683 0.06572256 0.06583769 0.06588854 0.06613374]
 [0.06355129 0.0610354  0.06120944 0.06184371 0.06257259 0.0637988
  0.06383252 0.06459625 0.06512877 0.06542815 0.06593871 0.06589565
  0.06573552 0.0662822  0.06656669 0.06698175 0.06688112 0.06767942
  0.06742361 0.06780613 0.06796909 0.06753648 0.06792511 0.06818595
  0.068289   0.06814898 0.068554   0.06865144 0.06842943 0.06828007]
 [0.06650268 0.06727587 0.06835403 0.06878481 0.06933375 0.06952652
  0.06965719 0.06976242 0.06968744 0.06964346 0.06982448 0.06983438
  0.06980787 0.06986496 0.06986594 0.06989452 0.06988979 0.0698842
  0.06993375 0.06990277 0.06988893 0.06991364 0.06988562 0.06990223
  0.06991172 0.06992115 0.06992996 0.06989015 0.06988057 0.06986894]
 [0.06881834 0.06950236 0.06974059 0.06978621 0.06990706 0.06994982
  0.06988507 0.06996505 0.06991156 0.06991502 0.06995793 0.06993074
  0.06990708 0.0699377  0.06990627 0.06997627 0.06990249 0.06991563
  0.06993193 0.06992804 0.06990922 0.06995968 0.06997131 0.06991658
  0.06993919 0.06993133 0.06990453 0.06989044 0.06993395 0.06989404]
 [0.06973361 0.06987957 0.06993847 0.06994556 0.06994722 0.06994638
  0.06992437 0.06993617 0.06992485 0.06992998 0.06991549 0.06993774
  0.06994439 0.06993405 0.06992869 0.06992917 0.06992287 0.06992112
  0.06989698 0.06994246 0.06989254 0.06991501 0.06991449 0.06996725
  0.06987021 0.06988553 0.06994145 0.06989697 0.06993344 0.06992561]
 [0.0699583  0.0699424  0.06995335 0.06993684 0.06994188 0.06995407
  0.06997994 0.06997933 0.06991869 0.06992352 0.06996142 0.06993859
  0.06988557 0.06993772 0.06989003 0.06992652 0.06996282 0.06992869
  0.06989518 0.06992648 0.06995239 0.06997268 0.06999223 0.06995183
  0.06991463 0.06992444 0.06990927 0.06996031 0.06993704 0.06992793]]
