args:  Namespace(attack='fgsm', gaussian=True, l2=0, ndim=2)
elapsed time: 6003.070956345
test_losses: [[0.04359605 0.14492391 0.08316806 0.01954197 0.0111755  0.00734989
  0.00419987 0.00410005 0.00341705 0.00256347 0.00277883 0.0023667
  0.0018594  0.00193123 0.00180024 0.00154642 0.00129922 0.00132563
  0.00122116 0.00106724 0.00110428 0.00100902 0.00096083 0.00100367
  0.00084296 0.00089273 0.00081425 0.0008086  0.00076447 0.00084684]
 [0.03001752 0.05419074 0.02420058 0.01329245 0.00650196 0.00640526
  0.00445638 0.00336067 0.00342773 0.00318218 0.00291918 0.00227378
  0.0021979  0.00196133 0.00183039 0.00161773 0.00140213 0.00153417
  0.00134857 0.00132142 0.00126533 0.00134256 0.00113392 0.00124028
  0.00116901 0.00094775 0.00093447 0.00098211 0.00093838 0.00094599]
 [0.028189   0.02507953 0.01291571 0.00959971 0.0068129  0.00538532
  0.0050951  0.00406677 0.00377921 0.00352707 0.00329438 0.0027895
  0.00282849 0.0025916  0.00249358 0.00225572 0.00241411 0.00190001
  0.00190122 0.00192017 0.00156064 0.00164205 0.00146743 0.00147629
  0.00142823 0.00148151 0.00152744 0.00133247 0.0012117  0.00130835]
 [0.02327043 0.01684505 0.01243023 0.00864045 0.00732174 0.00606998
  0.00573285 0.00530525 0.00500882 0.0048259  0.00427609 0.00415346
  0.00390053 0.00335263 0.0029051  0.00318795 0.00313473 0.00292705
  0.00239215 0.00295306 0.00250642 0.00269812 0.00225282 0.00244657
  0.00242527 0.00208563 0.00213253 0.00217946 0.00198046 0.00202306]
 [0.02526262 0.01709071 0.01047314 0.00902    0.00725925 0.00703745
  0.00703992 0.00627121 0.00577942 0.00568835 0.00543808 0.00502968
  0.00474362 0.00495945 0.00440304 0.00463556 0.00467664 0.00454725
  0.00373778 0.00424718 0.00387011 0.00403501 0.00420199 0.00384551
  0.00362232 0.00369389 0.00346631 0.00370772 0.0034573  0.00345887]
 [0.02171013 0.01342417 0.01070154 0.00981047 0.008985   0.00846745
  0.00779123 0.00798294 0.00729128 0.00707641 0.00730841 0.00691446
  0.00651825 0.00660096 0.00635194 0.00608125 0.00639296 0.00608402
  0.00616471 0.00587286 0.0058284  0.00580913 0.00574607 0.00568154
  0.00569819 0.005798   0.00539271 0.00547464 0.00525887 0.00532308]
 [0.01940211 0.01420478 0.01154877 0.01064727 0.01017707 0.00937306
  0.00879785 0.00920449 0.00905585 0.00882733 0.00830619 0.00845207
  0.00849688 0.00838879 0.00820614 0.00814739 0.00823857 0.00847774
  0.00798447 0.00850814 0.00788095 0.00771413 0.00795324 0.00784867
  0.00788134 0.00818467 0.00813696 0.00808797 0.00787022 0.00809821]
 [0.01792581 0.01381632 0.01295988 0.0113919  0.01150607 0.01024936
  0.01018452 0.01083664 0.01028395 0.01037168 0.0104324  0.01067469
  0.0105071  0.01001601 0.0099752  0.00973169 0.00990176 0.01005683
  0.00984058 0.00986046 0.01024862 0.00999991 0.01016848 0.01001865
  0.01006786 0.00959199 0.01000928 0.01008231 0.01012812 0.00972794]
 [0.01764857 0.01400228 0.01329454 0.01181946 0.01235794 0.01220619
  0.01169109 0.01157958 0.01174928 0.01162933 0.01206405 0.01152113
  0.01170846 0.01197044 0.01139552 0.01150825 0.01166634 0.01147595
  0.01157197 0.01126407 0.0117572  0.01182773 0.01174675 0.0118208
  0.0115887  0.0118748  0.01164799 0.01149752 0.01112506 0.01199308]
 [0.01690134 0.0141649  0.01381232 0.01266783 0.0131126  0.01318866
  0.01288326 0.01309765 0.01294714 0.01316503 0.01313941 0.01284927
  0.01290262 0.01301679 0.01307912 0.01338172 0.01287828 0.01312835
  0.01307348 0.01327942 0.01297194 0.01301316 0.0128735  0.01311068
  0.01305597 0.01311674 0.0129552  0.01256048 0.01332506 0.01273742]
 [0.01704147 0.01467219 0.0143145  0.01392021 0.01334642 0.0140144
  0.01380003 0.01382348 0.01420516 0.01400291 0.01395407 0.01378688
  0.01386587 0.01405003 0.01421555 0.01415465 0.01400476 0.01384646
  0.01377782 0.0141032  0.01394254 0.01410664 0.01400267 0.01403675
  0.01351806 0.01379496 0.01432    0.01398046 0.01407069 0.01374477]
 [0.01726727 0.01693706 0.01660716 0.01645456 0.01731908 0.01718817
  0.01742611 0.01722573 0.01721987 0.01735322 0.0174333  0.01787669
  0.01794198 0.01757714 0.0177318  0.01787605 0.01790609 0.0179964
  0.01796491 0.01811828 0.01803244 0.018009   0.01807593 0.01791662
  0.01811239 0.01809979 0.01801839 0.01838151 0.01844707 0.01835091]
 [0.01826111 0.01814432 0.01853718 0.01828099 0.0185459  0.0191914
  0.01906705 0.01892668 0.01887984 0.01915896 0.0191819  0.01921733
  0.01937803 0.01950412 0.01940299 0.01930198 0.01943521 0.01949808
  0.01951218 0.01949188 0.01953364 0.01959841 0.01962459 0.01959501
  0.01961979 0.01954195 0.01964722 0.01969346 0.01957782 0.01964152]
 [0.01834414 0.01897942 0.0193676  0.01934574 0.01950263 0.01953605
  0.01976277 0.01967672 0.01977264 0.01977639 0.01980551 0.01978787
  0.01981187 0.01979521 0.01981933 0.01982809 0.01981308 0.01981112
  0.01984312 0.01987836 0.01986556 0.01985803 0.01984064 0.01982303
  0.01983169 0.01988073 0.01991202 0.0198901  0.01989862 0.01986954]
 [0.01934462 0.01943155 0.01954629 0.01978717 0.0197313  0.01991326
  0.01988438 0.01983475 0.01984477 0.0199177  0.01986783 0.0198864
  0.01991154 0.01985926 0.01990489 0.01990434 0.01983208 0.01988837
  0.01989894 0.01993653 0.01988682 0.0199277  0.01989567 0.01993364
  0.01992099 0.01988815 0.01994337 0.01992287 0.0198903  0.01988029]]
variance: [[1.44390975e-02 1.45413556e-01 1.49369465e-01 2.75087806e-03
  9.54445515e-04 2.15293864e-04 2.41195333e-05 4.07798249e-05
  2.00040206e-05 1.38671489e-05 1.93472468e-05 9.76047342e-06
  5.30244946e-06 5.47757594e-06 4.26008868e-06 3.55651561e-06
  1.95819197e-06 2.31346620e-06 2.16234829e-06 1.33163674e-06
  1.23785341e-06 1.45498695e-06 1.01685870e-06 1.32279412e-06
  7.88487410e-07 9.62491823e-07 8.32098975e-07 6.40005532e-07
  8.44483454e-07 8.18210982e-07]
 [3.75395199e-03 1.08605107e-02 3.33667083e-03 7.79607845e-04
  6.93490912e-05 6.56199669e-05 2.51199252e-05 1.68611571e-05
  1.54519509e-05 1.23482797e-05 1.25089161e-05 6.08774394e-06
  5.70810906e-06 4.93210657e-06 3.93132982e-06 3.00362514e-06
  2.83150937e-06 2.81222728e-06 2.46825391e-06 2.61288659e-06
  1.58961999e-06 2.28072876e-06 1.50561043e-06 2.13883852e-06
  1.66462223e-06 1.07376365e-06 9.36092894e-07 1.10586543e-06
  1.39135067e-06 1.46947083e-06]
 [1.85133778e-03 1.20898748e-03 1.98815155e-04 1.83546437e-04
  5.97018273e-05 3.32630606e-05 2.40441483e-05 1.74532822e-05
  1.70090311e-05 1.25290094e-05 1.08273445e-05 9.09627834e-06
  8.76751202e-06 7.45101245e-06 5.94163984e-06 6.02917974e-06
  5.55480115e-06 3.86718798e-06 4.45347009e-06 4.47324729e-06
  2.81127506e-06 2.84565960e-06 2.02606864e-06 1.96776347e-06
  2.31122471e-06 1.89886763e-06 2.85855047e-06 1.96362220e-06
  1.58415780e-06 2.35076986e-06]
 [1.12020942e-03 3.03131174e-04 1.46223156e-04 6.02761018e-05
  4.46822148e-05 2.79683712e-05 2.20090892e-05 2.03351284e-05
  2.06493545e-05 1.70314085e-05 1.50928807e-05 1.69556265e-05
  1.33904595e-05 9.94672916e-06 9.80059098e-06 1.02954756e-05
  1.04375177e-05 8.61383846e-06 5.05708266e-06 8.49025900e-06
  5.97863183e-06 6.89660092e-06 4.62593785e-06 6.17069040e-06
  5.17037386e-06 4.38215976e-06 3.44852740e-06 4.69750782e-06
  4.46823323e-06 3.71465457e-06]
 [9.41298604e-04 2.75708895e-04 7.22381295e-05 4.58386336e-05
  2.86274636e-05 2.70814719e-05 2.89499030e-05 2.58812184e-05
  1.84024406e-05 2.08181261e-05 2.06392226e-05 1.79814934e-05
  1.68850398e-05 1.88455154e-05 1.53720834e-05 1.59302380e-05
  1.59936224e-05 1.45042489e-05 8.92683631e-06 1.20653217e-05
  1.04644132e-05 1.17569786e-05 1.25212678e-05 1.01915302e-05
  8.88021814e-06 9.60091662e-06 8.93903962e-06 9.42628790e-06
  7.48497884e-06 8.47824775e-06]
 [4.23096061e-04 7.22826055e-05 4.78178687e-05 3.65418682e-05
  3.59342603e-05 2.92240315e-05 2.65093262e-05 2.57107084e-05
  2.60317759e-05 2.49457839e-05 2.35843738e-05 2.19857079e-05
  1.85531702e-05 2.10369676e-05 1.87414203e-05 1.70285733e-05
  1.85422173e-05 1.61639663e-05 1.70517211e-05 1.51144995e-05
  1.48827535e-05 1.38323001e-05 1.45127951e-05 1.48592323e-05
  1.48861827e-05 1.49596306e-05 1.38819906e-05 1.21095773e-05
  1.03923443e-05 1.25297917e-05]
 [2.48166501e-04 7.52328203e-05 3.99491619e-05 3.16002710e-05
  2.87610902e-05 3.02823982e-05 2.50069867e-05 2.68536734e-05
  2.71255792e-05 2.22406667e-05 2.49702199e-05 1.98910849e-05
  2.19597765e-05 2.11072219e-05 2.02321314e-05 1.98522219e-05
  1.78917181e-05 2.12103038e-05 1.87340692e-05 1.79040716e-05
  1.68689001e-05 1.59804660e-05 1.46747875e-05 1.63176036e-05
  1.64539313e-05 1.54474554e-05 1.67804158e-05 1.33658013e-05
  1.60161451e-05 1.54093099e-05]
 [1.20788189e-04 6.15631375e-05 3.61324784e-05 2.91698765e-05
  2.82434447e-05 2.60239268e-05 2.44960827e-05 2.40918127e-05
  2.39253402e-05 2.29543162e-05 1.76216736e-05 2.05887816e-05
  1.80937372e-05 1.97408010e-05 1.90774703e-05 1.89110374e-05
  1.55745427e-05 1.71126451e-05 1.45370260e-05 1.59430016e-05
  1.58957640e-05 1.88916621e-05 1.53413325e-05 1.42549010e-05
  1.53510220e-05 1.51954077e-05 1.41137721e-05 1.35262824e-05
  1.26000954e-05 1.42962351e-05]
 [1.58120721e-04 4.57848979e-05 3.19809426e-05 2.68342625e-05
  2.32708614e-05 2.15783614e-05 1.96361023e-05 1.63710528e-05
  1.89092806e-05 1.66740637e-05 1.45760932e-05 2.05166257e-05
  1.81667971e-05 1.47054415e-05 1.58463458e-05 1.67249694e-05
  1.38852970e-05 1.39638355e-05 1.30467139e-05 1.41917687e-05
  1.31826455e-05 1.39731616e-05 1.41574512e-05 1.13756514e-05
  1.33180944e-05 1.13884621e-05 1.22724746e-05 1.21469073e-05
  1.18670239e-05 9.58045670e-06]
 [6.56919504e-05 4.12633565e-05 2.51552725e-05 2.34753889e-05
  2.08199688e-05 2.22817963e-05 1.92234668e-05 1.69351591e-05
  1.67150228e-05 1.66402352e-05 1.64708009e-05 1.70642271e-05
  1.66167407e-05 1.37615529e-05 1.46867328e-05 1.36639839e-05
  1.20535439e-05 1.47406231e-05 1.49132227e-05 1.22079960e-05
  1.27386390e-05 1.14321345e-05 1.08445154e-05 1.02115331e-05
  9.61147806e-06 1.07209081e-05 1.02146500e-05 9.66649963e-06
  1.06285178e-05 1.07611388e-05]
 [3.94963823e-05 2.55320107e-05 2.17191425e-05 2.42502515e-05
  1.95398453e-05 1.88200243e-05 1.52127564e-05 1.71378911e-05
  1.30356064e-05 1.34391293e-05 1.43381052e-05 1.32652874e-05
  1.15298791e-05 1.41306953e-05 1.34758407e-05 1.15299421e-05
  1.16881625e-05 1.14068584e-05 1.19597055e-05 9.86037170e-06
  8.69061338e-06 9.91852013e-06 9.53762553e-06 9.15293542e-06
  1.09888524e-05 9.02985055e-06 8.06764314e-06 9.79109715e-06
  8.20877463e-06 9.13411989e-06]
 [3.02664471e-05 1.53210491e-05 1.37365479e-05 1.37067141e-05
  9.33558145e-06 1.02425408e-05 8.24277038e-06 9.26000173e-06
  8.48274609e-06 7.67075239e-06 8.26606795e-06 6.24177680e-06
  6.07342900e-06 6.79604955e-06 6.61176176e-06 5.52857061e-06
  5.54289648e-06 4.68527776e-06 5.58587043e-06 4.32234428e-06
  4.68455361e-06 5.02210481e-06 4.81100724e-06 5.16906410e-06
  4.82771216e-06 4.92862455e-06 4.72115699e-06 4.32767381e-06
  3.58803897e-06 3.98729127e-06]
 [1.33414016e-05 8.54872116e-06 5.86108224e-06 7.54549448e-06
  5.60072883e-06 2.57962032e-06 3.36067124e-06 3.22182407e-06
  3.94385727e-06 2.69351128e-06 2.46549997e-06 2.30114448e-06
  2.23717934e-06 1.33703813e-06 1.64045597e-06 1.67456793e-06
  1.51851547e-06 1.42741642e-06 1.33965403e-06 1.23712516e-06
  1.24957669e-06 9.66967387e-07 1.20018832e-06 8.61023661e-07
  8.77439082e-07 1.26241194e-06 9.16696468e-07 5.09644382e-07
  1.13461706e-06 7.79151322e-07]
 [9.93621911e-06 5.07742422e-06 2.46523219e-06 2.38613246e-06
  1.84210846e-06 1.67893191e-06 1.21109963e-06 1.13941377e-06
  7.75643143e-07 7.42358341e-07 4.98056275e-07 5.01085928e-07
  5.70294742e-07 4.88729945e-07 4.47344229e-07 4.39695667e-07
  5.77833334e-07 5.39320980e-07 4.94216400e-07 4.55263358e-07
  4.93421267e-07 3.84508385e-07 3.83660661e-07 5.60067777e-07
  4.39105527e-07 4.23905773e-07 2.02211939e-07 3.15356963e-07
  3.49540888e-07 3.96893647e-07]
 [3.83959781e-06 2.79191972e-06 1.35628778e-06 8.89557711e-07
  6.71776252e-07 4.49859156e-07 4.95111460e-07 4.42982639e-07
  4.50931049e-07 3.56788270e-07 4.40603007e-07 4.96808847e-07
  3.83167793e-07 4.15045180e-07 3.25993790e-07 3.17504822e-07
  4.70801708e-07 4.31416512e-07 2.59925746e-07 2.83694427e-07
  3.49222772e-07 2.44049897e-07 4.23727671e-07 3.79583985e-07
  2.71891261e-07 3.63378835e-07 3.75533383e-07 3.34181632e-07
  4.09876446e-07 3.66249579e-07]]
