args:  Namespace(attack='fgm', gaussian=True, l2=0, ndim=10)
elapsed time: 12829.019480046001
mins: [[0.0344687  0.00523893 0.00421684 0.00411924 0.00587348 0.00367429
  0.00265883 0.00857937 0.0053844  0.00569101 0.00334803 0.00345404
  0.00260436 0.00299953 0.00234196 0.00262831 0.00203686 0.00193273
  0.00122804 0.00162983 0.00177612 0.00134529 0.00110841 0.00121821
  0.00095074 0.00083339 0.00034149 0.00133545 0.00068156 0.00062137]
 [0.02248191 0.00625349 0.00323038 0.00313561 0.00286004 0.00483094
  0.00576088 0.00357815 0.00648109 0.00464614 0.00263954 0.00352539
  0.00292704 0.00186026 0.00209399 0.00256088 0.00121862 0.00193979
  0.00191614 0.00176997 0.00082941 0.0013082  0.00065306 0.00078089
  0.00123185 0.00104343 0.00097896 0.00077994 0.00031781 0.00066733]
 [0.00733241 0.01488501 0.00616404 0.00387634 0.00350233 0.00362624
  0.00625589 0.00677835 0.00283299 0.00433312 0.00197389 0.00248828
  0.0026266  0.00222588 0.00201341 0.00219219 0.00153429 0.00192779
  0.0012868  0.00141174 0.00162704 0.00091673 0.00143702 0.00093556
  0.0013881  0.00111001 0.00093357 0.00037988 0.00051136 0.0005861 ]
 [0.04467941 0.0272138  0.00697902 0.01204579 0.00501905 0.01013668
  0.00655879 0.003724   0.00341413 0.00373107 0.00366055 0.0033515
  0.00187086 0.00219899 0.00170474 0.00207071 0.00169479 0.00156908
  0.00108652 0.00196038 0.0004642  0.00117167 0.00108919 0.00153998
  0.00091998 0.00060339 0.00083864 0.00072252 0.00086751 0.00074591]
 [0.03292611 0.02893264 0.0188093  0.00272752 0.01061715 0.00659821
  0.00466965 0.00493037 0.00529827 0.00174119 0.00203304 0.00260071
  0.00249293 0.00244433 0.00187388 0.00092473 0.00181673 0.00149129
  0.00140405 0.00070521 0.00125396 0.00118716 0.00151233 0.00134774
  0.00122773 0.00054049 0.0011466  0.00116482 0.00073699 0.00087925]
 [0.03295342 0.0185944  0.01799795 0.01668476 0.00369991 0.00981742
  0.00563918 0.00235138 0.00534971 0.00363014 0.00306993 0.00189315
  0.00289018 0.00215426 0.00159702 0.00196239 0.00132527 0.00164156
  0.00122074 0.00111658 0.0010221  0.00090325 0.00114759 0.00159982
  0.00086777 0.00076892 0.00068762 0.00108046 0.00162224 0.00035086]
 [0.04055582 0.02056156 0.01344453 0.00550157 0.00861714 0.00607132
  0.00461295 0.00502679 0.00302929 0.0043687  0.00348705 0.00278307
  0.00291929 0.00132807 0.00202257 0.00190136 0.00198884 0.0025101
  0.00164284 0.00153997 0.00082925 0.00202311 0.00102527 0.00125123
  0.00225153 0.00146481 0.0012437  0.00061025 0.0017757  0.00105345]
 [0.03735266 0.01019109 0.02004314 0.00887236 0.01442375 0.00629189
  0.00606504 0.00631319 0.00163356 0.00372996 0.00512876 0.00386611
  0.00228271 0.00302166 0.00161695 0.00366931 0.00186626 0.00256528
  0.00160846 0.0022778  0.00195033 0.00232472 0.00189891 0.00234762
  0.00158675 0.00160447 0.0011728  0.00133812 0.00197846 0.00171589]
 [0.02244743 0.02259635 0.0153063  0.01097335 0.00887699 0.00694455
  0.00935365 0.00546745 0.00276318 0.00500462 0.00359922 0.00237597
  0.00360109 0.00450992 0.00167185 0.00151826 0.00263509 0.00187708
  0.00367429 0.00239024 0.00315421 0.0021582  0.00185179 0.00339714
  0.00312576 0.00225738 0.00160131 0.00146111 0.00146485 0.00191855]
 [0.0343632  0.02261898 0.01341456 0.01274326 0.01273349 0.01078826
  0.00658941 0.00698484 0.00455469 0.00567382 0.00668433 0.00495449
  0.00370925 0.00215151 0.00281758 0.00495584 0.0031002  0.0058669
  0.00348566 0.00365322 0.00303843 0.00318079 0.00448068 0.00274131
  0.00294595 0.00338098 0.00193951 0.00306803 0.00317343 0.0041675 ]
 [0.03758458 0.02075688 0.01621701 0.01357306 0.01511778 0.00823223
  0.00755416 0.00508812 0.00695127 0.00587123 0.00752167 0.00493509
  0.00470693 0.00587573 0.00416318 0.00364897 0.00438965 0.00502107
  0.00296102 0.00345174 0.00325915 0.0035992  0.00379978 0.00491313
  0.00583762 0.00356127 0.0037106  0.00503227 0.00457252 0.00545256]
 [0.01515653 0.0249915  0.02159367 0.00513597 0.01235844 0.01278603
  0.01004908 0.01763799 0.01037719 0.01163296 0.0150071  0.01679259
  0.01430906 0.01767688 0.02191799 0.01428929 0.02028833 0.01730726
  0.01981173 0.02460102 0.02389715 0.01769976 0.02453921 0.02304008
  0.02473531 0.01959513 0.02860283 0.02025321 0.03375002 0.02602233]
 [0.03656935 0.03487992 0.03235157 0.01453474 0.0327009  0.02721791
  0.04458084 0.03677714 0.04581011 0.04927265 0.0428353  0.04244613
  0.04527952 0.05286867 0.04531169 0.05435939 0.04085942 0.03450817
  0.03969595 0.05031381 0.05433618 0.05254339 0.05610906 0.05414127
  0.047321   0.05466243 0.05653835 0.05673358 0.05628746 0.05912095]
 [0.03152135 0.02349325 0.02806359 0.01340869 0.03422254 0.04885662
  0.05348002 0.05235852 0.05786919 0.05232917 0.05349008 0.05474013
  0.05889448 0.06299979 0.05622773 0.04844023 0.06231238 0.06147024
  0.06991554 0.05996976 0.06914374 0.0642285  0.06684846 0.06627138
  0.06466421 0.06827645 0.06398776 0.07072116 0.06944709 0.07006042]
 [0.04552257 0.04338655 0.04686921 0.0570989  0.05932794 0.05905942
  0.06700858 0.0696064  0.06860979 0.0638613  0.05961277 0.07678243
  0.06491014 0.07615636 0.07193366 0.07298962 0.07251269 0.07782235
  0.07149334 0.06876609 0.07733121 0.07868623 0.08392504 0.08584455
  0.08749735 0.08048174 0.0822776  0.08841137 0.08612575 0.09110031]]
maxs: [[0.18903461 0.19669642 0.33672023 0.18733132 0.26709893 0.19165549
  1.06114709 0.53216857 0.57217634 1.56862712 0.88449496 0.54936111
  0.48173749 0.32617614 0.31732273 0.24115875 0.17188793 0.06404281
  0.05276178 0.06059805 0.06409142 0.08652633 0.03287202 0.05416477
  0.03532701 0.02220503 0.03965091 0.02072888 0.0248227  0.0177789 ]
 [0.207232   0.15332167 0.16616605 0.14501065 0.22733852 0.2571702
  0.31764489 0.30297685 0.28331634 0.35823286 0.37364143 0.24866508
  0.22013338 0.11072601 0.12039335 0.141398   0.0701652  0.05419278
  0.06555769 0.03594116 0.03092193 0.05460383 0.03526067 0.02797808
  0.0263172  0.0271948  0.02887074 0.02253149 0.02292099 0.03213138]
 [0.12487049 0.12735389 0.11790679 0.13638075 0.16788639 0.29319739
  0.22408497 0.21984814 0.19347291 0.19874683 0.19755235 0.1106239
  0.11532427 0.17020182 0.07899062 0.04780168 0.04645548 0.05829422
  0.04428687 0.03975751 0.03893784 0.03180367 0.03455585 0.03750197
  0.02329913 0.01963649 0.01902244 0.02608075 0.02141981 0.0184183 ]
 [0.11073147 0.11405145 0.12118506 0.21579653 0.14428833 0.2048123
  0.15417609 0.15314996 0.15838015 0.15404516 0.13537827 0.12603751
  0.11157212 0.0794858  0.06158701 0.09118829 0.05753962 0.08329868
  0.03492736 0.0514666  0.03950951 0.03433227 0.02669163 0.02895867
  0.02245675 0.02676206 0.02737384 0.01962717 0.01847417 0.01867002]
 [0.11301901 0.12008014 0.12508932 0.1375031  0.14288875 0.14399979
  0.12478824 0.14609288 0.106245   0.09033666 0.13022743 0.09369282
  0.07599067 0.08062182 0.05060724 0.05277859 0.0689932  0.04185686
  0.04852603 0.04257694 0.02703134 0.05605618 0.02958631 0.04888984
  0.03270109 0.03477852 0.0278989  0.0199636  0.02310094 0.02305505]
 [0.10964923 0.11946137 0.1465397  0.12546392 0.15778266 0.14930089
  0.11285849 0.10829519 0.09399673 0.10048699 0.0898705  0.07926035
  0.07416948 0.07855513 0.06941433 0.05301954 0.05481069 0.04379877
  0.072065   0.04832022 0.04377099 0.03649724 0.04290463 0.03679502
  0.03244849 0.04105087 0.03705784 0.02511421 0.02850489 0.0325726 ]
 [0.11564361 0.11424347 0.12711126 0.12941238 0.11000749 0.12151878
  0.10026227 0.10020515 0.09773915 0.08749492 0.07931527 0.07620012
  0.09388978 0.07929041 0.07181339 0.07614654 0.0564866  0.06994141
  0.0547409  0.05829307 0.04959026 0.04707422 0.05936421 0.03381042
  0.05360491 0.05479302 0.03291781 0.03748858 0.04504112 0.05372601]
 [0.11359708 0.12433843 0.10600834 0.13354543 0.12046602 0.11061182
  0.11172888 0.10626831 0.09110117 0.10899722 0.08454848 0.0672127
  0.07255092 0.07953988 0.06235776 0.07456995 0.08388745 0.07170957
  0.06195179 0.05867598 0.06756685 0.05817835 0.06918076 0.06648328
  0.06421223 0.05968158 0.0664584  0.07885997 0.05179843 0.0405317 ]
 [0.10851192 0.12755682 0.11846879 0.1164173  0.10639409 0.10500512
  0.09569907 0.08887055 0.09597977 0.09009331 0.08360583 0.0808649
  0.07994479 0.08348621 0.07535379 0.07639332 0.07991592 0.08051185
  0.07542652 0.081916   0.07115909 0.0746032  0.06126127 0.06929288
  0.05981132 0.07459335 0.06681865 0.07071029 0.06445152 0.07316955]
 [0.12735195 0.12525472 0.11100231 0.11656965 0.10416287 0.10963187
  0.10555643 0.09645651 0.09128819 0.09626339 0.08760797 0.08284805
  0.08459574 0.08466633 0.08465391 0.08169314 0.08429779 0.07831473
  0.07795895 0.07774792 0.08378205 0.07609753 0.07348145 0.07917506
  0.06967556 0.0820334  0.06532995 0.07240981 0.07466177 0.07746308]
 [0.11063657 0.11027247 0.10817636 0.10774693 0.09946772 0.10253976
  0.09989336 0.09372146 0.09339831 0.08625963 0.08657731 0.0864886
  0.08147088 0.08319246 0.08890895 0.08641862 0.08409455 0.08293213
  0.0828535  0.09065883 0.0863466  0.07378599 0.08259415 0.08647908
  0.07852018 0.07925077 0.07784922 0.08043861 0.07967351 0.07666805]
 [0.11299747 0.11478719 0.10532809 0.10396388 0.10612604 0.09969869
  0.0988961  0.09620643 0.10015546 0.09529456 0.09736271 0.09854004
  0.09360715 0.09665374 0.09915389 0.09136479 0.09145203 0.09610493
  0.09656473 0.09567229 0.09765202 0.09819756 0.09532161 0.09854825
  0.09774479 0.09070206 0.09677854 0.08590687 0.08729408 0.09928379]
 [0.10952995 0.10485236 0.10099135 0.10366743 0.09964465 0.09955917
  0.10055993 0.1002164  0.09978801 0.10029788 0.10012662 0.10025841
  0.10056226 0.09960487 0.10008539 0.10055078 0.1000947  0.10060752
  0.10048515 0.09974895 0.09962381 0.09978312 0.09986367 0.09983172
  0.09983528 0.09910595 0.10005698 0.09951227 0.10023762 0.10013135]
 [0.11146281 0.10359196 0.10175925 0.10180842 0.10075201 0.1004642
  0.10031871 0.10037535 0.10044719 0.1007871  0.10052714 0.10083439
  0.10100885 0.10083836 0.10111775 0.10056458 0.10055494 0.10035014
  0.10052503 0.10119072 0.10083967 0.10118494 0.10084281 0.10047915
  0.10091011 0.10086042 0.10113222 0.10078903 0.10074826 0.10054051]
 [0.10681833 0.10422339 0.1030788  0.10108038 0.10066953 0.10085133
  0.10117397 0.10123318 0.10122532 0.10095201 0.10158767 0.10149074
  0.10127145 0.10128482 0.10095269 0.10082177 0.1010001  0.10129254
  0.10098698 0.10161898 0.10154227 0.10127259 0.10108004 0.10080431
  0.10170329 0.10096326 0.1010531  0.10115574 0.10135144 0.10129838]]
test_losses: [[0.10158255 0.09278526 0.08769307 0.07764521 0.06787315 0.06066831
  0.06670354 0.07061476 0.09608783 0.09767067 0.07413354 0.05364783
  0.04602064 0.03203782 0.02540241 0.02014258 0.016887   0.01432674
  0.01235967 0.01217872 0.01039759 0.00919736 0.00847976 0.00788183
  0.00693251 0.00690423 0.00639061 0.00594531 0.00553581 0.00512832]
 [0.09412398 0.08729726 0.07823703 0.0692738  0.06375035 0.06015408
  0.05952644 0.0683067  0.0660189  0.06583438 0.0487471  0.03799175
  0.02950375 0.0226356  0.01966237 0.01715859 0.0140842  0.01323246
  0.01100621 0.0097714  0.00980939 0.00855678 0.00783837 0.00678402
  0.00673843 0.00670467 0.00565634 0.00583404 0.00550731 0.00530616]
 [0.09233693 0.08208998 0.074457   0.06615934 0.06000682 0.05378767
  0.05694437 0.05226967 0.05164751 0.04111116 0.03383061 0.0268276
  0.02404898 0.01966764 0.01788465 0.01386109 0.01323589 0.01165532
  0.01076667 0.00993371 0.00891316 0.00822034 0.00750966 0.00688818
  0.00703101 0.00618799 0.00599291 0.00572426 0.00537005 0.00519266]
 [0.09127461 0.08357055 0.07440824 0.06912015 0.05989986 0.05602819
  0.0494949  0.04417572 0.04125145 0.03644949 0.02990333 0.02448094
  0.02073343 0.01800991 0.01603118 0.01418684 0.01252016 0.01232363
  0.01026769 0.00962455 0.00863024 0.00849599 0.00730123 0.00735529
  0.00728271 0.00666674 0.00622162 0.00622977 0.0057251  0.005317  ]
 [0.09235146 0.08341863 0.0737137  0.06742021 0.06295354 0.05355764
  0.04924206 0.04258153 0.03546529 0.0298211  0.02786979 0.02332099
  0.01838637 0.0175709  0.01573659 0.01396334 0.01394326 0.01110257
  0.01080864 0.01032333 0.00928749 0.0092462  0.00826978 0.00811434
  0.00778451 0.00716124 0.00674872 0.00635096 0.00659433 0.0064829 ]
 [0.0913216  0.08146696 0.07465155 0.06842533 0.06006567 0.05388868
  0.04659942 0.04090762 0.03595682 0.03032069 0.02554134 0.02180905
  0.02043402 0.0177283  0.01662247 0.01445747 0.01429712 0.01299849
  0.01213993 0.01124352 0.01074395 0.01004336 0.00963591 0.0091978
  0.00841932 0.00846011 0.00841006 0.00743849 0.00781724 0.00792769]
 [0.09185217 0.08125167 0.07334696 0.06620142 0.06105615 0.05283898
  0.04723904 0.04043697 0.03574416 0.03082094 0.02555682 0.02363432
  0.02293912 0.02039979 0.01850988 0.0176165  0.01568487 0.01434648
  0.0143823  0.01375954 0.0124463  0.01351801 0.01146405 0.01068912
  0.01074753 0.01083296 0.00980252 0.00994619 0.00942008 0.00934402]
 [0.09080211 0.083224   0.0741381  0.06668335 0.0613239  0.05037349
  0.04493581 0.04131166 0.03439661 0.0326896  0.02857172 0.02474669
  0.02470756 0.02158494 0.02071788 0.0200169  0.01909507 0.01808953
  0.01726902 0.01655579 0.01579805 0.01443448 0.01374437 0.01374218
  0.01487036 0.01395108 0.01364719 0.01276043 0.01302087 0.01156149]
 [0.09126992 0.08279698 0.07520535 0.06600561 0.05850367 0.05212463
  0.04538668 0.04332838 0.03829272 0.03304964 0.03203751 0.02893098
  0.02622786 0.02621905 0.02447301 0.02439988 0.02270732 0.02150824
  0.0217866  0.02325643 0.0214429  0.01971629 0.01818558 0.01860203
  0.01758981 0.01793388 0.01769152 0.01773127 0.01642035 0.01809991]
 [0.08993649 0.08362033 0.07465668 0.06823169 0.05847484 0.05496282
  0.0465682  0.04507999 0.0392652  0.03849695 0.0347099  0.03377075
  0.03307139 0.03232739 0.03043825 0.02840046 0.02905013 0.02721021
  0.02684631 0.02567566 0.02635892 0.02687811 0.02448912 0.02585421
  0.02493619 0.02345955 0.02360245 0.0236302  0.02179813 0.02516246]
 [0.0913481  0.08226661 0.07549057 0.06641155 0.06044033 0.05313115
  0.0507645  0.04696082 0.04330945 0.04200962 0.04145869 0.03992602
  0.03831765 0.03587494 0.03711199 0.03699974 0.03463495 0.0349952
  0.03445087 0.03229102 0.0333144  0.03363956 0.03180798 0.03043916
  0.03338366 0.03338913 0.03314913 0.03212776 0.03064605 0.02901479]
 [0.09107907 0.08263904 0.07581629 0.06991391 0.06700254 0.06649818
  0.06401473 0.06265025 0.0642616  0.06580787 0.06495557 0.06384804
  0.06394387 0.06445904 0.06514558 0.06448151 0.0640819  0.06346792
  0.06424196 0.06257812 0.06550091 0.06446255 0.06502477 0.06439795
  0.06514847 0.06546863 0.06457527 0.06351022 0.06371723 0.06429257]
 [0.09150604 0.08471574 0.08013243 0.07762066 0.07779693 0.0784106
  0.07830282 0.07765443 0.07917986 0.07912399 0.07802162 0.07942015
  0.07869394 0.07955577 0.07895005 0.07838532 0.07970367 0.07814498
  0.07984821 0.07964557 0.08101887 0.08011777 0.08012993 0.07990284
  0.079883   0.08026632 0.08009652 0.08023977 0.08166021 0.08107111]
 [0.09262648 0.08590077 0.08541608 0.084208   0.08547514 0.08616526
  0.08643288 0.08671684 0.08818905 0.08846802 0.08794526 0.0892374
  0.09038648 0.09035015 0.09027767 0.09078286 0.09071404 0.09195984
  0.09189788 0.09317108 0.093041   0.09314305 0.09350424 0.09380491
  0.09386112 0.09349526 0.0944074  0.0943055  0.09432097 0.0939524 ]
 [0.09260694 0.08913646 0.08984562 0.0913234  0.09104744 0.09198841
  0.09349635 0.09453983 0.09464791 0.09480702 0.09516009 0.09659848
  0.09627745 0.09700779 0.09702276 0.09769457 0.09750524 0.09790392
  0.09796149 0.09797205 0.09839997 0.09814431 0.09847649 0.09886802
  0.0985842  0.09880682 0.09876287 0.09902498 0.09906601 0.09916712]]
