args:  Namespace(attack='fgm', gaussian=False, l2=0, ndim=2)
elapsed time: 4880.569332516
mins: [[2.12438226e-06 4.80730796e-06 1.07863499e-07 3.87981174e-07
  1.34997180e-07 3.79537425e-07 1.76737736e-08 4.83641770e-07
  3.54442847e-07 2.67504902e-07 4.89327988e-07 2.79287406e-07
  8.23840764e-07 1.00406126e-07 1.62147970e-07 2.03681800e-08
  4.30323126e-07 1.03635792e-07 1.59014647e-07 6.91066830e-08
  8.68011707e-09 2.26970602e-08 3.16701119e-07 8.43312833e-08
  6.02951104e-07 5.05133187e-07 1.52950221e-07 1.54553959e-07
  6.09765678e-08 1.43093404e-08]
 [8.35873925e-06 3.63750883e-06 2.10072351e-08 4.44104762e-06
  1.01058924e-06 5.19451191e-07 3.70836830e-07 1.22941408e-08
  1.01279988e-06 6.21736262e-07 5.45517651e-07 4.31495550e-07
  1.69188098e-07 6.74151792e-08 6.14462863e-08 1.36148046e-07
  2.47515395e-08 3.77042340e-07 2.62930868e-08 1.45862145e-07
  9.70386651e-08 5.14911420e-08 2.49468162e-08 2.10429310e-08
  7.54485541e-07 1.77481709e-08 1.89204869e-07 3.15240172e-08
  7.91892560e-08 9.62286961e-09]
 [1.08340862e-06 9.77989544e-07 1.22337133e-06 2.08206615e-07
  3.02792728e-06 8.11531663e-07 1.45503373e-06 2.53653951e-07
  5.84100519e-07 3.15463552e-07 1.78333401e-08 4.37878676e-08
  9.51976972e-07 7.83138248e-08 4.12335510e-07 2.52591121e-08
  9.26252852e-08 4.31826663e-07 1.71994941e-07 2.16491316e-07
  7.21267782e-07 6.19180653e-08 2.18851625e-07 1.87959671e-07
  4.14193352e-07 1.88577502e-07 8.98301451e-08 5.46492984e-08
  2.49581291e-07 2.05906602e-07]
 [3.04036007e-06 8.26034523e-07 2.32729508e-06 1.33143374e-07
  7.99888369e-08 1.73784224e-06 2.08962047e-06 8.42695670e-07
  2.49362131e-07 1.02762215e-06 4.41514999e-07 3.30730586e-07
  2.22097879e-06 1.77188397e-07 3.59263640e-06 2.82550143e-08
  1.88850464e-07 1.34938921e-06 7.89000637e-07 1.35315233e-07
  2.76569972e-06 1.21342441e-06 4.28727049e-07 1.27110513e-06
  2.97381348e-07 5.49507568e-08 7.54665621e-07 2.76450493e-07
  1.72825969e-06 1.31906961e-06]
 [1.24045619e-06 8.94233452e-08 5.56309828e-07 1.47987168e-06
  3.66481891e-06 1.13299220e-05 1.36872438e-06 4.48211495e-06
  1.39570636e-06 4.42331429e-06 6.43454860e-06 5.43734404e-06
  7.05503862e-06 6.55296481e-06 2.31754566e-05 6.91973719e-06
  1.14224877e-05 1.64851099e-05 7.09473716e-06 5.24802635e-06
  2.24783089e-05 1.99092647e-05 1.48311001e-05 6.32851425e-06
  5.90700984e-06 3.64365951e-05 9.40772952e-06 5.75235072e-06
  1.37781990e-05 1.47914116e-05]
 [1.13936699e-06 1.88390584e-06 5.71787609e-07 5.94352798e-07
  1.62214803e-07 4.18290620e-06 2.87880823e-07 4.73663249e-06
  9.74851628e-06 1.59371048e-05 3.43852025e-06 1.05119743e-05
  2.96377516e-06 2.22483923e-05 2.96225498e-05 4.31714143e-05
  3.06928882e-06 1.65889724e-05 4.63542819e-05 3.53062023e-05
  3.04860459e-05 5.08096082e-06 2.01720632e-05 7.05403945e-05
  2.96646449e-05 4.64132536e-05 5.25598516e-05 9.08462607e-05
  7.13646295e-05 2.43210052e-05]
 [1.13241151e-06 1.50926226e-05 1.04919491e-05 3.70522430e-05
  3.64407606e-05 5.66694289e-05 4.16033618e-05 1.79233248e-05
  9.58188175e-05 6.34737662e-05 1.47195387e-04 8.57894483e-05
  1.19814838e-04 1.81253068e-04 1.13594790e-04 2.10965693e-04
  1.52392327e-04 1.41696073e-04 3.04123329e-04 1.50254971e-04
  3.66407185e-04 3.17933795e-04 2.06185854e-04 2.66350660e-04
  3.41302948e-04 2.48006894e-04 3.03978944e-04 3.14696808e-04
  3.23662010e-04 2.18138448e-04]
 [1.82264927e-07 3.14066710e-06 2.62603658e-04 3.44142842e-04
  9.71829053e-04 1.02401141e-03 1.55550812e-03 6.04857225e-04
  4.58230934e-04 1.22566218e-03 1.75498216e-03 8.29680415e-04
  2.05728970e-03 5.04131254e-04 1.78994122e-03 1.97902415e-03
  1.54673040e-03 2.04164092e-03 1.44593942e-03 1.35543570e-03
  2.07748637e-03 2.66896747e-03 2.47273198e-03 1.39708072e-03
  2.19089282e-03 1.53636385e-03 2.63853930e-03 2.38206307e-03
  2.17043888e-03 2.16127373e-03]]
maxs: [[0.01442891 0.01302063 0.01229584 0.00930845 0.00413381 0.00653758
  0.00819538 0.00330124 0.003534   0.00285068 0.00303561 0.00266734
  0.00317066 0.00199501 0.00181892 0.00253226 0.00256497 0.00144551
  0.00244031 0.00200948 0.00137532 0.00212313 0.00177825 0.00113784
  0.00128025 0.00132345 0.00104592 0.00243899 0.00139623 0.00090763]
 [0.00716203 0.011149   0.02003559 0.00653794 0.00357825 0.00422878
  0.0027603  0.00206725 0.00200722 0.00251571 0.00187802 0.00163505
  0.00126108 0.00170428 0.00178676 0.00100168 0.00144344 0.00166529
  0.0010551  0.00056398 0.0007802  0.00091547 0.00079875 0.00067955
  0.00089143 0.00075506 0.00060718 0.00087072 0.00073503 0.00055995]
 [0.00850749 0.00771778 0.00477513 0.00497243 0.00333737 0.00343052
  0.00165617 0.00165362 0.00307001 0.00102278 0.0011784  0.00166001
  0.00136541 0.00104332 0.00130264 0.0006354  0.00092992 0.00091649
  0.00076442 0.00078142 0.00066444 0.00083317 0.00079624 0.00060396
  0.00071298 0.00077305 0.0004643  0.00039129 0.0005777  0.00045346]
 [0.01085255 0.00779162 0.00456267 0.00450466 0.00292163 0.00182425
  0.00214278 0.00131063 0.00188571 0.00139843 0.00114844 0.00100126
  0.00137101 0.00097682 0.00073143 0.00082204 0.00074906 0.00057913
  0.00068149 0.00056783 0.00075512 0.00082675 0.00070115 0.00064852
  0.0005589  0.00057119 0.00049542 0.00042629 0.00046105 0.00055044]
 [0.01976217 0.01646864 0.0143043  0.01612986 0.00854646 0.00759
  0.01477779 0.0154707  0.00213601 0.00323175 0.00419396 0.00131709
  0.00171576 0.00178189 0.00172352 0.00107782 0.00120019 0.00110332
  0.00118014 0.00104866 0.00097087 0.00114474 0.00118431 0.00094188
  0.0009315  0.00084606 0.00086102 0.00102905 0.00106959 0.00088064]
 [0.02052953 0.01964443 0.01789794 0.01506707 0.01514803 0.01160614
  0.01325138 0.01547927 0.01567543 0.01588586 0.01389858 0.01424329
  0.01455099 0.01401464 0.01582413 0.01389205 0.01111296 0.00675595
  0.01103647 0.00441681 0.0081892  0.01006832 0.01399636 0.0086777
  0.0110733  0.01342216 0.00898823 0.00695688 0.01201168 0.01410142]
 [0.02069488 0.01993815 0.01967139 0.01911012 0.01919361 0.01911384
  0.01637446 0.01719011 0.01665613 0.01650756 0.01738065 0.01594636
  0.01647229 0.01657282 0.01646802 0.01651264 0.0165526  0.01661292
  0.01630853 0.01587121 0.01527426 0.01630929 0.01657186 0.01618351
  0.01593409 0.01600889 0.01653473 0.01635782 0.0151457  0.01645059]
 [0.02056189 0.0203454  0.02014996 0.02007705 0.01961644 0.01961023
  0.01971619 0.0187356  0.01880634 0.01858763 0.01879458 0.01906965
  0.01907308 0.01703649 0.01768984 0.01694645 0.01842626 0.01869554
  0.01862697 0.01909838 0.01802419 0.01848739 0.01857429 0.01838678
  0.01738406 0.01909511 0.0183286  0.01667865 0.01785478 0.01832107]]
test_losses: [[1.93624860e-03 1.48061550e-03 9.61933380e-04 7.66695216e-04
  5.86115833e-04 5.29588280e-04 4.98093503e-04 4.07535800e-04
  3.42947375e-04 2.90759943e-04 2.51866603e-04 2.23661400e-04
  2.04512515e-04 2.01249983e-04 2.13696156e-04 1.67746522e-04
  1.73475297e-04 1.44219109e-04 1.63609929e-04 1.41767824e-04
  1.38202463e-04 1.21444448e-04 1.30539465e-04 1.12794511e-04
  1.16996441e-04 1.06908441e-04 1.09542787e-04 1.15326296e-04
  1.03875834e-04 9.14897127e-05]
 [1.34678257e-03 1.34242465e-03 9.56566563e-04 5.86548859e-04
  4.68694747e-04 3.57396290e-04 3.09291080e-04 2.51962984e-04
  2.54272124e-04 2.15841830e-04 2.03889099e-04 1.84688841e-04
  1.47694334e-04 1.76953003e-04 1.58064836e-04 1.25085850e-04
  1.31056246e-04 1.15541261e-04 1.21447259e-04 9.41912769e-05
  9.53283183e-05 1.05823886e-04 8.59544534e-05 8.19778377e-05
  8.14910968e-05 7.72405383e-05 8.10290336e-05 7.85181620e-05
  6.79387195e-05 7.55174732e-05]
 [1.20771591e-03 7.73900088e-04 5.88823254e-04 4.85930445e-04
  3.54131085e-04 3.12989640e-04 2.74182811e-04 1.92598235e-04
  1.92420056e-04 1.58273203e-04 1.52316357e-04 1.68940734e-04
  1.50283143e-04 1.34432527e-04 1.36413543e-04 1.16588713e-04
  1.22720490e-04 1.09885598e-04 9.75358601e-05 9.68573367e-05
  9.30612258e-05 9.11300257e-05 8.96553767e-05 8.18786255e-05
  8.62275482e-05 7.89627463e-05 8.07253943e-05 7.46489832e-05
  7.56403653e-05 6.90277211e-05]
 [1.49069847e-03 8.14949610e-04 5.54782970e-04 5.07254555e-04
  3.48881686e-04 3.02329220e-04 2.71030426e-04 2.40501999e-04
  2.12066764e-04 1.89925861e-04 1.62604406e-04 1.63691619e-04
  1.60685923e-04 1.51191281e-04 1.44291446e-04 1.33783673e-04
  1.28407800e-04 1.18137544e-04 1.33611534e-04 1.01865107e-04
  1.18049997e-04 1.14952714e-04 1.10434294e-04 1.06127295e-04
  9.75882841e-05 9.96928702e-05 8.80535950e-05 9.12154717e-05
  9.98759814e-05 8.45531360e-05]
 [2.71928488e-03 1.53894564e-03 1.19361754e-03 1.08377997e-03
  4.97586299e-04 5.46370830e-04 6.01661366e-04 5.15983913e-04
  3.76506190e-04 3.87645622e-04 3.65601501e-04 3.45730557e-04
  3.30785092e-04 3.30522365e-04 3.16865407e-04 2.99547478e-04
  3.10591416e-04 2.96624700e-04 3.21219478e-04 3.04045625e-04
  3.02251409e-04 2.87163486e-04 2.92140288e-04 2.96638450e-04
  2.87971644e-04 2.80347368e-04 2.75548844e-04 2.81743868e-04
  2.75577084e-04 2.82267693e-04]
 [4.38321725e-03 2.95763504e-03 2.23246823e-03 1.97235977e-03
  1.38056818e-03 1.02014041e-03 1.01295213e-03 9.54552236e-04
  8.95513107e-04 1.08372444e-03 8.44147701e-04 7.34900916e-04
  7.47045714e-04 6.70161817e-04 7.01206631e-04 6.17694158e-04
  6.13003979e-04 5.37170055e-04 6.74892160e-04 4.62332082e-04
  5.64493585e-04 5.25701747e-04 4.89388767e-04 5.71298793e-04
  5.82339691e-04 5.64767123e-04 5.15032105e-04 4.61106212e-04
  5.05404986e-04 5.47420795e-04]
 [7.62138409e-03 6.85107810e-03 6.56819250e-03 5.81047824e-03
  6.26650346e-03 5.62502595e-03 5.85718982e-03 5.81733779e-03
  6.07360875e-03 6.08676074e-03 6.01079479e-03 5.99909975e-03
  5.74167866e-03 5.55666712e-03 5.67710063e-03 5.87578964e-03
  5.65829824e-03 5.95376647e-03 5.88782363e-03 5.25965302e-03
  5.68530338e-03 5.77272109e-03 6.29092383e-03 6.07076797e-03
  5.70520612e-03 5.77766149e-03 6.21269092e-03 5.87337167e-03
  6.38834903e-03 5.85500278e-03]
 [1.05305381e-02 1.07851922e-02 1.09579415e-02 9.88868607e-03
  9.91754439e-03 9.92034804e-03 9.68452545e-03 9.79085097e-03
  1.00163389e-02 9.93880716e-03 9.99484877e-03 9.76870308e-03
  1.04000598e-02 9.96175606e-03 9.82504107e-03 1.01161814e-02
  9.66749073e-03 9.84668625e-03 1.01248635e-02 1.02485193e-02
  9.84852144e-03 1.00796360e-02 9.80766600e-03 9.56544219e-03
  9.98760814e-03 1.01343021e-02 9.89937777e-03 9.79173261e-03
  1.02555739e-02 1.00636241e-02]]
