args:  Namespace(gaussian=True, ndim=2, attack='fgm', l2=0)
elapsed time: 2686.2879599999997
mins: [[5.97863448e-07 9.33517513e-05 1.10055271e-05 1.88588729e-06
  3.54726103e-06 3.36313451e-06 1.21637286e-05 5.44006662e-06
  9.48818297e-07 1.26287674e-07 1.24877954e-06 1.25512656e-06
  3.01572368e-06 6.47091099e-07 3.38626637e-06 1.10429573e-05
  2.05591778e-06 1.21177791e-07 5.66267272e-06 2.54728479e-06
  8.63943205e-06 1.52700613e-06 3.38823543e-06 4.29452439e-06
  1.32434934e-06 1.71896852e-06 1.52356256e-06 2.67832502e-06
  4.34684949e-07 2.31525360e-06]
 [6.74098410e-05 2.86414797e-05 5.98187362e-05 9.76575302e-06
  1.40113198e-05 3.78154909e-05 3.80269266e-05 9.31509203e-06
  1.34377592e-06 1.47062440e-06 8.48821401e-06 2.49938489e-06
  2.23107776e-07 1.17441061e-06 5.62986634e-06 9.26696612e-06
  8.15650947e-06 6.83604776e-06 4.38294023e-07 1.11494569e-06
  9.42584279e-07 3.00717079e-06 6.49441563e-06 6.59321904e-06
  1.76184608e-06 5.77635137e-06 1.10037161e-06 2.40515487e-06
  1.47736489e-06 1.81675398e-06]
 [2.21327064e-05 9.26961657e-05 1.09281187e-04 1.56023646e-07
  4.87387661e-05 4.10442908e-06 5.85419775e-06 3.06663696e-06
  1.50369658e-06 2.58751982e-07 1.02484012e-06 4.99656323e-07
  4.76165224e-06 3.33752882e-06 5.66240533e-06 5.71700639e-06
  8.75800379e-06 6.22247711e-08 9.39894198e-06 6.87997215e-07
  2.11878864e-06 6.68918972e-07 1.42874851e-05 4.69789302e-06
  4.26717725e-06 5.91342223e-06 6.42954546e-07 7.52739834e-06
  3.76143873e-07 5.26115082e-06]
 [2.18397709e-05 1.49604442e-04 1.90659205e-06 7.52952910e-05
  4.61503851e-06 3.29027498e-05 4.80844801e-06 1.53166948e-05
  2.00824434e-05 4.27017676e-06 1.71187148e-05 1.02400418e-05
  3.95858206e-06 6.31507737e-06 1.20924915e-05 4.46473905e-06
  9.91300658e-06 7.29866224e-06 4.90872708e-06 4.96571829e-06
  1.38136613e-06 1.66856432e-06 1.00842101e-06 2.37867516e-06
  8.55765575e-06 3.65987398e-06 1.37756649e-06 3.11785556e-07
  7.07504341e-06 9.25425695e-07]
 [3.54072436e-05 1.86971447e-05 3.36377525e-05 3.65686083e-06
  3.38293976e-05 5.00609167e-05 7.04562990e-06 3.96844880e-05
  9.46465843e-06 5.40179426e-05 1.18260787e-05 7.09428923e-06
  1.03221109e-05 5.72237786e-06 1.88726008e-05 8.16911961e-06
  1.06564712e-05 1.40234606e-05 6.25779603e-06 3.02665812e-05
  1.45914473e-05 1.19563574e-05 3.36349040e-05 3.02609478e-05
  1.35293647e-07 4.17854717e-05 4.55281224e-06 4.28278497e-07
  6.89941371e-05 4.36378832e-05]
 [8.34714156e-05 1.16560906e-04 5.89974261e-05 6.63003630e-06
  1.71585236e-06 5.36083608e-05 1.59115334e-05 8.98937287e-05
  5.95192250e-05 1.03099104e-04 2.64812243e-05 5.29298904e-06
  7.75210083e-06 1.61652752e-05 4.06224826e-05 9.80912682e-06
  1.01907281e-05 5.68965370e-05 2.99664425e-05 1.74636021e-04
  1.40898192e-04 5.09301117e-07 1.83163735e-04 4.19997414e-05
  2.44578550e-05 4.15909608e-06 2.64190516e-04 1.61249249e-04
  9.15537312e-05 2.13305957e-05]
 [2.00226030e-04 9.53064318e-06 9.78256503e-05 9.56481381e-05
  1.09491439e-05 3.02345907e-05 1.17422560e-05 1.13761678e-04
  1.65801830e-04 7.76870656e-05 2.33603332e-05 1.09667897e-04
  7.51952166e-06 1.05174826e-04 5.82967878e-05 4.58693967e-06
  2.22917501e-04 1.32082758e-04 2.60109169e-04 1.31192224e-04
  3.77997407e-04 9.84426151e-05 4.66567755e-04 1.06198051e-04
  4.02874808e-04 3.20868305e-04 4.59411996e-04 2.42879018e-04
  4.09840723e-04 4.36971342e-04]
 [1.10539273e-04 4.19642856e-05 8.34980674e-05 6.20159408e-05
  8.17714226e-06 4.06561412e-05 7.70688639e-05 6.88447199e-06
  6.70975351e-06 2.30635196e-04 1.24029466e-04 1.60518481e-04
  1.06704547e-05 1.12366652e-04 3.81878723e-04 1.36271789e-04
  7.23476915e-05 4.04391292e-04 6.12738251e-04 5.45026676e-04
  1.72329426e-04 5.68212883e-04 8.68923671e-04 5.08096244e-04
  3.39640479e-04 1.09071133e-03 2.95522419e-04 1.40343874e-03
  8.54846381e-04 1.19435857e-03]
 [9.41900944e-05 1.75056612e-05 4.00650642e-05 1.43606972e-04
  2.77792988e-05 1.17203112e-04 6.05168862e-05 2.36993310e-06
  1.67782884e-04 4.05231665e-04 6.50115602e-04 5.95614314e-04
  5.76573424e-04 1.76623653e-04 8.93524266e-04 1.22341502e-04
  9.69838526e-04 8.22556322e-04 1.71809096e-03 1.06496690e-03
  1.17811072e-03 6.02450047e-04 1.89540570e-03 1.85263064e-03
  2.49547977e-03 1.58498879e-03 8.15303763e-04 2.10742489e-03
  1.47012144e-03 3.01442272e-03]
 [8.58963685e-05 4.39061347e-04 7.84522854e-06 6.14840064e-06
  6.47952023e-04 4.23661317e-04 6.18054401e-05 5.11093414e-04
  2.69821961e-04 6.73171715e-04 6.05479057e-04 7.96101813e-04
  2.75261467e-04 2.65532057e-03 2.36486783e-03 3.42078507e-03
  1.81275781e-03 1.37253280e-03 1.40414399e-03 2.24932315e-04
  1.13226543e-03 2.39391392e-03 2.96764146e-03 2.39957799e-03
  2.69218674e-03 1.75271893e-03 2.44249916e-03 1.97807350e-03
  2.98195612e-03 3.79298325e-03]
 [2.39851885e-04 5.71500423e-05 2.43236384e-04 9.27164874e-05
  9.71451227e-05 1.01651211e-04 1.12411100e-04 1.08243804e-03
  1.89376180e-03 2.30470696e-03 1.56455371e-03 2.38454225e-03
  1.69853331e-03 3.07029835e-03 2.29053223e-03 2.59798882e-03
  3.19920550e-03 1.39100966e-03 3.65392095e-03 3.60630220e-03
  2.99153687e-03 4.42876853e-03 3.81224533e-03 4.40011732e-03
  3.89494514e-03 3.30170430e-03 1.59428036e-03 4.02648142e-03
  3.72830918e-03 5.33488253e-03]
 [3.63072504e-05 5.93803474e-04 3.15057812e-03 2.90170894e-04
  7.38158217e-03 5.97749697e-03 3.71705461e-03 9.04015824e-03
  7.44058238e-03 5.31108119e-03 9.14416835e-03 7.94574525e-03
  8.53750575e-03 7.24743074e-03 9.73370671e-03 9.37814638e-03
  9.90790967e-03 9.88540798e-03 9.90388729e-03 1.19165918e-02
  6.83877943e-03 9.84469801e-03 9.84605402e-03 1.01888822e-02
  1.33024212e-02 9.78684984e-03 1.14786336e-02 1.10011604e-02
  1.19245602e-02 1.23863006e-02]
 [5.00733673e-04 6.35885354e-03 3.73072154e-03 1.14617376e-02
  9.00757033e-03 1.29444059e-02 1.12474207e-02 1.05813788e-02
  1.27965342e-02 1.23585649e-02 1.34990625e-02 1.40868258e-02
  1.17588937e-02 1.73393004e-02 1.50758978e-02 1.56365111e-02
  1.47234984e-02 1.38957473e-02 1.72646772e-02 1.68578345e-02
  1.59678310e-02 1.62369609e-02 1.63143575e-02 1.83339976e-02
  1.65574271e-02 1.70026887e-02 1.69228502e-02 1.63749680e-02
  1.58099644e-02 1.62649341e-02]
 [7.79807149e-03 1.12815499e-02 1.21460566e-02 1.43078230e-02
  1.57781262e-02 1.23203425e-02 1.51477456e-02 1.43925734e-02
  1.68768596e-02 1.64052043e-02 1.65926125e-02 1.67958047e-02
  1.68557744e-02 1.67793948e-02 1.26268081e-02 1.68246143e-02
  1.68215483e-02 1.64917726e-02 1.65328514e-02 1.70857254e-02
  1.66430473e-02 1.65367238e-02 1.65249463e-02 1.66353062e-02
  1.83011889e-02 1.62268225e-02 1.64351091e-02 1.59088932e-02
  1.82049368e-02 1.66945457e-02]
 [4.62451437e-03 1.53767345e-02 1.65863018e-02 1.48645137e-02
  1.62179898e-02 1.68568548e-02 1.66313406e-02 1.68383271e-02
  1.68563239e-02 1.77083760e-02 1.77401416e-02 1.63288713e-02
  1.67156085e-02 1.67484209e-02 1.68073867e-02 1.82687026e-02
  1.77425332e-02 1.64788030e-02 1.76595226e-02 1.77849010e-02
  1.65007561e-02 1.84593871e-02 1.79143380e-02 1.67202447e-02
  1.76583547e-02 1.66100860e-02 1.66749414e-02 1.70456879e-02
  1.68679673e-02 1.65488143e-02]]
maxs: [[7.14375687e+00 6.99006939e+00 4.83688211e+00 1.42469549e+00
  2.19694480e-01 5.49851537e-01 7.26904124e-02 3.26366536e-02
  5.75196594e-02 2.78610364e-02 2.13172529e-02 2.87435148e-02
  1.74933951e-02 1.51435696e-02 1.73113607e-02 1.82636380e-02
  1.16200037e-02 1.09060705e-02 1.18167996e-02 1.11483363e-02
  9.14203748e-03 1.07546709e-02 5.90658654e-03 7.86435418e-03
  5.82936825e-03 8.22393969e-03 7.04085361e-03 5.40607981e-03
  5.96841285e-03 6.83507370e-03]
 [9.00428772e-01 1.27186239e+00 1.98494688e-01 8.87167454e-02
  5.87343425e-02 8.85090157e-02 5.23190200e-02 5.63780740e-02
  2.42060088e-02 2.20049769e-02 1.80056244e-02 1.65038183e-02
  2.64323410e-02 1.20044872e-02 1.12236235e-02 1.35590173e-02
  8.20477866e-03 1.77743062e-02 1.50690377e-02 7.68086780e-03
  6.30273763e-03 6.26504887e-03 1.03829755e-02 5.80959395e-03
  8.33916012e-03 8.00733827e-03 5.57587855e-03 4.39970428e-03
  6.55402197e-03 6.10633241e-03]
 [4.11881179e-01 1.79239199e-01 2.54578143e-01 5.79757914e-02
  3.66377495e-02 2.95910742e-02 4.43421379e-02 2.35170648e-02
  2.50384863e-02 2.00349633e-02 1.99791007e-02 1.40014123e-02
  1.46682216e-02 1.43216755e-02 1.67089012e-02 1.88415740e-02
  1.26026915e-02 1.63463298e-02 1.44811114e-02 1.00486949e-02
  1.15088476e-02 1.36795519e-02 9.16454196e-03 9.37373377e-03
  8.42501223e-03 1.18188132e-02 9.91002936e-03 8.89778417e-03
  7.02875387e-03 9.79303382e-03]
 [1.59260884e-01 1.38857827e-01 1.02481268e-01 5.33526279e-02
  5.97903207e-02 3.07929292e-02 2.25917343e-02 2.04164069e-02
  2.02117208e-02 1.96772404e-02 1.70340855e-02 1.81469191e-02
  2.02296637e-02 2.01465227e-02 1.57230813e-02 1.15767512e-02
  2.00536363e-02 1.50153544e-02 2.00411417e-02 1.97618287e-02
  1.74162500e-02 1.97728723e-02 1.77495964e-02 2.02940479e-02
  1.65501162e-02 1.03626410e-02 8.61504674e-03 1.10982573e-02
  1.38451410e-02 9.05229338e-03]
 [2.08255202e-01 8.71999636e-02 6.62144199e-02 3.14292945e-02
  2.97506936e-02 2.14507505e-02 2.45247632e-02 2.30171587e-02
  2.07691211e-02 2.08316278e-02 2.02859957e-02 2.07916163e-02
  1.76606681e-02 2.00509597e-02 1.91883780e-02 1.72429476e-02
  1.87691450e-02 1.92531422e-02 1.87937003e-02 1.90689731e-02
  1.86642203e-02 1.68068130e-02 1.79455858e-02 2.02443264e-02
  1.86402183e-02 1.48152122e-02 1.80558674e-02 1.68564152e-02
  1.52195720e-02 1.91997942e-02]
 [1.36674017e-01 7.17133358e-02 4.52799834e-02 2.78523397e-02
  2.32924558e-02 2.39444636e-02 2.05099396e-02 2.07218807e-02
  2.06050631e-02 2.02710293e-02 2.06222367e-02 2.01959759e-02
  1.92288291e-02 2.00289134e-02 2.01002099e-02 1.89817883e-02
  2.01270562e-02 1.94377042e-02 1.96772590e-02 1.92965455e-02
  1.99729390e-02 1.99577361e-02 1.83690023e-02 1.80774126e-02
  1.88068375e-02 1.84503738e-02 1.68314129e-02 1.83903910e-02
  1.95306391e-02 1.72121804e-02]
 [6.13734424e-02 4.34772000e-02 3.11046727e-02 2.87291836e-02
  2.14117654e-02 2.02869773e-02 2.68589836e-02 2.07173768e-02
  2.28508096e-02 2.04946250e-02 2.20872443e-02 2.06165090e-02
  2.11165063e-02 1.98572297e-02 2.08797641e-02 2.01604087e-02
  1.97775308e-02 1.95929948e-02 2.00963002e-02 1.90764386e-02
  2.05142591e-02 1.99821871e-02 1.95782129e-02 1.93406176e-02
  2.01585833e-02 1.99672356e-02 2.01898720e-02 1.89448074e-02
  1.86663214e-02 1.87606625e-02]
 [7.06381798e-02 4.04923074e-02 3.24827693e-02 2.44047567e-02
  2.22441219e-02 2.21099705e-02 2.19236445e-02 2.21496392e-02
  2.08938383e-02 2.10004561e-02 2.17195675e-02 2.02420373e-02
  2.04475354e-02 2.11581141e-02 2.11711209e-02 2.01030821e-02
  2.07832288e-02 2.03769784e-02 2.04336271e-02 1.97745282e-02
  1.97309926e-02 2.02720538e-02 1.99281592e-02 2.02255193e-02
  2.00097337e-02 2.00657360e-02 2.03976855e-02 2.00918429e-02
  1.96793918e-02 1.99553110e-02]
 [4.27041166e-02 3.46827060e-02 2.63073388e-02 2.37095784e-02
  2.27912720e-02 2.18105745e-02 2.11562701e-02 2.06379741e-02
  2.13842634e-02 2.12098174e-02 2.16297247e-02 2.04873327e-02
  2.01055296e-02 2.02135947e-02 2.05107145e-02 2.01198198e-02
  2.04414669e-02 2.03357991e-02 2.05775648e-02 2.05409974e-02
  2.08013486e-02 2.07644422e-02 2.00766567e-02 2.03161519e-02
  2.02855747e-02 2.02933829e-02 2.03487016e-02 2.00846959e-02
  2.00336408e-02 2.03806534e-02]
 [4.06543575e-02 2.92428806e-02 2.21463330e-02 2.51483843e-02
  2.15873830e-02 2.13224180e-02 2.24611107e-02 2.25459337e-02
  2.17552334e-02 2.08372064e-02 2.05787048e-02 2.16839835e-02
  2.25042533e-02 2.05758810e-02 2.22707614e-02 2.05271933e-02
  2.27345284e-02 2.03896612e-02 2.11127810e-02 2.05704253e-02
  2.23090705e-02 2.08485369e-02 2.03992464e-02 2.02033874e-02
  2.08672769e-02 2.00529676e-02 2.03665048e-02 2.07543280e-02
  2.03287266e-02 2.03928035e-02]
 [3.62560116e-02 2.79951151e-02 2.34565791e-02 2.18568668e-02
  2.14761831e-02 2.06500012e-02 2.07888409e-02 2.16560084e-02
  2.08259728e-02 2.21325159e-02 2.12311689e-02 2.07326561e-02
  2.18848847e-02 2.06346102e-02 2.12174375e-02 2.08996199e-02
  2.32426357e-02 2.05717571e-02 2.11633667e-02 2.04539299e-02
  2.02361867e-02 2.16741338e-02 2.11566016e-02 2.04991437e-02
  2.12353617e-02 2.08271723e-02 2.08109040e-02 2.08525602e-02
  2.05964707e-02 2.13310011e-02]
 [2.63615530e-02 2.29783226e-02 2.32180841e-02 2.22288463e-02
  2.30783653e-02 2.14427896e-02 2.32394990e-02 2.11653337e-02
  2.07611229e-02 2.17797402e-02 2.30404660e-02 2.15115920e-02
  2.09057219e-02 2.30436046e-02 2.11193375e-02 2.16285568e-02
  2.25600433e-02 2.15682555e-02 2.25728322e-02 2.07426287e-02
  2.28924602e-02 2.20495444e-02 2.12849192e-02 2.13129353e-02
  2.27190610e-02 2.16316599e-02 2.36910153e-02 2.21253540e-02
  2.23148279e-02 2.15294212e-02]
 [2.30689049e-02 2.15460081e-02 2.15377621e-02 2.26820987e-02
  2.25731283e-02 2.29763407e-02 2.16821004e-02 2.19169762e-02
  2.26130113e-02 2.11068448e-02 2.31102630e-02 2.28364542e-02
  2.12827809e-02 2.29404215e-02 2.13060733e-02 2.13615205e-02
  2.30965391e-02 2.28809733e-02 2.10514311e-02 2.31775902e-02
  2.25268230e-02 2.24093255e-02 2.29413137e-02 2.27241777e-02
  2.25249473e-02 2.30458695e-02 2.29453277e-02 2.26957146e-02
  2.11500172e-02 2.12388039e-02]
 [2.49349363e-02 2.08494123e-02 2.29079667e-02 2.26868633e-02
  2.11013835e-02 2.20565181e-02 2.20393650e-02 2.20218878e-02
  2.31796596e-02 2.16795206e-02 2.29595527e-02 2.21304223e-02
  2.12839320e-02 2.27002408e-02 2.27350425e-02 2.14051586e-02
  2.28677411e-02 2.17712782e-02 2.29066517e-02 2.28647403e-02
  2.28099376e-02 2.24182177e-02 2.17298511e-02 2.25641672e-02
  2.10149307e-02 2.28366423e-02 2.25895159e-02 2.30470635e-02
  2.29491238e-02 2.28307731e-02]
 [2.23428104e-02 2.29570922e-02 2.28665974e-02 2.30119061e-02
  2.25650221e-02 2.29280815e-02 2.26089042e-02 2.12234613e-02
  2.22311094e-02 2.12885514e-02 2.11580750e-02 2.32775137e-02
  2.18573753e-02 2.34621000e-02 2.30953749e-02 2.31378935e-02
  2.28970591e-02 2.16069035e-02 2.24645548e-02 2.14985441e-02
  2.25437619e-02 2.15723012e-02 2.17396077e-02 2.30089836e-02
  2.14147996e-02 2.27915905e-02 2.28641704e-02 2.16761976e-02
  2.24220660e-02 2.29492616e-02]]
test_losses: [[0.06766192 0.16334255 0.05888815 0.02374242 0.0091332  0.00748746
  0.00482666 0.00375459 0.0032338  0.00310017 0.00231509 0.00215962
  0.00207638 0.00175013 0.00159479 0.00160705 0.00141278 0.00140863
  0.00131186 0.00123276 0.00107713 0.00097519 0.00084585 0.00104402
  0.00083587 0.00092201 0.0009085  0.00081102 0.00082336 0.00082591]
 [0.02998601 0.04408414 0.01627976 0.00965417 0.006734   0.00586271
  0.00430276 0.00345139 0.00354511 0.00283563 0.00242297 0.00222307
  0.00217216 0.00166575 0.00148392 0.00160915 0.00159284 0.00141693
  0.00139042 0.00114537 0.00099592 0.00103689 0.00111662 0.00102876
  0.00092596 0.00094201 0.00081946 0.00082752 0.00081544 0.00071415]
 [0.02483092 0.02280316 0.01386123 0.00742657 0.00576987 0.00498853
  0.0044128  0.00378117 0.00323443 0.0030483  0.00295314 0.00223763
  0.00210165 0.00215098 0.00191818 0.00200792 0.00192946 0.00185267
  0.00157903 0.00163586 0.00136925 0.00140881 0.00133564 0.00137438
  0.00123626 0.00151359 0.00116401 0.00130326 0.00119901 0.00116137]
 [0.02009387 0.01448716 0.01006149 0.00746403 0.00663316 0.00549866
  0.00520015 0.00420171 0.00425278 0.0035302  0.00306194 0.00342847
  0.00321112 0.00274441 0.00287263 0.00242291 0.00276105 0.0023568
  0.00266105 0.00229484 0.00240299 0.00226979 0.00228026 0.00204713
  0.00201478 0.00189123 0.00155824 0.00185082 0.0016987  0.00178467]
 [0.01867298 0.0130696  0.00996213 0.00748676 0.00786272 0.00646203
  0.00569728 0.00567707 0.00514441 0.00461269 0.00498544 0.00473855
  0.00397315 0.00413924 0.00378271 0.00385352 0.00396709 0.00368472
  0.00353745 0.00396919 0.00370386 0.00376633 0.00353328 0.00315199
  0.00328377 0.00334141 0.0032289  0.0033337  0.00271547 0.00341632]
 [0.01817801 0.0132477  0.01111679 0.00825542 0.00805806 0.00715316
  0.00730133 0.00699835 0.00694537 0.0065209  0.006602   0.00623333
  0.00603899 0.00609137 0.00598541 0.00606732 0.00600251 0.00549245
  0.00556553 0.00543298 0.00580089 0.00533744 0.00523612 0.00520619
  0.00531839 0.00533233 0.00509259 0.00509175 0.00523488 0.00496716]
 [0.01699147 0.01186229 0.01071216 0.00997224 0.00876321 0.00854755
  0.0084578  0.00840523 0.00820122 0.00869072 0.00806897 0.00825733
  0.00805441 0.00767139 0.00762049 0.00755442 0.00730204 0.00728829
  0.00781429 0.00768224 0.00703452 0.00767286 0.00740601 0.0077107
  0.00761119 0.00745517 0.00735559 0.00738625 0.0076173  0.00758309]
 [0.01546705 0.01317823 0.01170015 0.01039589 0.01090599 0.0100758
  0.01059181 0.01022595 0.01043788 0.01047391 0.00986217 0.0095993
  0.00971889 0.01035043 0.01014513 0.00990178 0.00961661 0.00990508
  0.00993949 0.00947518 0.00976425 0.00981193 0.00963306 0.01003401
  0.00941084 0.00963433 0.00974375 0.00992671 0.00968328 0.00969192]
 [0.01561363 0.01360747 0.01286214 0.01256422 0.01214569 0.01202142
  0.01179907 0.01175439 0.01197909 0.01170917 0.01177244 0.01132684
  0.01094791 0.01169917 0.01155491 0.01150202 0.01200104 0.01183232
  0.01141275 0.01181739 0.01143024 0.01190291 0.01157753 0.01130734
  0.01184804 0.01107953 0.01130377 0.01152287 0.01124077 0.01179888]
 [0.01602896 0.01373057 0.013386   0.01373831 0.01360719 0.0129566
  0.01387295 0.01288333 0.01300532 0.01298047 0.01310918 0.01335164
  0.01320394 0.01352169 0.01309138 0.01347542 0.01305208 0.01343378
  0.01365995 0.01315673 0.01336407 0.01307173 0.01319908 0.01286981
  0.01297924 0.01291601 0.01303777 0.01322595 0.01300213 0.01330714]
 [0.01674807 0.0149176  0.01480373 0.014034   0.01473464 0.01431379
  0.0141078  0.01427159 0.01469406 0.01457904 0.0147585  0.01464842
  0.01380721 0.01436752 0.01445315 0.01454182 0.01459928 0.01433592
  0.01498843 0.01443766 0.01461642 0.01472982 0.01491041 0.0148839
  0.01466996 0.01462279 0.01453208 0.01486925 0.01444074 0.01471632]
 [0.01738325 0.01720286 0.01770564 0.01763849 0.01799957 0.01868843
  0.01862493 0.01869379 0.01824423 0.0187308  0.01867465 0.01848593
  0.01855864 0.01883133 0.01894979 0.01882806 0.01876833 0.01896427
  0.01904692 0.01899122 0.01882378 0.0191455  0.0188122  0.01919546
  0.01928383 0.01920251 0.01915012 0.01938052 0.01922416 0.01928548]
 [0.01849993 0.01904508 0.01900357 0.0192967  0.01945949 0.01965325
  0.01959752 0.01965584 0.01974796 0.01966975 0.01984987 0.01982671
  0.01987675 0.01994649 0.01990032 0.0198873  0.01990695 0.0199313
  0.01993324 0.01997044 0.01990093 0.01995219 0.01993778 0.01993005
  0.01995277 0.01999574 0.01996262 0.01991949 0.01990021 0.0199363 ]
 [0.0194125  0.01955927 0.01980186 0.0198788  0.01990227 0.01984735
  0.01988228 0.01993144 0.01999467 0.01996991 0.01996226 0.019983
  0.0199305  0.02001608 0.01994214 0.01996234 0.01999813 0.01995473
  0.01998419 0.02001891 0.01997337 0.0199602  0.01997605 0.01996149
  0.02000706 0.0200293  0.01993595 0.0199504  0.02000159 0.01998613]
 [0.01962033 0.01993616 0.0199829  0.02000022 0.01992097 0.02000588
  0.01996292 0.01995562 0.01999873 0.01999221 0.01995097 0.01998613
  0.01996779 0.01998702 0.02003904 0.02001694 0.02003177 0.01998909
  0.02002681 0.01997401 0.0199756  0.01995114 0.01999004 0.01996669
  0.01997979 0.02000121 0.01997601 0.02002543 0.01998234 0.01998383]]
