args:  Namespace(attack='fgsm', gaussian=False, l2=0.05, ndim=1)
elapsed time: 1253.9056382580002
mins: [[5.17688159e-06 1.56113510e-05 2.66500647e-05 4.49231331e-04
  3.99911747e-04 5.37987240e-02 9.11413576e-04 8.02168995e-03
  2.53099087e-03 8.06922093e-03 6.97951764e-02 6.01189386e-05
  3.03719135e-04 3.15210745e-02 4.98329382e-03 6.25601336e-02
  3.68512049e-02 2.17013098e-02 3.75263989e-01 2.19759867e-01
  1.27690732e-01 3.08152940e-02 8.59402679e-03 3.82912159e-03
  9.53388810e-02 1.18668795e-01 2.37381440e-02 5.74868545e-02
  1.11032456e-01 5.51611669e-02]
 [2.69687462e-05 1.46368300e-04 8.81283825e-07 1.33072678e-03
  6.24519656e-04 8.71183909e-03 3.42986435e-02 3.57633748e-04
  1.31439855e-02 7.86789209e-02 1.63871725e-03 5.34193963e-02
  1.52494907e-01 1.52219494e-03 1.70109048e-02 4.25330438e-02
  1.36469249e-02 4.17347401e-01 2.60036513e-02 1.18438052e-02
  4.11024317e-02 4.28488100e-04 1.95524283e-03 4.34431877e-06
  1.07587529e-02 3.76755968e-02 1.37412350e-03 3.97234187e-02
  3.22612345e-01 2.64813807e-02]
 [1.34056143e-04 2.41437764e-03 1.55219648e-04 3.16768163e-03
  1.89071696e-03 1.10169709e-01 1.05144063e-04 3.35057708e-03
  2.69143190e-03 5.44841122e-03 1.19045191e-02 1.87691990e-02
  2.87187402e-03 3.03972587e-02 9.03774519e-04 2.30670422e-02
  7.93408379e-02 4.95771272e-03 4.47555969e-04 5.05621992e-02
  1.32402375e-01 4.22382820e-03 9.91831198e-02 1.33434189e-02
  4.51248419e-03 3.20897214e-02 4.13824804e-02 5.09675313e-03
  8.69427770e-02 1.42578175e-02]
 [2.29913076e-06 6.95028109e-04 7.21654851e-06 1.53514920e-02
  1.92572409e-03 8.68888944e-03 1.04348147e-02 1.07187848e-03
  1.60407450e-03 2.64497064e-02 1.23621456e-01 1.00031374e-02
  3.30003984e-02 4.08095017e-04 8.59114900e-03 2.89649293e-02
  1.58026000e-03 7.17027171e-04 7.57933548e-03 1.09638562e-02
  5.37319982e-04 4.50251717e-03 2.74448626e-04 1.03517389e-02
  2.70363700e-04 2.20986940e-02 1.45442476e-02 9.20122087e-01
  2.53988925e-04 1.19995065e-02]
 [1.03989642e-05 4.86789977e-05 1.97972554e-06 8.36783001e-05
  5.89402043e-04 2.02688054e-04 1.43380661e-03 3.30146759e-05
  1.25830518e-02 6.81895981e-05 5.34024239e-02 3.22189927e-03
  4.54972917e-03 1.27815986e-02 2.76821607e-04 3.74595365e-05
  4.94750275e-05 1.63426492e-02 1.08082844e-04 3.59922022e-01
  1.72709933e-05 5.65821938e-02 7.02858204e-03 1.43579682e-02
  2.68590897e-02 4.16577881e-04 2.23585386e-02 3.15286107e-02
  2.61306064e-04 5.26332706e-02]
 [2.76943410e-08 2.01123839e-05 6.23237574e-05 3.61244929e-05
  1.47843934e-06 5.89691452e-04 6.38148122e-05 8.55229271e-04
  5.80689544e-03 1.57650234e-03 1.96078239e-04 1.01122512e-02
  2.58000847e-02 2.56671716e-04 3.94074945e-04 6.13124333e-02
  6.19399594e-04 2.49660487e-04 6.02202304e-03 2.47301045e-03
  2.88631977e-03 1.38345575e-02 2.33243704e-02 2.44847760e-02
  4.27773558e-02 1.93458793e-04 4.47098340e-04 8.88178420e-16
  3.88729125e-02 3.67361214e-03]
 [1.14824998e-05 1.18290096e-04 4.08035339e-05 2.36418491e-04
  1.18882284e-02 7.74433976e-03 5.37163252e-03 7.55324654e-05
  4.25061211e-03 3.61252669e-03 7.21460059e-02 2.18133498e-02
  1.68990006e-03 3.96019255e-04 4.28239815e-03 2.88824784e-04
  1.63915940e-02 1.24303158e-03 3.56732029e-03 2.50441786e-02
  7.47637649e-04 2.80496286e-04 4.67342797e-05 8.85626394e-03
  1.55701375e-04 1.48358798e-04 5.87922341e-06 7.76855799e-04
  1.79888116e-06 3.30711752e-02]
 [1.67688304e-05 1.67332299e-04 9.17107172e-05 5.27959783e-04
  3.86252999e-04 1.36658270e-03 1.49162835e-04 6.80686964e-04
  8.58381156e-07 2.84991064e-03 1.62351634e-02 9.01285633e-02
  1.57278893e-03 2.30985060e-02 5.66291176e-02 1.05751446e-03
  8.67691785e-02 1.24597281e-01 1.88068990e-02 7.64141005e-05
  5.85894473e-03 6.08436912e-02 3.96392024e-05 1.01704500e-03
  3.76754031e-02 3.45726050e-02 5.58018051e-02 1.31657638e-04
  1.09531298e-01 2.58552939e-01]]
maxs: [[6.52397919e+01 2.20723358e+02 3.81216125e+02 8.61281738e+02
  1.22753210e+03 1.87806177e+03 1.28056042e+03 1.57342676e+03
  2.28306055e+03 2.44302856e+03 2.11166284e+03 3.63596851e+03
  3.69359790e+03 3.46449438e+03 4.13586670e+03 5.13081885e+03
  6.56334082e+03 6.15192920e+03 6.14355518e+03 5.57431396e+03
  9.21053320e+03 8.59553516e+03 8.15787256e+03 1.17305498e+04
  1.02030996e+04 9.84008691e+03 1.19962666e+04 1.13841113e+04
  1.32569336e+04 1.31044297e+04]
 [1.01764198e+02 2.92860321e+02 5.08936279e+02 6.24170349e+02
  7.33386475e+02 1.96696045e+03 1.57207629e+03 1.60536401e+03
  2.59726782e+03 2.71290405e+03 3.21460498e+03 3.41393506e+03
  3.58411597e+03 5.80989795e+03 6.24493262e+03 4.89823633e+03
  5.49267432e+03 7.64586084e+03 8.23964160e+03 9.37831836e+03
  1.04961348e+04 9.85246680e+03 1.11392637e+04 1.09699727e+04
  1.25849541e+04 1.47045527e+04 1.47705039e+04 1.80054766e+04
  1.81853086e+04 1.71864805e+04]
 [1.77610367e+02 7.43862366e+02 7.73105957e+02 1.33361279e+03
  1.57641589e+03 1.70977417e+03 2.22523267e+03 2.99796509e+03
  2.72571875e+03 3.62386060e+03 4.22509521e+03 5.42558984e+03
  5.95254736e+03 7.66389648e+03 8.39818848e+03 8.05501758e+03
  9.74236133e+03 9.88512207e+03 1.02107646e+04 1.41709961e+04
  1.45150879e+04 1.15592500e+04 1.61667158e+04 2.08639824e+04
  1.77326406e+04 1.85448418e+04 2.06787910e+04 2.99891250e+04
  2.20836348e+04 2.48853516e+04]
 [1.56636993e+02 5.12115601e+02 1.05564771e+03 8.31274353e+02
  1.99702283e+03 1.80994360e+03 2.54253979e+03 2.51295996e+03
  3.55691821e+03 4.40512646e+03 4.63883643e+03 5.32641016e+03
  6.52345166e+03 6.77654102e+03 1.06973877e+04 1.10391885e+04
  1.16298398e+04 1.32300312e+04 1.24451953e+04 1.38901104e+04
  1.99434453e+04 1.79017695e+04 1.56291836e+04 2.69981367e+04
  2.03549883e+04 2.68180645e+04 2.27962207e+04 2.51619141e+04
  3.01105957e+04 2.91624023e+04]
 [2.06652115e+02 6.72690063e+02 1.25725684e+03 2.69205615e+03
  2.39594946e+03 2.76772974e+03 3.23587793e+03 5.32749561e+03
  5.78374072e+03 8.59836230e+03 1.16120225e+04 1.19679004e+04
  9.61734277e+03 1.52689648e+04 1.78766133e+04 1.59586777e+04
  1.38091562e+04 2.61330195e+04 2.68574922e+04 2.44837500e+04
  3.13419746e+04 3.23279180e+04 3.12308848e+04 4.29290586e+04
  4.23595898e+04 3.61162539e+04 4.80500391e+04 5.38282695e+04
  5.15502305e+04 5.92951641e+04]
 [1.78393768e+02 6.22931458e+02 1.60671838e+03 1.56212439e+03
  2.78709302e+03 3.66932788e+03 4.79214893e+03 4.62393018e+03
  6.50798584e+03 8.65313965e+03 1.26293721e+04 9.37639844e+03
  1.41513652e+04 1.34184854e+04 1.46567051e+04 2.41701504e+04
  1.90731953e+04 2.49981016e+04 2.52887148e+04 3.70699141e+04
  3.21357168e+04 3.61522656e+04 3.88525625e+04 4.12756797e+04
  4.36334258e+04 6.37112305e+04 4.54471094e+04 6.46274102e+04
  5.38584766e+04 6.10488281e+04]
 [5.14354858e+02 6.82547180e+02 1.73528589e+03 2.13327051e+03
  3.42586597e+03 3.95872217e+03 5.83635938e+03 7.18480859e+03
  8.66952344e+03 1.20885947e+04 1.65076641e+04 1.50126904e+04
  2.02589531e+04 2.01816953e+04 2.77624941e+04 2.69037754e+04
  2.86824375e+04 3.20124883e+04 3.28241953e+04 4.15080312e+04
  4.38884688e+04 4.64802656e+04 5.02589102e+04 6.14906211e+04
  5.78750156e+04 7.80656016e+04 7.10593516e+04 7.48243516e+04
  9.35873672e+04 8.46738438e+04]
 [3.32875519e+02 1.00891974e+03 1.76300269e+03 3.08887500e+03
  4.61208691e+03 7.27676270e+03 9.28342773e+03 1.20884434e+04
  1.29869541e+04 2.07469668e+04 1.83475234e+04 2.08654395e+04
  2.58703301e+04 2.77088242e+04 3.19830078e+04 3.71350117e+04
  4.58737266e+04 4.77449492e+04 5.07839219e+04 5.73875000e+04
  6.43683242e+04 6.72568281e+04 6.96128984e+04 7.78764375e+04
  8.50994375e+04 8.88513125e+04 9.65816328e+04 1.01838117e+05
  1.04343594e+05 1.13994383e+05]]
test_losses: [[5.06410946e+00 2.16131037e+01 3.28529845e+01 6.79040564e+01
  1.09030802e+02 1.39614070e+02 1.79815772e+02 2.61771003e+02
  2.78392167e+02 3.59046274e+02 4.30660925e+02 5.46076155e+02
  6.17224013e+02 7.50024241e+02 8.16848241e+02 1.00632973e+03
  1.08985338e+03 1.20132043e+03 1.48117697e+03 1.48297419e+03
  1.55229989e+03 1.79487260e+03 1.83244756e+03 2.16176615e+03
  2.44440919e+03 2.69289736e+03 2.64424682e+03 2.92460020e+03
  2.83897835e+03 3.20842716e+03]
 [4.06750251e+00 2.06506807e+01 4.58105851e+01 7.45843837e+01
  1.05305737e+02 1.68572490e+02 2.17780690e+02 2.69358325e+02
  3.67005830e+02 4.40696313e+02 5.40450747e+02 5.35563671e+02
  8.32650218e+02 9.78233508e+02 9.40276765e+02 1.08035730e+03
  1.15459088e+03 1.38362860e+03 1.59174196e+03 1.67028261e+03
  1.78156264e+03 2.01486697e+03 2.24193067e+03 2.64435173e+03
  2.66568231e+03 3.14435670e+03 3.15284004e+03 3.60315568e+03
  4.09718464e+03 3.37544182e+03]
 [7.49803405e+00 2.83468532e+01 5.44823482e+01 1.10148705e+02
  1.60707707e+02 2.13727780e+02 3.43800831e+02 4.22889982e+02
  4.65478664e+02 6.37039087e+02 7.93237795e+02 8.99333885e+02
  1.05316174e+03 1.21901456e+03 1.34552444e+03 1.66148088e+03
  1.61650723e+03 1.88504100e+03 1.94110546e+03 2.60086045e+03
  2.74184912e+03 2.77798458e+03 3.32358022e+03 3.94558735e+03
  3.70629733e+03 3.75674606e+03 4.19280364e+03 4.73925797e+03
  5.16542561e+03 4.96298352e+03]
 [8.85580800e+00 3.40926430e+01 6.93851472e+01 1.11833679e+02
  1.97621245e+02 2.48336652e+02 3.65383247e+02 3.95584396e+02
  6.00453901e+02 7.26437342e+02 8.79532657e+02 1.12355556e+03
  1.20440148e+03 1.23491816e+03 1.71017206e+03 2.08722068e+03
  2.03559849e+03 2.47748953e+03 2.35975721e+03 2.93202207e+03
  3.03465622e+03 3.47168389e+03 3.50619907e+03 4.28589788e+03
  3.75306652e+03 4.71137264e+03 5.46996059e+03 6.07343946e+03
  6.38159039e+03 5.81560957e+03]
 [1.28078455e+01 4.60311613e+01 1.17346506e+02 2.06194282e+02
  3.18123504e+02 4.23468679e+02 5.46012064e+02 7.27018796e+02
  1.05768241e+03 1.32571870e+03 1.46754145e+03 1.79144604e+03
  1.83369938e+03 2.49527876e+03 2.59993195e+03 3.05277026e+03
  3.45700430e+03 3.72790102e+03 4.30162130e+03 4.84724518e+03
  5.39482197e+03 5.99145643e+03 5.78728114e+03 6.26431836e+03
  6.49574490e+03 7.20902305e+03 9.26767230e+03 8.84955511e+03
  9.01179737e+03 1.09363524e+04]
 [1.45629578e+01 5.03874712e+01 1.34202780e+02 2.34038204e+02
  3.77625781e+02 4.58224358e+02 6.61919255e+02 8.84135312e+02
  1.11368177e+03 1.49245998e+03 1.67738391e+03 1.99895253e+03
  2.39214938e+03 2.68542103e+03 2.85936187e+03 3.55883774e+03
  3.73355273e+03 4.31759615e+03 5.21610018e+03 5.92625237e+03
  5.54435336e+03 7.15144029e+03 7.80017130e+03 7.28581236e+03
  8.15212643e+03 9.22738239e+03 7.97889913e+03 1.06644741e+04
  1.06960730e+04 1.15008850e+04]
 [2.36574978e+01 7.56056020e+01 2.30016569e+02 2.99892849e+02
  4.53479736e+02 6.20196045e+02 9.53716530e+02 1.24664263e+03
  1.77116060e+03 2.01102777e+03 2.53723142e+03 2.59421157e+03
  3.48849981e+03 3.43939354e+03 4.48368120e+03 4.77110983e+03
  5.27215722e+03 6.36553692e+03 7.14338133e+03 7.55309332e+03
  8.84441691e+03 8.80580765e+03 9.72881881e+03 9.68047400e+03
  1.20526656e+04 1.15887604e+04 1.40151391e+04 1.49889635e+04
  1.65508736e+04 1.66048672e+04]
 [2.99526249e+01 1.22712048e+02 2.04093513e+02 3.70152797e+02
  6.04212917e+02 1.00244429e+03 1.17368751e+03 1.56958659e+03
  2.10069346e+03 2.62980259e+03 3.19508932e+03 3.77651847e+03
  4.68651574e+03 6.19727605e+03 5.63013864e+03 6.57040324e+03
  8.22274108e+03 8.93010687e+03 8.99477232e+03 1.07289011e+04
  1.23834980e+04 1.28872491e+04 1.37939638e+04 1.38565488e+04
  1.57825169e+04 1.74748604e+04 1.67419305e+04 2.01454120e+04
  2.27051367e+04 2.38293223e+04]]
