args:  Namespace(gaussian=True, ndim=5, attack='fgm', l2=0)
elapsed time: 3243.055795
mins: [[1.67308282e-03 4.48170700e-04 7.51171960e-04 1.78155093e-03
  7.90845312e-04 7.27833714e-04 4.58680472e-04 1.29587797e-03
  1.06058596e-03 3.17201135e-04 6.01682405e-04 3.60364007e-04
  2.90507538e-04 2.48944561e-04 2.67091324e-04 2.67277035e-04
  2.43406190e-04 5.71892379e-05 1.29550739e-04 4.82065043e-05
  1.73569715e-04 1.78515722e-04 1.35026639e-04 1.50668377e-04
  1.32088302e-04 6.62475359e-05 2.03701085e-04 8.73719400e-05
  1.95729503e-04 8.69290379e-05]
 [1.60167704e-03 2.61351489e-03 6.96414558e-04 2.84284586e-03
  5.59133070e-04 3.42699263e-04 9.61874379e-04 2.75558501e-04
  5.23512543e-04 5.21675101e-04 3.86491593e-04 6.63475599e-04
  2.42739305e-04 2.14109474e-04 2.42940296e-04 1.39602314e-04
  1.66464393e-04 2.66847754e-04 1.64586527e-04 1.22130994e-04
  1.27934036e-04 5.68947617e-05 4.60388328e-05 1.46583247e-04
  1.69389561e-04 2.45982432e-04 1.27235835e-04 2.11299324e-04
  2.62398709e-04 8.15720123e-05]
 [4.09900490e-03 8.21071211e-04 1.67351076e-03 1.05080940e-03
  6.63063664e-04 1.07970193e-03 6.18129212e-04 2.96737737e-04
  3.65483400e-04 9.15681303e-05 3.76433425e-04 2.06745986e-04
  3.87388427e-04 2.95229896e-04 7.19547097e-05 1.39339871e-04
  1.97876754e-04 1.89043654e-04 3.34077020e-04 1.94454624e-04
  6.04773486e-05 1.32512519e-04 2.25019161e-04 1.59610048e-04
  3.30179697e-04 7.95796877e-05 1.00222795e-04 3.74331925e-04
  1.86474994e-04 2.07033139e-04]
 [5.02915913e-03 3.34629952e-03 2.21446715e-03 1.19880470e-03
  9.10944480e-04 3.49707145e-04 5.14704770e-05 1.99425573e-04
  7.55025365e-04 7.44523015e-04 2.79666972e-04 4.77059104e-04
  6.27290225e-04 7.40866293e-04 1.08114800e-04 2.35227475e-04
  1.09605346e-04 4.66018828e-04 8.11732549e-04 3.19932704e-04
  5.49587363e-04 2.87812552e-04 3.10030999e-04 3.55143915e-04
  4.79823881e-04 4.45574900e-04 2.94846890e-04 9.56574440e-05
  3.16827005e-04 4.68751008e-04]
 [1.92017492e-03 2.24986323e-03 1.45009044e-03 1.25698524e-03
  6.27822126e-04 1.12805935e-03 6.80996687e-04 2.94086698e-04
  1.08621537e-03 1.22114643e-03 8.15314357e-04 9.54452669e-04
  1.14169717e-03 2.02880241e-03 7.53424538e-04 1.99509304e-04
  1.69698743e-03 8.19016714e-04 9.49979702e-04 8.74906254e-04
  1.17175432e-03 1.21361145e-03 1.14298041e-03 1.11660955e-03
  1.08450907e-03 5.65203663e-04 8.48984171e-04 3.94047500e-04
  1.13506604e-03 1.14236400e-03]
 [3.29129910e-03 1.99666969e-03 1.74857199e-03 1.08108635e-03
  1.69448415e-03 1.09945599e-03 2.00899644e-03 4.28092550e-04
  1.02328893e-03 2.05194112e-03 1.76988752e-03 1.69950363e-03
  1.34153513e-03 1.87803688e-03 1.91711995e-03 2.37002457e-03
  3.50299827e-03 1.43180881e-03 3.10214376e-03 2.11525871e-03
  1.43291708e-03 3.74751608e-03 3.31288367e-03 2.64273165e-03
  2.18554237e-03 3.64934211e-03 5.54892235e-03 2.08780821e-03
  2.34798272e-03 3.74524109e-03]
 [8.56945198e-03 1.80033525e-03 1.89209636e-03 4.17088810e-03
  2.67661270e-03 2.32401839e-03 3.95112438e-03 2.47849035e-03
  2.55859992e-03 3.77483014e-03 3.80125642e-03 4.06700186e-03
  3.64911882e-03 4.96239774e-03 4.99752443e-03 1.48809538e-03
  5.43417828e-03 5.79836732e-03 3.51003953e-03 7.39700953e-03
  5.82796801e-03 5.41688548e-03 5.30271232e-03 7.83905014e-03
  6.22678455e-03 8.12130794e-03 8.18376802e-03 6.09183079e-03
  9.18876193e-03 7.22983014e-03]
 [4.58663236e-03 6.22406742e-03 2.21223081e-03 1.01084600e-03
  5.06660959e-04 4.30373661e-03 6.48219418e-03 3.06596793e-03
  4.22802288e-03 4.63968283e-03 3.09396302e-03 1.28581068e-02
  1.01017142e-02 4.81127808e-03 9.67313908e-03 1.08160758e-02
  7.95940682e-03 7.10201683e-03 9.37936455e-03 1.15813436e-02
  9.55164153e-03 1.37392851e-02 1.15940189e-02 1.13323443e-02
  9.24154371e-03 1.68190859e-02 1.60845276e-02 1.25730196e-02
  1.63026694e-02 1.46731297e-02]
 [2.07598205e-03 1.38946529e-02 4.30351635e-03 6.08659443e-03
  2.25175661e-03 1.26415642e-03 1.07365120e-02 1.28938267e-02
  6.67395908e-03 9.78260022e-03 8.18550307e-03 8.67688097e-03
  1.06022116e-02 1.88100953e-02 1.37071265e-02 1.16276471e-02
  1.58925075e-02 1.22630605e-02 1.98139865e-02 1.81240924e-02
  1.33543015e-02 1.17167495e-02 2.02740654e-02 2.02828571e-02
  2.18602680e-02 1.42649747e-02 2.07325332e-02 2.12554913e-02
  1.78788882e-02 1.77124999e-02]
 [1.23013817e-02 1.75127247e-03 6.71923533e-03 9.70422570e-03
  5.75156463e-03 1.59376543e-02 2.16781870e-02 1.25531722e-02
  1.79888755e-02 1.66134909e-02 2.30201371e-02 1.73855200e-02
  1.92002282e-02 1.72221269e-02 2.40445286e-02 2.40764134e-02
  1.55698070e-02 2.08149143e-02 2.38765497e-02 2.69970186e-02
  2.23901682e-02 2.41017882e-02 2.47961096e-02 2.62488462e-02
  2.57710274e-02 2.45445315e-02 2.65846066e-02 2.39979792e-02
  2.36235447e-02 2.30227392e-02]
 [8.43303185e-03 8.02464224e-03 8.71792901e-03 1.63857006e-02
  1.55420136e-02 1.35951685e-02 1.71054713e-02 1.78100597e-02
  1.90598220e-02 2.30683759e-02 2.08505802e-02 2.49534138e-02
  2.33474430e-02 2.43560821e-02 2.36748774e-02 2.62275394e-02
  3.00468635e-02 2.47327257e-02 2.65168659e-02 2.84270160e-02
  2.74624508e-02 2.63289697e-02 2.47428175e-02 3.12170871e-02
  2.76676603e-02 2.95054335e-02 2.44244523e-02 2.78259665e-02
  3.09802610e-02 2.73886863e-02]
 [1.83482040e-02 2.34949645e-02 3.36546935e-02 2.66921502e-02
  3.31848525e-02 3.89395468e-02 3.61316055e-02 4.04589176e-02
  4.12857048e-02 4.28511612e-02 3.85304540e-02 4.39483151e-02
  3.54292765e-02 4.22220603e-02 4.08864692e-02 4.47936505e-02
  3.81465107e-02 4.45027985e-02 4.61789705e-02 4.52145636e-02
  4.66336682e-02 4.79858257e-02 4.70468029e-02 4.78771441e-02
  4.84989136e-02 4.86319624e-02 4.85671386e-02 4.33913358e-02
  4.75365482e-02 4.39566523e-02]
 [2.31054202e-02 3.77510078e-02 3.01903766e-02 4.24801335e-02
  4.29418124e-02 4.71069664e-02 4.47640382e-02 4.85736467e-02
  4.84373532e-02 4.84265126e-02 4.67083827e-02 4.84637171e-02
  4.83848564e-02 4.85913903e-02 4.87341881e-02 4.23026718e-02
  4.86046523e-02 4.88263890e-02 4.86586839e-02 4.87427935e-02
  4.87960279e-02 4.86878194e-02 4.47264053e-02 4.67667617e-02
  4.85124961e-02 4.87056263e-02 4.89726961e-02 4.86936010e-02
  4.84470576e-02 4.89723980e-02]
 [2.91224867e-02 4.53092828e-02 3.80344503e-02 4.78024296e-02
  4.89209145e-02 4.76201922e-02 4.90493551e-02 4.85993475e-02
  4.87342961e-02 4.87715825e-02 4.88674194e-02 4.65024859e-02
  4.89575565e-02 4.83728014e-02 4.88876961e-02 4.81270514e-02
  4.85781804e-02 4.87467796e-02 4.89046872e-02 4.87001278e-02
  4.87345271e-02 4.89163920e-02 4.84024622e-02 4.89873402e-02
  4.89280783e-02 4.86777499e-02 4.87134010e-02 4.91351970e-02
  4.87006530e-02 4.84207235e-02]
 [4.14258391e-02 4.85003181e-02 4.88602296e-02 4.75030765e-02
  4.89170104e-02 4.86025102e-02 4.89856154e-02 4.89679612e-02
  4.89035398e-02 4.87145707e-02 4.87364382e-02 4.89286520e-02
  4.87012975e-02 4.88650762e-02 4.89747897e-02 4.83898036e-02
  4.90209348e-02 4.90551032e-02 4.87153642e-02 4.89094406e-02
  4.84255217e-02 4.86309491e-02 4.89498042e-02 4.81812209e-02
  4.89261299e-02 4.78212684e-02 4.85289618e-02 4.88139167e-02
  4.87640873e-02 4.88893427e-02]]
maxs: [[0.16608332 0.26462954 0.65388644 0.67095429 1.90958738 0.98151445
  0.42889297 0.38803342 0.1385736  0.31150541 0.0735826  0.06306266
  0.04419417 0.08664175 0.04669726 0.02131039 0.02125964 0.03279304
  0.03710145 0.01506131 0.0169356  0.01231001 0.0142975  0.01749293
  0.01066315 0.01265225 0.01814712 0.00969245 0.0126974  0.00957634]
 [0.07939123 0.18515907 0.33480972 0.21315396 0.20866954 0.12757105
  0.1301125  0.05546631 0.111622   0.06485976 0.03336952 0.0290504
  0.02826327 0.0317116  0.02950994 0.01889684 0.01692925 0.01754726
  0.02275431 0.01840896 0.01344048 0.01591243 0.01591651 0.02358815
  0.0207777  0.01453643 0.00980081 0.01486719 0.01138607 0.00711456]
 [0.08242523 0.16240507 0.15175535 0.09861783 0.08625319 0.08582466
  0.06023806 0.06685328 0.05302805 0.04406726 0.03575829 0.03092941
  0.04243171 0.03654018 0.03702838 0.03425826 0.03526935 0.02327733
  0.0241771  0.03182809 0.01985226 0.02254678 0.02761207 0.01760565
  0.03223841 0.01879792 0.01939518 0.01479556 0.02122925 0.0150437 ]
 [0.08662415 0.08279787 0.07775243 0.07427409 0.06168595 0.05877682
  0.053658   0.04924826 0.04712398 0.03749758 0.04956288 0.04546486
  0.04262333 0.03622352 0.0414137  0.03755875 0.03974356 0.03966717
  0.03300176 0.04196264 0.03601974 0.03201706 0.03242953 0.03958787
  0.02922249 0.0319356  0.03160206 0.02670325 0.03137583 0.03507364]
 [0.11321208 0.07659571 0.06511685 0.05396361 0.06438134 0.04824298
  0.04730669 0.05303062 0.04689306 0.04439067 0.04477632 0.0480778
  0.04872693 0.04732587 0.04547779 0.04409988 0.04797711 0.04471149
  0.04351347 0.04008076 0.04497019 0.04029091 0.04338136 0.0451842
  0.03884043 0.04358938 0.03833794 0.04177577 0.03897341 0.04040313]
 [0.08609547 0.0720007  0.0653147  0.05243592 0.05403247 0.05057487
  0.05484767 0.05016444 0.05036829 0.04797714 0.04915171 0.04823177
  0.04967601 0.04822395 0.04830872 0.04848089 0.04569686 0.04973466
  0.04712855 0.04498436 0.0418147  0.0442347  0.04478806 0.0458264
  0.04256507 0.04999499 0.04528804 0.04977736 0.04858596 0.04275642]
 [0.07395584 0.06213387 0.05604122 0.05541788 0.05060346 0.0502503
  0.05082101 0.05011721 0.04961921 0.04943459 0.05081163 0.04980394
  0.04949425 0.04998628 0.04964    0.04924175 0.04988922 0.04977725
  0.04764753 0.0469073  0.04792515 0.04879005 0.04975106 0.04949227
  0.0484347  0.0483604  0.04881027 0.04600165 0.04781426 0.048827  ]
 [0.07479272 0.0575888  0.05999483 0.0569336  0.05003396 0.05159914
  0.05055786 0.05117108 0.05044425 0.05012388 0.05056439 0.05058166
  0.05048824 0.05052996 0.05003912 0.05066489 0.0505493  0.05040378
  0.05034013 0.04968951 0.04986173 0.05053911 0.0499814  0.05024162
  0.05017065 0.05003128 0.05055558 0.04972892 0.0501539  0.04935655]
 [0.07846363 0.05858253 0.05306396 0.0530704  0.05058414 0.0519882
  0.0509705  0.0505541  0.05191793 0.05048776 0.05078176 0.05074097
  0.0503535  0.05027253 0.05058636 0.05022775 0.05059588 0.0504395
  0.05040672 0.05061047 0.05065124 0.05054309 0.05012413 0.05010295
  0.05029019 0.05067059 0.0505897  0.05009655 0.05020273 0.05018432]
 [0.06134937 0.05670539 0.05265076 0.050718   0.05055629 0.05105523
  0.05110202 0.05072909 0.05072796 0.0508048  0.05092481 0.05043651
  0.05092568 0.05059745 0.05070189 0.05078096 0.05079541 0.05077282
  0.05055051 0.05064404 0.05074871 0.05081636 0.05045527 0.05061147
  0.05045508 0.05078162 0.05079523 0.05053885 0.05065522 0.05048894]
 [0.0607448  0.06133245 0.05374406 0.05162912 0.05192607 0.05073981
  0.0511354  0.05187672 0.0515232  0.05052727 0.05114957 0.05066692
  0.05059955 0.05062711 0.05067834 0.05066679 0.05082372 0.05070235
  0.0508763  0.05094433 0.0505914  0.05155124 0.05060632 0.05103359
  0.05079997 0.05087418 0.05113232 0.05065963 0.0510708  0.05076616]
 [0.05568018 0.05117554 0.05184981 0.05096129 0.051215   0.0508418
  0.05118244 0.05159872 0.05118834 0.05090366 0.05123704 0.05094467
  0.0520783  0.05088492 0.05101204 0.05077183 0.05098884 0.05207724
  0.05128647 0.05101516 0.0511038  0.05129854 0.05121344 0.05088047
  0.0511062  0.05123964 0.05107581 0.05081987 0.05133559 0.05129153]
 [0.05118283 0.05115104 0.05082886 0.05070203 0.05119794 0.05299017
  0.05136901 0.05079281 0.05091703 0.05098953 0.05099746 0.05209979
  0.05080568 0.05266632 0.05080517 0.05103527 0.05087529 0.05107388
  0.05082823 0.05086319 0.05121294 0.05173719 0.05097057 0.05157665
  0.0507555  0.05126898 0.05087046 0.05161214 0.0511825  0.05149515]
 [0.05093224 0.05129881 0.0515791  0.05096587 0.05110459 0.05161173
  0.05143113 0.05094401 0.05224208 0.05142237 0.05087993 0.05092553
  0.05228624 0.05108589 0.05134173 0.05110604 0.05102846 0.05106623
  0.05092147 0.05090347 0.05119518 0.05101328 0.05145422 0.05096978
  0.05099408 0.05070492 0.05181025 0.05122975 0.05102515 0.05113631]
 [0.05093482 0.05111253 0.0513357  0.0510027  0.05092313 0.05118569
  0.05086901 0.05093605 0.05086786 0.05076538 0.05114693 0.05087236
  0.05080612 0.05109964 0.05103214 0.0511539  0.05204555 0.0514347
  0.05189599 0.05123026 0.05112277 0.05167341 0.05097945 0.05103783
  0.05084478 0.05103186 0.05096495 0.05068774 0.05120054 0.05102343]]
test_losses: [[0.05047145 0.04931556 0.05400212 0.08312205 0.12434315 0.05774929
  0.03551205 0.02123312 0.01555094 0.01390736 0.00991405 0.00798832
  0.0066344  0.00646299 0.00586073 0.00474027 0.00488972 0.00411981
  0.00404081 0.00313535 0.00314899 0.00297621 0.00296933 0.00283379
  0.00244029 0.00249227 0.00241038 0.00224576 0.00237788 0.00225104]
 [0.04190223 0.03869215 0.04107127 0.03808655 0.03419845 0.02377097
  0.01730987 0.01283447 0.01107328 0.00971348 0.0081518  0.00673851
  0.00581707 0.00583912 0.00493733 0.00456537 0.00399523 0.00385931
  0.00353097 0.00329493 0.00312416 0.00307161 0.00277071 0.00281168
  0.00292071 0.00251615 0.00242171 0.00237283 0.00231705 0.00223295]
 [0.04298396 0.03869558 0.03300664 0.02607324 0.02266078 0.01859784
  0.01330036 0.01195228 0.01070556 0.0093045  0.00889572 0.00826764
  0.00628346 0.00644341 0.00620579 0.00574173 0.00522221 0.00504425
  0.0046242  0.00488589 0.00451744 0.00439707 0.00469104 0.00427784
  0.00372652 0.00374389 0.00368464 0.00348384 0.00379233 0.00347098]
 [0.04317602 0.03777736 0.02885588 0.02655326 0.0216077  0.01715251
  0.01795711 0.01406016 0.0130566  0.0120074  0.01122375 0.01075829
  0.01064868 0.00961403 0.00917213 0.00886677 0.00949228 0.00859838
  0.0078828  0.0085544  0.00772166 0.00794813 0.007847   0.00748262
  0.00720184 0.00745069 0.00692529 0.00686446 0.00694217 0.00688425]
 [0.04348554 0.03682032 0.02955152 0.02569766 0.02299845 0.02132999
  0.01960164 0.01835346 0.01767923 0.01669794 0.01639472 0.01613679
  0.01572471 0.01660049 0.01553768 0.01563545 0.01522162 0.01435318
  0.01467133 0.01452991 0.01478657 0.01391693 0.01427343 0.01409275
  0.01397467 0.01318354 0.01298563 0.01385399 0.01359768 0.01331268]
 [0.04245685 0.03478512 0.03163268 0.02859259 0.0269922  0.02528142
  0.02427276 0.02418453 0.02420752 0.02394808 0.02300161 0.02325604
  0.02351559 0.02167006 0.0226105  0.02285031 0.02238129 0.02352331
  0.02294718 0.02243826 0.02172322 0.02169438 0.0219861  0.02267156
  0.02202188 0.0223968  0.0226087  0.02243182 0.02268638 0.02176319]
 [0.04304151 0.03713231 0.0329023  0.03280624 0.03105741 0.02954544
  0.0300319  0.02841733 0.02897313 0.02947585 0.02972098 0.03030412
  0.02854302 0.0295852  0.02968693 0.02947614 0.02937828 0.02788689
  0.02891488 0.02851946 0.02929851 0.02879117 0.02921433 0.02926374
  0.02942932 0.02897621 0.02919448 0.02938155 0.0294556  0.02906297]
 [0.04411447 0.03786915 0.03522787 0.03548613 0.03303519 0.03322011
  0.03372669 0.0343148  0.03366672 0.03323926 0.03376559 0.0351739
  0.03502461 0.03416745 0.03399766 0.03428518 0.03351051 0.03397482
  0.03283944 0.0338794  0.0335479  0.03445667 0.03383384 0.03386124
  0.03368899 0.03364174 0.03439516 0.03398294 0.03416482 0.034344  ]
 [0.04253197 0.04046905 0.03773693 0.03782185 0.03716502 0.03729519
  0.03877781 0.03792334 0.03775092 0.03857412 0.03820128 0.03778134
  0.03848233 0.03831285 0.03862691 0.03851691 0.03810448 0.03810886
  0.03901253 0.03914625 0.03934712 0.03838507 0.03891406 0.03890783
  0.03970575 0.03845446 0.03842121 0.03967526 0.03927958 0.03936955]
 [0.0438416  0.04084695 0.0403634  0.04062144 0.04001287 0.04145789
  0.04200838 0.04027481 0.040678   0.04176339 0.04118316 0.04169787
  0.04153624 0.04190355 0.04226224 0.04269123 0.04254094 0.04251464
  0.04228553 0.04299678 0.04293192 0.04302081 0.04310424 0.04301207
  0.04303243 0.04333972 0.04399541 0.04308719 0.04289095 0.04324333]
 [0.04375489 0.04104648 0.04187887 0.04174064 0.04270863 0.04284671
  0.04329111 0.04345993 0.04434987 0.04427727 0.04466279 0.04469979
  0.04463391 0.04517758 0.04519029 0.04518242 0.04524624 0.0458663
  0.04514592 0.04588252 0.04556215 0.04607362 0.04566538 0.04645614
  0.04596524 0.04614793 0.04678243 0.04613702 0.0464309  0.04628939]
 [0.04668572 0.04713262 0.04846718 0.04854213 0.04868898 0.0493947
  0.04921577 0.04951854 0.04959597 0.04967114 0.04966156 0.04975548
  0.04965195 0.04975114 0.04981003 0.04981555 0.04977418 0.04981036
  0.04985722 0.04985028 0.04984328 0.04992587 0.04987036 0.04985002
  0.049905   0.04987508 0.04989688 0.04989662 0.04992417 0.04991011]
 [0.04880051 0.04950088 0.0496625  0.04981491 0.04983052 0.04992652
  0.04986471 0.04989156 0.04991437 0.04993029 0.04990213 0.04992854
  0.04990443 0.04995507 0.04993564 0.04987521 0.04994313 0.04998204
  0.04991836 0.04990355 0.04995337 0.0499351  0.04992169 0.04989867
  0.04992278 0.04993314 0.04998077 0.04995223 0.04994347 0.04993925]
 [0.04960717 0.04988653 0.04989299 0.04992722 0.04993386 0.04994892
  0.04996724 0.04995435 0.04994629 0.0499589  0.04992496 0.04991985
  0.04992918 0.05000868 0.04998305 0.04996594 0.04996765 0.04995951
  0.04992066 0.04990433 0.04995522 0.04995202 0.04994427 0.04993291
  0.04994724 0.04995428 0.04995693 0.04993533 0.04994225 0.04995331]
 [0.04993659 0.04994265 0.04998648 0.04992754 0.04993232 0.04996278
  0.04995572 0.04997482 0.04997118 0.04994742 0.04996859 0.04994457
  0.04992815 0.0499661  0.04994526 0.04993186 0.04998162 0.04994745
  0.04998121 0.05000117 0.04993542 0.04996242 0.04996493 0.0499356
  0.04994219 0.0499165  0.0499714  0.04992507 0.04991002 0.04992047]]
