args:  Namespace(attack='fgm', gaussian=False, l2=0, ndim=5)
elapsed time: 6291.608766612
mins: [[1.25015824e-04 7.22775512e-05 6.25095927e-05 7.64302167e-05
  6.77630524e-05 6.35084943e-05 6.40033759e-05 6.13198135e-05
  4.33218302e-05 7.46538572e-05 2.67729720e-05 6.84875704e-05
  1.33309559e-05 7.19216041e-05 3.73938601e-05 3.93965202e-05
  2.24364430e-05 1.63463301e-05 1.88903414e-05 3.53057876e-05
  2.69697866e-05 1.99215374e-05 5.52279234e-05 2.48061406e-05
  4.66334677e-05 4.33682326e-05 3.59132609e-05 1.27030398e-05
  2.76274295e-05 3.96430987e-05]
 [1.21535762e-04 1.55677160e-04 4.43619429e-05 4.51999440e-05
  2.56945314e-05 2.46357031e-05 2.78345051e-05 5.12302286e-05
  4.93300140e-05 4.65713238e-05 2.59565822e-05 1.18720336e-05
  7.53223958e-06 1.79359322e-05 2.35135103e-05 2.49141267e-05
  2.46496875e-05 3.77148681e-05 1.44349005e-05 2.63397123e-05
  1.02849399e-05 2.87669518e-05 2.44158855e-05 2.47822245e-05
  2.04568732e-05 2.07663925e-05 1.84449709e-05 2.80255572e-05
  1.30486787e-05 1.19324941e-05]
 [4.45815640e-05 1.98976151e-04 3.60023805e-05 2.82745314e-05
  3.40082443e-05 2.14703177e-05 6.16864418e-05 3.76366734e-05
  2.67586765e-05 2.35916355e-06 1.22134797e-05 2.12701962e-05
  2.46392137e-05 2.95485952e-05 2.19735357e-05 2.73478236e-05
  2.14489191e-05 7.45654870e-06 2.67618634e-05 1.50515198e-05
  4.62086882e-06 1.81095274e-05 6.66925098e-06 1.15597750e-05
  5.52982510e-06 1.73557346e-05 9.38511130e-06 8.33684499e-06
  7.72101521e-06 5.64757920e-06]
 [3.21622705e-04 9.23559928e-05 1.34808070e-04 4.28216408e-05
  5.57939238e-05 1.45146887e-05 3.18256061e-05 2.88845949e-05
  1.39812009e-05 2.72500006e-06 4.62520620e-05 7.20621483e-06
  1.66197315e-05 3.05601061e-05 1.79531035e-05 1.61002536e-05
  1.32111591e-05 1.73887966e-05 1.89071379e-05 2.03207528e-05
  2.30531914e-05 4.61236004e-06 1.39022004e-05 1.40505144e-05
  1.61388889e-05 1.18862363e-05 1.67287853e-05 9.86951909e-06
  6.52316794e-06 9.90241551e-06]
 [1.09461558e-04 1.70590341e-04 9.38241283e-05 4.38319803e-05
  4.70248888e-05 5.92095166e-05 4.79969785e-05 2.22749986e-05
  3.64365187e-05 2.55087762e-05 2.72358939e-05 3.35410696e-05
  2.81907942e-05 2.71249228e-05 1.75900950e-05 2.35258703e-05
  4.13330690e-06 1.52780849e-05 3.08127928e-05 1.74382312e-05
  1.23658501e-05 6.06462982e-06 5.29196950e-06 1.08362829e-05
  1.37597717e-05 1.56371898e-05 1.68398110e-05 1.01737787e-05
  6.37120502e-06 8.94059576e-06]
 [3.22107138e-04 2.52220088e-05 6.04600427e-05 6.36914338e-05
  2.64454957e-05 1.79241815e-05 5.90024429e-05 1.62962788e-05
  5.88206349e-05 4.50374937e-05 2.46888540e-05 2.43558425e-05
  1.58706007e-05 1.67368798e-05 3.92471338e-05 2.57854590e-05
  1.24299804e-05 2.74365302e-05 2.76239352e-05 3.27064190e-05
  1.18768476e-05 1.47083356e-05 2.18468904e-05 7.82215284e-06
  1.05396330e-05 2.08080273e-05 2.61105815e-05 4.49081108e-06
  1.64244793e-05 1.72174459e-05]
 [1.68349216e-04 1.80732983e-04 9.83532591e-05 7.76479646e-05
  3.75442469e-05 5.66239360e-05 4.88590595e-05 4.28617059e-05
  5.53751379e-05 6.83080143e-05 5.31076657e-05 4.07748958e-05
  2.21459341e-05 3.51808376e-05 4.61818199e-05 5.77252213e-05
  2.25990898e-05 3.78585246e-05 4.37556082e-05 3.55139782e-05
  3.27085945e-05 4.09976783e-05 4.15168288e-05 4.34884278e-05
  2.03516429e-05 3.35184159e-05 4.24781829e-05 4.61623495e-05
  7.49155106e-06 2.60987781e-05]
 [2.28118995e-04 9.76667579e-05 4.97758701e-05 9.74620052e-05
  6.96496281e-05 3.52157622e-05 4.78776346e-05 5.82364846e-05
  4.29298161e-05 7.72591302e-05 7.45472207e-05 6.85078339e-05
  4.72531683e-05 2.11936276e-05 7.17389339e-05 8.44338501e-05
  5.31041769e-05 4.76741407e-05 8.38251945e-05 3.25527471e-05
  5.58001775e-05 7.32568442e-05 5.91400531e-05 5.03741794e-05
  5.60374647e-05 6.20644350e-05 5.70230623e-05 5.11036451e-05
  4.08754313e-05 6.25891116e-05]]
maxs: [[0.00710443 0.00729182 0.00631568 0.006414   0.00558714 0.00639245
  0.00491466 0.00474585 0.00506317 0.00480987 0.00405915 0.00529537
  0.00362431 0.00366    0.00357376 0.00322559 0.0035747  0.0035793
  0.00339064 0.00288136 0.00273006 0.00323546 0.00246211 0.00344153
  0.00247803 0.00278913 0.00317836 0.00253359 0.00257285 0.00268286]
 [0.00687205 0.00957032 0.00752765 0.00750154 0.00482597 0.00517725
  0.00401099 0.00470746 0.00392975 0.00299363 0.00265563 0.00298996
  0.00238889 0.00364356 0.00289459 0.00290811 0.00334659 0.00174089
  0.00199512 0.00251683 0.00203899 0.00187325 0.00258024 0.00158067
  0.00163529 0.00147309 0.00171252 0.00185045 0.00149342 0.00172065]
 [0.01522464 0.00830051 0.00592562 0.0070963  0.00438395 0.0045727
  0.00325595 0.00320589 0.00262991 0.00277011 0.00323473 0.00156319
  0.00216422 0.00190858 0.00153224 0.00164747 0.00130129 0.00159958
  0.00134816 0.00149252 0.00119207 0.00118223 0.00124341 0.00114777
  0.00138108 0.00090151 0.00086794 0.00101538 0.00076442 0.00078895]
 [0.01146754 0.00802293 0.00617533 0.00582675 0.00365794 0.00429452
  0.00346962 0.00268786 0.00226343 0.00198671 0.0021751  0.00170221
  0.00209286 0.00254362 0.00156855 0.001357   0.00164679 0.00206149
  0.00139876 0.00131023 0.00129937 0.00135635 0.00111397 0.00091992
  0.0008858  0.00134412 0.00103278 0.00103672 0.00118359 0.0008666 ]
 [0.01420158 0.0083723  0.00618589 0.00480922 0.00365344 0.00315555
  0.00307207 0.00334966 0.00273727 0.00179514 0.00192376 0.00166058
  0.00160992 0.00146727 0.00213922 0.00154994 0.00112155 0.00094286
  0.00112921 0.00114543 0.00105168 0.0008829  0.00086278 0.0011688
  0.00094815 0.00087543 0.00070157 0.00070167 0.00061153 0.00057083]
 [0.02357072 0.00868884 0.00535718 0.00575317 0.00404446 0.00393445
  0.00318195 0.00320662 0.00203968 0.00233842 0.00167917 0.00178737
  0.00122436 0.00124854 0.00107904 0.00150062 0.00103534 0.00449058
  0.00092076 0.00101534 0.00096727 0.00080499 0.00079425 0.00087071
  0.00076369 0.00104009 0.00081543 0.0006521  0.00078605 0.0008512 ]
 [0.03201682 0.01552667 0.00567575 0.00567446 0.00477731 0.00330595
  0.00227588 0.0023896  0.00215503 0.00182614 0.00242832 0.00187598
  0.00155194 0.00198837 0.00110006 0.00119186 0.00127629 0.0009515
  0.00089726 0.00115318 0.00082941 0.00100679 0.00085363 0.00096534
  0.00070525 0.00072472 0.00084556 0.00082025 0.00107537 0.00077765]
 [0.03962105 0.03294735 0.02823481 0.01438534 0.03106066 0.02715986
  0.00350347 0.01356943 0.01461787 0.00193925 0.02491253 0.00212514
  0.00222453 0.00182954 0.00125088 0.00172379 0.00199601 0.00127649
  0.00175133 0.00129952 0.00123882 0.00150404 0.0018868  0.00114744
  0.00097944 0.00098441 0.00090304 0.00122855 0.0014395  0.00088193]]
test_losses: [[0.00295947 0.00254635 0.00214804 0.00196344 0.001639   0.00145413
  0.00137298 0.00125802 0.00115571 0.00115673 0.00103683 0.00102237
  0.00093431 0.00096256 0.00092693 0.00092894 0.00084717 0.00087168
  0.00089688 0.0007954  0.00077098 0.00079483 0.00075259 0.00078895
  0.0007213  0.00073931 0.0006828  0.00073063 0.00071604 0.00071306]
 [0.00238846 0.00202364 0.00189551 0.00162405 0.00130538 0.00115463
  0.00110401 0.00096007 0.00089052 0.00079154 0.00072645 0.0006946
  0.00064664 0.00062677 0.00055813 0.00058199 0.000501   0.00047559
  0.00046607 0.00046145 0.00043816 0.00044544 0.00041548 0.00044761
  0.00039471 0.00037381 0.0003698  0.00039486 0.00036694 0.00035079]
 [0.00290844 0.00180244 0.00164948 0.00135859 0.00103156 0.00096968
  0.00086334 0.00069732 0.00065925 0.00057767 0.00054673 0.0004702
  0.00045825 0.00043056 0.00039236 0.00037901 0.00036748 0.00033409
  0.00031183 0.0002977  0.0002935  0.00027733 0.00026033 0.00024834
  0.00024865 0.0002347  0.00020513 0.00020794 0.00019202 0.00019357]
 [0.00342553 0.00213148 0.00155897 0.00144512 0.00107061 0.00093222
  0.00075015 0.00074187 0.00064391 0.00052753 0.00051217 0.00045223
  0.00043884 0.00044347 0.00038364 0.00035847 0.00035501 0.00031909
  0.00029586 0.00030425 0.00028582 0.0002667  0.00026178 0.00024976
  0.00024708 0.0002237  0.00021126 0.00021016 0.00019533 0.00019605]
 [0.00429082 0.00248787 0.00161954 0.00135768 0.00098292 0.00087691
  0.00075469 0.00065902 0.00059114 0.00049853 0.00048898 0.00043248
  0.00039273 0.00036515 0.00035787 0.00034168 0.00031001 0.00027958
  0.00029195 0.00027799 0.00026667 0.00025028 0.00021779 0.00022212
  0.00020958 0.00020796 0.00020612 0.00020577 0.00018125 0.00018543]
 [0.00472333 0.00230556 0.0015173  0.001157   0.00096692 0.00089683
  0.00070365 0.00062722 0.000595   0.00050452 0.0004705  0.00042848
  0.00039415 0.00037863 0.00032962 0.00032326 0.00032246 0.00030809
  0.00025861 0.00026741 0.0002701  0.0002475  0.00023789 0.00022183
  0.00021152 0.00021141 0.00021126 0.00019894 0.00020465 0.00018861]
 [0.00516374 0.0025103  0.00152253 0.00121598 0.00103463 0.00082199
  0.00071853 0.000633   0.00056731 0.00053756 0.00051183 0.00048506
  0.0004302  0.00041975 0.00035663 0.00035448 0.00034558 0.00030455
  0.00031102 0.00028079 0.00029282 0.00028811 0.00028532 0.00025241
  0.0002421  0.00022855 0.0002518  0.00023008 0.00024025 0.00021895]
 [0.00653186 0.00370537 0.00229621 0.00151526 0.0013123  0.00108527
  0.00077047 0.00084824 0.00067565 0.00062247 0.00061624 0.0005397
  0.0004662  0.0004655  0.00043768 0.00043364 0.00041849 0.00040171
  0.00038237 0.00038061 0.00036431 0.00037224 0.00035496 0.00034739
  0.00031342 0.0003135  0.00032018 0.00029349 0.00029822 0.00028814]]
