args:  Namespace(attack='opt', gaussian=False, l2=0, ndim=2)
test_losses: [[1.96679124e-03 1.41986870e-03 1.00497409e-03 8.44897634e-04
  7.80247711e-04 4.47995444e-04 4.19032622e-04 3.09195529e-04
  3.77000944e-04 2.86062807e-04 2.82983323e-04 1.96743569e-04
  2.00653135e-04 1.96877288e-04 1.97413937e-04 1.51481993e-04
  1.84810873e-04 1.52399903e-04 1.72979681e-04 1.50776120e-04
  1.42472087e-04 1.35981481e-04 1.27997457e-04 1.28136072e-04
  1.12288077e-04 1.20652285e-04 1.09792422e-04 1.21191579e-04
  1.10588961e-04 9.64705769e-05 9.41469170e-05 9.32511071e-05
  9.47076670e-05 7.56969207e-05 9.58711541e-05 8.88650996e-05
  9.02440834e-05 8.85391585e-05 7.25358070e-05 7.28568628e-05
  7.26765747e-05 8.32290561e-05 7.62990215e-05 7.11947076e-05
  7.06787714e-05 7.71536289e-05 6.36545285e-05 6.08611305e-05
  7.45164040e-05 6.44734293e-05]
 [3.16455696e-03 2.20560366e-03 1.33562199e-03 1.09057972e-03
  7.25539312e-04 6.74050364e-04 5.81255176e-04 4.02013545e-04
  3.47907465e-04 3.29082176e-04 3.28675756e-04 2.82132241e-04
  2.15260968e-04 2.56668462e-04 2.15256423e-04 1.82878408e-04
  1.65835201e-04 1.62613408e-04 1.52632638e-04 1.45183904e-04
  1.24135549e-04 1.24640549e-04 1.30417573e-04 1.34874305e-04
  1.22317458e-04 1.04633561e-04 1.05660125e-04 1.15358511e-04
  9.77665300e-05 9.16449419e-05 9.39060084e-05 1.03020296e-04
  7.29525108e-05 7.85946265e-05 8.00147290e-05 8.56769528e-05
  8.41002473e-05 8.31455670e-05 7.26839554e-05 6.99088401e-05
  6.85238591e-05 7.09180963e-05 7.24808671e-05 6.75880706e-05
  7.29969059e-05 6.67522952e-05 7.42027964e-05 6.13326328e-05
  6.77052932e-05 6.06482195e-05]
 [6.33694047e-03 3.48194887e-03 2.24160261e-03 1.20551421e-03
  1.25992042e-03 8.45680892e-04 6.90095611e-04 6.57612991e-04
  4.68684362e-04 4.18640779e-04 3.46105716e-04 3.45459500e-04
  3.37874609e-04 2.95912804e-04 3.20060981e-04 2.37870823e-04
  2.18078564e-04 2.20474100e-04 2.26161915e-04 1.99469919e-04
  1.94383857e-04 1.86107520e-04 1.80265716e-04 1.76192992e-04
  1.77363984e-04 1.64020674e-04 1.47987556e-04 1.57878184e-04
  1.39751688e-04 1.42342835e-04 1.34986775e-04 1.37469990e-04
  1.22680094e-04 1.25341062e-04 9.99568687e-05 1.10949205e-04
  1.14439805e-04 1.02552528e-04 1.05962571e-04 1.03078815e-04
  1.03115887e-04 1.09334924e-04 1.04912746e-04 1.05625359e-04
  9.32425304e-05 9.53241506e-05 9.90842818e-05 9.52974208e-05
  9.55605311e-05 9.44769422e-05]
 [8.46130868e-03 5.43936446e-03 3.49501708e-03 2.34911449e-03
  1.79827408e-03 1.36730618e-03 1.35880639e-03 1.01437059e-03
  1.03193391e-03 7.17280819e-04 5.94508834e-04 6.62099763e-04
  5.31449219e-04 4.92874085e-04 4.62081609e-04 5.02944083e-04
  3.88139117e-04 3.23310042e-04 3.70647452e-04 3.46674060e-04
  3.15641950e-04 2.93726533e-04 2.92512007e-04 2.57462202e-04
  2.58953933e-04 2.43711544e-04 2.51508462e-04 2.51093393e-04
  2.38051566e-04 2.24825958e-04 1.99480109e-04 1.98130285e-04
  2.08513633e-04 1.81253173e-04 1.76069856e-04 1.87738317e-04
  1.78965089e-04 1.65351008e-04 1.61812534e-04 1.93219856e-04
  1.61462287e-04 1.52812741e-04 1.48563525e-04 1.49346141e-04
  1.59002068e-04 1.40178846e-04 1.38515065e-04 1.53923187e-04
  1.53936311e-04 1.59088226e-04]
 [9.93935681e-03 7.03913866e-03 5.61739020e-03 4.23607915e-03
  3.57951878e-03 2.73397999e-03 2.38597390e-03 1.93907941e-03
  1.57536713e-03 1.54319615e-03 1.53410329e-03 1.32293976e-03
  1.09239027e-03 9.01742322e-04 9.31651301e-04 9.28457571e-04
  7.92595948e-04 7.98216587e-04 7.37525242e-04 6.26602367e-04
  5.98321217e-04 7.52866161e-04 6.00645695e-04 4.72016147e-04
  5.93054326e-04 4.80996041e-04 4.08783104e-04 4.28189809e-04
  4.25973182e-04 3.83816622e-04 3.68169737e-04 4.01482876e-04
  3.80121106e-04 4.14884482e-04 3.42007263e-04 3.76231646e-04
  3.13641585e-04 3.50814101e-04 3.24652682e-04 3.35092455e-04
  3.03164599e-04 2.83476851e-04 3.43798796e-04 2.76331484e-04
  2.87230068e-04 2.77535585e-04 2.78473668e-04 2.86313036e-04
  2.63884902e-04 2.90528684e-04]
 [1.11611725e-02 9.07271529e-03 7.77218167e-03 6.65831998e-03
  6.17925314e-03 4.55674606e-03 4.57379960e-03 3.81065908e-03
  3.68883273e-03 3.83504920e-03 2.99158450e-03 2.80112402e-03
  3.13071609e-03 2.32019107e-03 2.46600930e-03 2.47907108e-03
  2.18762805e-03 2.33682089e-03 2.08714782e-03 2.07028881e-03
  1.65969167e-03 1.87452087e-03 1.47599382e-03 1.65243249e-03
  1.77820105e-03 1.52760504e-03 1.35999573e-03 1.15488673e-03
  1.33788452e-03 1.05896709e-03 1.30177685e-03 1.20809737e-03
  1.21578133e-03 9.37383243e-04 1.02170161e-03 9.80269116e-04
  9.23562568e-04 9.57119927e-04 1.02131000e-03 8.61454561e-04
  9.52911536e-04 8.61348387e-04 8.80957256e-04 8.26707513e-04
  7.74784273e-04 8.06228566e-04 8.12555509e-04 8.20795628e-04
  6.90185772e-04 6.54681503e-04]
 [1.34078554e-02 1.17055484e-02 1.03216238e-02 9.59150319e-03
  9.79516995e-03 9.39286182e-03 8.71738873e-03 8.36629941e-03
  8.56184248e-03 8.28405153e-03 7.83195676e-03 7.61144564e-03
  7.21743443e-03 7.96559852e-03 7.42618217e-03 7.20723273e-03
  6.75275130e-03 6.92045200e-03 7.10161390e-03 6.33988967e-03
  6.84897925e-03 6.94270072e-03 6.58783393e-03 6.12005689e-03
  6.30343933e-03 6.27528131e-03 6.18118980e-03 5.48308292e-03
  5.79189833e-03 6.01773976e-03 5.64753206e-03 5.96079032e-03
  5.65569480e-03 6.00116410e-03 5.04994744e-03 5.45717871e-03
  5.36636218e-03 5.72778976e-03 5.12085472e-03 5.23127432e-03
  5.03291735e-03 5.40213552e-03 4.53364107e-03 4.61068187e-03
  4.93961032e-03 4.90732730e-03 4.65509229e-03 5.02647632e-03
  5.17083656e-03 4.71545033e-03]
 [1.59434149e-02 1.65444417e-02 1.64645070e-02 1.69765735e-02
  1.69913319e-02 1.68781710e-02 1.71139849e-02 1.70309367e-02
  1.71026942e-02 1.76850225e-02 1.75965182e-02 1.72881000e-02
  1.77739859e-02 1.78355151e-02 1.74434042e-02 1.71463902e-02
  1.76274681e-02 1.73755465e-02 1.73768985e-02 1.74216381e-02
  1.75750346e-02 1.75511563e-02 1.76828721e-02 1.79176695e-02
  1.75347442e-02 1.77198668e-02 1.75389071e-02 1.77080993e-02
  1.75495124e-02 1.74290502e-02 1.74018755e-02 1.75897468e-02
  1.75206597e-02 1.77603557e-02 1.74231546e-02 1.75279302e-02
  1.73388620e-02 1.74939398e-02 1.75928290e-02 1.74986112e-02
  1.77315379e-02 1.76575547e-02 1.76053893e-02 1.76248096e-02
  1.77106130e-02 1.74450238e-02 1.72990515e-02 1.75687740e-02
  1.74715004e-02 1.74737104e-02]
 [1.81644704e-02 1.88661935e-02 1.90751382e-02 1.90140654e-02
  1.92261523e-02 1.94382516e-02 1.90477251e-02 1.93359732e-02
  1.94262164e-02 1.94086984e-02 1.94850037e-02 1.93633533e-02
  1.91219110e-02 1.92125132e-02 1.93398104e-02 1.94738009e-02
  1.93428820e-02 1.94693272e-02 1.94417964e-02 1.92294304e-02
  1.95227379e-02 1.94196143e-02 1.95370203e-02 1.93222899e-02
  1.94504555e-02 1.95304111e-02 1.94438866e-02 1.94704824e-02
  1.94131863e-02 1.94497836e-02 1.94689696e-02 1.93608609e-02
  1.95021052e-02 1.95405638e-02 1.95617012e-02 1.95050968e-02
  1.94052566e-02 1.95184712e-02 1.95106505e-02 1.95710167e-02
  1.95752606e-02 1.94866090e-02 1.95123287e-02 1.95942716e-02
  1.93650757e-02 1.95330167e-02 1.94254147e-02 1.95063376e-02
  1.94570802e-02 1.96582738e-02]
 [1.93699223e-02 1.95764142e-02 1.98251395e-02 1.97604442e-02
  1.99315445e-02 1.98082240e-02 1.98684749e-02 1.97697927e-02
  1.97977336e-02 1.98443740e-02 1.97363940e-02 1.98132938e-02
  1.99305163e-02 1.99059646e-02 1.98981917e-02 1.98591575e-02
  1.98748628e-02 1.98037554e-02 1.99001327e-02 1.98560426e-02
  1.98600740e-02 1.97329661e-02 1.98664548e-02 1.99262725e-02
  1.99230732e-02 1.98488273e-02 1.98770874e-02 1.99307946e-02
  1.98435575e-02 1.99377463e-02 1.98987835e-02 1.98542658e-02
  1.99235178e-02 1.99252005e-02 1.98717959e-02 1.98839723e-02
  1.98574528e-02 1.99418905e-02 1.98763478e-02 1.98589257e-02
  1.99442347e-02 1.99320254e-02 1.98113850e-02 1.98799424e-02
  1.99589109e-02 1.98404726e-02 1.99130284e-02 1.98761490e-02
  1.99136751e-02 1.98798787e-02]]
variance: [[4.89606321e-06 3.50483041e-06 1.73276487e-06 1.54102692e-06
  1.26145888e-06 5.66054301e-07 3.41541286e-07 2.06862778e-07
  3.87534512e-07 2.55745536e-07 1.49710654e-07 7.33754350e-08
  8.07425681e-08 7.23316726e-08 1.25087812e-07 3.57710691e-08
  9.78758353e-08 3.66825294e-08 6.46178088e-08 4.52980750e-08
  4.70842921e-08 5.36483662e-08 3.65755046e-08 3.90707166e-08
  3.39919160e-08 3.63380511e-08 2.63531767e-08 3.54025787e-08
  3.11172276e-08 1.60660389e-08 2.28407079e-08 1.91912894e-08
  2.35804596e-08 1.11932652e-08 2.68969262e-08 1.96213976e-08
  3.44577823e-08 2.46478464e-08 1.23661180e-08 9.43631844e-09
  1.00448539e-08 1.45410504e-08 1.25467545e-08 1.47539525e-08
  1.17908986e-08 1.47699487e-08 8.86905239e-09 6.15646138e-09
  9.79482317e-09 8.48568254e-09]
 [1.16572402e-05 9.06189610e-06 4.36880645e-06 2.96993784e-06
  1.52845599e-06 9.83598283e-07 8.98060050e-07 2.78979674e-07
  2.06351453e-07 2.19261124e-07 2.10481147e-07 1.77230848e-07
  7.58710703e-08 2.16506105e-07 9.26244235e-08 5.30049254e-08
  5.91151258e-08 5.08405098e-08 4.73810926e-08 3.09000210e-08
  2.29473043e-08 2.90310259e-08 3.40564485e-08 2.89782769e-08
  2.36211333e-08 2.66340319e-08 1.41545522e-08 2.89582098e-08
  1.90907634e-08 1.61924753e-08 1.65717741e-08 1.63128985e-08
  6.65395041e-09 7.06411453e-09 9.61256714e-09 1.85718182e-08
  1.03162900e-08 1.08483434e-08 9.01286211e-09 7.43276461e-09
  6.91934439e-09 8.74627158e-09 8.73308046e-09 9.11733393e-09
  8.38058589e-09 6.68224596e-09 9.20409134e-09 5.89332346e-09
  7.73745053e-09 5.40682901e-09]
 [2.69928151e-05 1.85049603e-05 1.22699751e-05 4.07879643e-06
  4.57468464e-06 1.76449856e-06 9.71269657e-07 1.68165073e-06
  3.98006642e-07 4.18930531e-07 2.33765617e-07 3.02885929e-07
  2.61028393e-07 1.84884092e-07 2.85903910e-07 9.80377034e-08
  7.51765598e-08 1.02004244e-07 1.09295816e-07 1.10290114e-07
  6.34612382e-08 6.15993343e-08 4.82538426e-08 5.21454322e-08
  5.31188582e-08 4.72860818e-08 3.19417788e-08 3.75809720e-08
  2.83751603e-08 3.04488432e-08 2.54167353e-08 3.17573530e-08
  2.12629000e-08 2.52530546e-08 1.57781835e-08 1.56617647e-08
  1.44436388e-08 1.40722675e-08 1.37714990e-08 1.45953158e-08
  1.45383887e-08 1.59817015e-08 1.14591434e-08 1.65717175e-08
  9.93496993e-09 9.24158404e-09 1.19074089e-08 1.08000226e-08
  1.18341451e-08 1.35159811e-08]
 [3.18766900e-05 2.91410919e-05 2.02726570e-05 1.15361702e-05
  8.34476685e-06 5.70296688e-06 6.61091965e-06 3.24613529e-06
  3.45459406e-06 1.72212903e-06 9.50212085e-07 1.40705897e-06
  6.31764691e-07 9.44481021e-07 8.93931347e-07 1.17651978e-06
  2.90096526e-07 1.97336519e-07 2.75278031e-07 2.62071544e-07
  1.65919101e-07 1.39866550e-07 1.32736814e-07 9.40796075e-08
  8.59446839e-08 8.86374027e-08 1.21807923e-07 3.14100320e-07
  1.15981254e-07 7.63449249e-08 5.42904007e-08 5.41875645e-08
  8.29145468e-08 3.40915956e-08 2.83347131e-08 3.89220094e-08
  3.22980251e-08 3.31252381e-08 4.30935549e-08 5.06919659e-08
  3.80502398e-08 3.00680106e-08 2.23103605e-08 1.94100136e-08
  2.32878557e-08 1.29679539e-08 1.83688528e-08 2.12613987e-08
  1.91502498e-08 3.02326968e-08]
 [2.85607110e-05 3.37182399e-05 2.86398432e-05 2.18776561e-05
  1.97327973e-05 1.44132533e-05 1.24717876e-05 8.31304918e-06
  6.47933286e-06 6.06881188e-06 6.33418010e-06 5.87163427e-06
  3.76947874e-06 2.28198761e-06 3.16386204e-06 3.22670141e-06
  1.97914008e-06 1.60738082e-06 1.98195636e-06 6.04777483e-07
  7.88659680e-07 2.12117599e-06 8.88814379e-07 4.89148015e-07
  1.35164014e-06 2.92650236e-07 2.74915780e-07 3.42368082e-07
  2.44414571e-07 2.29232888e-07 1.44854444e-07 2.02563406e-07
  1.73895406e-07 4.04501800e-07 1.39031403e-07 3.30913441e-07
  1.03966268e-07 1.58817713e-07 1.45264266e-07 1.31382517e-07
  1.14532630e-07 7.79446803e-08 2.64163256e-07 7.18411093e-08
  7.83484550e-08 6.74357485e-08 6.28598917e-08 1.31176934e-07
  7.06310409e-08 8.33497044e-08]
 [2.70734930e-05 3.04715898e-05 2.86618209e-05 2.56182580e-05
  2.73206415e-05 2.37012863e-05 2.12655916e-05 1.80636656e-05
  1.78890763e-05 1.75099216e-05 1.32889575e-05 1.28453985e-05
  1.45589028e-05 9.76975358e-06 1.08447304e-05 1.11212499e-05
  8.59305363e-06 1.13066181e-05 7.84531083e-06 7.99522638e-06
  6.66849341e-06 7.57509984e-06 4.78972090e-06 5.67717603e-06
  7.21929535e-06 5.59377487e-06 4.76479002e-06 2.47962610e-06
  4.28998208e-06 2.55650491e-06 4.07584895e-06 3.51812665e-06
  3.96539201e-06 1.77736089e-06 2.08773159e-06 1.88956306e-06
  2.31997683e-06 1.78781378e-06 2.73416252e-06 1.50008708e-06
  2.09550779e-06 1.86708500e-06 1.37764067e-06 1.18567948e-06
  1.04959734e-06 9.16451254e-07 1.30984264e-06 1.83594379e-06
  6.53831694e-07 5.88211085e-07]
 [2.11119250e-05 2.41855298e-05 2.58755275e-05 2.44905785e-05
  2.73933680e-05 2.93819025e-05 2.55350330e-05 2.81308774e-05
  2.63192107e-05 2.51103941e-05 2.76694580e-05 2.44402679e-05
  2.63799554e-05 2.47614410e-05 2.58232979e-05 2.51420249e-05
  2.54805830e-05 2.54970457e-05 2.67815087e-05 2.36719020e-05
  2.46877548e-05 2.29622717e-05 2.30795078e-05 2.29900581e-05
  2.29138712e-05 2.08313239e-05 2.26813223e-05 2.07508441e-05
  2.25409058e-05 2.21620768e-05 2.16904294e-05 2.04436894e-05
  2.22293091e-05 1.97123061e-05 1.83171243e-05 1.98872216e-05
  1.92186730e-05 1.89082146e-05 1.88683642e-05 1.83279150e-05
  1.81865486e-05 1.94968929e-05 1.59255703e-05 1.69726520e-05
  1.77675250e-05 1.90000906e-05 1.58517882e-05 2.10815701e-05
  1.88815811e-05 1.55870349e-05]
 [1.89149581e-05 1.35946719e-05 1.43509260e-05 1.11513715e-05
  1.04416593e-05 9.03600709e-06 8.03602938e-06 8.51871965e-06
  9.92265636e-06 7.10228175e-06 7.81222387e-06 6.89419941e-06
  7.54363253e-06 6.43355230e-06 6.42399044e-06 7.64021253e-06
  6.22293980e-06 6.88519998e-06 7.07213072e-06 7.22733479e-06
  7.11713084e-06 7.07429102e-06 6.86419489e-06 6.99724818e-06
  6.45411852e-06 7.28511001e-06 6.23040542e-06 7.07887848e-06
  6.76302948e-06 6.63706970e-06 6.79280175e-06 6.97457254e-06
  6.37570659e-06 7.33732328e-06 7.52919640e-06 7.69261816e-06
  7.28853036e-06 6.42173111e-06 7.47035849e-06 7.49358810e-06
  6.67528205e-06 7.46809545e-06 6.91172498e-06 6.87403491e-06
  6.94061544e-06 7.05098173e-06 7.25655564e-06 6.64637052e-06
  7.34756706e-06 7.35535633e-06]
 [9.47220335e-06 5.73527741e-06 3.93782521e-06 3.83120170e-06
  3.19609595e-06 2.26743433e-06 3.63838439e-06 2.51066650e-06
  2.48819843e-06 2.40444884e-06 1.88883638e-06 2.31423590e-06
  2.85227002e-06 3.07580768e-06 2.68342497e-06 2.30032950e-06
  2.29219107e-06 1.75623026e-06 2.11845989e-06 2.85838977e-06
  2.08393317e-06 2.11437345e-06 1.90731220e-06 2.55461783e-06
  2.17099843e-06 2.04947119e-06 2.01356598e-06 1.81185825e-06
  2.08655951e-06 1.79728992e-06 2.15102730e-06 1.99525526e-06
  1.93682809e-06 1.69780692e-06 1.52460523e-06 1.76245727e-06
  1.81047163e-06 1.89952517e-06 1.82488877e-06 1.60955555e-06
  1.66580542e-06 2.27967555e-06 2.02008466e-06 1.63255262e-06
  2.46011678e-06 1.49912751e-06 2.17136147e-06 1.56064611e-06
  1.67656605e-06 1.05890504e-06]
 [3.78805881e-06 1.99604285e-06 9.69890989e-07 1.17416004e-06
  4.08567631e-07 6.80479923e-07 5.37443323e-07 1.06234524e-06
  8.17692568e-07 8.49272050e-07 1.24578994e-06 5.76604833e-07
  5.08745701e-07 4.20120534e-07 5.81203906e-07 8.18690129e-07
  5.59146588e-07 7.34541010e-07 5.45101791e-07 5.42784671e-07
  6.91661309e-07 8.88122317e-07 6.49154977e-07 3.76682032e-07
  6.01897739e-07 7.06727482e-07 6.16965698e-07 4.82550937e-07
  6.86378640e-07 4.75048669e-07 3.51267266e-07 6.79068098e-07
  4.43638540e-07 3.56756715e-07 6.72221882e-07 6.83291199e-07
  6.01411634e-07 5.47735018e-07 5.52022614e-07 6.70207235e-07
  3.71125400e-07 4.75342761e-07 7.08836771e-07 7.22192393e-07
  4.58605504e-07 6.39194412e-07 4.65063599e-07 6.96196666e-07
  5.37299532e-07 4.77915739e-07]]
