args:  Namespace(gaussian=True, ndim=10, attack='fgm', l2=0)
elapsed time: 4336.357494000001
mins: [[0.00278092 0.00579181 0.00339774 0.00366864 0.00134625 0.00230182
  0.00521541 0.00234874 0.0033725  0.00218855 0.00400301 0.00306976
  0.0026485  0.00275616 0.00214951 0.00160717 0.00106921 0.00104848
  0.00103594 0.00135192 0.0007443  0.0013578  0.00142232 0.00075108
  0.00112976 0.00129381 0.00134021 0.00052035 0.00087912 0.00078506]
 [0.02948871 0.01739105 0.01064126 0.00508346 0.00427769 0.00335493
  0.00528446 0.00386119 0.0047868  0.0035371  0.00274869 0.00333323
  0.00223128 0.00186004 0.00198214 0.00236171 0.00178377 0.0011138
  0.00157187 0.00117413 0.00114558 0.0014739  0.0012445  0.00080009
  0.00132425 0.0007194  0.0007164  0.00058915 0.00059578 0.00085978]
 [0.01974022 0.02584731 0.01272212 0.01194582 0.00827826 0.00582701
  0.0041628  0.00487813 0.0021782  0.00319338 0.00193967 0.00311763
  0.00306038 0.00246796 0.00198472 0.00155508 0.00236776 0.00124875
  0.00180138 0.00174673 0.00143468 0.00139208 0.00214872 0.00166842
  0.00185856 0.00079314 0.00114292 0.00159881 0.00089417 0.00085524]
 [0.04665799 0.02363659 0.01112492 0.00705131 0.0052658  0.00428485
  0.00865861 0.00680103 0.00437205 0.00243278 0.00454612 0.0029797
  0.00456028 0.00388967 0.00279101 0.00236559 0.00271416 0.00373948
  0.00346898 0.00165779 0.00286621 0.00249731 0.00349692 0.00345125
  0.0031832  0.00536306 0.00459965 0.00490401 0.00539313 0.00418671]
 [0.02798293 0.03499473 0.01482102 0.01381367 0.00954688 0.01214867
  0.0114173  0.00620298 0.00832324 0.00701522 0.01013224 0.01073569
  0.00911846 0.01030354 0.00646382 0.00387218 0.0097772  0.0097002
  0.01206974 0.00903255 0.01260902 0.01201108 0.01057527 0.00533652
  0.00834773 0.0086947  0.01020265 0.0126495  0.01332276 0.01340644]
 [0.03430127 0.03181027 0.01666967 0.01285396 0.01316099 0.01432575
  0.00961484 0.0109195  0.01439016 0.0243295  0.01502842 0.01601696
  0.02054791 0.02733306 0.01259931 0.03120882 0.02978721 0.01807834
  0.02585895 0.01156605 0.03187604 0.03067238 0.02804577 0.02602316
  0.02730844 0.03360863 0.02617922 0.03904737 0.02271495 0.04069865]
 [0.03767064 0.0275731  0.02152168 0.02254816 0.01596235 0.02712949
  0.01771591 0.02335765 0.01920726 0.03674708 0.04338993 0.03114322
  0.02928984 0.04801356 0.04415468 0.0240051  0.04385845 0.0434882
  0.03934273 0.05108142 0.05213255 0.04382583 0.04782847 0.04811818
  0.04978536 0.05251187 0.05020113 0.05465965 0.05166502 0.05387501]
 [0.04598857 0.02369312 0.02487294 0.04208519 0.03156495 0.04349541
  0.03964679 0.03876526 0.04915747 0.05266194 0.04998966 0.05534542
  0.05690769 0.04945872 0.05068062 0.04434406 0.05417405 0.05244509
  0.04894863 0.04976605 0.05852005 0.05704705 0.05318752 0.05980299
  0.05374179 0.05961408 0.06219124 0.05816359 0.05597174 0.06166044]
 [0.04863084 0.03692088 0.02976215 0.04519529 0.03547741 0.05049312
  0.05881635 0.04172931 0.05650189 0.05749579 0.05873155 0.06213842
  0.06394494 0.04349298 0.06151805 0.05648759 0.06332072 0.06268311
  0.05844457 0.06375749 0.06519189 0.07004739 0.06277116 0.06437258
  0.06640532 0.07356337 0.06410585 0.0669077  0.06339063 0.06940211]
 [0.04747274 0.03510581 0.02491369 0.05693659 0.06059079 0.05578881
  0.06192999 0.06561252 0.05810791 0.0668252  0.065112   0.06721321
  0.06767534 0.07213027 0.07001293 0.07592516 0.07560046 0.07337285
  0.07461739 0.06580545 0.07262112 0.07910123 0.07643399 0.07677227
  0.08222968 0.08077183 0.08229248 0.07446874 0.08327056 0.0764708 ]
 [0.04618075 0.02535994 0.04361324 0.06265755 0.06072259 0.05574831
  0.0630343  0.06716247 0.06359074 0.07572559 0.07688222 0.07196869
  0.0719482  0.07795658 0.08078977 0.08073431 0.0781781  0.07703292
  0.08321234 0.08076759 0.08467271 0.08651788 0.09185692 0.08779377
  0.09192504 0.08116771 0.08946821 0.0911648  0.09194285 0.09404475]
 [0.06952937 0.07566636 0.07107205 0.08770642 0.08556318 0.08431866
  0.08780981 0.09661379 0.09704617 0.09612048 0.09617352 0.09819546
  0.0983446  0.09628281 0.09815777 0.09617832 0.09797733 0.09792901
  0.09836952 0.09786958 0.09813165 0.09840678 0.09797215 0.09838771
  0.09861736 0.09848138 0.09856378 0.09803671 0.09822354 0.09853282]
 [0.06755835 0.08962808 0.09238086 0.09627842 0.09853799 0.09850713
  0.09824409 0.09831806 0.09842784 0.09863839 0.098654   0.09876286
  0.09829593 0.09849507 0.09854784 0.09846729 0.09879038 0.09845852
  0.09860237 0.09868168 0.09870586 0.0985039  0.09870208 0.09881479
  0.09870528 0.09852906 0.09831605 0.09866881 0.09865186 0.09852221]
 [0.09264902 0.09820896 0.09847298 0.09871361 0.09843625 0.09867522
  0.09865516 0.09871203 0.09857986 0.09875332 0.0982772  0.09870612
  0.09863006 0.09853049 0.09849437 0.09859362 0.0987381  0.09874468
  0.09852511 0.09860682 0.09845108 0.09871224 0.09833254 0.09853616
  0.09873897 0.09878072 0.09859134 0.09844062 0.09853537 0.09880188]
 [0.09452955 0.09836983 0.09855901 0.0988848  0.0988076  0.09862167
  0.0988395  0.09864955 0.09861545 0.09867546 0.09817447 0.09859262
  0.09880134 0.09853553 0.09855179 0.09887038 0.09879116 0.09871826
  0.09894972 0.09901854 0.09868567 0.09871048 0.09897952 0.09876455
  0.09867974 0.0988718  0.09887262 0.0987118  0.09884135 0.09885051]]
maxs: [[0.20050092 0.23042545 0.17209385 0.20150918 0.3034496  0.53150886
  0.34791863 0.45382199 0.742203   1.61004984 0.97948593 0.54324895
  0.37051147 0.27444196 0.16728319 0.0918888  0.10965211 0.10175964
  0.04836875 0.06713554 0.07357564 0.03879787 0.03602748 0.03546873
  0.02667401 0.03358691 0.02786319 0.01807144 0.01922737 0.02394364]
 [0.11227529 0.16112989 0.13691525 0.14223363 0.14993955 0.12575987
  0.12599052 0.14270675 0.14824972 0.14919883 0.09269678 0.09460777
  0.09452581 0.07515062 0.07444599 0.0896089  0.05250517 0.08095505
  0.04887626 0.05206986 0.03427946 0.02536109 0.02943955 0.02286974
  0.02976343 0.0280979  0.01946844 0.02466467 0.02025613 0.01746493]
 [0.11270238 0.1114798  0.11902098 0.11105708 0.11930088 0.10432229
  0.10657334 0.11063569 0.09607196 0.08991888 0.09147875 0.07743829
  0.07036152 0.0735836  0.07692567 0.07325662 0.08170708 0.06395721
  0.049385   0.06738801 0.08336744 0.0625463  0.05783151 0.06374498
  0.05006591 0.05994787 0.04630812 0.04365359 0.04321158 0.05004162]
 [0.12190475 0.11849835 0.12148315 0.10410762 0.09995018 0.09774359
  0.10131927 0.09474379 0.09338586 0.09488066 0.09674452 0.08595575
  0.08388414 0.09139153 0.08010421 0.08081566 0.08726507 0.08157802
  0.0827586  0.07823277 0.07779486 0.07791088 0.08569125 0.07372186
  0.07997447 0.08706693 0.07194481 0.07676286 0.07144532 0.07601325]
 [0.12048366 0.11507896 0.10824609 0.10583466 0.10274677 0.09664571
  0.10040174 0.09388879 0.09473827 0.09368604 0.09233624 0.09650125
  0.09265964 0.09157556 0.09551699 0.09389618 0.08788599 0.08922949
  0.08263204 0.08819055 0.08855142 0.0871272  0.08449967 0.0859448
  0.08895044 0.08581377 0.08150591 0.08315254 0.08546001 0.08010868]
 [0.10820844 0.1091553  0.11081386 0.102891   0.10461242 0.10487595
  0.09672382 0.09853285 0.09987493 0.09848361 0.09766854 0.09623698
  0.09786449 0.09466975 0.0955189  0.09906957 0.09694339 0.09697222
  0.09752951 0.09508501 0.0976018  0.0937643  0.09832052 0.09873488
  0.09648505 0.09469386 0.09343173 0.09758521 0.09598275 0.09615393]
 [0.10618114 0.10435645 0.1026003  0.10504868 0.10529013 0.09985747
  0.09992056 0.10031553 0.10015626 0.09976104 0.10005769 0.09935033
  0.09981495 0.09968113 0.09970396 0.09939083 0.09915744 0.09963212
  0.09999681 0.10001839 0.10065958 0.10034871 0.09978727 0.10024955
  0.09923165 0.09928655 0.09929868 0.09956858 0.09927682 0.09945479]
 [0.10790239 0.10468622 0.10566871 0.10089678 0.10087593 0.10058258
  0.10041694 0.09987224 0.1003166  0.10041919 0.10078239 0.10036339
  0.10066983 0.1001723  0.10025135 0.10033373 0.10064162 0.10071113
  0.10026468 0.10028685 0.10078411 0.10054877 0.10011838 0.10033327
  0.10035207 0.10103287 0.1002984  0.10025046 0.10061989 0.10041595]
 [0.11121897 0.1029345  0.10217251 0.10144643 0.10051536 0.10073526
  0.10087712 0.10110628 0.10104524 0.10064582 0.10086582 0.10097184
  0.10090231 0.10065889 0.1007687  0.10063147 0.10115366 0.10056724
  0.10079602 0.10070725 0.10068249 0.10068525 0.10078032 0.10087671
  0.10062177 0.10137719 0.10111979 0.10099319 0.10068877 0.10080593]
 [0.10578016 0.10327806 0.10108443 0.10100804 0.10082843 0.1009896
  0.10079455 0.10083784 0.100998   0.10107431 0.10092182 0.10112675
  0.10102985 0.10095979 0.1006282  0.10088596 0.1012105  0.10103676
  0.10097283 0.10119016 0.10093009 0.10092215 0.10101373 0.10094454
  0.10114776 0.10167592 0.1007668  0.10124236 0.10093463 0.10084162]
 [0.10538115 0.10690992 0.10106771 0.10135341 0.10115548 0.10170219
  0.10078652 0.10086386 0.10113729 0.10092562 0.10089847 0.10100163
  0.10153375 0.10087813 0.10128967 0.10110305 0.10159059 0.101373
  0.10128526 0.10111271 0.10106719 0.10137874 0.10107388 0.10102205
  0.10174964 0.10116316 0.10108447 0.10094156 0.10116179 0.10158706]
 [0.10211382 0.10106149 0.10104121 0.10105859 0.10114889 0.10093931
  0.10092082 0.10123499 0.10149431 0.1012053  0.10102004 0.10105059
  0.10121475 0.1011127  0.10120583 0.10131682 0.10112664 0.10085778
  0.10114506 0.10145478 0.10117159 0.10114934 0.1016251  0.10115977
  0.10098723 0.1012587  0.10115657 0.10129846 0.10173751 0.10117333]
 [0.10082638 0.10112045 0.1010978  0.100961   0.10110731 0.10165907
  0.10135735 0.10108599 0.10111878 0.10108947 0.10113807 0.10099023
  0.10106121 0.10107292 0.10128786 0.10135655 0.10095587 0.10105129
  0.10120967 0.10105246 0.10089239 0.10112043 0.10123567 0.10110569
  0.10104265 0.10094623 0.10140803 0.10113464 0.10085763 0.10103622]
 [0.10109708 0.1009325  0.10092943 0.10113564 0.10130328 0.10079189
  0.10123049 0.10147708 0.1011325  0.1012763  0.10089166 0.10106951
  0.10201254 0.10136197 0.10142274 0.10154112 0.1007857  0.10110323
  0.10076694 0.10140515 0.10095205 0.10106581 0.10085604 0.1010683
  0.10105839 0.10139658 0.10092899 0.10141745 0.1009238  0.10118587]
 [0.10134424 0.10104384 0.1011605  0.10092806 0.10108947 0.10121664
  0.10163147 0.10086668 0.10101698 0.10107571 0.10095222 0.10106512
  0.10088426 0.10109419 0.10125699 0.10117068 0.10094588 0.10095415
  0.10111973 0.10140603 0.10095754 0.10115221 0.10088667 0.10121857
  0.10132584 0.10121403 0.10096617 0.10111709 0.10102399 0.10111113]]
test_losses: [[0.09934743 0.09434629 0.08513233 0.07629389 0.06642441 0.06522301
  0.06452481 0.06773552 0.08800337 0.10645968 0.08011299 0.06039029
  0.04390853 0.03174413 0.02411093 0.01931562 0.01688939 0.01385186
  0.01190632 0.01169209 0.0098344  0.00840171 0.00835194 0.00804436
  0.00720068 0.00688406 0.00605001 0.00582045 0.00518855 0.00506423]
 [0.09137926 0.08455631 0.07413163 0.06565132 0.06204205 0.0535116
  0.0483729  0.04563144 0.04138702 0.03301421 0.02705727 0.02599029
  0.02091027 0.01634623 0.01564954 0.01427691 0.0125173  0.01191385
  0.01047748 0.00949607 0.0087029  0.0079756  0.00772796 0.00743527
  0.00728793 0.00691737 0.00559643 0.00621773 0.00579761 0.00517999]
 [0.09145811 0.08173345 0.0759372  0.06790342 0.05736487 0.0514614
  0.04649399 0.04032462 0.03417314 0.02940021 0.02624087 0.02415352
  0.02207571 0.02096438 0.02010781 0.01679814 0.01660818 0.01492181
  0.01395667 0.01405029 0.01396963 0.01298759 0.01220897 0.01307089
  0.01200186 0.01188872 0.01110322 0.01071194 0.01014932 0.01004694]
 [0.09061403 0.08165417 0.07388018 0.06681655 0.06054776 0.05591126
  0.04969205 0.04642509 0.0414042  0.03696533 0.03667844 0.03586326
  0.03386626 0.03541239 0.0314614  0.03125327 0.03099554 0.03050921
  0.03098604 0.03144181 0.0303384  0.02694084 0.02933006 0.02988869
  0.02713534 0.02683423 0.02670416 0.02650967 0.0272422  0.02738492]
 [0.09024173 0.08286827 0.07419358 0.06857924 0.06285263 0.06069353
  0.0585296  0.05506217 0.05314476 0.05441336 0.05392399 0.05260889
  0.05332604 0.05406892 0.05133155 0.05355626 0.05399465 0.05247263
  0.05211037 0.05319909 0.05384057 0.0539524  0.05146986 0.05261547
  0.05200357 0.05285291 0.0515169  0.05363419 0.05118968 0.05350213]
 [0.09025232 0.08190486 0.07643101 0.07132737 0.06987545 0.06809057
  0.0669949  0.06906168 0.06745396 0.06855924 0.06754792 0.06799262
  0.06947642 0.06783179 0.06735034 0.06846643 0.06718922 0.0665899
  0.0669053  0.06682539 0.06722372 0.06709931 0.06673319 0.06737617
  0.06709132 0.06733042 0.06734616 0.06783026 0.06685772 0.06763611]
 [0.0920679  0.08377949 0.07834039 0.07846679 0.07553116 0.07588987
  0.07452665 0.07645825 0.07588447 0.07588956 0.0773732  0.07607992
  0.07666948 0.07667561 0.07728044 0.07729442 0.07726214 0.07680844
  0.07607391 0.07653175 0.07708465 0.07722637 0.0775554  0.07674024
  0.07682293 0.07650075 0.07725494 0.07758869 0.07764426 0.07759376]
 [0.0924465  0.08633601 0.08292361 0.08168761 0.08090313 0.08259155
  0.08166589 0.08149006 0.08282909 0.08176569 0.08260363 0.08386135
  0.08350386 0.08362269 0.08440423 0.0852615  0.08571047 0.08545888
  0.08533683 0.08645869 0.08587355 0.08628205 0.0867371  0.08725253
  0.08698602 0.08746099 0.08748108 0.0876152  0.08771868 0.08833475]
 [0.09172042 0.08684496 0.08492551 0.08564388 0.08541958 0.0859467
  0.08676678 0.08773642 0.08781171 0.08849954 0.08928336 0.09064048
  0.09058389 0.09081219 0.09126016 0.09064523 0.09117918 0.09252371
  0.0926376  0.09277738 0.09342917 0.09350643 0.09408559 0.09376128
  0.09360725 0.09485552 0.09423936 0.09499164 0.09442484 0.09532117]
 [0.09265107 0.08930602 0.08823511 0.0894992  0.08930239 0.08994792
  0.09224768 0.0924861  0.09257107 0.09406215 0.09394214 0.09470029
  0.09447124 0.09516627 0.09588684 0.09623353 0.09679362 0.09671848
  0.0965588  0.09681763 0.09742716 0.09809301 0.09796584 0.09771666
  0.09801956 0.09823375 0.09819197 0.09782908 0.0982121  0.09840122]
 [0.09223034 0.09098579 0.09064527 0.09177464 0.09309997 0.09447733
  0.09487169 0.09504163 0.09547635 0.09708557 0.09683601 0.09716436
  0.09779758 0.09818474 0.09817464 0.09857569 0.09823396 0.09829046
  0.09871112 0.09899468 0.09903359 0.09921316 0.09914268 0.09905946
  0.09926557 0.09915354 0.0993001  0.09936199 0.09935189 0.09954503]
 [0.0963268  0.09777041 0.09866099 0.09931756 0.0994108  0.09955823
  0.09971043 0.09979012 0.09984661 0.09978281 0.09980298 0.09985079
  0.09988472 0.0998662  0.09987022 0.0998327  0.09991154 0.09981302
  0.09985372 0.0999015  0.09990165 0.09985202 0.09985916 0.09989091
  0.0998689  0.09987622 0.09987862 0.09983489 0.09986491 0.09989999]
 [0.09881434 0.09954001 0.09981296 0.09989674 0.09994979 0.09989885
  0.09992531 0.09991337 0.0999235  0.09989746 0.0999562  0.09991133
  0.09992395 0.09992486 0.09992726 0.09987773 0.09991814 0.09991753
  0.09985773 0.09993861 0.09990832 0.09990833 0.0998958  0.09995509
  0.0999177  0.0998566  0.0999217  0.09987642 0.0998741  0.09993349]
 [0.0998328  0.09994188 0.09991498 0.0999227  0.09994666 0.09988711
  0.09995097 0.09995242 0.09991688 0.09993086 0.09990469 0.09993062
  0.09991491 0.0999182  0.09990269 0.09989104 0.09988729 0.09990504
  0.09991616 0.09993455 0.0999176  0.09989639 0.09985814 0.09989871
  0.09990757 0.0999082  0.0998952  0.0999232  0.09989099 0.0999036 ]
 [0.09991228 0.09992798 0.09994678 0.09993888 0.09993973 0.09993296
  0.09994471 0.0999219  0.09994309 0.09993193 0.09991432 0.09996041
  0.09993443 0.0999152  0.09992862 0.09988534 0.09994078 0.09987289
  0.09990556 0.09995495 0.09988502 0.09988976 0.09994022 0.09994645
  0.09991059 0.09992897 0.09990928 0.09994724 0.09994208 0.09993539]]
