args:  Namespace(attack='fgsm', gaussian=False, l2=0, ndim=1)
elapsed time: 2707.001073356
test_losses: [[4.34882769e-04 1.72826960e-04 1.15371329e-04 9.02461339e-05
  6.01977619e-05 5.37073582e-05 4.40275254e-05 4.16143640e-05
  3.45222301e-05 3.13223779e-05 3.33635314e-05 2.62408464e-05
  2.76250905e-05 2.54629698e-05 2.35757561e-05 2.26054466e-05
  2.39709440e-05 2.20858064e-05 1.97183609e-05 1.73412261e-05
  1.46704114e-05 1.92355015e-05 1.58859833e-05 1.84515867e-05
  1.74921762e-05 1.56962206e-05 1.37401846e-05 1.58195938e-05
  1.65397886e-05 1.52145204e-05]
 [4.43989597e-04 1.82606536e-04 1.25947154e-04 8.15755815e-05
  6.39877436e-05 6.52023115e-05 5.07960233e-05 4.41564251e-05
  4.23802927e-05 3.67787647e-05 3.34361752e-05 3.58333129e-05
  3.25293972e-05 3.44930441e-05 2.76344074e-05 2.55606005e-05
  2.78680924e-05 2.11189580e-05 2.56445969e-05 2.34887026e-05
  1.92447345e-05 2.03227961e-05 2.21486586e-05 1.95747894e-05
  1.99680000e-05 2.00004131e-05 2.20387071e-05 1.78204675e-05
  1.83095276e-05 1.84951080e-05]
 [1.24767937e-03 3.07652000e-04 2.29544488e-04 1.70205661e-04
  1.46359575e-04 1.33789342e-04 1.23003617e-04 1.11313170e-04
  1.12742451e-04 1.15817215e-04 1.22268920e-04 1.08606713e-04
  1.09557279e-04 1.02265036e-04 9.76122948e-05 8.53450286e-05
  9.69296622e-05 1.00225434e-04 8.14196838e-05 9.04588525e-05
  9.29209186e-05 8.96564597e-05 1.00259744e-04 9.15670597e-05
  8.35911002e-05 8.99305264e-05 7.93723534e-05 8.80974438e-05
  9.02454242e-05 8.64322437e-05]
 [1.82062579e-03 8.16442716e-04 4.60845030e-04 3.88703853e-04
  3.20810682e-04 2.72259122e-04 2.78281330e-04 2.28559618e-04
  2.17913863e-04 2.20699107e-04 2.05511340e-04 1.98617960e-04
  2.05862064e-04 2.10298834e-04 1.96585237e-04 2.13497605e-04
  1.75536404e-04 1.86027476e-04 1.95036094e-04 1.87421753e-04
  1.79296295e-04 1.82434904e-04 1.84870569e-04 1.84216296e-04
  1.69046902e-04 1.92147942e-04 1.88810134e-04 1.85888244e-04
  1.68183707e-04 1.71544336e-04]
 [5.11800088e-03 4.11432808e-03 4.08781037e-03 4.07438598e-03
  4.32840693e-03 3.91651604e-03 3.81149886e-03 4.10674063e-03
  4.13391582e-03 4.17859488e-03 4.33094929e-03 4.25123051e-03
  4.12577509e-03 4.02285520e-03 4.15407999e-03 4.11414678e-03
  4.17325834e-03 4.35742097e-03 4.32414278e-03 4.68168575e-03
  4.58717647e-03 4.58228915e-03 4.43678328e-03 4.30877572e-03
  4.41995933e-03 4.93251777e-03 4.36217701e-03 4.47512590e-03
  4.34884655e-03 4.41211600e-03]
 [6.22434859e-03 5.75507828e-03 5.45792670e-03 5.61639332e-03
  5.51382916e-03 5.27697999e-03 5.77068357e-03 5.33762829e-03
  5.13974931e-03 5.29085690e-03 5.19161051e-03 5.58888924e-03
  5.39981037e-03 5.72175555e-03 5.40008310e-03 5.34312359e-03
  5.59022943e-03 5.51573504e-03 5.47397555e-03 5.47589997e-03
  5.53008165e-03 5.48649128e-03 5.45330474e-03 5.64578507e-03
  5.43644989e-03 5.60898771e-03 5.76998163e-03 5.62732007e-03
  5.53847862e-03 5.72958794e-03]
 [7.33524479e-03 7.43277045e-03 7.30857775e-03 7.21386465e-03
  7.07413487e-03 7.31390343e-03 7.27667275e-03 7.04770748e-03
  7.06623551e-03 7.08820914e-03 7.15137171e-03 7.07029179e-03
  7.14830816e-03 7.14984541e-03 7.09584628e-03 7.12542793e-03
  7.13792830e-03 7.04002746e-03 6.98763589e-03 7.15286270e-03
  7.03079946e-03 7.04705244e-03 6.84039567e-03 7.21910253e-03
  6.97428081e-03 7.19608947e-03 7.07901645e-03 7.10372901e-03
  6.85991545e-03 7.07051973e-03]
 [8.54216458e-03 8.46484987e-03 8.43437170e-03 8.57073813e-03
  8.58057209e-03 8.44533765e-03 8.60807215e-03 8.63504530e-03
  8.50126833e-03 8.62546290e-03 8.59697176e-03 8.76715335e-03
  8.51808286e-03 8.56121828e-03 8.66803678e-03 8.59985165e-03
  8.70577736e-03 8.64675597e-03 8.68452851e-03 8.59447397e-03
  8.65258135e-03 8.57427073e-03 8.68226309e-03 8.72434256e-03
  8.71596407e-03 8.72938787e-03 8.73265355e-03 8.71082174e-03
  8.67109274e-03 8.65495354e-03]]
variance: [[7.06625676e-07 1.10019311e-07 2.49295201e-08 1.96722426e-08
  7.70440021e-09 8.15446446e-09 4.26659012e-09 3.47634045e-09
  2.05933717e-09 1.88588275e-09 1.93983122e-09 1.14264955e-09
  1.58964159e-09 1.45443490e-09 1.08313343e-09 1.57705418e-09
  1.28563181e-09 1.13729117e-09 8.53200192e-10 4.97404010e-10
  3.69458474e-10 7.82839543e-10 7.12287247e-10 8.25658742e-10
  7.02184393e-10 5.83277083e-10 4.38999227e-10 5.29100452e-10
  5.92596255e-10 4.83543751e-10]
 [1.11984680e-06 1.02688358e-07 3.49520353e-08 1.49144353e-08
  1.28907508e-08 7.62793974e-09 5.18655481e-09 4.73840808e-09
  4.88408902e-09 2.45945888e-09 2.03205800e-09 2.86543396e-09
  2.22719162e-09 2.51467057e-09 1.49554419e-09 1.03957418e-09
  1.52492566e-09 1.08090044e-09 1.37976384e-09 9.18025336e-10
  6.98034983e-10 7.30949776e-10 8.88071257e-10 7.15309770e-10
  6.37024281e-10 6.98057159e-10 9.02263054e-10 4.92376410e-10
  7.24584777e-10 7.54988285e-10]
 [5.86223664e-06 5.25222458e-07 1.34083386e-07 6.10465419e-08
  4.74534009e-08 2.79700765e-08 2.39126414e-08 2.20337049e-08
  2.08095743e-08 2.02956159e-08 2.43370517e-08 1.46897521e-08
  1.55340032e-08 9.40824909e-09 1.28635523e-08 8.31663190e-09
  1.03241653e-08 9.79657460e-09 6.56487578e-09 7.88951254e-09
  6.85573448e-09 7.82446453e-09 8.52777082e-09 7.80225568e-09
  5.25384381e-09 6.92174720e-09 4.47475726e-09 6.10885196e-09
  6.01481669e-09 5.62431006e-09]
 [9.17393261e-06 3.31475648e-06 1.05764700e-06 6.26439509e-07
  3.47619898e-07 3.42875804e-07 3.42555274e-07 6.24707019e-08
  5.23380020e-08 4.97303233e-08 4.65663392e-08 3.91607305e-08
  3.50206969e-08 3.17604479e-08 3.33044258e-08 2.90719623e-08
  2.22640728e-08 3.31848143e-08 2.41675804e-08 2.51001423e-08
  2.00126347e-08 1.77610389e-08 1.92625825e-08 1.71578376e-08
  1.80891890e-08 1.78122808e-08 1.65343238e-08 1.85041435e-08
  1.39544616e-08 1.34658529e-08]
 [1.43710607e-05 1.18566302e-05 1.08083482e-05 1.00815427e-05
  9.69673421e-06 9.44546792e-06 8.67709303e-06 9.01596521e-06
  8.82615265e-06 8.67988322e-06 8.88363651e-06 8.58486703e-06
  8.84923511e-06 8.45510310e-06 7.87154239e-06 7.91878601e-06
  8.11140813e-06 8.59436355e-06 7.89330406e-06 8.26367829e-06
  7.86268120e-06 7.88006211e-06 7.62051776e-06 7.99584461e-06
  8.24514865e-06 7.78080099e-06 7.90948554e-06 7.79138635e-06
  8.50305139e-06 7.29430691e-06]
 [1.20445539e-05 1.07609047e-05 9.10108227e-06 8.15034364e-06
  7.23391107e-06 7.33506121e-06 6.81725861e-06 7.29640894e-06
  7.26986058e-06 6.75686521e-06 7.39997577e-06 5.98865427e-06
  6.63698531e-06 6.17971655e-06 6.77557107e-06 6.60827563e-06
  6.28056314e-06 6.58290224e-06 6.61407730e-06 6.17362893e-06
  6.51585826e-06 6.31639295e-06 6.50370897e-06 6.36162870e-06
  6.07871107e-06 5.85862241e-06 5.78129172e-06 6.52858383e-06
  6.32203729e-06 6.09163548e-06]
 [8.79084729e-06 6.52581427e-06 4.49471528e-06 5.63785625e-06
  4.71905740e-06 3.58621712e-06 3.39799832e-06 3.76903521e-06
  3.85525962e-06 3.23147330e-06 3.74256435e-06 3.09314854e-06
  2.97327091e-06 3.32347012e-06 2.91326319e-06 2.63675076e-06
  3.13070800e-06 3.27416064e-06 3.25123845e-06 2.38040048e-06
  2.76442081e-06 2.58563487e-06 2.78754628e-06 2.33276321e-06
  2.60604483e-06 2.03860760e-06 2.75541507e-06 2.58688025e-06
  2.49684840e-06 2.16085217e-06]
 [4.72728392e-06 3.80093094e-06 2.71117173e-06 2.83730251e-06
  2.23722288e-06 2.25111862e-06 1.64062670e-06 1.82569593e-06
  1.84406844e-06 1.59447223e-06 1.85479015e-06 1.61553879e-06
  1.34541803e-06 1.53809922e-06 1.37653671e-06 1.67718838e-06
  1.51818737e-06 1.51137959e-06 1.53596953e-06 1.25234326e-06
  1.22439267e-06 1.23795194e-06 1.35168230e-06 1.28123867e-06
  1.30913731e-06 1.39845895e-06 1.19725296e-06 1.16543316e-06
  1.20709847e-06 1.10559381e-06]]
